## backbone unfreeze
## fc.classifier unfreeze

05/14/2026 16:25:54 - INFO - root -   train_labeled_dataset: 129708
05/14/2026 16:25:54 - INFO - root -   val_dataset: 25938
05/14/2026 16:25:54 - INFO - root -   test_dataset: 17304
05/14/2026 16:25:54 - INFO - root -   train_unlabeled_dataset: 638507
ResnetModel(
  (backbone): ResNet(
    (conv1): Conv2d(3, 64, kernel_size=(7, 7), stride=(2, 2), padding=(3, 3), bias=False)
    (bn1): BatchNorm2d(64, eps=1e-05, momentum=0.1, affine=True, track_running_stats=True)
    (relu): ReLU(inplace=True)
    (maxpool): MaxPool2d(kernel_size=3, stride=2, padding=1, dilation=1, ceil_mode=False)
    (layer1): Sequential(
      (0): BasicBlock(
        (conv1): Conv2d(64, 64, kernel_size=(3, 3), stride=(1, 1), padding=(1, 1), bias=False)
        (bn1): BatchNorm2d(64, eps=1e-05, momentum=0.1, affine=True, track_running_stats=True)
        (relu): ReLU(inplace=True)
        (conv2): Conv2d(64, 64, kernel_size=(3, 3), stride=(1, 1), padding=(1, 1), bias=False)
        (bn2): BatchNorm2d(64, eps=1e-05, momentum=0.1, affine=True, track_running_stats=True)
      )
      (1): BasicBlock(
        (conv1): Conv2d(64, 64, kernel_size=(3, 3), stride=(1, 1), padding=(1, 1), bias=False)
        (bn1): BatchNorm2d(64, eps=1e-05, momentum=0.1, affine=True, track_running_stats=True)
        (relu): ReLU(inplace=True)
        (conv2): Conv2d(64, 64, kernel_size=(3, 3), stride=(1, 1), padding=(1, 1), bias=False)
        (bn2): BatchNorm2d(64, eps=1e-05, momentum=0.1, affine=True, track_running_stats=True)
      )
    )
    (layer2): Sequential(
      (0): BasicBlock(
        (conv1): Conv2d(64, 128, kernel_size=(3, 3), stride=(2, 2), padding=(1, 1), bias=False)
        (bn1): BatchNorm2d(128, eps=1e-05, momentum=0.1, affine=True, track_running_stats=True)
        (relu): ReLU(inplace=True)
        (conv2): Conv2d(128, 128, kernel_size=(3, 3), stride=(1, 1), padding=(1, 1), bias=False)
        (bn2): BatchNorm2d(128, eps=1e-05, momentum=0.1, affine=True, track_running_stats=True)
        (downsample): Sequential(
          (0): Conv2d(64, 128, kernel_size=(1, 1), stride=(2, 2), bias=False)
          (1): BatchNorm2d(128, eps=1e-05, momentum=0.1, affine=True, track_running_stats=True)
        )
      )
      (1): BasicBlock(
        (conv1): Conv2d(128, 128, kernel_size=(3, 3), stride=(1, 1), padding=(1, 1), bias=False)
        (bn1): BatchNorm2d(128, eps=1e-05, momentum=0.1, affine=True, track_running_stats=True)
        (relu): ReLU(inplace=True)
        (conv2): Conv2d(128, 128, kernel_size=(3, 3), stride=(1, 1), padding=(1, 1), bias=False)
        (bn2): BatchNorm2d(128, eps=1e-05, momentum=0.1, affine=True, track_running_stats=True)
      )
    )
    (layer3): Sequential(
      (0): BasicBlock(
        (conv1): Conv2d(128, 256, kernel_size=(3, 3), stride=(2, 2), padding=(1, 1), bias=False)
        (bn1): BatchNorm2d(256, eps=1e-05, momentum=0.1, affine=True, track_running_stats=True)
        (relu): ReLU(inplace=True)
        (conv2): Conv2d(256, 256, kernel_size=(3, 3), stride=(1, 1), padding=(1, 1), bias=False)
        (bn2): BatchNorm2d(256, eps=1e-05, momentum=0.1, affine=True, track_running_stats=True)
        (downsample): Sequential(
          (0): Conv2d(128, 256, kernel_size=(1, 1), stride=(2, 2), bias=False)
          (1): BatchNorm2d(256, eps=1e-05, momentum=0.1, affine=True, track_running_stats=True)
        )
      )
      (1): BasicBlock(
        (conv1): Conv2d(256, 256, kernel_size=(3, 3), stride=(1, 1), padding=(1, 1), bias=False)
        (bn1): BatchNorm2d(256, eps=1e-05, momentum=0.1, affine=True, track_running_stats=True)
        (relu): ReLU(inplace=True)
        (conv2): Conv2d(256, 256, kernel_size=(3, 3), stride=(1, 1), padding=(1, 1), bias=False)
        (bn2): BatchNorm2d(256, eps=1e-05, momentum=0.1, affine=True, track_running_stats=True)
      )
    )
    (layer4): Sequential(
      (0): BasicBlock(
        (conv1): Conv2d(256, 512, kernel_size=(3, 3), stride=(2, 2), padding=(1, 1), bias=False)
        (bn1): BatchNorm2d(512, eps=1e-05, momentum=0.1, affine=True, track_running_stats=True)
        (relu): ReLU(inplace=True)
        (conv2): Conv2d(512, 512, kernel_size=(3, 3), stride=(1, 1), padding=(1, 1), bias=False)
        (bn2): BatchNorm2d(512, eps=1e-05, momentum=0.1, affine=True, track_running_stats=True)
        (downsample): Sequential(
          (0): Conv2d(256, 512, kernel_size=(1, 1), stride=(2, 2), bias=False)
          (1): BatchNorm2d(512, eps=1e-05, momentum=0.1, affine=True, track_running_stats=True)
        )
      )
      (1): BasicBlock(
        (conv1): Conv2d(512, 512, kernel_size=(3, 3), stride=(1, 1), padding=(1, 1), bias=False)
        (bn1): BatchNorm2d(512, eps=1e-05, momentum=0.1, affine=True, track_running_stats=True)
        (relu): ReLU(inplace=True)
        (conv2): Conv2d(512, 512, kernel_size=(3, 3), stride=(1, 1), padding=(1, 1), bias=False)
        (bn2): BatchNorm2d(512, eps=1e-05, momentum=0.1, affine=True, track_running_stats=True)
      )
    )
    (avgpool): AdaptiveAvgPool2d(output_size=(1, 1))
    (fc): Sequential(
      (0): Linear(in_features=512, out_features=9, bias=True)
    )
  )
)
[Epoch 1] Train Loss: 0.1503, Loss_s: 0.1447, Loss_u: 0.0283, Mask: 0.8784, Acc: 0.9553, Prec: 0.7093, Rec: 0.6990, F1: 0.6839                                                                                               
[Epoch 1] Val Loss: 0.1012, Acc: 0.9664, Prec: 0.8590, Rec: 0.7761, F1: 0.8082
        Validation F1 improved → Saving model: ./checkpoints/best_model.pt
[Epoch 2] Train Loss: 0.0976, Loss_s: 0.0933, Loss_u: 0.0218, Mask: 0.9096, Acc: 0.9685, Prec: 0.8384, Rec: 0.7851, F1: 0.8097                                                                                               
[Epoch 2] Val Loss: 0.1255, Acc: 0.9674, Prec: 0.9117, Rec: 0.7739, F1: 0.8309
        Validation F1 improved → Saving model: ./checkpoints/best_model.pt
[Epoch 3] rho: 0.96, EMA Thresholds: [0.82 0.8  0.81 0.82 0.81 0.81 0.81 0.81 0.9 ], Std(C_k): [0.157 0.199 0.18  0.175 0.188 0.174 0.169 0.14  0.061]                                                                       
[Epoch 3] Train Loss: 0.0877, Loss_s: 0.0834, Loss_u: 0.0215, Mask: 0.9303, Acc: 0.9714, Prec: 0.8652, Rec: 0.8245, F1: 0.8434                                                                                               
[Epoch 3] Val Loss: 0.0910, Acc: 0.9712, Prec: 0.8692, Rec: 0.8339, F1: 0.8440
        Validation F1 improved → Saving model: ./checkpoints/best_model.pt
[Epoch 4] Train Loss: 0.0845, Loss_s: 0.0803, Loss_u: 0.0208, Mask: 0.9334, Acc: 0.9724, Prec: 0.8706, Rec: 0.8310, F1: 0.8497                                                                                               
[Epoch 4] Val Loss: 0.0833, Acc: 0.9724, Prec: 0.9037, Rec: 0.8268, F1: 0.8556
        Validation F1 improved → Saving model: ./checkpoints/best_model.pt
[Epoch 5] Train Loss: 0.0804, Loss_s: 0.0764, Loss_u: 0.0203, Mask: 0.9350, Acc: 0.9738, Prec: 0.8774, Rec: 0.8391, F1: 0.8572                                                                                               
[Epoch 5] Val Loss: 0.0957, Acc: 0.9699, Prec: 0.8766, Rec: 0.8142, F1: 0.8357
        EarlyStopping counter: 1 / 30
[Epoch 6] rho: 0.96, EMA Thresholds: [0.76 0.72 0.73 0.76 0.72 0.74 0.73 0.77 0.9 ], Std(C_k): [0.151 0.209 0.185 0.165 0.192 0.179 0.193 0.104 0.06 ]                                                                       
[Epoch 6] Train Loss: 0.0807, Loss_s: 0.0756, Loss_u: 0.0257, Mask: 0.9379, Acc: 0.9734, Prec: 0.8722, Rec: 0.8392, F1: 0.8547                                                                                               
[Epoch 6] Val Loss: 0.1302, Acc: 0.9647, Prec: 0.9167, Rec: 0.7456, F1: 0.8107
        EarlyStopping counter: 2 / 30
[Epoch 7] Train Loss: 0.0799, Loss_s: 0.0748, Loss_u: 0.0258, Mask: 0.9349, Acc: 0.9737, Prec: 0.8764, Rec: 0.8384, F1: 0.8565                                                                                               
[Epoch 7] Val Loss: 0.1356, Acc: 0.9663, Prec: 0.8928, Rec: 0.7936, F1: 0.8223
        EarlyStopping counter: 3 / 30
[Epoch 8] Train Loss: 0.0778, Loss_s: 0.0727, Loss_u: 0.0254, Mask: 0.9379, Acc: 0.9743, Prec: 0.8803, Rec: 0.8472, F1: 0.8630                                                                                               
[Epoch 8] Val Loss: 0.1212, Acc: 0.9680, Prec: 0.9078, Rec: 0.8029, F1: 0.8400
        EarlyStopping counter: 4 / 30
[Epoch 9] rho: 0.96, EMA Thresholds: [0.72 0.66 0.67 0.71 0.66 0.69 0.67 0.75 0.9 ], Std(C_k): [0.141 0.195 0.186 0.167 0.189 0.156 0.186 0.091 0.056]                                                                       
[Epoch 9] Train Loss: 0.0777, Loss_s: 0.0717, Loss_u: 0.0300, Mask: 0.9422, Acc: 0.9743, Prec: 0.8808, Rec: 0.8508, F1: 0.8651                                                                                               
[Epoch 9] Val Loss: 0.0794, Acc: 0.9747, Prec: 0.9012, Rec: 0.8486, F1: 0.8677
        Validation F1 improved → Saving model: ./checkpoints/best_model.pt
[Epoch 10] Train Loss: 0.0757, Loss_s: 0.0698, Loss_u: 0.0295, Mask: 0.9443, Acc: 0.9754, Prec: 0.8831, Rec: 0.8503, F1: 0.8658                                                                                              
[Epoch 10] Val Loss: 0.0985, Acc: 0.9708, Prec: 0.9173, Rec: 0.8157, F1: 0.8579
        EarlyStopping counter: 1 / 30
[Epoch 11] Train Loss: 0.0751, Loss_s: 0.0691, Loss_u: 0.0299, Mask: 0.9454, Acc: 0.9753, Prec: 0.8868, Rec: 0.8560, F1: 0.8706                                                                                              
[Epoch 11] Val Loss: 0.1027, Acc: 0.9705, Prec: 0.9149, Rec: 0.7942, F1: 0.8425
        EarlyStopping counter: 2 / 30
[Epoch 12] rho: 0.96, EMA Thresholds: [0.68 0.62 0.62 0.67 0.62 0.66 0.62 0.74 0.9 ], Std(C_k): [0.147 0.185 0.179 0.168 0.181 0.134 0.175 0.094 0.061]                                                                      
[Epoch 12] Train Loss: 0.0750, Loss_s: 0.0683, Loss_u: 0.0334, Mask: 0.9468, Acc: 0.9758, Prec: 0.8936, Rec: 0.8613, F1: 0.8767                                                                                              
[Epoch 12] Val Loss: 0.1027, Acc: 0.9699, Prec: 0.8812, Rec: 0.8227, F1: 0.8375
        EarlyStopping counter: 3 / 30
[Epoch 13] Train Loss: 0.0742, Loss_s: 0.0676, Loss_u: 0.0327, Mask: 0.9467, Acc: 0.9760, Prec: 0.8899, Rec: 0.8564, F1: 0.8724                                                                                              
[Epoch 13] Val Loss: 0.0744, Acc: 0.9752, Prec: 0.8681, Rec: 0.8963, F1: 0.8769
        Validation F1 improved → Saving model: ./checkpoints/best_model.pt
[Epoch 14] Train Loss: 0.0730, Loss_s: 0.0667, Loss_u: 0.0314, Mask: 0.9479, Acc: 0.9762, Prec: 0.8921, Rec: 0.8574, F1: 0.8738                                                                                              
[Epoch 14] Val Loss: 0.0828, Acc: 0.9736, Prec: 0.9062, Rec: 0.8329, F1: 0.8624
        EarlyStopping counter: 1 / 30
[Epoch 15] rho: 0.96, EMA Thresholds: [0.65 0.58 0.59 0.63 0.58 0.63 0.58 0.72 0.9 ], Std(C_k): [0.146 0.194 0.179 0.172 0.182 0.148 0.184 0.109 0.059]                                                                      
[Epoch 15] Train Loss: 0.0730, Loss_s: 0.0663, Loss_u: 0.0339, Mask: 0.9515, Acc: 0.9763, Prec: 0.8929, Rec: 0.8573, F1: 0.8744                                                                                              
[Epoch 15] Val Loss: 0.0679, Acc: 0.9769, Prec: 0.8869, Rec: 0.8742, F1: 0.8758
        EarlyStopping counter: 2 / 30
[Epoch 16] Train Loss: 0.0722, Loss_s: 0.0653, Loss_u: 0.0345, Mask: 0.9497, Acc: 0.9768, Prec: 0.8917, Rec: 0.8586, F1: 0.8743                                                                                              
[Epoch 16] Val Loss: 0.0847, Acc: 0.9731, Prec: 0.8965, Rec: 0.8366, F1: 0.8583
        EarlyStopping counter: 3 / 30
[Epoch 17] Train Loss: 0.0711, Loss_s: 0.0641, Loss_u: 0.0350, Mask: 0.9502, Acc: 0.9770, Prec: 0.8950, Rec: 0.8645, F1: 0.8790                                                                                              
[Epoch 17] Val Loss: 0.0894, Acc: 0.9713, Prec: 0.9103, Rec: 0.8278, F1: 0.8589
        EarlyStopping counter: 4 / 30
[Epoch 18] rho: 0.96, EMA Thresholds: [0.63 0.55 0.56 0.61 0.56 0.61 0.55 0.7  0.9 ], Std(C_k): [0.144 0.189 0.178 0.164 0.183 0.142 0.177 0.103 0.06 ]                                                                      
[Epoch 18] Train Loss: 0.0701, Loss_s: 0.0625, Loss_u: 0.0380, Mask: 0.9532, Acc: 0.9774, Prec: 0.9002, Rec: 0.8701, F1: 0.8844                                                                                              
[Epoch 18] Val Loss: 0.0672, Acc: 0.9766, Prec: 0.8791, Rec: 0.8818, F1: 0.8772
        Validation F1 improved → Saving model: ./checkpoints/best_model.pt
[Epoch 19] Train Loss: 0.0698, Loss_s: 0.0623, Loss_u: 0.0373, Mask: 0.9536, Acc: 0.9769, Prec: 0.9021, Rec: 0.8690, F1: 0.8849                                                                                              
[Epoch 19] Val Loss: 0.0862, Acc: 0.9734, Prec: 0.9003, Rec: 0.8394, F1: 0.8619
        EarlyStopping counter: 1 / 30
[Epoch 20] Train Loss: 0.0686, Loss_s: 0.0613, Loss_u: 0.0364, Mask: 0.9543, Acc: 0.9779, Prec: 0.9019, Rec: 0.8709, F1: 0.8857                                                                                              
[Epoch 20] Val Loss: 0.0668, Acc: 0.9778, Prec: 0.8998, Rec: 0.8691, F1: 0.8821
        Validation F1 improved → Saving model: ./checkpoints/best_model.pt
[Epoch 21] rho: 0.95, EMA Thresholds: [0.61 0.53 0.55 0.59 0.54 0.59 0.53 0.69 0.9 ], Std(C_k): [0.149 0.191 0.175 0.171 0.183 0.158 0.189 0.112 0.065]                                                                      
[Epoch 21] Train Loss: 0.0688, Loss_s: 0.0610, Loss_u: 0.0391, Mask: 0.9532, Acc: 0.9781, Prec: 0.9034, Rec: 0.8752, F1: 0.8887                                                                                              
[Epoch 21] Val Loss: 0.0791, Acc: 0.9743, Prec: 0.8852, Rec: 0.8596, F1: 0.8690
        EarlyStopping counter: 1 / 30
[Epoch 22] Train Loss: 0.0691, Loss_s: 0.0612, Loss_u: 0.0396, Mask: 0.9545, Acc: 0.9780, Prec: 0.9018, Rec: 0.8774, F1: 0.8889                                                                                              
[Epoch 22] Val Loss: 0.0792, Acc: 0.9747, Prec: 0.9088, Rec: 0.8454, F1: 0.8726
        EarlyStopping counter: 2 / 30
[Epoch 23] Train Loss: 0.0690, Loss_s: 0.0610, Loss_u: 0.0397, Mask: 0.9549, Acc: 0.9779, Prec: 0.9006, Rec: 0.8734, F1: 0.8865                                                                                              
[Epoch 23] Val Loss: 0.0704, Acc: 0.9761, Prec: 0.8714, Rec: 0.8650, F1: 0.8629
        EarlyStopping counter: 3 / 30
[Epoch 24] rho: 0.95, EMA Thresholds: [0.6  0.51 0.53 0.57 0.52 0.58 0.51 0.74 0.9 ], Std(C_k): [0.142 0.197 0.176 0.174 0.187 0.149 0.192 0.067 0.065]                                                                      
[Epoch 24] Train Loss: 0.0679, Loss_s: 0.0596, Loss_u: 0.0414, Mask: 0.9555, Acc: 0.9785, Prec: 0.9105, Rec: 0.8806, F1: 0.8949                                                                                              
[Epoch 24] Val Loss: 0.0767, Acc: 0.9765, Prec: 0.9124, Rec: 0.8443, F1: 0.8730
        EarlyStopping counter: 4 / 30
[Epoch 25] Train Loss: 0.0664, Loss_s: 0.0586, Loss_u: 0.0392, Mask: 0.9585, Acc: 0.9786, Prec: 0.9034, Rec: 0.8781, F1: 0.8901                                                                                              
[Epoch 25] Val Loss: 0.0656, Acc: 0.9778, Prec: 0.8835, Rec: 0.8807, F1: 0.8766
        EarlyStopping counter: 5 / 30
[Epoch 26] Train Loss: 0.0675, Loss_s: 0.0594, Loss_u: 0.0406, Mask: 0.9566, Acc: 0.9784, Prec: 0.9082, Rec: 0.8770, F1: 0.8919                                                                                              
[Epoch 26] Val Loss: 0.0813, Acc: 0.9744, Prec: 0.9135, Rec: 0.8336, F1: 0.8660
        EarlyStopping counter: 6 / 30
[Epoch 27] rho: 0.96, EMA Thresholds: [0.58 0.5  0.52 0.56 0.5  0.57 0.5  0.75 0.9 ], Std(C_k): [0.157 0.188 0.176 0.167 0.185 0.15  0.185 0.076 0.056]                                                                      
[Epoch 27] Train Loss: 0.0664, Loss_s: 0.0580, Loss_u: 0.0420, Mask: 0.9592, Acc: 0.9786, Prec: 0.9100, Rec: 0.8832, F1: 0.8960                                                                                              
[Epoch 27] Val Loss: 0.0806, Acc: 0.9748, Prec: 0.8746, Rec: 0.8507, F1: 0.8478
        EarlyStopping counter: 7 / 30
[Epoch 28] Train Loss: 0.0667, Loss_s: 0.0581, Loss_u: 0.0429, Mask: 0.9579, Acc: 0.9788, Prec: 0.9066, Rec: 0.8797, F1: 0.8924                                                                                              
[Epoch 28] Val Loss: 0.0662, Acc: 0.9779, Prec: 0.9092, Rec: 0.8731, F1: 0.8870
        Validation F1 improved → Saving model: ./checkpoints/best_model.pt
[Epoch 29] Train Loss: 0.0657, Loss_s: 0.0573, Loss_u: 0.0418, Mask: 0.9588, Acc: 0.9795, Prec: 0.9105, Rec: 0.8833, F1: 0.8964                                                                                              
[Epoch 29] Val Loss: 0.0699, Acc: 0.9774, Prec: 0.9163, Rec: 0.8556, F1: 0.8806
        EarlyStopping counter: 1 / 30
[Epoch 30] rho: 0.96, EMA Thresholds: [0.57 0.48 0.51 0.55 0.5  0.55 0.49 0.72 0.9 ], Std(C_k): [0.148 0.194 0.175 0.169 0.178 0.169 0.182 0.106 0.058]                                                                      
[Epoch 30] Train Loss: 0.0656, Loss_s: 0.0571, Loss_u: 0.0426, Mask: 0.9598, Acc: 0.9790, Prec: 0.9101, Rec: 0.8799, F1: 0.8944                                                                                              
[Epoch 30] Val Loss: 0.0642, Acc: 0.9789, Prec: 0.8929, Rec: 0.8695, F1: 0.8729
        EarlyStopping counter: 2 / 30
[Epoch 31] Train Loss: 0.0652, Loss_s: 0.0564, Loss_u: 0.0441, Mask: 0.9605, Acc: 0.9792, Prec: 0.9093, Rec: 0.8800, F1: 0.8940                                                                                              
[Epoch 31] Val Loss: 0.0584, Acc: 0.9799, Prec: 0.9006, Rec: 0.8933, F1: 0.8951
        Validation F1 improved → Saving model: ./checkpoints/best_model.pt
[Epoch 32] Train Loss: 0.0650, Loss_s: 0.0564, Loss_u: 0.0430, Mask: 0.9611, Acc: 0.9793, Prec: 0.9086, Rec: 0.8855, F1: 0.8966                                                                                              
[Epoch 32] Val Loss: 0.0730, Acc: 0.9764, Prec: 0.8983, Rec: 0.8406, F1: 0.8629
        EarlyStopping counter: 1 / 30
[Epoch 33] rho: 0.96, EMA Thresholds: [0.57 0.48 0.51 0.54 0.49 0.55 0.49 0.72 0.9 ], Std(C_k): [0.143 0.177 0.173 0.166 0.179 0.13  0.167 0.093 0.056]                                                                      
[Epoch 33] Train Loss: 0.0640, Loss_s: 0.0556, Loss_u: 0.0415, Mask: 0.9627, Acc: 0.9797, Prec: 0.9116, Rec: 0.8894, F1: 0.9000                                                                                              
[Epoch 33] Val Loss: 0.0616, Acc: 0.9795, Prec: 0.9110, Rec: 0.8670, F1: 0.8840
        EarlyStopping counter: 2 / 30
[Epoch 34] Train Loss: 0.0641, Loss_s: 0.0555, Loss_u: 0.0431, Mask: 0.9614, Acc: 0.9796, Prec: 0.9148, Rec: 0.8897, F1: 0.9017                                                                                              
[Epoch 34] Val Loss: 0.0803, Acc: 0.9761, Prec: 0.9190, Rec: 0.8574, F1: 0.8832
        EarlyStopping counter: 3 / 30
[Epoch 35] Train Loss: 0.0634, Loss_s: 0.0547, Loss_u: 0.0438, Mask: 0.9610, Acc: 0.9799, Prec: 0.9140, Rec: 0.8903, F1: 0.9017                                                                                              
[Epoch 35] Val Loss: 0.0729, Acc: 0.9775, Prec: 0.9155, Rec: 0.8589, F1: 0.8820
        EarlyStopping counter: 4 / 30
[Epoch 36] rho: 0.96, EMA Thresholds: [0.56 0.48 0.5  0.53 0.48 0.55 0.48 0.71 0.9 ], Std(C_k): [0.158 0.175 0.176 0.165 0.18  0.134 0.184 0.084 0.057]                                                                      
[Epoch 36] Train Loss: 0.0633, Loss_s: 0.0547, Loss_u: 0.0431, Mask: 0.9632, Acc: 0.9799, Prec: 0.9140, Rec: 0.8911, F1: 0.9021                                                                                              
[Epoch 36] Val Loss: 0.0597, Acc: 0.9793, Prec: 0.8859, Rec: 0.8850, F1: 0.8805
        EarlyStopping counter: 5 / 30
[Epoch 37] Train Loss: 0.0634, Loss_s: 0.0545, Loss_u: 0.0442, Mask: 0.9628, Acc: 0.9798, Prec: 0.9099, Rec: 0.8896, F1: 0.8993                                                                                              
[Epoch 37] Val Loss: 0.0640, Acc: 0.9785, Prec: 0.9072, Rec: 0.8861, F1: 0.8941
        EarlyStopping counter: 6 / 30
[Epoch 38] Train Loss: 0.0634, Loss_s: 0.0544, Loss_u: 0.0446, Mask: 0.9632, Acc: 0.9801, Prec: 0.9163, Rec: 0.8908, F1: 0.9031                                                                                              
[Epoch 38] Val Loss: 0.0650, Acc: 0.9787, Prec: 0.9096, Rec: 0.8841, F1: 0.8922
        EarlyStopping counter: 7 / 30
[Epoch 39] rho: 0.96, EMA Thresholds: [0.55 0.48 0.5  0.53 0.47 0.54 0.47 0.71 0.9 ], Std(C_k): [0.148 0.178 0.175 0.168 0.178 0.169 0.184 0.089 0.057]                                                                      
[Epoch 39] Train Loss: 0.0632, Loss_s: 0.0540, Loss_u: 0.0459, Mask: 0.9646, Acc: 0.9803, Prec: 0.9138, Rec: 0.8908, F1: 0.9018                                                                                              
[Epoch 39] Val Loss: 0.0630, Acc: 0.9788, Prec: 0.8986, Rec: 0.8822, F1: 0.8876
        EarlyStopping counter: 8 / 30
[Epoch 40] Train Loss: 0.0626, Loss_s: 0.0534, Loss_u: 0.0456, Mask: 0.9640, Acc: 0.9804, Prec: 0.9159, Rec: 0.8907, F1: 0.9028                                                                                              
[Epoch 40] Val Loss: 0.0725, Acc: 0.9781, Prec: 0.9163, Rec: 0.8706, F1: 0.8887
        EarlyStopping counter: 9 / 30
[Epoch 41] Train Loss: 0.0620, Loss_s: 0.0535, Loss_u: 0.0430, Mask: 0.9644, Acc: 0.9801, Prec: 0.9137, Rec: 0.8911, F1: 0.9019                                                                                              
[Epoch 41] Val Loss: 0.0733, Acc: 0.9767, Prec: 0.9215, Rec: 0.8546, F1: 0.8837
        EarlyStopping counter: 10 / 30
[Epoch 42] rho: 0.96, EMA Thresholds: [0.55 0.48 0.49 0.52 0.47 0.54 0.47 0.69 0.9 ], Std(C_k): [0.143 0.176 0.175 0.167 0.175 0.142 0.182 0.103 0.056]                                                                      
[Epoch 42] Train Loss: 0.0612, Loss_s: 0.0523, Loss_u: 0.0446, Mask: 0.9639, Acc: 0.9807, Prec: 0.9174, Rec: 0.8909, F1: 0.9037                                                                                              
[Epoch 42] Val Loss: 0.0655, Acc: 0.9795, Prec: 0.9237, Rec: 0.8647, F1: 0.8907
        EarlyStopping counter: 11 / 30
[Epoch 43] Train Loss: 0.0620, Loss_s: 0.0532, Loss_u: 0.0438, Mask: 0.9647, Acc: 0.9804, Prec: 0.9212, Rec: 0.8962, F1: 0.9082                                                                                              
[Epoch 43] Val Loss: 0.0608, Acc: 0.9790, Prec: 0.9222, Rec: 0.8578, F1: 0.8870
        EarlyStopping counter: 12 / 30
[Epoch 44] Train Loss: 0.0618, Loss_s: 0.0531, Loss_u: 0.0438, Mask: 0.9655, Acc: 0.9801, Prec: 0.9187, Rec: 0.8942, F1: 0.9060                                                                                              
[Epoch 44] Val Loss: 0.0630, Acc: 0.9794, Prec: 0.9139, Rec: 0.8778, F1: 0.8926
        EarlyStopping counter: 13 / 30
[Epoch 45] rho: 0.97, EMA Thresholds: [0.54 0.47 0.49 0.52 0.47 0.53 0.47 0.67 0.9 ], Std(C_k): [0.15  0.19  0.174 0.17  0.184 0.167 0.175 0.117 0.056]                                                                      
[Epoch 45] Train Loss: 0.0613, Loss_s: 0.0523, Loss_u: 0.0450, Mask: 0.9645, Acc: 0.9803, Prec: 0.9124, Rec: 0.8901, F1: 0.9009                                                                                              
[Epoch 45] Val Loss: 0.0713, Acc: 0.9777, Prec: 0.9036, Rec: 0.8787, F1: 0.8870
        EarlyStopping counter: 14 / 30
[Epoch 46] Train Loss: 0.0614, Loss_s: 0.0522, Loss_u: 0.0460, Mask: 0.9646, Acc: 0.9809, Prec: 0.9186, Rec: 0.8915, F1: 0.9044                                                                                              
[Epoch 46] Val Loss: 0.0685, Acc: 0.9776, Prec: 0.9070, Rec: 0.8674, F1: 0.8811
        EarlyStopping counter: 15 / 30
[Epoch 47] Train Loss: 0.0608, Loss_s: 0.0517, Loss_u: 0.0457, Mask: 0.9656, Acc: 0.9808, Prec: 0.9210, Rec: 0.8946, F1: 0.9074                                                                                              
[Epoch 47] Val Loss: 0.0748, Acc: 0.9761, Prec: 0.8851, Rec: 0.8588, F1: 0.8638
        EarlyStopping counter: 16 / 30
[Epoch 48] rho: 0.96, EMA Thresholds: [0.54 0.47 0.49 0.52 0.46 0.53 0.47 0.68 0.9 ], Std(C_k): [0.142 0.173 0.174 0.165 0.18  0.132 0.177 0.086 0.055]                                                                      
[Epoch 48] Train Loss: 0.0604, Loss_s: 0.0512, Loss_u: 0.0461, Mask: 0.9665, Acc: 0.9807, Prec: 0.9174, Rec: 0.8952, F1: 0.9058                                                                                              
[Epoch 48] Val Loss: 0.0700, Acc: 0.9773, Prec: 0.8968, Rec: 0.8688, F1: 0.8777
        EarlyStopping counter: 17 / 30
[Epoch 49] Train Loss: 0.0609, Loss_s: 0.0518, Loss_u: 0.0456, Mask: 0.9647, Acc: 0.9806, Prec: 0.9190, Rec: 0.8997, F1: 0.9089                                                                                              
[Epoch 49] Val Loss: 0.0640, Acc: 0.9780, Prec: 0.8982, Rec: 0.8700, F1: 0.8800
        EarlyStopping counter: 18 / 30
[Epoch 50] Train Loss: 0.0607, Loss_s: 0.0515, Loss_u: 0.0459, Mask: 0.9645, Acc: 0.9813, Prec: 0.9216, Rec: 0.8956, F1: 0.9081                                                                                              
[Epoch 50] Val Loss: 0.0662, Acc: 0.9789, Prec: 0.9154, Rec: 0.8734, F1: 0.8902
        EarlyStopping counter: 19 / 30
[Epoch 51] rho: 0.96, EMA Thresholds: [0.54 0.47 0.49 0.51 0.47 0.54 0.46 0.67 0.9 ], Std(C_k): [0.147 0.174 0.173 0.167 0.175 0.138 0.184 0.103 0.061]                                                                      
[Epoch 51] Train Loss: 0.0594, Loss_s: 0.0505, Loss_u: 0.0445, Mask: 0.9654, Acc: 0.9814, Prec: 0.9229, Rec: 0.8999, F1: 0.9110                                                                                              
[Epoch 51] Val Loss: 0.0649, Acc: 0.9796, Prec: 0.9103, Rec: 0.8932, F1: 0.8977
        Validation F1 improved → Saving model: ./checkpoints/best_model.pt
[Epoch 52] Train Loss: 0.0593, Loss_s: 0.0508, Loss_u: 0.0426, Mask: 0.9660, Acc: 0.9814, Prec: 0.9259, Rec: 0.9026, F1: 0.9138                                                                                              
[Epoch 52] Val Loss: 0.0645, Acc: 0.9789, Prec: 0.9039, Rec: 0.8734, F1: 0.8855
        EarlyStopping counter: 1 / 30
[Epoch 53] Train Loss: 0.0592, Loss_s: 0.0504, Loss_u: 0.0439, Mask: 0.9662, Acc: 0.9814, Prec: 0.9246, Rec: 0.8983, F1: 0.9110                                                                                              
[Epoch 53] Val Loss: 0.0687, Acc: 0.9786, Prec: 0.9101, Rec: 0.8767, F1: 0.8885
        EarlyStopping counter: 2 / 30
[Epoch 54] rho: 0.97, EMA Thresholds: [0.53 0.47 0.49 0.51 0.46 0.52 0.46 0.66 0.9 ], Std(C_k): [0.156 0.178 0.17  0.17  0.183 0.183 0.182 0.108 0.056]                                                                      
[Epoch 54] Train Loss: 0.0585, Loss_s: 0.0500, Loss_u: 0.0423, Mask: 0.9669, Acc: 0.9812, Prec: 0.9208, Rec: 0.8942, F1: 0.9070                                                                                              
[Epoch 54] Val Loss: 0.0744, Acc: 0.9777, Prec: 0.9061, Rec: 0.8618, F1: 0.8775
        EarlyStopping counter: 3 / 30
[Epoch 55] Train Loss: 0.0584, Loss_s: 0.0499, Loss_u: 0.0426, Mask: 0.9672, Acc: 0.9813, Prec: 0.9176, Rec: 0.8967, F1: 0.9068                                                                                              
[Epoch 55] Val Loss: 0.0666, Acc: 0.9798, Prec: 0.9150, Rec: 0.8857, F1: 0.8965
        EarlyStopping counter: 4 / 30
[Epoch 56] Train Loss: 0.0580, Loss_s: 0.0493, Loss_u: 0.0431, Mask: 0.9672, Acc: 0.9817, Prec: 0.9246, Rec: 0.9047, F1: 0.9142                                                                                              
[Epoch 56] Val Loss: 0.0723, Acc: 0.9774, Prec: 0.9106, Rec: 0.8741, F1: 0.8877
        EarlyStopping counter: 5 / 30
[Epoch 57] rho: 0.97, EMA Thresholds: [0.53 0.47 0.49 0.51 0.47 0.52 0.46 0.67 0.9 ], Std(C_k): [0.143 0.168 0.171 0.162 0.172 0.159 0.175 0.091 0.055]                                                                      
[Epoch 57] Train Loss: 0.0586, Loss_s: 0.0498, Loss_u: 0.0442, Mask: 0.9665, Acc: 0.9814, Prec: 0.9267, Rec: 0.9048, F1: 0.9153                                                                                              
[Epoch 57] Val Loss: 0.0737, Acc: 0.9779, Prec: 0.9208, Rec: 0.8583, F1: 0.8859
        EarlyStopping counter: 6 / 30
[Epoch 58] Train Loss: 0.0574, Loss_s: 0.0485, Loss_u: 0.0445, Mask: 0.9674, Acc: 0.9822, Prec: 0.9277, Rec: 0.9039, F1: 0.9154                                                                                              
[Epoch 58] Val Loss: 0.0736, Acc: 0.9779, Prec: 0.9066, Rec: 0.8665, F1: 0.8801
        EarlyStopping counter: 7 / 30
[Epoch 59] Train Loss: 0.0577, Loss_s: 0.0489, Loss_u: 0.0440, Mask: 0.9673, Acc: 0.9818, Prec: 0.9243, Rec: 0.9038, F1: 0.9137                                                                                              
[Epoch 59] Val Loss: 0.0755, Acc: 0.9775, Prec: 0.9248, Rec: 0.8651, F1: 0.8890
        EarlyStopping counter: 8 / 30
[Epoch 60] rho: 0.97, EMA Thresholds: [0.53 0.48 0.49 0.51 0.47 0.51 0.47 0.67 0.9 ], Std(C_k): [0.145 0.168 0.171 0.16  0.174 0.175 0.175 0.093 0.055]                                                                      
[Epoch 60] Train Loss: 0.0571, Loss_s: 0.0487, Loss_u: 0.0418, Mask: 0.9680, Acc: 0.9820, Prec: 0.9239, Rec: 0.9057, F1: 0.9145                                                                                              
[Epoch 60] Val Loss: 0.0613, Acc: 0.9803, Prec: 0.9194, Rec: 0.8809, F1: 0.8972
        EarlyStopping counter: 9 / 30
[Epoch 61] Train Loss: 0.0568, Loss_s: 0.0481, Loss_u: 0.0433, Mask: 0.9682, Acc: 0.9818, Prec: 0.9243, Rec: 0.9022, F1: 0.9129                                                                                              
[Epoch 61] Val Loss: 0.0622, Acc: 0.9798, Prec: 0.9143, Rec: 0.8849, F1: 0.8960
        EarlyStopping counter: 10 / 30
[Epoch 62] Train Loss: 0.0568, Loss_s: 0.0480, Loss_u: 0.0437, Mask: 0.9672, Acc: 0.9818, Prec: 0.9226, Rec: 0.9042, F1: 0.9130                                                                                              
[Epoch 62] Val Loss: 0.0778, Acc: 0.9764, Prec: 0.9159, Rec: 0.8709, F1: 0.8868
        EarlyStopping counter: 11 / 30
[Epoch 63] rho: 0.95, EMA Thresholds: [0.54 0.48 0.49 0.52 0.47 0.51 0.47 0.68 0.9 ], Std(C_k): [0.143 0.182 0.175 0.159 0.176 0.167 0.178 0.097 0.066]                                                                      
[Epoch 63] Train Loss: 0.0556, Loss_s: 0.0474, Loss_u: 0.0406, Mask: 0.9687, Acc: 0.9822, Prec: 0.9248, Rec: 0.9039, F1: 0.9140                                                                                              
[Epoch 63] Val Loss: 0.0699, Acc: 0.9778, Prec: 0.9014, Rec: 0.8794, F1: 0.8859
        EarlyStopping counter: 12 / 30
[Epoch 64] Train Loss: 0.0555, Loss_s: 0.0471, Loss_u: 0.0422, Mask: 0.9678, Acc: 0.9825, Prec: 0.9296, Rec: 0.9092, F1: 0.9191                                                                                              
[Epoch 64] Val Loss: 0.0608, Acc: 0.9800, Prec: 0.9046, Rec: 0.8799, F1: 0.8880
        EarlyStopping counter: 13 / 30
[Epoch 65] Train Loss: 0.0551, Loss_s: 0.0468, Loss_u: 0.0414, Mask: 0.9686, Acc: 0.9827, Prec: 0.9313, Rec: 0.9091, F1: 0.9198                                                                                              
[Epoch 65] Val Loss: 0.0699, Acc: 0.9787, Prec: 0.9083, Rec: 0.8711, F1: 0.8837
        EarlyStopping counter: 14 / 30
[Epoch 66] rho: 0.97, EMA Thresholds: [0.54 0.48 0.49 0.51 0.48 0.51 0.47 0.67 0.9 ], Std(C_k): [0.138 0.166 0.167 0.163 0.167 0.163 0.175 0.095 0.051]                                                                      
[Epoch 66] Train Loss: 0.0553, Loss_s: 0.0468, Loss_u: 0.0427, Mask: 0.9689, Acc: 0.9827, Prec: 0.9285, Rec: 0.9067, F1: 0.9173                                                                                              
[Epoch 66] Val Loss: 0.0652, Acc: 0.9793, Prec: 0.9125, Rec: 0.8851, F1: 0.8953
        EarlyStopping counter: 15 / 30
[Epoch 67] Train Loss: 0.0560, Loss_s: 0.0471, Loss_u: 0.0443, Mask: 0.9665, Acc: 0.9822, Prec: 0.9262, Rec: 0.9062, F1: 0.9158                                                                                              
[Epoch 67] Val Loss: 0.0624, Acc: 0.9802, Prec: 0.9030, Rec: 0.8940, F1: 0.8953
        EarlyStopping counter: 16 / 30
[Epoch 68] Train Loss: 0.0552, Loss_s: 0.0468, Loss_u: 0.0423, Mask: 0.9675, Acc: 0.9826, Prec: 0.9312, Rec: 0.9115, F1: 0.9210                                                                                              
[Epoch 68] Val Loss: 0.0600, Acc: 0.9806, Prec: 0.9164, Rec: 0.8980, F1: 0.9048
        Validation F1 improved → Saving model: ./checkpoints/best_model.pt
[Epoch 69] rho: 0.96, EMA Thresholds: [0.54 0.49 0.5  0.51 0.48 0.51 0.47 0.67 0.9 ], Std(C_k): [0.148 0.169 0.17  0.162 0.175 0.155 0.175 0.099 0.057]                                                                      
[Epoch 69] Train Loss: 0.0550, Loss_s: 0.0465, Loss_u: 0.0423, Mask: 0.9689, Acc: 0.9826, Prec: 0.9301, Rec: 0.9093, F1: 0.9191                                                                                              
[Epoch 69] Val Loss: 0.0616, Acc: 0.9786, Prec: 0.8920, Rec: 0.8983, F1: 0.8929
        EarlyStopping counter: 1 / 30
[Epoch 70] Train Loss: 0.0543, Loss_s: 0.0458, Loss_u: 0.0423, Mask: 0.9694, Acc: 0.9827, Prec: 0.9318, Rec: 0.9129, F1: 0.9220                                                                                              
[Epoch 70] Val Loss: 0.0640, Acc: 0.9804, Prec: 0.9151, Rec: 0.8767, F1: 0.8928
        EarlyStopping counter: 2 / 30
[Epoch 71] Train Loss: 0.0544, Loss_s: 0.0458, Loss_u: 0.0432, Mask: 0.9694, Acc: 0.9828, Prec: 0.9305, Rec: 0.9090, F1: 0.9194                                                                                              
[Epoch 71] Val Loss: 0.0622, Acc: 0.9798, Prec: 0.9116, Rec: 0.8924, F1: 0.8995
        EarlyStopping counter: 3 / 30
[Epoch 72] rho: 0.97, EMA Thresholds: [0.53 0.48 0.49 0.51 0.48 0.51 0.47 0.67 0.9 ], Std(C_k): [0.148 0.169 0.171 0.162 0.175 0.156 0.176 0.086 0.054]                                                                      
[Epoch 72] Train Loss: 0.0544, Loss_s: 0.0458, Loss_u: 0.0431, Mask: 0.9687, Acc: 0.9825, Prec: 0.9319, Rec: 0.9082, F1: 0.9197                                                                                              
[Epoch 72] Val Loss: 0.0622, Acc: 0.9791, Prec: 0.8929, Rec: 0.8984, F1: 0.8930
        EarlyStopping counter: 4 / 30
[Epoch 73] Train Loss: 0.0539, Loss_s: 0.0453, Loss_u: 0.0429, Mask: 0.9680, Acc: 0.9828, Prec: 0.9316, Rec: 0.9131, F1: 0.9220                                                                                              
[Epoch 73] Val Loss: 0.0642, Acc: 0.9798, Prec: 0.9141, Rec: 0.8869, F1: 0.8963
        EarlyStopping counter: 5 / 30
[Epoch 74] Train Loss: 0.0541, Loss_s: 0.0455, Loss_u: 0.0431, Mask: 0.9692, Acc: 0.9827, Prec: 0.9332, Rec: 0.9120, F1: 0.9223                                                                                              
[Epoch 74] Val Loss: 0.0642, Acc: 0.9803, Prec: 0.9109, Rec: 0.8913, F1: 0.8976
        EarlyStopping counter: 6 / 30
[Epoch 75] rho: 0.97, EMA Thresholds: [0.53 0.48 0.49 0.51 0.48 0.51 0.47 0.66 0.9 ], Std(C_k): [0.136 0.17  0.168 0.164 0.169 0.156 0.175 0.095 0.053]                                                                      
[Epoch 75] Train Loss: 0.0536, Loss_s: 0.0452, Loss_u: 0.0422, Mask: 0.9691, Acc: 0.9830, Prec: 0.9278, Rec: 0.9114, F1: 0.9193                                                                                              
[Epoch 75] Val Loss: 0.0609, Acc: 0.9802, Prec: 0.9099, Rec: 0.8805, F1: 0.8914
        EarlyStopping counter: 7 / 30
[Epoch 76] Train Loss: 0.0533, Loss_s: 0.0449, Loss_u: 0.0420, Mask: 0.9696, Acc: 0.9830, Prec: 0.9318, Rec: 0.9109, F1: 0.9211                                                                                              
[Epoch 76] Val Loss: 0.0753, Acc: 0.9776, Prec: 0.9149, Rec: 0.8628, F1: 0.8827
        EarlyStopping counter: 8 / 30
[Epoch 77] Train Loss: 0.0528, Loss_s: 0.0441, Loss_u: 0.0432, Mask: 0.9682, Acc: 0.9832, Prec: 0.9344, Rec: 0.9144, F1: 0.9241                                                                                              
[Epoch 77] Val Loss: 0.0677, Acc: 0.9791, Prec: 0.9220, Rec: 0.8649, F1: 0.8896
        EarlyStopping counter: 9 / 30
[Epoch 78] rho: 0.97, EMA Thresholds: [0.53 0.49 0.49 0.51 0.48 0.51 0.47 0.66 0.9 ], Std(C_k): [0.141 0.167 0.169 0.16  0.171 0.159 0.176 0.089 0.052]                                                                      
[Epoch 78] Train Loss: 0.0530, Loss_s: 0.0443, Loss_u: 0.0435, Mask: 0.9689, Acc: 0.9832, Prec: 0.9356, Rec: 0.9117, F1: 0.9233                                                                                              
[Epoch 78] Val Loss: 0.0749, Acc: 0.9786, Prec: 0.9057, Rec: 0.8754, F1: 0.8849
        EarlyStopping counter: 10 / 30
[Epoch 79] Train Loss: 0.0528, Loss_s: 0.0441, Loss_u: 0.0432, Mask: 0.9696, Acc: 0.9836, Prec: 0.9355, Rec: 0.9159, F1: 0.9254                                                                                              
[Epoch 79] Val Loss: 0.0778, Acc: 0.9777, Prec: 0.9166, Rec: 0.8700, F1: 0.8868
        EarlyStopping counter: 11 / 30
[Epoch 80] Train Loss: 0.0516, Loss_s: 0.0431, Loss_u: 0.0429, Mask: 0.9696, Acc: 0.9833, Prec: 0.9355, Rec: 0.9160, F1: 0.9254                                                                                              
[Epoch 80] Val Loss: 0.0708, Acc: 0.9789, Prec: 0.9150, Rec: 0.8738, F1: 0.8901
        EarlyStopping counter: 12 / 30
[Epoch 81] rho: 0.96, EMA Thresholds: [0.54 0.49 0.5  0.51 0.48 0.51 0.47 0.69 0.9 ], Std(C_k): [0.14  0.158 0.17  0.158 0.178 0.152 0.175 0.086 0.062]                                                                      
[Epoch 81] Train Loss: 0.0519, Loss_s: 0.0435, Loss_u: 0.0421, Mask: 0.9703, Acc: 0.9837, Prec: 0.9373, Rec: 0.9168, F1: 0.9267                                                                                              
[Epoch 81] Val Loss: 0.0698, Acc: 0.9785, Prec: 0.9049, Rec: 0.8828, F1: 0.8896
        EarlyStopping counter: 13 / 30
[Epoch 82] Train Loss: 0.0509, Loss_s: 0.0427, Loss_u: 0.0411, Mask: 0.9701, Acc: 0.9837, Prec: 0.9354, Rec: 0.9200, F1: 0.9275                                                                                              
[Epoch 82] Val Loss: 0.0660, Acc: 0.9791, Prec: 0.9031, Rec: 0.8949, F1: 0.8966
        EarlyStopping counter: 14 / 30
[Epoch 83] Train Loss: 0.0509, Loss_s: 0.0426, Loss_u: 0.0418, Mask: 0.9707, Acc: 0.9838, Prec: 0.9370, Rec: 0.9184, F1: 0.9274                                                                                              
[Epoch 83] Val Loss: 0.0690, Acc: 0.9788, Prec: 0.9155, Rec: 0.8803, F1: 0.8941
        EarlyStopping counter: 15 / 30
[Epoch 84] rho: 0.97, EMA Thresholds: [0.54 0.49 0.49 0.51 0.48 0.51 0.47 0.69 0.9 ], Std(C_k): [0.138 0.167 0.171 0.156 0.169 0.149 0.173 0.083 0.052]                                                                      
[Epoch 84] Train Loss: 0.0507, Loss_s: 0.0423, Loss_u: 0.0424, Mask: 0.9700, Acc: 0.9839, Prec: 0.9383, Rec: 0.9201, F1: 0.9290                                                                                              
[Epoch 84] Val Loss: 0.0710, Acc: 0.9791, Prec: 0.9100, Rec: 0.8867, F1: 0.8938
        EarlyStopping counter: 16 / 30
[Epoch 85] Train Loss: 0.0508, Loss_s: 0.0423, Loss_u: 0.0422, Mask: 0.9700, Acc: 0.9843, Prec: 0.9395, Rec: 0.9224, F1: 0.9306                                                                                              
[Epoch 85] Val Loss: 0.0669, Acc: 0.9793, Prec: 0.9248, Rec: 0.8789, F1: 0.8983
        EarlyStopping counter: 17 / 30
[Epoch 86] Train Loss: 0.0504, Loss_s: 0.0419, Loss_u: 0.0425, Mask: 0.9705, Acc: 0.9843, Prec: 0.9360, Rec: 0.9190, F1: 0.9272                                                                                              
[Epoch 86] Val Loss: 0.0648, Acc: 0.9790, Prec: 0.8999, Rec: 0.8863, F1: 0.8893
        EarlyStopping counter: 18 / 30
[Epoch 87] rho: 0.97, EMA Thresholds: [0.54 0.5  0.49 0.51 0.48 0.51 0.47 0.67 0.9 ], Std(C_k): [0.138 0.156 0.17  0.155 0.17  0.146 0.171 0.1   0.052]                                                                      
[Epoch 87] Train Loss: 0.0504, Loss_s: 0.0418, Loss_u: 0.0429, Mask: 0.9699, Acc: 0.9841, Prec: 0.9375, Rec: 0.9170, F1: 0.9270                                                                                              
[Epoch 87] Val Loss: 0.0565, Acc: 0.9809, Prec: 0.9210, Rec: 0.8961, F1: 0.9075
        Validation F1 improved → Saving model: ./checkpoints/best_model.pt
[Epoch 88] Train Loss: 0.0503, Loss_s: 0.0416, Loss_u: 0.0434, Mask: 0.9696, Acc: 0.9843, Prec: 0.9390, Rec: 0.9203, F1: 0.9294                                                                                              
[Epoch 88] Val Loss: 0.0608, Acc: 0.9803, Prec: 0.9108, Rec: 0.9013, F1: 0.9032
        EarlyStopping counter: 1 / 30
[Epoch 89] Train Loss: 0.0496, Loss_s: 0.0409, Loss_u: 0.0436, Mask: 0.9701, Acc: 0.9844, Prec: 0.9378, Rec: 0.9201, F1: 0.9286                                                                                              
[Epoch 89] Val Loss: 0.0668, Acc: 0.9792, Prec: 0.9020, Rec: 0.8876, F1: 0.8914
        EarlyStopping counter: 2 / 30
[Epoch 90] rho: 0.97, EMA Thresholds: [0.53 0.5  0.49 0.51 0.48 0.51 0.48 0.67 0.9 ], Std(C_k): [0.143 0.157 0.167 0.156 0.167 0.147 0.172 0.093 0.053]                                                                      
[Epoch 90] Train Loss: 0.0486, Loss_s: 0.0401, Loss_u: 0.0425, Mask: 0.9711, Acc: 0.9848, Prec: 0.9413, Rec: 0.9240, F1: 0.9324                                                                                              
[Epoch 90] Val Loss: 0.0676, Acc: 0.9802, Prec: 0.9169, Rec: 0.8915, F1: 0.9014
        EarlyStopping counter: 3 / 30
[Epoch 91] Train Loss: 0.0490, Loss_s: 0.0406, Loss_u: 0.0420, Mask: 0.9720, Acc: 0.9849, Prec: 0.9398, Rec: 0.9268, F1: 0.9331                                                                                              
[Epoch 91] Val Loss: 0.0663, Acc: 0.9801, Prec: 0.9165, Rec: 0.8857, F1: 0.8975
        EarlyStopping counter: 4 / 30
[Epoch 92] Train Loss: 0.0477, Loss_s: 0.0396, Loss_u: 0.0407, Mask: 0.9711, Acc: 0.9848, Prec: 0.9452, Rec: 0.9281, F1: 0.9364                                                                                              
[Epoch 92] Val Loss: 0.0742, Acc: 0.9784, Prec: 0.9068, Rec: 0.8790, F1: 0.8882
        EarlyStopping counter: 5 / 30
[Epoch 93] rho: 0.97, EMA Thresholds: [0.53 0.5  0.49 0.51 0.49 0.51 0.48 0.65 0.9 ], Std(C_k): [0.139 0.158 0.167 0.155 0.167 0.148 0.174 0.099 0.05 ]                                                                      
[Epoch 93] Train Loss: 0.0485, Loss_s: 0.0403, Loss_u: 0.0409, Mask: 0.9711, Acc: 0.9843, Prec: 0.9398, Rec: 0.9194, F1: 0.9293                                                                                              
[Epoch 93] Val Loss: 0.0743, Acc: 0.9788, Prec: 0.9150, Rec: 0.8719, F1: 0.8890
        EarlyStopping counter: 6 / 30
[Epoch 94] Train Loss: 0.0476, Loss_s: 0.0392, Loss_u: 0.0418, Mask: 0.9719, Acc: 0.9851, Prec: 0.9449, Rec: 0.9295, F1: 0.9370                                                                                              
[Epoch 94] Val Loss: 0.0669, Acc: 0.9792, Prec: 0.9181, Rec: 0.8865, F1: 0.8990
        EarlyStopping counter: 7 / 30
[Epoch 95] Train Loss: 0.0479, Loss_s: 0.0396, Loss_u: 0.0414, Mask: 0.9713, Acc: 0.9850, Prec: 0.9454, Rec: 0.9286, F1: 0.9368                                                                                              
[Epoch 95] Val Loss: 0.0733, Acc: 0.9788, Prec: 0.9164, Rec: 0.8764, F1: 0.8920
        EarlyStopping counter: 8 / 30
[Epoch 96] rho: 0.97, EMA Thresholds: [0.53 0.5  0.49 0.51 0.49 0.51 0.47 0.67 0.9 ], Std(C_k): [0.137 0.159 0.169 0.156 0.17  0.151 0.176 0.08  0.052]                                                                      
[Epoch 96] Train Loss: 0.0477, Loss_s: 0.0394, Loss_u: 0.0417, Mask: 0.9715, Acc: 0.9850, Prec: 0.9456, Rec: 0.9297, F1: 0.9374                                                                                              
[Epoch 96] Val Loss: 0.0672, Acc: 0.9797, Prec: 0.9091, Rec: 0.8897, F1: 0.8960
        EarlyStopping counter: 9 / 30
[Epoch 97] Train Loss: 0.0477, Loss_s: 0.0394, Loss_u: 0.0418, Mask: 0.9719, Acc: 0.9848, Prec: 0.9399, Rec: 0.9230, F1: 0.9313                                                                                              
[Epoch 97] Val Loss: 0.0638, Acc: 0.9805, Prec: 0.9157, Rec: 0.8887, F1: 0.8982
        EarlyStopping counter: 10 / 30
[Epoch 98] Train Loss: 0.0471, Loss_s: 0.0385, Loss_u: 0.0431, Mask: 0.9716, Acc: 0.9853, Prec: 0.9445, Rec: 0.9276, F1: 0.9358                                                                                              
[Epoch 98] Val Loss: 0.0686, Acc: 0.9797, Prec: 0.9087, Rec: 0.8966, F1: 0.8971
        EarlyStopping counter: 11 / 30
[Epoch 99] rho: 0.97, EMA Thresholds: [0.53 0.5  0.5  0.51 0.49 0.51 0.48 0.66 0.9 ], Std(C_k): [0.14  0.149 0.167 0.154 0.166 0.144 0.175 0.102 0.052]                                                                      
[Epoch 99] Train Loss: 0.0466, Loss_s: 0.0383, Loss_u: 0.0415, Mask: 0.9717, Acc: 0.9853, Prec: 0.9445, Rec: 0.9298, F1: 0.9368                                                                                              
[Epoch 99] Val Loss: 0.0629, Acc: 0.9801, Prec: 0.9047, Rec: 0.8957, F1: 0.8958
        EarlyStopping counter: 12 / 30
[Epoch 100] Train Loss: 0.0467, Loss_s: 0.0385, Loss_u: 0.0410, Mask: 0.9724, Acc: 0.9854, Prec: 0.9451, Rec: 0.9254, F1: 0.9350                                                                                             
[Epoch 100] Val Loss: 0.0632, Acc: 0.9806, Prec: 0.9173, Rec: 0.8927, F1: 0.9020
        EarlyStopping counter: 13 / 30
[Epoch 101] Train Loss: 0.0457, Loss_s: 0.0376, Loss_u: 0.0403, Mask: 0.9726, Acc: 0.9857, Prec: 0.9512, Rec: 0.9320, F1: 0.9414                                                                                             
[Epoch 101] Val Loss: 0.0694, Acc: 0.9796, Prec: 0.9262, Rec: 0.8827, F1: 0.9014
        EarlyStopping counter: 14 / 30
[Epoch 102] rho: 0.97, EMA Thresholds: [0.53 0.5  0.49 0.51 0.49 0.51 0.47 0.65 0.9 ], Std(C_k): [0.14  0.167 0.169 0.157 0.164 0.144 0.173 0.097 0.05 ]                                                                     
[Epoch 102] Train Loss: 0.0453, Loss_s: 0.0374, Loss_u: 0.0398, Mask: 0.9731, Acc: 0.9859, Prec: 0.9446, Rec: 0.9297, F1: 0.9370                                                                                             
[Epoch 102] Val Loss: 0.0662, Acc: 0.9809, Prec: 0.9210, Rec: 0.8917, F1: 0.9029
        EarlyStopping counter: 15 / 30
[Epoch 103] Train Loss: 0.0451, Loss_s: 0.0369, Loss_u: 0.0408, Mask: 0.9728, Acc: 0.9860, Prec: 0.9471, Rec: 0.9335, F1: 0.9401                                                                                             
[Epoch 103] Val Loss: 0.0699, Acc: 0.9795, Prec: 0.9208, Rec: 0.8804, F1: 0.8974
        EarlyStopping counter: 16 / 30
[Epoch 104] Train Loss: 0.0454, Loss_s: 0.0372, Loss_u: 0.0408, Mask: 0.9728, Acc: 0.9857, Prec: 0.9472, Rec: 0.9317, F1: 0.9392                                                                                             
[Epoch 104] Val Loss: 0.0740, Acc: 0.9785, Prec: 0.9032, Rec: 0.8801, F1: 0.8876
        EarlyStopping counter: 17 / 30
[Epoch 105] rho: 0.97, EMA Thresholds: [0.53 0.5  0.5  0.51 0.49 0.51 0.47 0.66 0.9 ], Std(C_k): [0.139 0.157 0.167 0.153 0.161 0.15  0.173 0.083 0.051]                                                                     
[Epoch 105] Train Loss: 0.0447, Loss_s: 0.0365, Loss_u: 0.0408, Mask: 0.9719, Acc: 0.9861, Prec: 0.9486, Rec: 0.9332, F1: 0.9407                                                                                             
[Epoch 105] Val Loss: 0.0718, Acc: 0.9795, Prec: 0.9082, Rec: 0.8957, F1: 0.8986
        EarlyStopping counter: 18 / 30
[Epoch 106] Train Loss: 0.0447, Loss_s: 0.0367, Loss_u: 0.0403, Mask: 0.9736, Acc: 0.9862, Prec: 0.9492, Rec: 0.9312, F1: 0.9400                                                                                             
[Epoch 106] Val Loss: 0.0685, Acc: 0.9795, Prec: 0.9168, Rec: 0.8828, F1: 0.8965
        EarlyStopping counter: 19 / 30
[Epoch 107] Train Loss: 0.0443, Loss_s: 0.0364, Loss_u: 0.0397, Mask: 0.9729, Acc: 0.9863, Prec: 0.9517, Rec: 0.9352, F1: 0.9432                                                                                             
[Epoch 107] Val Loss: 0.0730, Acc: 0.9791, Prec: 0.9119, Rec: 0.8875, F1: 0.8955
        EarlyStopping counter: 20 / 30
[Epoch 108] rho: 0.96, EMA Thresholds: [0.54 0.51 0.5  0.52 0.49 0.52 0.48 0.68 0.9 ], Std(C_k): [0.134 0.149 0.166 0.153 0.174 0.14  0.171 0.079 0.059]                                                                     
[Epoch 108] Train Loss: 0.0442, Loss_s: 0.0359, Loss_u: 0.0414, Mask: 0.9731, Acc: 0.9861, Prec: 0.9471, Rec: 0.9321, F1: 0.9394                                                                                             
[Epoch 108] Val Loss: 0.0633, Acc: 0.9805, Prec: 0.9082, Rec: 0.8946, F1: 0.8981
        EarlyStopping counter: 21 / 30
[Epoch 109] Train Loss: 0.0431, Loss_s: 0.0349, Loss_u: 0.0410, Mask: 0.9721, Acc: 0.9864, Prec: 0.9490, Rec: 0.9363, F1: 0.9425                                                                                             
[Epoch 109] Val Loss: 0.0694, Acc: 0.9795, Prec: 0.9095, Rec: 0.8836, F1: 0.8934
        EarlyStopping counter: 22 / 30
[Epoch 110] Train Loss: 0.0435, Loss_s: 0.0354, Loss_u: 0.0408, Mask: 0.9724, Acc: 0.9863, Prec: 0.9497, Rec: 0.9371, F1: 0.9433                                                                                             
[Epoch 110] Val Loss: 0.0664, Acc: 0.9801, Prec: 0.9150, Rec: 0.8909, F1: 0.9006
        EarlyStopping counter: 23 / 30
[Epoch 111] rho: 0.97, EMA Thresholds: [0.53 0.51 0.5  0.52 0.49 0.52 0.48 0.67 0.9 ], Std(C_k): [0.142 0.158 0.164 0.15  0.168 0.145 0.172 0.087 0.05 ]                                                                     
[Epoch 111] Train Loss: 0.0433, Loss_s: 0.0351, Loss_u: 0.0409, Mask: 0.9727, Acc: 0.9863, Prec: 0.9514, Rec: 0.9374, F1: 0.9442                                                                                             
[Epoch 111] Val Loss: 0.0688, Acc: 0.9800, Prec: 0.9182, Rec: 0.8924, F1: 0.9026
        EarlyStopping counter: 24 / 30
[Epoch 112] Train Loss: 0.0430, Loss_s: 0.0349, Loss_u: 0.0405, Mask: 0.9733, Acc: 0.9867, Prec: 0.9499, Rec: 0.9350, F1: 0.9423                                                                                             
[Epoch 112] Val Loss: 0.0681, Acc: 0.9796, Prec: 0.9157, Rec: 0.8843, F1: 0.8970
        EarlyStopping counter: 25 / 30
[Epoch 113] Train Loss: 0.0428, Loss_s: 0.0345, Loss_u: 0.0419, Mask: 0.9728, Acc: 0.9869, Prec: 0.9526, Rec: 0.9395, F1: 0.9459                                                                                             
[Epoch 113] Val Loss: 0.0771, Acc: 0.9786, Prec: 0.9088, Rec: 0.8800, F1: 0.8903
        EarlyStopping counter: 26 / 30
[Epoch 114] rho: 0.97, EMA Thresholds: [0.53 0.51 0.5  0.52 0.49 0.52 0.48 0.68 0.9 ], Std(C_k): [0.141 0.155 0.166 0.151 0.162 0.146 0.169 0.081 0.05 ]                                                                     
[Epoch 114] Train Loss: 0.0425, Loss_s: 0.0339, Loss_u: 0.0429, Mask: 0.9728, Acc: 0.9869, Prec: 0.9507, Rec: 0.9369, F1: 0.9436                                                                                             
[Epoch 114] Val Loss: 0.0692, Acc: 0.9802, Prec: 0.9162, Rec: 0.8863, F1: 0.8981
        EarlyStopping counter: 27 / 30
[Epoch 115] Train Loss: 0.0418, Loss_s: 0.0335, Loss_u: 0.0414, Mask: 0.9727, Acc: 0.9872, Prec: 0.9554, Rec: 0.9397, F1: 0.9474                                                                                             
[Epoch 115] Val Loss: 0.0695, Acc: 0.9802, Prec: 0.9175, Rec: 0.8917, F1: 0.9013
        EarlyStopping counter: 28 / 30
[Epoch 116] Train Loss: 0.0420, Loss_s: 0.0337, Loss_u: 0.0416, Mask: 0.9730, Acc: 0.9870, Prec: 0.9531, Rec: 0.9411, F1: 0.9469                                                                                             
[Epoch 116] Val Loss: 0.0752, Acc: 0.9790, Prec: 0.9140, Rec: 0.8806, F1: 0.8936
        EarlyStopping counter: 29 / 30
[Epoch 117] rho: 0.96, EMA Thresholds: [0.54 0.51 0.5  0.52 0.48 0.52 0.48 0.68 0.9 ], Std(C_k): [0.138 0.15  0.166 0.152 0.189 0.142 0.167 0.087 0.058]                                                                     
[Epoch 117] Train Loss: 0.0416, Loss_s: 0.0333, Loss_u: 0.0414, Mask: 0.9731, Acc: 0.9871, Prec: 0.9545, Rec: 0.9409, F1: 0.9475                                                                                             
[Epoch 117] Val Loss: 0.0679, Acc: 0.9798, Prec: 0.9114, Rec: 0.8944, F1: 0.8994
        EarlyStopping counter: 30 / 30
Early stopping triggered...
Total training time: 268 min 48.25 sec
Loaded best model.
[Best Model Train] Loss: 0.0516, Acc: 0.9820, Prec: 0.9376, Rec: 0.9090, F1: 0.9227                                                                                                                                          
[Best Model Train] Classification Report:
              precision    recall  f1-score   support

           0     0.9559    0.9227    0.9390      3220
           1     0.9663    0.9639    0.9651       416
           2     0.9261    0.8245    0.8723      3891
           3     0.9793    0.9919    0.9856      7260
           4     0.8396    0.8159    0.8276      2694
           5     0.9421    0.9276    0.9348       649
           6     0.8682    0.8031    0.8344       894
           7     0.9720    0.9369    0.9541       111
           8     0.9891    0.9945    0.9918    110573

    accuracy                         0.9820    129708
   macro avg     0.9376    0.9090    0.9227    129708
weighted avg     0.9816    0.9820    0.9816    129708

[Best Model Train] Confusion Matrix:
[[  2971      1      2      0     27      1      0      0    218]
 [     2    401      2      0     10      0      0      0      1]
 [    10      1   3208     89    125      4      5      0    449]
 [     0      0     20   7201      0      0      1      0     38]
 [    34      5     43      0   2198      1     53      0    360]
 [     3      3     10      0     23    602      0      3      5]
 [     0      0      4      0     30      0    718      0    142]
 [     1      0      3      0      0      3      0    104      0]
 [    87      4    172     63    205     28     50      0 109964]]

[Best Model Validation] Loss: 0.0565, Acc: 0.9809, Prec: 0.9210, Rec: 0.8961, F1: 0.9075                                                                                                                                     
[Best Model Validation] Classification Report:
              precision    recall  f1-score   support

           0     0.9618    0.8991    0.9294       644
           1     0.8636    0.9157    0.8889        83
           2     0.9391    0.8123    0.8711       778
           3     0.9730    0.9917    0.9823      1452
           4     0.8216    0.8048    0.8131       538
           5     0.9407    0.8605    0.8988       129
           6     0.8000    0.8315    0.8154       178
           7     1.0000    0.9545    0.9767        22
           8     0.9891    0.9949    0.9920     22114

    accuracy                         0.9809     25938
   macro avg     0.9210    0.8961    0.9075     25938
weighted avg     0.9806    0.9809    0.9806     25938

[Best Model Validation] Confusion Matrix:
[[  579     6     0     0     3     0     0     0    56]
 [    1    76     0     0     6     0     0     0     0]
 [    1     1   632    26    28     2     3     0    85]
 [    0     0     3  1440     0     0     0     0     9]
 [    4     4    10     0   433     2    16     0    69]
 [    2     0     4     0    10   111     0     0     2]
 [    0     0     2     1     6     0   148     0    21]
 [    1     0     0     0     0     0     0    21     0]
 [   14     1    22    13    41     3    18     0 22002]]

[Test] Loss: 0.0576, Acc: 0.9812, Prec: 0.9265, Rec: 0.8919, F1: 0.9081                                                                                                                                                      
[Test] Classification Report:
              precision    recall  f1-score   support

           0     0.9493    0.9140    0.9313       430
           1     0.8421    0.8571    0.8496        56
           2     0.9314    0.8096    0.8663       520
           3     0.9816    0.9938    0.9877       968
           4     0.8567    0.8283    0.8423       361
           5     0.9213    0.9318    0.9266        88
           6     0.8679    0.7603    0.8106       121
           7     1.0000    0.9375    0.9677        16
           8     0.9881    0.9947    0.9914     14744

    accuracy                         0.9812     17304
   macro avg     0.9265    0.8919    0.9081     17304
weighted avg     0.9807    0.9812    0.9808     17304

[Test] Confusion Matrix:
[[  393     0     0     0     2     0     0     0    35]
 [    1    48     0     0     7     0     0     0     0]
 [    0     1   421    14    12     1     0     0    71]
 [    0     0     1   962     0     0     0     0     5]
 [    4     5     9     0   299     1     3     0    40]
 [    1     1     2     0     2    82     0     0     0]
 [    0     1     0     0     3     0    92     0    25]
 [    0     0     0     0     0     1     0    15     0]
 [   15     1    19     4    24     4    11     0 14666]]