## backbone unfreeze
## fc.classifier unfreeze

05/16/2026 12:18:49 - INFO - root -   train_labeled_dataset: 129708
05/16/2026 12:18:49 - INFO - root -   val_dataset: 25938
05/16/2026 12:18:49 - INFO - root -   test_dataset: 17304
05/16/2026 12:18:49 - INFO - root -   train_unlabeled_dataset: 638507
ResnetModel(
  (backbone): ResNet(
    (conv1): Conv2d(3, 64, kernel_size=(7, 7), stride=(2, 2), padding=(3, 3), bias=False)
    (bn1): BatchNorm2d(64, eps=1e-05, momentum=0.1, affine=True, track_running_stats=True)
    (relu): ReLU(inplace=True)
    (maxpool): MaxPool2d(kernel_size=3, stride=2, padding=1, dilation=1, ceil_mode=False)
    (layer1): Sequential(
      (0): BasicBlock(
        (conv1): Conv2d(64, 64, kernel_size=(3, 3), stride=(1, 1), padding=(1, 1), bias=False)
        (bn1): BatchNorm2d(64, eps=1e-05, momentum=0.1, affine=True, track_running_stats=True)
        (relu): ReLU(inplace=True)
        (conv2): Conv2d(64, 64, kernel_size=(3, 3), stride=(1, 1), padding=(1, 1), bias=False)
        (bn2): BatchNorm2d(64, eps=1e-05, momentum=0.1, affine=True, track_running_stats=True)
      )
      (1): BasicBlock(
        (conv1): Conv2d(64, 64, kernel_size=(3, 3), stride=(1, 1), padding=(1, 1), bias=False)
        (bn1): BatchNorm2d(64, eps=1e-05, momentum=0.1, affine=True, track_running_stats=True)
        (relu): ReLU(inplace=True)
        (conv2): Conv2d(64, 64, kernel_size=(3, 3), stride=(1, 1), padding=(1, 1), bias=False)
        (bn2): BatchNorm2d(64, eps=1e-05, momentum=0.1, affine=True, track_running_stats=True)
      )
    )
    (layer2): Sequential(
      (0): BasicBlock(
        (conv1): Conv2d(64, 128, kernel_size=(3, 3), stride=(2, 2), padding=(1, 1), bias=False)
        (bn1): BatchNorm2d(128, eps=1e-05, momentum=0.1, affine=True, track_running_stats=True)
        (relu): ReLU(inplace=True)
        (conv2): Conv2d(128, 128, kernel_size=(3, 3), stride=(1, 1), padding=(1, 1), bias=False)
        (bn2): BatchNorm2d(128, eps=1e-05, momentum=0.1, affine=True, track_running_stats=True)
        (downsample): Sequential(
          (0): Conv2d(64, 128, kernel_size=(1, 1), stride=(2, 2), bias=False)
          (1): BatchNorm2d(128, eps=1e-05, momentum=0.1, affine=True, track_running_stats=True)
        )
      )
      (1): BasicBlock(
        (conv1): Conv2d(128, 128, kernel_size=(3, 3), stride=(1, 1), padding=(1, 1), bias=False)
        (bn1): BatchNorm2d(128, eps=1e-05, momentum=0.1, affine=True, track_running_stats=True)
        (relu): ReLU(inplace=True)
        (conv2): Conv2d(128, 128, kernel_size=(3, 3), stride=(1, 1), padding=(1, 1), bias=False)
        (bn2): BatchNorm2d(128, eps=1e-05, momentum=0.1, affine=True, track_running_stats=True)
      )
    )
    (layer3): Sequential(
      (0): BasicBlock(
        (conv1): Conv2d(128, 256, kernel_size=(3, 3), stride=(2, 2), padding=(1, 1), bias=False)
        (bn1): BatchNorm2d(256, eps=1e-05, momentum=0.1, affine=True, track_running_stats=True)
        (relu): ReLU(inplace=True)
        (conv2): Conv2d(256, 256, kernel_size=(3, 3), stride=(1, 1), padding=(1, 1), bias=False)
        (bn2): BatchNorm2d(256, eps=1e-05, momentum=0.1, affine=True, track_running_stats=True)
        (downsample): Sequential(
          (0): Conv2d(128, 256, kernel_size=(1, 1), stride=(2, 2), bias=False)
          (1): BatchNorm2d(256, eps=1e-05, momentum=0.1, affine=True, track_running_stats=True)
        )
      )
      (1): BasicBlock(
        (conv1): Conv2d(256, 256, kernel_size=(3, 3), stride=(1, 1), padding=(1, 1), bias=False)
        (bn1): BatchNorm2d(256, eps=1e-05, momentum=0.1, affine=True, track_running_stats=True)
        (relu): ReLU(inplace=True)
        (conv2): Conv2d(256, 256, kernel_size=(3, 3), stride=(1, 1), padding=(1, 1), bias=False)
        (bn2): BatchNorm2d(256, eps=1e-05, momentum=0.1, affine=True, track_running_stats=True)
      )
    )
    (layer4): Sequential(
      (0): BasicBlock(
        (conv1): Conv2d(256, 512, kernel_size=(3, 3), stride=(2, 2), padding=(1, 1), bias=False)
        (bn1): BatchNorm2d(512, eps=1e-05, momentum=0.1, affine=True, track_running_stats=True)
        (relu): ReLU(inplace=True)
        (conv2): Conv2d(512, 512, kernel_size=(3, 3), stride=(1, 1), padding=(1, 1), bias=False)
        (bn2): BatchNorm2d(512, eps=1e-05, momentum=0.1, affine=True, track_running_stats=True)
        (downsample): Sequential(
          (0): Conv2d(256, 512, kernel_size=(1, 1), stride=(2, 2), bias=False)
          (1): BatchNorm2d(512, eps=1e-05, momentum=0.1, affine=True, track_running_stats=True)
        )
      )
      (1): BasicBlock(
        (conv1): Conv2d(512, 512, kernel_size=(3, 3), stride=(1, 1), padding=(1, 1), bias=False)
        (bn1): BatchNorm2d(512, eps=1e-05, momentum=0.1, affine=True, track_running_stats=True)
        (relu): ReLU(inplace=True)
        (conv2): Conv2d(512, 512, kernel_size=(3, 3), stride=(1, 1), padding=(1, 1), bias=False)
        (bn2): BatchNorm2d(512, eps=1e-05, momentum=0.1, affine=True, track_running_stats=True)
      )
    )
    (avgpool): AdaptiveAvgPool2d(output_size=(1, 1))
    (fc): Sequential(
      (0): Linear(in_features=512, out_features=9, bias=True)
    )
  )
)
[Epoch 1] Train Loss: 0.1463, Loss_s: 0.1440, Loss_u: 0.0116, Mask: 0.8409, Acc: 0.9555, Prec: 0.7119, Rec: 0.7052, F1: 0.6875                                                                                            
[Epoch 1] Val Loss: 0.1204, Acc: 0.9632, Prec: 0.8691, Rec: 0.7484, F1: 0.7984
        Validation F1 improved → Saving model: ./checkpoints/best_model.pt
[Epoch 2] Train Loss: 0.0958, Loss_s: 0.0938, Loss_u: 0.0102, Mask: 0.8556, Acc: 0.9683, Prec: 0.8403, Rec: 0.7910, F1: 0.8139                                                                                            
[Epoch 2] Val Loss: 0.1069, Acc: 0.9683, Prec: 0.9123, Rec: 0.7859, F1: 0.8375
        Validation F1 improved → Saving model: ./checkpoints/best_model.pt
[Epoch 3] rho: 0.89, EMA Thresholds: [0.84 0.81 0.82 0.82 0.82 0.82 0.82 0.84 0.9 ], Std(C_k): [0.171 0.217 0.184 0.183 0.191 0.206 0.173 0.148 0.096]                                                                    
[Epoch 3] Train Loss: 0.0855, Loss_s: 0.0838, Loss_u: 0.0083, Mask: 0.8808, Acc: 0.9714, Prec: 0.8654, Rec: 0.8265, F1: 0.8445                                                                                            
[Epoch 3] Val Loss: 0.0863, Acc: 0.9722, Prec: 0.8631, Rec: 0.8453, F1: 0.8454
        Validation F1 improved → Saving model: ./checkpoints/best_model.pt
[Epoch 4] Train Loss: 0.0828, Loss_s: 0.0812, Loss_u: 0.0079, Mask: 0.8856, Acc: 0.9721, Prec: 0.8630, Rec: 0.8273, F1: 0.8442                                                                                            
[Epoch 4] Val Loss: 0.0855, Acc: 0.9714, Prec: 0.8611, Rec: 0.8535, F1: 0.8504
        Validation F1 improved → Saving model: ./checkpoints/best_model.pt
[Epoch 5] Train Loss: 0.0786, Loss_s: 0.0772, Loss_u: 0.0072, Mask: 0.8877, Acc: 0.9733, Prec: 0.8744, Rec: 0.8387, F1: 0.8556                                                                                            
[Epoch 5] Val Loss: 0.0927, Acc: 0.9709, Prec: 0.8706, Rec: 0.8282, F1: 0.8440
        EarlyStopping counter: 1 / 30
[Epoch 6] rho: 0.93, EMA Thresholds: [0.77 0.73 0.74 0.76 0.74 0.75 0.74 0.8  0.9 ], Std(C_k): [0.181 0.217 0.187 0.189 0.193 0.199 0.197 0.117 0.079]                                                                    
[Epoch 6] Train Loss: 0.0775, Loss_s: 0.0755, Loss_u: 0.0101, Mask: 0.8942, Acc: 0.9737, Prec: 0.8769, Rec: 0.8441, F1: 0.8595                                                                                            
[Epoch 6] Val Loss: 0.1028, Acc: 0.9673, Prec: 0.9057, Rec: 0.7890, F1: 0.8312
        EarlyStopping counter: 2 / 30
[Epoch 7] Train Loss: 0.0775, Loss_s: 0.0753, Loss_u: 0.0107, Mask: 0.8817, Acc: 0.9735, Prec: 0.8760, Rec: 0.8389, F1: 0.8564                                                                                            
[Epoch 7] Val Loss: 0.1090, Acc: 0.9683, Prec: 0.8926, Rec: 0.8077, F1: 0.8315
        EarlyStopping counter: 3 / 30
[Epoch 8] Train Loss: 0.0746, Loss_s: 0.0730, Loss_u: 0.0084, Mask: 0.8940, Acc: 0.9742, Prec: 0.8812, Rec: 0.8469, F1: 0.8633                                                                                            
[Epoch 8] Val Loss: 0.0913, Acc: 0.9710, Prec: 0.9016, Rec: 0.8146, F1: 0.8492
        EarlyStopping counter: 4 / 30
[Epoch 9] rho: 0.93, EMA Thresholds: [0.73 0.68 0.68 0.71 0.68 0.7  0.68 0.8  0.9 ], Std(C_k): [0.159 0.192 0.186 0.179 0.191 0.168 0.188 0.097 0.074]                                                                    
[Epoch 9] Train Loss: 0.0743, Loss_s: 0.0724, Loss_u: 0.0095, Mask: 0.8983, Acc: 0.9743, Prec: 0.8836, Rec: 0.8489, F1: 0.8654                                                                                            
[Epoch 9] Val Loss: 0.0756, Acc: 0.9747, Prec: 0.8893, Rec: 0.8698, F1: 0.8761
        Validation F1 improved → Saving model: ./checkpoints/best_model.pt
[Epoch 10] Train Loss: 0.0722, Loss_s: 0.0704, Loss_u: 0.0091, Mask: 0.8991, Acc: 0.9753, Prec: 0.8847, Rec: 0.8480, F1: 0.8655                                                                                           
[Epoch 10] Val Loss: 0.0863, Acc: 0.9713, Prec: 0.9165, Rec: 0.8153, F1: 0.8593
        EarlyStopping counter: 1 / 30
[Epoch 11] Train Loss: 0.0715, Loss_s: 0.0697, Loss_u: 0.0086, Mask: 0.9012, Acc: 0.9753, Prec: 0.8855, Rec: 0.8525, F1: 0.8683                                                                                           
[Epoch 11] Val Loss: 0.0781, Acc: 0.9735, Prec: 0.8957, Rec: 0.8170, F1: 0.8504
        EarlyStopping counter: 2 / 30
[Epoch 12] rho: 0.94, EMA Thresholds: [0.69 0.63 0.64 0.67 0.63 0.66 0.63 0.76 0.9 ], Std(C_k): [0.175 0.206 0.183 0.179 0.188 0.178 0.175 0.131 0.075]                                                                   
[Epoch 12] Train Loss: 0.0708, Loss_s: 0.0687, Loss_u: 0.0103, Mask: 0.9063, Acc: 0.9757, Prec: 0.8919, Rec: 0.8565, F1: 0.8734                                                                                           
[Epoch 12] Val Loss: 0.0860, Acc: 0.9714, Prec: 0.8787, Rec: 0.8416, F1: 0.8489
        EarlyStopping counter: 3 / 30
[Epoch 13] Train Loss: 0.0701, Loss_s: 0.0681, Loss_u: 0.0099, Mask: 0.9054, Acc: 0.9760, Prec: 0.8909, Rec: 0.8585, F1: 0.8738                                                                                           
[Epoch 13] Val Loss: 0.0770, Acc: 0.9738, Prec: 0.8536, Rec: 0.8970, F1: 0.8708
        EarlyStopping counter: 4 / 30
[Epoch 14] Train Loss: 0.0688, Loss_s: 0.0669, Loss_u: 0.0094, Mask: 0.9053, Acc: 0.9765, Prec: 0.8980, Rec: 0.8640, F1: 0.8801                                                                                           
[Epoch 14] Val Loss: 0.0759, Acc: 0.9741, Prec: 0.8944, Rec: 0.8451, F1: 0.8633
        EarlyStopping counter: 5 / 30
[Epoch 15] rho: 0.93, EMA Thresholds: [0.66 0.58 0.6  0.63 0.59 0.63 0.59 0.72 0.9 ], Std(C_k): [0.173 0.211 0.185 0.186 0.183 0.174 0.185 0.146 0.078]                                                                   
[Epoch 15] Train Loss: 0.0686, Loss_s: 0.0667, Loss_u: 0.0094, Mask: 0.9101, Acc: 0.9762, Prec: 0.8934, Rec: 0.8614, F1: 0.8768                                                                                           
[Epoch 15] Val Loss: 0.0722, Acc: 0.9753, Prec: 0.8724, Rec: 0.8706, F1: 0.8654
        EarlyStopping counter: 6 / 30
[Epoch 16] Train Loss: 0.0674, Loss_s: 0.0655, Loss_u: 0.0093, Mask: 0.9075, Acc: 0.9764, Prec: 0.8892, Rec: 0.8622, F1: 0.8748                                                                                           
[Epoch 16] Val Loss: 0.0810, Acc: 0.9723, Prec: 0.8925, Rec: 0.8256, F1: 0.8492
        EarlyStopping counter: 7 / 30
[Epoch 17] Train Loss: 0.0664, Loss_s: 0.0645, Loss_u: 0.0093, Mask: 0.9064, Acc: 0.9766, Prec: 0.8928, Rec: 0.8642, F1: 0.8777                                                                                           
[Epoch 17] Val Loss: 0.0772, Acc: 0.9725, Prec: 0.9078, Rec: 0.8404, F1: 0.8668
        EarlyStopping counter: 8 / 30
[Epoch 18] rho: 0.88, EMA Thresholds: [0.64 0.57 0.57 0.62 0.57 0.64 0.55 0.75 0.9 ], Std(C_k): [0.172 0.201 0.182 0.184 0.187 0.158 0.203 0.104 0.099]                                                                   
[Epoch 18] Train Loss: 0.0658, Loss_s: 0.0637, Loss_u: 0.0105, Mask: 0.9090, Acc: 0.9773, Prec: 0.8995, Rec: 0.8693, F1: 0.8837                                                                                           
[Epoch 18] Val Loss: 0.0700, Acc: 0.9754, Prec: 0.8825, Rec: 0.8841, F1: 0.8823
        Validation F1 improved → Saving model: ./checkpoints/best_model.pt
[Epoch 19] Train Loss: 0.0644, Loss_s: 0.0624, Loss_u: 0.0099, Mask: 0.9118, Acc: 0.9769, Prec: 0.8981, Rec: 0.8687, F1: 0.8827                                                                                           
[Epoch 19] Val Loss: 0.0814, Acc: 0.9727, Prec: 0.8919, Rec: 0.8321, F1: 0.8532
        EarlyStopping counter: 1 / 30
[Epoch 20] Train Loss: 0.0637, Loss_s: 0.0618, Loss_u: 0.0094, Mask: 0.9104, Acc: 0.9778, Prec: 0.9038, Rec: 0.8682, F1: 0.8852                                                                                           
[Epoch 20] Val Loss: 0.0669, Acc: 0.9772, Prec: 0.8919, Rec: 0.8621, F1: 0.8741
        EarlyStopping counter: 2 / 30
[Epoch 21] rho: 0.90, EMA Thresholds: [0.62 0.55 0.56 0.6  0.54 0.62 0.53 0.74 0.9 ], Std(C_k): [0.183 0.204 0.179 0.193 0.183 0.169 0.196 0.132 0.09 ]                                                                   
[Epoch 21] Train Loss: 0.0634, Loss_s: 0.0614, Loss_u: 0.0101, Mask: 0.9027, Acc: 0.9781, Prec: 0.9034, Rec: 0.8728, F1: 0.8875                                                                                           
[Epoch 21] Val Loss: 0.0767, Acc: 0.9745, Prec: 0.8885, Rec: 0.8722, F1: 0.8770
        EarlyStopping counter: 3 / 30
[Epoch 22] Train Loss: 0.0635, Loss_s: 0.0615, Loss_u: 0.0098, Mask: 0.9069, Acc: 0.9781, Prec: 0.9036, Rec: 0.8726, F1: 0.8874                                                                                           
[Epoch 22] Val Loss: 0.0684, Acc: 0.9767, Prec: 0.8989, Rec: 0.8582, F1: 0.8752
        EarlyStopping counter: 4 / 30
[Epoch 23] Train Loss: 0.0634, Loss_s: 0.0615, Loss_u: 0.0094, Mask: 0.9047, Acc: 0.9779, Prec: 0.9037, Rec: 0.8761, F1: 0.8892                                                                                           
[Epoch 23] Val Loss: 0.0729, Acc: 0.9752, Prec: 0.8579, Rec: 0.8719, F1: 0.8596
        EarlyStopping counter: 5 / 30
[Epoch 24] rho: 0.90, EMA Thresholds: [0.61 0.53 0.53 0.58 0.52 0.6  0.51 0.76 0.9 ], Std(C_k): [0.178 0.211 0.175 0.2   0.189 0.199 0.194 0.116 0.09 ]                                                                   
[Epoch 24] Train Loss: 0.0627, Loss_s: 0.0608, Loss_u: 0.0093, Mask: 0.9049, Acc: 0.9779, Prec: 0.9065, Rec: 0.8764, F1: 0.8907                                                                                           
[Epoch 24] Val Loss: 0.0678, Acc: 0.9766, Prec: 0.9124, Rec: 0.8464, F1: 0.8764
        EarlyStopping counter: 6 / 30
[Epoch 25] Train Loss: 0.0605, Loss_s: 0.0587, Loss_u: 0.0088, Mask: 0.9086, Acc: 0.9786, Prec: 0.9045, Rec: 0.8786, F1: 0.8908                                                                                           
[Epoch 25] Val Loss: 0.0666, Acc: 0.9777, Prec: 0.8843, Rec: 0.8787, F1: 0.8748
        EarlyStopping counter: 7 / 30
[Epoch 26] Train Loss: 0.0612, Loss_s: 0.0595, Loss_u: 0.0086, Mask: 0.9060, Acc: 0.9782, Prec: 0.9038, Rec: 0.8741, F1: 0.8883                                                                                           
[Epoch 26] Val Loss: 0.0729, Acc: 0.9754, Prec: 0.9030, Rec: 0.8504, F1: 0.8714
        EarlyStopping counter: 8 / 30
[Epoch 27] rho: 0.93, EMA Thresholds: [0.58 0.51 0.51 0.56 0.5  0.57 0.49 0.74 0.9 ], Std(C_k): [0.19  0.208 0.175 0.191 0.183 0.193 0.192 0.126 0.079]                                                                   
[Epoch 27] Train Loss: 0.0600, Loss_s: 0.0582, Loss_u: 0.0092, Mask: 0.9062, Acc: 0.9786, Prec: 0.9094, Rec: 0.8843, F1: 0.8962                                                                                           
[Epoch 27] Val Loss: 0.0798, Acc: 0.9750, Prec: 0.8690, Rec: 0.8640, F1: 0.8535
        EarlyStopping counter: 9 / 30
[Epoch 28] Train Loss: 0.0604, Loss_s: 0.0585, Loss_u: 0.0095, Mask: 0.9026, Acc: 0.9785, Prec: 0.9059, Rec: 0.8760, F1: 0.8903                                                                                           
[Epoch 28] Val Loss: 0.0697, Acc: 0.9761, Prec: 0.8925, Rec: 0.8729, F1: 0.8771
        EarlyStopping counter: 10 / 30
[Epoch 29] Train Loss: 0.0598, Loss_s: 0.0579, Loss_u: 0.0092, Mask: 0.9074, Acc: 0.9792, Prec: 0.9089, Rec: 0.8808, F1: 0.8943                                                                                           
[Epoch 29] Val Loss: 0.0647, Acc: 0.9780, Prec: 0.9080, Rec: 0.8626, F1: 0.8817
        EarlyStopping counter: 11 / 30
[Epoch 30] rho: 0.91, EMA Thresholds: [0.57 0.5  0.5  0.54 0.49 0.55 0.48 0.72 0.9 ], Std(C_k): [0.193 0.202 0.18  0.202 0.183 0.204 0.194 0.142 0.088]                                                                   
[Epoch 30] Train Loss: 0.0593, Loss_s: 0.0574, Loss_u: 0.0095, Mask: 0.9054, Acc: 0.9787, Prec: 0.9073, Rec: 0.8774, F1: 0.8917                                                                                           
[Epoch 30] Val Loss: 0.0728, Acc: 0.9768, Prec: 0.8679, Rec: 0.8776, F1: 0.8623
        EarlyStopping counter: 12 / 30
[Epoch 31] Train Loss: 0.0588, Loss_s: 0.0569, Loss_u: 0.0095, Mask: 0.9043, Acc: 0.9791, Prec: 0.9068, Rec: 0.8755, F1: 0.8904                                                                                           
[Epoch 31] Val Loss: 0.0696, Acc: 0.9786, Prec: 0.8839, Rec: 0.8963, F1: 0.8885
        Validation F1 improved → Saving model: ./checkpoints/best_model.pt
[Epoch 32] Train Loss: 0.0584, Loss_s: 0.0566, Loss_u: 0.0088, Mask: 0.9022, Acc: 0.9794, Prec: 0.9159, Rec: 0.8860, F1: 0.9004                                                                                           
[Epoch 32] Val Loss: 0.0684, Acc: 0.9779, Prec: 0.8978, Rec: 0.8701, F1: 0.8788
        EarlyStopping counter: 1 / 30
[Epoch 33] rho: 0.92, EMA Thresholds: [0.56 0.49 0.5  0.54 0.48 0.53 0.47 0.67 0.9 ], Std(C_k): [0.184 0.2   0.175 0.192 0.185 0.212 0.187 0.176 0.084]                                                                   
[Epoch 33] Train Loss: 0.0576, Loss_s: 0.0557, Loss_u: 0.0094, Mask: 0.9005, Acc: 0.9794, Prec: 0.9152, Rec: 0.8902, F1: 0.9021                                                                                           
[Epoch 33] Val Loss: 0.0677, Acc: 0.9795, Prec: 0.8947, Rec: 0.8764, F1: 0.8804
        EarlyStopping counter: 2 / 30
[Epoch 34] Train Loss: 0.0582, Loss_s: 0.0563, Loss_u: 0.0094, Mask: 0.8991, Acc: 0.9794, Prec: 0.9139, Rec: 0.8879, F1: 0.9003                                                                                           
[Epoch 34] Val Loss: 0.0782, Acc: 0.9754, Prec: 0.9051, Rec: 0.8600, F1: 0.8771
        EarlyStopping counter: 3 / 30
[Epoch 35] Train Loss: 0.0577, Loss_s: 0.0558, Loss_u: 0.0094, Mask: 0.9033, Acc: 0.9792, Prec: 0.9098, Rec: 0.8836, F1: 0.8961                                                                                           
[Epoch 35] Val Loss: 0.0758, Acc: 0.9759, Prec: 0.8917, Rec: 0.8571, F1: 0.8691
        EarlyStopping counter: 4 / 30
[Epoch 36] rho: 0.92, EMA Thresholds: [0.54 0.49 0.49 0.53 0.47 0.53 0.46 0.66 0.9 ], Std(C_k): [0.192 0.192 0.179 0.189 0.176 0.189 0.188 0.15  0.083]                                                                   
[Epoch 36] Train Loss: 0.0567, Loss_s: 0.0549, Loss_u: 0.0092, Mask: 0.9076, Acc: 0.9799, Prec: 0.9160, Rec: 0.8900, F1: 0.9025                                                                                           
[Epoch 36] Val Loss: 0.0827, Acc: 0.9768, Prec: 0.8680, Rec: 0.9045, F1: 0.8791
        EarlyStopping counter: 5 / 30
[Epoch 37] Train Loss: 0.0573, Loss_s: 0.0555, Loss_u: 0.0090, Mask: 0.9099, Acc: 0.9797, Prec: 0.9122, Rec: 0.8856, F1: 0.8983                                                                                           
[Epoch 37] Val Loss: 0.0700, Acc: 0.9777, Prec: 0.8939, Rec: 0.8733, F1: 0.8785
        EarlyStopping counter: 6 / 30
[Epoch 38] Train Loss: 0.0569, Loss_s: 0.0551, Loss_u: 0.0088, Mask: 0.9036, Acc: 0.9797, Prec: 0.9166, Rec: 0.8869, F1: 0.9011                                                                                           
[Epoch 38] Val Loss: 0.0808, Acc: 0.9789, Prec: 0.9048, Rec: 0.8822, F1: 0.8887
        Validation F1 improved → Saving model: ./checkpoints/best_model.pt
[Epoch 39] rho: 0.90, EMA Thresholds: [0.54 0.49 0.49 0.52 0.46 0.52 0.46 0.67 0.9 ], Std(C_k): [0.185 0.198 0.174 0.199 0.179 0.201 0.193 0.128 0.089]                                                                   
[Epoch 39] Train Loss: 0.0564, Loss_s: 0.0544, Loss_u: 0.0099, Mask: 0.8935, Acc: 0.9801, Prec: 0.9129, Rec: 0.8865, F1: 0.8992                                                                                           
[Epoch 39] Val Loss: 0.0684, Acc: 0.9786, Prec: 0.9004, Rec: 0.8930, F1: 0.8935
        Validation F1 improved → Saving model: ./checkpoints/best_model.pt
[Epoch 40] Train Loss: 0.0560, Loss_s: 0.0541, Loss_u: 0.0096, Mask: 0.9014, Acc: 0.9804, Prec: 0.9147, Rec: 0.8936, F1: 0.9037                                                                                           
[Epoch 40] Val Loss: 0.0693, Acc: 0.9778, Prec: 0.9074, Rec: 0.8739, F1: 0.8864
        EarlyStopping counter: 1 / 30
[Epoch 41] Train Loss: 0.0559, Loss_s: 0.0540, Loss_u: 0.0092, Mask: 0.9141, Acc: 0.9802, Prec: 0.9180, Rec: 0.8916, F1: 0.9043                                                                                           
[Epoch 41] Val Loss: 0.0754, Acc: 0.9777, Prec: 0.9032, Rec: 0.8770, F1: 0.8851
        EarlyStopping counter: 2 / 30
[Epoch 42] rho: 0.91, EMA Thresholds: [0.54 0.49 0.48 0.52 0.45 0.51 0.45 0.67 0.9 ], Std(C_k): [0.183 0.2   0.176 0.197 0.177 0.215 0.196 0.138 0.086]                                                                   
[Epoch 42] Train Loss: 0.0547, Loss_s: 0.0529, Loss_u: 0.0093, Mask: 0.9033, Acc: 0.9805, Prec: 0.9186, Rec: 0.8903, F1: 0.9039                                                                                           
[Epoch 42] Val Loss: 0.0670, Acc: 0.9795, Prec: 0.9170, Rec: 0.8639, F1: 0.8874
        EarlyStopping counter: 3 / 30
[Epoch 43] Train Loss: 0.0552, Loss_s: 0.0535, Loss_u: 0.0084, Mask: 0.9010, Acc: 0.9805, Prec: 0.9186, Rec: 0.8918, F1: 0.9047                                                                                           
[Epoch 43] Val Loss: 0.0713, Acc: 0.9785, Prec: 0.8958, Rec: 0.8682, F1: 0.8787
        EarlyStopping counter: 4 / 30
[Epoch 44] Train Loss: 0.0553, Loss_s: 0.0536, Loss_u: 0.0089, Mask: 0.9073, Acc: 0.9803, Prec: 0.9201, Rec: 0.8944, F1: 0.9067                                                                                           
[Epoch 44] Val Loss: 0.0668, Acc: 0.9796, Prec: 0.9068, Rec: 0.8833, F1: 0.8925
        EarlyStopping counter: 5 / 30
[Epoch 45] rho: 0.89, EMA Thresholds: [0.54 0.49 0.48 0.52 0.45 0.5  0.45 0.67 0.9 ], Std(C_k): [0.183 0.191 0.176 0.199 0.172 0.206 0.182 0.151 0.085]                                                                   
[Epoch 45] Train Loss: 0.0546, Loss_s: 0.0528, Loss_u: 0.0091, Mask: 0.9029, Acc: 0.9803, Prec: 0.9177, Rec: 0.8871, F1: 0.9019                                                                                           
[Epoch 45] Val Loss: 0.0816, Acc: 0.9769, Prec: 0.8935, Rec: 0.8869, F1: 0.8856
        EarlyStopping counter: 6 / 30
[Epoch 46] Train Loss: 0.0542, Loss_s: 0.0523, Loss_u: 0.0092, Mask: 0.8959, Acc: 0.9809, Prec: 0.9194, Rec: 0.8949, F1: 0.9067                                                                                           
[Epoch 46] Val Loss: 0.0813, Acc: 0.9766, Prec: 0.8899, Rec: 0.8670, F1: 0.8696
        EarlyStopping counter: 7 / 30
[Epoch 47] Train Loss: 0.0535, Loss_s: 0.0517, Loss_u: 0.0090, Mask: 0.9098, Acc: 0.9809, Prec: 0.9205, Rec: 0.8956, F1: 0.9076                                                                                           
[Epoch 47] Val Loss: 0.0718, Acc: 0.9761, Prec: 0.8856, Rec: 0.8415, F1: 0.8550
        EarlyStopping counter: 8 / 30
[Epoch 48] rho: 0.90, EMA Thresholds: [0.54 0.5  0.48 0.52 0.46 0.51 0.45 0.69 0.9 ], Std(C_k): [0.172 0.193 0.178 0.19  0.182 0.176 0.185 0.118 0.077]                                                                   
[Epoch 48] Train Loss: 0.0534, Loss_s: 0.0516, Loss_u: 0.0089, Mask: 0.9040, Acc: 0.9806, Prec: 0.9188, Rec: 0.8949, F1: 0.9064                                                                                           
[Epoch 48] Val Loss: 0.0767, Acc: 0.9760, Prec: 0.8958, Rec: 0.8666, F1: 0.8754
        EarlyStopping counter: 9 / 30
[Epoch 49] Train Loss: 0.0540, Loss_s: 0.0522, Loss_u: 0.0092, Mask: 0.9069, Acc: 0.9804, Prec: 0.9221, Rec: 0.8917, F1: 0.9063                                                                                           
[Epoch 49] Val Loss: 0.0723, Acc: 0.9776, Prec: 0.9006, Rec: 0.8580, F1: 0.8742
        EarlyStopping counter: 10 / 30
[Epoch 50] Train Loss: 0.0539, Loss_s: 0.0521, Loss_u: 0.0089, Mask: 0.9103, Acc: 0.9809, Prec: 0.9228, Rec: 0.8987, F1: 0.9102                                                                                           
[Epoch 50] Val Loss: 0.0701, Acc: 0.9781, Prec: 0.8981, Rec: 0.8772, F1: 0.8826
        EarlyStopping counter: 11 / 30
[Epoch 51] rho: 0.90, EMA Thresholds: [0.54 0.5  0.48 0.52 0.45 0.51 0.45 0.68 0.9 ], Std(C_k): [0.186 0.199 0.177 0.192 0.175 0.194 0.185 0.147 0.086]                                                                   
[Epoch 51] Train Loss: 0.0526, Loss_s: 0.0508, Loss_u: 0.0088, Mask: 0.9073, Acc: 0.9814, Prec: 0.9270, Rec: 0.9018, F1: 0.9139                                                                                           
[Epoch 51] Val Loss: 0.0835, Acc: 0.9784, Prec: 0.8977, Rec: 0.8929, F1: 0.8900
        EarlyStopping counter: 12 / 30
[Epoch 52] Train Loss: 0.0530, Loss_s: 0.0512, Loss_u: 0.0088, Mask: 0.8927, Acc: 0.9810, Prec: 0.9230, Rec: 0.8984, F1: 0.9102                                                                                           
[Epoch 52] Val Loss: 0.0782, Acc: 0.9773, Prec: 0.8876, Rec: 0.8770, F1: 0.8787
        EarlyStopping counter: 13 / 30
[Epoch 53] Train Loss: 0.0525, Loss_s: 0.0508, Loss_u: 0.0087, Mask: 0.9060, Acc: 0.9810, Prec: 0.9210, Rec: 0.8992, F1: 0.9096                                                                                           
[Epoch 53] Val Loss: 0.0685, Acc: 0.9793, Prec: 0.9047, Rec: 0.8812, F1: 0.8891
        EarlyStopping counter: 14 / 30
[Epoch 54] rho: 0.91, EMA Thresholds: [0.54 0.5  0.48 0.51 0.45 0.5  0.45 0.68 0.9 ], Std(C_k): [0.188 0.192 0.179 0.197 0.175 0.199 0.185 0.137 0.082]                                                                   
[Epoch 54] Train Loss: 0.0519, Loss_s: 0.0503, Loss_u: 0.0082, Mask: 0.9200, Acc: 0.9809, Prec: 0.9204, Rec: 0.8980, F1: 0.9088                                                                                           
[Epoch 54] Val Loss: 0.0742, Acc: 0.9763, Prec: 0.9071, Rec: 0.8591, F1: 0.8750
        EarlyStopping counter: 15 / 30
[Epoch 55] Train Loss: 0.0519, Loss_s: 0.0501, Loss_u: 0.0087, Mask: 0.9137, Acc: 0.9813, Prec: 0.9207, Rec: 0.8976, F1: 0.9087                                                                                           
[Epoch 55] Val Loss: 0.0708, Acc: 0.9780, Prec: 0.9005, Rec: 0.8781, F1: 0.8855
        EarlyStopping counter: 16 / 30
[Epoch 56] Train Loss: 0.0515, Loss_s: 0.0497, Loss_u: 0.0090, Mask: 0.9177, Acc: 0.9814, Prec: 0.9229, Rec: 0.8977, F1: 0.9098                                                                                           
[Epoch 56] Val Loss: 0.0747, Acc: 0.9790, Prec: 0.9022, Rec: 0.8868, F1: 0.8906
        EarlyStopping counter: 17 / 30
[Epoch 57] rho: 0.90, EMA Thresholds: [0.54 0.5  0.48 0.52 0.45 0.5  0.45 0.7  0.9 ], Std(C_k): [0.185 0.194 0.181 0.188 0.178 0.201 0.172 0.112 0.085]                                                                   
[Epoch 57] Train Loss: 0.0516, Loss_s: 0.0499, Loss_u: 0.0087, Mask: 0.9036, Acc: 0.9816, Prec: 0.9267, Rec: 0.9047, F1: 0.9152                                                                                           
[Epoch 57] Val Loss: 0.0697, Acc: 0.9787, Prec: 0.9090, Rec: 0.8622, F1: 0.8822
        EarlyStopping counter: 18 / 30
[Epoch 58] Train Loss: 0.0510, Loss_s: 0.0493, Loss_u: 0.0085, Mask: 0.9083, Acc: 0.9819, Prec: 0.9242, Rec: 0.8995, F1: 0.9115                                                                                           
[Epoch 58] Val Loss: 0.0778, Acc: 0.9773, Prec: 0.8869, Rec: 0.8813, F1: 0.8773
        EarlyStopping counter: 19 / 30
[Epoch 59] Train Loss: 0.0505, Loss_s: 0.0488, Loss_u: 0.0087, Mask: 0.9113, Acc: 0.9818, Prec: 0.9249, Rec: 0.9009, F1: 0.9125                                                                                           
[Epoch 59] Val Loss: 0.0725, Acc: 0.9774, Prec: 0.9099, Rec: 0.8693, F1: 0.8843
        EarlyStopping counter: 20 / 30
[Epoch 60] rho: 0.90, EMA Thresholds: [0.54 0.5  0.48 0.52 0.45 0.5  0.46 0.72 0.9 ], Std(C_k): [0.175 0.19  0.178 0.188 0.175 0.196 0.185 0.115 0.082]                                                                   
[Epoch 60] Train Loss: 0.0509, Loss_s: 0.0492, Loss_u: 0.0083, Mask: 0.9021, Acc: 0.9821, Prec: 0.9257, Rec: 0.9048, F1: 0.9149                                                                                           
[Epoch 60] Val Loss: 0.0738, Acc: 0.9781, Prec: 0.8973, Rec: 0.8986, F1: 0.8951
        Validation F1 improved → Saving model: ./checkpoints/best_model.pt
[Epoch 61] Train Loss: 0.0502, Loss_s: 0.0484, Loss_u: 0.0086, Mask: 0.9058, Acc: 0.9816, Prec: 0.9277, Rec: 0.9016, F1: 0.9143                                                                                           
[Epoch 61] Val Loss: 0.0898, Acc: 0.9784, Prec: 0.8888, Rec: 0.8989, F1: 0.8901
        EarlyStopping counter: 1 / 30
[Epoch 62] Train Loss: 0.0504, Loss_s: 0.0487, Loss_u: 0.0087, Mask: 0.8958, Acc: 0.9817, Prec: 0.9222, Rec: 0.9017, F1: 0.9115                                                                                           
[Epoch 62] Val Loss: 0.0746, Acc: 0.9769, Prec: 0.9031, Rec: 0.8789, F1: 0.8855
        EarlyStopping counter: 2 / 30
[Epoch 63] rho: 0.82, EMA Thresholds: [0.55 0.52 0.49 0.53 0.45 0.52 0.46 0.74 0.9 ], Std(C_k): [0.189 0.191 0.174 0.191 0.178 0.202 0.199 0.146 0.114]                                                                   
[Epoch 63] Train Loss: 0.0492, Loss_s: 0.0477, Loss_u: 0.0076, Mask: 0.9101, Acc: 0.9820, Prec: 0.9288, Rec: 0.9034, F1: 0.9157                                                                                           
[Epoch 63] Val Loss: 0.0680, Acc: 0.9790, Prec: 0.8960, Rec: 0.8840, F1: 0.8851
        EarlyStopping counter: 3 / 30
[Epoch 64] Train Loss: 0.0493, Loss_s: 0.0477, Loss_u: 0.0081, Mask: 0.9129, Acc: 0.9825, Prec: 0.9311, Rec: 0.9056, F1: 0.9179                                                                                           
[Epoch 64] Val Loss: 0.0724, Acc: 0.9794, Prec: 0.8949, Rec: 0.8867, F1: 0.8875
        EarlyStopping counter: 4 / 30
[Epoch 65] Train Loss: 0.0490, Loss_s: 0.0474, Loss_u: 0.0080, Mask: 0.9076, Acc: 0.9821, Prec: 0.9273, Rec: 0.9046, F1: 0.9155                                                                                           
[Epoch 65] Val Loss: 0.0723, Acc: 0.9776, Prec: 0.8792, Rec: 0.8772, F1: 0.8695
        EarlyStopping counter: 5 / 30
[Epoch 66] rho: 0.93, EMA Thresholds: [0.54 0.51 0.49 0.52 0.45 0.51 0.46 0.71 0.9 ], Std(C_k): [0.181 0.194 0.18  0.194 0.177 0.206 0.188 0.14  0.077]                                                                   
[Epoch 66] Train Loss: 0.0487, Loss_s: 0.0470, Loss_u: 0.0086, Mask: 0.9232, Acc: 0.9823, Prec: 0.9261, Rec: 0.9034, F1: 0.9143                                                                                           
[Epoch 66] Val Loss: 0.0713, Acc: 0.9789, Prec: 0.8994, Rec: 0.8900, F1: 0.8922
        EarlyStopping counter: 6 / 30
[Epoch 67] Train Loss: 0.0491, Loss_s: 0.0474, Loss_u: 0.0082, Mask: 0.9163, Acc: 0.9822, Prec: 0.9284, Rec: 0.9061, F1: 0.9168                                                                                           
[Epoch 67] Val Loss: 0.0676, Acc: 0.9796, Prec: 0.9020, Rec: 0.8887, F1: 0.8927
        EarlyStopping counter: 7 / 30
[Epoch 68] Train Loss: 0.0492, Loss_s: 0.0477, Loss_u: 0.0080, Mask: 0.9164, Acc: 0.9822, Prec: 0.9314, Rec: 0.9075, F1: 0.9191                                                                                           
[Epoch 68] Val Loss: 0.0697, Acc: 0.9793, Prec: 0.9119, Rec: 0.8836, F1: 0.8953
        Validation F1 improved → Saving model: ./checkpoints/best_model.pt
[Epoch 69] rho: 0.91, EMA Thresholds: [0.54 0.51 0.49 0.52 0.45 0.5  0.46 0.71 0.9 ], Std(C_k): [0.183 0.188 0.177 0.194 0.178 0.196 0.184 0.123 0.082]                                                                   
[Epoch 69] Train Loss: 0.0485, Loss_s: 0.0468, Loss_u: 0.0084, Mask: 0.9159, Acc: 0.9825, Prec: 0.9307, Rec: 0.9082, F1: 0.9191                                                                                           
[Epoch 69] Val Loss: 0.0714, Acc: 0.9772, Prec: 0.8887, Rec: 0.8834, F1: 0.8836
        EarlyStopping counter: 1 / 30
[Epoch 70] Train Loss: 0.0478, Loss_s: 0.0461, Loss_u: 0.0086, Mask: 0.9245, Acc: 0.9827, Prec: 0.9322, Rec: 0.9095, F1: 0.9204                                                                                           
[Epoch 70] Val Loss: 0.0693, Acc: 0.9803, Prec: 0.9146, Rec: 0.8861, F1: 0.8980
        Validation F1 improved → Saving model: ./checkpoints/best_model.pt
[Epoch 71] Train Loss: 0.0478, Loss_s: 0.0462, Loss_u: 0.0083, Mask: 0.9083, Acc: 0.9823, Prec: 0.9262, Rec: 0.9074, F1: 0.9164                                                                                           
[Epoch 71] Val Loss: 0.0697, Acc: 0.9788, Prec: 0.8899, Rec: 0.8936, F1: 0.8906
        EarlyStopping counter: 1 / 30
[Epoch 72] rho: 0.91, EMA Thresholds: [0.53 0.51 0.48 0.52 0.46 0.5  0.47 0.71 0.9 ], Std(C_k): [0.187 0.185 0.175 0.194 0.174 0.191 0.182 0.136 0.086]                                                                   
[Epoch 72] Train Loss: 0.0475, Loss_s: 0.0457, Loss_u: 0.0089, Mask: 0.9005, Acc: 0.9824, Prec: 0.9303, Rec: 0.9071, F1: 0.9184                                                                                           
[Epoch 72] Val Loss: 0.0921, Acc: 0.9745, Prec: 0.8587, Rec: 0.9094, F1: 0.8790
        EarlyStopping counter: 2 / 30
[Epoch 73] Train Loss: 0.0472, Loss_s: 0.0455, Loss_u: 0.0088, Mask: 0.8870, Acc: 0.9829, Prec: 0.9331, Rec: 0.9137, F1: 0.9231                                                                                           
[Epoch 73] Val Loss: 0.0781, Acc: 0.9780, Prec: 0.8944, Rec: 0.8863, F1: 0.8865
        EarlyStopping counter: 3 / 30
[Epoch 74] Train Loss: 0.0477, Loss_s: 0.0459, Loss_u: 0.0087, Mask: 0.9052, Acc: 0.9827, Prec: 0.9347, Rec: 0.9117, F1: 0.9229                                                                                           
[Epoch 74] Val Loss: 0.0741, Acc: 0.9789, Prec: 0.8889, Rec: 0.8953, F1: 0.8889
        EarlyStopping counter: 4 / 30
[Epoch 75] rho: 0.90, EMA Thresholds: [0.54 0.52 0.49 0.52 0.46 0.51 0.47 0.73 0.9 ], Std(C_k): [0.18  0.176 0.18  0.194 0.179 0.182 0.181 0.117 0.087]                                                                   
[Epoch 75] Train Loss: 0.0475, Loss_s: 0.0459, Loss_u: 0.0079, Mask: 0.8996, Acc: 0.9827, Prec: 0.9303, Rec: 0.9105, F1: 0.9201                                                                                           
[Epoch 75] Val Loss: 0.0604, Acc: 0.9806, Prec: 0.9101, Rec: 0.8787, F1: 0.8908
        EarlyStopping counter: 5 / 30
[Epoch 76] Train Loss: 0.0465, Loss_s: 0.0450, Loss_u: 0.0075, Mask: 0.9179, Acc: 0.9829, Prec: 0.9291, Rec: 0.9073, F1: 0.9179                                                                                           
[Epoch 76] Val Loss: 0.0715, Acc: 0.9785, Prec: 0.9138, Rec: 0.8747, F1: 0.8894
        EarlyStopping counter: 6 / 30
[Epoch 77] Train Loss: 0.0462, Loss_s: 0.0447, Loss_u: 0.0077, Mask: 0.8989, Acc: 0.9831, Prec: 0.9331, Rec: 0.9140, F1: 0.9232                                                                                           
[Epoch 77] Val Loss: 0.0671, Acc: 0.9789, Prec: 0.9107, Rec: 0.8725, F1: 0.8887
        EarlyStopping counter: 7 / 30
[Epoch 78] rho: 0.87, EMA Thresholds: [0.54 0.53 0.49 0.52 0.47 0.52 0.47 0.74 0.9 ], Std(C_k): [0.184 0.182 0.178 0.191 0.177 0.19  0.179 0.136 0.092]                                                                   
[Epoch 78] Train Loss: 0.0459, Loss_s: 0.0443, Loss_u: 0.0080, Mask: 0.8929, Acc: 0.9834, Prec: 0.9358, Rec: 0.9132, F1: 0.9242                                                                                           
[Epoch 78] Val Loss: 0.0853, Acc: 0.9767, Prec: 0.8795, Rec: 0.8911, F1: 0.8786
        EarlyStopping counter: 8 / 30
[Epoch 79] Train Loss: 0.0456, Loss_s: 0.0439, Loss_u: 0.0083, Mask: 0.8657, Acc: 0.9833, Prec: 0.9320, Rec: 0.9145, F1: 0.9230                                                                                           
[Epoch 79] Val Loss: 0.0784, Acc: 0.9784, Prec: 0.9045, Rec: 0.8861, F1: 0.8903
        EarlyStopping counter: 9 / 30
[Epoch 80] Train Loss: 0.0453, Loss_s: 0.0436, Loss_u: 0.0084, Mask: 0.8778, Acc: 0.9832, Prec: 0.9337, Rec: 0.9145, F1: 0.9237                                                                                           
[Epoch 80] Val Loss: 0.0763, Acc: 0.9775, Prec: 0.8970, Rec: 0.8794, F1: 0.8845
        EarlyStopping counter: 10 / 30
[Epoch 81] rho: 0.88, EMA Thresholds: [0.54 0.53 0.49 0.53 0.47 0.53 0.47 0.74 0.9 ], Std(C_k): [0.183 0.185 0.171 0.185 0.177 0.189 0.191 0.13  0.094]                                                                   
[Epoch 81] Train Loss: 0.0450, Loss_s: 0.0434, Loss_u: 0.0084, Mask: 0.8952, Acc: 0.9836, Prec: 0.9365, Rec: 0.9125, F1: 0.9242                                                                                           
[Epoch 81] Val Loss: 0.0855, Acc: 0.9780, Prec: 0.8910, Rec: 0.8854, F1: 0.8849
        EarlyStopping counter: 11 / 30
[Epoch 82] Train Loss: 0.0442, Loss_s: 0.0426, Loss_u: 0.0083, Mask: 0.8886, Acc: 0.9841, Prec: 0.9373, Rec: 0.9202, F1: 0.9285                                                                                           
[Epoch 82] Val Loss: 0.0751, Acc: 0.9779, Prec: 0.8821, Rec: 0.8847, F1: 0.8808
        EarlyStopping counter: 12 / 30
[Epoch 83] Train Loss: 0.0449, Loss_s: 0.0433, Loss_u: 0.0079, Mask: 0.9098, Acc: 0.9835, Prec: 0.9344, Rec: 0.9130, F1: 0.9234                                                                                           
[Epoch 83] Val Loss: 0.0732, Acc: 0.9783, Prec: 0.8905, Rec: 0.8957, F1: 0.8898
        EarlyStopping counter: 13 / 30
[Epoch 84] rho: 0.88, EMA Thresholds: [0.55 0.54 0.49 0.53 0.48 0.53 0.47 0.74 0.9 ], Std(C_k): [0.179 0.18  0.173 0.191 0.176 0.184 0.179 0.14  0.09 ]                                                                   
[Epoch 84] Train Loss: 0.0438, Loss_s: 0.0422, Loss_u: 0.0081, Mask: 0.8975, Acc: 0.9839, Prec: 0.9391, Rec: 0.9187, F1: 0.9286                                                                                           
[Epoch 84] Val Loss: 0.0815, Acc: 0.9778, Prec: 0.8872, Rec: 0.8798, F1: 0.8781
        EarlyStopping counter: 14 / 30
[Epoch 85] Train Loss: 0.0440, Loss_s: 0.0424, Loss_u: 0.0082, Mask: 0.8917, Acc: 0.9838, Prec: 0.9375, Rec: 0.9202, F1: 0.9286                                                                                           
[Epoch 85] Val Loss: 0.0701, Acc: 0.9793, Prec: 0.9087, Rec: 0.8682, F1: 0.8856
        EarlyStopping counter: 15 / 30
[Epoch 86] Train Loss: 0.0437, Loss_s: 0.0421, Loss_u: 0.0077, Mask: 0.9144, Acc: 0.9841, Prec: 0.9413, Rec: 0.9183, F1: 0.9294                                                                                           
[Epoch 86] Val Loss: 0.0732, Acc: 0.9790, Prec: 0.8943, Rec: 0.8919, F1: 0.8897
        EarlyStopping counter: 16 / 30
[Epoch 87] rho: 0.90, EMA Thresholds: [0.55 0.54 0.49 0.53 0.48 0.53 0.47 0.72 0.9 ], Std(C_k): [0.182 0.177 0.174 0.184 0.172 0.19  0.183 0.159 0.083]                                                                   
[Epoch 87] Train Loss: 0.0439, Loss_s: 0.0423, Loss_u: 0.0082, Mask: 0.9121, Acc: 0.9840, Prec: 0.9401, Rec: 0.9164, F1: 0.9279                                                                                           
[Epoch 87] Val Loss: 0.0718, Acc: 0.9791, Prec: 0.9001, Rec: 0.9006, F1: 0.9001
        Validation F1 improved → Saving model: ./checkpoints/best_model.pt
[Epoch 88] Train Loss: 0.0432, Loss_s: 0.0417, Loss_u: 0.0078, Mask: 0.9078, Acc: 0.9841, Prec: 0.9343, Rec: 0.9180, F1: 0.9259                                                                                           
[Epoch 88] Val Loss: 0.0718, Acc: 0.9790, Prec: 0.8971, Rec: 0.8892, F1: 0.8908
        EarlyStopping counter: 1 / 30
[Epoch 89] Train Loss: 0.0427, Loss_s: 0.0411, Loss_u: 0.0079, Mask: 0.9010, Acc: 0.9842, Prec: 0.9347, Rec: 0.9179, F1: 0.9259                                                                                           
[Epoch 89] Val Loss: 0.0792, Acc: 0.9771, Prec: 0.8828, Rec: 0.8944, F1: 0.8857
        EarlyStopping counter: 2 / 30
[Epoch 90] rho: 0.89, EMA Thresholds: [0.55 0.55 0.49 0.53 0.48 0.54 0.48 0.73 0.9 ], Std(C_k): [0.18  0.182 0.174 0.182 0.177 0.175 0.177 0.137 0.087]                                                                   
[Epoch 90] Train Loss: 0.0424, Loss_s: 0.0408, Loss_u: 0.0080, Mask: 0.8826, Acc: 0.9847, Prec: 0.9427, Rec: 0.9248, F1: 0.9335                                                                                           
[Epoch 90] Val Loss: 0.0782, Acc: 0.9787, Prec: 0.8958, Rec: 0.8874, F1: 0.8899
        EarlyStopping counter: 3 / 30
[Epoch 91] Train Loss: 0.0425, Loss_s: 0.0410, Loss_u: 0.0075, Mask: 0.9011, Acc: 0.9847, Prec: 0.9372, Rec: 0.9222, F1: 0.9295                                                                                           
[Epoch 91] Val Loss: 0.0690, Acc: 0.9795, Prec: 0.9031, Rec: 0.8919, F1: 0.8934
        EarlyStopping counter: 4 / 30
[Epoch 92] Train Loss: 0.0421, Loss_s: 0.0406, Loss_u: 0.0076, Mask: 0.9127, Acc: 0.9845, Prec: 0.9403, Rec: 0.9252, F1: 0.9324                                                                                           
[Epoch 92] Val Loss: 0.0713, Acc: 0.9785, Prec: 0.8927, Rec: 0.8804, F1: 0.8825
        EarlyStopping counter: 5 / 30
[Epoch 93] rho: 0.90, EMA Thresholds: [0.55 0.54 0.49 0.53 0.48 0.54 0.48 0.75 0.9 ], Std(C_k): [0.174 0.184 0.177 0.19  0.174 0.181 0.182 0.109 0.081]                                                                   
[Epoch 93] Train Loss: 0.0422, Loss_s: 0.0408, Loss_u: 0.0073, Mask: 0.9112, Acc: 0.9842, Prec: 0.9381, Rec: 0.9205, F1: 0.9290                                                                                           
[Epoch 93] Val Loss: 0.0694, Acc: 0.9785, Prec: 0.9016, Rec: 0.8744, F1: 0.8841
        EarlyStopping counter: 6 / 30
[Epoch 94] Train Loss: 0.0411, Loss_s: 0.0396, Loss_u: 0.0074, Mask: 0.9202, Acc: 0.9847, Prec: 0.9400, Rec: 0.9258, F1: 0.9328                                                                                           
[Epoch 94] Val Loss: 0.0708, Acc: 0.9803, Prec: 0.9151, Rec: 0.8825, F1: 0.8957
        EarlyStopping counter: 7 / 30
[Epoch 95] Train Loss: 0.0411, Loss_s: 0.0395, Loss_u: 0.0077, Mask: 0.9164, Acc: 0.9846, Prec: 0.9399, Rec: 0.9250, F1: 0.9322                                                                                           
[Epoch 95] Val Loss: 0.0967, Acc: 0.9777, Prec: 0.9109, Rec: 0.7722, F1: 0.7887
        EarlyStopping counter: 8 / 30
[Epoch 96] rho: 0.90, EMA Thresholds: [0.55 0.54 0.49 0.53 0.48 0.53 0.48 0.72 0.9 ], Std(C_k): [0.181 0.178 0.176 0.186 0.174 0.185 0.18  0.128 0.081]                                                                   
[Epoch 96] Train Loss: 0.0427, Loss_s: 0.0412, Loss_u: 0.0074, Mask: 0.9393, Acc: 0.9848, Prec: 0.9433, Rec: 0.9212, F1: 0.9320                                                                                           
[Epoch 96] Val Loss: 0.0646, Acc: 0.9804, Prec: 0.9147, Rec: 0.8868, F1: 0.8979
        EarlyStopping counter: 9 / 30
[Epoch 97] Train Loss: 0.0408, Loss_s: 0.0394, Loss_u: 0.0072, Mask: 0.9314, Acc: 0.9848, Prec: 0.9415, Rec: 0.9269, F1: 0.9340                                                                                           
[Epoch 97] Val Loss: 0.0681, Acc: 0.9790, Prec: 0.9106, Rec: 0.8508, F1: 0.8757
        EarlyStopping counter: 10 / 30
[Epoch 98] Train Loss: 0.0398, Loss_s: 0.0384, Loss_u: 0.0075, Mask: 0.9241, Acc: 0.9854, Prec: 0.9422, Rec: 0.9264, F1: 0.9340                                                                                           
[Epoch 98] Val Loss: 0.0724, Acc: 0.9782, Prec: 0.8995, Rec: 0.8380, F1: 0.8588
        EarlyStopping counter: 11 / 30
[Epoch 99] rho: 0.90, EMA Thresholds: [0.55 0.54 0.49 0.53 0.48 0.54 0.49 0.71 0.9 ], Std(C_k): [0.179 0.178 0.174 0.187 0.17  0.18  0.176 0.139 0.081]                                                                   
[Epoch 99] Train Loss: 0.0400, Loss_s: 0.0386, Loss_u: 0.0072, Mask: 0.9277, Acc: 0.9851, Prec: 0.9436, Rec: 0.9262, F1: 0.9346                                                                                           
[Epoch 99] Val Loss: 0.0721, Acc: 0.9790, Prec: 0.8909, Rec: 0.8793, F1: 0.8810
        EarlyStopping counter: 12 / 30
[Epoch 100] Train Loss: 0.0402, Loss_s: 0.0388, Loss_u: 0.0068, Mask: 0.9214, Acc: 0.9853, Prec: 0.9441, Rec: 0.9265, F1: 0.9351                                                                                          
[Epoch 100] Val Loss: 0.0674, Acc: 0.9795, Prec: 0.9083, Rec: 0.8743, F1: 0.8876
        EarlyStopping counter: 13 / 30
[Epoch 101] Train Loss: 0.0399, Loss_s: 0.0385, Loss_u: 0.0070, Mask: 0.9245, Acc: 0.9854, Prec: 0.9451, Rec: 0.9275, F1: 0.9360                                                                                          
[Epoch 101] Val Loss: 0.0648, Acc: 0.9789, Prec: 0.9124, Rec: 0.8699, F1: 0.8886
        EarlyStopping counter: 14 / 30
[Epoch 102] rho: 0.91, EMA Thresholds: [0.55 0.54 0.49 0.53 0.48 0.54 0.49 0.7  0.9 ], Std(C_k): [0.175 0.19  0.175 0.189 0.171 0.178 0.173 0.131 0.08 ]                                                                  
[Epoch 102] Train Loss: 0.0393, Loss_s: 0.0379, Loss_u: 0.0070, Mask: 0.9191, Acc: 0.9855, Prec: 0.9454, Rec: 0.9264, F1: 0.9357                                                                                          
[Epoch 102] Val Loss: 0.0645, Acc: 0.9804, Prec: 0.9105, Rec: 0.8872, F1: 0.8953
        EarlyStopping counter: 15 / 30
[Epoch 103] Train Loss: 0.0385, Loss_s: 0.0371, Loss_u: 0.0070, Mask: 0.9187, Acc: 0.9858, Prec: 0.9452, Rec: 0.9319, F1: 0.9383                                                                                          
[Epoch 103] Val Loss: 0.0648, Acc: 0.9794, Prec: 0.9127, Rec: 0.8735, F1: 0.8901
        EarlyStopping counter: 16 / 30
[Epoch 104] Train Loss: 0.0385, Loss_s: 0.0369, Loss_u: 0.0078, Mask: 0.9232, Acc: 0.9855, Prec: 0.9466, Rec: 0.9305, F1: 0.9383                                                                                          
[Epoch 104] Val Loss: 0.0722, Acc: 0.9781, Prec: 0.8846, Rec: 0.7883, F1: 0.8101
        EarlyStopping counter: 17 / 30
[Epoch 105] rho: 0.92, EMA Thresholds: [0.54 0.53 0.49 0.52 0.48 0.53 0.49 0.67 0.9 ], Std(C_k): [0.181 0.183 0.177 0.189 0.173 0.179 0.176 0.14  0.077]                                                                  
[Epoch 105] Train Loss: 0.0387, Loss_s: 0.0373, Loss_u: 0.0070, Mask: 0.9266, Acc: 0.9858, Prec: 0.9463, Rec: 0.9316, F1: 0.9387                                                                                          
[Epoch 105] Val Loss: 0.0665, Acc: 0.9788, Prec: 0.8989, Rec: 0.7939, F1: 0.8219
        EarlyStopping counter: 18 / 30
[Epoch 106] Train Loss: 0.0380, Loss_s: 0.0367, Loss_u: 0.0067, Mask: 0.9243, Acc: 0.9858, Prec: 0.9471, Rec: 0.9310, F1: 0.9389                                                                                          
[Epoch 106] Val Loss: 0.0701, Acc: 0.9794, Prec: 0.9185, Rec: 0.8761, F1: 0.8943
        EarlyStopping counter: 19 / 30
[Epoch 107] Train Loss: 0.0381, Loss_s: 0.0367, Loss_u: 0.0068, Mask: 0.9293, Acc: 0.9857, Prec: 0.9488, Rec: 0.9297, F1: 0.9390                                                                                          
[Epoch 107] Val Loss: 0.0681, Acc: 0.9788, Prec: 0.9107, Rec: 0.8645, F1: 0.8841
        EarlyStopping counter: 20 / 30
[Epoch 108] rho: 0.89, EMA Thresholds: [0.55 0.53 0.5  0.53 0.49 0.54 0.49 0.67 0.9 ], Std(C_k): [0.175 0.188 0.178 0.185 0.169 0.176 0.173 0.109 0.084]                                                                  
[Epoch 108] Train Loss: 0.0375, Loss_s: 0.0362, Loss_u: 0.0067, Mask: 0.9317, Acc: 0.9858, Prec: 0.9483, Rec: 0.9301, F1: 0.9390                                                                                          
[Epoch 108] Val Loss: 0.0700, Acc: 0.9794, Prec: 0.9089, Rec: 0.8790, F1: 0.8914
        EarlyStopping counter: 21 / 30
[Epoch 109] Train Loss: 0.0373, Loss_s: 0.0359, Loss_u: 0.0070, Mask: 0.9246, Acc: 0.9860, Prec: 0.9444, Rec: 0.9335, F1: 0.9388                                                                                          
[Epoch 109] Val Loss: 0.0661, Acc: 0.9790, Prec: 0.9081, Rec: 0.8061, F1: 0.8403
        EarlyStopping counter: 22 / 30
[Epoch 110] Train Loss: 0.0368, Loss_s: 0.0354, Loss_u: 0.0070, Mask: 0.9276, Acc: 0.9862, Prec: 0.9507, Rec: 0.9353, F1: 0.9429                                                                                          
[Epoch 110] Val Loss: 0.0703, Acc: 0.9789, Prec: 0.9016, Rec: 0.8095, F1: 0.8346
        EarlyStopping counter: 23 / 30
[Epoch 111] rho: 0.91, EMA Thresholds: [0.54 0.54 0.5  0.53 0.49 0.54 0.49 0.65 0.9 ], Std(C_k): [0.178 0.164 0.179 0.184 0.174 0.175 0.178 0.129 0.079]                                                                  
[Epoch 111] Train Loss: 0.0362, Loss_s: 0.0348, Loss_u: 0.0071, Mask: 0.9292, Acc: 0.9863, Prec: 0.9523, Rec: 0.9371, F1: 0.9445                                                                                          
[Epoch 111] Val Loss: 0.0720, Acc: 0.9785, Prec: 0.8140, Rec: 0.7675, F1: 0.7888
        EarlyStopping counter: 24 / 30
[Epoch 112] Train Loss: 0.0374, Loss_s: 0.0360, Loss_u: 0.0068, Mask: 0.9324, Acc: 0.9862, Prec: 0.9490, Rec: 0.9355, F1: 0.9421                                                                                          
[Epoch 112] Val Loss: 0.0685, Acc: 0.9791, Prec: 0.9108, Rec: 0.8368, F1: 0.8670
        EarlyStopping counter: 25 / 30
[Epoch 113] Train Loss: 0.0356, Loss_s: 0.0343, Loss_u: 0.0065, Mask: 0.9310, Acc: 0.9870, Prec: 0.9529, Rec: 0.9386, F1: 0.9455                                                                                          
[Epoch 113] Val Loss: 0.0691, Acc: 0.9779, Prec: 0.9054, Rec: 0.8075, F1: 0.8432
        EarlyStopping counter: 26 / 30
[Epoch 114] rho: 0.91, EMA Thresholds: [0.55 0.54 0.5  0.52 0.49 0.54 0.49 0.65 0.9 ], Std(C_k): [0.17  0.18  0.178 0.188 0.172 0.178 0.178 0.123 0.077]                                                                  
[Epoch 114] Train Loss: 0.0358, Loss_s: 0.0345, Loss_u: 0.0066, Mask: 0.9308, Acc: 0.9865, Prec: 0.9500, Rec: 0.9351, F1: 0.9424                                                                                          
[Epoch 114] Val Loss: 0.0668, Acc: 0.9787, Prec: 0.9087, Rec: 0.7990, F1: 0.8344
        EarlyStopping counter: 27 / 30
[Epoch 115] Train Loss: 0.0347, Loss_s: 0.0334, Loss_u: 0.0063, Mask: 0.9362, Acc: 0.9867, Prec: 0.9523, Rec: 0.9362, F1: 0.9441                                                                                          
[Epoch 115] Val Loss: 0.0663, Acc: 0.9792, Prec: 0.9265, Rec: 0.7744, F1: 0.7992
        EarlyStopping counter: 28 / 30
[Epoch 116] Train Loss: 0.0350, Loss_s: 0.0338, Loss_u: 0.0061, Mask: 0.9392, Acc: 0.9869, Prec: 0.9533, Rec: 0.9405, F1: 0.9468                                                                                          
[Epoch 116] Val Loss: 0.0717, Acc: 0.9766, Prec: 0.8231, Rec: 0.7492, F1: 0.7822
        EarlyStopping counter: 29 / 30
[Epoch 117] rho: 0.90, EMA Thresholds: [0.55 0.54 0.5  0.53 0.49 0.55 0.49 0.63 0.9 ], Std(C_k): [0.172 0.177 0.177 0.187 0.173 0.164 0.172 0.07  0.076]                                                                  
[Epoch 117] Train Loss: 0.0348, Loss_s: 0.0336, Loss_u: 0.0060, Mask: 0.9322, Acc: 0.9865, Prec: 0.9498, Rec: 0.9342, F1: 0.9418                                                                                          
[Epoch 117] Val Loss: 0.0688, Acc: 0.9788, Prec: 0.9275, Rec: 0.7806, F1: 0.8086
        EarlyStopping counter: 30 / 30
Early stopping triggered...
Total training time: 255 min 20.08 sec
Loaded best model.
[Best Model Train] Loss: 0.0674, Acc: 0.9809, Prec: 0.9224, Rec: 0.9121, F1: 0.9171                                                                                                                                       
[Best Model Train] Classification Report:
              precision    recall  f1-score   support

           0     0.9498    0.9351    0.9424      3220
           1     0.9673    0.9255    0.9459       416
           2     0.8817    0.8584    0.8699      3891
           3     0.9727    0.9930    0.9828      7260
           4     0.8158    0.8300    0.8228      2694
           5     0.9217    0.9245    0.9231       649
           6     0.8294    0.8322    0.8308       894
           7     0.9714    0.9189    0.9444       111
           8     0.9915    0.9913    0.9914    110573

    accuracy                         0.9809    129708
   macro avg     0.9224    0.9121    0.9171    129708
weighted avg     0.9809    0.9809    0.9809    129708

[Best Model Train] Confusion Matrix:
[[  3011      5      2      0     20      1      0      0    181]
 [     3    385      1      1     26      0      0      0      0]
 [     6      0   3340     90    124      1      5      0    325]
 [     0      0     29   7209      0      0      1      0     21]
 [    37      4     61      1   2236      2     55      0    298]
 [     4      2     12      3     22    600      1      3      2]
 [     0      0      7      0     31      0    744      0    112]
 [     1      0      2      0      0      6      0    102      0]
 [   108      2    334    107    282     41     91      0 109608]]

[Best Model Validation] Loss: 0.0718, Acc: 0.9791, Prec: 0.9001, Rec: 0.9006, F1: 0.9001                                                                                                                                  
[Best Model Validation] Classification Report:
              precision    recall  f1-score   support

           0     0.9415    0.9255    0.9334       644
           1     0.8690    0.8795    0.8743        83
           2     0.8614    0.8470    0.8542       778
           3     0.9651    0.9910    0.9779      1452
           4     0.7874    0.8123    0.7996       538
           5     0.9160    0.8450    0.8790       129
           6     0.8138    0.8596    0.8361       178
           7     0.9545    0.9545    0.9545        22
           8     0.9922    0.9907    0.9914     22114

    accuracy                         0.9791     25938
   macro avg     0.9001    0.9006    0.9001     25938
weighted avg     0.9792    0.9791    0.9791     25938

[Best Model Validation] Confusion Matrix:
[[  596     4     0     0     6     0     0     0    38]
 [    0    73     0     0     9     1     0     0     0]
 [    1     0   659    27    30     1     2     0    58]
 [    0     0    10  1439     0     0     0     0     3]
 [    7     4    15     0   437     3    12     0    60]
 [    2     2     4     1     9   109     1     1     0]
 [    0     0     3     1     7     0   153     0    14]
 [    0     0     0     0     1     0     0    21     0]
 [   27     1    74    23    56     5    20     0 21908]]

[Test] Loss: 0.0705, Acc: 0.9795, Prec: 0.9085, Rec: 0.9022, F1: 0.9051                                                                                                                                                   
[Test] Classification Report:
              precision    recall  f1-score   support

           0     0.9327    0.9349    0.9338       430
           1     0.8929    0.8929    0.8929        56
           2     0.8792    0.8538    0.8663       520
           3     0.9687    0.9917    0.9801       968
           4     0.8102    0.8393    0.8245       361
           5     0.8667    0.8864    0.8764        88
           6     0.8348    0.7934    0.8136       121
           7     1.0000    0.9375    0.9677        16
           8     0.9914    0.9903    0.9909     14744

    accuracy                         0.9795     17304
   macro avg     0.9085    0.9022    0.9051     17304
weighted avg     0.9795    0.9795    0.9795     17304

[Test] Confusion Matrix:
[[  402     0     0     0     4     0     0     0    24]
 [    0    50     0     0     6     0     0     0     0]
 [    0     1   444    15    12     2     1     0    45]
 [    0     0     6   960     0     0     0     0     2]
 [    4     3    11     1   303     1     3     0    35]
 [    1     0     5     0     4    78     0     0     0]
 [    0     0     1     0     4     0    96     0    20]
 [    0     0     0     0     0     1     0    15     0]
 [   24     2    38    15    41     8    15     0 14601]]