## backbone unfreeze
## fc.classifier unfreeze

05/16/2026 20:48:51 - INFO - root -   train_labeled_dataset: 129708
05/16/2026 20:48:51 - INFO - root -   val_dataset: 25938
05/16/2026 20:48:51 - INFO - root -   test_dataset: 17304
05/16/2026 20:48:51 - INFO - root -   train_unlabeled_dataset: 638507
ResnetModel(
  (backbone): ResNet(
    (conv1): Conv2d(3, 64, kernel_size=(7, 7), stride=(2, 2), padding=(3, 3), bias=False)
    (bn1): BatchNorm2d(64, eps=1e-05, momentum=0.1, affine=True, track_running_stats=True)
    (relu): ReLU(inplace=True)
    (maxpool): MaxPool2d(kernel_size=3, stride=2, padding=1, dilation=1, ceil_mode=False)
    (layer1): Sequential(
      (0): BasicBlock(
        (conv1): Conv2d(64, 64, kernel_size=(3, 3), stride=(1, 1), padding=(1, 1), bias=False)
        (bn1): BatchNorm2d(64, eps=1e-05, momentum=0.1, affine=True, track_running_stats=True)
        (relu): ReLU(inplace=True)
        (conv2): Conv2d(64, 64, kernel_size=(3, 3), stride=(1, 1), padding=(1, 1), bias=False)
        (bn2): BatchNorm2d(64, eps=1e-05, momentum=0.1, affine=True, track_running_stats=True)
      )
      (1): BasicBlock(
        (conv1): Conv2d(64, 64, kernel_size=(3, 3), stride=(1, 1), padding=(1, 1), bias=False)
        (bn1): BatchNorm2d(64, eps=1e-05, momentum=0.1, affine=True, track_running_stats=True)
        (relu): ReLU(inplace=True)
        (conv2): Conv2d(64, 64, kernel_size=(3, 3), stride=(1, 1), padding=(1, 1), bias=False)
        (bn2): BatchNorm2d(64, eps=1e-05, momentum=0.1, affine=True, track_running_stats=True)
      )
    )
    (layer2): Sequential(
      (0): BasicBlock(
        (conv1): Conv2d(64, 128, kernel_size=(3, 3), stride=(2, 2), padding=(1, 1), bias=False)
        (bn1): BatchNorm2d(128, eps=1e-05, momentum=0.1, affine=True, track_running_stats=True)
        (relu): ReLU(inplace=True)
        (conv2): Conv2d(128, 128, kernel_size=(3, 3), stride=(1, 1), padding=(1, 1), bias=False)
        (bn2): BatchNorm2d(128, eps=1e-05, momentum=0.1, affine=True, track_running_stats=True)
        (downsample): Sequential(
          (0): Conv2d(64, 128, kernel_size=(1, 1), stride=(2, 2), bias=False)
          (1): BatchNorm2d(128, eps=1e-05, momentum=0.1, affine=True, track_running_stats=True)
        )
      )
      (1): BasicBlock(
        (conv1): Conv2d(128, 128, kernel_size=(3, 3), stride=(1, 1), padding=(1, 1), bias=False)
        (bn1): BatchNorm2d(128, eps=1e-05, momentum=0.1, affine=True, track_running_stats=True)
        (relu): ReLU(inplace=True)
        (conv2): Conv2d(128, 128, kernel_size=(3, 3), stride=(1, 1), padding=(1, 1), bias=False)
        (bn2): BatchNorm2d(128, eps=1e-05, momentum=0.1, affine=True, track_running_stats=True)
      )
    )
    (layer3): Sequential(
      (0): BasicBlock(
        (conv1): Conv2d(128, 256, kernel_size=(3, 3), stride=(2, 2), padding=(1, 1), bias=False)
        (bn1): BatchNorm2d(256, eps=1e-05, momentum=0.1, affine=True, track_running_stats=True)
        (relu): ReLU(inplace=True)
        (conv2): Conv2d(256, 256, kernel_size=(3, 3), stride=(1, 1), padding=(1, 1), bias=False)
        (bn2): BatchNorm2d(256, eps=1e-05, momentum=0.1, affine=True, track_running_stats=True)
        (downsample): Sequential(
          (0): Conv2d(128, 256, kernel_size=(1, 1), stride=(2, 2), bias=False)
          (1): BatchNorm2d(256, eps=1e-05, momentum=0.1, affine=True, track_running_stats=True)
        )
      )
      (1): BasicBlock(
        (conv1): Conv2d(256, 256, kernel_size=(3, 3), stride=(1, 1), padding=(1, 1), bias=False)
        (bn1): BatchNorm2d(256, eps=1e-05, momentum=0.1, affine=True, track_running_stats=True)
        (relu): ReLU(inplace=True)
        (conv2): Conv2d(256, 256, kernel_size=(3, 3), stride=(1, 1), padding=(1, 1), bias=False)
        (bn2): BatchNorm2d(256, eps=1e-05, momentum=0.1, affine=True, track_running_stats=True)
      )
    )
    (layer4): Sequential(
      (0): BasicBlock(
        (conv1): Conv2d(256, 512, kernel_size=(3, 3), stride=(2, 2), padding=(1, 1), bias=False)
        (bn1): BatchNorm2d(512, eps=1e-05, momentum=0.1, affine=True, track_running_stats=True)
        (relu): ReLU(inplace=True)
        (conv2): Conv2d(512, 512, kernel_size=(3, 3), stride=(1, 1), padding=(1, 1), bias=False)
        (bn2): BatchNorm2d(512, eps=1e-05, momentum=0.1, affine=True, track_running_stats=True)
        (downsample): Sequential(
          (0): Conv2d(256, 512, kernel_size=(1, 1), stride=(2, 2), bias=False)
          (1): BatchNorm2d(512, eps=1e-05, momentum=0.1, affine=True, track_running_stats=True)
        )
      )
      (1): BasicBlock(
        (conv1): Conv2d(512, 512, kernel_size=(3, 3), stride=(1, 1), padding=(1, 1), bias=False)
        (bn1): BatchNorm2d(512, eps=1e-05, momentum=0.1, affine=True, track_running_stats=True)
        (relu): ReLU(inplace=True)
        (conv2): Conv2d(512, 512, kernel_size=(3, 3), stride=(1, 1), padding=(1, 1), bias=False)
        (bn2): BatchNorm2d(512, eps=1e-05, momentum=0.1, affine=True, track_running_stats=True)
      )
    )
    (avgpool): AdaptiveAvgPool2d(output_size=(1, 1))
    (fc): Sequential(
      (0): Linear(in_features=512, out_features=9, bias=True)
    )
  )
)
[Epoch 1] Train Loss: 0.1482, Loss_s: 0.1452, Loss_u: 0.0149, Mask: 0.8341, Acc: 0.9556, Prec: 0.7111, Rec: 0.7008, F1: 0.6841                                                                                           
[Epoch 1] Val Loss: 0.1260, Acc: 0.9604, Prec: 0.8560, Rec: 0.7508, F1: 0.7890
        Validation F1 improved → Saving model: ./checkpoints/best_model.pt
[Epoch 2] Train Loss: 0.0951, Loss_s: 0.0928, Loss_u: 0.0117, Mask: 0.8538, Acc: 0.9684, Prec: 0.8367, Rec: 0.7859, F1: 0.8093                                                                                           
[Epoch 2] Val Loss: 0.0971, Acc: 0.9687, Prec: 0.8899, Rec: 0.8006, F1: 0.8343
        Validation F1 improved → Saving model: ./checkpoints/best_model.pt
[Epoch 3] rho: 0.86, Current Thresholds: [0.63 0.48 0.51 0.51 0.5  0.52 0.52 0.52 0.9 ], EMA Thresholds: [0.85 0.82 0.82 0.82 0.82 0.82 0.82 0.82 0.9 ]                                                                  
[Epoch 3] Train Loss: 0.0860, Loss_s: 0.0839, Loss_u: 0.0105, Mask: 0.8807, Acc: 0.9714, Prec: 0.8630, Rec: 0.8230, F1: 0.8417                                                                                           
[Epoch 3] Val Loss: 0.0841, Acc: 0.9719, Prec: 0.8591, Rec: 0.8497, F1: 0.8451
        Validation F1 improved → Saving model: ./checkpoints/best_model.pt
[Epoch 4] Train Loss: 0.0827, Loss_s: 0.0806, Loss_u: 0.0107, Mask: 0.8807, Acc: 0.9723, Prec: 0.8626, Rec: 0.8319, F1: 0.8462                                                                                           
[Epoch 4] Val Loss: 0.0817, Acc: 0.9719, Prec: 0.8735, Rec: 0.8444, F1: 0.8516
        Validation F1 improved → Saving model: ./checkpoints/best_model.pt
[Epoch 5] Train Loss: 0.0789, Loss_s: 0.0771, Loss_u: 0.0087, Mask: 0.8852, Acc: 0.9732, Prec: 0.8710, Rec: 0.8341, F1: 0.8516                                                                                           
[Epoch 5] Val Loss: 0.0893, Acc: 0.9720, Prec: 0.8694, Rec: 0.8347, F1: 0.8469
        EarlyStopping counter: 1 / 30
[Epoch 6] rho: 0.93, Current Thresholds: [0.51 0.39 0.41 0.49 0.4  0.46 0.42 0.72 0.9 ], EMA Thresholds: [0.78 0.73 0.74 0.76 0.74 0.75 0.74 0.8  0.9 ]                                                                  
[Epoch 6] Train Loss: 0.0774, Loss_s: 0.0752, Loss_u: 0.0110, Mask: 0.8908, Acc: 0.9736, Prec: 0.8733, Rec: 0.8375, F1: 0.8544                                                                                           
[Epoch 6] Val Loss: 0.1104, Acc: 0.9660, Prec: 0.9111, Rec: 0.7662, F1: 0.8203
        EarlyStopping counter: 2 / 30
[Epoch 7] Train Loss: 0.0769, Loss_s: 0.0746, Loss_u: 0.0113, Mask: 0.8822, Acc: 0.9735, Prec: 0.8760, Rec: 0.8344, F1: 0.8542                                                                                           
[Epoch 7] Val Loss: 0.1039, Acc: 0.9680, Prec: 0.8919, Rec: 0.8080, F1: 0.8329
        EarlyStopping counter: 3 / 30
[Epoch 8] Train Loss: 0.0748, Loss_s: 0.0729, Loss_u: 0.0096, Mask: 0.8907, Acc: 0.9745, Prec: 0.8816, Rec: 0.8489, F1: 0.8644                                                                                           
[Epoch 8] Val Loss: 0.0987, Acc: 0.9697, Prec: 0.8944, Rec: 0.8162, F1: 0.8443
        EarlyStopping counter: 4 / 30
[Epoch 9] rho: 0.94, Current Thresholds: [0.54 0.41 0.43 0.51 0.43 0.49 0.44 0.7  0.9 ], EMA Thresholds: [0.73 0.67 0.68 0.71 0.67 0.7  0.68 0.78 0.9 ]                                                                  
[Epoch 9] Train Loss: 0.0742, Loss_s: 0.0720, Loss_u: 0.0108, Mask: 0.8920, Acc: 0.9743, Prec: 0.8816, Rec: 0.8500, F1: 0.8650                                                                                           
[Epoch 9] Val Loss: 0.0795, Acc: 0.9737, Prec: 0.8913, Rec: 0.8648, F1: 0.8732
        Validation F1 improved → Saving model: ./checkpoints/best_model.pt
[Epoch 10] Train Loss: 0.0722, Loss_s: 0.0702, Loss_u: 0.0103, Mask: 0.8938, Acc: 0.9748, Prec: 0.8798, Rec: 0.8458, F1: 0.8619                                                                                          
[Epoch 10] Val Loss: 0.0855, Acc: 0.9710, Prec: 0.9212, Rec: 0.7938, F1: 0.8469
        EarlyStopping counter: 1 / 30
[Epoch 11] Train Loss: 0.0711, Loss_s: 0.0690, Loss_u: 0.0102, Mask: 0.8970, Acc: 0.9753, Prec: 0.8847, Rec: 0.8509, F1: 0.8670                                                                                          
[Epoch 11] Val Loss: 0.0736, Acc: 0.9755, Prec: 0.9137, Rec: 0.8160, F1: 0.8573
        EarlyStopping counter: 2 / 30
[Epoch 12] rho: 0.94, Current Thresholds: [0.52 0.4  0.45 0.5  0.44 0.52 0.43 0.64 0.9 ], EMA Thresholds: [0.69 0.61 0.63 0.67 0.63 0.66 0.63 0.76 0.9 ]                                                                 
[Epoch 12] Train Loss: 0.0709, Loss_s: 0.0685, Loss_u: 0.0117, Mask: 0.9007, Acc: 0.9759, Prec: 0.8923, Rec: 0.8589, F1: 0.8748                                                                                          
[Epoch 12] Val Loss: 0.0880, Acc: 0.9709, Prec: 0.8638, Rec: 0.8431, F1: 0.8413
        EarlyStopping counter: 3 / 30
[Epoch 13] Train Loss: 0.0703, Loss_s: 0.0680, Loss_u: 0.0112, Mask: 0.8964, Acc: 0.9756, Prec: 0.8890, Rec: 0.8561, F1: 0.8717                                                                                          
[Epoch 13] Val Loss: 0.0811, Acc: 0.9731, Prec: 0.8545, Rec: 0.9019, F1: 0.8738
        Validation F1 improved → Saving model: ./checkpoints/best_model.pt
[Epoch 14] Train Loss: 0.0690, Loss_s: 0.0669, Loss_u: 0.0105, Mask: 0.8944, Acc: 0.9766, Prec: 0.8955, Rec: 0.8622, F1: 0.8780                                                                                          
[Epoch 14] Val Loss: 0.0701, Acc: 0.9758, Prec: 0.8881, Rec: 0.8727, F1: 0.8750
        Validation F1 improved → Saving model: ./checkpoints/best_model.pt
[Epoch 15] rho: 0.92, Current Thresholds: [0.51 0.38 0.45 0.5  0.44 0.54 0.44 0.69 0.9 ], EMA Thresholds: [0.65 0.57 0.6  0.63 0.59 0.64 0.59 0.74 0.9 ]                                                                 
[Epoch 15] Train Loss: 0.0688, Loss_s: 0.0666, Loss_u: 0.0112, Mask: 0.8997, Acc: 0.9762, Prec: 0.8924, Rec: 0.8595, F1: 0.8752                                                                                          
[Epoch 15] Val Loss: 0.0754, Acc: 0.9769, Prec: 0.8719, Rec: 0.8790, F1: 0.8704
        EarlyStopping counter: 1 / 30
[Epoch 16] Train Loss: 0.0678, Loss_s: 0.0656, Loss_u: 0.0112, Mask: 0.8959, Acc: 0.9767, Prec: 0.8926, Rec: 0.8636, F1: 0.8773                                                                                          
[Epoch 16] Val Loss: 0.0763, Acc: 0.9742, Prec: 0.8969, Rec: 0.8427, F1: 0.8613
        EarlyStopping counter: 2 / 30
[Epoch 17] Train Loss: 0.0668, Loss_s: 0.0645, Loss_u: 0.0115, Mask: 0.8952, Acc: 0.9771, Prec: 0.8962, Rec: 0.8656, F1: 0.8802                                                                                          
[Epoch 17] Val Loss: 0.0756, Acc: 0.9732, Prec: 0.9046, Rec: 0.8476, F1: 0.8687
        EarlyStopping counter: 3 / 30
[Epoch 18] rho: 0.87, Current Thresholds: [0.57 0.48 0.48 0.51 0.47 0.69 0.49 0.87 0.9 ], EMA Thresholds: [0.64 0.55 0.57 0.61 0.57 0.65 0.57 0.77 0.9 ]                                                                 
[Epoch 18] Train Loss: 0.0657, Loss_s: 0.0632, Loss_u: 0.0123, Mask: 0.8946, Acc: 0.9776, Prec: 0.8990, Rec: 0.8727, F1: 0.8852                                                                                          
[Epoch 18] Val Loss: 0.0742, Acc: 0.9763, Prec: 0.8844, Rec: 0.8947, F1: 0.8880
        Validation F1 improved → Saving model: ./checkpoints/best_model.pt
[Epoch 19] Train Loss: 0.0650, Loss_s: 0.0627, Loss_u: 0.0117, Mask: 0.8990, Acc: 0.9771, Prec: 0.9041, Rec: 0.8703, F1: 0.8865                                                                                          
[Epoch 19] Val Loss: 0.0763, Acc: 0.9750, Prec: 0.8991, Rec: 0.8447, F1: 0.8644
        EarlyStopping counter: 1 / 30
[Epoch 20] Train Loss: 0.0639, Loss_s: 0.0617, Loss_u: 0.0107, Mask: 0.8919, Acc: 0.9777, Prec: 0.9013, Rec: 0.8692, F1: 0.8845                                                                                          
[Epoch 20] Val Loss: 0.0728, Acc: 0.9755, Prec: 0.8777, Rec: 0.8794, F1: 0.8752
        EarlyStopping counter: 2 / 30
[Epoch 21] rho: 0.89, Current Thresholds: [0.52 0.45 0.49 0.51 0.45 0.55 0.46 0.76 0.9 ], EMA Thresholds: [0.61 0.53 0.55 0.59 0.54 0.63 0.55 0.77 0.9 ]                                                                 
[Epoch 21] Train Loss: 0.0638, Loss_s: 0.0614, Loss_u: 0.0117, Mask: 0.8846, Acc: 0.9784, Prec: 0.9069, Rec: 0.8757, F1: 0.8907                                                                                          
[Epoch 21] Val Loss: 0.0802, Acc: 0.9743, Prec: 0.8879, Rec: 0.8680, F1: 0.8754
        EarlyStopping counter: 3 / 30
[Epoch 22] Train Loss: 0.0638, Loss_s: 0.0616, Loss_u: 0.0111, Mask: 0.8935, Acc: 0.9779, Prec: 0.8996, Rec: 0.8689, F1: 0.8836                                                                                          
[Epoch 22] Val Loss: 0.0710, Acc: 0.9757, Prec: 0.9104, Rec: 0.8453, F1: 0.8742
        EarlyStopping counter: 4 / 30
[Epoch 23] Train Loss: 0.0634, Loss_s: 0.0614, Loss_u: 0.0103, Mask: 0.8891, Acc: 0.9778, Prec: 0.9011, Rec: 0.8724, F1: 0.8862                                                                                          
[Epoch 23] Val Loss: 0.0703, Acc: 0.9775, Prec: 0.8712, Rec: 0.8894, F1: 0.8768
        EarlyStopping counter: 5 / 30
[Epoch 24] rho: 0.88, Current Thresholds: [0.57 0.44 0.48 0.52 0.44 0.58 0.46 0.94 0.9 ], EMA Thresholds: [0.61 0.51 0.54 0.58 0.52 0.62 0.53 0.8  0.9 ]                                                                 
[Epoch 24] Train Loss: 0.0626, Loss_s: 0.0605, Loss_u: 0.0104, Mask: 0.8914, Acc: 0.9783, Prec: 0.9102, Rec: 0.8775, F1: 0.8932                                                                                          
[Epoch 24] Val Loss: 0.0675, Acc: 0.9773, Prec: 0.9126, Rec: 0.8505, F1: 0.8776
        EarlyStopping counter: 6 / 30
[Epoch 25] Train Loss: 0.0611, Loss_s: 0.0591, Loss_u: 0.0097, Mask: 0.8898, Acc: 0.9785, Prec: 0.9065, Rec: 0.8762, F1: 0.8906                                                                                          
[Epoch 25] Val Loss: 0.0715, Acc: 0.9775, Prec: 0.8781, Rec: 0.8896, F1: 0.8790
        EarlyStopping counter: 7 / 30
[Epoch 26] Train Loss: 0.0620, Loss_s: 0.0596, Loss_u: 0.0117, Mask: 0.8955, Acc: 0.9784, Prec: 0.9076, Rec: 0.8779, F1: 0.8921                                                                                          
[Epoch 26] Val Loss: 0.0747, Acc: 0.9754, Prec: 0.9069, Rec: 0.8488, F1: 0.8726
        EarlyStopping counter: 8 / 30
[Epoch 27] rho: 0.92, Current Thresholds: [0.48 0.41 0.44 0.49 0.43 0.51 0.42 0.85 0.9 ], EMA Thresholds: [0.58 0.49 0.52 0.56 0.5  0.6  0.51 0.81 0.9 ]                                                                 
[Epoch 27] Train Loss: 0.0601, Loss_s: 0.0581, Loss_u: 0.0104, Mask: 0.8935, Acc: 0.9788, Prec: 0.9127, Rec: 0.8865, F1: 0.8990                                                                                          
[Epoch 27] Val Loss: 0.0815, Acc: 0.9746, Prec: 0.8739, Rec: 0.8520, F1: 0.8498
        EarlyStopping counter: 9 / 30
[Epoch 28] Train Loss: 0.0602, Loss_s: 0.0581, Loss_u: 0.0102, Mask: 0.8924, Acc: 0.9788, Prec: 0.9114, Rec: 0.8781, F1: 0.8940                                                                                          
[Epoch 28] Val Loss: 0.0701, Acc: 0.9768, Prec: 0.8913, Rec: 0.8759, F1: 0.8784
        EarlyStopping counter: 10 / 30
[Epoch 29] Train Loss: 0.0600, Loss_s: 0.0580, Loss_u: 0.0100, Mask: 0.9009, Acc: 0.9788, Prec: 0.9081, Rec: 0.8800, F1: 0.8935                                                                                          
[Epoch 29] Val Loss: 0.0681, Acc: 0.9782, Prec: 0.9157, Rec: 0.8618, F1: 0.8850
        EarlyStopping counter: 11 / 30
[Epoch 30] rho: 0.88, Current Thresholds: [0.53 0.47 0.5  0.52 0.47 0.62 0.49 0.85 0.9 ], EMA Thresholds: [0.57 0.49 0.51 0.55 0.5  0.6  0.51 0.82 0.9 ]                                                                 
[Epoch 30] Train Loss: 0.0594, Loss_s: 0.0573, Loss_u: 0.0107, Mask: 0.9067, Acc: 0.9788, Prec: 0.9077, Rec: 0.8779, F1: 0.8922                                                                                          
[Epoch 30] Val Loss: 0.0742, Acc: 0.9782, Prec: 0.8807, Rec: 0.8760, F1: 0.8702
        EarlyStopping counter: 12 / 30
[Epoch 31] Train Loss: 0.0588, Loss_s: 0.0567, Loss_u: 0.0107, Mask: 0.9049, Acc: 0.9791, Prec: 0.9076, Rec: 0.8751, F1: 0.8906                                                                                          
[Epoch 31] Val Loss: 0.0721, Acc: 0.9786, Prec: 0.8885, Rec: 0.9010, F1: 0.8937
        Validation F1 improved → Saving model: ./checkpoints/best_model.pt
[Epoch 32] Train Loss: 0.0584, Loss_s: 0.0563, Loss_u: 0.0102, Mask: 0.9093, Acc: 0.9794, Prec: 0.9137, Rec: 0.8882, F1: 0.9004                                                                                          
[Epoch 32] Val Loss: 0.0705, Acc: 0.9776, Prec: 0.9068, Rec: 0.8651, F1: 0.8788
        EarlyStopping counter: 1 / 30
[Epoch 33] rho: 0.91, Current Thresholds: [0.52 0.45 0.47 0.5  0.44 0.53 0.44 0.66 0.9 ], EMA Thresholds: [0.56 0.48 0.51 0.54 0.49 0.59 0.49 0.79 0.9 ]                                                                 
[Epoch 33] Train Loss: 0.0580, Loss_s: 0.0558, Loss_u: 0.0109, Mask: 0.9103, Acc: 0.9792, Prec: 0.9158, Rec: 0.8898, F1: 0.9021                                                                                          
[Epoch 33] Val Loss: 0.0681, Acc: 0.9790, Prec: 0.9111, Rec: 0.8700, F1: 0.8859
        EarlyStopping counter: 2 / 30
[Epoch 34] Train Loss: 0.0583, Loss_s: 0.0562, Loss_u: 0.0107, Mask: 0.8951, Acc: 0.9794, Prec: 0.9101, Rec: 0.8861, F1: 0.8975                                                                                          
[Epoch 34] Val Loss: 0.0775, Acc: 0.9749, Prec: 0.9076, Rec: 0.8505, F1: 0.8733
        EarlyStopping counter: 3 / 30
[Epoch 35] Train Loss: 0.0575, Loss_s: 0.0552, Loss_u: 0.0119, Mask: 0.8973, Acc: 0.9798, Prec: 0.9123, Rec: 0.8889, F1: 0.9000                                                                                          
[Epoch 35] Val Loss: 0.0766, Acc: 0.9754, Prec: 0.8955, Rec: 0.8543, F1: 0.8698
        EarlyStopping counter: 4 / 30
[Epoch 36] rho: 0.92, Current Thresholds: [0.49 0.47 0.46 0.5  0.43 0.53 0.44 0.68 0.9 ], EMA Thresholds: [0.55 0.48 0.5  0.53 0.48 0.58 0.48 0.77 0.9 ]                                                                 
[Epoch 36] Train Loss: 0.0569, Loss_s: 0.0546, Loss_u: 0.0116, Mask: 0.9102, Acc: 0.9802, Prec: 0.9164, Rec: 0.8897, F1: 0.9025                                                                                          
[Epoch 36] Val Loss: 0.0765, Acc: 0.9782, Prec: 0.8852, Rec: 0.8935, F1: 0.8849
        EarlyStopping counter: 5 / 30
[Epoch 37] Train Loss: 0.0592, Loss_s: 0.0565, Loss_u: 0.0135, Mask: 0.9060, Acc: 0.9798, Prec: 0.9141, Rec: 0.8885, F1: 0.9008                                                                                          
[Epoch 37] Val Loss: 0.0643, Acc: 0.9783, Prec: 0.8952, Rec: 0.8880, F1: 0.8892
        EarlyStopping counter: 6 / 30
[Epoch 38] Train Loss: 0.0571, Loss_s: 0.0545, Loss_u: 0.0129, Mask: 0.9145, Acc: 0.9800, Prec: 0.9165, Rec: 0.8881, F1: 0.9016                                                                                          
[Epoch 38] Val Loss: 0.0759, Acc: 0.9786, Prec: 0.9003, Rec: 0.8785, F1: 0.8852
        EarlyStopping counter: 7 / 30
[Epoch 39] rho: 0.91, Current Thresholds: [0.51 0.47 0.47 0.5  0.43 0.47 0.41 0.67 0.9 ], EMA Thresholds: [0.54 0.48 0.49 0.53 0.47 0.55 0.47 0.75 0.9 ]                                                                 
[Epoch 39] Train Loss: 0.0564, Loss_s: 0.0540, Loss_u: 0.0122, Mask: 0.8998, Acc: 0.9804, Prec: 0.9170, Rec: 0.8879, F1: 0.9019                                                                                          
[Epoch 39] Val Loss: 0.0666, Acc: 0.9784, Prec: 0.9100, Rec: 0.8792, F1: 0.8919
        EarlyStopping counter: 8 / 30
[Epoch 40] Train Loss: 0.0563, Loss_s: 0.0539, Loss_u: 0.0117, Mask: 0.9107, Acc: 0.9804, Prec: 0.9157, Rec: 0.8906, F1: 0.9027                                                                                          
[Epoch 40] Val Loss: 0.0674, Acc: 0.9782, Prec: 0.9058, Rec: 0.8693, F1: 0.8835
        EarlyStopping counter: 9 / 30
[Epoch 41] Train Loss: 0.0560, Loss_s: 0.0539, Loss_u: 0.0105, Mask: 0.9066, Acc: 0.9802, Prec: 0.9168, Rec: 0.8933, F1: 0.9046                                                                                          
[Epoch 41] Val Loss: 0.0757, Acc: 0.9775, Prec: 0.9077, Rec: 0.8638, F1: 0.8813
        EarlyStopping counter: 10 / 30
[Epoch 42] rho: 0.89, Current Thresholds: [0.54 0.5  0.48 0.52 0.44 0.52 0.46 0.88 0.9 ], EMA Thresholds: [0.54 0.48 0.49 0.53 0.46 0.55 0.47 0.77 0.9 ]                                                                 
[Epoch 42] Train Loss: 0.0547, Loss_s: 0.0524, Loss_u: 0.0113, Mask: 0.8968, Acc: 0.9807, Prec: 0.9170, Rec: 0.8928, F1: 0.9043                                                                                          
[Epoch 42] Val Loss: 0.0689, Acc: 0.9776, Prec: 0.9169, Rec: 0.8522, F1: 0.8821
        EarlyStopping counter: 11 / 30
[Epoch 43] Train Loss: 0.0552, Loss_s: 0.0531, Loss_u: 0.0107, Mask: 0.9038, Acc: 0.9807, Prec: 0.9217, Rec: 0.8992, F1: 0.9099                                                                                          
[Epoch 43] Val Loss: 0.0711, Acc: 0.9774, Prec: 0.9137, Rec: 0.8538, F1: 0.8804
        EarlyStopping counter: 12 / 30
[Epoch 44] Train Loss: 0.0552, Loss_s: 0.0531, Loss_u: 0.0105, Mask: 0.9121, Acc: 0.9802, Prec: 0.9218, Rec: 0.8950, F1: 0.9079                                                                                          
[Epoch 44] Val Loss: 0.0667, Acc: 0.9790, Prec: 0.9073, Rec: 0.8791, F1: 0.8905
        EarlyStopping counter: 13 / 30
[Epoch 45] rho: 0.90, Current Thresholds: [0.53 0.51 0.48 0.5  0.44 0.52 0.45 0.78 0.9 ], EMA Thresholds: [0.54 0.49 0.49 0.52 0.46 0.54 0.46 0.77 0.9 ]                                                                 
[Epoch 45] Train Loss: 0.0545, Loss_s: 0.0522, Loss_u: 0.0113, Mask: 0.9065, Acc: 0.9804, Prec: 0.9154, Rec: 0.8869, F1: 0.9006                                                                                          
[Epoch 45] Val Loss: 0.0770, Acc: 0.9774, Prec: 0.8925, Rec: 0.8851, F1: 0.8853
        EarlyStopping counter: 14 / 30
[Epoch 46] Train Loss: 0.0549, Loss_s: 0.0526, Loss_u: 0.0115, Mask: 0.9092, Acc: 0.9808, Prec: 0.9171, Rec: 0.8951, F1: 0.9056                                                                                          
[Epoch 46] Val Loss: 0.0732, Acc: 0.9764, Prec: 0.9025, Rec: 0.8632, F1: 0.8743
        EarlyStopping counter: 15 / 30
[Epoch 47] Train Loss: 0.0537, Loss_s: 0.0515, Loss_u: 0.0108, Mask: 0.9103, Acc: 0.9808, Prec: 0.9211, Rec: 0.8974, F1: 0.9087                                                                                          
[Epoch 47] Val Loss: 0.0792, Acc: 0.9752, Prec: 0.8790, Rec: 0.8331, F1: 0.8476
        EarlyStopping counter: 16 / 30
[Epoch 48] rho: 0.86, Current Thresholds: [0.6  0.55 0.5  0.54 0.49 0.57 0.47 0.8  0.9 ], EMA Thresholds: [0.55 0.5  0.49 0.53 0.46 0.55 0.46 0.78 0.9 ]                                                                 
[Epoch 48] Train Loss: 0.0535, Loss_s: 0.0512, Loss_u: 0.0111, Mask: 0.8923, Acc: 0.9807, Prec: 0.9158, Rec: 0.8900, F1: 0.9024                                                                                          
[Epoch 48] Val Loss: 0.0856, Acc: 0.9756, Prec: 0.8857, Rec: 0.8620, F1: 0.8690
        EarlyStopping counter: 17 / 30
[Epoch 49] Train Loss: 0.0546, Loss_s: 0.0521, Loss_u: 0.0125, Mask: 0.8888, Acc: 0.9807, Prec: 0.9188, Rec: 0.8970, F1: 0.9074                                                                                          
[Epoch 49] Val Loss: 0.0721, Acc: 0.9773, Prec: 0.8995, Rec: 0.8674, F1: 0.8795
        EarlyStopping counter: 18 / 30
[Epoch 50] Train Loss: 0.0543, Loss_s: 0.0521, Loss_u: 0.0107, Mask: 0.9063, Acc: 0.9808, Prec: 0.9205, Rec: 0.8933, F1: 0.9065                                                                                          
[Epoch 50] Val Loss: 0.0772, Acc: 0.9778, Prec: 0.8954, Rec: 0.8702, F1: 0.8778
        EarlyStopping counter: 19 / 30
[Epoch 51] rho: 0.87, Current Thresholds: [0.56 0.5  0.5  0.53 0.47 0.56 0.46 0.74 0.9 ], EMA Thresholds: [0.55 0.5  0.49 0.53 0.46 0.55 0.46 0.77 0.9 ]                                                                 
[Epoch 51] Train Loss: 0.0527, Loss_s: 0.0506, Loss_u: 0.0107, Mask: 0.9087, Acc: 0.9814, Prec: 0.9248, Rec: 0.8991, F1: 0.9115                                                                                          
[Epoch 51] Val Loss: 0.0915, Acc: 0.9771, Prec: 0.8839, Rec: 0.8853, F1: 0.8791
        EarlyStopping counter: 20 / 30
[Epoch 52] Train Loss: 0.0527, Loss_s: 0.0506, Loss_u: 0.0106, Mask: 0.9103, Acc: 0.9812, Prec: 0.9226, Rec: 0.9013, F1: 0.9115                                                                                          
[Epoch 52] Val Loss: 0.0708, Acc: 0.9773, Prec: 0.8941, Rec: 0.8727, F1: 0.8800
        EarlyStopping counter: 21 / 30
[Epoch 53] Train Loss: 0.0529, Loss_s: 0.0509, Loss_u: 0.0104, Mask: 0.9042, Acc: 0.9810, Prec: 0.9216, Rec: 0.8998, F1: 0.9102                                                                                          
[Epoch 53] Val Loss: 0.0682, Acc: 0.9785, Prec: 0.8957, Rec: 0.8846, F1: 0.8851
        EarlyStopping counter: 22 / 30
[Epoch 54] rho: 0.87, Current Thresholds: [0.54 0.5  0.51 0.53 0.47 0.54 0.46 0.81 0.9 ], EMA Thresholds: [0.55 0.5  0.5  0.53 0.46 0.55 0.46 0.78 0.9 ]                                                                 
[Epoch 54] Train Loss: 0.0525, Loss_s: 0.0504, Loss_u: 0.0102, Mask: 0.9203, Acc: 0.9811, Prec: 0.9199, Rec: 0.8950, F1: 0.9070                                                                                          
[Epoch 54] Val Loss: 0.0732, Acc: 0.9759, Prec: 0.9089, Rec: 0.8554, F1: 0.8743
        EarlyStopping counter: 23 / 30
[Epoch 55] Train Loss: 0.0522, Loss_s: 0.0501, Loss_u: 0.0104, Mask: 0.9189, Acc: 0.9814, Prec: 0.9203, Rec: 0.8987, F1: 0.9090                                                                                          
[Epoch 55] Val Loss: 0.0705, Acc: 0.9785, Prec: 0.9059, Rec: 0.8837, F1: 0.8913
        EarlyStopping counter: 24 / 30
[Epoch 56] Train Loss: 0.0519, Loss_s: 0.0498, Loss_u: 0.0107, Mask: 0.9042, Acc: 0.9814, Prec: 0.9214, Rec: 0.9001, F1: 0.9104                                                                                          
[Epoch 56] Val Loss: 0.1002, Acc: 0.9765, Prec: 0.8864, Rec: 0.8831, F1: 0.8819
        EarlyStopping counter: 25 / 30
[Epoch 57] rho: 0.84, Current Thresholds: [0.56 0.53 0.51 0.55 0.49 0.56 0.48 0.78 0.9 ], EMA Thresholds: [0.55 0.51 0.5  0.53 0.47 0.55 0.47 0.78 0.9 ]                                                                 
[Epoch 57] Train Loss: 0.0518, Loss_s: 0.0496, Loss_u: 0.0109, Mask: 0.9056, Acc: 0.9816, Prec: 0.9254, Rec: 0.9001, F1: 0.9122                                                                                          
[Epoch 57] Val Loss: 0.0660, Acc: 0.9790, Prec: 0.9141, Rec: 0.8663, F1: 0.8872
        EarlyStopping counter: 26 / 30
[Epoch 58] Train Loss: 0.0509, Loss_s: 0.0489, Loss_u: 0.0103, Mask: 0.9162, Acc: 0.9822, Prec: 0.9260, Rec: 0.9020, F1: 0.9136                                                                                          
[Epoch 58] Val Loss: 0.0744, Acc: 0.9779, Prec: 0.8994, Rec: 0.8798, F1: 0.8836
        EarlyStopping counter: 27 / 30
[Epoch 59] Train Loss: 0.0507, Loss_s: 0.0488, Loss_u: 0.0099, Mask: 0.9107, Acc: 0.9821, Prec: 0.9275, Rec: 0.9033, F1: 0.9150                                                                                          
[Epoch 59] Val Loss: 0.0757, Acc: 0.9779, Prec: 0.9100, Rec: 0.8742, F1: 0.8873
        EarlyStopping counter: 28 / 30
[Epoch 60] rho: 0.88, Current Thresholds: [0.57 0.5  0.49 0.53 0.47 0.55 0.47 0.79 0.9 ], EMA Thresholds: [0.55 0.5  0.5  0.53 0.47 0.55 0.47 0.78 0.9 ]                                                                 
[Epoch 60] Train Loss: 0.0510, Loss_s: 0.0489, Loss_u: 0.0102, Mask: 0.9109, Acc: 0.9821, Prec: 0.9235, Rec: 0.9050, F1: 0.9138                                                                                          
[Epoch 60] Val Loss: 0.0682, Acc: 0.9791, Prec: 0.9008, Rec: 0.8795, F1: 0.8874
        EarlyStopping counter: 29 / 30
[Epoch 61] Train Loss: 0.0500, Loss_s: 0.0480, Loss_u: 0.0101, Mask: 0.9142, Acc: 0.9817, Prec: 0.9231, Rec: 0.9010, F1: 0.9116                                                                                          
[Epoch 61] Val Loss: 0.0761, Acc: 0.9789, Prec: 0.8975, Rec: 0.8896, F1: 0.8892
        EarlyStopping counter: 30 / 30
Early stopping triggered...
Total training time: 118 min 10.01 sec
Loaded best model.
[Best Model Train] Loss: 0.0731, Acc: 0.9779, Prec: 0.8974, Rec: 0.8974, F1: 0.8970                                                                                                                                      
[Best Model Train] Classification Report:
              precision    recall  f1-score   support

           0     0.9553    0.9217    0.9382      3220
           1     0.8764    0.9375    0.9059       416
           2     0.8204    0.8558    0.8377      3891
           3     0.9773    0.9836    0.9804      7260
           4     0.7929    0.8129    0.8028      2694
           5     0.8981    0.8829    0.8904       649
           6     0.8199    0.7640    0.7910       894
           7     0.9450    0.9279    0.9364       111
           8     0.9911    0.9900    0.9906    110573

    accuracy                         0.9779    129708
   macro avg     0.8974    0.8974    0.8970    129708
weighted avg     0.9782    0.9779    0.9780    129708

[Best Model Train] Confusion Matrix:
[[  2968      8      4      0     41      0      0      0    199]
 [     6    390      0      1     16      0      2      0      1]
 [     9      7   3330     52    164      9      4      2    314]
 [     0      0     93   7141      0      1      2      0     23]
 [    49     21     94      1   2190      1     49      0    289]
 [    12     14     14      2     23    573      1      4      6]
 [     0      0     18      0     44      1    683      0    148]
 [     1      2      1      0      0      4      0    103      0]
 [    62      3    505    110    284     49     92      0 109468]]

[Best Model Validation] Loss: 0.0721, Acc: 0.9786, Prec: 0.8885, Rec: 0.9010, F1: 0.8937                                                                                                                                 
[Best Model Validation] Classification Report:
              precision    recall  f1-score   support

           0     0.9717    0.9053    0.9373       644
           1     0.8211    0.9398    0.8764        83
           2     0.8293    0.8740    0.8511       778
           3     0.9787    0.9828    0.9808      1452
           4     0.7884    0.8104    0.7993       538
           5     0.9310    0.8372    0.8816       129
           6     0.7713    0.8146    0.7923       178
           7     0.9130    0.9545    0.9333        22
           8     0.9918    0.9905    0.9912     22114

    accuracy                         0.9786     25938
   macro avg     0.8885    0.9010    0.8937     25938
weighted avg     0.9791    0.9786    0.9787     25938

[Best Model Validation] Confusion Matrix:
[[  583     4     0     0     7     0     0     0    50]
 [    0    78     0     0     5     0     0     0     0]
 [    1     1   680    10    36     3     1     0    46]
 [    0     0    20  1427     0     0     0     0     5]
 [    6     5    20     0   436     0    10     0    61]
 [    2     5     4     0     8   108     0     2     0]
 [    0     0     3     0    11     0   145     0    19]
 [    1     0     0     0     0     0     0    21     0]
 [    7     2    93    21    50     5    32     0 21904]]

[Test] Loss: 0.0692, Acc: 0.9801, Prec: 0.9015, Rec: 0.9072, F1: 0.9040                                                                                                                                                  
[Test] Classification Report:
              precision    recall  f1-score   support

           0     0.9569    0.9302    0.9434       430
           1     0.8361    0.9107    0.8718        56
           2     0.8435    0.8808    0.8617       520
           3     0.9866    0.9876    0.9871       968
           4     0.8172    0.8421    0.8295       361
           5     0.9195    0.9091    0.9143        88
           6     0.8246    0.7769    0.8000       121
           7     0.9375    0.9375    0.9375        16
           8     0.9916    0.9903    0.9910     14744

    accuracy                         0.9801     17304
   macro avg     0.9015    0.9072    0.9040     17304
weighted avg     0.9803    0.9801    0.9802     17304

[Test] Confusion Matrix:
[[  400     1     0     0     4     0     0     0    25]
 [    0    51     0     0     5     0     0     0     0]
 [    0     1   458     5    13     1     1     1    40]
 [    0     0     9   956     0     0     0     0     3]
 [    5     4     9     0   304     0     3     0    36]
 [    1     0     0     0     7    80     0     0     0]
 [    0     0     3     0     5     0    94     0    19]
 [    0     0     0     0     0     1     0    15     0]
 [   12     4    64     8    34     5    16     0 14601]]