## backbone unfreeze
## fc.classifier unfreeze

05/17/2026 22:37:37 - INFO - root -   train_labeled_dataset: 129708
05/17/2026 22:37:37 - INFO - root -   val_dataset: 25938
05/17/2026 22:37:37 - INFO - root -   test_dataset: 17304
05/17/2026 22:37:37 - INFO - root -   train_unlabeled_dataset: 638507
ResnetModel(
  (backbone): ResNet(
    (conv1): Conv2d(3, 64, kernel_size=(7, 7), stride=(2, 2), padding=(3, 3), bias=False)
    (bn1): BatchNorm2d(64, eps=1e-05, momentum=0.1, affine=True, track_running_stats=True)
    (relu): ReLU(inplace=True)
    (maxpool): MaxPool2d(kernel_size=3, stride=2, padding=1, dilation=1, ceil_mode=False)
    (layer1): Sequential(
      (0): BasicBlock(
        (conv1): Conv2d(64, 64, kernel_size=(3, 3), stride=(1, 1), padding=(1, 1), bias=False)
        (bn1): BatchNorm2d(64, eps=1e-05, momentum=0.1, affine=True, track_running_stats=True)
        (relu): ReLU(inplace=True)
        (conv2): Conv2d(64, 64, kernel_size=(3, 3), stride=(1, 1), padding=(1, 1), bias=False)
        (bn2): BatchNorm2d(64, eps=1e-05, momentum=0.1, affine=True, track_running_stats=True)
      )
      (1): BasicBlock(
        (conv1): Conv2d(64, 64, kernel_size=(3, 3), stride=(1, 1), padding=(1, 1), bias=False)
        (bn1): BatchNorm2d(64, eps=1e-05, momentum=0.1, affine=True, track_running_stats=True)
        (relu): ReLU(inplace=True)
        (conv2): Conv2d(64, 64, kernel_size=(3, 3), stride=(1, 1), padding=(1, 1), bias=False)
        (bn2): BatchNorm2d(64, eps=1e-05, momentum=0.1, affine=True, track_running_stats=True)
      )
    )
    (layer2): Sequential(
      (0): BasicBlock(
        (conv1): Conv2d(64, 128, kernel_size=(3, 3), stride=(2, 2), padding=(1, 1), bias=False)
        (bn1): BatchNorm2d(128, eps=1e-05, momentum=0.1, affine=True, track_running_stats=True)
        (relu): ReLU(inplace=True)
        (conv2): Conv2d(128, 128, kernel_size=(3, 3), stride=(1, 1), padding=(1, 1), bias=False)
        (bn2): BatchNorm2d(128, eps=1e-05, momentum=0.1, affine=True, track_running_stats=True)
        (downsample): Sequential(
          (0): Conv2d(64, 128, kernel_size=(1, 1), stride=(2, 2), bias=False)
          (1): BatchNorm2d(128, eps=1e-05, momentum=0.1, affine=True, track_running_stats=True)
        )
      )
      (1): BasicBlock(
        (conv1): Conv2d(128, 128, kernel_size=(3, 3), stride=(1, 1), padding=(1, 1), bias=False)
        (bn1): BatchNorm2d(128, eps=1e-05, momentum=0.1, affine=True, track_running_stats=True)
        (relu): ReLU(inplace=True)
        (conv2): Conv2d(128, 128, kernel_size=(3, 3), stride=(1, 1), padding=(1, 1), bias=False)
        (bn2): BatchNorm2d(128, eps=1e-05, momentum=0.1, affine=True, track_running_stats=True)
      )
    )
    (layer3): Sequential(
      (0): BasicBlock(
        (conv1): Conv2d(128, 256, kernel_size=(3, 3), stride=(2, 2), padding=(1, 1), bias=False)
        (bn1): BatchNorm2d(256, eps=1e-05, momentum=0.1, affine=True, track_running_stats=True)
        (relu): ReLU(inplace=True)
        (conv2): Conv2d(256, 256, kernel_size=(3, 3), stride=(1, 1), padding=(1, 1), bias=False)
        (bn2): BatchNorm2d(256, eps=1e-05, momentum=0.1, affine=True, track_running_stats=True)
        (downsample): Sequential(
          (0): Conv2d(128, 256, kernel_size=(1, 1), stride=(2, 2), bias=False)
          (1): BatchNorm2d(256, eps=1e-05, momentum=0.1, affine=True, track_running_stats=True)
        )
      )
      (1): BasicBlock(
        (conv1): Conv2d(256, 256, kernel_size=(3, 3), stride=(1, 1), padding=(1, 1), bias=False)
        (bn1): BatchNorm2d(256, eps=1e-05, momentum=0.1, affine=True, track_running_stats=True)
        (relu): ReLU(inplace=True)
        (conv2): Conv2d(256, 256, kernel_size=(3, 3), stride=(1, 1), padding=(1, 1), bias=False)
        (bn2): BatchNorm2d(256, eps=1e-05, momentum=0.1, affine=True, track_running_stats=True)
      )
    )
    (layer4): Sequential(
      (0): BasicBlock(
        (conv1): Conv2d(256, 512, kernel_size=(3, 3), stride=(2, 2), padding=(1, 1), bias=False)
        (bn1): BatchNorm2d(512, eps=1e-05, momentum=0.1, affine=True, track_running_stats=True)
        (relu): ReLU(inplace=True)
        (conv2): Conv2d(512, 512, kernel_size=(3, 3), stride=(1, 1), padding=(1, 1), bias=False)
        (bn2): BatchNorm2d(512, eps=1e-05, momentum=0.1, affine=True, track_running_stats=True)
        (downsample): Sequential(
          (0): Conv2d(256, 512, kernel_size=(1, 1), stride=(2, 2), bias=False)
          (1): BatchNorm2d(512, eps=1e-05, momentum=0.1, affine=True, track_running_stats=True)
        )
      )
      (1): BasicBlock(
        (conv1): Conv2d(512, 512, kernel_size=(3, 3), stride=(1, 1), padding=(1, 1), bias=False)
        (bn1): BatchNorm2d(512, eps=1e-05, momentum=0.1, affine=True, track_running_stats=True)
        (relu): ReLU(inplace=True)
        (conv2): Conv2d(512, 512, kernel_size=(3, 3), stride=(1, 1), padding=(1, 1), bias=False)
        (bn2): BatchNorm2d(512, eps=1e-05, momentum=0.1, affine=True, track_running_stats=True)
      )
    )
    (avgpool): AdaptiveAvgPool2d(output_size=(1, 1))
    (fc): Sequential(
      (0): Linear(in_features=512, out_features=9, bias=True)
    )
  )
)
[Epoch 1] Train Loss: 0.1476, Loss_s: 0.1441, Loss_u: 0.0176, Mask: 0.8455, Acc: 0.9553, Prec: 0.7048, Rec: 0.6996, F1: 0.6825                                                                                           
[Epoch 1] Val Loss: 0.1124, Acc: 0.9644, Prec: 0.7479, Rec: 0.6870, F1: 0.7087
        Validation F1 improved → Saving model: ./checkpoints/best_model.pt
[Epoch 2] Train Loss: 0.0965, Loss_s: 0.0937, Loss_u: 0.0141, Mask: 0.8766, Acc: 0.9684, Prec: 0.8378, Rec: 0.7873, F1: 0.8107                                                                                           
[Epoch 2] Val Loss: 0.1150, Acc: 0.9671, Prec: 0.8980, Rec: 0.7801, F1: 0.8257
        Validation F1 improved → Saving model: ./checkpoints/best_model.pt
[Epoch 3] rho: 0.91, Current Thresholds: [0.58 0.42 0.49 0.5  0.47 0.52 0.5  0.47 0.9 ], EMA Thresholds: [0.84 0.8  0.82 0.82 0.81 0.82 0.82 0.81 0.9 ]                                                                  
[Epoch 3] Train Loss: 0.0869, Loss_s: 0.0838, Loss_u: 0.0158, Mask: 0.8985, Acc: 0.9713, Prec: 0.8620, Rec: 0.8221, F1: 0.8407                                                                                           
[Epoch 3] Val Loss: 0.0865, Acc: 0.9714, Prec: 0.8802, Rec: 0.8422, F1: 0.8534
        Validation F1 improved → Saving model: ./checkpoints/best_model.pt
[Epoch 4] Train Loss: 0.0843, Loss_s: 0.0812, Loss_u: 0.0154, Mask: 0.8979, Acc: 0.9720, Prec: 0.8639, Rec: 0.8303, F1: 0.8460                                                                                           
[Epoch 4] Val Loss: 0.0848, Acc: 0.9722, Prec: 0.8839, Rec: 0.8446, F1: 0.8560
        Validation F1 improved → Saving model: ./checkpoints/best_model.pt
[Epoch 5] Train Loss: 0.0793, Loss_s: 0.0767, Loss_u: 0.0131, Mask: 0.9038, Acc: 0.9736, Prec: 0.8786, Rec: 0.8440, F1: 0.8603                                                                                           
[Epoch 5] Val Loss: 0.0947, Acc: 0.9700, Prec: 0.8602, Rec: 0.8321, F1: 0.8391
        EarlyStopping counter: 1 / 30
[Epoch 6] rho: 0.94, Current Thresholds: [0.53 0.37 0.42 0.52 0.4  0.47 0.38 0.62 0.9 ], EMA Thresholds: [0.77 0.72 0.74 0.76 0.73 0.75 0.73 0.77 0.9 ]                                                                  
[Epoch 6] Train Loss: 0.0788, Loss_s: 0.0753, Loss_u: 0.0175, Mask: 0.9069, Acc: 0.9736, Prec: 0.8720, Rec: 0.8405, F1: 0.8552                                                                                           
[Epoch 6] Val Loss: 0.1084, Acc: 0.9675, Prec: 0.9140, Rec: 0.7539, F1: 0.8150
        EarlyStopping counter: 2 / 30
[Epoch 7] Train Loss: 0.0780, Loss_s: 0.0745, Loss_u: 0.0171, Mask: 0.9046, Acc: 0.9735, Prec: 0.8759, Rec: 0.8405, F1: 0.8573                                                                                           
[Epoch 7] Val Loss: 0.1139, Acc: 0.9672, Prec: 0.8853, Rec: 0.8059, F1: 0.8277
        EarlyStopping counter: 3 / 30
[Epoch 8] Train Loss: 0.0761, Loss_s: 0.0729, Loss_u: 0.0161, Mask: 0.9057, Acc: 0.9746, Prec: 0.8823, Rec: 0.8485, F1: 0.8646                                                                                           
[Epoch 8] Val Loss: 0.0976, Acc: 0.9706, Prec: 0.9007, Rec: 0.8121, F1: 0.8464
        EarlyStopping counter: 4 / 30
[Epoch 9] rho: 0.94, Current Thresholds: [0.56 0.42 0.45 0.52 0.45 0.53 0.45 0.74 0.9 ], EMA Thresholds: [0.73 0.66 0.68 0.71 0.67 0.71 0.68 0.77 0.9 ]                                                                  
[Epoch 9] Train Loss: 0.0757, Loss_s: 0.0719, Loss_u: 0.0192, Mask: 0.9097, Acc: 0.9741, Prec: 0.8801, Rec: 0.8462, F1: 0.8624                                                                                           
[Epoch 9] Val Loss: 0.0750, Acc: 0.9754, Prec: 0.8930, Rec: 0.8709, F1: 0.8772
        Validation F1 improved → Saving model: ./checkpoints/best_model.pt
[Epoch 10] Train Loss: 0.0734, Loss_s: 0.0698, Loss_u: 0.0182, Mask: 0.9103, Acc: 0.9754, Prec: 0.8805, Rec: 0.8473, F1: 0.8630                                                                                          
[Epoch 10] Val Loss: 0.0886, Acc: 0.9709, Prec: 0.9228, Rec: 0.8093, F1: 0.8571
        EarlyStopping counter: 1 / 30
[Epoch 11] Train Loss: 0.0727, Loss_s: 0.0690, Loss_u: 0.0182, Mask: 0.9129, Acc: 0.9757, Prec: 0.8888, Rec: 0.8574, F1: 0.8724                                                                                          
[Epoch 11] Val Loss: 0.0838, Acc: 0.9727, Prec: 0.9067, Rec: 0.8145, F1: 0.8522
        EarlyStopping counter: 2 / 30
[Epoch 12] rho: 0.94, Current Thresholds: [0.53 0.42 0.46 0.51 0.44 0.53 0.43 0.63 0.9 ], EMA Thresholds: [0.69 0.61 0.64 0.67 0.63 0.67 0.63 0.74 0.9 ]                                                                 
[Epoch 12] Train Loss: 0.0724, Loss_s: 0.0684, Loss_u: 0.0202, Mask: 0.9165, Acc: 0.9758, Prec: 0.8935, Rec: 0.8584, F1: 0.8750                                                                                          
[Epoch 12] Val Loss: 0.0878, Acc: 0.9704, Prec: 0.8780, Rec: 0.8199, F1: 0.8345
        EarlyStopping counter: 3 / 30
[Epoch 13] Train Loss: 0.0716, Loss_s: 0.0676, Loss_u: 0.0202, Mask: 0.9154, Acc: 0.9757, Prec: 0.8865, Rec: 0.8540, F1: 0.8695                                                                                          
[Epoch 13] Val Loss: 0.0734, Acc: 0.9757, Prec: 0.8706, Rec: 0.8841, F1: 0.8720
        EarlyStopping counter: 4 / 30
[Epoch 14] Train Loss: 0.0702, Loss_s: 0.0663, Loss_u: 0.0191, Mask: 0.9150, Acc: 0.9768, Prec: 0.8976, Rec: 0.8636, F1: 0.8798                                                                                          
[Epoch 14] Val Loss: 0.0703, Acc: 0.9754, Prec: 0.8999, Rec: 0.8595, F1: 0.8742
        EarlyStopping counter: 5 / 30
[Epoch 15] rho: 0.93, Current Thresholds: [0.54 0.41 0.47 0.51 0.45 0.54 0.45 0.61 0.9 ], EMA Thresholds: [0.66 0.57 0.6  0.64 0.59 0.65 0.59 0.71 0.9 ]                                                                 
[Epoch 15] Train Loss: 0.0704, Loss_s: 0.0662, Loss_u: 0.0209, Mask: 0.9181, Acc: 0.9766, Prec: 0.8949, Rec: 0.8586, F1: 0.8760                                                                                          
[Epoch 15] Val Loss: 0.0745, Acc: 0.9753, Prec: 0.8643, Rec: 0.8689, F1: 0.8603
        EarlyStopping counter: 6 / 30
[Epoch 16] Train Loss: 0.0692, Loss_s: 0.0651, Loss_u: 0.0204, Mask: 0.9178, Acc: 0.9765, Prec: 0.8902, Rec: 0.8576, F1: 0.8730                                                                                          
[Epoch 16] Val Loss: 0.0755, Acc: 0.9748, Prec: 0.8885, Rec: 0.8387, F1: 0.8562
        EarlyStopping counter: 7 / 30
[Epoch 17] Train Loss: 0.0684, Loss_s: 0.0642, Loss_u: 0.0211, Mask: 0.9159, Acc: 0.9770, Prec: 0.8950, Rec: 0.8645, F1: 0.8790                                                                                          
[Epoch 17] Val Loss: 0.0754, Acc: 0.9734, Prec: 0.9137, Rec: 0.8381, F1: 0.8674
        EarlyStopping counter: 8 / 30
[Epoch 18] rho: 0.89, Current Thresholds: [0.61 0.5  0.5  0.56 0.5  0.69 0.5  0.91 0.9 ], EMA Thresholds: [0.65 0.56 0.58 0.62 0.57 0.66 0.57 0.75 0.9 ]                                                                 
[Epoch 18] Train Loss: 0.0677, Loss_s: 0.0632, Loss_u: 0.0223, Mask: 0.9197, Acc: 0.9775, Prec: 0.8995, Rec: 0.8717, F1: 0.8850                                                                                          
[Epoch 18] Val Loss: 0.0684, Acc: 0.9759, Prec: 0.8915, Rec: 0.8814, F1: 0.8849
        Validation F1 improved → Saving model: ./checkpoints/best_model.pt
[Epoch 19] Train Loss: 0.0668, Loss_s: 0.0625, Loss_u: 0.0219, Mask: 0.9224, Acc: 0.9771, Prec: 0.8995, Rec: 0.8695, F1: 0.8838                                                                                          
[Epoch 19] Val Loss: 0.0814, Acc: 0.9730, Prec: 0.8913, Rec: 0.8278, F1: 0.8510
        EarlyStopping counter: 1 / 30
[Epoch 20] Train Loss: 0.0662, Loss_s: 0.0620, Loss_u: 0.0212, Mask: 0.9211, Acc: 0.9777, Prec: 0.9015, Rec: 0.8699, F1: 0.8849                                                                                          
[Epoch 20] Val Loss: 0.0666, Acc: 0.9773, Prec: 0.9014, Rec: 0.8663, F1: 0.8794
        EarlyStopping counter: 2 / 30
[Epoch 21] rho: 0.93, Current Thresholds: [0.52 0.42 0.49 0.51 0.45 0.53 0.47 0.6  0.9 ], EMA Thresholds: [0.62 0.53 0.56 0.6  0.55 0.63 0.55 0.72 0.9 ]                                                                 
[Epoch 21] Train Loss: 0.0657, Loss_s: 0.0610, Loss_u: 0.0235, Mask: 0.9204, Acc: 0.9784, Prec: 0.9021, Rec: 0.8731, F1: 0.8870                                                                                          
[Epoch 21] Val Loss: 0.0797, Acc: 0.9737, Prec: 0.8951, Rec: 0.8584, F1: 0.8734
        EarlyStopping counter: 3 / 30
[Epoch 22] Train Loss: 0.0655, Loss_s: 0.0609, Loss_u: 0.0229, Mask: 0.9237, Acc: 0.9780, Prec: 0.8997, Rec: 0.8724, F1: 0.8853                                                                                          
[Epoch 22] Val Loss: 0.0673, Acc: 0.9771, Prec: 0.9047, Rec: 0.8570, F1: 0.8781
        EarlyStopping counter: 4 / 30
[Epoch 23] Train Loss: 0.0657, Loss_s: 0.0611, Loss_u: 0.0229, Mask: 0.9198, Acc: 0.9779, Prec: 0.9044, Rec: 0.8724, F1: 0.8878                                                                                          
[Epoch 23] Val Loss: 0.0695, Acc: 0.9761, Prec: 0.8625, Rec: 0.8797, F1: 0.8664
        EarlyStopping counter: 5 / 30
[Epoch 24] rho: 0.92, Current Thresholds: [0.57 0.45 0.48 0.49 0.45 0.59 0.45 0.93 0.9 ], EMA Thresholds: [0.61 0.51 0.55 0.58 0.53 0.62 0.53 0.76 0.9 ]                                                                 
[Epoch 24] Train Loss: 0.0657, Loss_s: 0.0607, Loss_u: 0.0252, Mask: 0.9181, Acc: 0.9780, Prec: 0.9073, Rec: 0.8767, F1: 0.8913                                                                                          
[Epoch 24] Val Loss: 0.0640, Acc: 0.9782, Prec: 0.9200, Rec: 0.8534, F1: 0.8836
        EarlyStopping counter: 6 / 30
[Epoch 25] Train Loss: 0.0630, Loss_s: 0.0585, Loss_u: 0.0227, Mask: 0.9240, Acc: 0.9788, Prec: 0.9108, Rec: 0.8783, F1: 0.8939                                                                                          
[Epoch 25] Val Loss: 0.0652, Acc: 0.9771, Prec: 0.8805, Rec: 0.8791, F1: 0.8755
        EarlyStopping counter: 7 / 30
[Epoch 26] Train Loss: 0.0631, Loss_s: 0.0587, Loss_u: 0.0221, Mask: 0.9227, Acc: 0.9786, Prec: 0.9071, Rec: 0.8799, F1: 0.8928                                                                                          
[Epoch 26] Val Loss: 0.0728, Acc: 0.9751, Prec: 0.9101, Rec: 0.8368, F1: 0.8673
        EarlyStopping counter: 8 / 30
[Epoch 27] rho: 0.94, Current Thresholds: [0.5  0.45 0.45 0.5  0.45 0.54 0.47 0.78 0.9 ], EMA Thresholds: [0.59 0.5  0.53 0.56 0.51 0.61 0.52 0.77 0.9 ]                                                                 
[Epoch 27] Train Loss: 0.0628, Loss_s: 0.0581, Loss_u: 0.0236, Mask: 0.9254, Acc: 0.9788, Prec: 0.9098, Rec: 0.8840, F1: 0.8963                                                                                          
[Epoch 27] Val Loss: 0.0740, Acc: 0.9755, Prec: 0.8738, Rec: 0.8584, F1: 0.8530
        EarlyStopping counter: 9 / 30
[Epoch 28] Train Loss: 0.0627, Loss_s: 0.0580, Loss_u: 0.0239, Mask: 0.9246, Acc: 0.9788, Prec: 0.9102, Rec: 0.8788, F1: 0.8937                                                                                          
[Epoch 28] Val Loss: 0.0679, Acc: 0.9771, Prec: 0.9068, Rec: 0.8635, F1: 0.8808
        EarlyStopping counter: 10 / 30
[Epoch 29] Train Loss: 0.0624, Loss_s: 0.0576, Loss_u: 0.0241, Mask: 0.9252, Acc: 0.9790, Prec: 0.9088, Rec: 0.8797, F1: 0.8937                                                                                          
[Epoch 29] Val Loss: 0.0606, Acc: 0.9790, Prec: 0.9163, Rec: 0.8629, F1: 0.8854
        Validation F1 improved → Saving model: ./checkpoints/best_model.pt
[Epoch 30] rho: 0.94, Current Thresholds: [0.5  0.49 0.49 0.48 0.45 0.47 0.48 0.62 0.9 ], EMA Thresholds: [0.57 0.5  0.52 0.55 0.5  0.58 0.51 0.74 0.9 ]                                                                 
[Epoch 30] Train Loss: 0.0622, Loss_s: 0.0571, Loss_u: 0.0254, Mask: 0.9259, Acc: 0.9792, Prec: 0.9068, Rec: 0.8774, F1: 0.8915                                                                                          
[Epoch 30] Val Loss: 0.0646, Acc: 0.9781, Prec: 0.8840, Rec: 0.8714, F1: 0.8692
        EarlyStopping counter: 1 / 30
[Epoch 31] Train Loss: 0.0617, Loss_s: 0.0565, Loss_u: 0.0258, Mask: 0.9230, Acc: 0.9792, Prec: 0.9079, Rec: 0.8767, F1: 0.8916                                                                                          
[Epoch 31] Val Loss: 0.0648, Acc: 0.9784, Prec: 0.8833, Rec: 0.8953, F1: 0.8873
        Validation F1 improved → Saving model: ./checkpoints/best_model.pt
[Epoch 32] Train Loss: 0.0615, Loss_s: 0.0565, Loss_u: 0.0246, Mask: 0.9229, Acc: 0.9793, Prec: 0.9120, Rec: 0.8827, F1: 0.8968                                                                                          
[Epoch 32] Val Loss: 0.0697, Acc: 0.9771, Prec: 0.9041, Rec: 0.8436, F1: 0.8667
        EarlyStopping counter: 1 / 30
[Epoch 33] rho: 0.94, Current Thresholds: [0.52 0.5  0.49 0.5  0.48 0.55 0.45 0.69 0.9 ], EMA Thresholds: [0.56 0.5  0.51 0.54 0.5  0.57 0.5  0.73 0.9 ]                                                                 
[Epoch 33] Train Loss: 0.0607, Loss_s: 0.0559, Loss_u: 0.0242, Mask: 0.9278, Acc: 0.9793, Prec: 0.9116, Rec: 0.8876, F1: 0.8991                                                                                          
[Epoch 33] Val Loss: 0.0592, Acc: 0.9805, Prec: 0.9033, Rec: 0.8755, F1: 0.8856
        EarlyStopping counter: 2 / 30
[Epoch 34] Train Loss: 0.0607, Loss_s: 0.0557, Loss_u: 0.0248, Mask: 0.9249, Acc: 0.9798, Prec: 0.9165, Rec: 0.8899, F1: 0.9027                                                                                          
[Epoch 34] Val Loss: 0.0737, Acc: 0.9757, Prec: 0.9139, Rec: 0.8496, F1: 0.8766
        EarlyStopping counter: 3 / 30
[Epoch 35] Train Loss: 0.0600, Loss_s: 0.0548, Loss_u: 0.0260, Mask: 0.9237, Acc: 0.9797, Prec: 0.9109, Rec: 0.8870, F1: 0.8983                                                                                          
[Epoch 35] Val Loss: 0.0705, Acc: 0.9769, Prec: 0.9053, Rec: 0.8579, F1: 0.8759
        EarlyStopping counter: 4 / 30
[Epoch 36] rho: 0.94, Current Thresholds: [0.51 0.48 0.48 0.51 0.46 0.53 0.45 0.76 0.9 ], EMA Thresholds: [0.55 0.5  0.51 0.53 0.49 0.56 0.49 0.73 0.9 ]                                                                 
[Epoch 36] Train Loss: 0.0599, Loss_s: 0.0546, Loss_u: 0.0263, Mask: 0.9237, Acc: 0.9799, Prec: 0.9137, Rec: 0.8856, F1: 0.8991                                                                                          
[Epoch 36] Val Loss: 0.0648, Acc: 0.9774, Prec: 0.8815, Rec: 0.8924, F1: 0.8835
        EarlyStopping counter: 5 / 30
[Epoch 37] Train Loss: 0.0602, Loss_s: 0.0550, Loss_u: 0.0261, Mask: 0.9238, Acc: 0.9797, Prec: 0.9122, Rec: 0.8876, F1: 0.8994                                                                                          
[Epoch 37] Val Loss: 0.0639, Acc: 0.9786, Prec: 0.8952, Rec: 0.8854, F1: 0.8866
        EarlyStopping counter: 6 / 30
[Epoch 38] Train Loss: 0.0600, Loss_s: 0.0548, Loss_u: 0.0258, Mask: 0.9219, Acc: 0.9798, Prec: 0.9178, Rec: 0.8881, F1: 0.9023                                                                                          
[Epoch 38] Val Loss: 0.0669, Acc: 0.9789, Prec: 0.9044, Rec: 0.8718, F1: 0.8824
        EarlyStopping counter: 7 / 30
[Epoch 39] rho: 0.93, Current Thresholds: [0.53 0.48 0.49 0.51 0.43 0.46 0.44 0.67 0.9 ], EMA Thresholds: [0.55 0.49 0.5  0.53 0.48 0.54 0.48 0.72 0.9 ]                                                                 
[Epoch 39] Train Loss: 0.0592, Loss_s: 0.0540, Loss_u: 0.0260, Mask: 0.9246, Acc: 0.9801, Prec: 0.9133, Rec: 0.8865, F1: 0.8993                                                                                          
[Epoch 39] Val Loss: 0.0614, Acc: 0.9791, Prec: 0.8975, Rec: 0.8768, F1: 0.8842
        EarlyStopping counter: 8 / 30
[Epoch 40] Train Loss: 0.0591, Loss_s: 0.0535, Loss_u: 0.0276, Mask: 0.9213, Acc: 0.9804, Prec: 0.9165, Rec: 0.8905, F1: 0.9029                                                                                          
[Epoch 40] Val Loss: 0.0641, Acc: 0.9784, Prec: 0.9097, Rec: 0.8687, F1: 0.8844
        EarlyStopping counter: 9 / 30
[Epoch 41] Train Loss: 0.0592, Loss_s: 0.0540, Loss_u: 0.0264, Mask: 0.9196, Acc: 0.9804, Prec: 0.9185, Rec: 0.8918, F1: 0.9046                                                                                          
[Epoch 41] Val Loss: 0.0646, Acc: 0.9783, Prec: 0.9030, Rec: 0.8691, F1: 0.8814
        EarlyStopping counter: 10 / 30
[Epoch 42] rho: 0.93, Current Thresholds: [0.54 0.49 0.49 0.51 0.44 0.47 0.45 0.64 0.9 ], EMA Thresholds: [0.55 0.49 0.5  0.52 0.47 0.53 0.47 0.71 0.9 ]                                                                 
[Epoch 42] Train Loss: 0.0579, Loss_s: 0.0526, Loss_u: 0.0269, Mask: 0.9223, Acc: 0.9805, Prec: 0.9173, Rec: 0.8911, F1: 0.9037                                                                                          
[Epoch 42] Val Loss: 0.0617, Acc: 0.9800, Prec: 0.9152, Rec: 0.8690, F1: 0.8901
        Validation F1 improved → Saving model: ./checkpoints/best_model.pt
[Epoch 43] Train Loss: 0.0579, Loss_s: 0.0529, Loss_u: 0.0248, Mask: 0.9249, Acc: 0.9806, Prec: 0.9223, Rec: 0.8993, F1: 0.9104                                                                                          
[Epoch 43] Val Loss: 0.0631, Acc: 0.9784, Prec: 0.9009, Rec: 0.8606, F1: 0.8776
        EarlyStopping counter: 1 / 30
[Epoch 44] Train Loss: 0.0585, Loss_s: 0.0532, Loss_u: 0.0264, Mask: 0.9232, Acc: 0.9802, Prec: 0.9151, Rec: 0.8935, F1: 0.9039                                                                                          
[Epoch 44] Val Loss: 0.0618, Acc: 0.9798, Prec: 0.9119, Rec: 0.8800, F1: 0.8922
        Validation F1 improved → Saving model: ./checkpoints/best_model.pt
[Epoch 45] rho: 0.93, Current Thresholds: [0.53 0.51 0.5  0.5  0.46 0.49 0.47 0.58 0.9 ], EMA Thresholds: [0.54 0.5  0.5  0.52 0.47 0.52 0.47 0.68 0.9 ]                                                                 
[Epoch 45] Train Loss: 0.0576, Loss_s: 0.0525, Loss_u: 0.0255, Mask: 0.9247, Acc: 0.9802, Prec: 0.9106, Rec: 0.8855, F1: 0.8976                                                                                          
[Epoch 45] Val Loss: 0.0693, Acc: 0.9778, Prec: 0.8961, Rec: 0.8767, F1: 0.8815
        EarlyStopping counter: 1 / 30
[Epoch 46] Train Loss: 0.0575, Loss_s: 0.0521, Loss_u: 0.0270, Mask: 0.9223, Acc: 0.9809, Prec: 0.9193, Rec: 0.8914, F1: 0.9048                                                                                          
[Epoch 46] Val Loss: 0.0665, Acc: 0.9784, Prec: 0.9000, Rec: 0.8719, F1: 0.8782
        EarlyStopping counter: 2 / 30
[Epoch 47] Train Loss: 0.0571, Loss_s: 0.0519, Loss_u: 0.0262, Mask: 0.9283, Acc: 0.9809, Prec: 0.9217, Rec: 0.8956, F1: 0.9082                                                                                          
[Epoch 47] Val Loss: 0.0698, Acc: 0.9770, Prec: 0.8785, Rec: 0.8542, F1: 0.8568
        EarlyStopping counter: 3 / 30
[Epoch 48] rho: 0.90, Current Thresholds: [0.59 0.54 0.51 0.54 0.48 0.54 0.49 0.77 0.9 ], EMA Thresholds: [0.55 0.51 0.5  0.52 0.47 0.52 0.48 0.7  0.9 ]                                                                 
[Epoch 48] Train Loss: 0.0565, Loss_s: 0.0514, Loss_u: 0.0254, Mask: 0.9286, Acc: 0.9804, Prec: 0.9160, Rec: 0.8939, F1: 0.9044                                                                                          
[Epoch 48] Val Loss: 0.0703, Acc: 0.9777, Prec: 0.8947, Rec: 0.8656, F1: 0.8747
        EarlyStopping counter: 4 / 30
[Epoch 49] Train Loss: 0.0569, Loss_s: 0.0518, Loss_u: 0.0257, Mask: 0.9240, Acc: 0.9806, Prec: 0.9204, Rec: 0.8937, F1: 0.9065                                                                                          
[Epoch 49] Val Loss: 0.0628, Acc: 0.9788, Prec: 0.9058, Rec: 0.8656, F1: 0.8815
        EarlyStopping counter: 5 / 30
[Epoch 50] Train Loss: 0.0567, Loss_s: 0.0517, Loss_u: 0.0249, Mask: 0.9280, Acc: 0.9812, Prec: 0.9219, Rec: 0.8938, F1: 0.9073                                                                                          
[Epoch 50] Val Loss: 0.0667, Acc: 0.9785, Prec: 0.8936, Rec: 0.8794, F1: 0.8820
        EarlyStopping counter: 6 / 30
[Epoch 51] rho: 0.90, Current Thresholds: [0.58 0.5  0.51 0.53 0.48 0.51 0.48 0.69 0.9 ], EMA Thresholds: [0.56 0.5  0.5  0.52 0.47 0.52 0.48 0.7  0.9 ]                                                                 
[Epoch 51] Train Loss: 0.0555, Loss_s: 0.0505, Loss_u: 0.0247, Mask: 0.9262, Acc: 0.9814, Prec: 0.9224, Rec: 0.8993, F1: 0.9104                                                                                          
[Epoch 51] Val Loss: 0.0683, Acc: 0.9788, Prec: 0.9019, Rec: 0.8872, F1: 0.8900
        EarlyStopping counter: 7 / 30
[Epoch 52] Train Loss: 0.0552, Loss_s: 0.0504, Loss_u: 0.0242, Mask: 0.9255, Acc: 0.9815, Prec: 0.9256, Rec: 0.9015, F1: 0.9130                                                                                          
[Epoch 52] Val Loss: 0.0641, Acc: 0.9779, Prec: 0.8998, Rec: 0.8675, F1: 0.8790
        EarlyStopping counter: 8 / 30
[Epoch 53] Train Loss: 0.0556, Loss_s: 0.0507, Loss_u: 0.0248, Mask: 0.9265, Acc: 0.9809, Prec: 0.9186, Rec: 0.8969, F1: 0.9073                                                                                          
[Epoch 53] Val Loss: 0.0661, Acc: 0.9789, Prec: 0.9025, Rec: 0.8741, F1: 0.8829
        EarlyStopping counter: 9 / 30
[Epoch 54] rho: 0.94, Current Thresholds: [0.51 0.47 0.5  0.5  0.45 0.48 0.46 0.53 0.9 ], EMA Thresholds: [0.55 0.5  0.5  0.52 0.47 0.51 0.47 0.66 0.9 ]                                                                 
[Epoch 54] Train Loss: 0.0547, Loss_s: 0.0501, Loss_u: 0.0232, Mask: 0.9328, Acc: 0.9812, Prec: 0.9234, Rec: 0.8963, F1: 0.9094                                                                                          
[Epoch 54] Val Loss: 0.0675, Acc: 0.9775, Prec: 0.9030, Rec: 0.8600, F1: 0.8733
        EarlyStopping counter: 10 / 30
[Epoch 55] Train Loss: 0.0549, Loss_s: 0.0498, Loss_u: 0.0254, Mask: 0.9246, Acc: 0.9814, Prec: 0.9223, Rec: 0.8997, F1: 0.9106                                                                                          
[Epoch 55] Val Loss: 0.0623, Acc: 0.9791, Prec: 0.8987, Rec: 0.8830, F1: 0.8878
        EarlyStopping counter: 11 / 30
[Epoch 56] Train Loss: 0.0544, Loss_s: 0.0494, Loss_u: 0.0251, Mask: 0.9281, Acc: 0.9816, Prec: 0.9209, Rec: 0.8988, F1: 0.9094                                                                                          
[Epoch 56] Val Loss: 0.0658, Acc: 0.9794, Prec: 0.9082, Rec: 0.8826, F1: 0.8909
        EarlyStopping counter: 12 / 30
[Epoch 57] rho: 0.92, Current Thresholds: [0.55 0.5  0.5  0.52 0.47 0.51 0.46 0.75 0.9 ], EMA Thresholds: [0.55 0.5  0.5  0.52 0.47 0.51 0.47 0.68 0.9 ]                                                                 
[Epoch 57] Train Loss: 0.0548, Loss_s: 0.0498, Loss_u: 0.0251, Mask: 0.9247, Acc: 0.9814, Prec: 0.9260, Rec: 0.9031, F1: 0.9140                                                                                          
[Epoch 57] Val Loss: 0.0626, Acc: 0.9787, Prec: 0.9239, Rec: 0.8630, F1: 0.8914
        EarlyStopping counter: 13 / 30
[Epoch 58] Train Loss: 0.0537, Loss_s: 0.0488, Loss_u: 0.0246, Mask: 0.9266, Acc: 0.9819, Prec: 0.9237, Rec: 0.9007, F1: 0.9118                                                                                          
[Epoch 58] Val Loss: 0.0649, Acc: 0.9789, Prec: 0.9035, Rec: 0.8775, F1: 0.8859
        EarlyStopping counter: 14 / 30
[Epoch 59] Train Loss: 0.0537, Loss_s: 0.0488, Loss_u: 0.0245, Mask: 0.9336, Acc: 0.9817, Prec: 0.9248, Rec: 0.9021, F1: 0.9130                                                                                          
[Epoch 59] Val Loss: 0.0625, Acc: 0.9793, Prec: 0.9182, Rec: 0.8801, F1: 0.8948
        Validation F1 improved → Saving model: ./checkpoints/best_model.pt
[Epoch 60] rho: 0.92, Current Thresholds: [0.55 0.5  0.51 0.53 0.48 0.52 0.48 0.69 0.9 ], EMA Thresholds: [0.55 0.5  0.5  0.52 0.47 0.51 0.47 0.68 0.9 ]                                                                 
[Epoch 60] Train Loss: 0.0537, Loss_s: 0.0488, Loss_u: 0.0244, Mask: 0.9293, Acc: 0.9819, Prec: 0.9226, Rec: 0.9022, F1: 0.9120                                                                                          
[Epoch 60] Val Loss: 0.0575, Acc: 0.9806, Prec: 0.9028, Rec: 0.8996, F1: 0.8986
        Validation F1 improved → Saving model: ./checkpoints/best_model.pt
[Epoch 61] Train Loss: 0.0524, Loss_s: 0.0477, Loss_u: 0.0233, Mask: 0.9364, Acc: 0.9818, Prec: 0.9249, Rec: 0.9001, F1: 0.9122                                                                                          
[Epoch 61] Val Loss: 0.0627, Acc: 0.9803, Prec: 0.9028, Rec: 0.8910, F1: 0.8930
        EarlyStopping counter: 1 / 30
[Epoch 62] Train Loss: 0.0548, Loss_s: 0.0486, Loss_u: 0.0305, Mask: 0.9130, Acc: 0.9819, Prec: 0.9282, Rec: 0.9044, F1: 0.9159                                                                                          
[Epoch 62] Val Loss: 0.0698, Acc: 0.9761, Prec: 0.9031, Rec: 0.8528, F1: 0.8714
        EarlyStopping counter: 2 / 30
[Epoch 63] rho: 0.83, Current Thresholds: [0.66 0.63 0.55 0.53 0.53 0.61 0.52 0.94 0.9 ], EMA Thresholds: [0.57 0.53 0.51 0.52 0.48 0.53 0.48 0.73 0.9 ]                                                                 
[Epoch 63] Train Loss: 0.0526, Loss_s: 0.0478, Loss_u: 0.0241, Mask: 0.9213, Acc: 0.9822, Prec: 0.9270, Rec: 0.9053, F1: 0.9157                                                                                          
[Epoch 63] Val Loss: 0.0608, Acc: 0.9798, Prec: 0.9028, Rec: 0.8865, F1: 0.8899
        EarlyStopping counter: 3 / 30
[Epoch 64] Train Loss: 0.0525, Loss_s: 0.0475, Loss_u: 0.0249, Mask: 0.9186, Acc: 0.9826, Prec: 0.9304, Rec: 0.9087, F1: 0.9191                                                                                          
[Epoch 64] Val Loss: 0.0613, Acc: 0.9805, Prec: 0.9047, Rec: 0.8790, F1: 0.8883
        EarlyStopping counter: 4 / 30
[Epoch 65] Train Loss: 0.0513, Loss_s: 0.0468, Loss_u: 0.0227, Mask: 0.9285, Acc: 0.9824, Prec: 0.9290, Rec: 0.9051, F1: 0.9167                                                                                          
[Epoch 65] Val Loss: 0.0628, Acc: 0.9791, Prec: 0.9003, Rec: 0.8673, F1: 0.8772
        EarlyStopping counter: 5 / 30
[Epoch 66] rho: 0.95, Current Thresholds: [0.53 0.5  0.5  0.51 0.46 0.47 0.48 0.57 0.9 ], EMA Thresholds: [0.56 0.52 0.51 0.52 0.48 0.52 0.48 0.7  0.9 ]                                                                 
[Epoch 66] Train Loss: 0.0512, Loss_s: 0.0467, Loss_u: 0.0224, Mask: 0.9303, Acc: 0.9826, Prec: 0.9280, Rec: 0.9040, F1: 0.9156                                                                                          
[Epoch 66] Val Loss: 0.0639, Acc: 0.9798, Prec: 0.9099, Rec: 0.8922, F1: 0.8988
        Validation F1 improved → Saving model: ./checkpoints/best_model.pt
[Epoch 67] Train Loss: 0.0520, Loss_s: 0.0468, Loss_u: 0.0259, Mask: 0.9190, Acc: 0.9826, Prec: 0.9303, Rec: 0.9090, F1: 0.9192                                                                                          
[Epoch 67] Val Loss: 0.0600, Acc: 0.9796, Prec: 0.9016, Rec: 0.8877, F1: 0.8912
        EarlyStopping counter: 1 / 30
[Epoch 68] Train Loss: 0.0516, Loss_s: 0.0469, Loss_u: 0.0237, Mask: 0.9275, Acc: 0.9824, Prec: 0.9330, Rec: 0.9088, F1: 0.9205                                                                                          
[Epoch 68] Val Loss: 0.0613, Acc: 0.9801, Prec: 0.9072, Rec: 0.8912, F1: 0.8973
        EarlyStopping counter: 2 / 30
[Epoch 69] rho: 0.93, Current Thresholds: [0.54 0.51 0.51 0.52 0.49 0.52 0.48 0.7  0.9 ], EMA Thresholds: [0.56 0.52 0.51 0.52 0.48 0.52 0.48 0.7  0.9 ]                                                                 
[Epoch 69] Train Loss: 0.0504, Loss_s: 0.0458, Loss_u: 0.0227, Mask: 0.9349, Acc: 0.9827, Prec: 0.9298, Rec: 0.9106, F1: 0.9198                                                                                          
[Epoch 69] Val Loss: 0.0638, Acc: 0.9783, Prec: 0.8922, Rec: 0.8865, F1: 0.8877
        EarlyStopping counter: 3 / 30
[Epoch 70] Train Loss: 0.0508, Loss_s: 0.0459, Loss_u: 0.0245, Mask: 0.9253, Acc: 0.9827, Prec: 0.9333, Rec: 0.9100, F1: 0.9213                                                                                          
[Epoch 70] Val Loss: 0.0634, Acc: 0.9802, Prec: 0.9115, Rec: 0.8831, F1: 0.8951
        EarlyStopping counter: 4 / 30
[Epoch 71] Train Loss: 0.0508, Loss_s: 0.0462, Loss_u: 0.0235, Mask: 0.9274, Acc: 0.9827, Prec: 0.9293, Rec: 0.9082, F1: 0.9184                                                                                          
[Epoch 71] Val Loss: 0.0586, Acc: 0.9814, Prec: 0.9052, Rec: 0.9040, F1: 0.9033
        Validation F1 improved → Saving model: ./checkpoints/best_model.pt
[Epoch 72] rho: 0.91, Current Thresholds: [0.57 0.54 0.51 0.54 0.5  0.55 0.49 0.8  0.9 ], EMA Thresholds: [0.56 0.52 0.51 0.52 0.48 0.53 0.48 0.72 0.9 ]                                                                 
[Epoch 72] Train Loss: 0.0506, Loss_s: 0.0459, Loss_u: 0.0234, Mask: 0.9315, Acc: 0.9826, Prec: 0.9312, Rec: 0.9071, F1: 0.9188                                                                                          
[Epoch 72] Val Loss: 0.0667, Acc: 0.9785, Prec: 0.8794, Rec: 0.9104, F1: 0.8908
        EarlyStopping counter: 1 / 30
[Epoch 73] Train Loss: 0.0497, Loss_s: 0.0453, Loss_u: 0.0222, Mask: 0.9304, Acc: 0.9830, Prec: 0.9330, Rec: 0.9129, F1: 0.9226                                                                                          
[Epoch 73] Val Loss: 0.0628, Acc: 0.9802, Prec: 0.9127, Rec: 0.8834, F1: 0.8935
        EarlyStopping counter: 2 / 30
[Epoch 74] Train Loss: 0.0500, Loss_s: 0.0456, Loss_u: 0.0217, Mask: 0.9339, Acc: 0.9826, Prec: 0.9303, Rec: 0.9109, F1: 0.9203                                                                                          
[Epoch 74] Val Loss: 0.0608, Acc: 0.9798, Prec: 0.8984, Rec: 0.8904, F1: 0.8905
        EarlyStopping counter: 3 / 30
[Epoch 75] rho: 0.92, Current Thresholds: [0.57 0.54 0.51 0.52 0.48 0.53 0.51 0.75 0.9 ], EMA Thresholds: [0.56 0.52 0.51 0.52 0.48 0.53 0.49 0.73 0.9 ]                                                                 
[Epoch 75] Train Loss: 0.0498, Loss_s: 0.0455, Loss_u: 0.0218, Mask: 0.9300, Acc: 0.9828, Prec: 0.9300, Rec: 0.9097, F1: 0.9195                                                                                          
[Epoch 75] Val Loss: 0.0577, Acc: 0.9809, Prec: 0.9131, Rec: 0.8888, F1: 0.8969
        EarlyStopping counter: 4 / 30
[Epoch 76] Train Loss: 0.0488, Loss_s: 0.0444, Loss_u: 0.0217, Mask: 0.9335, Acc: 0.9831, Prec: 0.9334, Rec: 0.9130, F1: 0.9229                                                                                          
[Epoch 76] Val Loss: 0.0656, Acc: 0.9783, Prec: 0.9163, Rec: 0.8646, F1: 0.8851
        EarlyStopping counter: 5 / 30
[Epoch 77] Train Loss: 0.0486, Loss_s: 0.0441, Loss_u: 0.0226, Mask: 0.9336, Acc: 0.9835, Prec: 0.9363, Rec: 0.9173, F1: 0.9265                                                                                          
[Epoch 77] Val Loss: 0.0602, Acc: 0.9791, Prec: 0.9206, Rec: 0.8651, F1: 0.8894
        EarlyStopping counter: 6 / 30
[Epoch 78] rho: 0.94, Current Thresholds: [0.54 0.56 0.5  0.52 0.48 0.53 0.48 0.77 0.9 ], EMA Thresholds: [0.56 0.53 0.51 0.52 0.48 0.53 0.49 0.73 0.9 ]                                                                 
[Epoch 78] Train Loss: 0.0481, Loss_s: 0.0437, Loss_u: 0.0220, Mask: 0.9363, Acc: 0.9835, Prec: 0.9325, Rec: 0.9136, F1: 0.9227                                                                                          
[Epoch 78] Val Loss: 0.0646, Acc: 0.9792, Prec: 0.9085, Rec: 0.8738, F1: 0.8858
        EarlyStopping counter: 7 / 30
[Epoch 79] Train Loss: 0.0479, Loss_s: 0.0436, Loss_u: 0.0219, Mask: 0.9367, Acc: 0.9836, Prec: 0.9328, Rec: 0.9159, F1: 0.9241                                                                                          
[Epoch 79] Val Loss: 0.0627, Acc: 0.9790, Prec: 0.9113, Rec: 0.8719, F1: 0.8866
        EarlyStopping counter: 8 / 30
[Epoch 80] Train Loss: 0.0475, Loss_s: 0.0429, Loss_u: 0.0229, Mask: 0.9292, Acc: 0.9838, Prec: 0.9367, Rec: 0.9189, F1: 0.9274                                                                                          
[Epoch 80] Val Loss: 0.0606, Acc: 0.9795, Prec: 0.9154, Rec: 0.8744, F1: 0.8921
        EarlyStopping counter: 9 / 30
[Epoch 81] rho: 0.91, Current Thresholds: [0.58 0.56 0.52 0.55 0.51 0.54 0.5  0.85 0.9 ], EMA Thresholds: [0.56 0.54 0.51 0.53 0.49 0.53 0.49 0.76 0.9 ]                                                                 
[Epoch 81] Train Loss: 0.0474, Loss_s: 0.0431, Loss_u: 0.0215, Mask: 0.9369, Acc: 0.9839, Prec: 0.9394, Rec: 0.9162, F1: 0.9274                                                                                          
[Epoch 81] Val Loss: 0.0634, Acc: 0.9801, Prec: 0.9156, Rec: 0.8833, F1: 0.8968
        EarlyStopping counter: 10 / 30
[Epoch 82] Train Loss: 0.0469, Loss_s: 0.0425, Loss_u: 0.0220, Mask: 0.9378, Acc: 0.9840, Prec: 0.9337, Rec: 0.9168, F1: 0.9249                                                                                          
[Epoch 82] Val Loss: 0.0633, Acc: 0.9784, Prec: 0.8978, Rec: 0.8910, F1: 0.8906
        EarlyStopping counter: 11 / 30
[Epoch 83] Train Loss: 0.0470, Loss_s: 0.0427, Loss_u: 0.0214, Mask: 0.9368, Acc: 0.9839, Prec: 0.9364, Rec: 0.9169, F1: 0.9264                                                                                          
[Epoch 83] Val Loss: 0.0581, Acc: 0.9805, Prec: 0.9164, Rec: 0.8830, F1: 0.8967
        EarlyStopping counter: 12 / 30
[Epoch 84] rho: 0.94, Current Thresholds: [0.54 0.52 0.5  0.52 0.49 0.53 0.49 0.63 0.9 ], EMA Thresholds: [0.56 0.53 0.51 0.53 0.49 0.53 0.49 0.73 0.9 ]                                                                 
[Epoch 84] Train Loss: 0.0466, Loss_s: 0.0422, Loss_u: 0.0219, Mask: 0.9357, Acc: 0.9838, Prec: 0.9369, Rec: 0.9172, F1: 0.9267                                                                                          
[Epoch 84] Val Loss: 0.0639, Acc: 0.9794, Prec: 0.9010, Rec: 0.8822, F1: 0.8876
        EarlyStopping counter: 13 / 30
[Epoch 85] Train Loss: 0.0469, Loss_s: 0.0425, Loss_u: 0.0225, Mask: 0.9322, Acc: 0.9840, Prec: 0.9368, Rec: 0.9193, F1: 0.9277                                                                                          
[Epoch 85] Val Loss: 0.0589, Acc: 0.9797, Prec: 0.9209, Rec: 0.8746, F1: 0.8946
        EarlyStopping counter: 14 / 30
[Epoch 86] Train Loss: 0.0464, Loss_s: 0.0420, Loss_u: 0.0219, Mask: 0.9327, Acc: 0.9840, Prec: 0.9355, Rec: 0.9184, F1: 0.9267                                                                                          
[Epoch 86] Val Loss: 0.0605, Acc: 0.9806, Prec: 0.9056, Rec: 0.8944, F1: 0.8971
        EarlyStopping counter: 15 / 30
[Epoch 87] rho: 0.93, Current Thresholds: [0.56 0.52 0.51 0.54 0.48 0.52 0.48 0.61 0.9 ], EMA Thresholds: [0.56 0.53 0.51 0.53 0.49 0.53 0.49 0.71 0.9 ]                                                                 
[Epoch 87] Train Loss: 0.0462, Loss_s: 0.0417, Loss_u: 0.0222, Mask: 0.9343, Acc: 0.9843, Prec: 0.9373, Rec: 0.9182, F1: 0.9275                                                                                          
[Epoch 87] Val Loss: 0.0576, Acc: 0.9806, Prec: 0.9115, Rec: 0.8948, F1: 0.9019
        EarlyStopping counter: 16 / 30
[Epoch 88] Train Loss: 0.0458, Loss_s: 0.0417, Loss_u: 0.0208, Mask: 0.9370, Acc: 0.9843, Prec: 0.9382, Rec: 0.9187, F1: 0.9282                                                                                          
[Epoch 88] Val Loss: 0.0591, Acc: 0.9803, Prec: 0.9039, Rec: 0.8899, F1: 0.8935
        EarlyStopping counter: 17 / 30
[Epoch 89] Train Loss: 0.0449, Loss_s: 0.0407, Loss_u: 0.0211, Mask: 0.9382, Acc: 0.9845, Prec: 0.9394, Rec: 0.9177, F1: 0.9282                                                                                          
[Epoch 89] Val Loss: 0.0633, Acc: 0.9791, Prec: 0.8970, Rec: 0.8850, F1: 0.8884
        EarlyStopping counter: 18 / 30
[Epoch 90] rho: 0.92, Current Thresholds: [0.57 0.53 0.51 0.54 0.5  0.56 0.5  0.7  0.9 ], EMA Thresholds: [0.56 0.53 0.51 0.53 0.49 0.53 0.49 0.71 0.9 ]                                                                 
[Epoch 90] Train Loss: 0.0447, Loss_s: 0.0403, Loss_u: 0.0217, Mask: 0.9343, Acc: 0.9847, Prec: 0.9383, Rec: 0.9230, F1: 0.9304                                                                                          
[Epoch 90] Val Loss: 0.0590, Acc: 0.9800, Prec: 0.9107, Rec: 0.8830, F1: 0.8941
        EarlyStopping counter: 19 / 30
[Epoch 91] Train Loss: 0.0452, Loss_s: 0.0411, Loss_u: 0.0206, Mask: 0.9389, Acc: 0.9845, Prec: 0.9366, Rec: 0.9199, F1: 0.9280                                                                                          
[Epoch 91] Val Loss: 0.0621, Acc: 0.9799, Prec: 0.9116, Rec: 0.8851, F1: 0.8943
        EarlyStopping counter: 20 / 30
[Epoch 92] Train Loss: 0.0445, Loss_s: 0.0402, Loss_u: 0.0215, Mask: 0.9345, Acc: 0.9846, Prec: 0.9429, Rec: 0.9260, F1: 0.9342                                                                                          
[Epoch 92] Val Loss: 0.0632, Acc: 0.9789, Prec: 0.9054, Rec: 0.8781, F1: 0.8876
        EarlyStopping counter: 21 / 30
[Epoch 93] rho: 0.94, Current Thresholds: [0.54 0.52 0.5  0.52 0.48 0.52 0.49 0.76 0.9 ], EMA Thresholds: [0.56 0.53 0.51 0.53 0.49 0.53 0.49 0.72 0.9 ]                                                                 
[Epoch 93] Train Loss: 0.0444, Loss_s: 0.0403, Loss_u: 0.0206, Mask: 0.9363, Acc: 0.9845, Prec: 0.9377, Rec: 0.9213, F1: 0.9293                                                                                          
[Epoch 93] Val Loss: 0.0620, Acc: 0.9792, Prec: 0.9079, Rec: 0.8760, F1: 0.8870
        EarlyStopping counter: 22 / 30
[Epoch 94] Train Loss: 0.0435, Loss_s: 0.0393, Loss_u: 0.0210, Mask: 0.9362, Acc: 0.9848, Prec: 0.9410, Rec: 0.9265, F1: 0.9335                                                                                          
[Epoch 94] Val Loss: 0.0604, Acc: 0.9801, Prec: 0.9163, Rec: 0.8882, F1: 0.8988
        EarlyStopping counter: 23 / 30
[Epoch 95] Train Loss: 0.0435, Loss_s: 0.0392, Loss_u: 0.0215, Mask: 0.9345, Acc: 0.9850, Prec: 0.9440, Rec: 0.9278, F1: 0.9356                                                                                          
[Epoch 95] Val Loss: 0.0638, Acc: 0.9789, Prec: 0.9113, Rec: 0.8749, F1: 0.8890
        EarlyStopping counter: 24 / 30
[Epoch 96] rho: 0.93, Current Thresholds: [0.54 0.52 0.51 0.53 0.49 0.51 0.46 0.66 0.9 ], EMA Thresholds: [0.56 0.53 0.51 0.53 0.49 0.53 0.48 0.71 0.9 ]                                                                 
[Epoch 96] Train Loss: 0.0438, Loss_s: 0.0398, Loss_u: 0.0200, Mask: 0.9346, Acc: 0.9847, Prec: 0.9411, Rec: 0.9264, F1: 0.9335                                                                                          
[Epoch 96] Val Loss: 0.0588, Acc: 0.9803, Prec: 0.9085, Rec: 0.8921, F1: 0.8968
        EarlyStopping counter: 25 / 30
[Epoch 97] Train Loss: 0.0433, Loss_s: 0.0390, Loss_u: 0.0216, Mask: 0.9331, Acc: 0.9849, Prec: 0.9411, Rec: 0.9221, F1: 0.9313                                                                                          
[Epoch 97] Val Loss: 0.0612, Acc: 0.9797, Prec: 0.9072, Rec: 0.8369, F1: 0.8626
        EarlyStopping counter: 26 / 30
[Epoch 98] Train Loss: 0.0428, Loss_s: 0.0386, Loss_u: 0.0212, Mask: 0.9343, Acc: 0.9853, Prec: 0.9453, Rec: 0.9284, F1: 0.9367                                                                                          
[Epoch 98] Val Loss: 0.0652, Acc: 0.9796, Prec: 0.8976, Rec: 0.8451, F1: 0.8608
        EarlyStopping counter: 27 / 30
[Epoch 99] rho: 0.92, Current Thresholds: [0.57 0.56 0.52 0.54 0.52 0.55 0.46 0.55 0.9 ], EMA Thresholds: [0.56 0.53 0.51 0.53 0.49 0.53 0.48 0.67 0.9 ]                                                                 
[Epoch 99] Train Loss: 0.0423, Loss_s: 0.0382, Loss_u: 0.0204, Mask: 0.9360, Acc: 0.9854, Prec: 0.9464, Rec: 0.9299, F1: 0.9379                                                                                          
[Epoch 99] Val Loss: 0.0639, Acc: 0.9794, Prec: 0.8904, Rec: 0.8410, F1: 0.8537
        EarlyStopping counter: 28 / 30
[Epoch 100] Train Loss: 0.0424, Loss_s: 0.0382, Loss_u: 0.0207, Mask: 0.9359, Acc: 0.9852, Prec: 0.9423, Rec: 0.9266, F1: 0.9342                                                                                         
[Epoch 100] Val Loss: 0.0590, Acc: 0.9798, Prec: 0.9068, Rec: 0.8760, F1: 0.8874
        EarlyStopping counter: 29 / 30
[Epoch 101] Train Loss: 0.0415, Loss_s: 0.0376, Loss_u: 0.0196, Mask: 0.9407, Acc: 0.9857, Prec: 0.9489, Rec: 0.9322, F1: 0.9403                                                                                         
[Epoch 101] Val Loss: 0.0604, Acc: 0.9795, Prec: 0.9156, Rec: 0.8571, F1: 0.8833
        EarlyStopping counter: 30 / 30
Early stopping triggered...
Total training time: 188 min 3.58 sec
Loaded best model.
[Best Model Train] Loss: 0.0566, Acc: 0.9816, Prec: 0.9203, Rec: 0.9171, F1: 0.9185                                                                                                                                      
[Best Model Train] Classification Report:
              precision    recall  f1-score   support

           0     0.9458    0.9475    0.9466      3220
           1     0.9306    0.9663    0.9481       416
           2     0.8872    0.8486    0.8675      3891
           3     0.9891    0.9792    0.9841      7260
           4     0.8201    0.8207    0.8204      2694
           5     0.9355    0.9168    0.9261       649
           6     0.8530    0.8177    0.8350       894
           7     0.9304    0.9640    0.9469       111
           8     0.9908    0.9931    0.9919    110573

    accuracy                         0.9816    129708
   macro avg     0.9203    0.9171    0.9185    129708
weighted avg     0.9814    0.9816    0.9815    129708

[Best Model Train] Confusion Matrix:
[[  3051      6      3      0      7      0      0      0    153]
 [     3    402      0      0     11      0      0      0      0]
 [    15      4   3302     39    147      7      7      2    368]
 [     1      1     69   7109      0      0      2      0     78]
 [    67     12     56      0   2211      5     51      0    292]
 [     5      4      8      1     20    595      1      6      9]
 [     1      1      6      0     30      1    731      0    124]
 [     1      0      0      0      0      3      0    107      0]
 [    82      2    278     38    270     25     65      0 109813]]

[Best Model Validation] Loss: 0.0586, Acc: 0.9814, Prec: 0.9052, Rec: 0.9040, F1: 0.9033                                                                                                                                 
[Best Model Validation] Classification Report:
              precision    recall  f1-score   support

           0     0.9551    0.9255    0.9401       644
           1     0.8021    0.9277    0.8603        83
           2     0.8858    0.8573    0.8713       778
           3     0.9868    0.9807    0.9838      1452
           4     0.8386    0.7918    0.8145       538
           5     0.9464    0.8217    0.8797       129
           6     0.7842    0.8371    0.8098       178
           7     0.9565    1.0000    0.9778        22
           8     0.9909    0.9943    0.9926     22114

    accuracy                         0.9814     25938
   macro avg     0.9052    0.9040    0.9033     25938
weighted avg     0.9812    0.9814    0.9812     25938

[Best Model Validation] Confusion Matrix:
[[  596     4     0     0     3     0     1     0    40]
 [    2    77     0     0     4     0     0     0     0]
 [    1     2   667    13    24     3     2     0    66]
 [    0     0    16  1424     0     0     0     0    12]
 [    8     7    13     0   426     2    20     0    62]
 [    2     5     6     0     6   106     1     1     2]
 [    0     0     3     0     7     0   149     0    19]
 [    0     0     0     0     0     0     0    22     0]
 [   15     1    48     6    38     1    17     0 21988]]

[Test] Loss: 0.0574, Acc: 0.9818, Prec: 0.9133, Rec: 0.9015, F1: 0.9072                                                                                                                                                  
[Test] Classification Report:
              precision    recall  f1-score   support

           0     0.9528    0.9395    0.9461       430
           1     0.8571    0.8571    0.8571        56
           2     0.8992    0.8577    0.8780       520
           3     0.9937    0.9835    0.9886       968
           4     0.8434    0.8504    0.8469       361
           5     0.9195    0.9091    0.9143        88
           6     0.8261    0.7851    0.8051       121
           7     0.9375    0.9375    0.9375        16
           8     0.9901    0.9931    0.9916     14744

    accuracy                         0.9818     17304
   macro avg     0.9133    0.9015    0.9072     17304
weighted avg     0.9816    0.9818    0.9817     17304

[Test] Confusion Matrix:
[[  404     0     0     0     1     0     0     0    25]
 [    1    48     0     0     7     0     0     0     0]
 [    0     2   446     2    10     1     0     1    58]
 [    0     0     9   952     0     0     0     0     7]
 [    5     5     6     0   307     1     2     0    35]
 [    1     0     3     0     3    80     0     0     1]
 [    0     0     1     0     5     0    95     0    20]
 [    0     0     0     0     0     1     0    15     0]
 [   13     1    31     4    31     4    18     0 14642]]