04/23/2026 19:39:59 - INFO - root -   train_labeled_dataset: 32424
04/23/2026 19:39:59 - INFO - root -   val_dataset: 25938
04/23/2026 19:39:59 - INFO - root -   test_dataset: 17304
[Epoch 1] Train Loss: 0.2165, Acc: 0.9383, Prec: 0.5911, Rec: 0.5249, F1: 0.5468                                                                                                                                  
[Epoch 1] Val Loss: 0.1690, Acc: 0.9508, Prec: 0.6886, Rec: 0.5013, F1: 0.5557
        Validation F1 improved → Saving model: ./checkpoints/best_model.pt
[Epoch 2] Train Loss: 0.1320, Acc: 0.9593, Prec: 0.7479, Rec: 0.6512, F1: 0.6713                                                                                                                                  
[Epoch 2] Val Loss: 0.1036, Acc: 0.9675, Prec: 0.7739, Rec: 0.7496, F1: 0.7374
        Validation F1 improved → Saving model: ./checkpoints/best_model.pt
[Epoch 3] Train Loss: 0.1117, Acc: 0.9645, Prec: 0.8081, Rec: 0.7254, F1: 0.7468                                                                                                                                  
[Epoch 3] Val Loss: 0.1035, Acc: 0.9667, Prec: 0.8198, Rec: 0.7702, F1: 0.7717
        Validation F1 improved → Saving model: ./checkpoints/best_model.pt
[Epoch 4] Train Loss: 0.0859, Acc: 0.9712, Prec: 0.8202, Rec: 0.7564, F1: 0.7768                                                                                                                                  
[Epoch 4] Val Loss: 0.2781, Acc: 0.9139, Prec: 0.6626, Rec: 0.7942, F1: 0.7116
        EarlyStopping counter: 1 / 20
[Epoch 5] Train Loss: 0.0671, Acc: 0.9778, Prec: 0.8658, Rec: 0.8108, F1: 0.8328                                                                                                                                  
[Epoch 5] Val Loss: 0.2304, Acc: 0.9315, Prec: 0.6462, Rec: 0.7300, F1: 0.6606
        EarlyStopping counter: 2 / 20
[Epoch 6] Train Loss: 0.0600, Acc: 0.9794, Prec: 0.8786, Rec: 0.8404, F1: 0.8558                                                                                                                                  
[Epoch 6] Val Loss: 0.1065, Acc: 0.9687, Prec: 0.8498, Rec: 0.7778, F1: 0.8086
        Validation F1 improved → Saving model: ./checkpoints/best_model.pt
[Epoch 7] Train Loss: 0.0660, Acc: 0.9768, Prec: 0.8645, Rec: 0.8103, F1: 0.8340                                                                                                                                  
[Epoch 7] Val Loss: 0.1029, Acc: 0.9687, Prec: 0.8511, Rec: 0.7765, F1: 0.7993
        EarlyStopping counter: 1 / 20
[Epoch 8] Train Loss: 0.0525, Acc: 0.9816, Prec: 0.8741, Rec: 0.8440, F1: 0.8576                                                                                                                                  
[Epoch 8] Val Loss: 0.1098, Acc: 0.9675, Prec: 0.8458, Rec: 0.7676, F1: 0.8029
        EarlyStopping counter: 2 / 20
[Epoch 9] Train Loss: 0.0353, Acc: 0.9885, Prec: 0.9244, Rec: 0.8976, F1: 0.9105                                                                                                                                  
[Epoch 9] Val Loss: 0.1346, Acc: 0.9638, Prec: 0.7845, Rec: 0.7689, F1: 0.7358
        EarlyStopping counter: 3 / 20
[Epoch 10] Train Loss: 0.0292, Acc: 0.9902, Prec: 0.9287, Rec: 0.9214, F1: 0.9247                                                                                                                                 
[Epoch 10] Val Loss: 0.1596, Acc: 0.9631, Prec: 0.8621, Rec: 0.7294, F1: 0.7687
        EarlyStopping counter: 4 / 20
[Epoch 11] Train Loss: 0.0313, Acc: 0.9901, Prec: 0.9408, Rec: 0.9315, F1: 0.9355                                                                                                                                 
[Epoch 11] Val Loss: 0.1251, Acc: 0.9691, Prec: 0.8731, Rec: 0.7749, F1: 0.8155
        Validation F1 improved → Saving model: ./checkpoints/best_model.pt
[Epoch 12] Train Loss: 0.0286, Acc: 0.9902, Prec: 0.9372, Rec: 0.9220, F1: 0.9293                                                                                                                                 
[Epoch 12] Val Loss: 0.1179, Acc: 0.9693, Prec: 0.8445, Rec: 0.7924, F1: 0.8034
        EarlyStopping counter: 1 / 20
[Epoch 13] Train Loss: 0.0311, Acc: 0.9899, Prec: 0.9318, Rec: 0.9079, F1: 0.9193                                                                                                                                 
[Epoch 13] Val Loss: 0.1518, Acc: 0.9657, Prec: 0.8582, Rec: 0.7599, F1: 0.7882
        EarlyStopping counter: 2 / 20
[Epoch 14] Train Loss: 0.0154, Acc: 0.9958, Prec: 0.9736, Rec: 0.9634, F1: 0.9685                                                                                                                                 
[Epoch 14] Val Loss: 0.1615, Acc: 0.9616, Prec: 0.7707, Rec: 0.7608, F1: 0.7472
        EarlyStopping counter: 3 / 20
[Epoch 15] Train Loss: 0.0101, Acc: 0.9967, Prec: 0.9616, Rec: 0.9475, F1: 0.9542                                                                                                                                 
[Epoch 15] Val Loss: 0.1421, Acc: 0.9697, Prec: 0.8663, Rec: 0.7864, F1: 0.8185
        Validation F1 improved → Saving model: ./checkpoints/best_model.pt
[Epoch 16] Train Loss: 0.0222, Acc: 0.9935, Prec: 0.9532, Rec: 0.9531, F1: 0.9531                                                                                                                                 
[Epoch 16] Val Loss: 0.1299, Acc: 0.9689, Prec: 0.8600, Rec: 0.7826, F1: 0.8068
        EarlyStopping counter: 1 / 20
[Epoch 17] Train Loss: 0.0156, Acc: 0.9948, Prec: 0.9677, Rec: 0.9642, F1: 0.9659                                                                                                                                 
[Epoch 17] Val Loss: 0.1395, Acc: 0.9687, Prec: 0.8253, Rec: 0.7929, F1: 0.8010
        EarlyStopping counter: 2 / 20
[Epoch 18] Train Loss: 0.0107, Acc: 0.9966, Prec: 0.9760, Rec: 0.9757, F1: 0.9758                                                                                                                                 
[Epoch 18] Val Loss: 0.2030, Acc: 0.9631, Prec: 0.8520, Rec: 0.7383, F1: 0.7602
        EarlyStopping counter: 3 / 20
[Epoch 19] Train Loss: 0.0088, Acc: 0.9970, Prec: 0.9795, Rec: 0.9783, F1: 0.9788                                                                                                                                 
[Epoch 19] Val Loss: 0.2242, Acc: 0.9544, Prec: 0.7796, Rec: 0.7077, F1: 0.7012
        EarlyStopping counter: 4 / 20
[Epoch 20] Train Loss: 0.0156, Acc: 0.9945, Prec: 0.9728, Rec: 0.9631, F1: 0.9678                                                                                                                                 
[Epoch 20] Val Loss: 0.1581, Acc: 0.9648, Prec: 0.8558, Rec: 0.7813, F1: 0.8079
        EarlyStopping counter: 5 / 20
[Epoch 21] Train Loss: 0.0232, Acc: 0.9927, Prec: 0.9576, Rec: 0.9452, F1: 0.9512                                                                                                                                 
[Epoch 21] Val Loss: 0.1361, Acc: 0.9676, Prec: 0.8484, Rec: 0.7889, F1: 0.8110
        EarlyStopping counter: 6 / 20
[Epoch 22] Train Loss: 0.0111, Acc: 0.9965, Prec: 0.9788, Rec: 0.9789, F1: 0.9788                                                                                                                                 
[Epoch 22] Val Loss: 0.1495, Acc: 0.9681, Prec: 0.8625, Rec: 0.7957, F1: 0.8200
        Validation F1 improved → Saving model: ./checkpoints/best_model.pt
[Epoch 23] Train Loss: 0.0090, Acc: 0.9974, Prec: 0.9859, Rec: 0.9817, F1: 0.9837                                                                                                                                 
[Epoch 23] Val Loss: 0.1941, Acc: 0.9592, Prec: 0.7798, Rec: 0.7789, F1: 0.7663
        EarlyStopping counter: 1 / 20
[Epoch 24] Train Loss: 0.0075, Acc: 0.9976, Prec: 0.9820, Rec: 0.9842, F1: 0.9831                                                                                                                                 
[Epoch 24] Val Loss: 0.3469, Acc: 0.9532, Prec: 0.8374, Rec: 0.6620, F1: 0.7119
        EarlyStopping counter: 2 / 20
[Epoch 25] Train Loss: 0.0142, Acc: 0.9952, Prec: 0.9780, Rec: 0.9690, F1: 0.9734                                                                                                                                 
[Epoch 25] Val Loss: 0.1632, Acc: 0.9672, Prec: 0.8468, Rec: 0.7758, F1: 0.7868
        EarlyStopping counter: 3 / 20
[Epoch 26] Train Loss: 0.0091, Acc: 0.9967, Prec: 0.9784, Rec: 0.9702, F1: 0.9742                                                                                                                                 
[Epoch 26] Val Loss: 0.1452, Acc: 0.9695, Prec: 0.8565, Rec: 0.8058, F1: 0.8179
        EarlyStopping counter: 4 / 20
[Epoch 27] Train Loss: 0.0097, Acc: 0.9970, Prec: 0.9833, Rec: 0.9837, F1: 0.9835                                                                                                                                 
[Epoch 27] Val Loss: 0.1584, Acc: 0.9671, Prec: 0.8680, Rec: 0.7740, F1: 0.8018
        EarlyStopping counter: 5 / 20
[Epoch 28] Train Loss: 0.0067, Acc: 0.9983, Prec: 0.9928, Rec: 0.9802, F1: 0.9861                                                                                                                                 
[Epoch 28] Val Loss: 0.1813, Acc: 0.9581, Prec: 0.7632, Rec: 0.8030, F1: 0.7778
        EarlyStopping counter: 6 / 20
[Epoch 29] Train Loss: 0.0079, Acc: 0.9972, Prec: 0.9712, Rec: 0.9709, F1: 0.9710                                                                                                                                 
[Epoch 29] Val Loss: 0.1730, Acc: 0.9653, Prec: 0.8315, Rec: 0.7714, F1: 0.7886
        EarlyStopping counter: 7 / 20
[Epoch 30] Train Loss: 0.0130, Acc: 0.9959, Prec: 0.9804, Rec: 0.9694, F1: 0.9748                                                                                                                                 
[Epoch 30] Val Loss: 0.1653, Acc: 0.9673, Prec: 0.8493, Rec: 0.7807, F1: 0.8033
        EarlyStopping counter: 8 / 20
[Epoch 31] Train Loss: 0.0092, Acc: 0.9972, Prec: 0.9867, Rec: 0.9838, F1: 0.9852                                                                                                                                 
[Epoch 31] Val Loss: 0.1569, Acc: 0.9676, Prec: 0.8494, Rec: 0.7791, F1: 0.7967
        EarlyStopping counter: 9 / 20
[Epoch 32] Train Loss: 0.0024, Acc: 0.9995, Prec: 0.9973, Rec: 0.9956, F1: 0.9964                                                                                                                                 
[Epoch 32] Val Loss: 0.1751, Acc: 0.9678, Prec: 0.8574, Rec: 0.7885, F1: 0.8057
        EarlyStopping counter: 10 / 20
[Epoch 33] Train Loss: 0.0016, Acc: 0.9997, Prec: 0.9990, Rec: 0.9973, F1: 0.9981                                                                                                                                 
[Epoch 33] Val Loss: 0.2318, Acc: 0.9632, Prec: 0.8346, Rec: 0.7666, F1: 0.7786
        EarlyStopping counter: 11 / 20
[Epoch 34] Train Loss: 0.0043, Acc: 0.9987, Prec: 0.9925, Rec: 0.9919, F1: 0.9922                                                                                                                                 
[Epoch 34] Val Loss: 0.2689, Acc: 0.9522, Prec: 0.7627, Rec: 0.7043, F1: 0.6950
        EarlyStopping counter: 12 / 20
[Epoch 35] Train Loss: 0.0186, Acc: 0.9945, Prec: 0.9542, Rec: 0.9490, F1: 0.9516                                                                                                                                 
[Epoch 35] Val Loss: 0.1636, Acc: 0.9670, Prec: 0.8690, Rec: 0.7914, F1: 0.8197
        EarlyStopping counter: 13 / 20
[Epoch 36] Train Loss: 0.0228, Acc: 0.9929, Prec: 0.9528, Rec: 0.9490, F1: 0.9507                                                                                                                                 
[Epoch 36] Val Loss: 0.1386, Acc: 0.9678, Prec: 0.8512, Rec: 0.7952, F1: 0.8148
        EarlyStopping counter: 14 / 20
[Epoch 37] Train Loss: 0.0108, Acc: 0.9969, Prec: 0.9773, Rec: 0.9658, F1: 0.9714                                                                                                                                 
[Epoch 37] Val Loss: 0.1754, Acc: 0.9656, Prec: 0.8559, Rec: 0.7768, F1: 0.8097
        EarlyStopping counter: 15 / 20
[Epoch 38] Train Loss: 0.0047, Acc: 0.9985, Prec: 0.9921, Rec: 0.9923, F1: 0.9922                                                                                                                                 
[Epoch 38] Val Loss: 0.1939, Acc: 0.9649, Prec: 0.8631, Rec: 0.7631, F1: 0.7909
        EarlyStopping counter: 16 / 20
[Epoch 39] Train Loss: 0.0067, Acc: 0.9978, Prec: 0.9870, Rec: 0.9859, F1: 0.9864                                                                                                                                 
[Epoch 39] Val Loss: 0.2324, Acc: 0.9631, Prec: 0.8323, Rec: 0.7445, F1: 0.7718
        EarlyStopping counter: 17 / 20
[Epoch 40] Train Loss: 0.0061, Acc: 0.9982, Prec: 0.9922, Rec: 0.9876, F1: 0.9898                                                                                                                                 
[Epoch 40] Val Loss: 0.1729, Acc: 0.9683, Prec: 0.8833, Rec: 0.7868, F1: 0.8176
        EarlyStopping counter: 18 / 20
[Epoch 41] Train Loss: 0.0043, Acc: 0.9988, Prec: 0.9892, Rec: 0.9931, F1: 0.9911                                                                                                                                 
[Epoch 41] Val Loss: 0.1810, Acc: 0.9659, Prec: 0.8358, Rec: 0.7922, F1: 0.8095
        EarlyStopping counter: 19 / 20
[Epoch 42] Train Loss: 0.0112, Acc: 0.9968, Prec: 0.9906, Rec: 0.9858, F1: 0.9882                                                                                                                                 
[Epoch 42] Val Loss: 0.1776, Acc: 0.9647, Prec: 0.8379, Rec: 0.7645, F1: 0.7960
        EarlyStopping counter: 20 / 20
Early stopping triggered...
Total training time: 7 min 16.21 sec
Loaded best model.
[Best Model Train] Loss: 0.0042, Acc: 0.9991, Prec: 0.9956, Rec: 0.9923, F1: 0.9939                                                                                                                               
[Best Model Train] Classification Report:
              precision    recall  f1-score   support

           0     0.9938    0.9988    0.9963       805
           1     0.9905    1.0000    0.9952       104
           2     0.9990    0.9918    0.9954       972
           3     1.0000    0.9983    0.9992      1815
           4     0.9837    0.9881    0.9859       673
           5     0.9939    1.0000    0.9969       162
           6     1.0000    0.9910    0.9955       223
           7     1.0000    0.9630    0.9811        27
           8     0.9996    0.9997    0.9997     27643

    accuracy                         0.9991     32424
   macro avg     0.9956    0.9923    0.9939     32424
weighted avg     0.9991    0.9991    0.9991     32424

[Best Model Train] Confusion Matrix:
[[  804     0     0     0     0     0     0     0     1]
 [    0   104     0     0     0     0     0     0     0]
 [    0     0   964     0     3     0     0     0     5]
 [    0     0     0  1812     1     0     0     0     2]
 [    5     1     0     0   665     0     0     0     2]
 [    0     0     0     0     0   162     0     0     0]
 [    0     0     0     0     1     0   221     0     1]
 [    0     0     0     0     0     1     0    26     0]
 [    0     0     1     0     6     0     0     0 27636]]

[Best Model Validation] Loss: 0.1495, Acc: 0.9681, Prec: 0.8625, Rec: 0.7957, F1: 0.8200                                                                                                                          
[Best Model Validation] Classification Report:
              precision    recall  f1-score   support

           0     0.9269    0.9053    0.9159       644
           1     0.8625    0.8313    0.8466        83
           2     0.8293    0.7121    0.7663       778
           3     0.9844    0.9539    0.9689      1452
           4     0.7298    0.6729    0.7002       538
           5     0.8550    0.8682    0.8615       129
           6     0.6400    0.2697    0.3794       178
           7     0.9545    0.9545    0.9545        22
           8     0.9798    0.9938    0.9867     22114

    accuracy                         0.9681     25938
   macro avg     0.8625    0.7957    0.8200     25938
weighted avg     0.9657    0.9681    0.9661     25938

[Best Model Validation] Confusion Matrix:
[[  583     3     0     0     7     1     0     0    50]
 [    3    69     1     0     4     3     0     0     3]
 [    2     1   554    17    36     8     3     1   156]
 [    1     0    20  1385     3     1     0     0    42]
 [   16     6    34     0   362     2     7     0   111]
 [    2     0     4     0     4   112     0     0     7]
 [    1     0     7     0    37     0    48     0    85]
 [    0     0     0     0     1     0     0    21     0]
 [   21     1    48     5    42     4    17     0 21976]]

[Test] Loss: 0.1512, Acc: 0.9690, Prec: 0.8703, Rec: 0.7942, F1: 0.8213                                                                                                                                           
[Test] Classification Report:
              precision    recall  f1-score   support

           0     0.9345    0.8953    0.9145       430
           1     0.8679    0.8214    0.8440        56
           2     0.8539    0.7192    0.7808       520
           3     0.9915    0.9638    0.9775       968
           4     0.7147    0.6870    0.7006       361
           5     0.8681    0.8977    0.8827        88
           6     0.6222    0.2314    0.3373       121
           7     1.0000    0.9375    0.9677        16
           8     0.9797    0.9942    0.9869     14744

    accuracy                         0.9690     17304
   macro avg     0.8703    0.7942    0.8213     17304
weighted avg     0.9666    0.9690    0.9669     17304

[Test] Confusion Matrix:
[[  385     0     1     0     2     0     0     0    42]
 [    2    46     0     0     2     2     0     0     4]
 [    3     0   374     7    27     6     1     0   102]
 [    1     0     7   933     1     1     0     0    25]
 [   10     6    21     0   248     0     9     0    67]
 [    1     1     3     0     1    79     0     0     3]
 [    0     0     6     0    27     0    28     0    60]
 [    0     0     0     0     0     1     0    15     0]
 [   10     0    26     1    39     2     7     0 14659]]