## backbone freeze
## layer4 unfreeze
## fc.classifier unfreeze

05/04/2026 22:30:39 - INFO - root -   train_labeled_dataset: 129708
05/04/2026 22:30:39 - INFO - root -   val_dataset: 25938
05/04/2026 22:30:39 - INFO - root -   test_dataset: 17304
05/04/2026 22:30:39 - INFO - root -   train_unlabeled_dataset: 638507
ResnetModel(
  (backbone): ResNet(
    (conv1): Conv2d(3, 64, kernel_size=(7, 7), stride=(2, 2), padding=(3, 3), bias=False)
    (bn1): BatchNorm2d(64, eps=1e-05, momentum=0.1, affine=True, track_running_stats=True)
    (relu): ReLU(inplace=True)
    (maxpool): MaxPool2d(kernel_size=3, stride=2, padding=1, dilation=1, ceil_mode=False)
    (layer1): Sequential(
      (0): BasicBlock(
        (conv1): Conv2d(64, 64, kernel_size=(3, 3), stride=(1, 1), padding=(1, 1), bias=False)
        (bn1): BatchNorm2d(64, eps=1e-05, momentum=0.1, affine=True, track_running_stats=True)
        (relu): ReLU(inplace=True)
        (conv2): Conv2d(64, 64, kernel_size=(3, 3), stride=(1, 1), padding=(1, 1), bias=False)
        (bn2): BatchNorm2d(64, eps=1e-05, momentum=0.1, affine=True, track_running_stats=True)
      )
      (1): BasicBlock(
        (conv1): Conv2d(64, 64, kernel_size=(3, 3), stride=(1, 1), padding=(1, 1), bias=False)
        (bn1): BatchNorm2d(64, eps=1e-05, momentum=0.1, affine=True, track_running_stats=True)
        (relu): ReLU(inplace=True)
        (conv2): Conv2d(64, 64, kernel_size=(3, 3), stride=(1, 1), padding=(1, 1), bias=False)
        (bn2): BatchNorm2d(64, eps=1e-05, momentum=0.1, affine=True, track_running_stats=True)
      )
    )
    (layer2): Sequential(
      (0): BasicBlock(
        (conv1): Conv2d(64, 128, kernel_size=(3, 3), stride=(2, 2), padding=(1, 1), bias=False)
        (bn1): BatchNorm2d(128, eps=1e-05, momentum=0.1, affine=True, track_running_stats=True)
        (relu): ReLU(inplace=True)
        (conv2): Conv2d(128, 128, kernel_size=(3, 3), stride=(1, 1), padding=(1, 1), bias=False)
        (bn2): BatchNorm2d(128, eps=1e-05, momentum=0.1, affine=True, track_running_stats=True)
        (downsample): Sequential(
          (0): Conv2d(64, 128, kernel_size=(1, 1), stride=(2, 2), bias=False)
          (1): BatchNorm2d(128, eps=1e-05, momentum=0.1, affine=True, track_running_stats=True)
        )
      )
      (1): BasicBlock(
        (conv1): Conv2d(128, 128, kernel_size=(3, 3), stride=(1, 1), padding=(1, 1), bias=False)
        (bn1): BatchNorm2d(128, eps=1e-05, momentum=0.1, affine=True, track_running_stats=True)
        (relu): ReLU(inplace=True)
        (conv2): Conv2d(128, 128, kernel_size=(3, 3), stride=(1, 1), padding=(1, 1), bias=False)
        (bn2): BatchNorm2d(128, eps=1e-05, momentum=0.1, affine=True, track_running_stats=True)
      )
    )
    (layer3): Sequential(
      (0): BasicBlock(
        (conv1): Conv2d(128, 256, kernel_size=(3, 3), stride=(2, 2), padding=(1, 1), bias=False)
        (bn1): BatchNorm2d(256, eps=1e-05, momentum=0.1, affine=True, track_running_stats=True)
        (relu): ReLU(inplace=True)
        (conv2): Conv2d(256, 256, kernel_size=(3, 3), stride=(1, 1), padding=(1, 1), bias=False)
        (bn2): BatchNorm2d(256, eps=1e-05, momentum=0.1, affine=True, track_running_stats=True)
        (downsample): Sequential(
          (0): Conv2d(128, 256, kernel_size=(1, 1), stride=(2, 2), bias=False)
          (1): BatchNorm2d(256, eps=1e-05, momentum=0.1, affine=True, track_running_stats=True)
        )
      )
      (1): BasicBlock(
        (conv1): Conv2d(256, 256, kernel_size=(3, 3), stride=(1, 1), padding=(1, 1), bias=False)
        (bn1): BatchNorm2d(256, eps=1e-05, momentum=0.1, affine=True, track_running_stats=True)
        (relu): ReLU(inplace=True)
        (conv2): Conv2d(256, 256, kernel_size=(3, 3), stride=(1, 1), padding=(1, 1), bias=False)
        (bn2): BatchNorm2d(256, eps=1e-05, momentum=0.1, affine=True, track_running_stats=True)
      )
    )
    (layer4): Sequential(
      (0): BasicBlock(
        (conv1): Conv2d(256, 512, kernel_size=(3, 3), stride=(2, 2), padding=(1, 1), bias=False)
        (bn1): BatchNorm2d(512, eps=1e-05, momentum=0.1, affine=True, track_running_stats=True)
        (relu): ReLU(inplace=True)
        (conv2): Conv2d(512, 512, kernel_size=(3, 3), stride=(1, 1), padding=(1, 1), bias=False)
        (bn2): BatchNorm2d(512, eps=1e-05, momentum=0.1, affine=True, track_running_stats=True)
        (downsample): Sequential(
          (0): Conv2d(256, 512, kernel_size=(1, 1), stride=(2, 2), bias=False)
          (1): BatchNorm2d(512, eps=1e-05, momentum=0.1, affine=True, track_running_stats=True)
        )
      )
      (1): BasicBlock(
        (conv1): Conv2d(512, 512, kernel_size=(3, 3), stride=(1, 1), padding=(1, 1), bias=False)
        (bn1): BatchNorm2d(512, eps=1e-05, momentum=0.1, affine=True, track_running_stats=True)
        (relu): ReLU(inplace=True)
        (conv2): Conv2d(512, 512, kernel_size=(3, 3), stride=(1, 1), padding=(1, 1), bias=False)
        (bn2): BatchNorm2d(512, eps=1e-05, momentum=0.1, affine=True, track_running_stats=True)
      )
    )
    (avgpool): AdaptiveAvgPool2d(output_size=(1, 1))
    (fc): Sequential(
      (0): Linear(in_features=512, out_features=9, bias=True)
    )
  )
)
[Epoch 1] Train Loss: 0.1899, Loss_s: 0.1787, Loss_u: 0.0564, Mask: 0.8598, Acc: 0.9480, Prec: 0.7081, Rec: 0.6592, F1: 0.6504                                                                                           
[Epoch 1] Val Loss: 0.1628, Acc: 0.9556, Prec: 0.8702, Rec: 0.6826, F1: 0.7470
        Validation F1 improved → Saving model: ./checkpoints/best_model.pt
[Epoch 2] Train Loss: 0.1395, Loss_s: 0.1287, Loss_u: 0.0542, Mask: 0.8679, Acc: 0.9603, Prec: 0.8319, Rec: 0.7414, F1: 0.7772                                                                                           
[Epoch 2] Val Loss: 0.1419, Acc: 0.9621, Prec: 0.8777, Rec: 0.7428, F1: 0.7879
        Validation F1 improved → Saving model: ./checkpoints/best_model.pt
[Epoch 3] Train Loss: 0.1253, Loss_s: 0.1157, Loss_u: 0.0480, Mask: 0.8747, Acc: 0.9636, Prec: 0.8496, Rec: 0.7741, F1: 0.8048                                                                                           
[Epoch 3] Val Loss: 0.1403, Acc: 0.9619, Prec: 0.8557, Rec: 0.7530, F1: 0.7803
        EarlyStopping counter: 1 / 30
[Epoch 4] Train Loss: 0.1217, Loss_s: 0.1117, Loss_u: 0.0498, Mask: 0.8720, Acc: 0.9648, Prec: 0.8547, Rec: 0.7804, F1: 0.8104                                                                                           
[Epoch 4] Val Loss: 0.1314, Acc: 0.9616, Prec: 0.8068, Rec: 0.7469, F1: 0.7392
        EarlyStopping counter: 2 / 30
[Epoch 5] Train Loss: 0.1179, Loss_s: 0.1080, Loss_u: 0.0493, Mask: 0.8735, Acc: 0.9652, Prec: 0.8569, Rec: 0.7850, F1: 0.8151                                                                                           
[Epoch 5] Val Loss: 0.1437, Acc: 0.9622, Prec: 0.9172, Rec: 0.7273, F1: 0.7944
        Validation F1 improved → Saving model: ./checkpoints/best_model.pt
[Epoch 6] Train Loss: 0.1157, Loss_s: 0.1059, Loss_u: 0.0490, Mask: 0.8719, Acc: 0.9662, Prec: 0.8689, Rec: 0.8024, F1: 0.8297                                                                                           
[Epoch 6] Val Loss: 0.1252, Acc: 0.9631, Prec: 0.8795, Rec: 0.7629, F1: 0.7996
        Validation F1 improved → Saving model: ./checkpoints/best_model.pt
[Epoch 7] Train Loss: 0.1123, Loss_s: 0.1036, Loss_u: 0.0434, Mask: 0.8786, Acc: 0.9667, Prec: 0.8664, Rec: 0.7959, F1: 0.8254                                                                                           
[Epoch 7] Val Loss: 0.1227, Acc: 0.9633, Prec: 0.8625, Rec: 0.7840, F1: 0.8087
        Validation F1 improved → Saving model: ./checkpoints/best_model.pt
[Epoch 8] Train Loss: 0.1110, Loss_s: 0.1021, Loss_u: 0.0448, Mask: 0.8785, Acc: 0.9670, Prec: 0.8671, Rec: 0.7984, F1: 0.8270                                                                                           
[Epoch 8] Val Loss: 0.1231, Acc: 0.9646, Prec: 0.8881, Rec: 0.7762, F1: 0.8063
        EarlyStopping counter: 1 / 30
[Epoch 9] Train Loss: 0.1094, Loss_s: 0.1007, Loss_u: 0.0432, Mask: 0.8818, Acc: 0.9678, Prec: 0.8705, Rec: 0.8011, F1: 0.8307                                                                                           
[Epoch 9] Val Loss: 0.1256, Acc: 0.9648, Prec: 0.9032, Rec: 0.7720, F1: 0.8244
        Validation F1 improved → Saving model: ./checkpoints/best_model.pt
[Epoch 10] Train Loss: 0.1081, Loss_s: 0.1000, Loss_u: 0.0406, Mask: 0.8836, Acc: 0.9678, Prec: 0.8660, Rec: 0.8053, F1: 0.8310                                                                                          
[Epoch 10] Val Loss: 0.1153, Acc: 0.9675, Prec: 0.8906, Rec: 0.7931, F1: 0.8264
        Validation F1 improved → Saving model: ./checkpoints/best_model.pt
[Epoch 11] Train Loss: 0.1051, Loss_s: 0.0973, Loss_u: 0.0389, Mask: 0.8815, Acc: 0.9686, Prec: 0.8725, Rec: 0.8118, F1: 0.8382                                                                                          
[Epoch 11] Val Loss: 0.1200, Acc: 0.9646, Prec: 0.8875, Rec: 0.7793, F1: 0.8159
        EarlyStopping counter: 1 / 30
[Epoch 12] Train Loss: 0.1050, Loss_s: 0.0976, Loss_u: 0.0367, Mask: 0.8861, Acc: 0.9681, Prec: 0.8703, Rec: 0.8059, F1: 0.8341                                                                                          
[Epoch 12] Val Loss: 0.1178, Acc: 0.9641, Prec: 0.8998, Rec: 0.7503, F1: 0.8052
        EarlyStopping counter: 2 / 30
[Epoch 13] Train Loss: 0.1029, Loss_s: 0.0953, Loss_u: 0.0376, Mask: 0.8845, Acc: 0.9687, Prec: 0.8774, Rec: 0.8109, F1: 0.8398                                                                                          
[Epoch 13] Val Loss: 0.1200, Acc: 0.9651, Prec: 0.8970, Rec: 0.7776, F1: 0.8242
        EarlyStopping counter: 3 / 30
[Epoch 14] Train Loss: 0.1038, Loss_s: 0.0967, Loss_u: 0.0355, Mask: 0.8819, Acc: 0.9681, Prec: 0.8744, Rec: 0.8114, F1: 0.8385                                                                                          
[Epoch 14] Val Loss: 0.1305, Acc: 0.9637, Prec: 0.8782, Rec: 0.7790, F1: 0.8075
        EarlyStopping counter: 4 / 30
[Epoch 15] Train Loss: 0.1009, Loss_s: 0.0942, Loss_u: 0.0334, Mask: 0.8860, Acc: 0.9693, Prec: 0.8780, Rec: 0.8152, F1: 0.8427                                                                                          
[Epoch 15] Val Loss: 0.1242, Acc: 0.9640, Prec: 0.9010, Rec: 0.7543, F1: 0.8012
        EarlyStopping counter: 5 / 30
[Epoch 16] Train Loss: 0.0995, Loss_s: 0.0927, Loss_u: 0.0340, Mask: 0.8886, Acc: 0.9697, Prec: 0.8820, Rec: 0.8191, F1: 0.8467                                                                                          
[Epoch 16] Val Loss: 0.1195, Acc: 0.9659, Prec: 0.9095, Rec: 0.7641, F1: 0.8127
        EarlyStopping counter: 6 / 30
[Epoch 17] Train Loss: 0.0977, Loss_s: 0.0913, Loss_u: 0.0318, Mask: 0.8875, Acc: 0.9707, Prec: 0.8899, Rec: 0.8281, F1: 0.8553                                                                                          
[Epoch 17] Val Loss: 0.1199, Acc: 0.9649, Prec: 0.9042, Rec: 0.7706, F1: 0.8230
        EarlyStopping counter: 7 / 30
[Epoch 18] Train Loss: 0.0979, Loss_s: 0.0913, Loss_u: 0.0329, Mask: 0.8889, Acc: 0.9703, Prec: 0.8852, Rec: 0.8218, F1: 0.8495                                                                                          
[Epoch 18] Val Loss: 0.1188, Acc: 0.9653, Prec: 0.8671, Rec: 0.7907, F1: 0.8062
        EarlyStopping counter: 8 / 30
[Epoch 19] Train Loss: 0.0959, Loss_s: 0.0893, Loss_u: 0.0328, Mask: 0.8874, Acc: 0.9710, Prec: 0.8848, Rec: 0.8272, F1: 0.8524                                                                                          
[Epoch 19] Val Loss: 0.1349, Acc: 0.9604, Prec: 0.8617, Rec: 0.7603, F1: 0.7873
        EarlyStopping counter: 9 / 30
[Epoch 20] Train Loss: 0.0968, Loss_s: 0.0903, Loss_u: 0.0327, Mask: 0.8902, Acc: 0.9705, Prec: 0.8872, Rec: 0.8283, F1: 0.8540                                                                                          
[Epoch 20] Val Loss: 0.1062, Acc: 0.9675, Prec: 0.8924, Rec: 0.7975, F1: 0.8314
        Validation F1 improved → Saving model: ./checkpoints/best_model.pt
[Epoch 21] Train Loss: 0.0942, Loss_s: 0.0879, Loss_u: 0.0314, Mask: 0.8907, Acc: 0.9710, Prec: 0.8884, Rec: 0.8309, F1: 0.8560                                                                                          
[Epoch 21] Val Loss: 0.1282, Acc: 0.9634, Prec: 0.8954, Rec: 0.7592, F1: 0.8115
        EarlyStopping counter: 1 / 30
[Epoch 22] Train Loss: 0.0934, Loss_s: 0.0870, Loss_u: 0.0319, Mask: 0.8924, Acc: 0.9716, Prec: 0.8910, Rec: 0.8323, F1: 0.8578                                                                                          
[Epoch 22] Val Loss: 0.1091, Acc: 0.9688, Prec: 0.9170, Rec: 0.7804, F1: 0.8310
        EarlyStopping counter: 2 / 30
[Epoch 23] Train Loss: 0.0947, Loss_s: 0.0879, Loss_u: 0.0337, Mask: 0.8849, Acc: 0.9711, Prec: 0.8920, Rec: 0.8276, F1: 0.8559                                                                                          
[Epoch 23] Val Loss: 0.1093, Acc: 0.9675, Prec: 0.8813, Rec: 0.7875, F1: 0.8216
        EarlyStopping counter: 3 / 30
[Epoch 24] Train Loss: 0.0936, Loss_s: 0.0869, Loss_u: 0.0334, Mask: 0.8907, Acc: 0.9716, Prec: 0.8889, Rec: 0.8322, F1: 0.8569                                                                                          
[Epoch 24] Val Loss: 0.1177, Acc: 0.9655, Prec: 0.8779, Rec: 0.7795, F1: 0.8117
        EarlyStopping counter: 4 / 30
[Epoch 25] Train Loss: 0.0920, Loss_s: 0.0852, Loss_u: 0.0338, Mask: 0.8930, Acc: 0.9715, Prec: 0.8914, Rec: 0.8305, F1: 0.8572                                                                                          
[Epoch 25] Val Loss: 0.1183, Acc: 0.9653, Prec: 0.8982, Rec: 0.7550, F1: 0.8098
        EarlyStopping counter: 5 / 30
[Epoch 26] Train Loss: 0.0924, Loss_s: 0.0861, Loss_u: 0.0314, Mask: 0.8915, Acc: 0.9718, Prec: 0.8963, Rec: 0.8332, F1: 0.8610                                                                                          
[Epoch 26] Val Loss: 0.1182, Acc: 0.9657, Prec: 0.9004, Rec: 0.7659, F1: 0.8193
        EarlyStopping counter: 6 / 30
[Epoch 27] Train Loss: 0.0907, Loss_s: 0.0845, Loss_u: 0.0308, Mask: 0.8911, Acc: 0.9716, Prec: 0.8892, Rec: 0.8338, F1: 0.8582                                                                                          
[Epoch 27] Val Loss: 0.1138, Acc: 0.9667, Prec: 0.9009, Rec: 0.7799, F1: 0.8274
        EarlyStopping counter: 7 / 30
[Epoch 28] Train Loss: 0.0899, Loss_s: 0.0840, Loss_u: 0.0296, Mask: 0.8902, Acc: 0.9719, Prec: 0.8970, Rec: 0.8414, F1: 0.8661                                                                                          
[Epoch 28] Val Loss: 0.1238, Acc: 0.9646, Prec: 0.9011, Rec: 0.7710, F1: 0.8158
        EarlyStopping counter: 8 / 30
[Epoch 29] Train Loss: 0.0909, Loss_s: 0.0846, Loss_u: 0.0316, Mask: 0.8933, Acc: 0.9721, Prec: 0.8934, Rec: 0.8337, F1: 0.8602                                                                                          
[Epoch 29] Val Loss: 0.1132, Acc: 0.9658, Prec: 0.9027, Rec: 0.7825, F1: 0.8250
        EarlyStopping counter: 9 / 30
[Epoch 30] Train Loss: 0.0912, Loss_s: 0.0851, Loss_u: 0.0307, Mask: 0.8917, Acc: 0.9717, Prec: 0.8930, Rec: 0.8369, F1: 0.8612                                                                                          
[Epoch 30] Val Loss: 0.1172, Acc: 0.9648, Prec: 0.8763, Rec: 0.7610, F1: 0.7917
        EarlyStopping counter: 10 / 30
[Epoch 31] Train Loss: 0.0902, Loss_s: 0.0839, Loss_u: 0.0319, Mask: 0.8933, Acc: 0.9724, Prec: 0.8950, Rec: 0.8406, F1: 0.8643                                                                                          
[Epoch 31] Val Loss: 0.1173, Acc: 0.9658, Prec: 0.9078, Rec: 0.7617, F1: 0.8177
        EarlyStopping counter: 11 / 30
[Epoch 32] Train Loss: 0.0889, Loss_s: 0.0829, Loss_u: 0.0301, Mask: 0.8967, Acc: 0.9721, Prec: 0.8952, Rec: 0.8443, F1: 0.8669                                                                                          
[Epoch 32] Val Loss: 0.1093, Acc: 0.9679, Prec: 0.9195, Rec: 0.7856, F1: 0.8359
        Validation F1 improved → Saving model: ./checkpoints/best_model.pt
[Epoch 33] Train Loss: 0.0897, Loss_s: 0.0833, Loss_u: 0.0321, Mask: 0.8981, Acc: 0.9720, Prec: 0.8920, Rec: 0.8364, F1: 0.8610                                                                                          
[Epoch 33] Val Loss: 0.1089, Acc: 0.9679, Prec: 0.9029, Rec: 0.7914, F1: 0.8355
        EarlyStopping counter: 1 / 30
[Epoch 34] Train Loss: 0.0894, Loss_s: 0.0833, Loss_u: 0.0306, Mask: 0.8959, Acc: 0.9722, Prec: 0.8951, Rec: 0.8383, F1: 0.8635                                                                                          
[Epoch 34] Val Loss: 0.1075, Acc: 0.9683, Prec: 0.9045, Rec: 0.7946, F1: 0.8393
        Validation F1 improved → Saving model: ./checkpoints/best_model.pt
[Epoch 35] Train Loss: 0.0887, Loss_s: 0.0822, Loss_u: 0.0325, Mask: 0.8949, Acc: 0.9723, Prec: 0.8933, Rec: 0.8395, F1: 0.8635                                                                                          
[Epoch 35] Val Loss: 0.1115, Acc: 0.9679, Prec: 0.9046, Rec: 0.7913, F1: 0.8333
        EarlyStopping counter: 1 / 30
[Epoch 36] Train Loss: 0.0872, Loss_s: 0.0811, Loss_u: 0.0307, Mask: 0.9008, Acc: 0.9732, Prec: 0.8983, Rec: 0.8461, F1: 0.8691                                                                                          
[Epoch 36] Val Loss: 0.1151, Acc: 0.9663, Prec: 0.8992, Rec: 0.7599, F1: 0.8147
        EarlyStopping counter: 2 / 30
[Epoch 37] Train Loss: 0.0881, Loss_s: 0.0819, Loss_u: 0.0310, Mask: 0.8943, Acc: 0.9726, Prec: 0.8973, Rec: 0.8458, F1: 0.8689                                                                                          
[Epoch 37] Val Loss: 0.1136, Acc: 0.9682, Prec: 0.8942, Rec: 0.7883, F1: 0.8254
        EarlyStopping counter: 3 / 30
[Epoch 38] Train Loss: 0.0868, Loss_s: 0.0808, Loss_u: 0.0303, Mask: 0.8931, Acc: 0.9733, Prec: 0.9023, Rec: 0.8461, F1: 0.8712                                                                                          
[Epoch 38] Val Loss: 0.1155, Acc: 0.9670, Prec: 0.9078, Rec: 0.7833, F1: 0.8302
        EarlyStopping counter: 4 / 30
[Epoch 39] Train Loss: 0.0875, Loss_s: 0.0815, Loss_u: 0.0301, Mask: 0.8955, Acc: 0.9724, Prec: 0.8936, Rec: 0.8429, F1: 0.8653                                                                                          
[Epoch 39] Val Loss: 0.1113, Acc: 0.9671, Prec: 0.9025, Rec: 0.7801, F1: 0.8246
        EarlyStopping counter: 5 / 30
[Epoch 40] Train Loss: 0.0852, Loss_s: 0.0787, Loss_u: 0.0325, Mask: 0.8957, Acc: 0.9733, Prec: 0.9007, Rec: 0.8464, F1: 0.8709                                                                                          
[Epoch 40] Val Loss: 0.1065, Acc: 0.9681, Prec: 0.9149, Rec: 0.7811, F1: 0.8347
        EarlyStopping counter: 6 / 30
[Epoch 41] Train Loss: 0.0858, Loss_s: 0.0800, Loss_u: 0.0293, Mask: 0.8963, Acc: 0.9736, Prec: 0.9009, Rec: 0.8485, F1: 0.8719                                                                                          
[Epoch 41] Val Loss: 0.1068, Acc: 0.9676, Prec: 0.9041, Rec: 0.7846, F1: 0.8304
        EarlyStopping counter: 7 / 30
[Epoch 42] Train Loss: 0.0862, Loss_s: 0.0798, Loss_u: 0.0319, Mask: 0.8922, Acc: 0.9729, Prec: 0.8967, Rec: 0.8409, F1: 0.8660                                                                                          
[Epoch 42] Val Loss: 0.1060, Acc: 0.9684, Prec: 0.9066, Rec: 0.7967, F1: 0.8385
        EarlyStopping counter: 8 / 30
[Epoch 43] Train Loss: 0.0860, Loss_s: 0.0799, Loss_u: 0.0308, Mask: 0.8946, Acc: 0.9730, Prec: 0.8960, Rec: 0.8424, F1: 0.8664                                                                                          
[Epoch 43] Val Loss: 0.1196, Acc: 0.9659, Prec: 0.9028, Rec: 0.7750, F1: 0.8199
        EarlyStopping counter: 9 / 30
[Epoch 44] Train Loss: 0.0855, Loss_s: 0.0793, Loss_u: 0.0309, Mask: 0.8950, Acc: 0.9733, Prec: 0.8982, Rec: 0.8474, F1: 0.8701                                                                                          
[Epoch 44] Val Loss: 0.1048, Acc: 0.9685, Prec: 0.8955, Rec: 0.7955, F1: 0.8312
        EarlyStopping counter: 10 / 30
[Epoch 45] Train Loss: 0.0847, Loss_s: 0.0787, Loss_u: 0.0301, Mask: 0.8924, Acc: 0.9739, Prec: 0.9042, Rec: 0.8525, F1: 0.8756                                                                                          
[Epoch 45] Val Loss: 0.1087, Acc: 0.9687, Prec: 0.9160, Rec: 0.7879, F1: 0.8376
        EarlyStopping counter: 11 / 30
[Epoch 46] Train Loss: 0.0845, Loss_s: 0.0786, Loss_u: 0.0294, Mask: 0.8969, Acc: 0.9735, Prec: 0.9006, Rec: 0.8467, F1: 0.8710                                                                                          
[Epoch 46] Val Loss: 0.1138, Acc: 0.9677, Prec: 0.9119, Rec: 0.7952, F1: 0.8382
        EarlyStopping counter: 12 / 30
[Epoch 47] Train Loss: 0.0854, Loss_s: 0.0795, Loss_u: 0.0295, Mask: 0.8965, Acc: 0.9728, Prec: 0.8981, Rec: 0.8467, F1: 0.8698                                                                                          
[Epoch 47] Val Loss: 0.1051, Acc: 0.9679, Prec: 0.9074, Rec: 0.7878, F1: 0.8330
        EarlyStopping counter: 13 / 30
[Epoch 48] Train Loss: 0.0838, Loss_s: 0.0778, Loss_u: 0.0301, Mask: 0.8965, Acc: 0.9739, Prec: 0.9059, Rec: 0.8522, F1: 0.8763                                                                                          
[Epoch 48] Val Loss: 0.1024, Acc: 0.9686, Prec: 0.8972, Rec: 0.7861, F1: 0.8288
        EarlyStopping counter: 14 / 30
[Epoch 49] Train Loss: 0.0828, Loss_s: 0.0766, Loss_u: 0.0310, Mask: 0.8975, Acc: 0.9741, Prec: 0.9066, Rec: 0.8574, F1: 0.8796                                                                                          
[Epoch 49] Val Loss: 0.1074, Acc: 0.9682, Prec: 0.8986, Rec: 0.7885, F1: 0.8338
        EarlyStopping counter: 15 / 30
[Epoch 50] Train Loss: 0.0836, Loss_s: 0.0775, Loss_u: 0.0303, Mask: 0.8961, Acc: 0.9736, Prec: 0.9002, Rec: 0.8481, F1: 0.8716                                                                                          
[Epoch 50] Val Loss: 0.1099, Acc: 0.9674, Prec: 0.8977, Rec: 0.7913, F1: 0.8310
        EarlyStopping counter: 16 / 30
[Epoch 51] Train Loss: 0.0838, Loss_s: 0.0774, Loss_u: 0.0316, Mask: 0.8966, Acc: 0.9741, Prec: 0.9049, Rec: 0.8578, F1: 0.8785                                                                                          
[Epoch 51] Val Loss: 0.1197, Acc: 0.9647, Prec: 0.8983, Rec: 0.7718, F1: 0.8157
        EarlyStopping counter: 17 / 30
[Epoch 52] Train Loss: 0.0831, Loss_s: 0.0769, Loss_u: 0.0309, Mask: 0.8937, Acc: 0.9740, Prec: 0.8992, Rec: 0.8482, F1: 0.8714                                                                                          
[Epoch 52] Val Loss: 0.1145, Acc: 0.9673, Prec: 0.8983, Rec: 0.7837, F1: 0.8227
        EarlyStopping counter: 18 / 30
[Epoch 53] Train Loss: 0.0828, Loss_s: 0.0766, Loss_u: 0.0310, Mask: 0.8940, Acc: 0.9736, Prec: 0.9068, Rec: 0.8538, F1: 0.8776                                                                                          
[Epoch 53] Val Loss: 0.1013, Acc: 0.9696, Prec: 0.8984, Rec: 0.8076, F1: 0.8411
        Validation F1 improved → Saving model: ./checkpoints/best_model.pt
[Epoch 54] Train Loss: 0.0831, Loss_s: 0.0768, Loss_u: 0.0314, Mask: 0.8927, Acc: 0.9742, Prec: 0.9031, Rec: 0.8511, F1: 0.8741                                                                                          
[Epoch 54] Val Loss: 0.1054, Acc: 0.9682, Prec: 0.8953, Rec: 0.7904, F1: 0.8321
        EarlyStopping counter: 1 / 30
[Epoch 55] Train Loss: 0.0835, Loss_s: 0.0777, Loss_u: 0.0286, Mask: 0.8915, Acc: 0.9737, Prec: 0.9087, Rec: 0.8566, F1: 0.8799                                                                                          
[Epoch 55] Val Loss: 0.1078, Acc: 0.9678, Prec: 0.9017, Rec: 0.7969, F1: 0.8392
        EarlyStopping counter: 2 / 30
[Epoch 56] Train Loss: 0.0822, Loss_s: 0.0760, Loss_u: 0.0308, Mask: 0.8938, Acc: 0.9744, Prec: 0.9123, Rec: 0.8569, F1: 0.8819                                                                                          
[Epoch 56] Val Loss: 0.1173, Acc: 0.9675, Prec: 0.9031, Rec: 0.7819, F1: 0.8275
        EarlyStopping counter: 3 / 30
[Epoch 57] Train Loss: 0.0816, Loss_s: 0.0753, Loss_u: 0.0315, Mask: 0.8928, Acc: 0.9741, Prec: 0.9049, Rec: 0.8530, F1: 0.8763                                                                                          
[Epoch 57] Val Loss: 0.1062, Acc: 0.9693, Prec: 0.8994, Rec: 0.8058, F1: 0.8431
        Validation F1 improved → Saving model: ./checkpoints/best_model.pt
[Epoch 58] Train Loss: 0.0821, Loss_s: 0.0758, Loss_u: 0.0316, Mask: 0.8970, Acc: 0.9746, Prec: 0.9027, Rec: 0.8563, F1: 0.8771                                                                                          
[Epoch 58] Val Loss: 0.1048, Acc: 0.9696, Prec: 0.8930, Rec: 0.8122, F1: 0.8439
        Validation F1 improved → Saving model: ./checkpoints/best_model.pt
[Epoch 59] Train Loss: 0.0819, Loss_s: 0.0757, Loss_u: 0.0311, Mask: 0.8933, Acc: 0.9740, Prec: 0.9041, Rec: 0.8580, F1: 0.8787                                                                                          
[Epoch 59] Val Loss: 0.1137, Acc: 0.9674, Prec: 0.9120, Rec: 0.7867, F1: 0.8357
        EarlyStopping counter: 1 / 30
[Epoch 60] Train Loss: 0.0811, Loss_s: 0.0750, Loss_u: 0.0309, Mask: 0.8962, Acc: 0.9745, Prec: 0.9095, Rec: 0.8575, F1: 0.8809                                                                                          
[Epoch 60] Val Loss: 0.1104, Acc: 0.9679, Prec: 0.9148, Rec: 0.7886, F1: 0.8360
        EarlyStopping counter: 2 / 30
[Epoch 61] Train Loss: 0.0800, Loss_s: 0.0739, Loss_u: 0.0304, Mask: 0.8964, Acc: 0.9749, Prec: 0.9092, Rec: 0.8588, F1: 0.8816                                                                                          
[Epoch 61] Val Loss: 0.1041, Acc: 0.9700, Prec: 0.9033, Rec: 0.8175, F1: 0.8505
        Validation F1 improved → Saving model: ./checkpoints/best_model.pt
[Epoch 62] Train Loss: 0.0797, Loss_s: 0.0735, Loss_u: 0.0307, Mask: 0.8977, Acc: 0.9751, Prec: 0.9088, Rec: 0.8619, F1: 0.8832                                                                                          
[Epoch 62] Val Loss: 0.1062, Acc: 0.9687, Prec: 0.9008, Rec: 0.8054, F1: 0.8399
        EarlyStopping counter: 1 / 30
[Epoch 63] Train Loss: 0.0815, Loss_s: 0.0745, Loss_u: 0.0351, Mask: 0.8901, Acc: 0.9748, Prec: 0.9088, Rec: 0.8562, F1: 0.8801                                                                                          
[Epoch 63] Val Loss: 0.1051, Acc: 0.9687, Prec: 0.8980, Rec: 0.7989, F1: 0.8404
        EarlyStopping counter: 2 / 30
[Epoch 64] Train Loss: 0.0798, Loss_s: 0.0728, Loss_u: 0.0352, Mask: 0.8894, Acc: 0.9748, Prec: 0.9102, Rec: 0.8610, F1: 0.8831                                                                                          
[Epoch 64] Val Loss: 0.1132, Acc: 0.9673, Prec: 0.9073, Rec: 0.7812, F1: 0.8340
        EarlyStopping counter: 3 / 30
[Epoch 65] Train Loss: 0.0795, Loss_s: 0.0731, Loss_u: 0.0325, Mask: 0.8936, Acc: 0.9752, Prec: 0.9131, Rec: 0.8599, F1: 0.8837                                                                                          
[Epoch 65] Val Loss: 0.1115, Acc: 0.9677, Prec: 0.9091, Rec: 0.7913, F1: 0.8372
        EarlyStopping counter: 4 / 30
[Epoch 66] Train Loss: 0.0804, Loss_s: 0.0738, Loss_u: 0.0326, Mask: 0.8925, Acc: 0.9747, Prec: 0.9074, Rec: 0.8587, F1: 0.8810                                                                                          
[Epoch 66] Val Loss: 0.1023, Acc: 0.9688, Prec: 0.8955, Rec: 0.7935, F1: 0.8329
        EarlyStopping counter: 5 / 30
[Epoch 67] Train Loss: 0.0801, Loss_s: 0.0729, Loss_u: 0.0362, Mask: 0.8877, Acc: 0.9751, Prec: 0.9117, Rec: 0.8618, F1: 0.8845                                                                                          
[Epoch 67] Val Loss: 0.1037, Acc: 0.9693, Prec: 0.8898, Rec: 0.8040, F1: 0.8373
        EarlyStopping counter: 6 / 30
[Epoch 68] Train Loss: 0.0793, Loss_s: 0.0728, Loss_u: 0.0327, Mask: 0.8879, Acc: 0.9751, Prec: 0.9092, Rec: 0.8601, F1: 0.8824                                                                                          
[Epoch 68] Val Loss: 0.1081, Acc: 0.9678, Prec: 0.8975, Rec: 0.8028, F1: 0.8392
        EarlyStopping counter: 7 / 30
[Epoch 69] Train Loss: 0.0789, Loss_s: 0.0724, Loss_u: 0.0324, Mask: 0.8924, Acc: 0.9754, Prec: 0.9126, Rec: 0.8646, F1: 0.8866                                                                                          
[Epoch 69] Val Loss: 0.1129, Acc: 0.9680, Prec: 0.9066, Rec: 0.7951, F1: 0.8374
        EarlyStopping counter: 8 / 30
[Epoch 70] Train Loss: 0.0788, Loss_s: 0.0724, Loss_u: 0.0320, Mask: 0.8950, Acc: 0.9756, Prec: 0.9145, Rec: 0.8666, F1: 0.8885                                                                                          
[Epoch 70] Val Loss: 0.1092, Acc: 0.9685, Prec: 0.8961, Rec: 0.7974, F1: 0.8343
        EarlyStopping counter: 9 / 30
[Epoch 71] Train Loss: 0.0786, Loss_s: 0.0723, Loss_u: 0.0320, Mask: 0.8944, Acc: 0.9755, Prec: 0.9127, Rec: 0.8638, F1: 0.8861                                                                                          
[Epoch 71] Val Loss: 0.1075, Acc: 0.9680, Prec: 0.9021, Rec: 0.7893, F1: 0.8299
        EarlyStopping counter: 10 / 30
[Epoch 72] Train Loss: 0.0764, Loss_s: 0.0704, Loss_u: 0.0301, Mask: 0.8913, Acc: 0.9757, Prec: 0.9162, Rec: 0.8684, F1: 0.8903                                                                                          
[Epoch 72] Val Loss: 0.1051, Acc: 0.9692, Prec: 0.8960, Rec: 0.8106, F1: 0.8448
        EarlyStopping counter: 11 / 30
[Epoch 73] Train Loss: 0.0773, Loss_s: 0.0708, Loss_u: 0.0323, Mask: 0.8946, Acc: 0.9752, Prec: 0.9149, Rec: 0.8618, F1: 0.8859                                                                                          
[Epoch 73] Val Loss: 0.1084, Acc: 0.9694, Prec: 0.9095, Rec: 0.8037, F1: 0.8474
        EarlyStopping counter: 12 / 30
[Epoch 74] Train Loss: 0.0784, Loss_s: 0.0719, Loss_u: 0.0326, Mask: 0.8954, Acc: 0.9748, Prec: 0.9089, Rec: 0.8619, F1: 0.8834                                                                                          
[Epoch 74] Val Loss: 0.1003, Acc: 0.9701, Prec: 0.8978, Rec: 0.8084, F1: 0.8422
        EarlyStopping counter: 13 / 30
[Epoch 75] Train Loss: 0.0773, Loss_s: 0.0709, Loss_u: 0.0318, Mask: 0.8961, Acc: 0.9756, Prec: 0.9162, Rec: 0.8689, F1: 0.8906                                                                                          
[Epoch 75] Val Loss: 0.1079, Acc: 0.9689, Prec: 0.8973, Rec: 0.7969, F1: 0.8366
        EarlyStopping counter: 14 / 30
[Epoch 76] Train Loss: 0.0773, Loss_s: 0.0707, Loss_u: 0.0328, Mask: 0.8938, Acc: 0.9761, Prec: 0.9123, Rec: 0.8684, F1: 0.8884                                                                                          
[Epoch 76] Val Loss: 0.1091, Acc: 0.9685, Prec: 0.9022, Rec: 0.7978, F1: 0.8366
        EarlyStopping counter: 15 / 30
[Epoch 77] Train Loss: 0.0765, Loss_s: 0.0699, Loss_u: 0.0332, Mask: 0.8943, Acc: 0.9762, Prec: 0.9150, Rec: 0.8695, F1: 0.8902                                                                                          
[Epoch 77] Val Loss: 0.1084, Acc: 0.9691, Prec: 0.9104, Rec: 0.8024, F1: 0.8465
        EarlyStopping counter: 16 / 30
[Epoch 78] Train Loss: 0.0770, Loss_s: 0.0706, Loss_u: 0.0322, Mask: 0.8966, Acc: 0.9760, Prec: 0.9130, Rec: 0.8666, F1: 0.8877                                                                                          
[Epoch 78] Val Loss: 0.1163, Acc: 0.9678, Prec: 0.9178, Rec: 0.7800, F1: 0.8348
        EarlyStopping counter: 17 / 30
[Epoch 79] Train Loss: 0.0763, Loss_s: 0.0698, Loss_u: 0.0324, Mask: 0.8994, Acc: 0.9761, Prec: 0.9131, Rec: 0.8660, F1: 0.8874                                                                                          
[Epoch 79] Val Loss: 0.1084, Acc: 0.9682, Prec: 0.8949, Rec: 0.8040, F1: 0.8368
        EarlyStopping counter: 18 / 30
[Epoch 80] Train Loss: 0.0763, Loss_s: 0.0699, Loss_u: 0.0324, Mask: 0.8970, Acc: 0.9764, Prec: 0.9153, Rec: 0.8696, F1: 0.8904                                                                                          
[Epoch 80] Val Loss: 0.1082, Acc: 0.9679, Prec: 0.8957, Rec: 0.7924, F1: 0.8309
        EarlyStopping counter: 19 / 30
[Epoch 81] Train Loss: 0.0749, Loss_s: 0.0684, Loss_u: 0.0329, Mask: 0.8943, Acc: 0.9767, Prec: 0.9174, Rec: 0.8716, F1: 0.8928                                                                                          
[Epoch 81] Val Loss: 0.1095, Acc: 0.9684, Prec: 0.9092, Rec: 0.7918, F1: 0.8395
        EarlyStopping counter: 20 / 30
[Epoch 82] Train Loss: 0.0753, Loss_s: 0.0686, Loss_u: 0.0338, Mask: 0.8932, Acc: 0.9765, Prec: 0.9172, Rec: 0.8734, F1: 0.8935                                                                                          
[Epoch 82] Val Loss: 0.1083, Acc: 0.9688, Prec: 0.9047, Rec: 0.8053, F1: 0.8456
        EarlyStopping counter: 21 / 30
[Epoch 83] Train Loss: 0.0752, Loss_s: 0.0685, Loss_u: 0.0337, Mask: 0.8941, Acc: 0.9762, Prec: 0.9160, Rec: 0.8704, F1: 0.8913                                                                                          
[Epoch 83] Val Loss: 0.1061, Acc: 0.9692, Prec: 0.9077, Rec: 0.8046, F1: 0.8462
        EarlyStopping counter: 22 / 30
[Epoch 84] Train Loss: 0.0745, Loss_s: 0.0679, Loss_u: 0.0326, Mask: 0.8926, Acc: 0.9764, Prec: 0.9218, Rec: 0.8735, F1: 0.8959                                                                                          
[Epoch 84] Val Loss: 0.1109, Acc: 0.9680, Prec: 0.9041, Rec: 0.7949, F1: 0.8380
        EarlyStopping counter: 23 / 30
[Epoch 85] Train Loss: 0.0745, Loss_s: 0.0674, Loss_u: 0.0355, Mask: 0.8947, Acc: 0.9767, Prec: 0.9133, Rec: 0.8713, F1: 0.8906                                                                                          
[Epoch 85] Val Loss: 0.1084, Acc: 0.9688, Prec: 0.9085, Rec: 0.8052, F1: 0.8474
        EarlyStopping counter: 24 / 30
[Epoch 86] Train Loss: 0.0745, Loss_s: 0.0674, Loss_u: 0.0358, Mask: 0.8966, Acc: 0.9766, Prec: 0.9193, Rec: 0.8748, F1: 0.8954                                                                                          
[Epoch 86] Val Loss: 0.1049, Acc: 0.9704, Prec: 0.9184, Rec: 0.8145, F1: 0.8555
        Validation F1 improved → Saving model: ./checkpoints/best_model.pt
[Epoch 87] Train Loss: 0.0744, Loss_s: 0.0674, Loss_u: 0.0352, Mask: 0.8948, Acc: 0.9766, Prec: 0.9208, Rec: 0.8741, F1: 0.8956                                                                                          
[Epoch 87] Val Loss: 0.1114, Acc: 0.9682, Prec: 0.9174, Rec: 0.7986, F1: 0.8472
        EarlyStopping counter: 1 / 30
[Epoch 88] Train Loss: 0.0737, Loss_s: 0.0672, Loss_u: 0.0326, Mask: 0.8953, Acc: 0.9768, Prec: 0.9210, Rec: 0.8786, F1: 0.8979                                                                                          
[Epoch 88] Val Loss: 0.1088, Acc: 0.9686, Prec: 0.9042, Rec: 0.8027, F1: 0.8458
        EarlyStopping counter: 2 / 30
[Epoch 89] Train Loss: 0.0741, Loss_s: 0.0677, Loss_u: 0.0323, Mask: 0.8953, Acc: 0.9771, Prec: 0.9198, Rec: 0.8753, F1: 0.8959                                                                                          
[Epoch 89] Val Loss: 0.1053, Acc: 0.9692, Prec: 0.9113, Rec: 0.8025, F1: 0.8463
        EarlyStopping counter: 3 / 30
[Epoch 90] Train Loss: 0.0734, Loss_s: 0.0665, Loss_u: 0.0344, Mask: 0.8965, Acc: 0.9770, Prec: 0.9195, Rec: 0.8742, F1: 0.8951                                                                                          
[Epoch 90] Val Loss: 0.1065, Acc: 0.9689, Prec: 0.8976, Rec: 0.8018, F1: 0.8397
        EarlyStopping counter: 4 / 30
[Epoch 91] Train Loss: 0.0728, Loss_s: 0.0659, Loss_u: 0.0341, Mask: 0.8980, Acc: 0.9771, Prec: 0.9200, Rec: 0.8774, F1: 0.8970                                                                                          
[Epoch 91] Val Loss: 0.1021, Acc: 0.9703, Prec: 0.8946, Rec: 0.8136, F1: 0.8458
        EarlyStopping counter: 5 / 30
[Epoch 92] Train Loss: 0.0713, Loss_s: 0.0645, Loss_u: 0.0344, Mask: 0.8980, Acc: 0.9773, Prec: 0.9201, Rec: 0.8778, F1: 0.8974                                                                                          
[Epoch 92] Val Loss: 0.1018, Acc: 0.9697, Prec: 0.9013, Rec: 0.8130, F1: 0.8507
        EarlyStopping counter: 6 / 30
[Epoch 93] Train Loss: 0.0718, Loss_s: 0.0645, Loss_u: 0.0367, Mask: 0.8966, Acc: 0.9774, Prec: 0.9193, Rec: 0.8784, F1: 0.8973                                                                                          
[Epoch 93] Val Loss: 0.1109, Acc: 0.9689, Prec: 0.9109, Rec: 0.7953, F1: 0.8394
        EarlyStopping counter: 7 / 30
[Epoch 94] Train Loss: 0.0730, Loss_s: 0.0662, Loss_u: 0.0338, Mask: 0.8973, Acc: 0.9769, Prec: 0.9207, Rec: 0.8763, F1: 0.8970                                                                                          
[Epoch 94] Val Loss: 0.1069, Acc: 0.9697, Prec: 0.9042, Rec: 0.8066, F1: 0.8429
        EarlyStopping counter: 8 / 30
[Epoch 95] Train Loss: 0.0738, Loss_s: 0.0669, Loss_u: 0.0342, Mask: 0.8956, Acc: 0.9769, Prec: 0.9253, Rec: 0.8757, F1: 0.8984                                                                                          
[Epoch 95] Val Loss: 0.1043, Acc: 0.9705, Prec: 0.9058, Rec: 0.8116, F1: 0.8480
        EarlyStopping counter: 9 / 30
[Epoch 96] Train Loss: 0.0717, Loss_s: 0.0643, Loss_u: 0.0369, Mask: 0.8965, Acc: 0.9780, Prec: 0.9241, Rec: 0.8793, F1: 0.9002                                                                                          
[Epoch 96] Val Loss: 0.1012, Acc: 0.9705, Prec: 0.8973, Rec: 0.8139, F1: 0.8479
        EarlyStopping counter: 10 / 30
[Epoch 97] Train Loss: 0.0717, Loss_s: 0.0645, Loss_u: 0.0364, Mask: 0.8955, Acc: 0.9775, Prec: 0.9261, Rec: 0.8817, F1: 0.9022                                                                                          
[Epoch 97] Val Loss: 0.1080, Acc: 0.9696, Prec: 0.9096, Rec: 0.8014, F1: 0.8435
        EarlyStopping counter: 11 / 30
[Epoch 98] Train Loss: 0.0718, Loss_s: 0.0646, Loss_u: 0.0359, Mask: 0.8962, Acc: 0.9776, Prec: 0.9201, Rec: 0.8777, F1: 0.8975                                                                                          
[Epoch 98] Val Loss: 0.1116, Acc: 0.9687, Prec: 0.9206, Rec: 0.7942, F1: 0.8435
        EarlyStopping counter: 12 / 30
[Epoch 99] Train Loss: 0.0715, Loss_s: 0.0641, Loss_u: 0.0368, Mask: 0.8968, Acc: 0.9776, Prec: 0.9247, Rec: 0.8815, F1: 0.9014                                                                                          
[Epoch 99] Val Loss: 0.1062, Acc: 0.9695, Prec: 0.8918, Rec: 0.8127, F1: 0.8425
        EarlyStopping counter: 13 / 30
[Epoch 100] Train Loss: 0.0721, Loss_s: 0.0646, Loss_u: 0.0376, Mask: 0.8975, Acc: 0.9770, Prec: 0.9209, Rec: 0.8772, F1: 0.8974                                                                                         
[Epoch 100] Val Loss: 0.1052, Acc: 0.9698, Prec: 0.9096, Rec: 0.8081, F1: 0.8499
        EarlyStopping counter: 14 / 30
[Epoch 101] Train Loss: 0.0707, Loss_s: 0.0636, Loss_u: 0.0352, Mask: 0.8993, Acc: 0.9778, Prec: 0.9264, Rec: 0.8834, F1: 0.9033                                                                                         
[Epoch 101] Val Loss: 0.1065, Acc: 0.9693, Prec: 0.9154, Rec: 0.8040, F1: 0.8484
        EarlyStopping counter: 15 / 30
[Epoch 102] Train Loss: 0.0694, Loss_s: 0.0625, Loss_u: 0.0348, Mask: 0.9016, Acc: 0.9778, Prec: 0.9249, Rec: 0.8841, F1: 0.9031                                                                                         
[Epoch 102] Val Loss: 0.1097, Acc: 0.9687, Prec: 0.9045, Rec: 0.8006, F1: 0.8411
        EarlyStopping counter: 16 / 30
[Epoch 103] Train Loss: 0.0693, Loss_s: 0.0622, Loss_u: 0.0353, Mask: 0.8998, Acc: 0.9785, Prec: 0.9269, Rec: 0.8859, F1: 0.9049                                                                                         
[Epoch 103] Val Loss: 0.1067, Acc: 0.9697, Prec: 0.9095, Rec: 0.8049, F1: 0.8481
        EarlyStopping counter: 17 / 30
[Epoch 104] Train Loss: 0.0692, Loss_s: 0.0624, Loss_u: 0.0341, Mask: 0.8978, Acc: 0.9783, Prec: 0.9279, Rec: 0.8876, F1: 0.9063                                                                                         
[Epoch 104] Val Loss: 0.1076, Acc: 0.9693, Prec: 0.9015, Rec: 0.8068, F1: 0.8441
        EarlyStopping counter: 18 / 30
[Epoch 105] Train Loss: 0.0700, Loss_s: 0.0631, Loss_u: 0.0345, Mask: 0.8988, Acc: 0.9782, Prec: 0.9261, Rec: 0.8891, F1: 0.9062                                                                                         
[Epoch 105] Val Loss: 0.1083, Acc: 0.9692, Prec: 0.9131, Rec: 0.7955, F1: 0.8432
        EarlyStopping counter: 19 / 30
[Epoch 106] Train Loss: 0.0687, Loss_s: 0.0617, Loss_u: 0.0348, Mask: 0.8979, Acc: 0.9788, Prec: 0.9258, Rec: 0.8878, F1: 0.9056                                                                                         
[Epoch 106] Val Loss: 0.1083, Acc: 0.9694, Prec: 0.8963, Rec: 0.8063, F1: 0.8419
        EarlyStopping counter: 20 / 30
[Epoch 107] Train Loss: 0.0682, Loss_s: 0.0610, Loss_u: 0.0361, Mask: 0.8989, Acc: 0.9787, Prec: 0.9303, Rec: 0.8894, F1: 0.9084                                                                                         
[Epoch 107] Val Loss: 0.1061, Acc: 0.9696, Prec: 0.8958, Rec: 0.8097, F1: 0.8451
        EarlyStopping counter: 21 / 30
[Epoch 108] Train Loss: 0.0685, Loss_s: 0.0613, Loss_u: 0.0362, Mask: 0.9004, Acc: 0.9788, Prec: 0.9296, Rec: 0.8925, F1: 0.9098                                                                                         
[Epoch 108] Val Loss: 0.1071, Acc: 0.9695, Prec: 0.9088, Rec: 0.8060, F1: 0.8475
        EarlyStopping counter: 22 / 30
[Epoch 109] Train Loss: 0.0673, Loss_s: 0.0606, Loss_u: 0.0337, Mask: 0.9014, Acc: 0.9785, Prec: 0.9281, Rec: 0.8881, F1: 0.9067                                                                                         
[Epoch 109] Val Loss: 0.1116, Acc: 0.9689, Prec: 0.9063, Rec: 0.7989, F1: 0.8406
        EarlyStopping counter: 23 / 30
[Epoch 110] Train Loss: 0.0673, Loss_s: 0.0605, Loss_u: 0.0341, Mask: 0.9044, Acc: 0.9789, Prec: 0.9290, Rec: 0.8886, F1: 0.9075                                                                                         
[Epoch 110] Val Loss: 0.1062, Acc: 0.9693, Prec: 0.9011, Rec: 0.8051, F1: 0.8441
        EarlyStopping counter: 24 / 30
[Epoch 111] Train Loss: 0.0672, Loss_s: 0.0602, Loss_u: 0.0350, Mask: 0.8983, Acc: 0.9784, Prec: 0.9288, Rec: 0.8909, F1: 0.9086                                                                                         
[Epoch 111] Val Loss: 0.1073, Acc: 0.9697, Prec: 0.9059, Rec: 0.8148, F1: 0.8499
        EarlyStopping counter: 25 / 30
[Epoch 112] Train Loss: 0.0682, Loss_s: 0.0612, Loss_u: 0.0350, Mask: 0.8972, Acc: 0.9784, Prec: 0.9288, Rec: 0.8866, F1: 0.9061                                                                                         
[Epoch 112] Val Loss: 0.1107, Acc: 0.9686, Prec: 0.9074, Rec: 0.8019, F1: 0.8445
        EarlyStopping counter: 26 / 30
[Epoch 113] Train Loss: 0.0684, Loss_s: 0.0610, Loss_u: 0.0368, Mask: 0.9007, Acc: 0.9786, Prec: 0.9290, Rec: 0.8911, F1: 0.9086                                                                                         
[Epoch 113] Val Loss: 0.1075, Acc: 0.9692, Prec: 0.9112, Rec: 0.8076, F1: 0.8501
        EarlyStopping counter: 27 / 30
[Epoch 114] Train Loss: 0.0663, Loss_s: 0.0596, Loss_u: 0.0339, Mask: 0.9010, Acc: 0.9788, Prec: 0.9327, Rec: 0.8893, F1: 0.9096                                                                                         
[Epoch 114] Val Loss: 0.1097, Acc: 0.9692, Prec: 0.9062, Rec: 0.8068, F1: 0.8473
        EarlyStopping counter: 28 / 30
[Epoch 115] Train Loss: 0.0663, Loss_s: 0.0595, Loss_u: 0.0344, Mask: 0.9019, Acc: 0.9789, Prec: 0.9290, Rec: 0.8885, F1: 0.9074                                                                                         
[Epoch 115] Val Loss: 0.1099, Acc: 0.9692, Prec: 0.9063, Rec: 0.8105, F1: 0.8498
        EarlyStopping counter: 29 / 30
[Epoch 116] Train Loss: 0.0670, Loss_s: 0.0599, Loss_u: 0.0358, Mask: 0.9005, Acc: 0.9791, Prec: 0.9311, Rec: 0.8908, F1: 0.9098                                                                                         
[Epoch 116] Val Loss: 0.1038, Acc: 0.9698, Prec: 0.8912, Rec: 0.8169, F1: 0.8464
        EarlyStopping counter: 30 / 30
Early stopping triggered...
Total training time: 160 min 39.05 sec
Loaded best model.
[Best Model Train] Loss: 0.0922, Acc: 0.9717, Prec: 0.9328, Rec: 0.8228, F1: 0.8672                                                                                                                                      
[Best Model Train] Classification Report:
              precision    recall  f1-score   support

           0     0.9684    0.8385    0.8988      3220
           1     0.8717    0.9471    0.9078       416
           2     0.8991    0.7214    0.8005      3891
           3     0.9736    0.9810    0.9773      7260
           4     0.8739    0.6277    0.7306      2694
           5     0.9750    0.9029    0.9376       649
           6     0.8667    0.4799    0.6177       894
           7     0.9902    0.9099    0.9484       111
           8     0.9762    0.9967    0.9863    110573

    accuracy                         0.9717    129708
   macro avg     0.9328    0.8228    0.8672    129708
weighted avg     0.9703    0.9717    0.9697    129708

[Best Model Train] Confusion Matrix:
[[  2700     12      4      1     16      1      0      0    486]
 [     5    394      1      1     12      0      0      0      3]
 [     8      0   2807    102     70      5      4      1    894]
 [     0      0     29   7122      0      1      1      0    107]
 [    54     31    121      0   1691      0     28      0    769]
 [     2      7     16      1      8    586      1      0     28]
 [     0      0      9      2     50      0    429      0    404]
 [     1      0      2      0      0      7      0    101      0]
 [    18      8    133     86     88      1     32      0 110207]]

[Best Model Validation] Loss: 0.1049, Acc: 0.9704, Prec: 0.9184, Rec: 0.8145, F1: 0.8555                                                                                                                                 
[Best Model Validation] Classification Report:
              precision    recall  f1-score   support

           0     0.9688    0.8199    0.8881       644
           1     0.7812    0.9036    0.8380        83
           2     0.9053    0.7249    0.8051       778
           3     0.9766    0.9766    0.9766      1452
           4     0.8392    0.6208    0.7137       538
           5     0.9725    0.8217    0.8908       129
           6     0.8469    0.4663    0.6014       178
           7     1.0000    1.0000    1.0000        22
           8     0.9755    0.9967    0.9860     22114

    accuracy                         0.9704     25938
   macro avg     0.9184    0.8145    0.8555     25938
weighted avg     0.9689    0.9704    0.9684     25938

[Best Model Validation] Confusion Matrix:
[[  528     3     0     0     3     0     0     0   110]
 [    0    75     0     0     7     0     0     0     1]
 [    1     0   564    17    24     1     2     0   169]
 [    0     0     7  1418     1     0     0     0    26]
 [    8    10    20     0   334     2     6     0   158]
 [    3     5     6     0     2   106     1     0     6]
 [    0     0     2     1     8     0    83     0    84]
 [    0     0     0     0     0     0     0    22     0]
 [    5     3    24    16    19     0     6     0 22041]]

[Test] Loss: 0.1008, Acc: 0.9706, Prec: 0.9157, Rec: 0.8084, F1: 0.8515                                                                                                                                                  
[Test] Classification Report:
              precision    recall  f1-score   support

           0     0.9652    0.8395    0.8980       430
           1     0.7903    0.8750    0.8305        56
           2     0.9153    0.7269    0.8103       520
           3     0.9793    0.9783    0.9788       968
           4     0.8599    0.6122    0.7152       361
           5     0.9383    0.8636    0.8994        88
           6     0.8182    0.4463    0.5775       121
           7     1.0000    0.9375    0.9677        16
           8     0.9752    0.9967    0.9858     14744

    accuracy                         0.9706     17304
   macro avg     0.9157    0.8084    0.8515     17304
weighted avg     0.9691    0.9706    0.9685     17304

[Test] Confusion Matrix:
[[  361     1     0     0     2     0     0     0    66]
 [    1    49     0     0     3     0     1     0     2]
 [    1     0   378    12    12     3     0     0   114]
 [    0     0     2   947     0     0     0     0    19]
 [    6     6    11     1   221     1     8     0   107]
 [    1     1     3     0     3    76     0     0     4]
 [    0     0     1     0     4     0    54     0    62]
 [    0     0     0     0     0     1     0    15     0]
 [    4     5    18     7    12     0     3     0 14695]]