## backbone freeze
## layer3, layer4 unfreeze
## fc.classifier unfreeze

05/06/2026 00:35:24 - INFO - root -   train_labeled_dataset: 129708
05/06/2026 00:35:24 - INFO - root -   val_dataset: 25938
05/06/2026 00:35:24 - INFO - root -   test_dataset: 17304
05/06/2026 00:35:24 - INFO - root -   train_unlabeled_dataset: 638507
ResnetModel(
  (backbone): ResNet(
    (conv1): Conv2d(3, 64, kernel_size=(7, 7), stride=(2, 2), padding=(3, 3), bias=False)
    (bn1): BatchNorm2d(64, eps=1e-05, momentum=0.1, affine=True, track_running_stats=True)
    (relu): ReLU(inplace=True)
    (maxpool): MaxPool2d(kernel_size=3, stride=2, padding=1, dilation=1, ceil_mode=False)
    (layer1): Sequential(
      (0): BasicBlock(
        (conv1): Conv2d(64, 64, kernel_size=(3, 3), stride=(1, 1), padding=(1, 1), bias=False)
        (bn1): BatchNorm2d(64, eps=1e-05, momentum=0.1, affine=True, track_running_stats=True)
        (relu): ReLU(inplace=True)
        (conv2): Conv2d(64, 64, kernel_size=(3, 3), stride=(1, 1), padding=(1, 1), bias=False)
        (bn2): BatchNorm2d(64, eps=1e-05, momentum=0.1, affine=True, track_running_stats=True)
      )
      (1): BasicBlock(
        (conv1): Conv2d(64, 64, kernel_size=(3, 3), stride=(1, 1), padding=(1, 1), bias=False)
        (bn1): BatchNorm2d(64, eps=1e-05, momentum=0.1, affine=True, track_running_stats=True)
        (relu): ReLU(inplace=True)
        (conv2): Conv2d(64, 64, kernel_size=(3, 3), stride=(1, 1), padding=(1, 1), bias=False)
        (bn2): BatchNorm2d(64, eps=1e-05, momentum=0.1, affine=True, track_running_stats=True)
      )
    )
    (layer2): Sequential(
      (0): BasicBlock(
        (conv1): Conv2d(64, 128, kernel_size=(3, 3), stride=(2, 2), padding=(1, 1), bias=False)
        (bn1): BatchNorm2d(128, eps=1e-05, momentum=0.1, affine=True, track_running_stats=True)
        (relu): ReLU(inplace=True)
        (conv2): Conv2d(128, 128, kernel_size=(3, 3), stride=(1, 1), padding=(1, 1), bias=False)
        (bn2): BatchNorm2d(128, eps=1e-05, momentum=0.1, affine=True, track_running_stats=True)
        (downsample): Sequential(
          (0): Conv2d(64, 128, kernel_size=(1, 1), stride=(2, 2), bias=False)
          (1): BatchNorm2d(128, eps=1e-05, momentum=0.1, affine=True, track_running_stats=True)
        )
      )
      (1): BasicBlock(
        (conv1): Conv2d(128, 128, kernel_size=(3, 3), stride=(1, 1), padding=(1, 1), bias=False)
        (bn1): BatchNorm2d(128, eps=1e-05, momentum=0.1, affine=True, track_running_stats=True)
        (relu): ReLU(inplace=True)
        (conv2): Conv2d(128, 128, kernel_size=(3, 3), stride=(1, 1), padding=(1, 1), bias=False)
        (bn2): BatchNorm2d(128, eps=1e-05, momentum=0.1, affine=True, track_running_stats=True)
      )
    )
    (layer3): Sequential(
      (0): BasicBlock(
        (conv1): Conv2d(128, 256, kernel_size=(3, 3), stride=(2, 2), padding=(1, 1), bias=False)
        (bn1): BatchNorm2d(256, eps=1e-05, momentum=0.1, affine=True, track_running_stats=True)
        (relu): ReLU(inplace=True)
        (conv2): Conv2d(256, 256, kernel_size=(3, 3), stride=(1, 1), padding=(1, 1), bias=False)
        (bn2): BatchNorm2d(256, eps=1e-05, momentum=0.1, affine=True, track_running_stats=True)
        (downsample): Sequential(
          (0): Conv2d(128, 256, kernel_size=(1, 1), stride=(2, 2), bias=False)
          (1): BatchNorm2d(256, eps=1e-05, momentum=0.1, affine=True, track_running_stats=True)
        )
      )
      (1): BasicBlock(
        (conv1): Conv2d(256, 256, kernel_size=(3, 3), stride=(1, 1), padding=(1, 1), bias=False)
        (bn1): BatchNorm2d(256, eps=1e-05, momentum=0.1, affine=True, track_running_stats=True)
        (relu): ReLU(inplace=True)
        (conv2): Conv2d(256, 256, kernel_size=(3, 3), stride=(1, 1), padding=(1, 1), bias=False)
        (bn2): BatchNorm2d(256, eps=1e-05, momentum=0.1, affine=True, track_running_stats=True)
      )
    )
    (layer4): Sequential(
      (0): BasicBlock(
        (conv1): Conv2d(256, 512, kernel_size=(3, 3), stride=(2, 2), padding=(1, 1), bias=False)
        (bn1): BatchNorm2d(512, eps=1e-05, momentum=0.1, affine=True, track_running_stats=True)
        (relu): ReLU(inplace=True)
        (conv2): Conv2d(512, 512, kernel_size=(3, 3), stride=(1, 1), padding=(1, 1), bias=False)
        (bn2): BatchNorm2d(512, eps=1e-05, momentum=0.1, affine=True, track_running_stats=True)
        (downsample): Sequential(
          (0): Conv2d(256, 512, kernel_size=(1, 1), stride=(2, 2), bias=False)
          (1): BatchNorm2d(512, eps=1e-05, momentum=0.1, affine=True, track_running_stats=True)
        )
      )
      (1): BasicBlock(
        (conv1): Conv2d(512, 512, kernel_size=(3, 3), stride=(1, 1), padding=(1, 1), bias=False)
        (bn1): BatchNorm2d(512, eps=1e-05, momentum=0.1, affine=True, track_running_stats=True)
        (relu): ReLU(inplace=True)
        (conv2): Conv2d(512, 512, kernel_size=(3, 3), stride=(1, 1), padding=(1, 1), bias=False)
        (bn2): BatchNorm2d(512, eps=1e-05, momentum=0.1, affine=True, track_running_stats=True)
      )
    )
    (avgpool): AdaptiveAvgPool2d(output_size=(1, 1))
    (fc): Sequential(
      (0): Linear(in_features=512, out_features=9, bias=True)
    )
  )
)
[Epoch 1] Train Loss: 0.1644, Loss_s: 0.1546, Loss_u: 0.0494, Mask: 0.8635, Acc: 0.9532, Prec: 0.7050, Rec: 0.6785, F1: 0.6696                                                     
[Epoch 1] Val Loss: 0.1280, Acc: 0.9610, Prec: 0.8528, Rec: 0.7551, F1: 0.7885
        Validation F1 improved → Saving model: ./checkpoints/best_model.pt
[Epoch 2] Train Loss: 0.1125, Loss_s: 0.1037, Loss_u: 0.0440, Mask: 0.8820, Acc: 0.9654, Prec: 0.8378, Rec: 0.7793, F1: 0.8052                                                     
[Epoch 2] Val Loss: 0.1101, Acc: 0.9665, Prec: 0.8949, Rec: 0.7786, F1: 0.8228
        Validation F1 improved → Saving model: ./checkpoints/best_model.pt
[Epoch 3] Train Loss: 0.1001, Loss_s: 0.0929, Loss_u: 0.0363, Mask: 0.8889, Acc: 0.9691, Prec: 0.8600, Rec: 0.8102, F1: 0.8327                                                     
[Epoch 3] Val Loss: 0.1210, Acc: 0.9666, Prec: 0.8747, Rec: 0.7920, F1: 0.8116
        EarlyStopping counter: 1 / 30
[Epoch 4] Train Loss: 0.0971, Loss_s: 0.0904, Loss_u: 0.0337, Mask: 0.8925, Acc: 0.9699, Prec: 0.8629, Rec: 0.8133, F1: 0.8355                                                     
[Epoch 4] Val Loss: 0.0996, Acc: 0.9684, Prec: 0.8426, Rec: 0.7899, F1: 0.7892
        EarlyStopping counter: 2 / 30
[Epoch 5] Train Loss: 0.0929, Loss_s: 0.0857, Loss_u: 0.0360, Mask: 0.8920, Acc: 0.9707, Prec: 0.8709, Rec: 0.8233, F1: 0.8450                                                     
[Epoch 5] Val Loss: 0.1159, Acc: 0.9675, Prec: 0.9146, Rec: 0.7885, F1: 0.8314
        Validation F1 improved → Saving model: ./checkpoints/best_model.pt
[Epoch 6] Train Loss: 0.0917, Loss_s: 0.0851, Loss_u: 0.0331, Mask: 0.8958, Acc: 0.9712, Prec: 0.8779, Rec: 0.8287, F1: 0.8513                                                     
[Epoch 6] Val Loss: 0.1064, Acc: 0.9692, Prec: 0.8972, Rec: 0.7844, F1: 0.8213
        EarlyStopping counter: 1 / 30
[Epoch 7] Train Loss: 0.0904, Loss_s: 0.0840, Loss_u: 0.0318, Mask: 0.8992, Acc: 0.9716, Prec: 0.8765, Rec: 0.8312, F1: 0.8522                                                     
[Epoch 7] Val Loss: 0.1043, Acc: 0.9686, Prec: 0.8491, Rec: 0.8312, F1: 0.8273
        EarlyStopping counter: 2 / 30
[Epoch 8] Train Loss: 0.0880, Loss_s: 0.0810, Loss_u: 0.0347, Mask: 0.8957, Acc: 0.9719, Prec: 0.8769, Rec: 0.8289, F1: 0.8508                                                     
[Epoch 8] Val Loss: 0.0939, Acc: 0.9727, Prec: 0.9054, Rec: 0.8245, F1: 0.8557
        Validation F1 improved → Saving model: ./checkpoints/best_model.pt
[Epoch 9] Train Loss: 0.0867, Loss_s: 0.0801, Loss_u: 0.0326, Mask: 0.8991, Acc: 0.9728, Prec: 0.8844, Rec: 0.8365, F1: 0.8588                                                     
[Epoch 9] Val Loss: 0.0997, Acc: 0.9701, Prec: 0.9012, Rec: 0.8237, F1: 0.8564
        Validation F1 improved → Saving model: ./checkpoints/best_model.pt
[Epoch 10] Train Loss: 0.0859, Loss_s: 0.0794, Loss_u: 0.0327, Mask: 0.9014, Acc: 0.9726, Prec: 0.8805, Rec: 0.8361, F1: 0.8567                                                    
[Epoch 10] Val Loss: 0.1017, Acc: 0.9709, Prec: 0.9008, Rec: 0.8177, F1: 0.8464
        EarlyStopping counter: 1 / 30
[Epoch 11] Train Loss: 0.0839, Loss_s: 0.0777, Loss_u: 0.0314, Mask: 0.9015, Acc: 0.9735, Prec: 0.8860, Rec: 0.8442, F1: 0.8634                                                    
[Epoch 11] Val Loss: 0.1030, Acc: 0.9690, Prec: 0.8952, Rec: 0.8277, F1: 0.8536
        EarlyStopping counter: 2 / 30
[Epoch 12] Train Loss: 0.0825, Loss_s: 0.0767, Loss_u: 0.0292, Mask: 0.9066, Acc: 0.9733, Prec: 0.8846, Rec: 0.8422, F1: 0.8618                                                    
[Epoch 12] Val Loss: 0.0927, Acc: 0.9706, Prec: 0.9095, Rec: 0.8120, F1: 0.8479
        EarlyStopping counter: 3 / 30
[Epoch 13] Train Loss: 0.0811, Loss_s: 0.0754, Loss_u: 0.0286, Mask: 0.9044, Acc: 0.9736, Prec: 0.8858, Rec: 0.8439, F1: 0.8634                                                    
[Epoch 13] Val Loss: 0.1087, Acc: 0.9687, Prec: 0.9026, Rec: 0.8009, F1: 0.8412
        EarlyStopping counter: 4 / 30
[Epoch 14] Train Loss: 0.0820, Loss_s: 0.0759, Loss_u: 0.0301, Mask: 0.9029, Acc: 0.9733, Prec: 0.8875, Rec: 0.8478, F1: 0.8659                                                    
[Epoch 14] Val Loss: 0.1009, Acc: 0.9707, Prec: 0.8995, Rec: 0.8160, F1: 0.8454
        EarlyStopping counter: 5 / 30
[Epoch 15] Train Loss: 0.0796, Loss_s: 0.0737, Loss_u: 0.0294, Mask: 0.9086, Acc: 0.9748, Prec: 0.8935, Rec: 0.8536, F1: 0.8722                                                    
[Epoch 15] Val Loss: 0.1084, Acc: 0.9683, Prec: 0.9089, Rec: 0.7861, F1: 0.8300
        EarlyStopping counter: 6 / 30
[Epoch 16] Train Loss: 0.0790, Loss_s: 0.0736, Loss_u: 0.0270, Mask: 0.9115, Acc: 0.9743, Prec: 0.8904, Rec: 0.8536, F1: 0.8705                                                    
[Epoch 16] Val Loss: 0.0994, Acc: 0.9700, Prec: 0.9017, Rec: 0.8112, F1: 0.8448
        EarlyStopping counter: 7 / 30
[Epoch 17] Train Loss: 0.0774, Loss_s: 0.0722, Loss_u: 0.0259, Mask: 0.9096, Acc: 0.9751, Prec: 0.8950, Rec: 0.8577, F1: 0.8750                                                    
[Epoch 17] Val Loss: 0.1013, Acc: 0.9685, Prec: 0.8816, Rec: 0.8109, F1: 0.8368
        EarlyStopping counter: 8 / 30
[Epoch 18] Train Loss: 0.0768, Loss_s: 0.0712, Loss_u: 0.0279, Mask: 0.9098, Acc: 0.9750, Prec: 0.8971, Rec: 0.8569, F1: 0.8757                                                    
[Epoch 18] Val Loss: 0.0957, Acc: 0.9714, Prec: 0.8945, Rec: 0.8316, F1: 0.8526
        EarlyStopping counter: 9 / 30
[Epoch 19] Train Loss: 0.0751, Loss_s: 0.0699, Loss_u: 0.0260, Mask: 0.9130, Acc: 0.9754, Prec: 0.8969, Rec: 0.8593, F1: 0.8768                                                    
[Epoch 19] Val Loss: 0.1177, Acc: 0.9658, Prec: 0.8751, Rec: 0.7879, F1: 0.8065
        EarlyStopping counter: 10 / 30
[Epoch 20] Train Loss: 0.0747, Loss_s: 0.0696, Loss_u: 0.0255, Mask: 0.9172, Acc: 0.9753, Prec: 0.8967, Rec: 0.8617, F1: 0.8780                                                    
[Epoch 20] Val Loss: 0.0842, Acc: 0.9729, Prec: 0.9024, Rec: 0.8345, F1: 0.8628
        Validation F1 improved → Saving model: ./checkpoints/best_model.pt
[Epoch 21] Train Loss: 0.0740, Loss_s: 0.0688, Loss_u: 0.0260, Mask: 0.9144, Acc: 0.9754, Prec: 0.8925, Rec: 0.8573, F1: 0.8738                                                    
[Epoch 21] Val Loss: 0.0990, Acc: 0.9688, Prec: 0.9039, Rec: 0.7920, F1: 0.8361
        EarlyStopping counter: 1 / 30
[Epoch 22] Train Loss: 0.0733, Loss_s: 0.0681, Loss_u: 0.0262, Mask: 0.9160, Acc: 0.9761, Prec: 0.9005, Rec: 0.8618, F1: 0.8799                                                    
[Epoch 22] Val Loss: 0.0824, Acc: 0.9747, Prec: 0.9262, Rec: 0.8316, F1: 0.8674
        Validation F1 improved → Saving model: ./checkpoints/best_model.pt
[Epoch 23] Train Loss: 0.0740, Loss_s: 0.0684, Loss_u: 0.0281, Mask: 0.9114, Acc: 0.9761, Prec: 0.9056, Rec: 0.8659, F1: 0.8846                                                    
[Epoch 23] Val Loss: 0.0885, Acc: 0.9741, Prec: 0.9160, Rec: 0.8347, F1: 0.8663
        EarlyStopping counter: 1 / 30
[Epoch 24] Train Loss: 0.0733, Loss_s: 0.0679, Loss_u: 0.0273, Mask: 0.9122, Acc: 0.9761, Prec: 0.9010, Rec: 0.8646, F1: 0.8814                                                    
[Epoch 24] Val Loss: 0.0922, Acc: 0.9708, Prec: 0.9065, Rec: 0.8223, F1: 0.8520
        EarlyStopping counter: 2 / 30
[Epoch 25] Train Loss: 0.0716, Loss_s: 0.0660, Loss_u: 0.0278, Mask: 0.9154, Acc: 0.9768, Prec: 0.9061, Rec: 0.8700, F1: 0.8869                                                    
[Epoch 25] Val Loss: 0.0980, Acc: 0.9714, Prec: 0.9189, Rec: 0.8239, F1: 0.8631
        EarlyStopping counter: 3 / 30
[Epoch 26] Train Loss: 0.0713, Loss_s: 0.0662, Loss_u: 0.0254, Mask: 0.9166, Acc: 0.9765, Prec: 0.9081, Rec: 0.8692, F1: 0.8874                                                    
[Epoch 26] Val Loss: 0.1013, Acc: 0.9707, Prec: 0.9072, Rec: 0.8324, F1: 0.8601
        EarlyStopping counter: 4 / 30
[Epoch 27] Train Loss: 0.0708, Loss_s: 0.0656, Loss_u: 0.0258, Mask: 0.9170, Acc: 0.9766, Prec: 0.9002, Rec: 0.8694, F1: 0.8838                                                    
[Epoch 27] Val Loss: 0.0779, Acc: 0.9744, Prec: 0.9041, Rec: 0.8394, F1: 0.8643
        EarlyStopping counter: 5 / 30
[Epoch 28] Train Loss: 0.0705, Loss_s: 0.0656, Loss_u: 0.0247, Mask: 0.9180, Acc: 0.9770, Prec: 0.8986, Rec: 0.8702, F1: 0.8835                                                    
[Epoch 28] Val Loss: 0.1136, Acc: 0.9682, Prec: 0.9029, Rec: 0.7972, F1: 0.8344
        EarlyStopping counter: 6 / 30
[Epoch 29] Train Loss: 0.0704, Loss_s: 0.0651, Loss_u: 0.0262, Mask: 0.9153, Acc: 0.9769, Prec: 0.9036, Rec: 0.8696, F1: 0.8855                                                    
[Epoch 29] Val Loss: 0.1008, Acc: 0.9692, Prec: 0.9049, Rec: 0.7999, F1: 0.8362
        EarlyStopping counter: 7 / 30
[Epoch 30] Train Loss: 0.0699, Loss_s: 0.0647, Loss_u: 0.0260, Mask: 0.9162, Acc: 0.9769, Prec: 0.9044, Rec: 0.8741, F1: 0.8883                                                    
[Epoch 30] Val Loss: 0.1040, Acc: 0.9691, Prec: 0.8934, Rec: 0.7998, F1: 0.8348
        EarlyStopping counter: 8 / 30
[Epoch 31] Train Loss: 0.0705, Loss_s: 0.0654, Loss_u: 0.0257, Mask: 0.9173, Acc: 0.9768, Prec: 0.9062, Rec: 0.8697, F1: 0.8868                                                    
[Epoch 31] Val Loss: 0.0958, Acc: 0.9704, Prec: 0.9179, Rec: 0.8134, F1: 0.8560
        EarlyStopping counter: 9 / 30
[Epoch 32] Train Loss: 0.0698, Loss_s: 0.0644, Loss_u: 0.0267, Mask: 0.9186, Acc: 0.9772, Prec: 0.9107, Rec: 0.8748, F1: 0.8918                                                    
[Epoch 32] Val Loss: 0.0917, Acc: 0.9732, Prec: 0.9286, Rec: 0.8297, F1: 0.8691
        Validation F1 improved → Saving model: ./checkpoints/best_model.pt
[Epoch 33] Train Loss: 0.0687, Loss_s: 0.0635, Loss_u: 0.0261, Mask: 0.9225, Acc: 0.9773, Prec: 0.9130, Rec: 0.8756, F1: 0.8931                                                    
[Epoch 33] Val Loss: 0.0934, Acc: 0.9722, Prec: 0.9107, Rec: 0.8388, F1: 0.8653
        EarlyStopping counter: 1 / 30
[Epoch 34] Train Loss: 0.0688, Loss_s: 0.0637, Loss_u: 0.0255, Mask: 0.9202, Acc: 0.9771, Prec: 0.9064, Rec: 0.8706, F1: 0.8874                                                    
[Epoch 34] Val Loss: 0.0916, Acc: 0.9715, Prec: 0.9174, Rec: 0.8222, F1: 0.8635
        EarlyStopping counter: 2 / 30
[Epoch 35] Train Loss: 0.0683, Loss_s: 0.0635, Loss_u: 0.0238, Mask: 0.9219, Acc: 0.9775, Prec: 0.9107, Rec: 0.8764, F1: 0.8924                                                    
[Epoch 35] Val Loss: 0.0921, Acc: 0.9727, Prec: 0.9154, Rec: 0.8234, F1: 0.8608
        EarlyStopping counter: 3 / 30
[Epoch 36] Train Loss: 0.0666, Loss_s: 0.0613, Loss_u: 0.0263, Mask: 0.9209, Acc: 0.9778, Prec: 0.9070, Rec: 0.8776, F1: 0.8913                                                    
[Epoch 36] Val Loss: 0.0948, Acc: 0.9728, Prec: 0.9190, Rec: 0.8172, F1: 0.8603
        EarlyStopping counter: 4 / 30
[Epoch 37] Train Loss: 0.0677, Loss_s: 0.0623, Loss_u: 0.0268, Mask: 0.9208, Acc: 0.9776, Prec: 0.9125, Rec: 0.8790, F1: 0.8948                                                    
[Epoch 37] Val Loss: 0.1001, Acc: 0.9720, Prec: 0.9086, Rec: 0.8241, F1: 0.8595
        EarlyStopping counter: 5 / 30
[Epoch 38] Train Loss: 0.0667, Loss_s: 0.0617, Loss_u: 0.0249, Mask: 0.9208, Acc: 0.9780, Prec: 0.9090, Rec: 0.8796, F1: 0.8934                                                    
[Epoch 38] Val Loss: 0.0935, Acc: 0.9715, Prec: 0.9213, Rec: 0.8222, F1: 0.8650
        EarlyStopping counter: 6 / 30
[Epoch 39] Train Loss: 0.0671, Loss_s: 0.0620, Loss_u: 0.0255, Mask: 0.9198, Acc: 0.9776, Prec: 0.9106, Rec: 0.8778, F1: 0.8933                                                    
[Epoch 39] Val Loss: 0.0897, Acc: 0.9737, Prec: 0.9215, Rec: 0.8389, F1: 0.8712
        Validation F1 improved → Saving model: ./checkpoints/best_model.pt
[Epoch 40] Train Loss: 0.0658, Loss_s: 0.0608, Loss_u: 0.0248, Mask: 0.9223, Acc: 0.9784, Prec: 0.9182, Rec: 0.8828, F1: 0.8997                                                    
[Epoch 40] Val Loss: 0.0831, Acc: 0.9743, Prec: 0.9051, Rec: 0.8468, F1: 0.8692
        EarlyStopping counter: 1 / 30
[Epoch 41] Train Loss: 0.0661, Loss_s: 0.0615, Loss_u: 0.0228, Mask: 0.9262, Acc: 0.9778, Prec: 0.9094, Rec: 0.8800, F1: 0.8936                                                    
[Epoch 41] Val Loss: 0.0859, Acc: 0.9742, Prec: 0.9141, Rec: 0.8402, F1: 0.8722
        Validation F1 improved → Saving model: ./checkpoints/best_model.pt
[Epoch 42] Train Loss: 0.0653, Loss_s: 0.0604, Loss_u: 0.0248, Mask: 0.9228, Acc: 0.9783, Prec: 0.9100, Rec: 0.8806, F1: 0.8944                                                    
[Epoch 42] Val Loss: 0.0988, Acc: 0.9704, Prec: 0.9041, Rec: 0.8245, F1: 0.8555
        EarlyStopping counter: 1 / 30
[Epoch 43] Train Loss: 0.0653, Loss_s: 0.0604, Loss_u: 0.0245, Mask: 0.9261, Acc: 0.9781, Prec: 0.9053, Rec: 0.8758, F1: 0.8896                                                    
[Epoch 43] Val Loss: 0.0998, Acc: 0.9697, Prec: 0.8986, Rec: 0.8149, F1: 0.8476
        EarlyStopping counter: 2 / 30
[Epoch 44] Train Loss: 0.0648, Loss_s: 0.0599, Loss_u: 0.0249, Mask: 0.9269, Acc: 0.9784, Prec: 0.9172, Rec: 0.8820, F1: 0.8986                                                    
[Epoch 44] Val Loss: 0.0851, Acc: 0.9743, Prec: 0.8984, Rec: 0.8503, F1: 0.8663
        EarlyStopping counter: 3 / 30
[Epoch 45] Train Loss: 0.0651, Loss_s: 0.0602, Loss_u: 0.0244, Mask: 0.9270, Acc: 0.9780, Prec: 0.9135, Rec: 0.8796, F1: 0.8955                                                    
[Epoch 45] Val Loss: 0.0909, Acc: 0.9729, Prec: 0.9181, Rec: 0.8304, F1: 0.8659
        EarlyStopping counter: 4 / 30
[Epoch 46] Train Loss: 0.0649, Loss_s: 0.0599, Loss_u: 0.0250, Mask: 0.9279, Acc: 0.9786, Prec: 0.9184, Rec: 0.8801, F1: 0.8983                                                    
[Epoch 46] Val Loss: 0.0982, Acc: 0.9715, Prec: 0.9173, Rec: 0.8308, F1: 0.8644
        EarlyStopping counter: 5 / 30
[Epoch 47] Train Loss: 0.0647, Loss_s: 0.0599, Loss_u: 0.0241, Mask: 0.9290, Acc: 0.9789, Prec: 0.9195, Rec: 0.8841, F1: 0.9008                                                    
[Epoch 47] Val Loss: 0.0897, Acc: 0.9736, Prec: 0.9156, Rec: 0.8418, F1: 0.8708
        EarlyStopping counter: 6 / 30
[Epoch 48] Train Loss: 0.0636, Loss_s: 0.0590, Loss_u: 0.0231, Mask: 0.9289, Acc: 0.9787, Prec: 0.9231, Rec: 0.8855, F1: 0.9033                                                    
[Epoch 48] Val Loss: 0.0826, Acc: 0.9742, Prec: 0.9130, Rec: 0.8393, F1: 0.8697
        EarlyStopping counter: 7 / 30
[Epoch 49] Train Loss: 0.0641, Loss_s: 0.0590, Loss_u: 0.0257, Mask: 0.9247, Acc: 0.9790, Prec: 0.9198, Rec: 0.8862, F1: 0.9021                                                    
[Epoch 49] Val Loss: 0.0896, Acc: 0.9732, Prec: 0.9059, Rec: 0.8438, F1: 0.8689
        EarlyStopping counter: 8 / 30
[Epoch 50] Train Loss: 0.0632, Loss_s: 0.0581, Loss_u: 0.0254, Mask: 0.9241, Acc: 0.9786, Prec: 0.9178, Rec: 0.8830, F1: 0.8995                                                    
[Epoch 50] Val Loss: 0.0864, Acc: 0.9743, Prec: 0.9217, Rec: 0.8486, F1: 0.8783
        Validation F1 improved → Saving model: ./checkpoints/best_model.pt
[Epoch 51] Train Loss: 0.0631, Loss_s: 0.0579, Loss_u: 0.0262, Mask: 0.9271, Acc: 0.9791, Prec: 0.9179, Rec: 0.8876, F1: 0.9019                                                    
[Epoch 51] Val Loss: 0.0886, Acc: 0.9734, Prec: 0.9078, Rec: 0.8374, F1: 0.8634
        EarlyStopping counter: 1 / 30
[Epoch 52] Train Loss: 0.0625, Loss_s: 0.0572, Loss_u: 0.0266, Mask: 0.9240, Acc: 0.9790, Prec: 0.9188, Rec: 0.8871, F1: 0.9021                                                    
[Epoch 52] Val Loss: 0.0922, Acc: 0.9720, Prec: 0.9014, Rec: 0.8290, F1: 0.8546
        EarlyStopping counter: 2 / 30
[Epoch 53] Train Loss: 0.0626, Loss_s: 0.0576, Loss_u: 0.0249, Mask: 0.9254, Acc: 0.9788, Prec: 0.9181, Rec: 0.8832, F1: 0.8998                                                    
[Epoch 53] Val Loss: 0.0814, Acc: 0.9750, Prec: 0.8984, Rec: 0.8447, F1: 0.8625
        EarlyStopping counter: 3 / 30
[Epoch 54] Train Loss: 0.0623, Loss_s: 0.0573, Loss_u: 0.0254, Mask: 0.9248, Acc: 0.9794, Prec: 0.9183, Rec: 0.8897, F1: 0.9031                                                    
[Epoch 54] Val Loss: 0.0895, Acc: 0.9737, Prec: 0.9114, Rec: 0.8477, F1: 0.8735
        EarlyStopping counter: 4 / 30
[Epoch 55] Train Loss: 0.0624, Loss_s: 0.0577, Loss_u: 0.0234, Mask: 0.9272, Acc: 0.9791, Prec: 0.9186, Rec: 0.8888, F1: 0.9029                                                    
[Epoch 55] Val Loss: 0.0921, Acc: 0.9729, Prec: 0.9085, Rec: 0.8413, F1: 0.8672
        EarlyStopping counter: 5 / 30
[Epoch 56] Train Loss: 0.0615, Loss_s: 0.0566, Loss_u: 0.0246, Mask: 0.9294, Acc: 0.9799, Prec: 0.9267, Rec: 0.8889, F1: 0.9070                                                    
[Epoch 56] Val Loss: 0.0973, Acc: 0.9719, Prec: 0.9236, Rec: 0.8266, F1: 0.8634
        EarlyStopping counter: 6 / 30
[Epoch 57] Train Loss: 0.0616, Loss_s: 0.0567, Loss_u: 0.0247, Mask: 0.9275, Acc: 0.9793, Prec: 0.9214, Rec: 0.8891, F1: 0.9045                                                    
[Epoch 57] Val Loss: 0.0912, Acc: 0.9729, Prec: 0.9161, Rec: 0.8409, F1: 0.8713
        EarlyStopping counter: 7 / 30
[Epoch 58] Train Loss: 0.0616, Loss_s: 0.0569, Loss_u: 0.0239, Mask: 0.9289, Acc: 0.9793, Prec: 0.9198, Rec: 0.8875, F1: 0.9028                                                    
[Epoch 58] Val Loss: 0.0858, Acc: 0.9757, Prec: 0.9102, Rec: 0.8568, F1: 0.8788
        Validation F1 improved → Saving model: ./checkpoints/best_model.pt
[Epoch 59] Train Loss: 0.0618, Loss_s: 0.0566, Loss_u: 0.0259, Mask: 0.9270, Acc: 0.9795, Prec: 0.9211, Rec: 0.8879, F1: 0.9037                                                    
[Epoch 59] Val Loss: 0.0926, Acc: 0.9720, Prec: 0.9037, Rec: 0.8317, F1: 0.8592
        EarlyStopping counter: 1 / 30
[Epoch 60] Train Loss: 0.0609, Loss_s: 0.0561, Loss_u: 0.0238, Mask: 0.9289, Acc: 0.9792, Prec: 0.9253, Rec: 0.8898, F1: 0.9067                                                    
[Epoch 60] Val Loss: 0.0987, Acc: 0.9720, Prec: 0.9102, Rec: 0.8184, F1: 0.8524
        EarlyStopping counter: 2 / 30
[Epoch 61] Train Loss: 0.0600, Loss_s: 0.0551, Loss_u: 0.0244, Mask: 0.9285, Acc: 0.9798, Prec: 0.9224, Rec: 0.8900, F1: 0.9055                                                    
[Epoch 61] Val Loss: 0.0893, Acc: 0.9739, Prec: 0.9041, Rec: 0.8391, F1: 0.8652
        EarlyStopping counter: 3 / 30
[Epoch 62] Train Loss: 0.0602, Loss_s: 0.0549, Loss_u: 0.0266, Mask: 0.9265, Acc: 0.9798, Prec: 0.9261, Rec: 0.8939, F1: 0.9093                                                    
[Epoch 62] Val Loss: 0.0956, Acc: 0.9727, Prec: 0.9162, Rec: 0.8273, F1: 0.8594
        EarlyStopping counter: 4 / 30
[Epoch 63] Train Loss: 0.0607, Loss_s: 0.0553, Loss_u: 0.0267, Mask: 0.9268, Acc: 0.9802, Prec: 0.9269, Rec: 0.8942, F1: 0.9098                                                    
[Epoch 63] Val Loss: 0.0916, Acc: 0.9740, Prec: 0.9233, Rec: 0.8289, F1: 0.8659
        EarlyStopping counter: 5 / 30
[Epoch 64] Train Loss: 0.0597, Loss_s: 0.0544, Loss_u: 0.0265, Mask: 0.9274, Acc: 0.9800, Prec: 0.9303, Rec: 0.8924, F1: 0.9105                                                    
[Epoch 64] Val Loss: 0.1020, Acc: 0.9717, Prec: 0.9137, Rec: 0.8205, F1: 0.8593
        EarlyStopping counter: 6 / 30
[Epoch 65] Train Loss: 0.0591, Loss_s: 0.0541, Loss_u: 0.0252, Mask: 0.9298, Acc: 0.9802, Prec: 0.9275, Rec: 0.8967, F1: 0.9114                                                    
[Epoch 65] Val Loss: 0.0964, Acc: 0.9729, Prec: 0.9255, Rec: 0.8365, F1: 0.8745
        EarlyStopping counter: 7 / 30
[Epoch 66] Train Loss: 0.0599, Loss_s: 0.0546, Loss_u: 0.0269, Mask: 0.9260, Acc: 0.9801, Prec: 0.9235, Rec: 0.8923, F1: 0.9071                                                    
[Epoch 66] Val Loss: 0.0848, Acc: 0.9751, Prec: 0.9080, Rec: 0.8562, F1: 0.8762
        EarlyStopping counter: 8 / 30
[Epoch 67] Train Loss: 0.0595, Loss_s: 0.0543, Loss_u: 0.0264, Mask: 0.9272, Acc: 0.9802, Prec: 0.9266, Rec: 0.8962, F1: 0.9107                                                    
[Epoch 67] Val Loss: 0.0836, Acc: 0.9757, Prec: 0.9178, Rec: 0.8573, F1: 0.8814
        Validation F1 improved → Saving model: ./checkpoints/best_model.pt
[Epoch 68] Train Loss: 0.0593, Loss_s: 0.0542, Loss_u: 0.0256, Mask: 0.9282, Acc: 0.9797, Prec: 0.9242, Rec: 0.8936, F1: 0.9082                                                    
[Epoch 68] Val Loss: 0.0853, Acc: 0.9750, Prec: 0.9062, Rec: 0.8496, F1: 0.8720
        EarlyStopping counter: 1 / 30
[Epoch 69] Train Loss: 0.0589, Loss_s: 0.0535, Loss_u: 0.0271, Mask: 0.9286, Acc: 0.9808, Prec: 0.9287, Rec: 0.8978, F1: 0.9125                                                    
[Epoch 69] Val Loss: 0.1034, Acc: 0.9706, Prec: 0.9066, Rec: 0.8236, F1: 0.8547
        EarlyStopping counter: 2 / 30
[Epoch 70] Train Loss: 0.0583, Loss_s: 0.0528, Loss_u: 0.0274, Mask: 0.9296, Acc: 0.9806, Prec: 0.9271, Rec: 0.8976, F1: 0.9117                                                    
[Epoch 70] Val Loss: 0.0959, Acc: 0.9733, Prec: 0.9100, Rec: 0.8459, F1: 0.8711
        EarlyStopping counter: 3 / 30
[Epoch 71] Train Loss: 0.0582, Loss_s: 0.0529, Loss_u: 0.0267, Mask: 0.9290, Acc: 0.9808, Prec: 0.9255, Rec: 0.8978, F1: 0.9110                                                    
[Epoch 71] Val Loss: 0.0925, Acc: 0.9731, Prec: 0.9077, Rec: 0.8307, F1: 0.8603
        EarlyStopping counter: 4 / 30
[Epoch 72] Train Loss: 0.0574, Loss_s: 0.0523, Loss_u: 0.0260, Mask: 0.9303, Acc: 0.9806, Prec: 0.9287, Rec: 0.8996, F1: 0.9135                                                    
[Epoch 72] Val Loss: 0.0853, Acc: 0.9759, Prec: 0.9122, Rec: 0.8589, F1: 0.8801
        EarlyStopping counter: 5 / 30
[Epoch 73] Train Loss: 0.0578, Loss_s: 0.0528, Loss_u: 0.0254, Mask: 0.9313, Acc: 0.9802, Prec: 0.9243, Rec: 0.8970, F1: 0.9101                                                    
[Epoch 73] Val Loss: 0.0972, Acc: 0.9729, Prec: 0.9086, Rec: 0.8374, F1: 0.8649
        EarlyStopping counter: 6 / 30
[Epoch 74] Train Loss: 0.0583, Loss_s: 0.0532, Loss_u: 0.0256, Mask: 0.9306, Acc: 0.9808, Prec: 0.9326, Rec: 0.8999, F1: 0.9155                                                    
[Epoch 74] Val Loss: 0.0888, Acc: 0.9754, Prec: 0.9124, Rec: 0.8507, F1: 0.8747
        EarlyStopping counter: 7 / 30
[Epoch 75] Train Loss: 0.0569, Loss_s: 0.0519, Loss_u: 0.0251, Mask: 0.9327, Acc: 0.9810, Prec: 0.9298, Rec: 0.9001, F1: 0.9143                                                    
[Epoch 75] Val Loss: 0.0893, Acc: 0.9746, Prec: 0.9091, Rec: 0.8448, F1: 0.8711
        EarlyStopping counter: 8 / 30
[Epoch 76] Train Loss: 0.0564, Loss_s: 0.0513, Loss_u: 0.0253, Mask: 0.9331, Acc: 0.9810, Prec: 0.9292, Rec: 0.9005, F1: 0.9143                                                    
[Epoch 76] Val Loss: 0.0920, Acc: 0.9747, Prec: 0.9176, Rec: 0.8461, F1: 0.8738
        EarlyStopping counter: 9 / 30
[Epoch 77] Train Loss: 0.0566, Loss_s: 0.0515, Loss_u: 0.0255, Mask: 0.9327, Acc: 0.9808, Prec: 0.9289, Rec: 0.8988, F1: 0.9131                                                    
[Epoch 77] Val Loss: 0.0924, Acc: 0.9742, Prec: 0.9129, Rec: 0.8433, F1: 0.8714
        EarlyStopping counter: 10 / 30
[Epoch 78] Train Loss: 0.0560, Loss_s: 0.0509, Loss_u: 0.0259, Mask: 0.9313, Acc: 0.9811, Prec: 0.9300, Rec: 0.9026, F1: 0.9157                                                    
[Epoch 78] Val Loss: 0.0954, Acc: 0.9736, Prec: 0.9233, Rec: 0.8352, F1: 0.8737
        EarlyStopping counter: 11 / 30
[Epoch 79] Train Loss: 0.0560, Loss_s: 0.0510, Loss_u: 0.0251, Mask: 0.9333, Acc: 0.9812, Prec: 0.9284, Rec: 0.9010, F1: 0.9141                                                    
[Epoch 79] Val Loss: 0.0963, Acc: 0.9728, Prec: 0.9034, Rec: 0.8402, F1: 0.8639
        EarlyStopping counter: 12 / 30
[Epoch 80] Train Loss: 0.0554, Loss_s: 0.0504, Loss_u: 0.0249, Mask: 0.9319, Acc: 0.9811, Prec: 0.9300, Rec: 0.9042, F1: 0.9166                                                    
[Epoch 80] Val Loss: 0.0946, Acc: 0.9738, Prec: 0.9077, Rec: 0.8483, F1: 0.8714
        EarlyStopping counter: 13 / 30
[Epoch 81] Train Loss: 0.0546, Loss_s: 0.0495, Loss_u: 0.0254, Mask: 0.9339, Acc: 0.9817, Prec: 0.9338, Rec: 0.9066, F1: 0.9197                                                    
[Epoch 81] Val Loss: 0.0956, Acc: 0.9737, Prec: 0.9123, Rec: 0.8421, F1: 0.8688
        EarlyStopping counter: 14 / 30
[Epoch 82] Train Loss: 0.0545, Loss_s: 0.0493, Loss_u: 0.0261, Mask: 0.9314, Acc: 0.9818, Prec: 0.9340, Rec: 0.9057, F1: 0.9191                                                    
[Epoch 82] Val Loss: 0.0931, Acc: 0.9734, Prec: 0.9017, Rec: 0.8469, F1: 0.8665
        EarlyStopping counter: 15 / 30
[Epoch 83] Train Loss: 0.0547, Loss_s: 0.0494, Loss_u: 0.0263, Mask: 0.9325, Acc: 0.9816, Prec: 0.9315, Rec: 0.9061, F1: 0.9182                                                    
[Epoch 83] Val Loss: 0.0956, Acc: 0.9736, Prec: 0.9260, Rec: 0.8326, F1: 0.8686
        EarlyStopping counter: 16 / 30
[Epoch 84] Train Loss: 0.0545, Loss_s: 0.0493, Loss_u: 0.0262, Mask: 0.9323, Acc: 0.9814, Prec: 0.9314, Rec: 0.9049, F1: 0.9176                                                    
[Epoch 84] Val Loss: 0.0956, Acc: 0.9734, Prec: 0.9192, Rec: 0.8393, F1: 0.8705
        EarlyStopping counter: 17 / 30
[Epoch 85] Train Loss: 0.0534, Loss_s: 0.0483, Loss_u: 0.0258, Mask: 0.9334, Acc: 0.9822, Prec: 0.9363, Rec: 0.9057, F1: 0.9205                                                    
[Epoch 85] Val Loss: 0.1021, Acc: 0.9723, Prec: 0.9163, Rec: 0.8366, F1: 0.8678
        EarlyStopping counter: 18 / 30
[Epoch 86] Train Loss: 0.0540, Loss_s: 0.0486, Loss_u: 0.0270, Mask: 0.9334, Acc: 0.9820, Prec: 0.9356, Rec: 0.9081, F1: 0.9213                                                    
[Epoch 86] Val Loss: 0.0978, Acc: 0.9737, Prec: 0.9183, Rec: 0.8437, F1: 0.8700
        EarlyStopping counter: 19 / 30
[Epoch 87] Train Loss: 0.0532, Loss_s: 0.0479, Loss_u: 0.0262, Mask: 0.9343, Acc: 0.9820, Prec: 0.9371, Rec: 0.9103, F1: 0.9231                                                    
[Epoch 87] Val Loss: 0.0963, Acc: 0.9741, Prec: 0.9249, Rec: 0.8376, F1: 0.8747
        EarlyStopping counter: 20 / 30
[Epoch 88] Train Loss: 0.0541, Loss_s: 0.0488, Loss_u: 0.0264, Mask: 0.9340, Acc: 0.9817, Prec: 0.9352, Rec: 0.9091, F1: 0.9217                                                    
[Epoch 88] Val Loss: 0.1005, Acc: 0.9732, Prec: 0.9286, Rec: 0.8317, F1: 0.8728
        EarlyStopping counter: 21 / 30
[Epoch 89] Train Loss: 0.0538, Loss_s: 0.0486, Loss_u: 0.0258, Mask: 0.9328, Acc: 0.9821, Prec: 0.9343, Rec: 0.9124, F1: 0.9230                                                    
[Epoch 89] Val Loss: 0.0925, Acc: 0.9746, Prec: 0.9166, Rec: 0.8474, F1: 0.8750
        EarlyStopping counter: 22 / 30
[Epoch 90] Train Loss: 0.0527, Loss_s: 0.0474, Loss_u: 0.0263, Mask: 0.9308, Acc: 0.9823, Prec: 0.9371, Rec: 0.9096, F1: 0.9229                                                    
[Epoch 90] Val Loss: 0.0882, Acc: 0.9753, Prec: 0.9234, Rec: 0.8436, F1: 0.8782
        EarlyStopping counter: 23 / 30
[Epoch 91] Train Loss: 0.0521, Loss_s: 0.0468, Loss_u: 0.0264, Mask: 0.9326, Acc: 0.9827, Prec: 0.9409, Rec: 0.9129, F1: 0.9263                                                    
[Epoch 91] Val Loss: 0.0909, Acc: 0.9753, Prec: 0.9279, Rec: 0.8491, F1: 0.8831
        Validation F1 improved → Saving model: ./checkpoints/best_model.pt
[Epoch 92] Train Loss: 0.0522, Loss_s: 0.0469, Loss_u: 0.0262, Mask: 0.9325, Acc: 0.9829, Prec: 0.9373, Rec: 0.9111, F1: 0.9236                                                    
[Epoch 92] Val Loss: 0.0944, Acc: 0.9746, Prec: 0.9245, Rec: 0.8444, F1: 0.8786
        EarlyStopping counter: 1 / 30
[Epoch 93] Train Loss: 0.0523, Loss_s: 0.0469, Loss_u: 0.0267, Mask: 0.9337, Acc: 0.9826, Prec: 0.9380, Rec: 0.9115, F1: 0.9243                                                    
[Epoch 93] Val Loss: 0.0958, Acc: 0.9733, Prec: 0.9250, Rec: 0.8358, F1: 0.8730
        EarlyStopping counter: 2 / 30
[Epoch 94] Train Loss: 0.0514, Loss_s: 0.0461, Loss_u: 0.0267, Mask: 0.9338, Acc: 0.9829, Prec: 0.9376, Rec: 0.9158, F1: 0.9262                                                    
[Epoch 94] Val Loss: 0.1018, Acc: 0.9730, Prec: 0.9128, Rec: 0.8338, F1: 0.8631
        EarlyStopping counter: 3 / 30
[Epoch 95] Train Loss: 0.0519, Loss_s: 0.0467, Loss_u: 0.0260, Mask: 0.9335, Acc: 0.9826, Prec: 0.9394, Rec: 0.9139, F1: 0.9262                                                    
[Epoch 95] Val Loss: 0.0945, Acc: 0.9751, Prec: 0.9220, Rec: 0.8453, F1: 0.8757
        EarlyStopping counter: 4 / 30
[Epoch 96] Train Loss: 0.0514, Loss_s: 0.0459, Loss_u: 0.0274, Mask: 0.9322, Acc: 0.9830, Prec: 0.9403, Rec: 0.9147, F1: 0.9270                                                    
[Epoch 96] Val Loss: 0.0842, Acc: 0.9758, Prec: 0.9111, Rec: 0.8622, F1: 0.8831
        EarlyStopping counter: 5 / 30
[Epoch 97] Train Loss: 0.0509, Loss_s: 0.0454, Loss_u: 0.0277, Mask: 0.9314, Acc: 0.9832, Prec: 0.9384, Rec: 0.9181, F1: 0.9279                                                    
[Epoch 97] Val Loss: 0.0956, Acc: 0.9744, Prec: 0.9173, Rec: 0.8447, F1: 0.8747
        EarlyStopping counter: 6 / 30
[Epoch 98] Train Loss: 0.0512, Loss_s: 0.0457, Loss_u: 0.0272, Mask: 0.9321, Acc: 0.9833, Prec: 0.9413, Rec: 0.9166, F1: 0.9285                                                    
[Epoch 98] Val Loss: 0.0995, Acc: 0.9736, Prec: 0.9320, Rec: 0.8310, F1: 0.8715
        EarlyStopping counter: 7 / 30
[Epoch 99] Train Loss: 0.0505, Loss_s: 0.0452, Loss_u: 0.0268, Mask: 0.9318, Acc: 0.9831, Prec: 0.9396, Rec: 0.9141, F1: 0.9263                                                    
[Epoch 99] Val Loss: 0.0944, Acc: 0.9749, Prec: 0.9133, Rec: 0.8534, F1: 0.8763
        EarlyStopping counter: 8 / 30
[Epoch 100] Train Loss: 0.0502, Loss_s: 0.0449, Loss_u: 0.0266, Mask: 0.9352, Acc: 0.9831, Prec: 0.9399, Rec: 0.9174, F1: 0.9282                                                   
[Epoch 100] Val Loss: 0.0947, Acc: 0.9748, Prec: 0.9314, Rec: 0.8459, F1: 0.8819
        EarlyStopping counter: 9 / 30
[Epoch 101] Train Loss: 0.0493, Loss_s: 0.0442, Loss_u: 0.0256, Mask: 0.9355, Acc: 0.9838, Prec: 0.9446, Rec: 0.9197, F1: 0.9317                                                   
[Epoch 101] Val Loss: 0.0996, Acc: 0.9737, Prec: 0.9227, Rec: 0.8405, F1: 0.8747
        EarlyStopping counter: 10 / 30
[Epoch 102] Train Loss: 0.0489, Loss_s: 0.0438, Loss_u: 0.0257, Mask: 0.9369, Acc: 0.9834, Prec: 0.9433, Rec: 0.9215, F1: 0.9321                                                   
[Epoch 102] Val Loss: 0.0985, Acc: 0.9746, Prec: 0.9304, Rec: 0.8459, F1: 0.8807
        EarlyStopping counter: 11 / 30
[Epoch 103] Train Loss: 0.0488, Loss_s: 0.0434, Loss_u: 0.0270, Mask: 0.9363, Acc: 0.9838, Prec: 0.9428, Rec: 0.9241, F1: 0.9331                                                   
[Epoch 103] Val Loss: 0.1005, Acc: 0.9738, Prec: 0.9299, Rec: 0.8433, F1: 0.8793
        EarlyStopping counter: 12 / 30
[Epoch 104] Train Loss: 0.0487, Loss_s: 0.0432, Loss_u: 0.0273, Mask: 0.9360, Acc: 0.9835, Prec: 0.9395, Rec: 0.9186, F1: 0.9288                                                   
[Epoch 104] Val Loss: 0.0955, Acc: 0.9748, Prec: 0.9256, Rec: 0.8508, F1: 0.8814
        EarlyStopping counter: 13 / 30
[Epoch 105] Train Loss: 0.0488, Loss_s: 0.0434, Loss_u: 0.0270, Mask: 0.9353, Acc: 0.9836, Prec: 0.9423, Rec: 0.9222, F1: 0.9319                                                   
[Epoch 105] Val Loss: 0.0998, Acc: 0.9742, Prec: 0.9202, Rec: 0.8466, F1: 0.8756
        EarlyStopping counter: 14 / 30
[Epoch 106] Train Loss: 0.0476, Loss_s: 0.0422, Loss_u: 0.0272, Mask: 0.9349, Acc: 0.9841, Prec: 0.9470, Rec: 0.9246, F1: 0.9355                                                   
[Epoch 106] Val Loss: 0.0945, Acc: 0.9753, Prec: 0.9202, Rec: 0.8630, F1: 0.8851
        Validation F1 improved → Saving model: ./checkpoints/best_model.pt
[Epoch 107] Train Loss: 0.0482, Loss_s: 0.0427, Loss_u: 0.0274, Mask: 0.9354, Acc: 0.9838, Prec: 0.9446, Rec: 0.9217, F1: 0.9328                                                   
[Epoch 107] Val Loss: 0.0965, Acc: 0.9750, Prec: 0.9263, Rec: 0.8476, F1: 0.8799
        EarlyStopping counter: 1 / 30
[Epoch 108] Train Loss: 0.0471, Loss_s: 0.0415, Loss_u: 0.0284, Mask: 0.9369, Acc: 0.9844, Prec: 0.9458, Rec: 0.9262, F1: 0.9357                                                   
[Epoch 108] Val Loss: 0.0995, Acc: 0.9737, Prec: 0.9241, Rec: 0.8401, F1: 0.8748
        EarlyStopping counter: 2 / 30
[Epoch 109] Train Loss: 0.0462, Loss_s: 0.0409, Loss_u: 0.0265, Mask: 0.9371, Acc: 0.9844, Prec: 0.9445, Rec: 0.9231, F1: 0.9334                                                   
[Epoch 109] Val Loss: 0.1025, Acc: 0.9741, Prec: 0.9234, Rec: 0.8429, F1: 0.8748
        EarlyStopping counter: 3 / 30
[Epoch 110] Train Loss: 0.0466, Loss_s: 0.0412, Loss_u: 0.0272, Mask: 0.9377, Acc: 0.9845, Prec: 0.9464, Rec: 0.9250, F1: 0.9353                                                   
[Epoch 110] Val Loss: 0.0946, Acc: 0.9748, Prec: 0.9177, Rec: 0.8549, F1: 0.8795
        EarlyStopping counter: 4 / 30
[Epoch 111] Train Loss: 0.0473, Loss_s: 0.0420, Loss_u: 0.0266, Mask: 0.9360, Acc: 0.9843, Prec: 0.9458, Rec: 0.9258, F1: 0.9354                                                   
[Epoch 111] Val Loss: 0.0957, Acc: 0.9756, Prec: 0.9284, Rec: 0.8469, F1: 0.8797
        EarlyStopping counter: 5 / 30
[Epoch 112] Train Loss: 0.0461, Loss_s: 0.0408, Loss_u: 0.0268, Mask: 0.9358, Acc: 0.9847, Prec: 0.9506, Rec: 0.9276, F1: 0.9388                                                   
[Epoch 112] Val Loss: 0.1032, Acc: 0.9731, Prec: 0.9215, Rec: 0.8336, F1: 0.8688
        EarlyStopping counter: 6 / 30
[Epoch 113] Train Loss: 0.0456, Loss_s: 0.0402, Loss_u: 0.0272, Mask: 0.9366, Acc: 0.9850, Prec: 0.9509, Rec: 0.9304, F1: 0.9403                                                   
[Epoch 113] Val Loss: 0.1068, Acc: 0.9736, Prec: 0.9295, Rec: 0.8386, F1: 0.8753
        EarlyStopping counter: 7 / 30
[Epoch 114] Train Loss: 0.0462, Loss_s: 0.0409, Loss_u: 0.0269, Mask: 0.9384, Acc: 0.9848, Prec: 0.9472, Rec: 0.9253, F1: 0.9359                                                   
[Epoch 114] Val Loss: 0.0986, Acc: 0.9747, Prec: 0.9226, Rec: 0.8478, F1: 0.8787
        EarlyStopping counter: 8 / 30
[Epoch 115] Train Loss: 0.0455, Loss_s: 0.0399, Loss_u: 0.0279, Mask: 0.9383, Acc: 0.9848, Prec: 0.9481, Rec: 0.9308, F1: 0.9391                                                   
[Epoch 115] Val Loss: 0.1005, Acc: 0.9746, Prec: 0.9250, Rec: 0.8496, F1: 0.8806
        EarlyStopping counter: 9 / 30
[Epoch 116] Train Loss: 0.0443, Loss_s: 0.0387, Loss_u: 0.0281, Mask: 0.9383, Acc: 0.9852, Prec: 0.9516, Rec: 0.9297, F1: 0.9404                                                   
[Epoch 116] Val Loss: 0.0972, Acc: 0.9753, Prec: 0.9173, Rec: 0.8543, F1: 0.8800
        EarlyStopping counter: 10 / 30
[Epoch 117] Train Loss: 0.0448, Loss_s: 0.0393, Loss_u: 0.0276, Mask: 0.9387, Acc: 0.9850, Prec: 0.9507, Rec: 0.9309, F1: 0.9405                                                   
[Epoch 117] Val Loss: 0.1044, Acc: 0.9737, Prec: 0.9225, Rec: 0.8414, F1: 0.8730
        EarlyStopping counter: 11 / 30
[Epoch 118] Train Loss: 0.0446, Loss_s: 0.0392, Loss_u: 0.0271, Mask: 0.9381, Acc: 0.9851, Prec: 0.9512, Rec: 0.9306, F1: 0.9406                                                   
[Epoch 118] Val Loss: 0.1065, Acc: 0.9732, Prec: 0.9265, Rec: 0.8364, F1: 0.8730
        EarlyStopping counter: 12 / 30
[Epoch 119] Train Loss: 0.0438, Loss_s: 0.0382, Loss_u: 0.0281, Mask: 0.9388, Acc: 0.9854, Prec: 0.9485, Rec: 0.9285, F1: 0.9383                                                   
[Epoch 119] Val Loss: 0.1014, Acc: 0.9747, Prec: 0.9236, Rec: 0.8485, F1: 0.8795
        EarlyStopping counter: 13 / 30
[Epoch 120] Train Loss: 0.0441, Loss_s: 0.0385, Loss_u: 0.0282, Mask: 0.9388, Acc: 0.9853, Prec: 0.9515, Rec: 0.9305, F1: 0.9407                                                   
[Epoch 120] Val Loss: 0.0990, Acc: 0.9742, Prec: 0.9074, Rec: 0.8477, F1: 0.8710
        EarlyStopping counter: 14 / 30
[Epoch 121] Train Loss: 0.0441, Loss_s: 0.0384, Loss_u: 0.0285, Mask: 0.9379, Acc: 0.9854, Prec: 0.9503, Rec: 0.9344, F1: 0.9421                                                   
[Epoch 121] Val Loss: 0.1030, Acc: 0.9737, Prec: 0.9245, Rec: 0.8404, F1: 0.8746
        EarlyStopping counter: 15 / 30
[Epoch 122] Train Loss: 0.0445, Loss_s: 0.0388, Loss_u: 0.0284, Mask: 0.9381, Acc: 0.9853, Prec: 0.9502, Rec: 0.9320, F1: 0.9407                                                   
[Epoch 122] Val Loss: 0.0979, Acc: 0.9746, Prec: 0.9204, Rec: 0.8462, F1: 0.8770
        EarlyStopping counter: 16 / 30
[Epoch 123] Train Loss: 0.0433, Loss_s: 0.0377, Loss_u: 0.0280, Mask: 0.9388, Acc: 0.9858, Prec: 0.9562, Rec: 0.9351, F1: 0.9453                                                   
[Epoch 123] Val Loss: 0.0964, Acc: 0.9749, Prec: 0.9207, Rec: 0.8489, F1: 0.8787
        EarlyStopping counter: 17 / 30
[Epoch 124] Train Loss: 0.0434, Loss_s: 0.0376, Loss_u: 0.0289, Mask: 0.9402, Acc: 0.9860, Prec: 0.9561, Rec: 0.9345, F1: 0.9450                                                   
[Epoch 124] Val Loss: 0.1028, Acc: 0.9741, Prec: 0.9221, Rec: 0.8410, F1: 0.8743
        EarlyStopping counter: 18 / 30
[Epoch 125] Train Loss: 0.0439, Loss_s: 0.0381, Loss_u: 0.0289, Mask: 0.9401, Acc: 0.9853, Prec: 0.9512, Rec: 0.9347, F1: 0.9426                                                   
[Epoch 125] Val Loss: 0.0968, Acc: 0.9745, Prec: 0.9181, Rec: 0.8488, F1: 0.8775
        EarlyStopping counter: 19 / 30
[Epoch 126] Train Loss: 0.0433, Loss_s: 0.0377, Loss_u: 0.0279, Mask: 0.9397, Acc: 0.9854, Prec: 0.9517, Rec: 0.9316, F1: 0.9414                                                   
[Epoch 126] Val Loss: 0.1041, Acc: 0.9735, Prec: 0.9179, Rec: 0.8385, F1: 0.8706
        EarlyStopping counter: 20 / 30
[Epoch 127] Train Loss: 0.0429, Loss_s: 0.0373, Loss_u: 0.0281, Mask: 0.9382, Acc: 0.9858, Prec: 0.9511, Rec: 0.9355, F1: 0.9430                                                   
[Epoch 127] Val Loss: 0.1026, Acc: 0.9744, Prec: 0.9248, Rec: 0.8434, F1: 0.8766
        EarlyStopping counter: 21 / 30
[Epoch 128] Train Loss: 0.0422, Loss_s: 0.0364, Loss_u: 0.0289, Mask: 0.9391, Acc: 0.9860, Prec: 0.9539, Rec: 0.9362, F1: 0.9448                                                   
[Epoch 128] Val Loss: 0.1011, Acc: 0.9741, Prec: 0.9225, Rec: 0.8443, F1: 0.8765
        EarlyStopping counter: 22 / 30
[Epoch 129] Train Loss: 0.0426, Loss_s: 0.0367, Loss_u: 0.0293, Mask: 0.9403, Acc: 0.9859, Prec: 0.9549, Rec: 0.9335, F1: 0.9439                                                   
[Epoch 129] Val Loss: 0.0996, Acc: 0.9748, Prec: 0.9217, Rec: 0.8537, F1: 0.8818
        EarlyStopping counter: 23 / 30
[Epoch 130] Train Loss: 0.0430, Loss_s: 0.0372, Loss_u: 0.0290, Mask: 0.9398, Acc: 0.9857, Prec: 0.9564, Rec: 0.9353, F1: 0.9456                                                   
[Epoch 130] Val Loss: 0.1016, Acc: 0.9744, Prec: 0.9286, Rec: 0.8468, F1: 0.8807
        EarlyStopping counter: 24 / 30
[Epoch 131] Train Loss: 0.0417, Loss_s: 0.0360, Loss_u: 0.0285, Mask: 0.9400, Acc: 0.9861, Prec: 0.9528, Rec: 0.9360, F1: 0.9442                                                   
[Epoch 131] Val Loss: 0.1017, Acc: 0.9744, Prec: 0.9252, Rec: 0.8455, F1: 0.8783
        EarlyStopping counter: 25 / 30
[Epoch 132] Train Loss: 0.0421, Loss_s: 0.0365, Loss_u: 0.0284, Mask: 0.9384, Acc: 0.9862, Prec: 0.9558, Rec: 0.9388, F1: 0.9470                                                   
[Epoch 132] Val Loss: 0.1028, Acc: 0.9744, Prec: 0.9224, Rec: 0.8461, F1: 0.8782
        EarlyStopping counter: 26 / 30
[Epoch 133] Train Loss: 0.0419, Loss_s: 0.0362, Loss_u: 0.0284, Mask: 0.9390, Acc: 0.9863, Prec: 0.9530, Rec: 0.9373, F1: 0.9449                                                   
[Epoch 133] Val Loss: 0.1021, Acc: 0.9749, Prec: 0.9262, Rec: 0.8480, F1: 0.8805
        EarlyStopping counter: 27 / 30
[Epoch 134] Train Loss: 0.0417, Loss_s: 0.0361, Loss_u: 0.0282, Mask: 0.9392, Acc: 0.9859, Prec: 0.9527, Rec: 0.9375, F1: 0.9449                                                   
[Epoch 134] Val Loss: 0.1048, Acc: 0.9736, Prec: 0.9229, Rec: 0.8397, F1: 0.8738
        EarlyStopping counter: 28 / 30
[Epoch 135] Train Loss: 0.0416, Loss_s: 0.0358, Loss_u: 0.0290, Mask: 0.9395, Acc: 0.9862, Prec: 0.9560, Rec: 0.9389, F1: 0.9473                                                   
[Epoch 135] Val Loss: 0.1035, Acc: 0.9745, Prec: 0.9247, Rec: 0.8463, F1: 0.8785
        EarlyStopping counter: 29 / 30
[Epoch 136] Train Loss: 0.0420, Loss_s: 0.0363, Loss_u: 0.0288, Mask: 0.9396, Acc: 0.9862, Prec: 0.9538, Rec: 0.9366, F1: 0.9450                                                   
[Epoch 136] Val Loss: 0.0997, Acc: 0.9747, Prec: 0.9222, Rec: 0.8514, F1: 0.8804
        EarlyStopping counter: 30 / 30
Early stopping triggered...
Total training time: 202 min 10.86 sec
Loaded best model.
[Best Model Train] Loss: 0.0754, Acc: 0.9774, Prec: 0.9412, Rec: 0.8726, F1: 0.9000                                                                                                
[Best Model Train] Classification Report:
              precision    recall  f1-score   support

           0     0.9867    0.8745    0.9272      3220
           1     0.7981    0.9976    0.8868       416
           2     0.9321    0.7445    0.8278      3891
           3     0.9725    0.9886    0.9805      7260
           4     0.9109    0.7209    0.8048      2694
           5     0.9833    0.9060    0.9431       649
           6     0.9155    0.6421    0.7548       894
           7     0.9909    0.9820    0.9864       111
           8     0.9811    0.9971    0.9890    110573

    accuracy                         0.9774    129708
   macro avg     0.9412    0.8726    0.9000    129708
weighted avg     0.9768    0.9774    0.9762    129708

[Best Model Train] Confusion Matrix:
[[  2816     24      1      0     10      0      0      0    369]
 [     0    415      0      0      0      0      0      0      1]
 [     3      4   2897    100     72      4      0      0    811]
 [     0      0     12   7177      0      1      0      0     70]
 [    22     56     69      0   1942      0     31      0    574]
 [     4      8     13      1     17    588      0      1     17]
 [     0      2      7      0     27      0    574      0    284]
 [     1      0      0      0      0      1      0    109      0]
 [     8     11    109    102     64      4     22      0 110253]]

[Best Model Validation] Loss: 0.0945, Acc: 0.9753, Prec: 0.9202, Rec: 0.8630, F1: 0.8851                                                                                           
[Best Model Validation] Classification Report:
              precision    recall  f1-score   support

           0     0.9838    0.8463    0.9098       644
           1     0.7615    1.0000    0.8646        83
           2     0.8980    0.7468    0.8154       778
           3     0.9740    0.9821    0.9781      1452
           4     0.8929    0.6970    0.7829       538
           5     0.9907    0.8295    0.9030       129
           6     0.8440    0.6685    0.7461       178
           7     0.9565    1.0000    0.9778        22
           8     0.9808    0.9967    0.9887     22114

    accuracy                         0.9753     25938
   macro avg     0.9202    0.8630    0.8851     25938
weighted avg     0.9746    0.9753    0.9741     25938

[Best Model Validation] Confusion Matrix:
[[  545     6     0     0     2     0     0     0    91]
 [    0    83     0     0     0     0     0     0     0]
 [    1     2   581    20    20     1     2     0   151]
 [    0     0     9  1426     0     0     0     0    17]
 [    0    12    21     1   375     0    11     0   118]
 [    2     4     4     1     6   107     0     1     4]
 [    0     0     3     1     4     0   119     0    51]
 [    0     0     0     0     0     0     0    22     0]
 [    6     2    29    15    13     0     9     0 22040]]

[Test] Loss: 0.0965, Acc: 0.9749, Prec: 0.9203, Rec: 0.8402, F1: 0.8723                                                                                                            
[Test] Classification Report:
              precision    recall  f1-score   support

           0     0.9705    0.8419    0.9016       430
           1     0.7536    0.9286    0.8320        56
           2     0.9226    0.7788    0.8446       520
           3     0.9785    0.9866    0.9825       968
           4     0.9121    0.6898    0.7855       361
           5     0.9634    0.8977    0.9294        88
           6     0.8026    0.5041    0.6193       121
           7     1.0000    0.9375    0.9677        16
           8     0.9793    0.9964    0.9878     14744

    accuracy                         0.9749     17304
   macro avg     0.9203    0.8402    0.8723     17304
weighted avg     0.9739    0.9749    0.9734     17304

[Test] Confusion Matrix:
[[  362     3     0     0     2     0     0     0    63]
 [    0    52     0     0     3     0     0     0     1]
 [    1     2   405    10     7     1     2     0    92]
 [    0     0     3   955     0     0     0     0    10]
 [    4     9    11     0   249     0     5     0    83]
 [    1     1     2     0     2    79     0     0     3]
 [    0     0     0     0     2     0    61     0    58]
 [    0     0     0     0     0     1     0    15     0]
 [    5     2    18    11     8     1     8     0 14691]]