## backbone unfreeze
## fc.classifier unfreeze

05/06/2026 08:47:22 - INFO - root -   train_labeled_dataset: 129708
05/06/2026 08:47:22 - INFO - root -   val_dataset: 25938
05/06/2026 08:47:22 - INFO - root -   test_dataset: 17304
05/06/2026 08:47:22 - INFO - root -   train_unlabeled_dataset: 638507
ResnetModel(
  (backbone): ResNet(
    (conv1): Conv2d(3, 64, kernel_size=(7, 7), stride=(2, 2), padding=(3, 3), bias=False)
    (bn1): BatchNorm2d(64, eps=1e-05, momentum=0.1, affine=True, track_running_stats=True)
    (relu): ReLU(inplace=True)
    (maxpool): MaxPool2d(kernel_size=3, stride=2, padding=1, dilation=1, ceil_mode=False)
    (layer1): Sequential(
      (0): BasicBlock(
        (conv1): Conv2d(64, 64, kernel_size=(3, 3), stride=(1, 1), padding=(1, 1), bias=False)
        (bn1): BatchNorm2d(64, eps=1e-05, momentum=0.1, affine=True, track_running_stats=True)
        (relu): ReLU(inplace=True)
        (conv2): Conv2d(64, 64, kernel_size=(3, 3), stride=(1, 1), padding=(1, 1), bias=False)
        (bn2): BatchNorm2d(64, eps=1e-05, momentum=0.1, affine=True, track_running_stats=True)
      )
      (1): BasicBlock(
        (conv1): Conv2d(64, 64, kernel_size=(3, 3), stride=(1, 1), padding=(1, 1), bias=False)
        (bn1): BatchNorm2d(64, eps=1e-05, momentum=0.1, affine=True, track_running_stats=True)
        (relu): ReLU(inplace=True)
        (conv2): Conv2d(64, 64, kernel_size=(3, 3), stride=(1, 1), padding=(1, 1), bias=False)
        (bn2): BatchNorm2d(64, eps=1e-05, momentum=0.1, affine=True, track_running_stats=True)
      )
    )
    (layer2): Sequential(
      (0): BasicBlock(
        (conv1): Conv2d(64, 128, kernel_size=(3, 3), stride=(2, 2), padding=(1, 1), bias=False)
        (bn1): BatchNorm2d(128, eps=1e-05, momentum=0.1, affine=True, track_running_stats=True)
        (relu): ReLU(inplace=True)
        (conv2): Conv2d(128, 128, kernel_size=(3, 3), stride=(1, 1), padding=(1, 1), bias=False)
        (bn2): BatchNorm2d(128, eps=1e-05, momentum=0.1, affine=True, track_running_stats=True)
        (downsample): Sequential(
          (0): Conv2d(64, 128, kernel_size=(1, 1), stride=(2, 2), bias=False)
          (1): BatchNorm2d(128, eps=1e-05, momentum=0.1, affine=True, track_running_stats=True)
        )
      )
      (1): BasicBlock(
        (conv1): Conv2d(128, 128, kernel_size=(3, 3), stride=(1, 1), padding=(1, 1), bias=False)
        (bn1): BatchNorm2d(128, eps=1e-05, momentum=0.1, affine=True, track_running_stats=True)
        (relu): ReLU(inplace=True)
        (conv2): Conv2d(128, 128, kernel_size=(3, 3), stride=(1, 1), padding=(1, 1), bias=False)
        (bn2): BatchNorm2d(128, eps=1e-05, momentum=0.1, affine=True, track_running_stats=True)
      )
    )
    (layer3): Sequential(
      (0): BasicBlock(
        (conv1): Conv2d(128, 256, kernel_size=(3, 3), stride=(2, 2), padding=(1, 1), bias=False)
        (bn1): BatchNorm2d(256, eps=1e-05, momentum=0.1, affine=True, track_running_stats=True)
        (relu): ReLU(inplace=True)
        (conv2): Conv2d(256, 256, kernel_size=(3, 3), stride=(1, 1), padding=(1, 1), bias=False)
        (bn2): BatchNorm2d(256, eps=1e-05, momentum=0.1, affine=True, track_running_stats=True)
        (downsample): Sequential(
          (0): Conv2d(128, 256, kernel_size=(1, 1), stride=(2, 2), bias=False)
          (1): BatchNorm2d(256, eps=1e-05, momentum=0.1, affine=True, track_running_stats=True)
        )
      )
      (1): BasicBlock(
        (conv1): Conv2d(256, 256, kernel_size=(3, 3), stride=(1, 1), padding=(1, 1), bias=False)
        (bn1): BatchNorm2d(256, eps=1e-05, momentum=0.1, affine=True, track_running_stats=True)
        (relu): ReLU(inplace=True)
        (conv2): Conv2d(256, 256, kernel_size=(3, 3), stride=(1, 1), padding=(1, 1), bias=False)
        (bn2): BatchNorm2d(256, eps=1e-05, momentum=0.1, affine=True, track_running_stats=True)
      )
    )
    (layer4): Sequential(
      (0): BasicBlock(
        (conv1): Conv2d(256, 512, kernel_size=(3, 3), stride=(2, 2), padding=(1, 1), bias=False)
        (bn1): BatchNorm2d(512, eps=1e-05, momentum=0.1, affine=True, track_running_stats=True)
        (relu): ReLU(inplace=True)
        (conv2): Conv2d(512, 512, kernel_size=(3, 3), stride=(1, 1), padding=(1, 1), bias=False)
        (bn2): BatchNorm2d(512, eps=1e-05, momentum=0.1, affine=True, track_running_stats=True)
        (downsample): Sequential(
          (0): Conv2d(256, 512, kernel_size=(1, 1), stride=(2, 2), bias=False)
          (1): BatchNorm2d(512, eps=1e-05, momentum=0.1, affine=True, track_running_stats=True)
        )
      )
      (1): BasicBlock(
        (conv1): Conv2d(512, 512, kernel_size=(3, 3), stride=(1, 1), padding=(1, 1), bias=False)
        (bn1): BatchNorm2d(512, eps=1e-05, momentum=0.1, affine=True, track_running_stats=True)
        (relu): ReLU(inplace=True)
        (conv2): Conv2d(512, 512, kernel_size=(3, 3), stride=(1, 1), padding=(1, 1), bias=False)
        (bn2): BatchNorm2d(512, eps=1e-05, momentum=0.1, affine=True, track_running_stats=True)
      )
    )
    (avgpool): AdaptiveAvgPool2d(output_size=(1, 1))
    (fc): Sequential(
      (0): Linear(in_features=512, out_features=9, bias=True)
    )
  )
)
[Epoch 1] Train Loss: 0.1519, Loss_s: 0.1450, Loss_u: 0.0343, Mask: 0.8821, Acc: 0.9556, Prec: 0.7054, Rec: 0.6939, F1: 0.6789                                                     
[Epoch 1] Val Loss: 0.1200, Acc: 0.9651, Prec: 0.8858, Rec: 0.7760, F1: 0.8181
        Validation F1 improved → Saving model: ./checkpoints/best_model.pt
[Epoch 2] Train Loss: 0.0987, Loss_s: 0.0935, Loss_u: 0.0260, Mask: 0.9141, Acc: 0.9682, Prec: 0.8319, Rec: 0.7865, F1: 0.8076                                                     
[Epoch 2] Val Loss: 0.1196, Acc: 0.9682, Prec: 0.9088, Rec: 0.7820, F1: 0.8357
        Validation F1 improved → Saving model: ./checkpoints/best_model.pt
[Epoch 3] Train Loss: 0.0885, Loss_s: 0.0840, Loss_u: 0.0223, Mask: 0.9207, Acc: 0.9710, Prec: 0.8592, Rec: 0.8186, F1: 0.8375                                                     
[Epoch 3] Val Loss: 0.1061, Acc: 0.9697, Prec: 0.8818, Rec: 0.8160, F1: 0.8356
        EarlyStopping counter: 1 / 30
[Epoch 4] Train Loss: 0.0840, Loss_s: 0.0796, Loss_u: 0.0219, Mask: 0.9243, Acc: 0.9726, Prec: 0.8594, Rec: 0.8302, F1: 0.8436                                                     
[Epoch 4] Val Loss: 0.0924, Acc: 0.9700, Prec: 0.8266, Rec: 0.8397, F1: 0.8131
        EarlyStopping counter: 2 / 30
[Epoch 5] Train Loss: 0.0805, Loss_s: 0.0763, Loss_u: 0.0210, Mask: 0.9259, Acc: 0.9734, Prec: 0.8766, Rec: 0.8381, F1: 0.8564                                                     
[Epoch 5] Val Loss: 0.0893, Acc: 0.9730, Prec: 0.9202, Rec: 0.8274, F1: 0.8657
        Validation F1 improved → Saving model: ./checkpoints/best_model.pt
[Epoch 6] Train Loss: 0.0802, Loss_s: 0.0763, Loss_u: 0.0192, Mask: 0.9241, Acc: 0.9732, Prec: 0.8715, Rec: 0.8393, F1: 0.8543                                                     
[Epoch 6] Val Loss: 0.1316, Acc: 0.9677, Prec: 0.8767, Rec: 0.7614, F1: 0.7917
        EarlyStopping counter: 1 / 30
[Epoch 7] Train Loss: 0.0791, Loss_s: 0.0751, Loss_u: 0.0200, Mask: 0.9283, Acc: 0.9740, Prec: 0.8716, Rec: 0.8407, F1: 0.8552                                                     
[Epoch 7] Val Loss: 0.0948, Acc: 0.9721, Prec: 0.8523, Rec: 0.8554, F1: 0.8440
        EarlyStopping counter: 2 / 30
[Epoch 8] Train Loss: 0.0772, Loss_s: 0.0732, Loss_u: 0.0201, Mask: 0.9268, Acc: 0.9739, Prec: 0.8741, Rec: 0.8478, F1: 0.8602                                                     
[Epoch 8] Val Loss: 0.1078, Acc: 0.9697, Prec: 0.8980, Rec: 0.8258, F1: 0.8510
        EarlyStopping counter: 3 / 30
[Epoch 9] Train Loss: 0.0759, Loss_s: 0.0720, Loss_u: 0.0195, Mask: 0.9299, Acc: 0.9751, Prec: 0.8903, Rec: 0.8565, F1: 0.8725                                                     
[Epoch 9] Val Loss: 0.0998, Acc: 0.9681, Prec: 0.8655, Rec: 0.8210, F1: 0.8334
        EarlyStopping counter: 4 / 30
[Epoch 10] Train Loss: 0.0753, Loss_s: 0.0716, Loss_u: 0.0187, Mask: 0.9299, Acc: 0.9747, Prec: 0.8793, Rec: 0.8526, F1: 0.8652                                                    
[Epoch 10] Val Loss: 0.0963, Acc: 0.9724, Prec: 0.9135, Rec: 0.8216, F1: 0.8556
        EarlyStopping counter: 5 / 30
[Epoch 11] Train Loss: 0.0733, Loss_s: 0.0697, Loss_u: 0.0181, Mask: 0.9332, Acc: 0.9756, Prec: 0.8919, Rec: 0.8575, F1: 0.8737                                                    
[Epoch 11] Val Loss: 0.1073, Acc: 0.9691, Prec: 0.8908, Rec: 0.8229, F1: 0.8490
        EarlyStopping counter: 6 / 30
[Epoch 12] Train Loss: 0.0728, Loss_s: 0.0690, Loss_u: 0.0187, Mask: 0.9327, Acc: 0.9756, Prec: 0.8870, Rec: 0.8603, F1: 0.8728                                                    
[Epoch 12] Val Loss: 0.1018, Acc: 0.9695, Prec: 0.9005, Rec: 0.7957, F1: 0.8338
        EarlyStopping counter: 7 / 30
[Epoch 13] Train Loss: 0.0705, Loss_s: 0.0669, Loss_u: 0.0180, Mask: 0.9332, Acc: 0.9764, Prec: 0.8882, Rec: 0.8552, F1: 0.8709                                                    
[Epoch 13] Val Loss: 0.0900, Acc: 0.9731, Prec: 0.9087, Rec: 0.8397, F1: 0.8671
        Validation F1 improved → Saving model: ./checkpoints/best_model.pt
[Epoch 14] Train Loss: 0.0715, Loss_s: 0.0677, Loss_u: 0.0186, Mask: 0.9319, Acc: 0.9756, Prec: 0.8887, Rec: 0.8574, F1: 0.8723                                                    
[Epoch 14] Val Loss: 0.0834, Acc: 0.9746, Prec: 0.9143, Rec: 0.8236, F1: 0.8582
        EarlyStopping counter: 1 / 30
[Epoch 15] Train Loss: 0.0707, Loss_s: 0.0671, Loss_u: 0.0180, Mask: 0.9327, Acc: 0.9762, Prec: 0.8912, Rec: 0.8618, F1: 0.8757                                                    
[Epoch 15] Val Loss: 0.0979, Acc: 0.9702, Prec: 0.9073, Rec: 0.8014, F1: 0.8419
        EarlyStopping counter: 2 / 30
[Epoch 16] Train Loss: 0.0698, Loss_s: 0.0663, Loss_u: 0.0178, Mask: 0.9338, Acc: 0.9764, Prec: 0.8989, Rec: 0.8614, F1: 0.8793                                                    
[Epoch 16] Val Loss: 0.0803, Acc: 0.9737, Prec: 0.9051, Rec: 0.8256, F1: 0.8587
        EarlyStopping counter: 3 / 30
[Epoch 17] Train Loss: 0.0688, Loss_s: 0.0654, Loss_u: 0.0168, Mask: 0.9339, Acc: 0.9769, Prec: 0.8966, Rec: 0.8636, F1: 0.8794                                                    
[Epoch 17] Val Loss: 0.1037, Acc: 0.9695, Prec: 0.8899, Rec: 0.8131, F1: 0.8411
        EarlyStopping counter: 4 / 30
[Epoch 18] Train Loss: 0.0670, Loss_s: 0.0637, Loss_u: 0.0167, Mask: 0.9363, Acc: 0.9771, Prec: 0.8970, Rec: 0.8676, F1: 0.8815                                                    
[Epoch 18] Val Loss: 0.1133, Acc: 0.9696, Prec: 0.8830, Rec: 0.8222, F1: 0.8403
        EarlyStopping counter: 5 / 30
[Epoch 19] Train Loss: 0.0665, Loss_s: 0.0631, Loss_u: 0.0172, Mask: 0.9371, Acc: 0.9771, Prec: 0.9001, Rec: 0.8717, F1: 0.8853                                                    
[Epoch 19] Val Loss: 0.0901, Acc: 0.9720, Prec: 0.8804, Rec: 0.8421, F1: 0.8481
        EarlyStopping counter: 6 / 30
[Epoch 20] Train Loss: 0.0656, Loss_s: 0.0622, Loss_u: 0.0170, Mask: 0.9368, Acc: 0.9776, Prec: 0.9002, Rec: 0.8691, F1: 0.8840                                                    
[Epoch 20] Val Loss: 0.0870, Acc: 0.9742, Prec: 0.8959, Rec: 0.8450, F1: 0.8634
        EarlyStopping counter: 7 / 30
[Epoch 21] Train Loss: 0.0648, Loss_s: 0.0613, Loss_u: 0.0171, Mask: 0.9374, Acc: 0.9776, Prec: 0.9038, Rec: 0.8741, F1: 0.8882                                                    
[Epoch 21] Val Loss: 0.0970, Acc: 0.9717, Prec: 0.9136, Rec: 0.8152, F1: 0.8548
        EarlyStopping counter: 8 / 30
[Epoch 22] Train Loss: 0.0645, Loss_s: 0.0611, Loss_u: 0.0172, Mask: 0.9366, Acc: 0.9775, Prec: 0.8961, Rec: 0.8694, F1: 0.8822                                                    
[Epoch 22] Val Loss: 0.0622, Acc: 0.9788, Prec: 0.9101, Rec: 0.8622, F1: 0.8810
        Validation F1 improved → Saving model: ./checkpoints/best_model.pt
[Epoch 23] Train Loss: 0.0643, Loss_s: 0.0608, Loss_u: 0.0176, Mask: 0.9374, Acc: 0.9778, Prec: 0.9028, Rec: 0.8721, F1: 0.8867                                                    
[Epoch 23] Val Loss: 0.0766, Acc: 0.9763, Prec: 0.9058, Rec: 0.8495, F1: 0.8698
        EarlyStopping counter: 1 / 30
[Epoch 24] Train Loss: 0.0638, Loss_s: 0.0603, Loss_u: 0.0175, Mask: 0.9374, Acc: 0.9780, Prec: 0.9040, Rec: 0.8766, F1: 0.8895                                                    
[Epoch 24] Val Loss: 0.0716, Acc: 0.9763, Prec: 0.9119, Rec: 0.8470, F1: 0.8727
        EarlyStopping counter: 2 / 30
[Epoch 25] Train Loss: 0.0626, Loss_s: 0.0592, Loss_u: 0.0169, Mask: 0.9364, Acc: 0.9788, Prec: 0.9061, Rec: 0.8776, F1: 0.8912                                                    
[Epoch 25] Val Loss: 0.0883, Acc: 0.9721, Prec: 0.9271, Rec: 0.7943, F1: 0.8499
        EarlyStopping counter: 3 / 30
[Epoch 26] Train Loss: 0.0631, Loss_s: 0.0597, Loss_u: 0.0167, Mask: 0.9360, Acc: 0.9785, Prec: 0.9087, Rec: 0.8798, F1: 0.8936                                                    
[Epoch 26] Val Loss: 0.0845, Acc: 0.9732, Prec: 0.9059, Rec: 0.8446, F1: 0.8679
        EarlyStopping counter: 4 / 30
[Epoch 27] Train Loss: 0.0624, Loss_s: 0.0589, Loss_u: 0.0174, Mask: 0.9363, Acc: 0.9787, Prec: 0.9060, Rec: 0.8796, F1: 0.8922                                                    
[Epoch 27] Val Loss: 0.0737, Acc: 0.9752, Prec: 0.8926, Rec: 0.8534, F1: 0.8672
        EarlyStopping counter: 5 / 30
[Epoch 28] Train Loss: 0.0618, Loss_s: 0.0585, Loss_u: 0.0167, Mask: 0.9372, Acc: 0.9788, Prec: 0.9052, Rec: 0.8847, F1: 0.8944                                                    
[Epoch 28] Val Loss: 0.1116, Acc: 0.9696, Prec: 0.9056, Rec: 0.8004, F1: 0.8400
        EarlyStopping counter: 6 / 30
[Epoch 29] Train Loss: 0.0610, Loss_s: 0.0574, Loss_u: 0.0183, Mask: 0.9367, Acc: 0.9784, Prec: 0.9041, Rec: 0.8751, F1: 0.8890                                                    
[Epoch 29] Val Loss: 0.0944, Acc: 0.9724, Prec: 0.9098, Rec: 0.8320, F1: 0.8599
        EarlyStopping counter: 7 / 30
[Epoch 30] Train Loss: 0.0604, Loss_s: 0.0569, Loss_u: 0.0177, Mask: 0.9387, Acc: 0.9794, Prec: 0.9137, Rec: 0.8891, F1: 0.9008                                                    
[Epoch 30] Val Loss: 0.0886, Acc: 0.9734, Prec: 0.8873, Rec: 0.8390, F1: 0.8511
        EarlyStopping counter: 8 / 30
[Epoch 31] Train Loss: 0.0606, Loss_s: 0.0570, Loss_u: 0.0179, Mask: 0.9379, Acc: 0.9794, Prec: 0.9114, Rec: 0.8830, F1: 0.8965                                                    
[Epoch 31] Val Loss: 0.0902, Acc: 0.9723, Prec: 0.8950, Rec: 0.8362, F1: 0.8553
        EarlyStopping counter: 9 / 30
[Epoch 32] Train Loss: 0.0600, Loss_s: 0.0566, Loss_u: 0.0175, Mask: 0.9393, Acc: 0.9793, Prec: 0.9124, Rec: 0.8846, F1: 0.8979                                                    
[Epoch 32] Val Loss: 0.0807, Acc: 0.9755, Prec: 0.9200, Rec: 0.8474, F1: 0.8777
        EarlyStopping counter: 10 / 30
[Epoch 33] Train Loss: 0.0602, Loss_s: 0.0565, Loss_u: 0.0185, Mask: 0.9382, Acc: 0.9793, Prec: 0.9142, Rec: 0.8883, F1: 0.9006                                                    
[Epoch 33] Val Loss: 0.0881, Acc: 0.9742, Prec: 0.9105, Rec: 0.8496, F1: 0.8727
        EarlyStopping counter: 11 / 30
[Epoch 34] Train Loss: 0.0594, Loss_s: 0.0559, Loss_u: 0.0177, Mask: 0.9391, Acc: 0.9793, Prec: 0.9082, Rec: 0.8868, F1: 0.8968                                                    
[Epoch 34] Val Loss: 0.0796, Acc: 0.9753, Prec: 0.9124, Rec: 0.8446, F1: 0.8743
        EarlyStopping counter: 12 / 30
[Epoch 35] Train Loss: 0.0592, Loss_s: 0.0557, Loss_u: 0.0175, Mask: 0.9407, Acc: 0.9800, Prec: 0.9150, Rec: 0.8874, F1: 0.9006                                                    
[Epoch 35] Val Loss: 0.0851, Acc: 0.9755, Prec: 0.9347, Rec: 0.8294, F1: 0.8761
        EarlyStopping counter: 13 / 30
[Epoch 36] Train Loss: 0.0588, Loss_s: 0.0550, Loss_u: 0.0187, Mask: 0.9381, Acc: 0.9797, Prec: 0.9119, Rec: 0.8884, F1: 0.8996                                                    
[Epoch 36] Val Loss: 0.0849, Acc: 0.9759, Prec: 0.9170, Rec: 0.8430, F1: 0.8742
        EarlyStopping counter: 14 / 30
[Epoch 37] Train Loss: 0.0590, Loss_s: 0.0554, Loss_u: 0.0182, Mask: 0.9385, Acc: 0.9797, Prec: 0.9140, Rec: 0.8906, F1: 0.9018                                                    
[Epoch 37] Val Loss: 0.1140, Acc: 0.9703, Prec: 0.9133, Rec: 0.8005, F1: 0.8440
        EarlyStopping counter: 15 / 30
[Epoch 38] Train Loss: 0.0575, Loss_s: 0.0541, Loss_u: 0.0173, Mask: 0.9395, Acc: 0.9803, Prec: 0.9213, Rec: 0.8910, F1: 0.9056                                                    
[Epoch 38] Val Loss: 0.0870, Acc: 0.9749, Prec: 0.9127, Rec: 0.8466, F1: 0.8746
        EarlyStopping counter: 16 / 30
[Epoch 39] Train Loss: 0.0581, Loss_s: 0.0546, Loss_u: 0.0178, Mask: 0.9392, Acc: 0.9804, Prec: 0.9162, Rec: 0.8914, F1: 0.9033                                                    
[Epoch 39] Val Loss: 0.0717, Acc: 0.9780, Prec: 0.9030, Rec: 0.8750, F1: 0.8859
        Validation F1 improved → Saving model: ./checkpoints/best_model.pt
[Epoch 40] Train Loss: 0.0569, Loss_s: 0.0533, Loss_u: 0.0180, Mask: 0.9392, Acc: 0.9804, Prec: 0.9166, Rec: 0.8905, F1: 0.9031                                                    
[Epoch 40] Val Loss: 0.0671, Acc: 0.9781, Prec: 0.9109, Rec: 0.8663, F1: 0.8856
        EarlyStopping counter: 1 / 30
[Epoch 41] Train Loss: 0.0566, Loss_s: 0.0531, Loss_u: 0.0174, Mask: 0.9415, Acc: 0.9804, Prec: 0.9154, Rec: 0.8921, F1: 0.9033                                                    
[Epoch 41] Val Loss: 0.0720, Acc: 0.9773, Prec: 0.9179, Rec: 0.8683, F1: 0.8888
        Validation F1 improved → Saving model: ./checkpoints/best_model.pt
[Epoch 42] Train Loss: 0.0569, Loss_s: 0.0531, Loss_u: 0.0187, Mask: 0.9392, Acc: 0.9806, Prec: 0.9230, Rec: 0.8973, F1: 0.9097                                                    
[Epoch 42] Val Loss: 0.0945, Acc: 0.9733, Prec: 0.9131, Rec: 0.8363, F1: 0.8673
        EarlyStopping counter: 1 / 30
[Epoch 43] Train Loss: 0.0565, Loss_s: 0.0528, Loss_u: 0.0188, Mask: 0.9398, Acc: 0.9805, Prec: 0.9137, Rec: 0.8931, F1: 0.9029                                                    
[Epoch 43] Val Loss: 0.0872, Acc: 0.9749, Prec: 0.9096, Rec: 0.8369, F1: 0.8638
        EarlyStopping counter: 2 / 30
[Epoch 44] Train Loss: 0.0560, Loss_s: 0.0524, Loss_u: 0.0184, Mask: 0.9401, Acc: 0.9809, Prec: 0.9202, Rec: 0.8982, F1: 0.9087                                                    
[Epoch 44] Val Loss: 0.0765, Acc: 0.9765, Prec: 0.8980, Rec: 0.8627, F1: 0.8750
        EarlyStopping counter: 3 / 30
[Epoch 45] Train Loss: 0.0565, Loss_s: 0.0528, Loss_u: 0.0185, Mask: 0.9378, Acc: 0.9804, Prec: 0.9199, Rec: 0.8991, F1: 0.9090                                                    
[Epoch 45] Val Loss: 0.0720, Acc: 0.9771, Prec: 0.9123, Rec: 0.8612, F1: 0.8823
        EarlyStopping counter: 4 / 30
[Epoch 46] Train Loss: 0.0557, Loss_s: 0.0522, Loss_u: 0.0176, Mask: 0.9419, Acc: 0.9808, Prec: 0.9169, Rec: 0.8943, F1: 0.9051                                                    
[Epoch 46] Val Loss: 0.0801, Acc: 0.9751, Prec: 0.9159, Rec: 0.8510, F1: 0.8777
        EarlyStopping counter: 5 / 30
[Epoch 47] Train Loss: 0.0562, Loss_s: 0.0526, Loss_u: 0.0178, Mask: 0.9413, Acc: 0.9805, Prec: 0.9179, Rec: 0.8905, F1: 0.9037                                                    
[Epoch 47] Val Loss: 0.0864, Acc: 0.9756, Prec: 0.9059, Rec: 0.8534, F1: 0.8740
        EarlyStopping counter: 6 / 30
[Epoch 48] Train Loss: 0.0560, Loss_s: 0.0522, Loss_u: 0.0190, Mask: 0.9416, Acc: 0.9808, Prec: 0.9187, Rec: 0.8916, F1: 0.9047                                                    
[Epoch 48] Val Loss: 0.0664, Acc: 0.9783, Prec: 0.9128, Rec: 0.8721, F1: 0.8882
        EarlyStopping counter: 7 / 30
[Epoch 49] Train Loss: 0.0551, Loss_s: 0.0511, Loss_u: 0.0201, Mask: 0.9400, Acc: 0.9810, Prec: 0.9219, Rec: 0.9006, F1: 0.9108                                                    
[Epoch 49] Val Loss: 0.0737, Acc: 0.9773, Prec: 0.9096, Rec: 0.8569, F1: 0.8789
        EarlyStopping counter: 8 / 30
[Epoch 50] Train Loss: 0.0551, Loss_s: 0.0512, Loss_u: 0.0196, Mask: 0.9388, Acc: 0.9813, Prec: 0.9223, Rec: 0.8974, F1: 0.9094                                                    
[Epoch 50] Val Loss: 0.0674, Acc: 0.9781, Prec: 0.9056, Rec: 0.8769, F1: 0.8866
        EarlyStopping counter: 9 / 30
[Epoch 51] Train Loss: 0.0550, Loss_s: 0.0512, Loss_u: 0.0188, Mask: 0.9426, Acc: 0.9813, Prec: 0.9225, Rec: 0.9014, F1: 0.9114                                                    
[Epoch 51] Val Loss: 0.0850, Acc: 0.9746, Prec: 0.9165, Rec: 0.8466, F1: 0.8731
        EarlyStopping counter: 10 / 30
[Epoch 52] Train Loss: 0.0541, Loss_s: 0.0504, Loss_u: 0.0182, Mask: 0.9415, Acc: 0.9814, Prec: 0.9266, Rec: 0.8993, F1: 0.9125                                                    
[Epoch 52] Val Loss: 0.0841, Acc: 0.9752, Prec: 0.9125, Rec: 0.8425, F1: 0.8689
        EarlyStopping counter: 11 / 30
[Epoch 53] Train Loss: 0.0546, Loss_s: 0.0508, Loss_u: 0.0191, Mask: 0.9409, Acc: 0.9811, Prec: 0.9218, Rec: 0.8995, F1: 0.9102                                                    
[Epoch 53] Val Loss: 0.0667, Acc: 0.9784, Prec: 0.9142, Rec: 0.8739, F1: 0.8888
        Validation F1 improved → Saving model: ./checkpoints/best_model.pt
[Epoch 54] Train Loss: 0.0538, Loss_s: 0.0501, Loss_u: 0.0185, Mask: 0.9409, Acc: 0.9815, Prec: 0.9224, Rec: 0.9020, F1: 0.9117                                                    
[Epoch 54] Val Loss: 0.0844, Acc: 0.9767, Prec: 0.9222, Rec: 0.8544, F1: 0.8832
        EarlyStopping counter: 1 / 30
[Epoch 55] Train Loss: 0.0542, Loss_s: 0.0505, Loss_u: 0.0185, Mask: 0.9429, Acc: 0.9813, Prec: 0.9235, Rec: 0.8984, F1: 0.9104                                                    
[Epoch 55] Val Loss: 0.0831, Acc: 0.9752, Prec: 0.9150, Rec: 0.8584, F1: 0.8807
        EarlyStopping counter: 2 / 30
[Epoch 56] Train Loss: 0.0537, Loss_s: 0.0498, Loss_u: 0.0193, Mask: 0.9423, Acc: 0.9815, Prec: 0.9227, Rec: 0.9028, F1: 0.9124                                                    
[Epoch 56] Val Loss: 0.0875, Acc: 0.9744, Prec: 0.9260, Rec: 0.8429, F1: 0.8765
        EarlyStopping counter: 3 / 30
[Epoch 57] Train Loss: 0.0525, Loss_s: 0.0488, Loss_u: 0.0188, Mask: 0.9420, Acc: 0.9818, Prec: 0.9251, Rec: 0.9016, F1: 0.9130                                                    
[Epoch 57] Val Loss: 0.0729, Acc: 0.9769, Prec: 0.9056, Rec: 0.8725, F1: 0.8840
        EarlyStopping counter: 4 / 30
[Epoch 58] Train Loss: 0.0531, Loss_s: 0.0493, Loss_u: 0.0190, Mask: 0.9423, Acc: 0.9818, Prec: 0.9252, Rec: 0.9023, F1: 0.9133                                                    
[Epoch 58] Val Loss: 0.0862, Acc: 0.9756, Prec: 0.9143, Rec: 0.8511, F1: 0.8784
        EarlyStopping counter: 5 / 30
[Epoch 59] Train Loss: 0.0528, Loss_s: 0.0492, Loss_u: 0.0181, Mask: 0.9421, Acc: 0.9816, Prec: 0.9241, Rec: 0.9009, F1: 0.9121                                                    
[Epoch 59] Val Loss: 0.0860, Acc: 0.9751, Prec: 0.9248, Rec: 0.8366, F1: 0.8742
        EarlyStopping counter: 6 / 30
[Epoch 60] Train Loss: 0.0526, Loss_s: 0.0488, Loss_u: 0.0187, Mask: 0.9431, Acc: 0.9817, Prec: 0.9254, Rec: 0.9006, F1: 0.9126                                                    
[Epoch 60] Val Loss: 0.0824, Acc: 0.9759, Prec: 0.9077, Rec: 0.8507, F1: 0.8705
        EarlyStopping counter: 7 / 30
[Epoch 61] Train Loss: 0.0523, Loss_s: 0.0482, Loss_u: 0.0202, Mask: 0.9423, Acc: 0.9820, Prec: 0.9233, Rec: 0.9033, F1: 0.9129                                                    
[Epoch 61] Val Loss: 0.0760, Acc: 0.9774, Prec: 0.9175, Rec: 0.8637, F1: 0.8852
        EarlyStopping counter: 8 / 30
[Epoch 62] Train Loss: 0.0514, Loss_s: 0.0476, Loss_u: 0.0190, Mask: 0.9433, Acc: 0.9821, Prec: 0.9267, Rec: 0.9071, F1: 0.9165                                                    
[Epoch 62] Val Loss: 0.0792, Acc: 0.9764, Prec: 0.9243, Rec: 0.8472, F1: 0.8784
        EarlyStopping counter: 9 / 30
[Epoch 63] Train Loss: 0.0517, Loss_s: 0.0478, Loss_u: 0.0191, Mask: 0.9435, Acc: 0.9823, Prec: 0.9304, Rec: 0.9062, F1: 0.9179                                                    
[Epoch 63] Val Loss: 0.0844, Acc: 0.9767, Prec: 0.9292, Rec: 0.8566, F1: 0.8881
        EarlyStopping counter: 10 / 30
[Epoch 64] Train Loss: 0.0517, Loss_s: 0.0477, Loss_u: 0.0200, Mask: 0.9441, Acc: 0.9823, Prec: 0.9308, Rec: 0.9047, F1: 0.9173                                                    
[Epoch 64] Val Loss: 0.0695, Acc: 0.9785, Prec: 0.9142, Rec: 0.8626, F1: 0.8857
        EarlyStopping counter: 11 / 30
[Epoch 65] Train Loss: 0.0514, Loss_s: 0.0474, Loss_u: 0.0200, Mask: 0.9432, Acc: 0.9818, Prec: 0.9260, Rec: 0.9046, F1: 0.9150                                                    
[Epoch 65] Val Loss: 0.0716, Acc: 0.9775, Prec: 0.9212, Rec: 0.8633, F1: 0.8880
        EarlyStopping counter: 12 / 30
[Epoch 66] Train Loss: 0.0513, Loss_s: 0.0475, Loss_u: 0.0193, Mask: 0.9435, Acc: 0.9820, Prec: 0.9239, Rec: 0.9041, F1: 0.9135                                                    
[Epoch 66] Val Loss: 0.0798, Acc: 0.9769, Prec: 0.9123, Rec: 0.8531, F1: 0.8781
        EarlyStopping counter: 13 / 30
[Epoch 67] Train Loss: 0.0508, Loss_s: 0.0471, Loss_u: 0.0189, Mask: 0.9429, Acc: 0.9825, Prec: 0.9301, Rec: 0.9071, F1: 0.9182                                                    
[Epoch 67] Val Loss: 0.0711, Acc: 0.9788, Prec: 0.9260, Rec: 0.8678, F1: 0.8937
        Validation F1 improved → Saving model: ./checkpoints/best_model.pt
[Epoch 68] Train Loss: 0.0510, Loss_s: 0.0472, Loss_u: 0.0189, Mask: 0.9426, Acc: 0.9822, Prec: 0.9291, Rec: 0.9096, F1: 0.9189                                                    
[Epoch 68] Val Loss: 0.0792, Acc: 0.9780, Prec: 0.9189, Rec: 0.8716, F1: 0.8906
        EarlyStopping counter: 1 / 30
[Epoch 69] Train Loss: 0.0511, Loss_s: 0.0471, Loss_u: 0.0199, Mask: 0.9430, Acc: 0.9821, Prec: 0.9287, Rec: 0.9092, F1: 0.9185                                                    
[Epoch 69] Val Loss: 0.0869, Acc: 0.9748, Prec: 0.9119, Rec: 0.8484, F1: 0.8738
        EarlyStopping counter: 2 / 30
[Epoch 70] Train Loss: 0.0505, Loss_s: 0.0466, Loss_u: 0.0197, Mask: 0.9426, Acc: 0.9824, Prec: 0.9272, Rec: 0.9049, F1: 0.9156                                                    
[Epoch 70] Val Loss: 0.0806, Acc: 0.9772, Prec: 0.9054, Rec: 0.8768, F1: 0.8859
        EarlyStopping counter: 3 / 30
[Epoch 71] Train Loss: 0.0496, Loss_s: 0.0457, Loss_u: 0.0195, Mask: 0.9474, Acc: 0.9828, Prec: 0.9338, Rec: 0.9117, F1: 0.9225                                                    
[Epoch 71] Val Loss: 0.0646, Acc: 0.9791, Prec: 0.9148, Rec: 0.8702, F1: 0.8889
        EarlyStopping counter: 4 / 30
[Epoch 72] Train Loss: 0.0494, Loss_s: 0.0457, Loss_u: 0.0189, Mask: 0.9455, Acc: 0.9829, Prec: 0.9339, Rec: 0.9097, F1: 0.9214                                                    
[Epoch 72] Val Loss: 0.0763, Acc: 0.9783, Prec: 0.9154, Rec: 0.8760, F1: 0.8906
        EarlyStopping counter: 5 / 30
[Epoch 73] Train Loss: 0.0496, Loss_s: 0.0456, Loss_u: 0.0200, Mask: 0.9439, Acc: 0.9822, Prec: 0.9291, Rec: 0.9053, F1: 0.9169                                                    
[Epoch 73] Val Loss: 0.0829, Acc: 0.9768, Prec: 0.9198, Rec: 0.8630, F1: 0.8861
        EarlyStopping counter: 6 / 30
[Epoch 74] Train Loss: 0.0497, Loss_s: 0.0456, Loss_u: 0.0205, Mask: 0.9422, Acc: 0.9828, Prec: 0.9307, Rec: 0.9123, F1: 0.9211                                                    
[Epoch 74] Val Loss: 0.0717, Acc: 0.9795, Prec: 0.9232, Rec: 0.8789, F1: 0.8971
        Validation F1 improved → Saving model: ./checkpoints/best_model.pt
[Epoch 75] Train Loss: 0.0494, Loss_s: 0.0454, Loss_u: 0.0203, Mask: 0.9451, Acc: 0.9832, Prec: 0.9343, Rec: 0.9155, F1: 0.9245                                                    
[Epoch 75] Val Loss: 0.0772, Acc: 0.9769, Prec: 0.9043, Rec: 0.8605, F1: 0.8783
        EarlyStopping counter: 1 / 30
[Epoch 76] Train Loss: 0.0484, Loss_s: 0.0445, Loss_u: 0.0194, Mask: 0.9459, Acc: 0.9832, Prec: 0.9353, Rec: 0.9133, F1: 0.9239                                                    
[Epoch 76] Val Loss: 0.0718, Acc: 0.9784, Prec: 0.9201, Rec: 0.8693, F1: 0.8912
        EarlyStopping counter: 2 / 30
[Epoch 77] Train Loss: 0.0489, Loss_s: 0.0448, Loss_u: 0.0204, Mask: 0.9451, Acc: 0.9830, Prec: 0.9297, Rec: 0.9114, F1: 0.9202                                                    
[Epoch 77] Val Loss: 0.0849, Acc: 0.9765, Prec: 0.9226, Rec: 0.8586, F1: 0.8853
        EarlyStopping counter: 3 / 30
[Epoch 78] Train Loss: 0.0485, Loss_s: 0.0444, Loss_u: 0.0203, Mask: 0.9443, Acc: 0.9833, Prec: 0.9318, Rec: 0.9113, F1: 0.9212                                                    
[Epoch 78] Val Loss: 0.0742, Acc: 0.9781, Prec: 0.9139, Rec: 0.8707, F1: 0.8886
        EarlyStopping counter: 4 / 30
[Epoch 79] Train Loss: 0.0481, Loss_s: 0.0442, Loss_u: 0.0196, Mask: 0.9467, Acc: 0.9832, Prec: 0.9334, Rec: 0.9126, F1: 0.9227                                                    
[Epoch 79] Val Loss: 0.0785, Acc: 0.9781, Prec: 0.9188, Rec: 0.8744, F1: 0.8931
        EarlyStopping counter: 5 / 30
[Epoch 80] Train Loss: 0.0476, Loss_s: 0.0438, Loss_u: 0.0191, Mask: 0.9464, Acc: 0.9834, Prec: 0.9335, Rec: 0.9128, F1: 0.9228                                                    
[Epoch 80] Val Loss: 0.0705, Acc: 0.9791, Prec: 0.9104, Rec: 0.8789, F1: 0.8912
        EarlyStopping counter: 6 / 30
[Epoch 81] Train Loss: 0.0472, Loss_s: 0.0437, Loss_u: 0.0178, Mask: 0.9464, Acc: 0.9836, Prec: 0.9339, Rec: 0.9165, F1: 0.9248                                                    
[Epoch 81] Val Loss: 0.0830, Acc: 0.9763, Prec: 0.9172, Rec: 0.8569, F1: 0.8818
        EarlyStopping counter: 7 / 30
[Epoch 82] Train Loss: 0.0473, Loss_s: 0.0435, Loss_u: 0.0191, Mask: 0.9470, Acc: 0.9835, Prec: 0.9357, Rec: 0.9155, F1: 0.9252                                                    
[Epoch 82] Val Loss: 0.0780, Acc: 0.9782, Prec: 0.9143, Rec: 0.8831, F1: 0.8942
        EarlyStopping counter: 8 / 30
[Epoch 83] Train Loss: 0.0474, Loss_s: 0.0432, Loss_u: 0.0211, Mask: 0.9460, Acc: 0.9836, Prec: 0.9328, Rec: 0.9158, F1: 0.9240                                                    
[Epoch 83] Val Loss: 0.0754, Acc: 0.9780, Prec: 0.9205, Rec: 0.8597, F1: 0.8870
        EarlyStopping counter: 9 / 30
[Epoch 84] Train Loss: 0.0469, Loss_s: 0.0430, Loss_u: 0.0192, Mask: 0.9455, Acc: 0.9836, Prec: 0.9362, Rec: 0.9200, F1: 0.9278                                                    
[Epoch 84] Val Loss: 0.0813, Acc: 0.9768, Prec: 0.9213, Rec: 0.8661, F1: 0.8891
        EarlyStopping counter: 10 / 30
[Epoch 85] Train Loss: 0.0464, Loss_s: 0.0423, Loss_u: 0.0205, Mask: 0.9457, Acc: 0.9841, Prec: 0.9368, Rec: 0.9150, F1: 0.9256                                                    
[Epoch 85] Val Loss: 0.0750, Acc: 0.9784, Prec: 0.9212, Rec: 0.8717, F1: 0.8920
        EarlyStopping counter: 11 / 30
[Epoch 86] Train Loss: 0.0461, Loss_s: 0.0423, Loss_u: 0.0193, Mask: 0.9467, Acc: 0.9842, Prec: 0.9385, Rec: 0.9203, F1: 0.9291                                                    
[Epoch 86] Val Loss: 0.0794, Acc: 0.9783, Prec: 0.9130, Rec: 0.8743, F1: 0.8893
        EarlyStopping counter: 12 / 30
[Epoch 87] Train Loss: 0.0454, Loss_s: 0.0415, Loss_u: 0.0194, Mask: 0.9474, Acc: 0.9843, Prec: 0.9414, Rec: 0.9206, F1: 0.9307                                                    
[Epoch 87] Val Loss: 0.0734, Acc: 0.9789, Prec: 0.9111, Rec: 0.8775, F1: 0.8911
        EarlyStopping counter: 13 / 30
[Epoch 88] Train Loss: 0.0460, Loss_s: 0.0419, Loss_u: 0.0205, Mask: 0.9475, Acc: 0.9841, Prec: 0.9358, Rec: 0.9177, F1: 0.9265                                                    
[Epoch 88] Val Loss: 0.0792, Acc: 0.9775, Prec: 0.9261, Rec: 0.8687, F1: 0.8933
        EarlyStopping counter: 14 / 30
[Epoch 89] Train Loss: 0.0452, Loss_s: 0.0414, Loss_u: 0.0192, Mask: 0.9465, Acc: 0.9840, Prec: 0.9389, Rec: 0.9201, F1: 0.9293                                                    
[Epoch 89] Val Loss: 0.0730, Acc: 0.9790, Prec: 0.9219, Rec: 0.8799, F1: 0.8972
        Validation F1 improved → Saving model: ./checkpoints/best_model.pt
[Epoch 90] Train Loss: 0.0450, Loss_s: 0.0410, Loss_u: 0.0203, Mask: 0.9473, Acc: 0.9844, Prec: 0.9405, Rec: 0.9209, F1: 0.9304                                                    
[Epoch 90] Val Loss: 0.0805, Acc: 0.9782, Prec: 0.9173, Rec: 0.8675, F1: 0.8888
        EarlyStopping counter: 1 / 30
[Epoch 91] Train Loss: 0.0452, Loss_s: 0.0411, Loss_u: 0.0202, Mask: 0.9483, Acc: 0.9843, Prec: 0.9390, Rec: 0.9199, F1: 0.9291                                                    
[Epoch 91] Val Loss: 0.0703, Acc: 0.9796, Prec: 0.9192, Rec: 0.8880, F1: 0.9004
        Validation F1 improved → Saving model: ./checkpoints/best_model.pt
[Epoch 92] Train Loss: 0.0447, Loss_s: 0.0407, Loss_u: 0.0197, Mask: 0.9480, Acc: 0.9845, Prec: 0.9411, Rec: 0.9243, F1: 0.9324                                                    
[Epoch 92] Val Loss: 0.0729, Acc: 0.9787, Prec: 0.9170, Rec: 0.8737, F1: 0.8919
        EarlyStopping counter: 1 / 30
[Epoch 93] Train Loss: 0.0443, Loss_s: 0.0403, Loss_u: 0.0204, Mask: 0.9493, Acc: 0.9846, Prec: 0.9439, Rec: 0.9253, F1: 0.9343                                                    
[Epoch 93] Val Loss: 0.0752, Acc: 0.9779, Prec: 0.9171, Rec: 0.8670, F1: 0.8876
        EarlyStopping counter: 2 / 30
[Epoch 94] Train Loss: 0.0441, Loss_s: 0.0403, Loss_u: 0.0191, Mask: 0.9481, Acc: 0.9848, Prec: 0.9447, Rec: 0.9285, F1: 0.9364                                                    
[Epoch 94] Val Loss: 0.0828, Acc: 0.9773, Prec: 0.9250, Rec: 0.8582, F1: 0.8872
        EarlyStopping counter: 3 / 30
[Epoch 95] Train Loss: 0.0436, Loss_s: 0.0398, Loss_u: 0.0187, Mask: 0.9500, Acc: 0.9846, Prec: 0.9415, Rec: 0.9263, F1: 0.9337                                                    
[Epoch 95] Val Loss: 0.0743, Acc: 0.9787, Prec: 0.9220, Rec: 0.8688, F1: 0.8914
        EarlyStopping counter: 4 / 30
[Epoch 96] Train Loss: 0.0437, Loss_s: 0.0397, Loss_u: 0.0199, Mask: 0.9485, Acc: 0.9849, Prec: 0.9454, Rec: 0.9266, F1: 0.9358                                                    
[Epoch 96] Val Loss: 0.0666, Acc: 0.9803, Prec: 0.9131, Rec: 0.8995, F1: 0.9039
        Validation F1 improved → Saving model: ./checkpoints/best_model.pt
[Epoch 97] Train Loss: 0.0442, Loss_s: 0.0400, Loss_u: 0.0212, Mask: 0.9477, Acc: 0.9850, Prec: 0.9432, Rec: 0.9289, F1: 0.9359                                                    
[Epoch 97] Val Loss: 0.0866, Acc: 0.9775, Prec: 0.9240, Rec: 0.8618, F1: 0.8878
        EarlyStopping counter: 1 / 30
[Epoch 98] Train Loss: 0.0435, Loss_s: 0.0395, Loss_u: 0.0200, Mask: 0.9481, Acc: 0.9849, Prec: 0.9451, Rec: 0.9265, F1: 0.9356                                                    
[Epoch 98] Val Loss: 0.0803, Acc: 0.9774, Prec: 0.9285, Rec: 0.8617, F1: 0.8901
        EarlyStopping counter: 2 / 30
[Epoch 99] Train Loss: 0.0430, Loss_s: 0.0388, Loss_u: 0.0209, Mask: 0.9490, Acc: 0.9851, Prec: 0.9436, Rec: 0.9257, F1: 0.9344                                                    
[Epoch 99] Val Loss: 0.0707, Acc: 0.9801, Prec: 0.9208, Rec: 0.8874, F1: 0.9003
        EarlyStopping counter: 3 / 30
[Epoch 100] Train Loss: 0.0422, Loss_s: 0.0380, Loss_u: 0.0209, Mask: 0.9483, Acc: 0.9856, Prec: 0.9457, Rec: 0.9335, F1: 0.9394                                                   
[Epoch 100] Val Loss: 0.0744, Acc: 0.9801, Prec: 0.9238, Rec: 0.8832, F1: 0.9009
        EarlyStopping counter: 4 / 30
[Epoch 101] Train Loss: 0.0422, Loss_s: 0.0380, Loss_u: 0.0212, Mask: 0.9501, Acc: 0.9854, Prec: 0.9455, Rec: 0.9292, F1: 0.9371                                                   
[Epoch 101] Val Loss: 0.0829, Acc: 0.9780, Prec: 0.9240, Rec: 0.8709, F1: 0.8930
        EarlyStopping counter: 5 / 30
[Epoch 102] Train Loss: 0.0419, Loss_s: 0.0377, Loss_u: 0.0210, Mask: 0.9486, Acc: 0.9854, Prec: 0.9457, Rec: 0.9314, F1: 0.9383                                                   
[Epoch 102] Val Loss: 0.0767, Acc: 0.9789, Prec: 0.9274, Rec: 0.8797, F1: 0.8996
        EarlyStopping counter: 6 / 30
[Epoch 103] Train Loss: 0.0414, Loss_s: 0.0373, Loss_u: 0.0208, Mask: 0.9492, Acc: 0.9857, Prec: 0.9443, Rec: 0.9329, F1: 0.9384                                                   
[Epoch 103] Val Loss: 0.0774, Acc: 0.9791, Prec: 0.9273, Rec: 0.8786, F1: 0.8989
        EarlyStopping counter: 7 / 30
[Epoch 104] Train Loss: 0.0418, Loss_s: 0.0377, Loss_u: 0.0207, Mask: 0.9498, Acc: 0.9856, Prec: 0.9490, Rec: 0.9341, F1: 0.9413                                                   
[Epoch 104] Val Loss: 0.0767, Acc: 0.9788, Prec: 0.9192, Rec: 0.8831, F1: 0.8968
        EarlyStopping counter: 8 / 30
[Epoch 105] Train Loss: 0.0411, Loss_s: 0.0370, Loss_u: 0.0207, Mask: 0.9501, Acc: 0.9858, Prec: 0.9468, Rec: 0.9340, F1: 0.9402                                                   
[Epoch 105] Val Loss: 0.0820, Acc: 0.9778, Prec: 0.9250, Rec: 0.8698, F1: 0.8929
        EarlyStopping counter: 9 / 30
[Epoch 106] Train Loss: 0.0401, Loss_s: 0.0360, Loss_u: 0.0205, Mask: 0.9513, Acc: 0.9863, Prec: 0.9501, Rec: 0.9367, F1: 0.9432                                                   
[Epoch 106] Val Loss: 0.0843, Acc: 0.9780, Prec: 0.9179, Rec: 0.8793, F1: 0.8944
        EarlyStopping counter: 10 / 30
[Epoch 107] Train Loss: 0.0404, Loss_s: 0.0361, Loss_u: 0.0213, Mask: 0.9502, Acc: 0.9859, Prec: 0.9450, Rec: 0.9318, F1: 0.9382                                                   
[Epoch 107] Val Loss: 0.0732, Acc: 0.9800, Prec: 0.9261, Rec: 0.8836, F1: 0.9020
        EarlyStopping counter: 11 / 30
[Epoch 108] Train Loss: 0.0406, Loss_s: 0.0364, Loss_u: 0.0207, Mask: 0.9506, Acc: 0.9859, Prec: 0.9483, Rec: 0.9312, F1: 0.9395                                                   
[Epoch 108] Val Loss: 0.0772, Acc: 0.9794, Prec: 0.9235, Rec: 0.8869, F1: 0.9018
        EarlyStopping counter: 12 / 30
[Epoch 109] Train Loss: 0.0399, Loss_s: 0.0360, Loss_u: 0.0196, Mask: 0.9499, Acc: 0.9860, Prec: 0.9476, Rec: 0.9340, F1: 0.9406                                                   
[Epoch 109] Val Loss: 0.0810, Acc: 0.9784, Prec: 0.9239, Rec: 0.8766, F1: 0.8966
        EarlyStopping counter: 13 / 30
[Epoch 110] Train Loss: 0.0401, Loss_s: 0.0359, Loss_u: 0.0211, Mask: 0.9508, Acc: 0.9866, Prec: 0.9521, Rec: 0.9367, F1: 0.9442                                                   
[Epoch 110] Val Loss: 0.0745, Acc: 0.9795, Prec: 0.9163, Rec: 0.8870, F1: 0.8983
        EarlyStopping counter: 14 / 30
[Epoch 111] Train Loss: 0.0398, Loss_s: 0.0357, Loss_u: 0.0204, Mask: 0.9509, Acc: 0.9864, Prec: 0.9500, Rec: 0.9359, F1: 0.9428                                                   
[Epoch 111] Val Loss: 0.0732, Acc: 0.9802, Prec: 0.9207, Rec: 0.8864, F1: 0.9010
        EarlyStopping counter: 15 / 30
[Epoch 112] Train Loss: 0.0390, Loss_s: 0.0351, Loss_u: 0.0192, Mask: 0.9528, Acc: 0.9862, Prec: 0.9509, Rec: 0.9366, F1: 0.9435                                                   
[Epoch 112] Val Loss: 0.0825, Acc: 0.9776, Prec: 0.9185, Rec: 0.8682, F1: 0.8898
        EarlyStopping counter: 16 / 30
[Epoch 113] Train Loss: 0.0388, Loss_s: 0.0347, Loss_u: 0.0208, Mask: 0.9519, Acc: 0.9867, Prec: 0.9538, Rec: 0.9401, F1: 0.9468                                                   
[Epoch 113] Val Loss: 0.0807, Acc: 0.9788, Prec: 0.9244, Rec: 0.8802, F1: 0.8982
        EarlyStopping counter: 17 / 30
[Epoch 114] Train Loss: 0.0383, Loss_s: 0.0343, Loss_u: 0.0200, Mask: 0.9518, Acc: 0.9865, Prec: 0.9523, Rec: 0.9330, F1: 0.9425                                                   
[Epoch 114] Val Loss: 0.0799, Acc: 0.9795, Prec: 0.9205, Rec: 0.8847, F1: 0.8990
        EarlyStopping counter: 18 / 30
[Epoch 115] Train Loss: 0.0387, Loss_s: 0.0347, Loss_u: 0.0199, Mask: 0.9517, Acc: 0.9866, Prec: 0.9512, Rec: 0.9393, F1: 0.9451                                                   
[Epoch 115] Val Loss: 0.0843, Acc: 0.9787, Prec: 0.9185, Rec: 0.8802, F1: 0.8952
        EarlyStopping counter: 19 / 30
[Epoch 116] Train Loss: 0.0381, Loss_s: 0.0339, Loss_u: 0.0211, Mask: 0.9518, Acc: 0.9872, Prec: 0.9547, Rec: 0.9415, F1: 0.9480                                                   
[Epoch 116] Val Loss: 0.0784, Acc: 0.9798, Prec: 0.9156, Rec: 0.8909, F1: 0.8999
        EarlyStopping counter: 20 / 30
[Epoch 117] Train Loss: 0.0382, Loss_s: 0.0340, Loss_u: 0.0206, Mask: 0.9530, Acc: 0.9868, Prec: 0.9552, Rec: 0.9387, F1: 0.9468                                                   
[Epoch 117] Val Loss: 0.0804, Acc: 0.9789, Prec: 0.9177, Rec: 0.8850, F1: 0.8975
        EarlyStopping counter: 21 / 30
[Epoch 118] Train Loss: 0.0377, Loss_s: 0.0336, Loss_u: 0.0202, Mask: 0.9530, Acc: 0.9867, Prec: 0.9528, Rec: 0.9401, F1: 0.9463                                                   
[Epoch 118] Val Loss: 0.0740, Acc: 0.9796, Prec: 0.9192, Rec: 0.8840, F1: 0.8987
        EarlyStopping counter: 22 / 30
[Epoch 119] Train Loss: 0.0380, Loss_s: 0.0338, Loss_u: 0.0208, Mask: 0.9530, Acc: 0.9869, Prec: 0.9505, Rec: 0.9375, F1: 0.9438                                                   
[Epoch 119] Val Loss: 0.0809, Acc: 0.9787, Prec: 0.9222, Rec: 0.8801, F1: 0.8971
        EarlyStopping counter: 23 / 30
[Epoch 120] Train Loss: 0.0376, Loss_s: 0.0335, Loss_u: 0.0206, Mask: 0.9528, Acc: 0.9872, Prec: 0.9539, Rec: 0.9378, F1: 0.9457                                                   
[Epoch 120] Val Loss: 0.0759, Acc: 0.9800, Prec: 0.9215, Rec: 0.8882, F1: 0.9013
        EarlyStopping counter: 24 / 30
[Epoch 121] Train Loss: 0.0372, Loss_s: 0.0330, Loss_u: 0.0214, Mask: 0.9530, Acc: 0.9873, Prec: 0.9548, Rec: 0.9407, F1: 0.9476                                                   
[Epoch 121] Val Loss: 0.0779, Acc: 0.9798, Prec: 0.9192, Rec: 0.8863, F1: 0.8996
        EarlyStopping counter: 25 / 30
[Epoch 122] Train Loss: 0.0374, Loss_s: 0.0333, Loss_u: 0.0204, Mask: 0.9529, Acc: 0.9872, Prec: 0.9563, Rec: 0.9427, F1: 0.9493                                                   
[Epoch 122] Val Loss: 0.0740, Acc: 0.9803, Prec: 0.9228, Rec: 0.8862, F1: 0.9023
        EarlyStopping counter: 26 / 30
[Epoch 123] Train Loss: 0.0368, Loss_s: 0.0327, Loss_u: 0.0209, Mask: 0.9550, Acc: 0.9873, Prec: 0.9592, Rec: 0.9438, F1: 0.9513                                                   
[Epoch 123] Val Loss: 0.0759, Acc: 0.9803, Prec: 0.9238, Rec: 0.8895, F1: 0.9038
        EarlyStopping counter: 27 / 30
[Epoch 124] Train Loss: 0.0369, Loss_s: 0.0326, Loss_u: 0.0213, Mask: 0.9530, Acc: 0.9872, Prec: 0.9561, Rec: 0.9416, F1: 0.9487                                                   
[Epoch 124] Val Loss: 0.0810, Acc: 0.9793, Prec: 0.9209, Rec: 0.8830, F1: 0.8988
        EarlyStopping counter: 28 / 30
[Epoch 125] Train Loss: 0.0362, Loss_s: 0.0319, Loss_u: 0.0215, Mask: 0.9543, Acc: 0.9878, Prec: 0.9556, Rec: 0.9424, F1: 0.9489                                                   
[Epoch 125] Val Loss: 0.0819, Acc: 0.9800, Prec: 0.9257, Rec: 0.8865, F1: 0.9027
        EarlyStopping counter: 29 / 30
[Epoch 126] Train Loss: 0.0362, Loss_s: 0.0320, Loss_u: 0.0211, Mask: 0.9549, Acc: 0.9875, Prec: 0.9565, Rec: 0.9442, F1: 0.9502                                                   
[Epoch 126] Val Loss: 0.0860, Acc: 0.9789, Prec: 0.9186, Rec: 0.8828, F1: 0.8970
        EarlyStopping counter: 30 / 30
Early stopping triggered...
Total training time: 171 min 31.70 sec
Loaded best model.
[Best Model Train] Loss: 0.0550, Acc: 0.9820, Prec: 0.9405, Rec: 0.9121, F1: 0.9250                                                                                                
[Best Model Train] Classification Report:
              precision    recall  f1-score   support

           0     0.9740    0.9087    0.9402      3220
           1     0.9093    0.9880    0.9470       416
           2     0.9377    0.8047    0.8661      3891
           3     0.9776    0.9927    0.9851      7260
           4     0.8662    0.7977    0.8305      2694
           5     0.9688    0.9091    0.9380       649
           6     0.8780    0.8210    0.8486       894
           7     0.9649    0.9910    0.9778       111
           8     0.9875    0.9958    0.9917    110573

    accuracy                         0.9820    129708
   macro avg     0.9405    0.9121    0.9250    129708
weighted avg     0.9815    0.9820    0.9815    129708

[Best Model Train] Confusion Matrix:
[[  2926      3      2      0     15      1      0      0    273]
 [     0    411      0      1      4      0      0      0      0]
 [     7      3   3131     93     95      3      6      1    552]
 [     0      0     10   7207      0      0      0      0     43]
 [    34     23     61      1   2149      2     37      0    387]
 [     5      9     13      0     17    590      1      3     11]
 [     0      1      2      0     32      1    734      0    124]
 [     0      1      0      0      0      0      0    110      0]
 [    32      1    120     70    169     12     58      0 110111]]

[Best Model Validation] Loss: 0.0666, Acc: 0.9803, Prec: 0.9131, Rec: 0.8995, F1: 0.9039                                                                                           
[Best Model Validation] Classification Report:
              precision    recall  f1-score   support

           0     0.9743    0.8835    0.9267       644
           1     0.7843    0.9639    0.8649        83
           2     0.9259    0.8033    0.8603       778
           3     0.9768    0.9869    0.9818      1452
           4     0.8548    0.7881    0.8201       538
           5     0.9474    0.8372    0.8889       129
           6     0.8098    0.8371    0.8232       178
           7     0.9565    1.0000    0.9778        22
           8     0.9876    0.9956    0.9916     22114

    accuracy                         0.9803     25938
   macro avg     0.9131    0.8995    0.9039     25938
weighted avg     0.9799    0.9803    0.9798     25938

[Best Model Validation] Confusion Matrix:
[[  569     6     0     0     3     0     1     0    65]
 [    0    80     0     0     3     0     0     0     0]
 [    1     2   625    21    26     1     2     0   100]
 [    0     0     9  1433     0     0     0     0    10]
 [    3     8    10     0   424     2    11     0    80]
 [    3     4     4     0     6   108     1     1     2]
 [    0     0     2     1     6     0   149     0    20]
 [    0     0     0     0     0     0     0    22     0]
 [    8     2    25    12    28     3    20     0 22016]]

[Test] Loss: 0.0639, Acc: 0.9808, Prec: 0.9162, Rec: 0.8950, F1: 0.9045                                                                                                            
[Test] Classification Report:
              precision    recall  f1-score   support

           0     0.9600    0.8930    0.9253       430
           1     0.8226    0.9107    0.8644        56
           2     0.9404    0.8192    0.8756       520
           3     0.9796    0.9928    0.9861       968
           4     0.8727    0.7978    0.8336       361
           5     0.9213    0.9318    0.9266        88
           6     0.8246    0.7769    0.8000       121
           7     0.9375    0.9375    0.9375        16
           8     0.9873    0.9950    0.9911     14744

    accuracy                         0.9808     17304
   macro avg     0.9162    0.8950    0.9045     17304
weighted avg     0.9803    0.9808    0.9803     17304

[Test] Confusion Matrix:
[[  384     1     0     0     1     0     0     0    44]
 [    0    51     0     0     5     0     0     0     0]
 [    0     2   426    15     6     0     2     0    69]
 [    0     0     3   961     0     0     0     0     4]
 [    6     6     8     0   288     1     3     0    49]
 [    1     1     2     0     1    82     0     1     0]
 [    0     0     0     0     4     0    94     0    23]
 [    0     0     0     0     0     1     0    15     0]
 [    9     1    14     5    25     5    15     0 14670]]