## backbone freeze
## fc.classifier unfreeze

04/27/2026 18:05:19 - INFO - root -   train_labeled_dataset: 129708
04/27/2026 18:05:19 - INFO - root -   val_dataset: 25938
04/27/2026 18:05:19 - INFO - root -   test_dataset: 17304
04/27/2026 18:05:19 - INFO - root -   train_unlabeled_dataset: 638507

[Epoch 1] Train Loss: 0.4683, Loss_s: 0.4546, Loss_u: 0.0685, Mask: 0.3885, Acc: 0.8965, Prec: 0.4893, Rec: 0.2897, F1: 0.3284                                                                                        
[Epoch 1] Val Loss: 0.4118, Acc: 0.9042, Prec: 0.6203, Rec: 0.2868, F1: 0.3262
        Validation F1 improved → Saving model: ./checkpoints/best_model.pt
[Epoch 2] Train Loss: 0.3546, Loss_s: 0.3421, Loss_u: 0.0625, Mask: 0.5185, Acc: 0.9141, Prec: 0.6633, Rec: 0.4312, F1: 0.4796                                                                                        
[Epoch 2] Val Loss: 0.3796, Acc: 0.9084, Prec: 0.7207, Rec: 0.3510, F1: 0.3938
        Validation F1 improved → Saving model: ./checkpoints/best_model.pt
[Epoch 3] Train Loss: 0.3385, Loss_s: 0.3267, Loss_u: 0.0590, Mask: 0.5560, Acc: 0.9174, Prec: 0.7337, Rec: 0.4730, F1: 0.5199                                                                                        
[Epoch 3] Val Loss: 0.3888, Acc: 0.9089, Prec: 0.7025, Rec: 0.3617, F1: 0.4075
        Validation F1 improved → Saving model: ./checkpoints/best_model.pt
[Epoch 4] Train Loss: 0.3300, Loss_s: 0.3187, Loss_u: 0.0563, Mask: 0.5777, Acc: 0.9189, Prec: 0.7275, Rec: 0.5004, F1: 0.5460                                                                                        
[Epoch 4] Val Loss: 0.3748, Acc: 0.9106, Prec: 0.6850, Rec: 0.3788, F1: 0.4203
        Validation F1 improved → Saving model: ./checkpoints/best_model.pt
[Epoch 5] Train Loss: 0.3240, Loss_s: 0.3127, Loss_u: 0.0565, Mask: 0.5945, Acc: 0.9205, Prec: 0.7163, Rec: 0.5069, F1: 0.5516                                                                                        
[Epoch 5] Val Loss: 0.3871, Acc: 0.9112, Prec: 0.7325, Rec: 0.3924, F1: 0.4410
        Validation F1 improved → Saving model: ./checkpoints/best_model.pt
[Epoch 6] Train Loss: 0.3227, Loss_s: 0.3116, Loss_u: 0.0557, Mask: 0.6042, Acc: 0.9204, Prec: 0.7124, Rec: 0.5164, F1: 0.5539                                                                                        
[Epoch 6] Val Loss: 0.3810, Acc: 0.9099, Prec: 0.7032, Rec: 0.3891, F1: 0.4380
        EarlyStopping counter: 1 / 30
[Epoch 7] Train Loss: 0.3203, Loss_s: 0.3090, Loss_u: 0.0566, Mask: 0.6169, Acc: 0.9202, Prec: 0.7105, Rec: 0.5150, F1: 0.5555                                                                                        
[Epoch 7] Val Loss: 0.3703, Acc: 0.9122, Prec: 0.7349, Rec: 0.4162, F1: 0.4651
        Validation F1 improved → Saving model: ./checkpoints/best_model.pt
[Epoch 8] Train Loss: 0.3193, Loss_s: 0.3079, Loss_u: 0.0568, Mask: 0.6287, Acc: 0.9213, Prec: 0.7205, Rec: 0.5200, F1: 0.5639                                                                                        
[Epoch 8] Val Loss: 0.3758, Acc: 0.9115, Prec: 0.7383, Rec: 0.4154, F1: 0.4592
        EarlyStopping counter: 1 / 30
[Epoch 9] Train Loss: 0.3176, Loss_s: 0.3063, Loss_u: 0.0565, Mask: 0.6383, Acc: 0.9209, Prec: 0.7016, Rec: 0.5268, F1: 0.5634                                                                                        
[Epoch 9] Val Loss: 0.3749, Acc: 0.9110, Prec: 0.7348, Rec: 0.4241, F1: 0.4649
        EarlyStopping counter: 2 / 30
[Epoch 10] Train Loss: 0.3147, Loss_s: 0.3036, Loss_u: 0.0558, Mask: 0.6476, Acc: 0.9219, Prec: 0.7227, Rec: 0.5338, F1: 0.5737                                                                                       
[Epoch 10] Val Loss: 0.3712, Acc: 0.9107, Prec: 0.7120, Rec: 0.4040, F1: 0.4523
        EarlyStopping counter: 3 / 30
[Epoch 11] Train Loss: 0.3128, Loss_s: 0.3017, Loss_u: 0.0555, Mask: 0.6564, Acc: 0.9221, Prec: 0.7209, Rec: 0.5343, F1: 0.5750                                                                                       
[Epoch 11] Val Loss: 0.3723, Acc: 0.9117, Prec: 0.7382, Rec: 0.4431, F1: 0.4824
        Validation F1 improved → Saving model: ./checkpoints/best_model.pt
[Epoch 12] Train Loss: 0.3123, Loss_s: 0.3014, Loss_u: 0.0546, Mask: 0.6595, Acc: 0.9223, Prec: 0.7206, Rec: 0.5346, F1: 0.5727                                                                                       
[Epoch 12] Val Loss: 0.3703, Acc: 0.9114, Prec: 0.7351, Rec: 0.4228, F1: 0.4695
        EarlyStopping counter: 1 / 30
[Epoch 13] Train Loss: 0.3127, Loss_s: 0.3019, Loss_u: 0.0543, Mask: 0.6650, Acc: 0.9219, Prec: 0.7240, Rec: 0.5422, F1: 0.5787                                                                                       
[Epoch 13] Val Loss: 0.3635, Acc: 0.9110, Prec: 0.6822, Rec: 0.4371, F1: 0.4754
        EarlyStopping counter: 2 / 30
[Epoch 14] Train Loss: 0.3121, Loss_s: 0.3011, Loss_u: 0.0548, Mask: 0.6766, Acc: 0.9219, Prec: 0.7201, Rec: 0.5294, F1: 0.5710                                                                                       
[Epoch 14] Val Loss: 0.3709, Acc: 0.9113, Prec: 0.7170, Rec: 0.4287, F1: 0.4708
        EarlyStopping counter: 3 / 30
[Epoch 15] Train Loss: 0.3110, Loss_s: 0.3000, Loss_u: 0.0549, Mask: 0.6888, Acc: 0.9226, Prec: 0.7353, Rec: 0.5479, F1: 0.5868                                                                                       
[Epoch 15] Val Loss: 0.3678, Acc: 0.9116, Prec: 0.6986, Rec: 0.4137, F1: 0.4618
        EarlyStopping counter: 4 / 30
[Epoch 16] Train Loss: 0.3095, Loss_s: 0.2985, Loss_u: 0.0549, Mask: 0.6991, Acc: 0.9231, Prec: 0.7416, Rec: 0.5467, F1: 0.5878                                                                                       
[Epoch 16] Val Loss: 0.3754, Acc: 0.9104, Prec: 0.7019, Rec: 0.4162, F1: 0.4600
        EarlyStopping counter: 5 / 30
[Epoch 17] Train Loss: 0.3101, Loss_s: 0.2991, Loss_u: 0.0547, Mask: 0.7025, Acc: 0.9221, Prec: 0.7148, Rec: 0.5414, F1: 0.5782                                                                                       
[Epoch 17] Val Loss: 0.3820, Acc: 0.9104, Prec: 0.6994, Rec: 0.4298, F1: 0.4656
        EarlyStopping counter: 6 / 30
[Epoch 18] Train Loss: 0.3100, Loss_s: 0.2991, Loss_u: 0.0546, Mask: 0.7090, Acc: 0.9227, Prec: 0.7335, Rec: 0.5446, F1: 0.5846                                                                                       
[Epoch 18] Val Loss: 0.3782, Acc: 0.9110, Prec: 0.7087, Rec: 0.4327, F1: 0.4601
        EarlyStopping counter: 7 / 30
[Epoch 19] Train Loss: 0.3107, Loss_s: 0.2996, Loss_u: 0.0552, Mask: 0.7123, Acc: 0.9222, Prec: 0.7241, Rec: 0.5495, F1: 0.5870                                                                                       
[Epoch 19] Val Loss: 0.3715, Acc: 0.9118, Prec: 0.7005, Rec: 0.4551, F1: 0.4828
        Validation F1 improved → Saving model: ./checkpoints/best_model.pt
[Epoch 20] Train Loss: 0.3090, Loss_s: 0.2980, Loss_u: 0.0548, Mask: 0.7122, Acc: 0.9228, Prec: 0.7338, Rec: 0.5481, F1: 0.5869                                                                                       
[Epoch 20] Val Loss: 0.3705, Acc: 0.9118, Prec: 0.7351, Rec: 0.4610, F1: 0.4909
        Validation F1 improved → Saving model: ./checkpoints/best_model.pt
[Epoch 21] Train Loss: 0.3090, Loss_s: 0.2981, Loss_u: 0.0544, Mask: 0.7227, Acc: 0.9227, Prec: 0.7442, Rec: 0.5451, F1: 0.5901                                                                                       
[Epoch 21] Val Loss: 0.3677, Acc: 0.9115, Prec: 0.7138, Rec: 0.4586, F1: 0.4860
        EarlyStopping counter: 1 / 30
[Epoch 22] Train Loss: 0.3090, Loss_s: 0.2981, Loss_u: 0.0545, Mask: 0.7252, Acc: 0.9225, Prec: 0.7308, Rec: 0.5496, F1: 0.5849                                                                                       
[Epoch 22] Val Loss: 0.3673, Acc: 0.9112, Prec: 0.7044, Rec: 0.4342, F1: 0.4752
        EarlyStopping counter: 2 / 30
[Epoch 23] Train Loss: 0.3100, Loss_s: 0.2992, Loss_u: 0.0538, Mask: 0.7241, Acc: 0.9219, Prec: 0.7221, Rec: 0.5383, F1: 0.5767                                                                                       
[Epoch 23] Val Loss: 0.3770, Acc: 0.9107, Prec: 0.7342, Rec: 0.4193, F1: 0.4597
        EarlyStopping counter: 3 / 30
[Epoch 24] Train Loss: 0.3078, Loss_s: 0.2969, Loss_u: 0.0543, Mask: 0.7414, Acc: 0.9228, Prec: 0.7396, Rec: 0.5415, F1: 0.5837                                                                                       
[Epoch 24] Val Loss: 0.3789, Acc: 0.9105, Prec: 0.6907, Rec: 0.4296, F1: 0.4630
        EarlyStopping counter: 4 / 30
[Epoch 25] Train Loss: 0.3085, Loss_s: 0.2977, Loss_u: 0.0540, Mask: 0.7460, Acc: 0.9222, Prec: 0.7174, Rec: 0.5442, F1: 0.5820                                                                                       
[Epoch 25] Val Loss: 0.3682, Acc: 0.9109, Prec: 0.7236, Rec: 0.4669, F1: 0.4890
        EarlyStopping counter: 5 / 30
[Epoch 26] Train Loss: 0.3085, Loss_s: 0.2976, Loss_u: 0.0542, Mask: 0.7458, Acc: 0.9217, Prec: 0.7116, Rec: 0.5379, F1: 0.5755                                                                                       
[Epoch 26] Val Loss: 0.3755, Acc: 0.9111, Prec: 0.7490, Rec: 0.4233, F1: 0.4661
        EarlyStopping counter: 6 / 30
[Epoch 27] Train Loss: 0.3111, Loss_s: 0.3003, Loss_u: 0.0542, Mask: 0.7496, Acc: 0.9224, Prec: 0.7319, Rec: 0.5457, F1: 0.5859                                                                                       
[Epoch 27] Val Loss: 0.3592, Acc: 0.9114, Prec: 0.7062, Rec: 0.4369, F1: 0.4735
        EarlyStopping counter: 7 / 30
[Epoch 28] Train Loss: 0.3082, Loss_s: 0.2973, Loss_u: 0.0545, Mask: 0.7533, Acc: 0.9221, Prec: 0.7275, Rec: 0.5433, F1: 0.5822                                                                                       
[Epoch 28] Val Loss: 0.3622, Acc: 0.9118, Prec: 0.7426, Rec: 0.4234, F1: 0.4727
        EarlyStopping counter: 8 / 30
[Epoch 29] Train Loss: 0.3088, Loss_s: 0.2978, Loss_u: 0.0549, Mask: 0.7519, Acc: 0.9224, Prec: 0.7258, Rec: 0.5427, F1: 0.5834                                                                                       
[Epoch 29] Val Loss: 0.3635, Acc: 0.9115, Prec: 0.7130, Rec: 0.4441, F1: 0.4759
        EarlyStopping counter: 9 / 30
[Epoch 30] Train Loss: 0.3102, Loss_s: 0.2992, Loss_u: 0.0549, Mask: 0.7541, Acc: 0.9219, Prec: 0.7255, Rec: 0.5453, F1: 0.5827                                                                                       
[Epoch 30] Val Loss: 0.3686, Acc: 0.9121, Prec: 0.7325, Rec: 0.4396, F1: 0.4765
        EarlyStopping counter: 10 / 30
[Epoch 31] Train Loss: 0.3089, Loss_s: 0.2981, Loss_u: 0.0540, Mask: 0.7551, Acc: 0.9220, Prec: 0.7236, Rec: 0.5389, F1: 0.5782                                                                                       
[Epoch 31] Val Loss: 0.3737, Acc: 0.9118, Prec: 0.7271, Rec: 0.4413, F1: 0.4700
        EarlyStopping counter: 11 / 30
[Epoch 32] Train Loss: 0.3075, Loss_s: 0.2968, Loss_u: 0.0535, Mask: 0.7567, Acc: 0.9221, Prec: 0.7327, Rec: 0.5549, F1: 0.5920                                                                                       
[Epoch 32] Val Loss: 0.3880, Acc: 0.9101, Prec: 0.7153, Rec: 0.4259, F1: 0.4610
        EarlyStopping counter: 12 / 30
[Epoch 33] Train Loss: 0.3068, Loss_s: 0.2961, Loss_u: 0.0539, Mask: 0.7620, Acc: 0.9220, Prec: 0.7314, Rec: 0.5423, F1: 0.5846                                                                                       
[Epoch 33] Val Loss: 0.3794, Acc: 0.9110, Prec: 0.7292, Rec: 0.4437, F1: 0.4742
        EarlyStopping counter: 13 / 30
[Epoch 34] Train Loss: 0.3074, Loss_s: 0.2967, Loss_u: 0.0533, Mask: 0.7586, Acc: 0.9221, Prec: 0.7306, Rec: 0.5410, F1: 0.5831                                                                                       
[Epoch 34] Val Loss: 0.3735, Acc: 0.9110, Prec: 0.7342, Rec: 0.4368, F1: 0.4683
        EarlyStopping counter: 14 / 30
[Epoch 35] Train Loss: 0.3064, Loss_s: 0.2957, Loss_u: 0.0533, Mask: 0.7574, Acc: 0.9229, Prec: 0.7327, Rec: 0.5447, F1: 0.5851                                                                                       
[Epoch 35] Val Loss: 0.3781, Acc: 0.9106, Prec: 0.7203, Rec: 0.4240, F1: 0.4617
        EarlyStopping counter: 15 / 30
[Epoch 36] Train Loss: 0.3075, Loss_s: 0.2968, Loss_u: 0.0538, Mask: 0.7596, Acc: 0.9225, Prec: 0.7341, Rec: 0.5442, F1: 0.5859                                                                                       
[Epoch 36] Val Loss: 0.3799, Acc: 0.9115, Prec: 0.7428, Rec: 0.4537, F1: 0.4857
        EarlyStopping counter: 16 / 30
[Epoch 37] Train Loss: 0.3094, Loss_s: 0.2989, Loss_u: 0.0522, Mask: 0.7579, Acc: 0.9218, Prec: 0.7203, Rec: 0.5433, F1: 0.5815                                                                                       
[Epoch 37] Val Loss: 0.3744, Acc: 0.9109, Prec: 0.7205, Rec: 0.4492, F1: 0.4829
        EarlyStopping counter: 17 / 30
[Epoch 38] Train Loss: 0.3084, Loss_s: 0.2977, Loss_u: 0.0531, Mask: 0.7648, Acc: 0.9222, Prec: 0.7402, Rec: 0.5437, F1: 0.5862                                                                                       
[Epoch 38] Val Loss: 0.3757, Acc: 0.9108, Prec: 0.6967, Rec: 0.4244, F1: 0.4646
        EarlyStopping counter: 18 / 30
[Epoch 39] Train Loss: 0.3049, Loss_s: 0.2942, Loss_u: 0.0535, Mask: 0.7684, Acc: 0.9230, Prec: 0.7435, Rec: 0.5488, F1: 0.5918                                                                                       
[Epoch 39] Val Loss: 0.3723, Acc: 0.9106, Prec: 0.7022, Rec: 0.4396, F1: 0.4697
        EarlyStopping counter: 19 / 30
[Epoch 40] Train Loss: 0.3103, Loss_s: 0.2996, Loss_u: 0.0533, Mask: 0.7691, Acc: 0.9220, Prec: 0.7201, Rec: 0.5405, F1: 0.5780                                                                                       
[Epoch 40] Val Loss: 0.3709, Acc: 0.9112, Prec: 0.7068, Rec: 0.4575, F1: 0.4747
        EarlyStopping counter: 20 / 30
[Epoch 41] Train Loss: 0.3056, Loss_s: 0.2947, Loss_u: 0.0543, Mask: 0.7641, Acc: 0.9228, Prec: 0.7325, Rec: 0.5446, F1: 0.5854                                                                                       
[Epoch 41] Val Loss: 0.3730, Acc: 0.9118, Prec: 0.7105, Rec: 0.4368, F1: 0.4695
        EarlyStopping counter: 21 / 30
[Epoch 42] Train Loss: 0.3070, Loss_s: 0.2965, Loss_u: 0.0523, Mask: 0.7604, Acc: 0.9225, Prec: 0.7296, Rec: 0.5477, F1: 0.5843                                                                                       
[Epoch 42] Val Loss: 0.3774, Acc: 0.9104, Prec: 0.7275, Rec: 0.4241, F1: 0.4657
        EarlyStopping counter: 22 / 30
[Epoch 43] Train Loss: 0.3049, Loss_s: 0.2943, Loss_u: 0.0533, Mask: 0.7605, Acc: 0.9233, Prec: 0.7399, Rec: 0.5482, F1: 0.5893                                                                                       
[Epoch 43] Val Loss: 0.3717, Acc: 0.9106, Prec: 0.7020, Rec: 0.4175, F1: 0.4562
        EarlyStopping counter: 23 / 30
[Epoch 44] Train Loss: 0.3060, Loss_s: 0.2954, Loss_u: 0.0528, Mask: 0.7649, Acc: 0.9225, Prec: 0.7275, Rec: 0.5443, F1: 0.5836                                                                                       
[Epoch 44] Val Loss: 0.3757, Acc: 0.9116, Prec: 0.7183, Rec: 0.4349, F1: 0.4703
        EarlyStopping counter: 24 / 30
[Epoch 45] Train Loss: 0.3066, Loss_s: 0.2961, Loss_u: 0.0525, Mask: 0.7753, Acc: 0.9221, Prec: 0.7149, Rec: 0.5412, F1: 0.5779                                                                                       
[Epoch 45] Val Loss: 0.3787, Acc: 0.9112, Prec: 0.7364, Rec: 0.4424, F1: 0.4776
        EarlyStopping counter: 25 / 30
[Epoch 46] Train Loss: 0.3060, Loss_s: 0.2956, Loss_u: 0.0523, Mask: 0.7703, Acc: 0.9222, Prec: 0.7218, Rec: 0.5441, F1: 0.5816                                                                                       
[Epoch 46] Val Loss: 0.3799, Acc: 0.9104, Prec: 0.7187, Rec: 0.4261, F1: 0.4588
        EarlyStopping counter: 26 / 30
[Epoch 47] Train Loss: 0.3065, Loss_s: 0.2960, Loss_u: 0.0525, Mask: 0.7704, Acc: 0.9225, Prec: 0.7327, Rec: 0.5428, F1: 0.5828                                                                                       
[Epoch 47] Val Loss: 0.3755, Acc: 0.9110, Prec: 0.7269, Rec: 0.4310, F1: 0.4665
        EarlyStopping counter: 27 / 30
[Epoch 48] Train Loss: 0.3034, Loss_s: 0.2929, Loss_u: 0.0526, Mask: 0.7684, Acc: 0.9231, Prec: 0.7342, Rec: 0.5473, F1: 0.5894                                                                                       
[Epoch 48] Val Loss: 0.3822, Acc: 0.9110, Prec: 0.7391, Rec: 0.4539, F1: 0.4756
        EarlyStopping counter: 28 / 30
[Epoch 49] Train Loss: 0.3065, Loss_s: 0.2963, Loss_u: 0.0512, Mask: 0.7674, Acc: 0.9227, Prec: 0.7396, Rec: 0.5543, F1: 0.5926                                                                                       
[Epoch 49] Val Loss: 0.3693, Acc: 0.9111, Prec: 0.7295, Rec: 0.4508, F1: 0.4758
        EarlyStopping counter: 29 / 30
[Epoch 50] Train Loss: 0.3059, Loss_s: 0.2955, Loss_u: 0.0517, Mask: 0.7665, Acc: 0.9226, Prec: 0.7333, Rec: 0.5452, F1: 0.5850                                                                                       
[Epoch 50] Val Loss: 0.3689, Acc: 0.9117, Prec: 0.7181, Rec: 0.4457, F1: 0.4792
        EarlyStopping counter: 30 / 30
Early stopping triggered...
Total training time: 89 min 37.36 sec
Loaded best model.
[Best Model Train] Loss: 0.3570, Acc: 0.9152, Prec: 0.7609, Rec: 0.4702, F1: 0.5058                                                                                                                                   
[Best Model Train] Classification Report:
              precision    recall  f1-score   support

           0     0.7560    0.1848    0.2970      3220
           1     0.6696    0.5409    0.5984       416
           2     0.6655    0.1013    0.1758      3891
           3     0.9336    0.8946    0.9137      7260
           4     0.5424    0.0356    0.0669      2694
           5     0.7571    0.8166    0.7858       649
           6     0.8182    0.0302    0.0583       894
           7     0.7865    0.6306    0.7000       111
           8     0.9187    0.9973    0.9564    110573

    accuracy                         0.9152    129708
   macro avg     0.7609    0.4702    0.5058    129708
weighted avg     0.8977    0.9152    0.8873    129708

[Best Model Train] Confusion Matrix:
[[   595     47     25     19     29     15      0      3   2487]
 [    40    225      8      9     26      5      2      1    100]
 [    30      7    394    219     18     45      0      7   3171]
 [     6      1     40   6495      0      7      1      0    710]
 [    92     35     56     11     96     10      3      4   2387]
 [    10      6     21      6      4    530      0      3     69]
 [     3      0      4     21      2      3     27      0    834]
 [     1      0     16      3      0     19      0     70      2]
 [    10     15     28    174      2     66      0      1 110277]]

[Best Model Validation] Loss: 0.3705, Acc: 0.9118, Prec: 0.7351, Rec: 0.4610, F1: 0.4909                                                                                                                              
[Best Model Validation] Classification Report:
              precision    recall  f1-score   support

           0     0.6838    0.1242    0.2102       644
           1     0.7778    0.4217    0.5469        83
           2     0.5714    0.0925    0.1593       778
           3     0.9330    0.8822    0.9069      1452
           4     0.3667    0.0204    0.0387       538
           5     0.7797    0.7132    0.7449       129
           6     0.8571    0.0337    0.0649       178
           7     0.7308    0.8636    0.7917        22
           8     0.9153    0.9973    0.9546     22114

    accuracy                         0.9118     25938
   macro avg     0.7351    0.4610    0.4909     25938
weighted avg     0.8872    0.9118    0.8820     25938

[Best Model Validation] Confusion Matrix:
[[   80     6     4     5     5     5     0     2   537]
 [    6    35     4     0     8     3     0     1    26]
 [    6     0    72    40     4     9     0     3   644]
 [    0     1    11  1281     0     1     0     0   158]
 [   18     3    14     2    11     3     1     0   486]
 [    2     0     7     2     2    92     0     1    23]
 [    1     0     0     4     0     0     6     0   167]
 [    0     0     1     0     0     2     0    19     0]
 [    4     0    13    39     0     3     0     0 22055]]

[Test] Loss: 0.3673, Acc: 0.9134, Prec: 0.7566, Rec: 0.4478, F1: 0.4894                                                                                                                                               
[Test] Classification Report:
              precision    recall  f1-score   support

           0     0.6522    0.1395    0.2299       430
           1     0.6786    0.3393    0.4524        56
           2     0.5955    0.1019    0.1741       520
           3     0.9557    0.8915    0.9225       968
           4     0.6296    0.0471    0.0876       361
           5     0.7838    0.6591    0.7160        88
           6     0.8333    0.0413    0.0787       121
           7     0.7647    0.8125    0.7879        16
           8     0.9159    0.9982    0.9553     14744

    accuracy                         0.9134     17304
   macro avg     0.7566    0.4478    0.4894     17304
weighted avg     0.8938    0.9134    0.8847     17304

[Test] Confusion Matrix:
[[   60     4     1     1     6     1     0     0   357]
 [    8    19     4     0     2     2     0     0    21]
 [    7     0    53    18     2     5     0     3   432]
 [    0     0    10   863     0     1     0     0    94]
 [   13     4    13     2    17     2     1     1   308]
 [    3     0     2     1     0    58     0     0    24]
 [    0     0     1     0     0     0     5     0   115]
 [    0     0     0     1     0     2     0    13     0]
 [    1     1     5    17     0     3     0     0 14717]]