## backbone unfreeze
## fc.classifier unfreeze


04/26/2026 23:06:33 - INFO - root -   train_labeled_dataset: 129708
04/26/2026 23:06:33 - INFO - root -   val_dataset: 25938
04/26/2026 23:06:33 - INFO - root -   test_dataset: 17304
04/26/2026 23:06:33 - INFO - root -   train_unlabeled_dataset: 638507
[Epoch 1] Train Loss: 0.1444, Loss_s: 0.1385, Loss_u: 0.0297, Mask: 0.8849, Acc: 0.9575, Prec: 0.7752, Rec: 0.7061, F1: 0.7355                                                                            
[Epoch 1] Val Loss: 0.0993, Acc: 0.9673, Prec: 0.8650, Rec: 0.7833, F1: 0.8154
        Validation F1 improved → Saving model: ./checkpoints/best_model.pt
[Epoch 2] Train Loss: 0.0956, Loss_s: 0.0907, Loss_u: 0.0249, Mask: 0.9101, Acc: 0.9692, Prec: 0.8454, Rec: 0.8078, F1: 0.8252                                                                            
[Epoch 2] Val Loss: 0.1233, Acc: 0.9652, Prec: 0.8945, Rec: 0.7880, F1: 0.8159
        Validation F1 improved → Saving model: ./checkpoints/best_model.pt
[Epoch 3] Train Loss: 0.0886, Loss_s: 0.0835, Loss_u: 0.0256, Mask: 0.9097, Acc: 0.9713, Prec: 0.8619, Rec: 0.8231, F1: 0.8411                                                                            
[Epoch 3] Val Loss: 0.0755, Acc: 0.9740, Prec: 0.8738, Rec: 0.8525, F1: 0.8564
        Validation F1 improved → Saving model: ./checkpoints/best_model.pt
[Epoch 4] Train Loss: 0.0846, Loss_s: 0.0798, Loss_u: 0.0242, Mask: 0.9143, Acc: 0.9723, Prec: 0.8759, Rec: 0.8337, F1: 0.8535                                                                            
[Epoch 4] Val Loss: 0.1168, Acc: 0.9686, Prec: 0.9026, Rec: 0.7768, F1: 0.8308
        EarlyStopping counter: 1 / 30
[Epoch 5] Train Loss: 0.0828, Loss_s: 0.0776, Loss_u: 0.0258, Mask: 0.9159, Acc: 0.9732, Prec: 0.8748, Rec: 0.8335, F1: 0.8529                                                                            
[Epoch 5] Val Loss: 0.0767, Acc: 0.9737, Prec: 0.8856, Rec: 0.8521, F1: 0.8629
        Validation F1 improved → Saving model: ./checkpoints/best_model.pt
[Epoch 6] Train Loss: 0.0798, Loss_s: 0.0748, Loss_u: 0.0251, Mask: 0.9190, Acc: 0.9736, Prec: 0.8803, Rec: 0.8396, F1: 0.8589                                                                            
[Epoch 6] Val Loss: 0.0802, Acc: 0.9749, Prec: 0.9083, Rec: 0.8442, F1: 0.8712
        Validation F1 improved → Saving model: ./checkpoints/best_model.pt
[Epoch 7] Train Loss: 0.0790, Loss_s: 0.0741, Loss_u: 0.0244, Mask: 0.9189, Acc: 0.9742, Prec: 0.8757, Rec: 0.8408, F1: 0.8571                                                                            
[Epoch 7] Val Loss: 0.0864, Acc: 0.9716, Prec: 0.8939, Rec: 0.8194, F1: 0.8464
        EarlyStopping counter: 1 / 30
[Epoch 8] Train Loss: 0.0773, Loss_s: 0.0724, Loss_u: 0.0246, Mask: 0.9218, Acc: 0.9745, Prec: 0.8854, Rec: 0.8483, F1: 0.8658                                                                            
[Epoch 8] Val Loss: 0.0854, Acc: 0.9730, Prec: 0.8928, Rec: 0.7955, F1: 0.8380
        EarlyStopping counter: 2 / 30
[Epoch 9] Train Loss: 0.0765, Loss_s: 0.0718, Loss_u: 0.0237, Mask: 0.9194, Acc: 0.9745, Prec: 0.8792, Rec: 0.8466, F1: 0.8621                                                                            
[Epoch 9] Val Loss: 0.0687, Acc: 0.9765, Prec: 0.8843, Rec: 0.8716, F1: 0.8723
        Validation F1 improved → Saving model: ./checkpoints/best_model.pt
[Epoch 10] Train Loss: 0.0758, Loss_s: 0.0710, Loss_u: 0.0239, Mask: 0.9209, Acc: 0.9748, Prec: 0.8915, Rec: 0.8536, F1: 0.8716                                                                           
[Epoch 10] Val Loss: 0.0634, Acc: 0.9783, Prec: 0.9060, Rec: 0.8648, F1: 0.8838
        Validation F1 improved → Saving model: ./checkpoints/best_model.pt
[Epoch 11] Train Loss: 0.0734, Loss_s: 0.0688, Loss_u: 0.0230, Mask: 0.9262, Acc: 0.9755, Prec: 0.8869, Rec: 0.8513, F1: 0.8683                                                                           
[Epoch 11] Val Loss: 0.0731, Acc: 0.9749, Prec: 0.8853, Rec: 0.8599, F1: 0.8672
        EarlyStopping counter: 1 / 30
[Epoch 12] Train Loss: 0.0731, Loss_s: 0.0685, Loss_u: 0.0226, Mask: 0.9263, Acc: 0.9758, Prec: 0.8891, Rec: 0.8560, F1: 0.8716                                                                           
[Epoch 12] Val Loss: 0.0758, Acc: 0.9756, Prec: 0.8910, Rec: 0.8534, F1: 0.8676
        EarlyStopping counter: 2 / 30
[Epoch 13] Train Loss: 0.0719, Loss_s: 0.0672, Loss_u: 0.0237, Mask: 0.9229, Acc: 0.9759, Prec: 0.8904, Rec: 0.8609, F1: 0.8748                                                                           
[Epoch 13] Val Loss: 0.0789, Acc: 0.9756, Prec: 0.8957, Rec: 0.8481, F1: 0.8663
        EarlyStopping counter: 3 / 30
[Epoch 14] Train Loss: 0.0706, Loss_s: 0.0660, Loss_u: 0.0230, Mask: 0.9255, Acc: 0.9764, Prec: 0.8989, Rec: 0.8644, F1: 0.8808                                                                           
[Epoch 14] Val Loss: 0.0754, Acc: 0.9753, Prec: 0.8917, Rec: 0.8603, F1: 0.8697
        EarlyStopping counter: 4 / 30
[Epoch 15] Train Loss: 0.0700, Loss_s: 0.0655, Loss_u: 0.0224, Mask: 0.9264, Acc: 0.9769, Prec: 0.9015, Rec: 0.8696, F1: 0.8848                                                                           
[Epoch 15] Val Loss: 0.0834, Acc: 0.9742, Prec: 0.9091, Rec: 0.8372, F1: 0.8653
        EarlyStopping counter: 5 / 30
[Epoch 16] Train Loss: 0.0687, Loss_s: 0.0642, Loss_u: 0.0225, Mask: 0.9279, Acc: 0.9770, Prec: 0.8980, Rec: 0.8667, F1: 0.8817                                                                           
[Epoch 16] Val Loss: 0.0728, Acc: 0.9767, Prec: 0.8933, Rec: 0.8550, F1: 0.8690
        EarlyStopping counter: 6 / 30
[Epoch 17] Train Loss: 0.0683, Loss_s: 0.0638, Loss_u: 0.0222, Mask: 0.9264, Acc: 0.9767, Prec: 0.9004, Rec: 0.8657, F1: 0.8822                                                                           
[Epoch 17] Val Loss: 0.0772, Acc: 0.9754, Prec: 0.9106, Rec: 0.8438, F1: 0.8702
        EarlyStopping counter: 7 / 30
[Epoch 18] Train Loss: 0.0671, Loss_s: 0.0627, Loss_u: 0.0223, Mask: 0.9304, Acc: 0.9778, Prec: 0.9010, Rec: 0.8749, F1: 0.8873                                                                           
[Epoch 18] Val Loss: 0.0744, Acc: 0.9748, Prec: 0.8945, Rec: 0.8539, F1: 0.8713
        EarlyStopping counter: 8 / 30
[Epoch 19] Train Loss: 0.0662, Loss_s: 0.0620, Loss_u: 0.0210, Mask: 0.9318, Acc: 0.9780, Prec: 0.9044, Rec: 0.8763, F1: 0.8895                                                                           
[Epoch 19] Val Loss: 0.0852, Acc: 0.9737, Prec: 0.8865, Rec: 0.8269, F1: 0.8513
        EarlyStopping counter: 9 / 30
[Epoch 20] Train Loss: 0.0668, Loss_s: 0.0623, Loss_u: 0.0223, Mask: 0.9293, Acc: 0.9774, Prec: 0.8997, Rec: 0.8674, F1: 0.8827                                                                           
[Epoch 20] Val Loss: 0.0661, Acc: 0.9781, Prec: 0.9142, Rec: 0.8544, F1: 0.8806
        EarlyStopping counter: 10 / 30
[Epoch 21] Train Loss: 0.0649, Loss_s: 0.0605, Loss_u: 0.0220, Mask: 0.9309, Acc: 0.9781, Prec: 0.9044, Rec: 0.8766, F1: 0.8899                                                                           
[Epoch 21] Val Loss: 0.0665, Acc: 0.9773, Prec: 0.9198, Rec: 0.8594, F1: 0.8836
        EarlyStopping counter: 11 / 30
[Epoch 22] Train Loss: 0.0653, Loss_s: 0.0611, Loss_u: 0.0209, Mask: 0.9308, Acc: 0.9780, Prec: 0.9039, Rec: 0.8771, F1: 0.8898                                                                           
[Epoch 22] Val Loss: 0.0640, Acc: 0.9782, Prec: 0.8863, Rec: 0.8822, F1: 0.8799
        EarlyStopping counter: 12 / 30
[Epoch 23] Train Loss: 0.0648, Loss_s: 0.0605, Loss_u: 0.0218, Mask: 0.9290, Acc: 0.9780, Prec: 0.9005, Rec: 0.8743, F1: 0.8867                                                                           
[Epoch 23] Val Loss: 0.0833, Acc: 0.9752, Prec: 0.9223, Rec: 0.8318, F1: 0.8699
        EarlyStopping counter: 13 / 30
[Epoch 24] Train Loss: 0.0626, Loss_s: 0.0585, Loss_u: 0.0209, Mask: 0.9312, Acc: 0.9789, Prec: 0.9105, Rec: 0.8817, F1: 0.8955                                                                           
[Epoch 24] Val Loss: 0.0670, Acc: 0.9777, Prec: 0.9149, Rec: 0.8728, F1: 0.8889
        Validation F1 improved → Saving model: ./checkpoints/best_model.pt
[Epoch 25] Train Loss: 0.0626, Loss_s: 0.0583, Loss_u: 0.0211, Mask: 0.9324, Acc: 0.9790, Prec: 0.9112, Rec: 0.8860, F1: 0.8980                                                                           
[Epoch 25] Val Loss: 0.0877, Acc: 0.9745, Prec: 0.9177, Rec: 0.8358, F1: 0.8683
        EarlyStopping counter: 1 / 30
[Epoch 26] Train Loss: 0.0621, Loss_s: 0.0579, Loss_u: 0.0210, Mask: 0.9329, Acc: 0.9789, Prec: 0.9116, Rec: 0.8794, F1: 0.8949                                                                           
[Epoch 26] Val Loss: 0.0836, Acc: 0.9758, Prec: 0.9285, Rec: 0.8284, F1: 0.8735
        EarlyStopping counter: 2 / 30
[Epoch 27] Train Loss: 0.0619, Loss_s: 0.0578, Loss_u: 0.0207, Mask: 0.9345, Acc: 0.9792, Prec: 0.9078, Rec: 0.8818, F1: 0.8943                                                                           
[Epoch 27] Val Loss: 0.0671, Acc: 0.9790, Prec: 0.9273, Rec: 0.8517, F1: 0.8860
        EarlyStopping counter: 3 / 30
[Epoch 28] Train Loss: 0.0619, Loss_s: 0.0577, Loss_u: 0.0209, Mask: 0.9323, Acc: 0.9790, Prec: 0.9116, Rec: 0.8864, F1: 0.8984                                                                           
[Epoch 28] Val Loss: 0.0710, Acc: 0.9767, Prec: 0.9239, Rec: 0.8496, F1: 0.8818
        EarlyStopping counter: 4 / 30
[Epoch 29] Train Loss: 0.0614, Loss_s: 0.0572, Loss_u: 0.0209, Mask: 0.9323, Acc: 0.9789, Prec: 0.9108, Rec: 0.8824, F1: 0.8960                                                                           
[Epoch 29] Val Loss: 0.0699, Acc: 0.9783, Prec: 0.9142, Rec: 0.8682, F1: 0.8872
        EarlyStopping counter: 5 / 30
[Epoch 30] Train Loss: 0.0615, Loss_s: 0.0576, Loss_u: 0.0199, Mask: 0.9327, Acc: 0.9789, Prec: 0.9097, Rec: 0.8850, F1: 0.8968                                                                           
[Epoch 30] Val Loss: 0.0871, Acc: 0.9749, Prec: 0.9104, Rec: 0.8481, F1: 0.8713
        EarlyStopping counter: 6 / 30
[Epoch 31] Train Loss: 0.0611, Loss_s: 0.0570, Loss_u: 0.0206, Mask: 0.9304, Acc: 0.9789, Prec: 0.9117, Rec: 0.8812, F1: 0.8959                                                                           
[Epoch 31] Val Loss: 0.0635, Acc: 0.9787, Prec: 0.8876, Rec: 0.8896, F1: 0.8846
        EarlyStopping counter: 7 / 30
[Epoch 32] Train Loss: 0.0602, Loss_s: 0.0562, Loss_u: 0.0198, Mask: 0.9335, Acc: 0.9796, Prec: 0.9061, Rec: 0.8809, F1: 0.8930                                                                           
[Epoch 32] Val Loss: 0.0809, Acc: 0.9743, Prec: 0.9071, Rec: 0.8433, F1: 0.8687
        EarlyStopping counter: 8 / 30
[Epoch 33] Train Loss: 0.0596, Loss_s: 0.0556, Loss_u: 0.0201, Mask: 0.9331, Acc: 0.9796, Prec: 0.9162, Rec: 0.8878, F1: 0.9014                                                                           
[Epoch 33] Val Loss: 0.0807, Acc: 0.9754, Prec: 0.9054, Rec: 0.8511, F1: 0.8714
        EarlyStopping counter: 9 / 30
[Epoch 34] Train Loss: 0.0601, Loss_s: 0.0557, Loss_u: 0.0223, Mask: 0.9306, Acc: 0.9796, Prec: 0.9142, Rec: 0.8862, F1: 0.8996                                                                           
[Epoch 34] Val Loss: 0.0689, Acc: 0.9777, Prec: 0.9017, Rec: 0.8755, F1: 0.8825
        EarlyStopping counter: 10 / 30
[Epoch 35] Train Loss: 0.0589, Loss_s: 0.0545, Loss_u: 0.0219, Mask: 0.9285, Acc: 0.9801, Prec: 0.9159, Rec: 0.8913, F1: 0.9031                                                                           
[Epoch 35] Val Loss: 0.0690, Acc: 0.9779, Prec: 0.9171, Rec: 0.8659, F1: 0.8881
        EarlyStopping counter: 11 / 30
[Epoch 36] Train Loss: 0.0592, Loss_s: 0.0550, Loss_u: 0.0206, Mask: 0.9304, Acc: 0.9799, Prec: 0.9138, Rec: 0.8855, F1: 0.8992                                                                           
[Epoch 36] Val Loss: 0.0812, Acc: 0.9758, Prec: 0.9012, Rec: 0.8615, F1: 0.8747
        EarlyStopping counter: 12 / 30
[Epoch 37] Train Loss: 0.0581, Loss_s: 0.0541, Loss_u: 0.0198, Mask: 0.9358, Acc: 0.9800, Prec: 0.9153, Rec: 0.8890, F1: 0.9016                                                                           
[Epoch 37] Val Loss: 0.0775, Acc: 0.9761, Prec: 0.9073, Rec: 0.8661, F1: 0.8811
        EarlyStopping counter: 13 / 30
[Epoch 38] Train Loss: 0.0581, Loss_s: 0.0540, Loss_u: 0.0207, Mask: 0.9359, Acc: 0.9804, Prec: 0.9193, Rec: 0.8928, F1: 0.9055                                                                           
[Epoch 38] Val Loss: 0.0670, Acc: 0.9779, Prec: 0.9204, Rec: 0.8472, F1: 0.8766
        EarlyStopping counter: 14 / 30
[Epoch 39] Train Loss: 0.0576, Loss_s: 0.0536, Loss_u: 0.0200, Mask: 0.9336, Acc: 0.9801, Prec: 0.9158, Rec: 0.8905, F1: 0.9026                                                                           
[Epoch 39] Val Loss: 0.0650, Acc: 0.9791, Prec: 0.9208, Rec: 0.8692, F1: 0.8929
        Validation F1 improved → Saving model: ./checkpoints/best_model.pt
[Epoch 40] Train Loss: 0.0578, Loss_s: 0.0535, Loss_u: 0.0216, Mask: 0.9333, Acc: 0.9803, Prec: 0.9139, Rec: 0.8856, F1: 0.8992                                                                           
[Epoch 40] Val Loss: 0.0659, Acc: 0.9785, Prec: 0.9192, Rec: 0.8777, F1: 0.8942
        Validation F1 improved → Saving model: ./checkpoints/best_model.pt
[Epoch 41] Train Loss: 0.0573, Loss_s: 0.0534, Loss_u: 0.0195, Mask: 0.9351, Acc: 0.9803, Prec: 0.9174, Rec: 0.8880, F1: 0.9022                                                                           
[Epoch 41] Val Loss: 0.0802, Acc: 0.9756, Prec: 0.9124, Rec: 0.8429, F1: 0.8716
        EarlyStopping counter: 1 / 30
[Epoch 42] Train Loss: 0.0568, Loss_s: 0.0525, Loss_u: 0.0215, Mask: 0.9313, Acc: 0.9809, Prec: 0.9219, Rec: 0.8963, F1: 0.9086                                                                           
[Epoch 42] Val Loss: 0.0633, Acc: 0.9794, Prec: 0.9161, Rec: 0.8839, F1: 0.8960
        Validation F1 improved → Saving model: ./checkpoints/best_model.pt
[Epoch 43] Train Loss: 0.0573, Loss_s: 0.0525, Loss_u: 0.0240, Mask: 0.9263, Acc: 0.9809, Prec: 0.9191, Rec: 0.8987, F1: 0.9084                                                                           
[Epoch 43] Val Loss: 0.0588, Acc: 0.9800, Prec: 0.9195, Rec: 0.8727, F1: 0.8945
        EarlyStopping counter: 1 / 30
[Epoch 44] Train Loss: 0.0568, Loss_s: 0.0526, Loss_u: 0.0213, Mask: 0.9303, Acc: 0.9807, Prec: 0.9186, Rec: 0.8948, F1: 0.9062                                                                           
[Epoch 44] Val Loss: 0.0741, Acc: 0.9763, Prec: 0.9061, Rec: 0.8537, F1: 0.8750
        EarlyStopping counter: 2 / 30
[Epoch 45] Train Loss: 0.0556, Loss_s: 0.0513, Loss_u: 0.0215, Mask: 0.9337, Acc: 0.9811, Prec: 0.9219, Rec: 0.8985, F1: 0.9097                                                                           
[Epoch 45] Val Loss: 0.0756, Acc: 0.9778, Prec: 0.9276, Rec: 0.8598, F1: 0.8894
        EarlyStopping counter: 3 / 30
[Epoch 46] Train Loss: 0.0560, Loss_s: 0.0517, Loss_u: 0.0216, Mask: 0.9331, Acc: 0.9812, Prec: 0.9224, Rec: 0.8954, F1: 0.9085                                                                           
[Epoch 46] Val Loss: 0.0714, Acc: 0.9776, Prec: 0.9157, Rec: 0.8744, F1: 0.8917
        EarlyStopping counter: 4 / 30
[Epoch 47] Train Loss: 0.0559, Loss_s: 0.0519, Loss_u: 0.0202, Mask: 0.9352, Acc: 0.9809, Prec: 0.9212, Rec: 0.8945, F1: 0.9074                                                                           
[Epoch 47] Val Loss: 0.0584, Acc: 0.9807, Prec: 0.9072, Rec: 0.8785, F1: 0.8888
        EarlyStopping counter: 5 / 30
[Epoch 48] Train Loss: 0.0544, Loss_s: 0.0503, Loss_u: 0.0204, Mask: 0.9356, Acc: 0.9815, Prec: 0.9217, Rec: 0.9033, F1: 0.9120                                                                           
[Epoch 48] Val Loss: 0.0581, Acc: 0.9805, Prec: 0.9309, Rec: 0.8864, F1: 0.9070
        Validation F1 improved → Saving model: ./checkpoints/best_model.pt
[Epoch 49] Train Loss: 0.0547, Loss_s: 0.0506, Loss_u: 0.0207, Mask: 0.9364, Acc: 0.9813, Prec: 0.9238, Rec: 0.9004, F1: 0.9116                                                                           
[Epoch 49] Val Loss: 0.0605, Acc: 0.9791, Prec: 0.9070, Rec: 0.8852, F1: 0.8941
        EarlyStopping counter: 1 / 30
[Epoch 50] Train Loss: 0.0551, Loss_s: 0.0509, Loss_u: 0.0209, Mask: 0.9351, Acc: 0.9812, Prec: 0.9213, Rec: 0.9000, F1: 0.9103                                                                           
[Epoch 50] Val Loss: 0.0647, Acc: 0.9789, Prec: 0.9206, Rec: 0.8752, F1: 0.8954
        EarlyStopping counter: 2 / 30
[Epoch 51] Train Loss: 0.0545, Loss_s: 0.0502, Loss_u: 0.0212, Mask: 0.9358, Acc: 0.9815, Prec: 0.9186, Rec: 0.9011, F1: 0.9094                                                                           
[Epoch 51] Val Loss: 0.0666, Acc: 0.9776, Prec: 0.9187, Rec: 0.8652, F1: 0.8875
        EarlyStopping counter: 3 / 30
[Epoch 52] Train Loss: 0.0546, Loss_s: 0.0506, Loss_u: 0.0201, Mask: 0.9343, Acc: 0.9814, Prec: 0.9258, Rec: 0.8973, F1: 0.9110                                                                           
[Epoch 52] Val Loss: 0.0739, Acc: 0.9779, Prec: 0.9255, Rec: 0.8680, F1: 0.8926
        EarlyStopping counter: 4 / 30
[Epoch 53] Train Loss: 0.0538, Loss_s: 0.0495, Loss_u: 0.0216, Mask: 0.9344, Acc: 0.9817, Prec: 0.9236, Rec: 0.9019, F1: 0.9124                                                                           
[Epoch 53] Val Loss: 0.0721, Acc: 0.9783, Prec: 0.9305, Rec: 0.8600, F1: 0.8917
        EarlyStopping counter: 5 / 30
[Epoch 54] Train Loss: 0.0545, Loss_s: 0.0505, Loss_u: 0.0200, Mask: 0.9377, Acc: 0.9812, Prec: 0.9253, Rec: 0.8999, F1: 0.9122                                                                           
[Epoch 54] Val Loss: 0.0734, Acc: 0.9782, Prec: 0.9218, Rec: 0.8621, F1: 0.8886
        EarlyStopping counter: 6 / 30
[Epoch 55] Train Loss: 0.0525, Loss_s: 0.0484, Loss_u: 0.0205, Mask: 0.9394, Acc: 0.9820, Prec: 0.9273, Rec: 0.9041, F1: 0.9154                                                                           
[Epoch 55] Val Loss: 0.0690, Acc: 0.9791, Prec: 0.8986, Rec: 0.8909, F1: 0.8894
        EarlyStopping counter: 7 / 30
[Epoch 56] Train Loss: 0.0527, Loss_s: 0.0485, Loss_u: 0.0207, Mask: 0.9365, Acc: 0.9822, Prec: 0.9344, Rec: 0.9110, F1: 0.9223                                                                           
[Epoch 56] Val Loss: 0.0657, Acc: 0.9790, Prec: 0.9172, Rec: 0.8751, F1: 0.8927
        EarlyStopping counter: 8 / 30
[Epoch 57] Train Loss: 0.0531, Loss_s: 0.0489, Loss_u: 0.0210, Mask: 0.9391, Acc: 0.9817, Prec: 0.9264, Rec: 0.9051, F1: 0.9153                                                                           
[Epoch 57] Val Loss: 0.0700, Acc: 0.9779, Prec: 0.9261, Rec: 0.8573, F1: 0.8875
        EarlyStopping counter: 9 / 30
[Epoch 58] Train Loss: 0.0532, Loss_s: 0.0488, Loss_u: 0.0221, Mask: 0.9361, Acc: 0.9823, Prec: 0.9248, Rec: 0.9038, F1: 0.9139                                                                           
[Epoch 58] Val Loss: 0.0715, Acc: 0.9781, Prec: 0.9157, Rec: 0.8719, F1: 0.8893
        EarlyStopping counter: 10 / 30
[Epoch 59] Train Loss: 0.0520, Loss_s: 0.0479, Loss_u: 0.0204, Mask: 0.9381, Acc: 0.9822, Prec: 0.9296, Rec: 0.9036, F1: 0.9162                                                                           
[Epoch 59] Val Loss: 0.0715, Acc: 0.9788, Prec: 0.9052, Rec: 0.8762, F1: 0.8853
        EarlyStopping counter: 11 / 30
[Epoch 60] Train Loss: 0.0512, Loss_s: 0.0471, Loss_u: 0.0205, Mask: 0.9388, Acc: 0.9824, Prec: 0.9287, Rec: 0.9061, F1: 0.9170                                                                           
[Epoch 60] Val Loss: 0.0776, Acc: 0.9771, Prec: 0.9266, Rec: 0.8547, F1: 0.8859
        EarlyStopping counter: 12 / 30
[Epoch 61] Train Loss: 0.0525, Loss_s: 0.0485, Loss_u: 0.0197, Mask: 0.9369, Acc: 0.9823, Prec: 0.9316, Rec: 0.9053, F1: 0.9180                                                                           
[Epoch 61] Val Loss: 0.0624, Acc: 0.9797, Prec: 0.9150, Rec: 0.8898, F1: 0.8992
        EarlyStopping counter: 13 / 30
[Epoch 62] Train Loss: 0.0520, Loss_s: 0.0479, Loss_u: 0.0204, Mask: 0.9359, Acc: 0.9824, Prec: 0.9317, Rec: 0.9052, F1: 0.9180                                                                           
[Epoch 62] Val Loss: 0.0585, Acc: 0.9801, Prec: 0.9079, Rec: 0.8874, F1: 0.8955
        EarlyStopping counter: 14 / 30
[Epoch 63] Train Loss: 0.0523, Loss_s: 0.0473, Loss_u: 0.0250, Mask: 0.9327, Acc: 0.9824, Prec: 0.9328, Rec: 0.9100, F1: 0.9209                                                                           
[Epoch 63] Val Loss: 0.0681, Acc: 0.9791, Prec: 0.8983, Rec: 0.8922, F1: 0.8914
        EarlyStopping counter: 15 / 30
[Epoch 64] Train Loss: 0.0518, Loss_s: 0.0475, Loss_u: 0.0217, Mask: 0.9340, Acc: 0.9821, Prec: 0.9268, Rec: 0.9059, F1: 0.9160                                                                           
[Epoch 64] Val Loss: 0.0629, Acc: 0.9792, Prec: 0.9113, Rec: 0.8777, F1: 0.8900
        EarlyStopping counter: 16 / 30
[Epoch 65] Train Loss: 0.0508, Loss_s: 0.0466, Loss_u: 0.0212, Mask: 0.9357, Acc: 0.9825, Prec: 0.9312, Rec: 0.9093, F1: 0.9198                                                                           
[Epoch 65] Val Loss: 0.0714, Acc: 0.9782, Prec: 0.9235, Rec: 0.8632, F1: 0.8888
        EarlyStopping counter: 17 / 30
[Epoch 66] Train Loss: 0.0507, Loss_s: 0.0466, Loss_u: 0.0205, Mask: 0.9381, Acc: 0.9828, Prec: 0.9281, Rec: 0.9069, F1: 0.9171                                                                           
[Epoch 66] Val Loss: 0.0664, Acc: 0.9786, Prec: 0.9208, Rec: 0.8679, F1: 0.8907
        EarlyStopping counter: 18 / 30
[Epoch 67] Train Loss: 0.0502, Loss_s: 0.0459, Loss_u: 0.0216, Mask: 0.9372, Acc: 0.9826, Prec: 0.9294, Rec: 0.9087, F1: 0.9187                                                                           
[Epoch 67] Val Loss: 0.0690, Acc: 0.9786, Prec: 0.9111, Rec: 0.8673, F1: 0.8838
        EarlyStopping counter: 19 / 30
[Epoch 68] Train Loss: 0.0505, Loss_s: 0.0462, Loss_u: 0.0217, Mask: 0.9363, Acc: 0.9829, Prec: 0.9314, Rec: 0.9090, F1: 0.9198                                                                           
[Epoch 68] Val Loss: 0.0622, Acc: 0.9800, Prec: 0.9248, Rec: 0.8788, F1: 0.8993
        EarlyStopping counter: 20 / 30
[Epoch 69] Train Loss: 0.0495, Loss_s: 0.0453, Loss_u: 0.0211, Mask: 0.9386, Acc: 0.9829, Prec: 0.9336, Rec: 0.9113, F1: 0.9221                                                                           
[Epoch 69] Val Loss: 0.0699, Acc: 0.9791, Prec: 0.9202, Rec: 0.8765, F1: 0.8938
        EarlyStopping counter: 21 / 30
[Epoch 70] Train Loss: 0.0501, Loss_s: 0.0459, Loss_u: 0.0211, Mask: 0.9397, Acc: 0.9826, Prec: 0.9306, Rec: 0.9071, F1: 0.9184                                                                           
[Epoch 70] Val Loss: 0.0727, Acc: 0.9781, Prec: 0.9171, Rec: 0.8700, F1: 0.8892
        EarlyStopping counter: 22 / 30
[Epoch 71] Train Loss: 0.0495, Loss_s: 0.0452, Loss_u: 0.0216, Mask: 0.9383, Acc: 0.9829, Prec: 0.9322, Rec: 0.9150, F1: 0.9233                                                                           
[Epoch 71] Val Loss: 0.0735, Acc: 0.9775, Prec: 0.9101, Rec: 0.8625, F1: 0.8799
        EarlyStopping counter: 23 / 30
[Epoch 72] Train Loss: 0.0489, Loss_s: 0.0445, Loss_u: 0.0219, Mask: 0.9399, Acc: 0.9834, Prec: 0.9313, Rec: 0.9114, F1: 0.9211                                                                           
[Epoch 72] Val Loss: 0.0636, Acc: 0.9798, Prec: 0.9260, Rec: 0.8838, F1: 0.9020
        EarlyStopping counter: 24 / 30
[Epoch 73] Train Loss: 0.0492, Loss_s: 0.0449, Loss_u: 0.0215, Mask: 0.9377, Acc: 0.9831, Prec: 0.9339, Rec: 0.9128, F1: 0.9231                                                                           
[Epoch 73] Val Loss: 0.0680, Acc: 0.9789, Prec: 0.9140, Rec: 0.8700, F1: 0.8873
        EarlyStopping counter: 25 / 30
[Epoch 74] Train Loss: 0.0491, Loss_s: 0.0449, Loss_u: 0.0213, Mask: 0.9384, Acc: 0.9829, Prec: 0.9349, Rec: 0.9127, F1: 0.9235                                                                           
[Epoch 74] Val Loss: 0.0616, Acc: 0.9803, Prec: 0.9127, Rec: 0.8860, F1: 0.8944
        EarlyStopping counter: 26 / 30
[Epoch 75] Train Loss: 0.0482, Loss_s: 0.0438, Loss_u: 0.0220, Mask: 0.9380, Acc: 0.9836, Prec: 0.9361, Rec: 0.9178, F1: 0.9266                                                                           
[Epoch 75] Val Loss: 0.0609, Acc: 0.9801, Prec: 0.9225, Rec: 0.8777, F1: 0.8968
        EarlyStopping counter: 27 / 30
[Epoch 76] Train Loss: 0.0479, Loss_s: 0.0435, Loss_u: 0.0223, Mask: 0.9388, Acc: 0.9837, Prec: 0.9356, Rec: 0.9180, F1: 0.9265                                                                           
[Epoch 76] Val Loss: 0.0650, Acc: 0.9798, Prec: 0.9186, Rec: 0.8807, F1: 0.8947
        EarlyStopping counter: 28 / 30
[Epoch 77] Train Loss: 0.0482, Loss_s: 0.0436, Loss_u: 0.0229, Mask: 0.9365, Acc: 0.9837, Prec: 0.9364, Rec: 0.9163, F1: 0.9261                                                                           
[Epoch 77] Val Loss: 0.0746, Acc: 0.9790, Prec: 0.9282, Rec: 0.8705, F1: 0.8950
        EarlyStopping counter: 29 / 30
[Epoch 78] Train Loss: 0.0473, Loss_s: 0.0428, Loss_u: 0.0224, Mask: 0.9382, Acc: 0.9841, Prec: 0.9371, Rec: 0.9215, F1: 0.9290                                                                           
[Epoch 78] Val Loss: 0.0633, Acc: 0.9799, Prec: 0.9134, Rec: 0.8831, F1: 0.8958
        EarlyStopping counter: 30 / 30
Early stopping triggered...
Total training time: 256 min 59.82 sec
Loaded best model.
[Best Model Train] Loss: 0.0582, Acc: 0.9801, Prec: 0.9458, Rec: 0.8845, F1: 0.9129                                                                                                                       
[Best Model Train] Classification Report:
              precision    recall  f1-score   support

           0     0.9737    0.9075    0.9394      3220
           1     0.9428    0.9111    0.9267       416
           2     0.9171    0.7875    0.8473      3891
           3     0.9927    0.9758    0.9842      7260
           4     0.9048    0.7339    0.8104      2694
           5     0.9478    0.9230    0.9352       649
           6     0.8854    0.7606    0.8183       894
           7     0.9640    0.9640    0.9640       111
           8     0.9838    0.9976    0.9906    110573

    accuracy                         0.9801    129708
   macro avg     0.9458    0.8845    0.9129    129708
weighted avg     0.9794    0.9801    0.9793    129708

[Best Model Train] Confusion Matrix:
[[  2922      1      1      0     11      0      1      0    284]
 [     7    379      2      0     21      1      1      0      5]
 [     4      2   3064     16     76      9      5      1    714]
 [     0      0    106   7084      0      1      0      0     69]
 [    37     10     74      0   1977      3     45      0    548]
 [     4      3     12      0     14    599      0      3     14]
 [     0      4      4      1     17      1    680      0    187]
 [     1      0      0      0      0      3      0    107      0]
 [    26      3     78     35     69     15     36      0 110311]]

[Best Model Validation] Loss: 0.0581, Acc: 0.9805, Prec: 0.9309, Rec: 0.8864, F1: 0.9070                                                                                                                  
[Best Model Validation] Classification Report:
              precision    recall  f1-score   support

           0     0.9683    0.9006    0.9332       644
           1     0.9012    0.8795    0.8902        83
           2     0.9254    0.7969    0.8564       778
           3     0.9923    0.9773    0.9847      1452
           4     0.8764    0.7249    0.7935       538
           5     0.9350    0.8915    0.9127       129
           6     0.8372    0.8090    0.8229       178
           7     0.9565    1.0000    0.9778        22
           8     0.9855    0.9980    0.9917     22114

    accuracy                         0.9805     25938
   macro avg     0.9309    0.8864    0.9070     25938
weighted avg     0.9798    0.9805    0.9798     25938

[Best Model Validation] Confusion Matrix:
[[  580     2     0     0     6     0     0     0    56]
 [    2    73     0     0     7     1     0     0     0]
 [    2     0   620     5    21     4     0     0   126]
 [    0     0    23  1419     0     0     0     0    10]
 [    9     4    14     0   390     2    16     0   103]
 [    1     1     5     0     4   115     0     1     2]
 [    0     0     1     1     4     0   144     0    28]
 [    0     0     0     0     0     0     0    22     0]
 [    5     1     7     5    13     1    12     0 22070]]

[Test] Loss: 0.0586, Acc: 0.9811, Prec: 0.9419, Rec: 0.8786, F1: 0.9076                                                                                                                                   
[Test] Classification Report:
              precision    recall  f1-score   support

           0     0.9681    0.9163    0.9415       430
           1     0.9245    0.8750    0.8991        56
           2     0.9263    0.7981    0.8574       520
           3     0.9906    0.9845    0.9876       968
           4     0.9169    0.7645    0.8338       361
           5     0.9425    0.9318    0.9371        88
           6     0.8854    0.7025    0.7834       121
           7     0.9375    0.9375    0.9375        16
           8     0.9849    0.9976    0.9912     14744

    accuracy                         0.9811     17304
   macro avg     0.9419    0.8786    0.9076     17304
weighted avg     0.9804    0.9811    0.9804     17304

[Test] Confusion Matrix:
[[  394     0     0     0     1     0     0     0    35]
 [    1    49     0     0     5     0     0     0     1]
 [    0     0   415     5     7     1     1     1    90]
 [    0     0     9   953     0     0     0     0     6]
 [    6     3    10     0   276     0     4     0    62]
 [    1     0     1     0     3    82     0     0     1]
 [    0     0     0     0     5     0    85     0    31]
 [    0     0     0     0     0     1     0    15     0]
 [    5     1    13     4     4     3     6     0 14708]]