## backbone freeze
## layer3, layer4 unfreeze
## fc.classifier unfreeze

04/27/2026 09:33:01 - INFO - root -   train_labeled_dataset: 129708
04/27/2026 09:33:01 - INFO - root -   val_dataset: 25938
04/27/2026 09:33:01 - INFO - root -   test_dataset: 17304
04/27/2026 09:33:01 - INFO - root -   train_unlabeled_dataset: 638507


[Epoch 1] Train Loss: 0.1474, Loss_s: 0.1407, Loss_u: 0.0334, Mask: 0.8794, Acc: 0.9574, Prec: 0.7774, Rec: 0.7045, F1: 0.7353                                                                                        
[Epoch 1] Val Loss: 0.0920, Acc: 0.9702, Prec: 0.8910, Rec: 0.7500, F1: 0.7972
        Validation F1 improved → Saving model: ./checkpoints/best_model.pt
[Epoch 2] Train Loss: 0.1014, Loss_s: 0.0954, Loss_u: 0.0297, Mask: 0.8998, Acc: 0.9680, Prec: 0.8436, Rec: 0.7964, F1: 0.8179                                                                                        
[Epoch 2] Val Loss: 0.1466, Acc: 0.9609, Prec: 0.8948, Rec: 0.7308, F1: 0.7925
        EarlyStopping counter: 1 / 30
[Epoch 3] Train Loss: 0.0932, Loss_s: 0.0874, Loss_u: 0.0290, Mask: 0.9052, Acc: 0.9703, Prec: 0.8620, Rec: 0.8231, F1: 0.8410                                                                                        
[Epoch 3] Val Loss: 0.0865, Acc: 0.9700, Prec: 0.8485, Rec: 0.8365, F1: 0.8360
        Validation F1 improved → Saving model: ./checkpoints/best_model.pt
[Epoch 4] Train Loss: 0.0893, Loss_s: 0.0836, Loss_u: 0.0283, Mask: 0.9058, Acc: 0.9714, Prec: 0.8761, Rec: 0.8332, F1: 0.8531                                                                                        
[Epoch 4] Val Loss: 0.1026, Acc: 0.9683, Prec: 0.9150, Rec: 0.7507, F1: 0.8158
        EarlyStopping counter: 1 / 30
[Epoch 5] Train Loss: 0.0868, Loss_s: 0.0812, Loss_u: 0.0279, Mask: 0.9056, Acc: 0.9718, Prec: 0.8741, Rec: 0.8308, F1: 0.8510                                                                                        
[Epoch 5] Val Loss: 0.0908, Acc: 0.9698, Prec: 0.8704, Rec: 0.8444, F1: 0.8501
        Validation F1 improved → Saving model: ./checkpoints/best_model.pt
[Epoch 6] Train Loss: 0.0856, Loss_s: 0.0799, Loss_u: 0.0284, Mask: 0.9089, Acc: 0.9724, Prec: 0.8775, Rec: 0.8301, F1: 0.8523                                                                                        
[Epoch 6] Val Loss: 0.0857, Acc: 0.9721, Prec: 0.8690, Rec: 0.8231, F1: 0.8364
        EarlyStopping counter: 1 / 30
[Epoch 7] Train Loss: 0.0830, Loss_s: 0.0774, Loss_u: 0.0284, Mask: 0.9103, Acc: 0.9733, Prec: 0.8818, Rec: 0.8416, F1: 0.8606                                                                                        
[Epoch 7] Val Loss: 0.0896, Acc: 0.9711, Prec: 0.8995, Rec: 0.8168, F1: 0.8514
        Validation F1 improved → Saving model: ./checkpoints/best_model.pt
[Epoch 8] Train Loss: 0.0820, Loss_s: 0.0764, Loss_u: 0.0283, Mask: 0.9100, Acc: 0.9737, Prec: 0.8904, Rec: 0.8540, F1: 0.8710                                                                                        
[Epoch 8] Val Loss: 0.1055, Acc: 0.9705, Prec: 0.9007, Rec: 0.7971, F1: 0.8412
        EarlyStopping counter: 1 / 30
[Epoch 9] Train Loss: 0.0811, Loss_s: 0.0755, Loss_u: 0.0282, Mask: 0.9118, Acc: 0.9734, Prec: 0.8848, Rec: 0.8466, F1: 0.8645                                                                                        
[Epoch 9] Val Loss: 0.0876, Acc: 0.9743, Prec: 0.9067, Rec: 0.8299, F1: 0.8570
        Validation F1 improved → Saving model: ./checkpoints/best_model.pt
[Epoch 10] Train Loss: 0.0794, Loss_s: 0.0740, Loss_u: 0.0272, Mask: 0.9116, Acc: 0.9743, Prec: 0.8875, Rec: 0.8511, F1: 0.8682                                                                                       
[Epoch 10] Val Loss: 0.0786, Acc: 0.9735, Prec: 0.8978, Rec: 0.8367, F1: 0.8629
        Validation F1 improved → Saving model: ./checkpoints/best_model.pt
[Epoch 11] Train Loss: 0.0782, Loss_s: 0.0726, Loss_u: 0.0280, Mask: 0.9165, Acc: 0.9748, Prec: 0.8910, Rec: 0.8499, F1: 0.8692                                                                                       
[Epoch 11] Val Loss: 0.0903, Acc: 0.9707, Prec: 0.9014, Rec: 0.8103, F1: 0.8469
        EarlyStopping counter: 1 / 30
[Epoch 12] Train Loss: 0.0785, Loss_s: 0.0731, Loss_u: 0.0270, Mask: 0.9139, Acc: 0.9746, Prec: 0.8908, Rec: 0.8537, F1: 0.8711                                                                                       
[Epoch 12] Val Loss: 0.0854, Acc: 0.9740, Prec: 0.8920, Rec: 0.8425, F1: 0.8617
        EarlyStopping counter: 2 / 30
[Epoch 13] Train Loss: 0.0766, Loss_s: 0.0711, Loss_u: 0.0275, Mask: 0.9155, Acc: 0.9750, Prec: 0.8943, Rec: 0.8571, F1: 0.8746                                                                                       
[Epoch 13] Val Loss: 0.0969, Acc: 0.9716, Prec: 0.9003, Rec: 0.8238, F1: 0.8535
        EarlyStopping counter: 3 / 30
[Epoch 14] Train Loss: 0.0758, Loss_s: 0.0705, Loss_u: 0.0262, Mask: 0.9177, Acc: 0.9753, Prec: 0.8931, Rec: 0.8580, F1: 0.8744                                                                                       
[Epoch 14] Val Loss: 0.0904, Acc: 0.9726, Prec: 0.9054, Rec: 0.8221, F1: 0.8565
        EarlyStopping counter: 4 / 30
[Epoch 15] Train Loss: 0.0754, Loss_s: 0.0701, Loss_u: 0.0265, Mask: 0.9183, Acc: 0.9752, Prec: 0.8977, Rec: 0.8608, F1: 0.8782                                                                                       
[Epoch 15] Val Loss: 0.0764, Acc: 0.9741, Prec: 0.8934, Rec: 0.8498, F1: 0.8683
        Validation F1 improved → Saving model: ./checkpoints/best_model.pt
[Epoch 16] Train Loss: 0.0743, Loss_s: 0.0690, Loss_u: 0.0266, Mask: 0.9226, Acc: 0.9755, Prec: 0.8930, Rec: 0.8583, F1: 0.8747                                                                                       
[Epoch 16] Val Loss: 0.0906, Acc: 0.9724, Prec: 0.9099, Rec: 0.7931, F1: 0.8393
        EarlyStopping counter: 1 / 30
[Epoch 17] Train Loss: 0.0731, Loss_s: 0.0680, Loss_u: 0.0257, Mask: 0.9211, Acc: 0.9763, Prec: 0.9007, Rec: 0.8628, F1: 0.8807                                                                                       
[Epoch 17] Val Loss: 0.0835, Acc: 0.9734, Prec: 0.9118, Rec: 0.8184, F1: 0.8562
        EarlyStopping counter: 2 / 30
[Epoch 18] Train Loss: 0.0725, Loss_s: 0.0671, Loss_u: 0.0271, Mask: 0.9202, Acc: 0.9764, Prec: 0.8986, Rec: 0.8666, F1: 0.8817                                                                                       
[Epoch 18] Val Loss: 0.0915, Acc: 0.9728, Prec: 0.9227, Rec: 0.8234, F1: 0.8653
        EarlyStopping counter: 3 / 30
[Epoch 19] Train Loss: 0.0715, Loss_s: 0.0664, Loss_u: 0.0254, Mask: 0.9221, Acc: 0.9763, Prec: 0.9004, Rec: 0.8669, F1: 0.8828                                                                                       
[Epoch 19] Val Loss: 0.0885, Acc: 0.9727, Prec: 0.8869, Rec: 0.8365, F1: 0.8572
        EarlyStopping counter: 4 / 30
[Epoch 20] Train Loss: 0.0715, Loss_s: 0.0665, Loss_u: 0.0252, Mask: 0.9234, Acc: 0.9764, Prec: 0.8988, Rec: 0.8677, F1: 0.8824                                                                                       
[Epoch 20] Val Loss: 0.0932, Acc: 0.9730, Prec: 0.9270, Rec: 0.8121, F1: 0.8593
        EarlyStopping counter: 5 / 30
[Epoch 21] Train Loss: 0.0707, Loss_s: 0.0654, Loss_u: 0.0263, Mask: 0.9243, Acc: 0.9767, Prec: 0.9074, Rec: 0.8677, F1: 0.8865                                                                                       
[Epoch 21] Val Loss: 0.0852, Acc: 0.9732, Prec: 0.9168, Rec: 0.8165, F1: 0.8572
        EarlyStopping counter: 6 / 30
[Epoch 22] Train Loss: 0.0700, Loss_s: 0.0649, Loss_u: 0.0256, Mask: 0.9230, Acc: 0.9767, Prec: 0.9085, Rec: 0.8730, F1: 0.8899                                                                                       
[Epoch 22] Val Loss: 0.0768, Acc: 0.9759, Prec: 0.8975, Rec: 0.8533, F1: 0.8695
        Validation F1 improved → Saving model: ./checkpoints/best_model.pt
[Epoch 23] Train Loss: 0.0709, Loss_s: 0.0656, Loss_u: 0.0266, Mask: 0.9208, Acc: 0.9766, Prec: 0.9060, Rec: 0.8712, F1: 0.8876                                                                                       
[Epoch 23] Val Loss: 0.0894, Acc: 0.9733, Prec: 0.9221, Rec: 0.8271, F1: 0.8658
        EarlyStopping counter: 1 / 30
[Epoch 24] Train Loss: 0.0684, Loss_s: 0.0631, Loss_u: 0.0262, Mask: 0.9218, Acc: 0.9774, Prec: 0.9075, Rec: 0.8758, F1: 0.8906                                                                                       
[Epoch 24] Val Loss: 0.0841, Acc: 0.9736, Prec: 0.9126, Rec: 0.8358, F1: 0.8683
        EarlyStopping counter: 2 / 30
[Epoch 25] Train Loss: 0.0689, Loss_s: 0.0638, Loss_u: 0.0255, Mask: 0.9236, Acc: 0.9773, Prec: 0.9059, Rec: 0.8720, F1: 0.8880                                                                                       
[Epoch 25] Val Loss: 0.0843, Acc: 0.9729, Prec: 0.9141, Rec: 0.8187, F1: 0.8574
        EarlyStopping counter: 3 / 30
[Epoch 26] Train Loss: 0.0677, Loss_s: 0.0626, Loss_u: 0.0255, Mask: 0.9220, Acc: 0.9775, Prec: 0.9110, Rec: 0.8748, F1: 0.8921                                                                                       
[Epoch 26] Val Loss: 0.0982, Acc: 0.9715, Prec: 0.9104, Rec: 0.8075, F1: 0.8494
        EarlyStopping counter: 4 / 30
[Epoch 27] Train Loss: 0.0679, Loss_s: 0.0628, Loss_u: 0.0255, Mask: 0.9247, Acc: 0.9777, Prec: 0.9076, Rec: 0.8777, F1: 0.8917                                                                                       
[Epoch 27] Val Loss: 0.0855, Acc: 0.9743, Prec: 0.9121, Rec: 0.8335, F1: 0.8658
        EarlyStopping counter: 5 / 30
[Epoch 28] Train Loss: 0.0669, Loss_s: 0.0619, Loss_u: 0.0250, Mask: 0.9282, Acc: 0.9781, Prec: 0.9114, Rec: 0.8819, F1: 0.8959                                                                                       
[Epoch 28] Val Loss: 0.0867, Acc: 0.9736, Prec: 0.9189, Rec: 0.8186, F1: 0.8602
        EarlyStopping counter: 6 / 30
[Epoch 29] Train Loss: 0.0668, Loss_s: 0.0619, Loss_u: 0.0248, Mask: 0.9260, Acc: 0.9777, Prec: 0.9079, Rec: 0.8784, F1: 0.8924                                                                                       
[Epoch 29] Val Loss: 0.0765, Acc: 0.9761, Prec: 0.9056, Rec: 0.8378, F1: 0.8664
        EarlyStopping counter: 7 / 30
[Epoch 30] Train Loss: 0.0674, Loss_s: 0.0625, Loss_u: 0.0248, Mask: 0.9220, Acc: 0.9777, Prec: 0.9096, Rec: 0.8776, F1: 0.8928                                                                                       
[Epoch 30] Val Loss: 0.0868, Acc: 0.9741, Prec: 0.9173, Rec: 0.8360, F1: 0.8677
        EarlyStopping counter: 8 / 30
[Epoch 31] Train Loss: 0.0666, Loss_s: 0.0618, Loss_u: 0.0239, Mask: 0.9232, Acc: 0.9777, Prec: 0.9043, Rec: 0.8714, F1: 0.8871                                                                                       
[Epoch 31] Val Loss: 0.0763, Acc: 0.9751, Prec: 0.8604, Rec: 0.8677, F1: 0.8556
        EarlyStopping counter: 9 / 30
[Epoch 32] Train Loss: 0.0656, Loss_s: 0.0604, Loss_u: 0.0257, Mask: 0.9246, Acc: 0.9788, Prec: 0.9131, Rec: 0.8813, F1: 0.8965                                                                                       
[Epoch 32] Val Loss: 0.1015, Acc: 0.9705, Prec: 0.9143, Rec: 0.8216, F1: 0.8587
        EarlyStopping counter: 10 / 30
[Epoch 33] Train Loss: 0.0659, Loss_s: 0.0607, Loss_u: 0.0260, Mask: 0.9229, Acc: 0.9784, Prec: 0.9169, Rec: 0.8785, F1: 0.8967                                                                                       
[Epoch 33] Val Loss: 0.0910, Acc: 0.9724, Prec: 0.8986, Rec: 0.8408, F1: 0.8628
        EarlyStopping counter: 11 / 30
[Epoch 34] Train Loss: 0.0653, Loss_s: 0.0601, Loss_u: 0.0258, Mask: 0.9247, Acc: 0.9782, Prec: 0.9116, Rec: 0.8811, F1: 0.8956                                                                                       
[Epoch 34] Val Loss: 0.0907, Acc: 0.9734, Prec: 0.8979, Rec: 0.8413, F1: 0.8618
        EarlyStopping counter: 12 / 30
[Epoch 35] Train Loss: 0.0648, Loss_s: 0.0596, Loss_u: 0.0262, Mask: 0.9224, Acc: 0.9786, Prec: 0.9129, Rec: 0.8821, F1: 0.8968                                                                                       
[Epoch 35] Val Loss: 0.0847, Acc: 0.9746, Prec: 0.9079, Rec: 0.8474, F1: 0.8719
        Validation F1 improved → Saving model: ./checkpoints/best_model.pt
[Epoch 36] Train Loss: 0.0641, Loss_s: 0.0589, Loss_u: 0.0263, Mask: 0.9235, Acc: 0.9786, Prec: 0.9150, Rec: 0.8835, F1: 0.8984                                                                                       
[Epoch 36] Val Loss: 0.0860, Acc: 0.9742, Prec: 0.9008, Rec: 0.8480, F1: 0.8686
        EarlyStopping counter: 1 / 30
[Epoch 37] Train Loss: 0.0649, Loss_s: 0.0597, Loss_u: 0.0263, Mask: 0.9223, Acc: 0.9784, Prec: 0.9147, Rec: 0.8823, F1: 0.8978                                                                                       
[Epoch 37] Val Loss: 0.0870, Acc: 0.9737, Prec: 0.9111, Rec: 0.8408, F1: 0.8717
        EarlyStopping counter: 2 / 30
[Epoch 38] Train Loss: 0.0643, Loss_s: 0.0591, Loss_u: 0.0265, Mask: 0.9259, Acc: 0.9786, Prec: 0.9146, Rec: 0.8822, F1: 0.8978                                                                                       
[Epoch 38] Val Loss: 0.0763, Acc: 0.9761, Prec: 0.9050, Rec: 0.8532, F1: 0.8714
        EarlyStopping counter: 3 / 30
[Epoch 39] Train Loss: 0.0634, Loss_s: 0.0584, Loss_u: 0.0250, Mask: 0.9266, Acc: 0.9792, Prec: 0.9161, Rec: 0.8852, F1: 0.8999                                                                                       
[Epoch 39] Val Loss: 0.0862, Acc: 0.9753, Prec: 0.9091, Rec: 0.8446, F1: 0.8693
        EarlyStopping counter: 4 / 30
[Epoch 40] Train Loss: 0.0634, Loss_s: 0.0586, Loss_u: 0.0242, Mask: 0.9263, Acc: 0.9791, Prec: 0.9141, Rec: 0.8811, F1: 0.8968                                                                                       
[Epoch 40] Val Loss: 0.0775, Acc: 0.9757, Prec: 0.8967, Rec: 0.8537, F1: 0.8707
        EarlyStopping counter: 5 / 30
[Epoch 41] Train Loss: 0.0634, Loss_s: 0.0586, Loss_u: 0.0239, Mask: 0.9299, Acc: 0.9790, Prec: 0.9164, Rec: 0.8862, F1: 0.9006                                                                                       
[Epoch 41] Val Loss: 0.0981, Acc: 0.9724, Prec: 0.9008, Rec: 0.8323, F1: 0.8559
        EarlyStopping counter: 6 / 30
[Epoch 42] Train Loss: 0.0628, Loss_s: 0.0580, Loss_u: 0.0243, Mask: 0.9266, Acc: 0.9790, Prec: 0.9201, Rec: 0.8811, F1: 0.8997                                                                                       
[Epoch 42] Val Loss: 0.0749, Acc: 0.9770, Prec: 0.9085, Rec: 0.8633, F1: 0.8821
        Validation F1 improved → Saving model: ./checkpoints/best_model.pt
[Epoch 43] Train Loss: 0.0627, Loss_s: 0.0578, Loss_u: 0.0246, Mask: 0.9254, Acc: 0.9791, Prec: 0.9208, Rec: 0.8878, F1: 0.9035                                                                                       
[Epoch 43] Val Loss: 0.0749, Acc: 0.9767, Prec: 0.9135, Rec: 0.8548, F1: 0.8813
        EarlyStopping counter: 1 / 30
[Epoch 44] Train Loss: 0.0625, Loss_s: 0.0574, Loss_u: 0.0253, Mask: 0.9249, Acc: 0.9792, Prec: 0.9185, Rec: 0.8877, F1: 0.9024                                                                                       
[Epoch 44] Val Loss: 0.0796, Acc: 0.9747, Prec: 0.9039, Rec: 0.8516, F1: 0.8722
        EarlyStopping counter: 2 / 30
[Epoch 45] Train Loss: 0.0613, Loss_s: 0.0566, Loss_u: 0.0238, Mask: 0.9264, Acc: 0.9795, Prec: 0.9221, Rec: 0.8929, F1: 0.9068                                                                                       
[Epoch 45] Val Loss: 0.0871, Acc: 0.9739, Prec: 0.9148, Rec: 0.8306, F1: 0.8662
        EarlyStopping counter: 3 / 30
[Epoch 46] Train Loss: 0.0616, Loss_s: 0.0566, Loss_u: 0.0251, Mask: 0.9262, Acc: 0.9792, Prec: 0.9175, Rec: 0.8844, F1: 0.9001                                                                                       
[Epoch 46] Val Loss: 0.0908, Acc: 0.9727, Prec: 0.9214, Rec: 0.8284, F1: 0.8666
        EarlyStopping counter: 4 / 30
[Epoch 47] Train Loss: 0.0617, Loss_s: 0.0570, Loss_u: 0.0236, Mask: 0.9278, Acc: 0.9797, Prec: 0.9204, Rec: 0.8891, F1: 0.9040                                                                                       
[Epoch 47] Val Loss: 0.0765, Acc: 0.9756, Prec: 0.9203, Rec: 0.8422, F1: 0.8761
        EarlyStopping counter: 5 / 30
[Epoch 48] Train Loss: 0.0614, Loss_s: 0.0566, Loss_u: 0.0238, Mask: 0.9284, Acc: 0.9793, Prec: 0.9180, Rec: 0.8890, F1: 0.9028                                                                                       
[Epoch 48] Val Loss: 0.0794, Acc: 0.9742, Prec: 0.9100, Rec: 0.8448, F1: 0.8739
        EarlyStopping counter: 6 / 30
[Epoch 49] Train Loss: 0.0611, Loss_s: 0.0562, Loss_u: 0.0246, Mask: 0.9267, Acc: 0.9794, Prec: 0.9194, Rec: 0.8864, F1: 0.9022                                                                                       
[Epoch 49] Val Loss: 0.0817, Acc: 0.9747, Prec: 0.9055, Rec: 0.8496, F1: 0.8737
        EarlyStopping counter: 7 / 30
[Epoch 50] Train Loss: 0.0607, Loss_s: 0.0557, Loss_u: 0.0252, Mask: 0.9286, Acc: 0.9795, Prec: 0.9213, Rec: 0.8917, F1: 0.9058                                                                                       
[Epoch 50] Val Loss: 0.0850, Acc: 0.9747, Prec: 0.9045, Rec: 0.8432, F1: 0.8690
        EarlyStopping counter: 8 / 30
[Epoch 51] Train Loss: 0.0608, Loss_s: 0.0560, Loss_u: 0.0242, Mask: 0.9297, Acc: 0.9799, Prec: 0.9200, Rec: 0.8901, F1: 0.9044                                                                                       
[Epoch 51] Val Loss: 0.0843, Acc: 0.9734, Prec: 0.9010, Rec: 0.8466, F1: 0.8664
        EarlyStopping counter: 9 / 30
[Epoch 52] Train Loss: 0.0601, Loss_s: 0.0551, Loss_u: 0.0252, Mask: 0.9286, Acc: 0.9798, Prec: 0.9210, Rec: 0.8909, F1: 0.9053                                                                                       
[Epoch 52] Val Loss: 0.0959, Acc: 0.9714, Prec: 0.9002, Rec: 0.8286, F1: 0.8575
        EarlyStopping counter: 10 / 30
[Epoch 53] Train Loss: 0.0603, Loss_s: 0.0557, Loss_u: 0.0233, Mask: 0.9281, Acc: 0.9796, Prec: 0.9169, Rec: 0.8904, F1: 0.9030                                                                                       
[Epoch 53] Val Loss: 0.0861, Acc: 0.9741, Prec: 0.9166, Rec: 0.8392, F1: 0.8719
        EarlyStopping counter: 11 / 30
[Epoch 54] Train Loss: 0.0605, Loss_s: 0.0557, Loss_u: 0.0242, Mask: 0.9299, Acc: 0.9799, Prec: 0.9209, Rec: 0.8890, F1: 0.9042                                                                                       
[Epoch 54] Val Loss: 0.0928, Acc: 0.9734, Prec: 0.9310, Rec: 0.8194, F1: 0.8682
        EarlyStopping counter: 12 / 30
[Epoch 55] Train Loss: 0.0591, Loss_s: 0.0544, Loss_u: 0.0236, Mask: 0.9303, Acc: 0.9801, Prec: 0.9182, Rec: 0.8910, F1: 0.9041                                                                                       
[Epoch 55] Val Loss: 0.0763, Acc: 0.9758, Prec: 0.8923, Rec: 0.8709, F1: 0.8762
        EarlyStopping counter: 13 / 30
[Epoch 56] Train Loss: 0.0593, Loss_s: 0.0542, Loss_u: 0.0256, Mask: 0.9288, Acc: 0.9800, Prec: 0.9194, Rec: 0.8941, F1: 0.9062                                                                                       
[Epoch 56] Val Loss: 0.0883, Acc: 0.9749, Prec: 0.9191, Rec: 0.8448, F1: 0.8770
        EarlyStopping counter: 14 / 30
[Epoch 57] Train Loss: 0.0586, Loss_s: 0.0540, Loss_u: 0.0234, Mask: 0.9317, Acc: 0.9798, Prec: 0.9173, Rec: 0.8884, F1: 0.9022                                                                                       
[Epoch 57] Val Loss: 0.0860, Acc: 0.9741, Prec: 0.9037, Rec: 0.8557, F1: 0.8750
        EarlyStopping counter: 15 / 30
[Epoch 58] Train Loss: 0.0585, Loss_s: 0.0535, Loss_u: 0.0251, Mask: 0.9267, Acc: 0.9803, Prec: 0.9216, Rec: 0.8939, F1: 0.9071                                                                                       
[Epoch 58] Val Loss: 0.0892, Acc: 0.9729, Prec: 0.9003, Rec: 0.8490, F1: 0.8694
        EarlyStopping counter: 16 / 30
[Epoch 59] Train Loss: 0.0587, Loss_s: 0.0539, Loss_u: 0.0243, Mask: 0.9290, Acc: 0.9803, Prec: 0.9223, Rec: 0.8924, F1: 0.9068                                                                                       
[Epoch 59] Val Loss: 0.0883, Acc: 0.9750, Prec: 0.9037, Rec: 0.8546, F1: 0.8732
        EarlyStopping counter: 17 / 30
[Epoch 60] Train Loss: 0.0573, Loss_s: 0.0523, Loss_u: 0.0248, Mask: 0.9330, Acc: 0.9808, Prec: 0.9255, Rec: 0.9028, F1: 0.9137                                                                                       
[Epoch 60] Val Loss: 0.0970, Acc: 0.9721, Prec: 0.9295, Rec: 0.8153, F1: 0.8627
        EarlyStopping counter: 18 / 30
[Epoch 61] Train Loss: 0.0580, Loss_s: 0.0529, Loss_u: 0.0252, Mask: 0.9299, Acc: 0.9805, Prec: 0.9263, Rec: 0.8994, F1: 0.9123                                                                                       
[Epoch 61] Val Loss: 0.0798, Acc: 0.9759, Prec: 0.9008, Rec: 0.8661, F1: 0.8795
        EarlyStopping counter: 19 / 30
[Epoch 62] Train Loss: 0.0581, Loss_s: 0.0533, Loss_u: 0.0238, Mask: 0.9310, Acc: 0.9802, Prec: 0.9281, Rec: 0.8958, F1: 0.9113                                                                                       
[Epoch 62] Val Loss: 0.0796, Acc: 0.9763, Prec: 0.9183, Rec: 0.8546, F1: 0.8824
        Validation F1 improved → Saving model: ./checkpoints/best_model.pt
[Epoch 63] Train Loss: 0.0573, Loss_s: 0.0523, Loss_u: 0.0250, Mask: 0.9300, Acc: 0.9807, Prec: 0.9237, Rec: 0.9009, F1: 0.9117                                                                                       
[Epoch 63] Val Loss: 0.0850, Acc: 0.9749, Prec: 0.8948, Rec: 0.8644, F1: 0.8750
        EarlyStopping counter: 1 / 30
[Epoch 64] Train Loss: 0.0579, Loss_s: 0.0530, Loss_u: 0.0244, Mask: 0.9279, Acc: 0.9803, Prec: 0.9261, Rec: 0.8981, F1: 0.9115                                                                                       
[Epoch 64] Val Loss: 0.0766, Acc: 0.9750, Prec: 0.9019, Rec: 0.8553, F1: 0.8745
        EarlyStopping counter: 2 / 30
[Epoch 65] Train Loss: 0.0576, Loss_s: 0.0529, Loss_u: 0.0234, Mask: 0.9307, Acc: 0.9806, Prec: 0.9268, Rec: 0.9000, F1: 0.9128                                                                                       
[Epoch 65] Val Loss: 0.0919, Acc: 0.9731, Prec: 0.9174, Rec: 0.8351, F1: 0.8703
        EarlyStopping counter: 3 / 30
[Epoch 66] Train Loss: 0.0583, Loss_s: 0.0536, Loss_u: 0.0235, Mask: 0.9319, Acc: 0.9802, Prec: 0.9241, Rec: 0.8945, F1: 0.9087                                                                                       
[Epoch 66] Val Loss: 0.0850, Acc: 0.9747, Prec: 0.9221, Rec: 0.8304, F1: 0.8715
        EarlyStopping counter: 4 / 30
[Epoch 67] Train Loss: 0.0570, Loss_s: 0.0524, Loss_u: 0.0230, Mask: 0.9322, Acc: 0.9806, Prec: 0.9280, Rec: 0.8974, F1: 0.9121                                                                                       
[Epoch 67] Val Loss: 0.0919, Acc: 0.9737, Prec: 0.9228, Rec: 0.8381, F1: 0.8736
        EarlyStopping counter: 5 / 30
[Epoch 68] Train Loss: 0.0563, Loss_s: 0.0516, Loss_u: 0.0233, Mask: 0.9317, Acc: 0.9808, Prec: 0.9273, Rec: 0.8981, F1: 0.9121                                                                                       
[Epoch 68] Val Loss: 0.0843, Acc: 0.9756, Prec: 0.9192, Rec: 0.8469, F1: 0.8791
        EarlyStopping counter: 6 / 30
[Epoch 69] Train Loss: 0.0564, Loss_s: 0.0513, Loss_u: 0.0253, Mask: 0.9306, Acc: 0.9810, Prec: 0.9302, Rec: 0.9003, F1: 0.9147                                                                                       
[Epoch 69] Val Loss: 0.0833, Acc: 0.9752, Prec: 0.9145, Rec: 0.8510, F1: 0.8774
        EarlyStopping counter: 7 / 30
[Epoch 70] Train Loss: 0.0564, Loss_s: 0.0516, Loss_u: 0.0242, Mask: 0.9315, Acc: 0.9812, Prec: 0.9275, Rec: 0.9027, F1: 0.9146                                                                                       
[Epoch 70] Val Loss: 0.0959, Acc: 0.9722, Prec: 0.9180, Rec: 0.8233, F1: 0.8632
        EarlyStopping counter: 8 / 30
[Epoch 71] Train Loss: 0.0559, Loss_s: 0.0511, Loss_u: 0.0239, Mask: 0.9292, Acc: 0.9810, Prec: 0.9326, Rec: 0.9038, F1: 0.9177                                                                                       
[Epoch 71] Val Loss: 0.0916, Acc: 0.9735, Prec: 0.9176, Rec: 0.8343, F1: 0.8696
        EarlyStopping counter: 9 / 30
[Epoch 72] Train Loss: 0.0557, Loss_s: 0.0507, Loss_u: 0.0246, Mask: 0.9303, Acc: 0.9814, Prec: 0.9269, Rec: 0.9028, F1: 0.9143                                                                                       
[Epoch 72] Val Loss: 0.0793, Acc: 0.9757, Prec: 0.9119, Rec: 0.8509, F1: 0.8773
        EarlyStopping counter: 10 / 30
[Epoch 73] Train Loss: 0.0557, Loss_s: 0.0506, Loss_u: 0.0254, Mask: 0.9316, Acc: 0.9815, Prec: 0.9327, Rec: 0.9038, F1: 0.9177                                                                                       
[Epoch 73] Val Loss: 0.0963, Acc: 0.9736, Prec: 0.9207, Rec: 0.8416, F1: 0.8740
        EarlyStopping counter: 11 / 30
[Epoch 74] Train Loss: 0.0550, Loss_s: 0.0501, Loss_u: 0.0241, Mask: 0.9332, Acc: 0.9815, Prec: 0.9323, Rec: 0.9064, F1: 0.9189                                                                                       
[Epoch 74] Val Loss: 0.0858, Acc: 0.9751, Prec: 0.8984, Rec: 0.8467, F1: 0.8673
        EarlyStopping counter: 12 / 30
[Epoch 75] Train Loss: 0.0555, Loss_s: 0.0504, Loss_u: 0.0254, Mask: 0.9297, Acc: 0.9816, Prec: 0.9318, Rec: 0.9052, F1: 0.9179                                                                                       
[Epoch 75] Val Loss: 0.0839, Acc: 0.9749, Prec: 0.9145, Rec: 0.8510, F1: 0.8789
        EarlyStopping counter: 13 / 30
[Epoch 76] Train Loss: 0.0549, Loss_s: 0.0501, Loss_u: 0.0240, Mask: 0.9312, Acc: 0.9814, Prec: 0.9296, Rec: 0.9055, F1: 0.9170                                                                                       
[Epoch 76] Val Loss: 0.0912, Acc: 0.9745, Prec: 0.9230, Rec: 0.8381, F1: 0.8741
        EarlyStopping counter: 14 / 30
[Epoch 77] Train Loss: 0.0538, Loss_s: 0.0491, Loss_u: 0.0235, Mask: 0.9314, Acc: 0.9819, Prec: 0.9332, Rec: 0.9074, F1: 0.9197                                                                                       
[Epoch 77] Val Loss: 0.0941, Acc: 0.9732, Prec: 0.9123, Rec: 0.8371, F1: 0.8697
        EarlyStopping counter: 15 / 30
[Epoch 78] Train Loss: 0.0546, Loss_s: 0.0498, Loss_u: 0.0241, Mask: 0.9319, Acc: 0.9813, Prec: 0.9313, Rec: 0.9047, F1: 0.9175                                                                                       
[Epoch 78] Val Loss: 0.0866, Acc: 0.9748, Prec: 0.9189, Rec: 0.8479, F1: 0.8788
        EarlyStopping counter: 16 / 30
[Epoch 79] Train Loss: 0.0540, Loss_s: 0.0489, Loss_u: 0.0253, Mask: 0.9308, Acc: 0.9819, Prec: 0.9313, Rec: 0.9093, F1: 0.9197                                                                                       
[Epoch 79] Val Loss: 0.0762, Acc: 0.9768, Prec: 0.9072, Rec: 0.8661, F1: 0.8833
        Validation F1 improved → Saving model: ./checkpoints/best_model.pt
[Epoch 80] Train Loss: 0.0544, Loss_s: 0.0492, Loss_u: 0.0258, Mask: 0.9281, Acc: 0.9818, Prec: 0.9317, Rec: 0.9094, F1: 0.9199                                                                                       
[Epoch 80] Val Loss: 0.0800, Acc: 0.9759, Prec: 0.9216, Rec: 0.8544, F1: 0.8845
        Validation F1 improved → Saving model: ./checkpoints/best_model.pt
[Epoch 81] Train Loss: 0.0534, Loss_s: 0.0482, Loss_u: 0.0257, Mask: 0.9324, Acc: 0.9820, Prec: 0.9339, Rec: 0.9116, F1: 0.9223                                                                                       
[Epoch 81] Val Loss: 0.0827, Acc: 0.9758, Prec: 0.9113, Rec: 0.8616, F1: 0.8829
        EarlyStopping counter: 1 / 30
[Epoch 82] Train Loss: 0.0530, Loss_s: 0.0480, Loss_u: 0.0252, Mask: 0.9297, Acc: 0.9823, Prec: 0.9372, Rec: 0.9085, F1: 0.9224                                                                                       
[Epoch 82] Val Loss: 0.0835, Acc: 0.9750, Prec: 0.9209, Rec: 0.8389, F1: 0.8746
        EarlyStopping counter: 2 / 30
[Epoch 83] Train Loss: 0.0525, Loss_s: 0.0475, Loss_u: 0.0246, Mask: 0.9326, Acc: 0.9824, Prec: 0.9387, Rec: 0.9112, F1: 0.9244                                                                                       
[Epoch 83] Val Loss: 0.0884, Acc: 0.9752, Prec: 0.9313, Rec: 0.8423, F1: 0.8810
        EarlyStopping counter: 3 / 30
[Epoch 84] Train Loss: 0.0528, Loss_s: 0.0478, Loss_u: 0.0249, Mask: 0.9328, Acc: 0.9827, Prec: 0.9388, Rec: 0.9150, F1: 0.9264                                                                                       
[Epoch 84] Val Loss: 0.0930, Acc: 0.9734, Prec: 0.9167, Rec: 0.8387, F1: 0.8727
        EarlyStopping counter: 4 / 30
[Epoch 85] Train Loss: 0.0528, Loss_s: 0.0478, Loss_u: 0.0251, Mask: 0.9329, Acc: 0.9820, Prec: 0.9330, Rec: 0.9111, F1: 0.9216                                                                                       
[Epoch 85] Val Loss: 0.0863, Acc: 0.9756, Prec: 0.9296, Rec: 0.8479, F1: 0.8834
        EarlyStopping counter: 5 / 30
[Epoch 86] Train Loss: 0.0526, Loss_s: 0.0475, Loss_u: 0.0255, Mask: 0.9322, Acc: 0.9822, Prec: 0.9319, Rec: 0.9087, F1: 0.9199                                                                                       
[Epoch 86] Val Loss: 0.0779, Acc: 0.9764, Prec: 0.9226, Rec: 0.8646, F1: 0.8900
        Validation F1 improved → Saving model: ./checkpoints/best_model.pt
[Epoch 87] Train Loss: 0.0523, Loss_s: 0.0475, Loss_u: 0.0237, Mask: 0.9327, Acc: 0.9823, Prec: 0.9351, Rec: 0.9095, F1: 0.9219                                                                                       
[Epoch 87] Val Loss: 0.0848, Acc: 0.9752, Prec: 0.9303, Rec: 0.8508, F1: 0.8843
        EarlyStopping counter: 1 / 30
[Epoch 88] Train Loss: 0.0520, Loss_s: 0.0471, Loss_u: 0.0244, Mask: 0.9331, Acc: 0.9824, Prec: 0.9361, Rec: 0.9138, F1: 0.9245                                                                                       
[Epoch 88] Val Loss: 0.0872, Acc: 0.9754, Prec: 0.9221, Rec: 0.8530, F1: 0.8825
        EarlyStopping counter: 2 / 30
[Epoch 89] Train Loss: 0.0520, Loss_s: 0.0468, Loss_u: 0.0256, Mask: 0.9337, Acc: 0.9827, Prec: 0.9386, Rec: 0.9140, F1: 0.9259                                                                                       
[Epoch 89] Val Loss: 0.0855, Acc: 0.9762, Prec: 0.9338, Rec: 0.8469, F1: 0.8847
        EarlyStopping counter: 3 / 30
[Epoch 90] Train Loss: 0.0519, Loss_s: 0.0471, Loss_u: 0.0244, Mask: 0.9331, Acc: 0.9825, Prec: 0.9376, Rec: 0.9144, F1: 0.9255                                                                                       
[Epoch 90] Val Loss: 0.0823, Acc: 0.9761, Prec: 0.9243, Rec: 0.8539, F1: 0.8835
        EarlyStopping counter: 4 / 30
[Epoch 91] Train Loss: 0.0517, Loss_s: 0.0468, Loss_u: 0.0245, Mask: 0.9337, Acc: 0.9823, Prec: 0.9338, Rec: 0.9107, F1: 0.9218                                                                                       
[Epoch 91] Val Loss: 0.0823, Acc: 0.9758, Prec: 0.9218, Rec: 0.8547, F1: 0.8849
        EarlyStopping counter: 5 / 30
[Epoch 92] Train Loss: 0.0514, Loss_s: 0.0465, Loss_u: 0.0247, Mask: 0.9354, Acc: 0.9825, Prec: 0.9360, Rec: 0.9134, F1: 0.9243                                                                                       
[Epoch 92] Val Loss: 0.0903, Acc: 0.9748, Prec: 0.9339, Rec: 0.8357, F1: 0.8785
        EarlyStopping counter: 6 / 30
[Epoch 93] Train Loss: 0.0501, Loss_s: 0.0451, Loss_u: 0.0250, Mask: 0.9352, Acc: 0.9829, Prec: 0.9371, Rec: 0.9159, F1: 0.9261                                                                                       
[Epoch 93] Val Loss: 0.0832, Acc: 0.9767, Prec: 0.9354, Rec: 0.8615, F1: 0.8940
        Validation F1 improved → Saving model: ./checkpoints/best_model.pt
[Epoch 94] Train Loss: 0.0507, Loss_s: 0.0456, Loss_u: 0.0253, Mask: 0.9350, Acc: 0.9832, Prec: 0.9409, Rec: 0.9167, F1: 0.9284                                                                                       
[Epoch 94] Val Loss: 0.0858, Acc: 0.9763, Prec: 0.9232, Rec: 0.8552, F1: 0.8853
        EarlyStopping counter: 1 / 30
[Epoch 95] Train Loss: 0.0502, Loss_s: 0.0454, Loss_u: 0.0242, Mask: 0.9356, Acc: 0.9829, Prec: 0.9388, Rec: 0.9164, F1: 0.9273                                                                                       
[Epoch 95] Val Loss: 0.0879, Acc: 0.9752, Prec: 0.9195, Rec: 0.8476, F1: 0.8788
        EarlyStopping counter: 2 / 30
[Epoch 96] Train Loss: 0.0501, Loss_s: 0.0453, Loss_u: 0.0244, Mask: 0.9352, Acc: 0.9827, Prec: 0.9378, Rec: 0.9129, F1: 0.9249                                                                                       
[Epoch 96] Val Loss: 0.0852, Acc: 0.9758, Prec: 0.9232, Rec: 0.8548, F1: 0.8846
        EarlyStopping counter: 3 / 30
[Epoch 97] Train Loss: 0.0493, Loss_s: 0.0444, Loss_u: 0.0246, Mask: 0.9368, Acc: 0.9833, Prec: 0.9413, Rec: 0.9202, F1: 0.9303                                                                                       
[Epoch 97] Val Loss: 0.0934, Acc: 0.9747, Prec: 0.9145, Rec: 0.8514, F1: 0.8779
        EarlyStopping counter: 4 / 30
[Epoch 98] Train Loss: 0.0491, Loss_s: 0.0443, Loss_u: 0.0243, Mask: 0.9374, Acc: 0.9833, Prec: 0.9395, Rec: 0.9175, F1: 0.9281                                                                                       
[Epoch 98] Val Loss: 0.0836, Acc: 0.9756, Prec: 0.9298, Rec: 0.8483, F1: 0.8849
        EarlyStopping counter: 5 / 30
[Epoch 99] Train Loss: 0.0486, Loss_s: 0.0437, Loss_u: 0.0243, Mask: 0.9367, Acc: 0.9834, Prec: 0.9416, Rec: 0.9202, F1: 0.9305                                                                                       
[Epoch 99] Val Loss: 0.0791, Acc: 0.9765, Prec: 0.9272, Rec: 0.8618, F1: 0.8913
        EarlyStopping counter: 6 / 30
[Epoch 100] Train Loss: 0.0481, Loss_s: 0.0432, Loss_u: 0.0244, Mask: 0.9365, Acc: 0.9836, Prec: 0.9391, Rec: 0.9209, F1: 0.9297                                                                                      
[Epoch 100] Val Loss: 0.0849, Acc: 0.9760, Prec: 0.9227, Rec: 0.8564, F1: 0.8851
        EarlyStopping counter: 7 / 30
[Epoch 101] Train Loss: 0.0491, Loss_s: 0.0442, Loss_u: 0.0245, Mask: 0.9362, Acc: 0.9835, Prec: 0.9439, Rec: 0.9167, F1: 0.9298                                                                                      
[Epoch 101] Val Loss: 0.0896, Acc: 0.9748, Prec: 0.9241, Rec: 0.8433, F1: 0.8788
        EarlyStopping counter: 8 / 30
[Epoch 102] Train Loss: 0.0482, Loss_s: 0.0431, Loss_u: 0.0255, Mask: 0.9370, Acc: 0.9840, Prec: 0.9438, Rec: 0.9250, F1: 0.9340                                                                                      
[Epoch 102] Val Loss: 0.0829, Acc: 0.9757, Prec: 0.9184, Rec: 0.8567, F1: 0.8841
        EarlyStopping counter: 9 / 30
[Epoch 103] Train Loss: 0.0482, Loss_s: 0.0432, Loss_u: 0.0249, Mask: 0.9374, Acc: 0.9837, Prec: 0.9441, Rec: 0.9240, F1: 0.9337                                                                                      
[Epoch 103] Val Loss: 0.0934, Acc: 0.9747, Prec: 0.9235, Rec: 0.8470, F1: 0.8797
        EarlyStopping counter: 10 / 30
[Epoch 104] Train Loss: 0.0485, Loss_s: 0.0436, Loss_u: 0.0243, Mask: 0.9372, Acc: 0.9834, Prec: 0.9419, Rec: 0.9213, F1: 0.9313                                                                                      
[Epoch 104] Val Loss: 0.0849, Acc: 0.9758, Prec: 0.9274, Rec: 0.8546, F1: 0.8866
        EarlyStopping counter: 11 / 30
[Epoch 105] Train Loss: 0.0475, Loss_s: 0.0425, Loss_u: 0.0250, Mask: 0.9371, Acc: 0.9841, Prec: 0.9440, Rec: 0.9225, F1: 0.9329                                                                                      
[Epoch 105] Val Loss: 0.0846, Acc: 0.9768, Prec: 0.9253, Rec: 0.8647, F1: 0.8908
        EarlyStopping counter: 12 / 30
[Epoch 106] Train Loss: 0.0476, Loss_s: 0.0424, Loss_u: 0.0262, Mask: 0.9368, Acc: 0.9842, Prec: 0.9475, Rec: 0.9244, F1: 0.9356                                                                                      
[Epoch 106] Val Loss: 0.0874, Acc: 0.9762, Prec: 0.9262, Rec: 0.8538, F1: 0.8853
        EarlyStopping counter: 13 / 30
[Epoch 107] Train Loss: 0.0473, Loss_s: 0.0423, Loss_u: 0.0247, Mask: 0.9380, Acc: 0.9841, Prec: 0.9420, Rec: 0.9227, F1: 0.9320                                                                                      
[Epoch 107] Val Loss: 0.0927, Acc: 0.9750, Prec: 0.9274, Rec: 0.8339, F1: 0.8756
        EarlyStopping counter: 14 / 30
[Epoch 108] Train Loss: 0.0463, Loss_s: 0.0413, Loss_u: 0.0252, Mask: 0.9382, Acc: 0.9842, Prec: 0.9477, Rec: 0.9246, F1: 0.9358                                                                                      
[Epoch 108] Val Loss: 0.0883, Acc: 0.9757, Prec: 0.9266, Rec: 0.8573, F1: 0.8873
        EarlyStopping counter: 15 / 30
[Epoch 109] Train Loss: 0.0473, Loss_s: 0.0423, Loss_u: 0.0248, Mask: 0.9380, Acc: 0.9840, Prec: 0.9472, Rec: 0.9260, F1: 0.9363                                                                                      
[Epoch 109] Val Loss: 0.0838, Acc: 0.9757, Prec: 0.9196, Rec: 0.8617, F1: 0.8870
        EarlyStopping counter: 16 / 30
[Epoch 110] Train Loss: 0.0467, Loss_s: 0.0419, Loss_u: 0.0242, Mask: 0.9380, Acc: 0.9840, Prec: 0.9455, Rec: 0.9241, F1: 0.9345                                                                                      
[Epoch 110] Val Loss: 0.0851, Acc: 0.9764, Prec: 0.9247, Rec: 0.8561, F1: 0.8874
        EarlyStopping counter: 17 / 30
[Epoch 111] Train Loss: 0.0463, Loss_s: 0.0411, Loss_u: 0.0256, Mask: 0.9384, Acc: 0.9842, Prec: 0.9448, Rec: 0.9259, F1: 0.9351                                                                                      
[Epoch 111] Val Loss: 0.0859, Acc: 0.9761, Prec: 0.9277, Rec: 0.8459, F1: 0.8812
        EarlyStopping counter: 18 / 30
[Epoch 112] Train Loss: 0.0465, Loss_s: 0.0415, Loss_u: 0.0252, Mask: 0.9377, Acc: 0.9848, Prec: 0.9502, Rec: 0.9281, F1: 0.9388                                                                                      
[Epoch 112] Val Loss: 0.0903, Acc: 0.9756, Prec: 0.9182, Rec: 0.8555, F1: 0.8831
        EarlyStopping counter: 19 / 30
[Epoch 113] Train Loss: 0.0452, Loss_s: 0.0402, Loss_u: 0.0247, Mask: 0.9399, Acc: 0.9846, Prec: 0.9494, Rec: 0.9253, F1: 0.9369                                                                                      
[Epoch 113] Val Loss: 0.0866, Acc: 0.9757, Prec: 0.9221, Rec: 0.8534, F1: 0.8838
        EarlyStopping counter: 20 / 30
[Epoch 114] Train Loss: 0.0454, Loss_s: 0.0405, Loss_u: 0.0247, Mask: 0.9409, Acc: 0.9845, Prec: 0.9504, Rec: 0.9273, F1: 0.9385                                                                                      
[Epoch 114] Val Loss: 0.0882, Acc: 0.9755, Prec: 0.9245, Rec: 0.8500, F1: 0.8832
        EarlyStopping counter: 21 / 30
[Epoch 115] Train Loss: 0.0458, Loss_s: 0.0408, Loss_u: 0.0250, Mask: 0.9395, Acc: 0.9846, Prec: 0.9460, Rec: 0.9277, F1: 0.9366                                                                                      
[Epoch 115] Val Loss: 0.0882, Acc: 0.9761, Prec: 0.9329, Rec: 0.8517, F1: 0.8873
        EarlyStopping counter: 22 / 30
[Epoch 116] Train Loss: 0.0453, Loss_s: 0.0403, Loss_u: 0.0251, Mask: 0.9400, Acc: 0.9850, Prec: 0.9481, Rec: 0.9290, F1: 0.9382                                                                                      
[Epoch 116] Val Loss: 0.0927, Acc: 0.9748, Prec: 0.9265, Rec: 0.8393, F1: 0.8773
        EarlyStopping counter: 23 / 30
[Epoch 117] Train Loss: 0.0455, Loss_s: 0.0405, Loss_u: 0.0247, Mask: 0.9403, Acc: 0.9848, Prec: 0.9475, Rec: 0.9272, F1: 0.9370                                                                                      
[Epoch 117] Val Loss: 0.0867, Acc: 0.9764, Prec: 0.9313, Rec: 0.8571, F1: 0.8898
        EarlyStopping counter: 24 / 30
[Epoch 118] Train Loss: 0.0449, Loss_s: 0.0400, Loss_u: 0.0247, Mask: 0.9400, Acc: 0.9846, Prec: 0.9487, Rec: 0.9264, F1: 0.9371                                                                                      
[Epoch 118] Val Loss: 0.0900, Acc: 0.9756, Prec: 0.9248, Rec: 0.8480, F1: 0.8825
        EarlyStopping counter: 25 / 30
[Epoch 119] Train Loss: 0.0447, Loss_s: 0.0399, Loss_u: 0.0241, Mask: 0.9405, Acc: 0.9848, Prec: 0.9509, Rec: 0.9286, F1: 0.9394                                                                                      
[Epoch 119] Val Loss: 0.0969, Acc: 0.9751, Prec: 0.9246, Rec: 0.8507, F1: 0.8835
        EarlyStopping counter: 26 / 30
[Epoch 120] Train Loss: 0.0443, Loss_s: 0.0393, Loss_u: 0.0246, Mask: 0.9407, Acc: 0.9851, Prec: 0.9495, Rec: 0.9305, F1: 0.9397                                                                                      
[Epoch 120] Val Loss: 0.0958, Acc: 0.9746, Prec: 0.9381, Rec: 0.8406, F1: 0.8823
        EarlyStopping counter: 27 / 30
[Epoch 121] Train Loss: 0.0444, Loss_s: 0.0393, Loss_u: 0.0257, Mask: 0.9410, Acc: 0.9854, Prec: 0.9514, Rec: 0.9315, F1: 0.9412                                                                                      
[Epoch 121] Val Loss: 0.0977, Acc: 0.9740, Prec: 0.9319, Rec: 0.8358, F1: 0.8774
        EarlyStopping counter: 28 / 30
[Epoch 122] Train Loss: 0.0441, Loss_s: 0.0390, Loss_u: 0.0256, Mask: 0.9403, Acc: 0.9854, Prec: 0.9520, Rec: 0.9298, F1: 0.9404                                                                                      
[Epoch 122] Val Loss: 0.0898, Acc: 0.9758, Prec: 0.9288, Rec: 0.8551, F1: 0.8877
        EarlyStopping counter: 29 / 30
[Epoch 123] Train Loss: 0.0433, Loss_s: 0.0383, Loss_u: 0.0250, Mask: 0.9397, Acc: 0.9854, Prec: 0.9539, Rec: 0.9343, F1: 0.9438                                                                                      
[Epoch 123] Val Loss: 0.0908, Acc: 0.9753, Prec: 0.9315, Rec: 0.8383, F1: 0.8795
        EarlyStopping counter: 30 / 30
Early stopping triggered...
Total training time: 289 min 13.74 sec
Loaded best model.
[Best Model Train] Loss: 0.0757, Acc: 0.9781, Prec: 0.9558, Rec: 0.8698, F1: 0.9080                                                                                                                                   
[Best Model Train] Classification Report:
              precision    recall  f1-score   support

           0     0.9891    0.8711    0.9264      3220
           1     0.9592    0.9615    0.9604       416
           2     0.9259    0.7610    0.8354      3891
           3     0.9754    0.9873    0.9813      7260
           4     0.9339    0.6875    0.7920      2694
           5     0.9770    0.9168    0.9459       649
           6     0.8789    0.6902    0.7732       894
           7     0.9815    0.9550    0.9680       111
           8     0.9809    0.9981    0.9894    110573

    accuracy                         0.9781    129708
   macro avg     0.9558    0.8698    0.9080    129708
weighted avg     0.9774    0.9781    0.9769    129708

[Best Model Train] Confusion Matrix:
[[  2805      4      2      0     18      1      1      0    389]
 [     0    400      0      0     11      0      1      0      4]
 [     3      1   2961    111     32      2      2      0    779]
 [     0      0     12   7168      0      1      1      0     78]
 [    17     10    135      0   1852      2     60      0    618]
 [     2      1     13      2     14    595      0      2     20]
 [     0      0      5      2     12      0    617      0    258]
 [     1      0      1      0      0      3      0    106      0]
 [     8      1     69     66     44      5     20      0 110360]]

[Best Model Validation] Loss: 0.0832, Acc: 0.9767, Prec: 0.9354, Rec: 0.8615, F1: 0.8940                                                                                                                              
[Best Model Validation] Classification Report:
              precision    recall  f1-score   support

           0     0.9804    0.8540    0.9129       644
           1     0.8824    0.9036    0.8929        83
           2     0.8914    0.7699    0.8262       778
           3     0.9708    0.9835    0.9771      1452
           4     0.9036    0.6970    0.7870       538
           5     0.9492    0.8682    0.9069       129
           6     0.9030    0.6798    0.7756       178
           7     0.9565    1.0000    0.9778        22
           8     0.9819    0.9972    0.9895     22114

    accuracy                         0.9767     25938
   macro avg     0.9354    0.8615    0.8940     25938
weighted avg     0.9758    0.9767    0.9756     25938

[Best Model Validation] Confusion Matrix:
[[  550     5     0     0     4     0     1     0    84]
 [    1    75     0     0     5     2     0     0     0]
 [    2     0   599    23     5     1     0     0   148]
 [    0     0    10  1428     0     0     0     0    14]
 [    5     4    37     0   375     2     6     0   109]
 [    0     1     5     0     6   112     0     1     4]
 [    0     0     3     0     6     0   121     0    48]
 [    0     0     0     0     0     0     0    22     0]
 [    3     0    18    20    14     1     6     0 22052]]

[Test] Loss: 0.0815, Acc: 0.9781, Prec: 0.9454, Rec: 0.8578, F1: 0.8971                                                                                                                                               
[Test] Classification Report:
              precision    recall  f1-score   support

           0     0.9761    0.8535    0.9107       430
           1     0.9259    0.8929    0.9091        56
           2     0.9198    0.7942    0.8524       520
           3     0.9806    0.9907    0.9856       968
           4     0.9270    0.7036    0.8000       361
           5     0.9294    0.8977    0.9133        88
           6     0.8681    0.6529    0.7453       121
           7     1.0000    0.9375    0.9677        16
           8     0.9818    0.9976    0.9896     14744

    accuracy                         0.9781     17304
   macro avg     0.9454    0.8578    0.8971     17304
weighted avg     0.9773    0.9781    0.9770     17304

[Test] Confusion Matrix:
[[  367     1     0     0     5     0     0     0    57]
 [    0    50     1     0     4     0     0     0     1]
 [    0     0   413    12     4     1     1     0    89]
 [    0     0     1   959     0     0     0     0     8]
 [    4     3    17     0   254     1     6     0    76]
 [    1     0     5     0     2    79     0     0     1]
 [    0     0     0     0     1     0    79     0    41]
 [    0     0     0     0     0     1     0    15     0]
 [    4     0    12     7     4     3     5     0 14709]]