04/23/2026 20:11:45 - INFO - root -   train_labeled_dataset: 12968
04/23/2026 20:11:45 - INFO - root -   val_dataset: 25938
04/23/2026 20:11:45 - INFO - root -   test_dataset: 17304
04/23/2026 20:11:45 - INFO - root -   train_unlabeled_dataset: 638507
[Epoch 1] Train Loss: 0.3505, Loss_s: 0.3436, Loss_u: 0.0347, Mask: 0.8128, Acc: 0.9048, Prec: 0.4624, Rec: 0.3802, F1: 0.4030                                                                                    
[Epoch 1] Val Loss: 0.2036, Acc: 0.9365, Prec: 0.5259, Rec: 0.5739, F1: 0.5434
        Validation F1 improved → Saving model: ./checkpoints/best_model.pt
[Epoch 2] Train Loss: 0.1584, Loss_s: 0.1525, Loss_u: 0.0297, Mask: 0.8831, Acc: 0.9530, Prec: 0.5950, Rec: 0.5508, F1: 0.5704                                                                                    
[Epoch 2] Val Loss: 0.1502, Acc: 0.9552, Prec: 0.6193, Rec: 0.5673, F1: 0.5887
        Validation F1 improved → Saving model: ./checkpoints/best_model.pt
[Epoch 3] Train Loss: 0.1650, Loss_s: 0.1585, Loss_u: 0.0327, Mask: 0.8683, Acc: 0.9529, Prec: 0.6709, Rec: 0.5893, F1: 0.6216                                                                                    
[Epoch 3] Val Loss: 0.2104, Acc: 0.9400, Prec: 0.6284, Rec: 0.6462, F1: 0.5416
        EarlyStopping counter: 1 / 20
[Epoch 4] Train Loss: 0.1608, Loss_s: 0.1543, Loss_u: 0.0327, Mask: 0.8768, Acc: 0.9545, Prec: 0.6685, Rec: 0.6150, F1: 0.6382                                                                                    
[Epoch 4] Val Loss: 0.1358, Acc: 0.9603, Prec: 0.7205, Rec: 0.7173, F1: 0.7096
        Validation F1 improved → Saving model: ./checkpoints/best_model.pt
[Epoch 5] Train Loss: 0.1249, Loss_s: 0.1195, Loss_u: 0.0269, Mask: 0.8896, Acc: 0.9624, Prec: 0.7262, Rec: 0.7195, F1: 0.7214                                                                                    
[Epoch 5] Val Loss: 0.1238, Acc: 0.9653, Prec: 0.8963, Rec: 0.7058, F1: 0.7421
        Validation F1 improved → Saving model: ./checkpoints/best_model.pt
[Epoch 6] Train Loss: 0.1277, Loss_s: 0.1226, Loss_u: 0.0253, Mask: 0.8885, Acc: 0.9629, Prec: 0.7268, Rec: 0.6828, F1: 0.7020                                                                                    
[Epoch 6] Val Loss: 0.1740, Acc: 0.9469, Prec: 0.5530, Rec: 0.6193, F1: 0.5725
        EarlyStopping counter: 1 / 20
[Epoch 7] Train Loss: 0.1461, Loss_s: 0.1400, Loss_u: 0.0304, Mask: 0.8828, Acc: 0.9574, Prec: 0.7411, Rec: 0.6468, F1: 0.6721                                                                                    
[Epoch 7] Val Loss: 0.1158, Acc: 0.9640, Prec: 0.7532, Rec: 0.7155, F1: 0.7304
        EarlyStopping counter: 2 / 20
[Epoch 8] Train Loss: 0.1151, Loss_s: 0.1097, Loss_u: 0.0271, Mask: 0.8910, Acc: 0.9655, Prec: 0.7548, Rec: 0.7197, F1: 0.7364                                                                                    
[Epoch 8] Val Loss: 0.1164, Acc: 0.9664, Prec: 0.7852, Rec: 0.7233, F1: 0.7489
        Validation F1 improved → Saving model: ./checkpoints/best_model.pt
[Epoch 9] Train Loss: 0.1102, Loss_s: 0.1049, Loss_u: 0.0266, Mask: 0.8952, Acc: 0.9654, Prec: 0.7546, Rec: 0.7305, F1: 0.7419                                                                                    
[Epoch 9] Val Loss: 0.1531, Acc: 0.9554, Prec: 0.6873, Rec: 0.7022, F1: 0.6617
        EarlyStopping counter: 1 / 20
[Epoch 10] Train Loss: 0.1355, Loss_s: 0.1300, Loss_u: 0.0275, Mask: 0.8964, Acc: 0.9580, Prec: 0.7324, Rec: 0.6503, F1: 0.6674                                                                                   
[Epoch 10] Val Loss: 0.1638, Acc: 0.9495, Prec: 0.6932, Rec: 0.6067, F1: 0.5867
        EarlyStopping counter: 2 / 20
[Epoch 11] Train Loss: 0.1133, Loss_s: 0.1082, Loss_u: 0.0256, Mask: 0.8919, Acc: 0.9641, Prec: 0.7679, Rec: 0.7086, F1: 0.7250                                                                                   
[Epoch 11] Val Loss: 0.1070, Acc: 0.9678, Prec: 0.7711, Rec: 0.7438, F1: 0.7531
        Validation F1 improved → Saving model: ./checkpoints/best_model.pt
[Epoch 12] Train Loss: 0.1037, Loss_s: 0.0986, Loss_u: 0.0254, Mask: 0.9023, Acc: 0.9665, Prec: 0.7748, Rec: 0.7453, F1: 0.7584                                                                                   
[Epoch 12] Val Loss: 0.1254, Acc: 0.9638, Prec: 0.8835, Rec: 0.7078, F1: 0.7371
        EarlyStopping counter: 1 / 20
[Epoch 13] Train Loss: 0.1240, Loss_s: 0.1191, Loss_u: 0.0245, Mask: 0.8977, Acc: 0.9615, Prec: 0.7889, Rec: 0.7009, F1: 0.7239                                                                                   
[Epoch 13] Val Loss: 0.1517, Acc: 0.9540, Prec: 0.7899, Rec: 0.7183, F1: 0.6801
        EarlyStopping counter: 2 / 20
[Epoch 14] Train Loss: 0.1160, Loss_s: 0.1108, Loss_u: 0.0261, Mask: 0.8984, Acc: 0.9634, Prec: 0.8132, Rec: 0.6740, F1: 0.6846                                                                                   
[Epoch 14] Val Loss: 0.1061, Acc: 0.9678, Prec: 0.9020, Rec: 0.7357, F1: 0.7616
        Validation F1 improved → Saving model: ./checkpoints/best_model.pt
[Epoch 15] Train Loss: 0.0945, Loss_s: 0.0903, Loss_u: 0.0207, Mask: 0.9013, Acc: 0.9696, Prec: 0.8453, Rec: 0.7479, F1: 0.7675                                                                                   
[Epoch 15] Val Loss: 0.1180, Acc: 0.9650, Prec: 0.8219, Rec: 0.7294, F1: 0.7309
        EarlyStopping counter: 1 / 20
[Epoch 16] Train Loss: 0.1227, Loss_s: 0.1180, Loss_u: 0.0231, Mask: 0.9035, Acc: 0.9610, Prec: 0.7665, Rec: 0.7166, F1: 0.7335                                                                                   
[Epoch 16] Val Loss: 0.1224, Acc: 0.9619, Prec: 0.7667, Rec: 0.7072, F1: 0.7319
        EarlyStopping counter: 2 / 20
[Epoch 17] Train Loss: 0.1068, Loss_s: 0.1024, Loss_u: 0.0222, Mask: 0.8949, Acc: 0.9671, Prec: 0.8112, Rec: 0.7480, F1: 0.7633                                                                                   
[Epoch 17] Val Loss: 0.1067, Acc: 0.9669, Prec: 0.8583, Rec: 0.7329, F1: 0.7630
        Validation F1 improved → Saving model: ./checkpoints/best_model.pt
[Epoch 18] Train Loss: 0.0906, Loss_s: 0.0861, Loss_u: 0.0224, Mask: 0.9094, Acc: 0.9715, Prec: 0.8575, Rec: 0.7638, F1: 0.7898                                                                                   
[Epoch 18] Val Loss: 0.0995, Acc: 0.9694, Prec: 0.8762, Rec: 0.7495, F1: 0.7734
        Validation F1 improved → Saving model: ./checkpoints/best_model.pt
[Epoch 19] Train Loss: 0.1109, Loss_s: 0.1058, Loss_u: 0.0256, Mask: 0.8994, Acc: 0.9647, Prec: 0.7805, Rec: 0.7187, F1: 0.7343                                                                                   
[Epoch 19] Val Loss: 0.1763, Acc: 0.9485, Prec: 0.6367, Rec: 0.7395, F1: 0.6649
        EarlyStopping counter: 1 / 20
[Epoch 20] Train Loss: 0.1079, Loss_s: 0.1031, Loss_u: 0.0242, Mask: 0.8997, Acc: 0.9654, Prec: 0.7567, Rec: 0.7196, F1: 0.7336                                                                                   
[Epoch 20] Val Loss: 0.1040, Acc: 0.9685, Prec: 0.8991, Rec: 0.7577, F1: 0.7713
        EarlyStopping counter: 2 / 20
[Epoch 21] Train Loss: 0.0914, Loss_s: 0.0868, Loss_u: 0.0226, Mask: 0.9082, Acc: 0.9715, Prec: 0.8764, Rec: 0.7886, F1: 0.8006                                                                                   
[Epoch 21] Val Loss: 0.1047, Acc: 0.9683, Prec: 0.9034, Rec: 0.7615, F1: 0.7768
        Validation F1 improved → Saving model: ./checkpoints/best_model.pt
[Epoch 22] Train Loss: 0.0998, Loss_s: 0.0951, Loss_u: 0.0234, Mask: 0.9109, Acc: 0.9692, Prec: 0.8426, Rec: 0.7823, F1: 0.7993                                                                                   
[Epoch 22] Val Loss: 0.1321, Acc: 0.9611, Prec: 0.8730, Rec: 0.7019, F1: 0.7252
        EarlyStopping counter: 1 / 20
[Epoch 23] Train Loss: 0.1010, Loss_s: 0.0961, Loss_u: 0.0248, Mask: 0.9094, Acc: 0.9683, Prec: 0.8234, Rec: 0.7778, F1: 0.7894                                                                                   
[Epoch 23] Val Loss: 0.1002, Acc: 0.9696, Prec: 0.8823, Rec: 0.7384, F1: 0.7659
        EarlyStopping counter: 2 / 20
[Epoch 24] Train Loss: 0.0880, Loss_s: 0.0840, Loss_u: 0.0203, Mask: 0.9200, Acc: 0.9708, Prec: 0.9070, Rec: 0.7786, F1: 0.7930                                                                                   
[Epoch 24] Val Loss: 0.1066, Acc: 0.9691, Prec: 0.9019, Rec: 0.7507, F1: 0.7805
        Validation F1 improved → Saving model: ./checkpoints/best_model.pt
[Epoch 25] Train Loss: 0.0944, Loss_s: 0.0900, Loss_u: 0.0218, Mask: 0.9126, Acc: 0.9696, Prec: 0.8411, Rec: 0.7862, F1: 0.8017                                                                                   
[Epoch 25] Val Loss: 0.1463, Acc: 0.9605, Prec: 0.7704, Rec: 0.6486, F1: 0.6788
        EarlyStopping counter: 1 / 20
[Epoch 26] Train Loss: 0.1008, Loss_s: 0.0961, Loss_u: 0.0234, Mask: 0.9115, Acc: 0.9685, Prec: 0.8597, Rec: 0.7739, F1: 0.7989                                                                                   
[Epoch 26] Val Loss: 0.1035, Acc: 0.9677, Prec: 0.8472, Rec: 0.7454, F1: 0.7647
        EarlyStopping counter: 2 / 20
[Epoch 27] Train Loss: 0.0871, Loss_s: 0.0829, Loss_u: 0.0209, Mask: 0.9123, Acc: 0.9725, Prec: 0.8966, Rec: 0.7927, F1: 0.8069                                                                                   
[Epoch 27] Val Loss: 0.1083, Acc: 0.9680, Prec: 0.8790, Rec: 0.7521, F1: 0.7861
        Validation F1 improved → Saving model: ./checkpoints/best_model.pt
[Epoch 28] Train Loss: 0.0889, Loss_s: 0.0848, Loss_u: 0.0207, Mask: 0.9151, Acc: 0.9694, Prec: 0.8577, Rec: 0.7864, F1: 0.8030                                                                                   
[Epoch 28] Val Loss: 0.1733, Acc: 0.9596, Prec: 0.8499, Rec: 0.6783, F1: 0.7313
        EarlyStopping counter: 1 / 20
[Epoch 29] Train Loss: 0.1075, Loss_s: 0.1031, Loss_u: 0.0222, Mask: 0.9080, Acc: 0.9663, Prec: 0.8170, Rec: 0.7479, F1: 0.7642                                                                                   
[Epoch 29] Val Loss: 0.1104, Acc: 0.9679, Prec: 0.8682, Rec: 0.7493, F1: 0.7770
        EarlyStopping counter: 2 / 20
[Epoch 30] Train Loss: 0.0850, Loss_s: 0.0808, Loss_u: 0.0212, Mask: 0.9086, Acc: 0.9718, Prec: 0.8574, Rec: 0.8033, F1: 0.8149                                                                                   
[Epoch 30] Val Loss: 0.1077, Acc: 0.9681, Prec: 0.8923, Rec: 0.7533, F1: 0.7886
        Validation F1 improved → Saving model: ./checkpoints/best_model.pt
[Epoch 31] Train Loss: 0.0838, Loss_s: 0.0797, Loss_u: 0.0207, Mask: 0.9128, Acc: 0.9734, Prec: 0.8899, Rec: 0.8249, F1: 0.8453                                                                                   
[Epoch 31] Val Loss: 0.1041, Acc: 0.9667, Prec: 0.8279, Rec: 0.7856, F1: 0.7987
        Validation F1 improved → Saving model: ./checkpoints/best_model.pt
[Epoch 32] Train Loss: 0.0998, Loss_s: 0.0946, Loss_u: 0.0259, Mask: 0.9113, Acc: 0.9687, Prec: 0.8154, Rec: 0.7773, F1: 0.7859                                                                                   
[Epoch 32] Val Loss: 0.1642, Acc: 0.9582, Prec: 0.8630, Rec: 0.6484, F1: 0.7058
        EarlyStopping counter: 1 / 20
[Epoch 33] Train Loss: 0.0889, Loss_s: 0.0853, Loss_u: 0.0179, Mask: 0.9166, Acc: 0.9703, Prec: 0.8584, Rec: 0.7745, F1: 0.7921                                                                                   
[Epoch 33] Val Loss: 0.1035, Acc: 0.9690, Prec: 0.8959, Rec: 0.7461, F1: 0.7874
        EarlyStopping counter: 2 / 20
[Epoch 34] Train Loss: 0.0816, Loss_s: 0.0778, Loss_u: 0.0191, Mask: 0.9135, Acc: 0.9722, Prec: 0.8659, Rec: 0.7972, F1: 0.8199                                                                                   
[Epoch 34] Val Loss: 0.1137, Acc: 0.9675, Prec: 0.8644, Rec: 0.7671, F1: 0.7990
        Validation F1 improved → Saving model: ./checkpoints/best_model.pt
[Epoch 35] Train Loss: 0.0958, Loss_s: 0.0909, Loss_u: 0.0241, Mask: 0.9144, Acc: 0.9689, Prec: 0.8260, Rec: 0.7863, F1: 0.7958                                                                                   
[Epoch 35] Val Loss: 0.1476, Acc: 0.9604, Prec: 0.8527, Rec: 0.6770, F1: 0.7331
        EarlyStopping counter: 1 / 20
[Epoch 36] Train Loss: 0.0828, Loss_s: 0.0787, Loss_u: 0.0208, Mask: 0.9146, Acc: 0.9727, Prec: 0.8844, Rec: 0.8256, F1: 0.8471                                                                                   
[Epoch 36] Val Loss: 0.0995, Acc: 0.9692, Prec: 0.8905, Rec: 0.7689, F1: 0.8142
        Validation F1 improved → Saving model: ./checkpoints/best_model.pt
[Epoch 37] Train Loss: 0.0766, Loss_s: 0.0727, Loss_u: 0.0194, Mask: 0.9157, Acc: 0.9742, Prec: 0.8946, Rec: 0.8376, F1: 0.8590                                                                                   
[Epoch 37] Val Loss: 0.1034, Acc: 0.9700, Prec: 0.8514, Rec: 0.8021, F1: 0.8148
        Validation F1 improved → Saving model: ./checkpoints/best_model.pt
[Epoch 38] Train Loss: 0.0976, Loss_s: 0.0932, Loss_u: 0.0221, Mask: 0.9141, Acc: 0.9675, Prec: 0.8518, Rec: 0.7714, F1: 0.8022                                                                                   
[Epoch 38] Val Loss: 0.0901, Acc: 0.9704, Prec: 0.8470, Rec: 0.7962, F1: 0.8015
        EarlyStopping counter: 1 / 20
[Epoch 39] Train Loss: 0.0838, Loss_s: 0.0792, Loss_u: 0.0230, Mask: 0.9150, Acc: 0.9729, Prec: 0.8777, Rec: 0.8243, F1: 0.8395                                                                                   
[Epoch 39] Val Loss: 0.1086, Acc: 0.9691, Prec: 0.8975, Rec: 0.7621, F1: 0.8083
        EarlyStopping counter: 2 / 20
[Epoch 40] Train Loss: 0.0706, Loss_s: 0.0669, Loss_u: 0.0183, Mask: 0.9179, Acc: 0.9765, Prec: 0.9117, Rec: 0.8236, F1: 0.8589                                                                                   
[Epoch 40] Val Loss: 0.1059, Acc: 0.9702, Prec: 0.8997, Rec: 0.7949, F1: 0.8375
        Validation F1 improved → Saving model: ./checkpoints/best_model.pt
[Epoch 41] Train Loss: 0.0877, Loss_s: 0.0832, Loss_u: 0.0227, Mask: 0.9216, Acc: 0.9716, Prec: 0.8544, Rec: 0.8182, F1: 0.8322                                                                                   
[Epoch 41] Val Loss: 0.1322, Acc: 0.9613, Prec: 0.8531, Rec: 0.7201, F1: 0.7608
        EarlyStopping counter: 1 / 20
[Epoch 42] Train Loss: 0.0834, Loss_s: 0.0792, Loss_u: 0.0210, Mask: 0.9157, Acc: 0.9727, Prec: 0.8679, Rec: 0.8191, F1: 0.8399                                                                                   
[Epoch 42] Val Loss: 0.1059, Acc: 0.9685, Prec: 0.8834, Rec: 0.7747, F1: 0.8115
        EarlyStopping counter: 2 / 20
[Epoch 43] Train Loss: 0.0687, Loss_s: 0.0647, Loss_u: 0.0200, Mask: 0.9200, Acc: 0.9779, Prec: 0.9240, Rec: 0.8726, F1: 0.8920                                                                                   
[Epoch 43] Val Loss: 0.1032, Acc: 0.9700, Prec: 0.8758, Rec: 0.7861, F1: 0.8238
        EarlyStopping counter: 3 / 20
[Epoch 44] Train Loss: 0.0837, Loss_s: 0.0790, Loss_u: 0.0237, Mask: 0.9213, Acc: 0.9720, Prec: 0.8742, Rec: 0.8311, F1: 0.8494                                                                                   
[Epoch 44] Val Loss: 0.1033, Acc: 0.9680, Prec: 0.8747, Rec: 0.7481, F1: 0.7716
        EarlyStopping counter: 4 / 20
[Epoch 45] Train Loss: 0.0890, Loss_s: 0.0848, Loss_u: 0.0212, Mask: 0.9144, Acc: 0.9704, Prec: 0.8669, Rec: 0.8025, F1: 0.8279                                                                                   
[Epoch 45] Val Loss: 0.1054, Acc: 0.9680, Prec: 0.8574, Rec: 0.7787, F1: 0.8006
        EarlyStopping counter: 5 / 20
[Epoch 46] Train Loss: 0.0733, Loss_s: 0.0687, Loss_u: 0.0231, Mask: 0.9094, Acc: 0.9759, Prec: 0.8851, Rec: 0.8718, F1: 0.8742                                                                                   
[Epoch 46] Val Loss: 0.1051, Acc: 0.9688, Prec: 0.8814, Rec: 0.7741, F1: 0.8094
        EarlyStopping counter: 6 / 20
[Epoch 47] Train Loss: 0.0779, Loss_s: 0.0736, Loss_u: 0.0214, Mask: 0.9172, Acc: 0.9749, Prec: 0.8861, Rec: 0.8364, F1: 0.8575                                                                                   
[Epoch 47] Val Loss: 0.1452, Acc: 0.9626, Prec: 0.8951, Rec: 0.7213, F1: 0.7705
        EarlyStopping counter: 7 / 20
[Epoch 48] Train Loss: 0.0879, Loss_s: 0.0832, Loss_u: 0.0232, Mask: 0.9141, Acc: 0.9692, Prec: 0.8488, Rec: 0.8141, F1: 0.8274                                                                                   
[Epoch 48] Val Loss: 0.1026, Acc: 0.9688, Prec: 0.8505, Rec: 0.8096, F1: 0.8150
        EarlyStopping counter: 8 / 20
[Epoch 49] Train Loss: 0.0695, Loss_s: 0.0654, Loss_u: 0.0205, Mask: 0.9134, Acc: 0.9772, Prec: 0.9127, Rec: 0.8742, F1: 0.8920                                                                                   
[Epoch 49] Val Loss: 0.0982, Acc: 0.9702, Prec: 0.8865, Rec: 0.7968, F1: 0.8328
        EarlyStopping counter: 9 / 20
[Epoch 50] Train Loss: 0.0688, Loss_s: 0.0650, Loss_u: 0.0191, Mask: 0.9213, Acc: 0.9778, Prec: 0.9065, Rec: 0.8763, F1: 0.8889                                                                                   
[Epoch 50] Val Loss: 0.1478, Acc: 0.9626, Prec: 0.8386, Rec: 0.7367, F1: 0.7647
        EarlyStopping counter: 10 / 20
[Epoch 51] Train Loss: 0.0870, Loss_s: 0.0822, Loss_u: 0.0239, Mask: 0.9138, Acc: 0.9716, Prec: 0.8967, Rec: 0.8234, F1: 0.8541                                                                                   
[Epoch 51] Val Loss: 0.0988, Acc: 0.9694, Prec: 0.8617, Rec: 0.7978, F1: 0.8167
        EarlyStopping counter: 11 / 20
[Epoch 52] Train Loss: 0.0687, Loss_s: 0.0651, Loss_u: 0.0182, Mask: 0.9232, Acc: 0.9766, Prec: 0.8995, Rec: 0.8556, F1: 0.8755                                                                                   
[Epoch 52] Val Loss: 0.0922, Acc: 0.9724, Prec: 0.8993, Rec: 0.8016, F1: 0.8428
        Validation F1 improved → Saving model: ./checkpoints/best_model.pt
[Epoch 53] Train Loss: 0.0683, Loss_s: 0.0641, Loss_u: 0.0210, Mask: 0.9231, Acc: 0.9771, Prec: 0.8820, Rec: 0.8527, F1: 0.8659                                                                                   
[Epoch 53] Val Loss: 0.1256, Acc: 0.9617, Prec: 0.7594, Rec: 0.7939, F1: 0.7446
        EarlyStopping counter: 1 / 20
[Epoch 54] Train Loss: 0.0938, Loss_s: 0.0889, Loss_u: 0.0247, Mask: 0.9085, Acc: 0.9682, Prec: 0.8518, Rec: 0.7992, F1: 0.8203                                                                                   
[Epoch 54] Val Loss: 0.1091, Acc: 0.9690, Prec: 0.8934, Rec: 0.7852, F1: 0.8214
        EarlyStopping counter: 2 / 20
[Epoch 55] Train Loss: 0.0720, Loss_s: 0.0673, Loss_u: 0.0232, Mask: 0.9108, Acc: 0.9752, Prec: 0.8738, Rec: 0.8486, F1: 0.8584                                                                                   
[Epoch 55] Val Loss: 0.0946, Acc: 0.9715, Prec: 0.8719, Rec: 0.8103, F1: 0.8333
        EarlyStopping counter: 3 / 20
[Epoch 56] Train Loss: 0.0678, Loss_s: 0.0639, Loss_u: 0.0196, Mask: 0.9172, Acc: 0.9766, Prec: 0.9041, Rec: 0.8525, F1: 0.8757                                                                                   
[Epoch 56] Val Loss: 0.1014, Acc: 0.9710, Prec: 0.8928, Rec: 0.7992, F1: 0.8347
        EarlyStopping counter: 4 / 20
[Epoch 57] Train Loss: 0.0882, Loss_s: 0.0834, Loss_u: 0.0244, Mask: 0.9158, Acc: 0.9706, Prec: 0.8704, Rec: 0.8262, F1: 0.8453                                                                                   
[Epoch 57] Val Loss: 0.1100, Acc: 0.9686, Prec: 0.8913, Rec: 0.7686, F1: 0.8203
        EarlyStopping counter: 5 / 20
[Epoch 58] Train Loss: 0.0703, Loss_s: 0.0659, Loss_u: 0.0218, Mask: 0.9128, Acc: 0.9769, Prec: 0.8975, Rec: 0.8721, F1: 0.8817                                                                                   
[Epoch 58] Val Loss: 0.1022, Acc: 0.9695, Prec: 0.8808, Rec: 0.7988, F1: 0.8312
        EarlyStopping counter: 6 / 20
[Epoch 59] Train Loss: 0.0642, Loss_s: 0.0603, Loss_u: 0.0195, Mask: 0.9201, Acc: 0.9781, Prec: 0.9138, Rec: 0.8582, F1: 0.8839                                                                                   
[Epoch 59] Val Loss: 0.1122, Acc: 0.9690, Prec: 0.8804, Rec: 0.8045, F1: 0.8324
        EarlyStopping counter: 7 / 20
[Epoch 60] Train Loss: 0.0775, Loss_s: 0.0733, Loss_u: 0.0211, Mask: 0.9179, Acc: 0.9746, Prec: 0.8651, Rec: 0.8296, F1: 0.8454                                                                                   
[Epoch 60] Val Loss: 0.1339, Acc: 0.9654, Prec: 0.8343, Rec: 0.7693, F1: 0.7776
        EarlyStopping counter: 8 / 20
[Epoch 61] Train Loss: 0.0769, Loss_s: 0.0720, Loss_u: 0.0247, Mask: 0.9125, Acc: 0.9725, Prec: 0.8767, Rec: 0.8387, F1: 0.8550                                                                                   
[Epoch 61] Val Loss: 0.1010, Acc: 0.9709, Prec: 0.8985, Rec: 0.7886, F1: 0.8345
        EarlyStopping counter: 9 / 20
[Epoch 62] Train Loss: 0.0608, Loss_s: 0.0571, Loss_u: 0.0185, Mask: 0.9193, Acc: 0.9804, Prec: 0.9259, Rec: 0.8765, F1: 0.8995                                                                                   
[Epoch 62] Val Loss: 0.1183, Acc: 0.9672, Prec: 0.8758, Rec: 0.7837, F1: 0.8187
        EarlyStopping counter: 10 / 20
[Epoch 63] Train Loss: 0.0742, Loss_s: 0.0695, Loss_u: 0.0236, Mask: 0.9184, Acc: 0.9752, Prec: 0.8660, Rec: 0.8439, F1: 0.8528                                                                                   
[Epoch 63] Val Loss: 0.2202, Acc: 0.9562, Prec: 0.8545, Rec: 0.7055, F1: 0.7508
        EarlyStopping counter: 11 / 20
[Epoch 64] Train Loss: 0.0755, Loss_s: 0.0715, Loss_u: 0.0202, Mask: 0.9166, Acc: 0.9746, Prec: 0.8764, Rec: 0.8406, F1: 0.8563                                                                                   
[Epoch 64] Val Loss: 0.0912, Acc: 0.9728, Prec: 0.8870, Rec: 0.8065, F1: 0.8379
        EarlyStopping counter: 12 / 20
[Epoch 65] Train Loss: 0.0610, Loss_s: 0.0572, Loss_u: 0.0189, Mask: 0.9144, Acc: 0.9790, Prec: 0.9120, Rec: 0.8832, F1: 0.8956                                                                                   
[Epoch 65] Val Loss: 0.0960, Acc: 0.9714, Prec: 0.8824, Rec: 0.8081, F1: 0.8364
        EarlyStopping counter: 13 / 20
[Epoch 66] Train Loss: 0.0743, Loss_s: 0.0694, Loss_u: 0.0247, Mask: 0.9129, Acc: 0.9765, Prec: 0.8878, Rec: 0.8614, F1: 0.8732                                                                                   
[Epoch 66] Val Loss: 0.1025, Acc: 0.9688, Prec: 0.8550, Rec: 0.7848, F1: 0.8121
        EarlyStopping counter: 14 / 20
[Epoch 67] Train Loss: 0.0744, Loss_s: 0.0694, Loss_u: 0.0247, Mask: 0.9190, Acc: 0.9748, Prec: 0.8847, Rec: 0.8249, F1: 0.8507                                                                                   
[Epoch 67] Val Loss: 0.1108, Acc: 0.9690, Prec: 0.8964, Rec: 0.7752, F1: 0.8154
        EarlyStopping counter: 15 / 20
[Epoch 68] Train Loss: 0.0578, Loss_s: 0.0537, Loss_u: 0.0204, Mask: 0.9243, Acc: 0.9814, Prec: 0.9391, Rec: 0.8852, F1: 0.9069                                                                                   
[Epoch 68] Val Loss: 0.0977, Acc: 0.9724, Prec: 0.9070, Rec: 0.8141, F1: 0.8531
        Validation F1 improved → Saving model: ./checkpoints/best_model.pt
[Epoch 69] Train Loss: 0.0644, Loss_s: 0.0604, Loss_u: 0.0203, Mask: 0.9224, Acc: 0.9789, Prec: 0.9098, Rec: 0.8787, F1: 0.8925                                                                                   
[Epoch 69] Val Loss: 0.1337, Acc: 0.9624, Prec: 0.7975, Rec: 0.8057, F1: 0.7878
        EarlyStopping counter: 1 / 20
[Epoch 70] Train Loss: 0.0776, Loss_s: 0.0729, Loss_u: 0.0235, Mask: 0.9219, Acc: 0.9752, Prec: 0.9035, Rec: 0.8505, F1: 0.8744                                                                                   
[Epoch 70] Val Loss: 0.0887, Acc: 0.9729, Prec: 0.8747, Rec: 0.8256, F1: 0.8396
        EarlyStopping counter: 2 / 20
[Epoch 71] Train Loss: 0.0606, Loss_s: 0.0566, Loss_u: 0.0200, Mask: 0.9103, Acc: 0.9787, Prec: 0.8987, Rec: 0.8955, F1: 0.8958                                                                                   
[Epoch 71] Val Loss: 0.0890, Acc: 0.9744, Prec: 0.9033, Rec: 0.8417, F1: 0.8664
        Validation F1 improved → Saving model: ./checkpoints/best_model.pt
[Epoch 72] Train Loss: 0.0695, Loss_s: 0.0651, Loss_u: 0.0219, Mask: 0.9231, Acc: 0.9773, Prec: 0.8984, Rec: 0.8610, F1: 0.8784                                                                                   
[Epoch 72] Val Loss: 0.1127, Acc: 0.9643, Prec: 0.8125, Rec: 0.8108, F1: 0.8058
        EarlyStopping counter: 1 / 20
[Epoch 73] Train Loss: 0.0801, Loss_s: 0.0748, Loss_u: 0.0264, Mask: 0.9152, Acc: 0.9725, Prec: 0.8725, Rec: 0.8472, F1: 0.8555                                                                                   
[Epoch 73] Val Loss: 0.0929, Acc: 0.9730, Prec: 0.9140, Rec: 0.7940, F1: 0.8411
        EarlyStopping counter: 2 / 20
[Epoch 74] Train Loss: 0.0606, Loss_s: 0.0569, Loss_u: 0.0184, Mask: 0.9186, Acc: 0.9796, Prec: 0.9395, Rec: 0.8714, F1: 0.9018                                                                                   
[Epoch 74] Val Loss: 0.0941, Acc: 0.9721, Prec: 0.9060, Rec: 0.8063, F1: 0.8476
        EarlyStopping counter: 3 / 20
[Epoch 75] Train Loss: 0.0619, Loss_s: 0.0579, Loss_u: 0.0201, Mask: 0.9223, Acc: 0.9790, Prec: 0.9159, Rec: 0.8816, F1: 0.8978                                                                                   
[Epoch 75] Val Loss: 0.0992, Acc: 0.9713, Prec: 0.8812, Rec: 0.8071, F1: 0.8286
        EarlyStopping counter: 4 / 20
[Epoch 76] Train Loss: 0.0781, Loss_s: 0.0734, Loss_u: 0.0236, Mask: 0.9142, Acc: 0.9737, Prec: 0.8638, Rec: 0.8343, F1: 0.8465                                                                                   
[Epoch 76] Val Loss: 0.0939, Acc: 0.9716, Prec: 0.8713, Rec: 0.8041, F1: 0.8266
        EarlyStopping counter: 5 / 20
[Epoch 77] Train Loss: 0.0601, Loss_s: 0.0562, Loss_u: 0.0195, Mask: 0.9237, Acc: 0.9799, Prec: 0.9039, Rec: 0.8796, F1: 0.8900                                                                                   
[Epoch 77] Val Loss: 0.1009, Acc: 0.9715, Prec: 0.8878, Rec: 0.8024, F1: 0.8372
        EarlyStopping counter: 6 / 20
[Epoch 78] Train Loss: 0.0584, Loss_s: 0.0546, Loss_u: 0.0191, Mask: 0.9228, Acc: 0.9798, Prec: 0.9045, Rec: 0.8801, F1: 0.8911                                                                                   
[Epoch 78] Val Loss: 0.1117, Acc: 0.9681, Prec: 0.8833, Rec: 0.7997, F1: 0.8349
        EarlyStopping counter: 7 / 20
[Epoch 79] Train Loss: 0.0734, Loss_s: 0.0685, Loss_u: 0.0243, Mask: 0.9164, Acc: 0.9743, Prec: 0.8970, Rec: 0.8691, F1: 0.8808                                                                                   
[Epoch 79] Val Loss: 0.1381, Acc: 0.9655, Prec: 0.8727, Rec: 0.7647, F1: 0.8028
        EarlyStopping counter: 8 / 20
[Epoch 80] Train Loss: 0.0622, Loss_s: 0.0582, Loss_u: 0.0196, Mask: 0.9239, Acc: 0.9794, Prec: 0.9216, Rec: 0.8764, F1: 0.8967                                                                                   
[Epoch 80] Val Loss: 0.1018, Acc: 0.9707, Prec: 0.8959, Rec: 0.7906, F1: 0.8304
        EarlyStopping counter: 9 / 20
[Epoch 81] Train Loss: 0.0551, Loss_s: 0.0517, Loss_u: 0.0168, Mask: 0.9256, Acc: 0.9813, Prec: 0.9291, Rec: 0.8971, F1: 0.9121                                                                                   
[Epoch 81] Val Loss: 0.1499, Acc: 0.9646, Prec: 0.8966, Rec: 0.7394, F1: 0.7941
        EarlyStopping counter: 10 / 20
[Epoch 82] Train Loss: 0.0779, Loss_s: 0.0734, Loss_u: 0.0223, Mask: 0.9229, Acc: 0.9740, Prec: 0.8889, Rec: 0.8477, F1: 0.8648                                                                                   
[Epoch 82] Val Loss: 0.1548, Acc: 0.9621, Prec: 0.8921, Rec: 0.7308, F1: 0.7907
        EarlyStopping counter: 11 / 20
[Epoch 83] Train Loss: 0.0683, Loss_s: 0.0645, Loss_u: 0.0193, Mask: 0.9131, Acc: 0.9780, Prec: 0.9061, Rec: 0.8575, F1: 0.8797                                                                                   
[Epoch 83] Val Loss: 0.0943, Acc: 0.9728, Prec: 0.8847, Rec: 0.8260, F1: 0.8486
        EarlyStopping counter: 12 / 20
[Epoch 84] Train Loss: 0.0560, Loss_s: 0.0521, Loss_u: 0.0199, Mask: 0.9255, Acc: 0.9813, Prec: 0.9194, Rec: 0.8970, F1: 0.9071                                                                                   
[Epoch 84] Val Loss: 0.1109, Acc: 0.9696, Prec: 0.8944, Rec: 0.7986, F1: 0.8340
        EarlyStopping counter: 13 / 20
[Epoch 85] Train Loss: 0.0738, Loss_s: 0.0688, Loss_u: 0.0248, Mask: 0.9210, Acc: 0.9757, Prec: 0.8980, Rec: 0.8671, F1: 0.8816                                                                                   
[Epoch 85] Val Loss: 0.1214, Acc: 0.9662, Prec: 0.8514, Rec: 0.7709, F1: 0.7858
        EarlyStopping counter: 14 / 20
[Epoch 86] Train Loss: 0.0650, Loss_s: 0.0614, Loss_u: 0.0182, Mask: 0.9230, Acc: 0.9763, Prec: 0.9147, Rec: 0.8620, F1: 0.8850                                                                                   
[Epoch 86] Val Loss: 0.1027, Acc: 0.9710, Prec: 0.8844, Rec: 0.7975, F1: 0.8304
        EarlyStopping counter: 15 / 20
[Epoch 87] Train Loss: 0.0541, Loss_s: 0.0505, Loss_u: 0.0180, Mask: 0.9293, Acc: 0.9819, Prec: 0.9238, Rec: 0.9117, F1: 0.9164                                                                                   
[Epoch 87] Val Loss: 0.1115, Acc: 0.9686, Prec: 0.8832, Rec: 0.7961, F1: 0.8311
        EarlyStopping counter: 16 / 20
[Epoch 88] Train Loss: 0.0675, Loss_s: 0.0629, Loss_u: 0.0231, Mask: 0.9284, Acc: 0.9767, Prec: 0.8891, Rec: 0.8571, F1: 0.8724                                                                                   
[Epoch 88] Val Loss: 0.1061, Acc: 0.9679, Prec: 0.8526, Rec: 0.7994, F1: 0.8181
        EarlyStopping counter: 17 / 20
[Epoch 89] Train Loss: 0.0678, Loss_s: 0.0637, Loss_u: 0.0205, Mask: 0.9224, Acc: 0.9776, Prec: 0.9075, Rec: 0.8596, F1: 0.8818                                                                                   
[Epoch 89] Val Loss: 0.0895, Acc: 0.9730, Prec: 0.8921, Rec: 0.8128, F1: 0.8438
        EarlyStopping counter: 18 / 20
[Epoch 90] Train Loss: 0.0524, Loss_s: 0.0484, Loss_u: 0.0196, Mask: 0.9259, Acc: 0.9824, Prec: 0.9127, Rec: 0.8945, F1: 0.9026                                                                                   
[Epoch 90] Val Loss: 0.1047, Acc: 0.9705, Prec: 0.9065, Rec: 0.7880, F1: 0.8351
        EarlyStopping counter: 19 / 20
[Epoch 91] Train Loss: 0.0630, Loss_s: 0.0590, Loss_u: 0.0200, Mask: 0.9266, Acc: 0.9799, Prec: 0.9138, Rec: 0.8911, F1: 0.9020                                                                                   
[Epoch 91] Val Loss: 0.1497, Acc: 0.9604, Prec: 0.8489, Rec: 0.7418, F1: 0.7710
        EarlyStopping counter: 20 / 20
Early stopping triggered...
Total training time: 38 min 19.87 sec
Loaded best model.
[Best Model Train] Loss: 0.0680, Acc: 0.9778, Prec: 0.9339, Rec: 0.8637, F1: 0.8932                                                                                                                               
[Best Model Train] Classification Report:
              precision    recall  f1-score   support

           0     0.9633    0.8975    0.9293       322
           1     0.8667    0.9512    0.9070        41
           2     0.9231    0.7712    0.8403       389
           3     0.9625    0.9890    0.9755       726
           4     0.8925    0.7100    0.7909       269
           5     0.9831    0.9062    0.9431        64
           6     0.8305    0.5506    0.6622        89
           7     1.0000    1.0000    1.0000        11
           8     0.9836    0.9971    0.9903     11057

    accuracy                         0.9778     12968
   macro avg     0.9339    0.8637    0.8932     12968
weighted avg     0.9768    0.9778    0.9766     12968

[Best Model Train] Confusion Matrix:
[[  289     1     1     0     1     0     0     0    30]
 [    0    39     0     0     2     0     0     0     0]
 [    1     0   300    14     9     0     2     0    63]
 [    0     0     1   718     0     0     0     0     7]
 [    7     2    15     0   191     0     4     0    50]
 [    1     2     2     0     1    58     0     0     0]
 [    0     1     1     0     4     0    49     0    34]
 [    0     0     0     0     0     0     0    11     0]
 [    2     0     5    14     6     1     4     0 11025]]

[Best Model Validation] Loss: 0.0890, Acc: 0.9744, Prec: 0.9033, Rec: 0.8417, F1: 0.8664                                                                                                                          
[Best Model Validation] Classification Report:
              precision    recall  f1-score   support

           0     0.9549    0.8540    0.9016       644
           1     0.8295    0.8795    0.8538        83
           2     0.9090    0.7571    0.8261       778
           3     0.9522    0.9883    0.9699      1452
           4     0.8731    0.6524    0.7468       538
           5     0.9304    0.8295    0.8770       129
           6     0.8527    0.6180    0.7166       178
           7     0.8462    1.0000    0.9167        22
           8     0.9818    0.9966    0.9891     22114

    accuracy                         0.9744     25938
   macro avg     0.9033    0.8417    0.8664     25938
weighted avg     0.9733    0.9744    0.9730     25938

[Best Model Validation] Confusion Matrix:
[[  550     6     1     0     2     0     0     0    85]
 [    0    73     0     0     8     2     0     0     0]
 [    2     0   589    43    16     2     0     2   124]
 [    0     0     6  1435     0     0     0     0    11]
 [   15     5    28     1   351     0    12     0   126]
 [    2     4     6     1     4   107     1     2     2]
 [    0     0     3     0     4     0   110     0    61]
 [    0     0     0     0     0     0     0    22     0]
 [    7     0    15    27    17     4     6     0 22038]]

[Test] Loss: 0.0937, Acc: 0.9731, Prec: 0.8975, Rec: 0.8248, F1: 0.8521                                                                                                                                           
[Test] Classification Report:
              precision    recall  f1-score   support

           0     0.9560    0.8581    0.9044       430
           1     0.9074    0.8750    0.8909        56
           2     0.9057    0.7385    0.8136       520
           3     0.9619    0.9907    0.9761       968
           4     0.8755    0.6427    0.7412       361
           5     0.8961    0.7841    0.8364        88
           6     0.8333    0.5372    0.6533       121
           7     0.7619    1.0000    0.8649        16
           8     0.9796    0.9967    0.9881     14744

    accuracy                         0.9731     17304
   macro avg     0.8975    0.8248    0.8521     17304
weighted avg     0.9717    0.9731    0.9714     17304

[Test] Confusion Matrix:
[[  369     1     0     0     1     0     0     0    59]
 [    0    49     1     0     6     0     0     0     0]
 [    0     1   384    26     8     3     0     1    97]
 [    0     0     2   959     0     0     0     0     7]
 [   13     2    21     0   232     0     6     0    87]
 [    3     1     5     0     2    69     0     4     4]
 [    0     0     1     0     3     0    65     0    52]
 [    0     0     0     0     0     0     0    16     0]
 [    1     0    10    12    13     5     7     0 14696]]