## backbone freeze
## fc.classifier unfreeze

05/13/2026 14:00:11 - INFO - root -   train_labeled_dataset: 129708
05/13/2026 14:00:11 - INFO - root -   val_dataset: 25938
05/13/2026 14:00:11 - INFO - root -   test_dataset: 17304
05/13/2026 14:00:11 - INFO - root -   train_unlabeled_dataset: 638507
[Epoch 1] Train Loss: 0.3873, Loss_s: 0.3761, Loss_u: 0.0055, Loss_kl: 0.0502, Mask: 0.6374, Acc: 0.9097, Prec: 0.5962, Rec: 0.3815, F1: 0.4224                                                                                        
[Epoch 1] Val Loss: 0.3012, Acc: 0.9235, Prec: 0.8204, Rec: 0.4547, F1: 0.5226
        Validation F1 improved → Saving model: ./checkpoints/best_model.pt
[Epoch 2] Train Loss: 0.2862, Loss_s: 0.2725, Loss_u: 0.0095, Loss_kl: 0.0592, Mask: 0.7266, Acc: 0.9301, Prec: 0.7647, Rec: 0.5331, F1: 0.5948                                                                                        
[Epoch 2] Val Loss: 0.2848, Acc: 0.9256, Prec: 0.8163, Rec: 0.4789, F1: 0.5481
        Validation F1 improved → Saving model: ./checkpoints/best_model.pt
[Epoch 3] Train Loss: 0.2768, Loss_s: 0.2628, Loss_u: 0.0100, Loss_kl: 0.0601, Mask: 0.7471, Acc: 0.9319, Prec: 0.7745, Rec: 0.5644, F1: 0.6173                                                                                        
[Epoch 3] Val Loss: 0.2882, Acc: 0.9246, Prec: 0.7866, Rec: 0.5049, F1: 0.5589
        Validation F1 improved → Saving model: ./checkpoints/best_model.pt
[Epoch 4] Train Loss: 0.2744, Loss_s: 0.2597, Loss_u: 0.0118, Loss_kl: 0.0620, Mask: 0.7532, Acc: 0.9325, Prec: 0.7726, Rec: 0.5667, F1: 0.6195                                                                                        
[Epoch 4] Val Loss: 0.2802, Acc: 0.9260, Prec: 0.7934, Rec: 0.5173, F1: 0.5690
        Validation F1 improved → Saving model: ./checkpoints/best_model.pt
[Epoch 5] Train Loss: 0.2706, Loss_s: 0.2560, Loss_u: 0.0115, Loss_kl: 0.0616, Mask: 0.7491, Acc: 0.9330, Prec: 0.7807, Rec: 0.5880, F1: 0.6344                                                                                        
[Epoch 5] Val Loss: 0.2776, Acc: 0.9273, Prec: 0.8190, Rec: 0.5028, F1: 0.5765
        Validation F1 improved → Saving model: ./checkpoints/best_model.pt
[Epoch 6] Train Loss: 0.2696, Loss_s: 0.2552, Loss_u: 0.0110, Loss_kl: 0.0608, Mask: 0.7498, Acc: 0.9333, Prec: 0.7739, Rec: 0.5900, F1: 0.6380                                                                                        
[Epoch 6] Val Loss: 0.2856, Acc: 0.9261, Prec: 0.8156, Rec: 0.5155, F1: 0.5680
        EarlyStopping counter: 1 / 20
[Epoch 7] Train Loss: 0.2687, Loss_s: 0.2540, Loss_u: 0.0114, Loss_kl: 0.0621, Mask: 0.7546, Acc: 0.9336, Prec: 0.7696, Rec: 0.5815, F1: 0.6327                                                                                        
[Epoch 7] Val Loss: 0.2758, Acc: 0.9270, Prec: 0.8301, Rec: 0.5106, F1: 0.5899
        Validation F1 improved → Saving model: ./checkpoints/best_model.pt
[Epoch 8] Train Loss: 0.2674, Loss_s: 0.2526, Loss_u: 0.0119, Loss_kl: 0.0618, Mask: 0.7564, Acc: 0.9342, Prec: 0.7769, Rec: 0.5965, F1: 0.6451                                                                                        
[Epoch 8] Val Loss: 0.2776, Acc: 0.9266, Prec: 0.8163, Rec: 0.5311, F1: 0.5977
        Validation F1 improved → Saving model: ./checkpoints/best_model.pt
[Epoch 9] Train Loss: 0.2669, Loss_s: 0.2521, Loss_u: 0.0120, Loss_kl: 0.0620, Mask: 0.7613, Acc: 0.9340, Prec: 0.7816, Rec: 0.5951, F1: 0.6450                                                                                        
[Epoch 9] Val Loss: 0.2756, Acc: 0.9279, Prec: 0.8205, Rec: 0.5117, F1: 0.5830
        EarlyStopping counter: 1 / 20
[Epoch 10] Train Loss: 0.2699, Loss_s: 0.2552, Loss_u: 0.0114, Loss_kl: 0.0621, Mask: 0.7692, Acc: 0.9337, Prec: 0.7695, Rec: 0.5909, F1: 0.6374                                                                                       
[Epoch 10] Val Loss: 0.2718, Acc: 0.9290, Prec: 0.8190, Rec: 0.5556, F1: 0.6049
        Validation F1 improved → Saving model: ./checkpoints/best_model.pt
[Epoch 11] Train Loss: 0.2665, Loss_s: 0.2516, Loss_u: 0.0119, Loss_kl: 0.0625, Mask: 0.7635, Acc: 0.9343, Prec: 0.7774, Rec: 0.5990, F1: 0.6444                                                                                       
[Epoch 11] Val Loss: 0.2799, Acc: 0.9278, Prec: 0.8601, Rec: 0.5230, F1: 0.5943
        EarlyStopping counter: 1 / 20
[Epoch 12] Train Loss: 0.2672, Loss_s: 0.2527, Loss_u: 0.0114, Loss_kl: 0.0613, Mask: 0.7654, Acc: 0.9342, Prec: 0.7836, Rec: 0.5983, F1: 0.6465                                                                                       
[Epoch 12] Val Loss: 0.2725, Acc: 0.9288, Prec: 0.8458, Rec: 0.5133, F1: 0.5846
        EarlyStopping counter: 2 / 20
[Epoch 13] Train Loss: 0.2657, Loss_s: 0.2507, Loss_u: 0.0122, Loss_kl: 0.0629, Mask: 0.7696, Acc: 0.9337, Prec: 0.7679, Rec: 0.5916, F1: 0.6386                                                                                       
[Epoch 13] Val Loss: 0.2821, Acc: 0.9272, Prec: 0.8449, Rec: 0.5197, F1: 0.5887
        EarlyStopping counter: 3 / 20
[Epoch 14] Train Loss: 0.2681, Loss_s: 0.2531, Loss_u: 0.0123, Loss_kl: 0.0623, Mask: 0.7676, Acc: 0.9338, Prec: 0.7819, Rec: 0.5971, F1: 0.6458                                                                                       
[Epoch 14] Val Loss: 0.2733, Acc: 0.9277, Prec: 0.8349, Rec: 0.5452, F1: 0.6057
        Validation F1 improved → Saving model: ./checkpoints/best_model.pt
[Epoch 15] Train Loss: 0.2638, Loss_s: 0.2492, Loss_u: 0.0115, Loss_kl: 0.0615, Mask: 0.7713, Acc: 0.9344, Prec: 0.7762, Rec: 0.5948, F1: 0.6450                                                                                       
[Epoch 15] Val Loss: 0.2868, Acc: 0.9258, Prec: 0.8265, Rec: 0.5212, F1: 0.5879
        EarlyStopping counter: 1 / 20
[Epoch 16] Train Loss: 0.2643, Loss_s: 0.2495, Loss_u: 0.0120, Loss_kl: 0.0622, Mask: 0.7688, Acc: 0.9344, Prec: 0.7711, Rec: 0.6013, F1: 0.6453                                                                                       
[Epoch 16] Val Loss: 0.2682, Acc: 0.9301, Prec: 0.8541, Rec: 0.5267, F1: 0.6007
        EarlyStopping counter: 2 / 20
[Epoch 17] Train Loss: 0.2633, Loss_s: 0.2484, Loss_u: 0.0121, Loss_kl: 0.0622, Mask: 0.7627, Acc: 0.9347, Prec: 0.7849, Rec: 0.5994, F1: 0.6491                                                                                       
[Epoch 17] Val Loss: 0.2831, Acc: 0.9266, Prec: 0.8495, Rec: 0.5389, F1: 0.6013
        EarlyStopping counter: 3 / 20
[Epoch 18] Train Loss: 0.2667, Loss_s: 0.2521, Loss_u: 0.0117, Loss_kl: 0.0614, Mask: 0.7682, Acc: 0.9341, Prec: 0.7835, Rec: 0.5976, F1: 0.6458                                                                                       
[Epoch 18] Val Loss: 0.2694, Acc: 0.9283, Prec: 0.8046, Rec: 0.5620, F1: 0.5934
        EarlyStopping counter: 4 / 20
[Epoch 19] Train Loss: 0.2653, Loss_s: 0.2504, Loss_u: 0.0124, Loss_kl: 0.0623, Mask: 0.7650, Acc: 0.9343, Prec: 0.7743, Rec: 0.5984, F1: 0.6437                                                                                       
[Epoch 19] Val Loss: 0.2807, Acc: 0.9276, Prec: 0.8529, Rec: 0.5364, F1: 0.5921
        EarlyStopping counter: 5 / 20
[Epoch 20] Train Loss: 0.2642, Loss_s: 0.2493, Loss_u: 0.0124, Loss_kl: 0.0621, Mask: 0.7678, Acc: 0.9341, Prec: 0.7799, Rec: 0.5979, F1: 0.6444                                                                                       
[Epoch 20] Val Loss: 0.2683, Acc: 0.9293, Prec: 0.8379, Rec: 0.5659, F1: 0.6113
        Validation F1 improved → Saving model: ./checkpoints/best_model.pt
[Epoch 21] Train Loss: 0.2628, Loss_s: 0.2480, Loss_u: 0.0123, Loss_kl: 0.0618, Mask: 0.7715, Acc: 0.9351, Prec: 0.7901, Rec: 0.6054, F1: 0.6536                                                                                       
[Epoch 21] Val Loss: 0.2751, Acc: 0.9283, Prec: 0.8514, Rec: 0.5194, F1: 0.5983
        EarlyStopping counter: 1 / 20
[Epoch 22] Train Loss: 0.2639, Loss_s: 0.2491, Loss_u: 0.0120, Loss_kl: 0.0618, Mask: 0.7734, Acc: 0.9350, Prec: 0.8019, Rec: 0.6040, F1: 0.6544                                                                                       
[Epoch 22] Val Loss: 0.2643, Acc: 0.9291, Prec: 0.8570, Rec: 0.5272, F1: 0.5976
        EarlyStopping counter: 2 / 20
[Epoch 23] Train Loss: 0.2630, Loss_s: 0.2487, Loss_u: 0.0114, Loss_kl: 0.0602, Mask: 0.7679, Acc: 0.9342, Prec: 0.7844, Rec: 0.6047, F1: 0.6521                                                                                       
[Epoch 23] Val Loss: 0.2663, Acc: 0.9294, Prec: 0.8239, Rec: 0.5478, F1: 0.6037
        EarlyStopping counter: 3 / 20
[Epoch 24] Train Loss: 0.2630, Loss_s: 0.2485, Loss_u: 0.0118, Loss_kl: 0.0610, Mask: 0.7693, Acc: 0.9344, Prec: 0.7871, Rec: 0.6045, F1: 0.6523                                                                                       
[Epoch 24] Val Loss: 0.2658, Acc: 0.9298, Prec: 0.8531, Rec: 0.5430, F1: 0.6166
        Validation F1 improved → Saving model: ./checkpoints/best_model.pt
[Epoch 25] Train Loss: 0.2616, Loss_s: 0.2469, Loss_u: 0.0119, Loss_kl: 0.0614, Mask: 0.7672, Acc: 0.9348, Prec: 0.7815, Rec: 0.6033, F1: 0.6500                                                                                       
[Epoch 25] Val Loss: 0.2655, Acc: 0.9298, Prec: 0.8442, Rec: 0.5233, F1: 0.6002
        EarlyStopping counter: 1 / 20
[Epoch 26] Train Loss: 0.2641, Loss_s: 0.2496, Loss_u: 0.0116, Loss_kl: 0.0611, Mask: 0.7707, Acc: 0.9348, Prec: 0.7783, Rec: 0.6016, F1: 0.6490                                                                                       
[Epoch 26] Val Loss: 0.2667, Acc: 0.9286, Prec: 0.8476, Rec: 0.5380, F1: 0.6097
        EarlyStopping counter: 2 / 20
[Epoch 27] Train Loss: 0.2610, Loss_s: 0.2464, Loss_u: 0.0117, Loss_kl: 0.0614, Mask: 0.7707, Acc: 0.9350, Prec: 0.7906, Rec: 0.6032, F1: 0.6496                                                                                       
[Epoch 27] Val Loss: 0.2657, Acc: 0.9296, Prec: 0.8414, Rec: 0.5552, F1: 0.6157
        EarlyStopping counter: 3 / 20
[Epoch 28] Train Loss: 0.2626, Loss_s: 0.2481, Loss_u: 0.0117, Loss_kl: 0.0608, Mask: 0.7646, Acc: 0.9351, Prec: 0.7903, Rec: 0.6081, F1: 0.6550                                                                                       
[Epoch 28] Val Loss: 0.2881, Acc: 0.9259, Prec: 0.8525, Rec: 0.5275, F1: 0.5924
        EarlyStopping counter: 4 / 20
[Epoch 29] Train Loss: 0.2620, Loss_s: 0.2474, Loss_u: 0.0117, Loss_kl: 0.0609, Mask: 0.7698, Acc: 0.9346, Prec: 0.7822, Rec: 0.6024, F1: 0.6503                                                                                       
[Epoch 29] Val Loss: 0.2668, Acc: 0.9296, Prec: 0.8342, Rec: 0.5614, F1: 0.6103
        EarlyStopping counter: 5 / 20
[Epoch 30] Train Loss: 0.2622, Loss_s: 0.2475, Loss_u: 0.0120, Loss_kl: 0.0613, Mask: 0.7784, Acc: 0.9345, Prec: 0.7881, Rec: 0.6056, F1: 0.6518                                                                                       
[Epoch 30] Val Loss: 0.2610, Acc: 0.9299, Prec: 0.8217, Rec: 0.5554, F1: 0.6146
        EarlyStopping counter: 6 / 20
[Epoch 31] Train Loss: 0.2619, Loss_s: 0.2471, Loss_u: 0.0121, Loss_kl: 0.0618, Mask: 0.7789, Acc: 0.9351, Prec: 0.7939, Rec: 0.6082, F1: 0.6577                                                                                       
[Epoch 31] Val Loss: 0.2685, Acc: 0.9281, Prec: 0.8283, Rec: 0.5458, F1: 0.6104
        EarlyStopping counter: 7 / 20
[Epoch 32] Train Loss: 0.2635, Loss_s: 0.2490, Loss_u: 0.0119, Loss_kl: 0.0608, Mask: 0.7767, Acc: 0.9341, Prec: 0.7787, Rec: 0.6028, F1: 0.6502                                                                                       
[Epoch 32] Val Loss: 0.2740, Acc: 0.9276, Prec: 0.8402, Rec: 0.5394, F1: 0.6023
        EarlyStopping counter: 8 / 20
[Epoch 33] Train Loss: 0.2614, Loss_s: 0.2468, Loss_u: 0.0117, Loss_kl: 0.0612, Mask: 0.7805, Acc: 0.9345, Prec: 0.7860, Rec: 0.5977, F1: 0.6469                                                                                       
[Epoch 33] Val Loss: 0.2620, Acc: 0.9294, Prec: 0.8196, Rec: 0.5685, F1: 0.6216
        Validation F1 improved → Saving model: ./checkpoints/best_model.pt
[Epoch 34] Train Loss: 0.2621, Loss_s: 0.2474, Loss_u: 0.0121, Loss_kl: 0.0612, Mask: 0.7752, Acc: 0.9347, Prec: 0.7925, Rec: 0.6123, F1: 0.6592                                                                                       
[Epoch 34] Val Loss: 0.2733, Acc: 0.9279, Prec: 0.8540, Rec: 0.5251, F1: 0.6040
        EarlyStopping counter: 1 / 20
[Epoch 35] Train Loss: 0.2630, Loss_s: 0.2484, Loss_u: 0.0118, Loss_kl: 0.0611, Mask: 0.7789, Acc: 0.9347, Prec: 0.7893, Rec: 0.6012, F1: 0.6496                                                                                       
[Epoch 35] Val Loss: 0.2746, Acc: 0.9276, Prec: 0.8501, Rec: 0.5382, F1: 0.6059
        EarlyStopping counter: 2 / 20
[Epoch 36] Train Loss: 0.2611, Loss_s: 0.2465, Loss_u: 0.0120, Loss_kl: 0.0610, Mask: 0.7749, Acc: 0.9346, Prec: 0.7847, Rec: 0.6024, F1: 0.6484                                                                                       
[Epoch 36] Val Loss: 0.2783, Acc: 0.9284, Prec: 0.8741, Rec: 0.5310, F1: 0.6011
        EarlyStopping counter: 3 / 20
[Epoch 37] Train Loss: 0.2602, Loss_s: 0.2455, Loss_u: 0.0122, Loss_kl: 0.0613, Mask: 0.7690, Acc: 0.9348, Prec: 0.7878, Rec: 0.6080, F1: 0.6552                                                                                       
[Epoch 37] Val Loss: 0.2761, Acc: 0.9288, Prec: 0.8557, Rec: 0.5514, F1: 0.6132
        EarlyStopping counter: 4 / 20
[Epoch 38] Train Loss: 0.2588, Loss_s: 0.2441, Loss_u: 0.0123, Loss_kl: 0.0612, Mask: 0.7716, Acc: 0.9358, Prec: 0.7936, Rec: 0.6060, F1: 0.6565                                                                                       
[Epoch 38] Val Loss: 0.2757, Acc: 0.9285, Prec: 0.8650, Rec: 0.5517, F1: 0.6137
        EarlyStopping counter: 5 / 20
[Epoch 39] Train Loss: 0.2618, Loss_s: 0.2470, Loss_u: 0.0127, Loss_kl: 0.0614, Mask: 0.7729, Acc: 0.9345, Prec: 0.7882, Rec: 0.6048, F1: 0.6520                                                                                       
[Epoch 39] Val Loss: 0.2672, Acc: 0.9303, Prec: 0.8417, Rec: 0.5644, F1: 0.6167
        EarlyStopping counter: 6 / 20
[Epoch 40] Train Loss: 0.2582, Loss_s: 0.2432, Loss_u: 0.0124, Loss_kl: 0.0625, Mask: 0.7790, Acc: 0.9355, Prec: 0.7971, Rec: 0.6094, F1: 0.6598                                                                                       
[Epoch 40] Val Loss: 0.2637, Acc: 0.9306, Prec: 0.8599, Rec: 0.5514, F1: 0.6189
        EarlyStopping counter: 7 / 20
[Epoch 41] Train Loss: 0.2604, Loss_s: 0.2459, Loss_u: 0.0115, Loss_kl: 0.0609, Mask: 0.7798, Acc: 0.9348, Prec: 0.7833, Rec: 0.5983, F1: 0.6465                                                                                       
[Epoch 41] Val Loss: 0.2677, Acc: 0.9288, Prec: 0.8383, Rec: 0.5235, F1: 0.5943
        EarlyStopping counter: 8 / 20
[Epoch 42] Train Loss: 0.2614, Loss_s: 0.2467, Loss_u: 0.0121, Loss_kl: 0.0616, Mask: 0.7762, Acc: 0.9348, Prec: 0.7877, Rec: 0.6070, F1: 0.6542                                                                                       
[Epoch 42] Val Loss: 0.2782, Acc: 0.9269, Prec: 0.8304, Rec: 0.5436, F1: 0.5981
        EarlyStopping counter: 9 / 20
[Epoch 43] Train Loss: 0.2594, Loss_s: 0.2451, Loss_u: 0.0114, Loss_kl: 0.0603, Mask: 0.7771, Acc: 0.9345, Prec: 0.7930, Rec: 0.6078, F1: 0.6550                                                                                       
[Epoch 43] Val Loss: 0.2768, Acc: 0.9272, Prec: 0.8258, Rec: 0.5375, F1: 0.5994
        EarlyStopping counter: 10 / 20
[Epoch 44] Train Loss: 0.2601, Loss_s: 0.2457, Loss_u: 0.0114, Loss_kl: 0.0606, Mask: 0.7758, Acc: 0.9352, Prec: 0.7967, Rec: 0.6048, F1: 0.6551                                                                                       
[Epoch 44] Val Loss: 0.2757, Acc: 0.9264, Prec: 0.8562, Rec: 0.5127, F1: 0.5942
        EarlyStopping counter: 11 / 20
[Epoch 45] Train Loss: 0.2605, Loss_s: 0.2461, Loss_u: 0.0115, Loss_kl: 0.0604, Mask: 0.7753, Acc: 0.9353, Prec: 0.7912, Rec: 0.6081, F1: 0.6539                                                                                       
[Epoch 45] Val Loss: 0.2705, Acc: 0.9288, Prec: 0.8511, Rec: 0.5471, F1: 0.6140
        EarlyStopping counter: 12 / 20
[Epoch 46] Train Loss: 0.2604, Loss_s: 0.2460, Loss_u: 0.0117, Loss_kl: 0.0603, Mask: 0.7727, Acc: 0.9349, Prec: 0.7931, Rec: 0.6119, F1: 0.6579                                                                                       
[Epoch 46] Val Loss: 0.2654, Acc: 0.9293, Prec: 0.8416, Rec: 0.5631, F1: 0.6205
        EarlyStopping counter: 13 / 20
[Epoch 47] Train Loss: 0.2611, Loss_s: 0.2470, Loss_u: 0.0108, Loss_kl: 0.0595, Mask: 0.7749, Acc: 0.9350, Prec: 0.7939, Rec: 0.6040, F1: 0.6549                                                                                       
[Epoch 47] Val Loss: 0.2673, Acc: 0.9292, Prec: 0.8684, Rec: 0.5456, F1: 0.6215
        EarlyStopping counter: 14 / 20
[Epoch 48] Train Loss: 0.2593, Loss_s: 0.2450, Loss_u: 0.0114, Loss_kl: 0.0603, Mask: 0.7771, Acc: 0.9353, Prec: 0.7910, Rec: 0.6062, F1: 0.6557                                                                                       
[Epoch 48] Val Loss: 0.2669, Acc: 0.9288, Prec: 0.8389, Rec: 0.5400, F1: 0.6087
        EarlyStopping counter: 15 / 20
[Epoch 49] Train Loss: 0.2605, Loss_s: 0.2463, Loss_u: 0.0111, Loss_kl: 0.0598, Mask: 0.7757, Acc: 0.9349, Prec: 0.8018, Rec: 0.6102, F1: 0.6596                                                                                       
[Epoch 49] Val Loss: 0.2690, Acc: 0.9291, Prec: 0.8572, Rec: 0.5469, F1: 0.6133
        EarlyStopping counter: 16 / 20
[Epoch 50] Train Loss: 0.2592, Loss_s: 0.2449, Loss_u: 0.0117, Loss_kl: 0.0600, Mask: 0.7717, Acc: 0.9354, Prec: 0.7973, Rec: 0.6090, F1: 0.6583                                                                                       
[Epoch 50] Val Loss: 0.2816, Acc: 0.9263, Prec: 0.8248, Rec: 0.5303, F1: 0.5927
        EarlyStopping counter: 17 / 20
[Epoch 51] Train Loss: 0.2587, Loss_s: 0.2442, Loss_u: 0.0117, Loss_kl: 0.0608, Mask: 0.7802, Acc: 0.9351, Prec: 0.7898, Rec: 0.6086, F1: 0.6563                                                                                       
[Epoch 51] Val Loss: 0.2829, Acc: 0.9258, Prec: 0.8341, Rec: 0.5302, F1: 0.5919
        EarlyStopping counter: 18 / 20
[Epoch 52] Train Loss: 0.2606, Loss_s: 0.2461, Loss_u: 0.0119, Loss_kl: 0.0605, Mask: 0.7818, Acc: 0.9347, Prec: 0.7905, Rec: 0.6058, F1: 0.6542                                                                                       
[Epoch 52] Val Loss: 0.2713, Acc: 0.9286, Prec: 0.8607, Rec: 0.5265, F1: 0.5972
        EarlyStopping counter: 19 / 20
[Epoch 53] Train Loss: 0.2600, Loss_s: 0.2462, Loss_u: 0.0105, Loss_kl: 0.0588, Mask: 0.7767, Acc: 0.9352, Prec: 0.7928, Rec: 0.6070, F1: 0.6560                                                                                       
[Epoch 53] Val Loss: 0.2781, Acc: 0.9276, Prec: 0.8671, Rec: 0.5425, F1: 0.6121
        EarlyStopping counter: 20 / 20
Early stopping triggered...
Total training time: 92 min 39.35 sec
Loaded best model.
[Best Model Train] Loss: 0.2640, Acc: 0.9313, Prec: 0.8025, Rec: 0.5591, F1: 0.6216                                                                                                                                                    
[Best Model Train] Classification Report:
              precision    recall  f1-score   support

           0     0.8077    0.5075    0.6233      3220
           1     0.7134    0.5625    0.6290       416
           2     0.7466    0.2393    0.3624      3891
           3     0.9227    0.9269    0.9248      7260
           4     0.5884    0.1852    0.2818      2694
           5     0.9232    0.7411    0.8222       649
           6     0.6437    0.0626    0.1142       894
           7     0.9375    0.8108    0.8696       111
           8     0.9392    0.9961    0.9668    110573

    accuracy                         0.9313    129708
   macro avg     0.8025    0.5591    0.6216    129708
weighted avg     0.9191    0.9313    0.9158    129708

[Best Model Train] Confusion Matrix:
[[  1634     43     16      8     99      1      0      0   1419]
 [    54    234      7      4     59      4      1      0     53]
 [    48      4    931    272    120     11     11      2   2492]
 [     7      1     46   6729      0      0      1      0    476]
 [   189     30    116     16    499      1      6      0   1837]
 [    28      9     38     10     19    481      1      4     59]
 [     3      1     14     17     11      0     56      0    792]
 [     1      0     13      0      0      7      0     90      0]
 [    59      6     66    237     41     16     11      0 110137]]

[Best Model Validation] Loss: 0.2620, Acc: 0.9294, Prec: 0.8196, Rec: 0.5685, F1: 0.6216                                                                                                                                               
[Best Model Validation] Classification Report:
              precision    recall  f1-score   support

           0     0.7701    0.4472    0.5658       644
           1     0.7742    0.5783    0.6621        83
           2     0.7234    0.2622    0.3849       778
           3     0.9009    0.9325    0.9164      1452
           4     0.6475    0.1468    0.2394       538
           5     0.9588    0.7209    0.8230       129
           6     0.8235    0.0787    0.1436       178
           7     0.8400    0.9545    0.8936        22
           8     0.9382    0.9952    0.9659     22114

    accuracy                         0.9294     25938
   macro avg     0.8196    0.5685    0.6216     25938
weighted avg     0.9182    0.9294    0.9133     25938

[Best Model Validation] Confusion Matrix:
[[  288     3    11     6     8     0     0     1   327]
 [   12    48     4     1     5     0     0     0    13]
 [    9     2   204    57    19     4     1     0   482]
 [    1     1     9  1354     0     0     0     0    87]
 [   43     5    30     3    79     0     2     0   376]
 [   12     3     3     2     4    93     0     3     9]
 [    0     0     2     6     1     0    14     0   155]
 [    0     0     1     0     0     0     0    21     0]
 [    9     0    18    74     6     0     0     0 22007]]

[Test] Loss: 0.2649, Acc: 0.9288, Prec: 0.7665, Rec: 0.5455, F1: 0.6003                                                                                                                                                                
[Test] Classification Report:
              precision    recall  f1-score   support

           0     0.7672    0.4674    0.5809       430
           1     0.6316    0.4286    0.5106        56
           2     0.6875    0.2538    0.3708       520
           3     0.9080    0.9483    0.9277       968
           4     0.6000    0.1496    0.2395       361
           5     0.9104    0.6932    0.7871        88
           6     0.6316    0.0992    0.1714       121
           7     0.8235    0.8750    0.8485        16
           8     0.9390    0.9940    0.9657     14744

    accuracy                         0.9288     17304
   macro avg     0.7665    0.5455    0.6003     17304
weighted avg     0.9150    0.9288    0.9130     17304

[Test] Confusion Matrix:
[[  201     4     3     3     6     0     0     0   213]
 [    8    24     2     1     5     0     0     0    16]
 [    7     2   132    30    20     3     3     2   321]
 [    0     0     5   918     0     0     0     0    45]
 [   36     8    21     1    54     0     2     0   239]
 [    1     0     9     1     2    61     0     1    13]
 [    0     0     1     3     0     0    12     0   105]
 [    0     0     2     0     0     0     0    14     0]
 [    9     0    17    54     3     3     2     0 14656]]