## backbone freeze
## layer4 unfreeze
## fc.classifier unfreeze

05/13/2026 12:44:43 - INFO - root -   train_labeled_dataset: 129708
05/13/2026 12:44:43 - INFO - root -   val_dataset: 25938
05/13/2026 12:44:43 - INFO - root -   test_dataset: 17304
05/13/2026 12:44:43 - INFO - root -   train_unlabeled_dataset: 638507
[Epoch 1] Train Loss: 0.1911, Loss_s: 0.1786, Loss_u: 0.0172, Loss_kl: 0.0453, Mask: 0.8335, Acc: 0.9479, Prec: 0.7066, Rec: 0.6624, F1: 0.6509                                                                                        
[Epoch 1] Val Loss: 0.1533, Acc: 0.9559, Prec: 0.8770, Rec: 0.6730, F1: 0.7432
        Validation F1 improved → Saving model: ./checkpoints/best_model.pt
[Epoch 2] Train Loss: 0.1414, Loss_s: 0.1292, Loss_u: 0.0169, Loss_kl: 0.0436, Mask: 0.8444, Acc: 0.9602, Prec: 0.8279, Rec: 0.7362, F1: 0.7727                                                                                        
[Epoch 2] Val Loss: 0.1272, Acc: 0.9633, Prec: 0.8935, Rec: 0.7383, F1: 0.7930
        Validation F1 improved → Saving model: ./checkpoints/best_model.pt
[Epoch 3] Train Loss: 0.1259, Loss_s: 0.1156, Loss_u: 0.0137, Loss_kl: 0.0380, Mask: 0.8604, Acc: 0.9636, Prec: 0.8439, Rec: 0.7684, F1: 0.7992                                                                                        
[Epoch 3] Val Loss: 0.1339, Acc: 0.9613, Prec: 0.8599, Rec: 0.7503, F1: 0.7793
        EarlyStopping counter: 1 / 20
[Epoch 4] Train Loss: 0.1229, Loss_s: 0.1121, Loss_u: 0.0145, Loss_kl: 0.0396, Mask: 0.8576, Acc: 0.9650, Prec: 0.8523, Rec: 0.7821, F1: 0.8100                                                                                        
[Epoch 4] Val Loss: 0.1277, Acc: 0.9618, Prec: 0.8241, Rec: 0.7470, F1: 0.7467
        EarlyStopping counter: 2 / 20
[Epoch 5] Train Loss: 0.1185, Loss_s: 0.1084, Loss_u: 0.0131, Loss_kl: 0.0371, Mask: 0.8623, Acc: 0.9652, Prec: 0.8519, Rec: 0.7831, F1: 0.8118                                                                                        
[Epoch 5] Val Loss: 0.1414, Acc: 0.9600, Prec: 0.9217, Rec: 0.7060, F1: 0.7776
        EarlyStopping counter: 3 / 20
[Epoch 6] Train Loss: 0.1163, Loss_s: 0.1063, Loss_u: 0.0131, Loss_kl: 0.0368, Mask: 0.8613, Acc: 0.9663, Prec: 0.8658, Rec: 0.7956, F1: 0.8249                                                                                        
[Epoch 6] Val Loss: 0.1219, Acc: 0.9628, Prec: 0.8820, Rec: 0.7579, F1: 0.7959
        Validation F1 improved → Saving model: ./checkpoints/best_model.pt
[Epoch 7] Train Loss: 0.1134, Loss_s: 0.1039, Loss_u: 0.0124, Loss_kl: 0.0352, Mask: 0.8683, Acc: 0.9668, Prec: 0.8656, Rec: 0.7978, F1: 0.8263                                                                                        
[Epoch 7] Val Loss: 0.1206, Acc: 0.9631, Prec: 0.8695, Rec: 0.7646, F1: 0.7974
        Validation F1 improved → Saving model: ./checkpoints/best_model.pt
[Epoch 8] Train Loss: 0.1121, Loss_s: 0.1022, Loss_u: 0.0133, Loss_kl: 0.0363, Mask: 0.8696, Acc: 0.9671, Prec: 0.8665, Rec: 0.7991, F1: 0.8275                                                                                        
[Epoch 8] Val Loss: 0.1161, Acc: 0.9647, Prec: 0.8930, Rec: 0.7730, F1: 0.8066
        Validation F1 improved → Saving model: ./checkpoints/best_model.pt
[Epoch 9] Train Loss: 0.1100, Loss_s: 0.1008, Loss_u: 0.0121, Loss_kl: 0.0341, Mask: 0.8740, Acc: 0.9682, Prec: 0.8748, Rec: 0.8076, F1: 0.8361                                                                                        
[Epoch 9] Val Loss: 0.1198, Acc: 0.9639, Prec: 0.9080, Rec: 0.7574, F1: 0.8141
        Validation F1 improved → Saving model: ./checkpoints/best_model.pt
[Epoch 10] Train Loss: 0.1088, Loss_s: 0.1003, Loss_u: 0.0109, Loss_kl: 0.0317, Mask: 0.8756, Acc: 0.9677, Prec: 0.8696, Rec: 0.8040, F1: 0.8321                                                                                       
[Epoch 10] Val Loss: 0.1127, Acc: 0.9656, Prec: 0.8956, Rec: 0.7639, F1: 0.8099
        EarlyStopping counter: 1 / 20
[Epoch 11] Train Loss: 0.1066, Loss_s: 0.0975, Loss_u: 0.0118, Loss_kl: 0.0338, Mask: 0.8711, Acc: 0.9684, Prec: 0.8716, Rec: 0.8106, F1: 0.8372                                                                                       
[Epoch 11] Val Loss: 0.1198, Acc: 0.9629, Prec: 0.9090, Rec: 0.7625, F1: 0.8079
        EarlyStopping counter: 2 / 20
[Epoch 12] Train Loss: 0.1059, Loss_s: 0.0976, Loss_u: 0.0105, Loss_kl: 0.0311, Mask: 0.8746, Acc: 0.9680, Prec: 0.8733, Rec: 0.8074, F1: 0.8358                                                                                       
[Epoch 12] Val Loss: 0.1157, Acc: 0.9636, Prec: 0.9073, Rec: 0.7383, F1: 0.7953
        EarlyStopping counter: 3 / 20
[Epoch 13] Train Loss: 0.1038, Loss_s: 0.0954, Loss_u: 0.0106, Loss_kl: 0.0312, Mask: 0.8732, Acc: 0.9689, Prec: 0.8773, Rec: 0.8116, F1: 0.8404                                                                                       
[Epoch 13] Val Loss: 0.1136, Acc: 0.9655, Prec: 0.9065, Rec: 0.7772, F1: 0.8291
        Validation F1 improved → Saving model: ./checkpoints/best_model.pt
[Epoch 14] Train Loss: 0.1047, Loss_s: 0.0966, Loss_u: 0.0099, Loss_kl: 0.0305, Mask: 0.8706, Acc: 0.9681, Prec: 0.8770, Rec: 0.8092, F1: 0.8388                                                                                       
[Epoch 14] Val Loss: 0.1287, Acc: 0.9628, Prec: 0.8826, Rec: 0.7688, F1: 0.8014
        EarlyStopping counter: 1 / 20
[Epoch 15] Train Loss: 0.1022, Loss_s: 0.0943, Loss_u: 0.0100, Loss_kl: 0.0296, Mask: 0.8805, Acc: 0.9692, Prec: 0.8741, Rec: 0.8150, F1: 0.8410                                                                                       
[Epoch 15] Val Loss: 0.1235, Acc: 0.9630, Prec: 0.9053, Rec: 0.7435, F1: 0.7900
        EarlyStopping counter: 2 / 20
[Epoch 16] Train Loss: 0.1003, Loss_s: 0.0925, Loss_u: 0.0098, Loss_kl: 0.0291, Mask: 0.8780, Acc: 0.9697, Prec: 0.8797, Rec: 0.8198, F1: 0.8456                                                                                       
[Epoch 16] Val Loss: 0.1187, Acc: 0.9638, Prec: 0.9128, Rec: 0.7484, F1: 0.7990
        EarlyStopping counter: 3 / 20
[Epoch 17] Train Loss: 0.0996, Loss_s: 0.0920, Loss_u: 0.0095, Loss_kl: 0.0282, Mask: 0.8744, Acc: 0.9704, Prec: 0.8889, Rec: 0.8252, F1: 0.8534                                                                                       
[Epoch 17] Val Loss: 0.1162, Acc: 0.9649, Prec: 0.9072, Rec: 0.7728, F1: 0.8237
        EarlyStopping counter: 4 / 20
[Epoch 18] Train Loss: 0.1005, Loss_s: 0.0918, Loss_u: 0.0111, Loss_kl: 0.0321, Mask: 0.8742, Acc: 0.9701, Prec: 0.8857, Rec: 0.8220, F1: 0.8496                                                                                       
[Epoch 18] Val Loss: 0.1175, Acc: 0.9640, Prec: 0.8662, Rec: 0.7793, F1: 0.7931
        EarlyStopping counter: 5 / 20
[Epoch 19] Train Loss: 0.0977, Loss_s: 0.0897, Loss_u: 0.0102, Loss_kl: 0.0299, Mask: 0.8742, Acc: 0.9707, Prec: 0.8858, Rec: 0.8289, F1: 0.8536                                                                                       
[Epoch 19] Val Loss: 0.1296, Acc: 0.9614, Prec: 0.8938, Rec: 0.7505, F1: 0.7916
        EarlyStopping counter: 6 / 20
[Epoch 20] Train Loss: 0.0974, Loss_s: 0.0900, Loss_u: 0.0091, Loss_kl: 0.0280, Mask: 0.8785, Acc: 0.9707, Prec: 0.8889, Rec: 0.8275, F1: 0.8545                                                                                       
[Epoch 20] Val Loss: 0.1037, Acc: 0.9677, Prec: 0.9045, Rec: 0.7931, F1: 0.8324
        Validation F1 improved → Saving model: ./checkpoints/best_model.pt
[Epoch 21] Train Loss: 0.0947, Loss_s: 0.0881, Loss_u: 0.0083, Loss_kl: 0.0250, Mask: 0.8816, Acc: 0.9709, Prec: 0.8859, Rec: 0.8306, F1: 0.8546                                                                                       
[Epoch 21] Val Loss: 0.1231, Acc: 0.9623, Prec: 0.9082, Rec: 0.7461, F1: 0.8060
        EarlyStopping counter: 1 / 20
[Epoch 22] Train Loss: 0.0938, Loss_s: 0.0873, Loss_u: 0.0079, Loss_kl: 0.0250, Mask: 0.8804, Acc: 0.9710, Prec: 0.8856, Rec: 0.8295, F1: 0.8538                                                                                       
[Epoch 22] Val Loss: 0.1066, Acc: 0.9677, Prec: 0.9183, Rec: 0.7716, F1: 0.8229
        EarlyStopping counter: 2 / 20
[Epoch 23] Train Loss: 0.0942, Loss_s: 0.0877, Loss_u: 0.0080, Loss_kl: 0.0247, Mask: 0.8782, Acc: 0.9713, Prec: 0.8907, Rec: 0.8263, F1: 0.8545                                                                                       
[Epoch 23] Val Loss: 0.1075, Acc: 0.9673, Prec: 0.8988, Rec: 0.7791, F1: 0.8207
        EarlyStopping counter: 3 / 20
[Epoch 24] Train Loss: 0.0940, Loss_s: 0.0872, Loss_u: 0.0083, Loss_kl: 0.0256, Mask: 0.8792, Acc: 0.9714, Prec: 0.8886, Rec: 0.8332, F1: 0.8572                                                                                       
[Epoch 24] Val Loss: 0.1204, Acc: 0.9621, Prec: 0.8941, Rec: 0.7514, F1: 0.7915
        EarlyStopping counter: 4 / 20
[Epoch 25] Train Loss: 0.0924, Loss_s: 0.0860, Loss_u: 0.0079, Loss_kl: 0.0243, Mask: 0.8861, Acc: 0.9713, Prec: 0.8899, Rec: 0.8308, F1: 0.8561                                                                                       
[Epoch 25] Val Loss: 0.1138, Acc: 0.9639, Prec: 0.9137, Rec: 0.7477, F1: 0.8085
        EarlyStopping counter: 5 / 20
[Epoch 26] Train Loss: 0.0923, Loss_s: 0.0860, Loss_u: 0.0074, Loss_kl: 0.0238, Mask: 0.8850, Acc: 0.9717, Prec: 0.8939, Rec: 0.8327, F1: 0.8596                                                                                       
[Epoch 26] Val Loss: 0.1130, Acc: 0.9652, Prec: 0.9047, Rec: 0.7647, F1: 0.8171
        EarlyStopping counter: 6 / 20
[Epoch 27] Train Loss: 0.0911, Loss_s: 0.0847, Loss_u: 0.0080, Loss_kl: 0.0243, Mask: 0.8848, Acc: 0.9714, Prec: 0.8873, Rec: 0.8347, F1: 0.8576                                                                                       
[Epoch 27] Val Loss: 0.1179, Acc: 0.9641, Prec: 0.9104, Rec: 0.7494, F1: 0.8052
        EarlyStopping counter: 7 / 20
[Epoch 28] Train Loss: 0.0901, Loss_s: 0.0841, Loss_u: 0.0071, Loss_kl: 0.0229, Mask: 0.8862, Acc: 0.9720, Prec: 0.8931, Rec: 0.8393, F1: 0.8629                                                                                       
[Epoch 28] Val Loss: 0.1190, Acc: 0.9646, Prec: 0.9217, Rec: 0.7603, F1: 0.8129
        EarlyStopping counter: 8 / 20
[Epoch 29] Train Loss: 0.0924, Loss_s: 0.0851, Loss_u: 0.0094, Loss_kl: 0.0271, Mask: 0.8871, Acc: 0.9717, Prec: 0.8906, Rec: 0.8316, F1: 0.8577                                                                                       
[Epoch 29] Val Loss: 0.1153, Acc: 0.9639, Prec: 0.9036, Rec: 0.7581, F1: 0.8045
        EarlyStopping counter: 9 / 20
[Epoch 30] Train Loss: 0.0915, Loss_s: 0.0849, Loss_u: 0.0081, Loss_kl: 0.0250, Mask: 0.8857, Acc: 0.9718, Prec: 0.8932, Rec: 0.8344, F1: 0.8603                                                                                       
[Epoch 30] Val Loss: 0.1157, Acc: 0.9644, Prec: 0.8842, Rec: 0.7574, F1: 0.7900
        EarlyStopping counter: 10 / 20
[Epoch 31] Train Loss: 0.0899, Loss_s: 0.0833, Loss_u: 0.0081, Loss_kl: 0.0248, Mask: 0.8894, Acc: 0.9722, Prec: 0.8947, Rec: 0.8348, F1: 0.8611                                                                                       
[Epoch 31] Val Loss: 0.1179, Acc: 0.9641, Prec: 0.9164, Rec: 0.7542, F1: 0.8130
        EarlyStopping counter: 11 / 20
[Epoch 32] Train Loss: 0.0887, Loss_s: 0.0828, Loss_u: 0.0069, Loss_kl: 0.0227, Mask: 0.8912, Acc: 0.9719, Prec: 0.8962, Rec: 0.8418, F1: 0.8658                                                                                       
[Epoch 32] Val Loss: 0.1068, Acc: 0.9665, Prec: 0.9246, Rec: 0.7805, F1: 0.8313
        EarlyStopping counter: 12 / 20
[Epoch 33] Train Loss: 0.0895, Loss_s: 0.0828, Loss_u: 0.0081, Loss_kl: 0.0251, Mask: 0.8900, Acc: 0.9724, Prec: 0.8953, Rec: 0.8369, F1: 0.8625                                                                                       
[Epoch 33] Val Loss: 0.1106, Acc: 0.9661, Prec: 0.9112, Rec: 0.7796, F1: 0.8250
        EarlyStopping counter: 13 / 20
[Epoch 34] Train Loss: 0.0892, Loss_s: 0.0827, Loss_u: 0.0078, Loss_kl: 0.0243, Mask: 0.8866, Acc: 0.9723, Prec: 0.8949, Rec: 0.8379, F1: 0.8632                                                                                       
[Epoch 34] Val Loss: 0.1092, Acc: 0.9663, Prec: 0.9153, Rec: 0.7776, F1: 0.8274
        EarlyStopping counter: 14 / 20
[Epoch 35] Train Loss: 0.0879, Loss_s: 0.0819, Loss_u: 0.0072, Loss_kl: 0.0226, Mask: 0.8858, Acc: 0.9725, Prec: 0.8966, Rec: 0.8436, F1: 0.8673                                                                                       
[Epoch 35] Val Loss: 0.1068, Acc: 0.9669, Prec: 0.9070, Rec: 0.7706, F1: 0.8209
        EarlyStopping counter: 15 / 20
[Epoch 36] Train Loss: 0.0872, Loss_s: 0.0810, Loss_u: 0.0075, Loss_kl: 0.0233, Mask: 0.8865, Acc: 0.9732, Prec: 0.8960, Rec: 0.8471, F1: 0.8682                                                                                       
[Epoch 36] Val Loss: 0.1146, Acc: 0.9640, Prec: 0.9052, Rec: 0.7423, F1: 0.8017
        EarlyStopping counter: 16 / 20
[Epoch 37] Train Loss: 0.0877, Loss_s: 0.0817, Loss_u: 0.0070, Loss_kl: 0.0226, Mask: 0.8881, Acc: 0.9725, Prec: 0.8990, Rec: 0.8471, F1: 0.8703                                                                                       
[Epoch 37] Val Loss: 0.1125, Acc: 0.9662, Prec: 0.9107, Rec: 0.7631, F1: 0.8141
        EarlyStopping counter: 17 / 20
[Epoch 38] Train Loss: 0.0863, Loss_s: 0.0806, Loss_u: 0.0067, Loss_kl: 0.0221, Mask: 0.8881, Acc: 0.9729, Prec: 0.8982, Rec: 0.8446, F1: 0.8686                                                                                       
[Epoch 38] Val Loss: 0.1127, Acc: 0.9650, Prec: 0.9266, Rec: 0.7598, F1: 0.8183
        EarlyStopping counter: 18 / 20
[Epoch 39] Train Loss: 0.0870, Loss_s: 0.0815, Loss_u: 0.0063, Loss_kl: 0.0214, Mask: 0.8904, Acc: 0.9722, Prec: 0.8953, Rec: 0.8415, F1: 0.8653                                                                                       
[Epoch 39] Val Loss: 0.1098, Acc: 0.9653, Prec: 0.9179, Rec: 0.7601, F1: 0.8127
        EarlyStopping counter: 19 / 20
[Epoch 40] Train Loss: 0.0849, Loss_s: 0.0789, Loss_u: 0.0074, Loss_kl: 0.0229, Mask: 0.8897, Acc: 0.9737, Prec: 0.9037, Rec: 0.8474, F1: 0.8726                                                                                       
[Epoch 40] Val Loss: 0.1038, Acc: 0.9672, Prec: 0.9157, Rec: 0.7771, F1: 0.8289
        EarlyStopping counter: 20 / 20
Early stopping triggered...
Total training time: 72 min 2.83 sec
Loaded best model.
[Best Model Train] Loss: 0.1028, Acc: 0.9674, Prec: 0.9129, Rec: 0.7917, F1: 0.8314                                                                                                                                                    
[Best Model Train] Classification Report:
              precision    recall  f1-score   support

           0     0.8965    0.8935    0.8950      3220
           1     0.8423    0.8990    0.8698       416
           2     0.8870    0.6618    0.7580      3891
           3     0.9603    0.9767    0.9685      7260
           4     0.8717    0.5698    0.6891      2694
           5     0.9497    0.8721    0.9092       649
           6     0.8710    0.3020    0.4485       894
           7     0.9636    0.9550    0.9593       111
           8     0.9743    0.9956    0.9848    110573

    accuracy                         0.9674    129708
   macro avg     0.9129    0.7917    0.8314    129708
weighted avg     0.9655    0.9674    0.9642    129708

[Best Model Train] Confusion Matrix:
[[  2877      5      1      1      1      0      0      0    335]
 [    21    374      1      3     10      1      1      0      5]
 [    21      4   2575    175     83      5      5      1   1022]
 [     1      0     28   7091      0      2      0      0    138]
 [   140     44    123      0   1535      4     23      0    825]
 [    15      7     24      4     12    566      0      3     18]
 [     2      1     10      3     42      1    270      0    565]
 [     0      0      0      0      1      4      0    106      0]
 [   132      9    141    107     77     13     11      0 110083]]

[Best Model Validation] Loss: 0.1037, Acc: 0.9677, Prec: 0.9045, Rec: 0.7931, F1: 0.8324                                                                                                                                               
[Best Model Validation] Classification Report:
              precision    recall  f1-score   support

           0     0.9030    0.8820    0.8924       644
           1     0.8065    0.9036    0.8523        83
           2     0.8691    0.6825    0.7646       778
           3     0.9686    0.9780    0.9733      1452
           4     0.8226    0.5948    0.6904       538
           5     0.9619    0.7829    0.8632       129
           6     0.8784    0.3652    0.5159       178
           7     0.9545    0.9545    0.9545        22
           8     0.9756    0.9948    0.9851     22114

    accuracy                         0.9677     25938
   macro avg     0.9045    0.7931    0.8324     25938
weighted avg     0.9658    0.9677    0.9651     25938

[Best Model Validation] Confusion Matrix:
[[  568     3     1     0     2     0     0     0    70]
 [    0    75     0     0     6     1     0     0     1]
 [    3     0   531    27    27     0     1     0   189]
 [    0     0    10  1420     0     0     0     0    22]
 [   22    10    19     0   320     2     6     0   159]
 [    5     4     8     0     4   101     1     1     5]
 [    1     0     0     1     7     0    65     0   104]
 [    0     0     0     0     1     0     0    21     0]
 [   30     1    42    18    22     1     1     0 21999]]

[Test] Loss: 0.1057, Acc: 0.9681, Prec: 0.9084, Rec: 0.7874, F1: 0.8273                                                                                                                                                                
[Test] Classification Report:
              precision    recall  f1-score   support

           0     0.9052    0.8884    0.8967       430
           1     0.8136    0.8571    0.8348        56
           2     0.8809    0.6827    0.7692       520
           3     0.9646    0.9855    0.9750       968
           4     0.8589    0.5900    0.6995       361
           5     0.9615    0.8523    0.9036        88
           6     0.8780    0.2975    0.4444       121
           7     0.9375    0.9375    0.9375        16
           8     0.9751    0.9953    0.9851     14744

    accuracy                         0.9681     17304
   macro avg     0.9084    0.7874    0.8273     17304
weighted avg     0.9663    0.9681    0.9652     17304

[Test] Confusion Matrix:
[[  382     1     0     0     1     0     0     0    46]
 [    3    48     0     0     2     0     1     0     2]
 [    2     0   355    25    12     1     0     1   124]
 [    0     0     4   954     0     0     0     0    10]
 [   17     6    13     0   213     0     3     0   109]
 [    1     0     4     0     4    75     0     0     4]
 [    0     0     2     0     4     0    36     0    79]
 [    0     0     0     0     0     1     0    15     0]
 [   17     4    25    10    12     1     1     0 14674]]