## backbone unfreeze
## fc.classifier unfreeze

05/12/2026 22:58:37 - INFO - root -   train_labeled_dataset: 129708
05/12/2026 22:58:37 - INFO - root -   val_dataset: 25938
05/12/2026 22:58:37 - INFO - root -   test_dataset: 17304
05/12/2026 22:58:37 - INFO - root -   train_unlabeled_dataset: 638507
[Epoch 1] Train Loss: 0.1503, Loss_s: 0.1435, Loss_u: 0.0100, Loss_kl: 0.0240, Mask: 0.8582, Acc: 0.9561, Prec: 0.7118, Rec: 0.7059, F1: 0.6879                                                                                        
[Epoch 1] Val Loss: 0.1040, Acc: 0.9669, Prec: 0.8773, Rec: 0.7904, F1: 0.8256
        Validation F1 improved → Saving model: ./checkpoints/best_model.pt
[Epoch 2] Train Loss: 0.0998, Loss_s: 0.0940, Loss_u: 0.0078, Loss_kl: 0.0212, Mask: 0.8807, Acc: 0.9684, Prec: 0.8349, Rec: 0.7839, F1: 0.8076                                                                                        
[Epoch 2] Val Loss: 0.1084, Acc: 0.9685, Prec: 0.9111, Rec: 0.7800, F1: 0.8329
        Validation F1 improved → Saving model: ./checkpoints/best_model.pt
[Epoch 3] Train Loss: 0.0883, Loss_s: 0.0839, Loss_u: 0.0056, Loss_kl: 0.0166, Mask: 0.8995, Acc: 0.9713, Prec: 0.8609, Rec: 0.8205, F1: 0.8394                                                                                        
[Epoch 3] Val Loss: 0.1000, Acc: 0.9702, Prec: 0.8723, Rec: 0.8163, F1: 0.8307
        EarlyStopping counter: 1 / 20
[Epoch 4] Train Loss: 0.0837, Loss_s: 0.0797, Loss_u: 0.0048, Loss_kl: 0.0151, Mask: 0.9043, Acc: 0.9725, Prec: 0.8645, Rec: 0.8266, F1: 0.8446                                                                                        
[Epoch 4] Val Loss: 0.0955, Acc: 0.9688, Prec: 0.7835, Rec: 0.8310, F1: 0.7723
        EarlyStopping counter: 2 / 20
[Epoch 5] Train Loss: 0.0803, Loss_s: 0.0763, Loss_u: 0.0049, Loss_kl: 0.0150, Mask: 0.8906, Acc: 0.9737, Prec: 0.8746, Rec: 0.8389, F1: 0.8558                                                                                        
[Epoch 5] Val Loss: 0.0970, Acc: 0.9716, Prec: 0.9253, Rec: 0.8035, F1: 0.8528
        Validation F1 improved → Saving model: ./checkpoints/best_model.pt
[Epoch 6] Train Loss: 0.0796, Loss_s: 0.0761, Loss_u: 0.0044, Loss_kl: 0.0134, Mask: 0.8904, Acc: 0.9734, Prec: 0.8719, Rec: 0.8402, F1: 0.8551                                                                                        
[Epoch 6] Val Loss: 0.1166, Acc: 0.9673, Prec: 0.8885, Rec: 0.7604, F1: 0.7972
        EarlyStopping counter: 1 / 20
[Epoch 7] Train Loss: 0.0790, Loss_s: 0.0754, Loss_u: 0.0045, Loss_kl: 0.0135, Mask: 0.9019, Acc: 0.9739, Prec: 0.8823, Rec: 0.8452, F1: 0.8628                                                                                        
[Epoch 7] Val Loss: 0.0948, Acc: 0.9724, Prec: 0.8758, Rec: 0.8511, F1: 0.8545
        Validation F1 improved → Saving model: ./checkpoints/best_model.pt
[Epoch 8] Train Loss: 0.0762, Loss_s: 0.0727, Loss_u: 0.0042, Loss_kl: 0.0132, Mask: 0.8629, Acc: 0.9739, Prec: 0.8727, Rec: 0.8409, F1: 0.8558                                                                                        
[Epoch 8] Val Loss: 0.1125, Acc: 0.9665, Prec: 0.9095, Rec: 0.7996, F1: 0.8418
        EarlyStopping counter: 1 / 20
[Epoch 9] Train Loss: 0.0752, Loss_s: 0.0718, Loss_u: 0.0039, Loss_kl: 0.0127, Mask: 0.8741, Acc: 0.9750, Prec: 0.8900, Rec: 0.8533, F1: 0.8707                                                                                        
[Epoch 9] Val Loss: 0.0881, Acc: 0.9710, Prec: 0.8950, Rec: 0.8331, F1: 0.8568
        Validation F1 improved → Saving model: ./checkpoints/best_model.pt
[Epoch 10] Train Loss: 0.0740, Loss_s: 0.0709, Loss_u: 0.0034, Loss_kl: 0.0117, Mask: 0.8981, Acc: 0.9751, Prec: 0.8874, Rec: 0.8551, F1: 0.8704                                                                                       
[Epoch 10] Val Loss: 0.0813, Acc: 0.9737, Prec: 0.9139, Rec: 0.8220, F1: 0.8564
        EarlyStopping counter: 1 / 20
[Epoch 11] Train Loss: 0.0724, Loss_s: 0.0696, Loss_u: 0.0031, Loss_kl: 0.0108, Mask: 0.8949, Acc: 0.9757, Prec: 0.8918, Rec: 0.8579, F1: 0.8739                                                                                       
[Epoch 11] Val Loss: 0.0952, Acc: 0.9706, Prec: 0.9119, Rec: 0.8072, F1: 0.8515
        EarlyStopping counter: 2 / 20
[Epoch 12] Train Loss: 0.0718, Loss_s: 0.0688, Loss_u: 0.0034, Loss_kl: 0.0115, Mask: 0.9073, Acc: 0.9757, Prec: 0.8877, Rec: 0.8572, F1: 0.8716                                                                                       
[Epoch 12] Val Loss: 0.0883, Acc: 0.9704, Prec: 0.9114, Rec: 0.7958, F1: 0.8394
        EarlyStopping counter: 3 / 20
[Epoch 13] Train Loss: 0.0699, Loss_s: 0.0671, Loss_u: 0.0031, Loss_kl: 0.0109, Mask: 0.9141, Acc: 0.9760, Prec: 0.8869, Rec: 0.8541, F1: 0.8697                                                                                       
[Epoch 13] Val Loss: 0.0868, Acc: 0.9723, Prec: 0.9164, Rec: 0.8263, F1: 0.8627
        Validation F1 improved → Saving model: ./checkpoints/best_model.pt
[Epoch 14] Train Loss: 0.0705, Loss_s: 0.0676, Loss_u: 0.0033, Loss_kl: 0.0112, Mask: 0.9160, Acc: 0.9759, Prec: 0.8879, Rec: 0.8582, F1: 0.8722                                                                                       
[Epoch 14] Val Loss: 0.0873, Acc: 0.9715, Prec: 0.9128, Rec: 0.8060, F1: 0.8436
        EarlyStopping counter: 1 / 20
[Epoch 15] Train Loss: 0.0691, Loss_s: 0.0665, Loss_u: 0.0029, Loss_kl: 0.0104, Mask: 0.9175, Acc: 0.9764, Prec: 0.8888, Rec: 0.8581, F1: 0.8727                                                                                       
[Epoch 15] Val Loss: 0.0939, Acc: 0.9687, Prec: 0.9220, Rec: 0.7926, F1: 0.8419
        EarlyStopping counter: 2 / 20
[Epoch 16] Train Loss: 0.0686, Loss_s: 0.0660, Loss_u: 0.0029, Loss_kl: 0.0102, Mask: 0.9161, Acc: 0.9767, Prec: 0.8972, Rec: 0.8642, F1: 0.8798                                                                                       
[Epoch 16] Val Loss: 0.0761, Acc: 0.9733, Prec: 0.9078, Rec: 0.8273, F1: 0.8601
        EarlyStopping counter: 3 / 20
[Epoch 17] Train Loss: 0.0682, Loss_s: 0.0658, Loss_u: 0.0026, Loss_kl: 0.0096, Mask: 0.9136, Acc: 0.9766, Prec: 0.8956, Rec: 0.8659, F1: 0.8801                                                                                       
[Epoch 17] Val Loss: 0.0904, Acc: 0.9695, Prec: 0.8914, Rec: 0.8018, F1: 0.8338
        EarlyStopping counter: 4 / 20
[Epoch 18] Train Loss: 0.0661, Loss_s: 0.0636, Loss_u: 0.0028, Loss_kl: 0.0099, Mask: 0.9194, Acc: 0.9772, Prec: 0.8990, Rec: 0.8650, F1: 0.8813                                                                                       
[Epoch 18] Val Loss: 0.1036, Acc: 0.9692, Prec: 0.8904, Rec: 0.8112, F1: 0.8377
        EarlyStopping counter: 5 / 20
[Epoch 19] Train Loss: 0.0659, Loss_s: 0.0634, Loss_u: 0.0027, Loss_kl: 0.0095, Mask: 0.9219, Acc: 0.9774, Prec: 0.9027, Rec: 0.8736, F1: 0.8875                                                                                       
[Epoch 19] Val Loss: 0.0897, Acc: 0.9692, Prec: 0.8864, Rec: 0.8143, F1: 0.8336
        EarlyStopping counter: 6 / 20
[Epoch 20] Train Loss: 0.0644, Loss_s: 0.0618, Loss_u: 0.0029, Loss_kl: 0.0099, Mask: 0.9199, Acc: 0.9778, Prec: 0.9006, Rec: 0.8724, F1: 0.8859                                                                                       
[Epoch 20] Val Loss: 0.0753, Acc: 0.9751, Prec: 0.8987, Rec: 0.8490, F1: 0.8672
        Validation F1 improved → Saving model: ./checkpoints/best_model.pt
[Epoch 21] Train Loss: 0.0639, Loss_s: 0.0613, Loss_u: 0.0030, Loss_kl: 0.0100, Mask: 0.9221, Acc: 0.9778, Prec: 0.9052, Rec: 0.8751, F1: 0.8895                                                                                       
[Epoch 21] Val Loss: 0.0946, Acc: 0.9692, Prec: 0.9272, Rec: 0.7969, F1: 0.8494
        EarlyStopping counter: 1 / 20
[Epoch 22] Train Loss: 0.0635, Loss_s: 0.0611, Loss_u: 0.0026, Loss_kl: 0.0092, Mask: 0.9236, Acc: 0.9775, Prec: 0.8987, Rec: 0.8681, F1: 0.8827                                                                                       
[Epoch 22] Val Loss: 0.0644, Acc: 0.9775, Prec: 0.9224, Rec: 0.8404, F1: 0.8739
        Validation F1 improved → Saving model: ./checkpoints/best_model.pt
[Epoch 23] Train Loss: 0.0630, Loss_s: 0.0603, Loss_u: 0.0033, Loss_kl: 0.0101, Mask: 0.9228, Acc: 0.9782, Prec: 0.9012, Rec: 0.8743, F1: 0.8870                                                                                       
[Epoch 23] Val Loss: 0.0680, Acc: 0.9768, Prec: 0.9153, Rec: 0.8494, F1: 0.8761
        Validation F1 improved → Saving model: ./checkpoints/best_model.pt
[Epoch 24] Train Loss: 0.0631, Loss_s: 0.0607, Loss_u: 0.0028, Loss_kl: 0.0093, Mask: 0.9195, Acc: 0.9777, Prec: 0.9016, Rec: 0.8768, F1: 0.8885                                                                                       
[Epoch 24] Val Loss: 0.0652, Acc: 0.9763, Prec: 0.9042, Rec: 0.8501, F1: 0.8684
        EarlyStopping counter: 1 / 20
[Epoch 25] Train Loss: 0.0617, Loss_s: 0.0592, Loss_u: 0.0029, Loss_kl: 0.0099, Mask: 0.9207, Acc: 0.9787, Prec: 0.9061, Rec: 0.8809, F1: 0.8928                                                                                       
[Epoch 25] Val Loss: 0.0843, Acc: 0.9705, Prec: 0.9268, Rec: 0.8050, F1: 0.8539
        EarlyStopping counter: 2 / 20
[Epoch 26] Train Loss: 0.0619, Loss_s: 0.0595, Loss_u: 0.0028, Loss_kl: 0.0093, Mask: 0.9244, Acc: 0.9784, Prec: 0.9090, Rec: 0.8755, F1: 0.8915                                                                                       
[Epoch 26] Val Loss: 0.0822, Acc: 0.9715, Prec: 0.9095, Rec: 0.8256, F1: 0.8591
        EarlyStopping counter: 3 / 20
[Epoch 27] Train Loss: 0.0614, Loss_s: 0.0589, Loss_u: 0.0028, Loss_kl: 0.0096, Mask: 0.9214, Acc: 0.9787, Prec: 0.9073, Rec: 0.8788, F1: 0.8925                                                                                       
[Epoch 27] Val Loss: 0.0767, Acc: 0.9725, Prec: 0.9042, Rec: 0.8311, F1: 0.8588
        EarlyStopping counter: 4 / 20
[Epoch 28] Train Loss: 0.0606, Loss_s: 0.0582, Loss_u: 0.0027, Loss_kl: 0.0094, Mask: 0.9231, Acc: 0.9790, Prec: 0.9104, Rec: 0.8798, F1: 0.8945                                                                                       
[Epoch 28] Val Loss: 0.1056, Acc: 0.9681, Prec: 0.9098, Rec: 0.7955, F1: 0.8376
        EarlyStopping counter: 5 / 20
[Epoch 29] Train Loss: 0.0603, Loss_s: 0.0575, Loss_u: 0.0034, Loss_kl: 0.0104, Mask: 0.9178, Acc: 0.9785, Prec: 0.9058, Rec: 0.8729, F1: 0.8887                                                                                       
[Epoch 29] Val Loss: 0.0934, Acc: 0.9697, Prec: 0.9194, Rec: 0.8146, F1: 0.8544
        EarlyStopping counter: 6 / 20
[Epoch 30] Train Loss: 0.0599, Loss_s: 0.0573, Loss_u: 0.0029, Loss_kl: 0.0099, Mask: 0.9225, Acc: 0.9790, Prec: 0.9151, Rec: 0.8873, F1: 0.9006                                                                                       
[Epoch 30] Val Loss: 0.0898, Acc: 0.9695, Prec: 0.8991, Rec: 0.8120, F1: 0.8416
        EarlyStopping counter: 7 / 20
[Epoch 31] Train Loss: 0.0594, Loss_s: 0.0570, Loss_u: 0.0028, Loss_kl: 0.0093, Mask: 0.9258, Acc: 0.9796, Prec: 0.9101, Rec: 0.8834, F1: 0.8961                                                                                       
[Epoch 31] Val Loss: 0.0875, Acc: 0.9703, Prec: 0.8989, Rec: 0.8208, F1: 0.8485
        EarlyStopping counter: 8 / 20
[Epoch 32] Train Loss: 0.0590, Loss_s: 0.0565, Loss_u: 0.0031, Loss_kl: 0.0097, Mask: 0.9246, Acc: 0.9793, Prec: 0.9091, Rec: 0.8845, F1: 0.8962                                                                                       
[Epoch 32] Val Loss: 0.0871, Acc: 0.9722, Prec: 0.9214, Rec: 0.8214, F1: 0.8609
        EarlyStopping counter: 9 / 20
[Epoch 33] Train Loss: 0.0588, Loss_s: 0.0562, Loss_u: 0.0031, Loss_kl: 0.0098, Mask: 0.9246, Acc: 0.9794, Prec: 0.9117, Rec: 0.8887, F1: 0.8996                                                                                       
[Epoch 33] Val Loss: 0.0813, Acc: 0.9728, Prec: 0.9161, Rec: 0.8351, F1: 0.8655
        EarlyStopping counter: 10 / 20
[Epoch 34] Train Loss: 0.0586, Loss_s: 0.0560, Loss_u: 0.0031, Loss_kl: 0.0100, Mask: 0.9245, Acc: 0.9794, Prec: 0.9117, Rec: 0.8800, F1: 0.8953                                                                                       
[Epoch 34] Val Loss: 0.0795, Acc: 0.9724, Prec: 0.9214, Rec: 0.8257, F1: 0.8659
        EarlyStopping counter: 11 / 20
[Epoch 35] Train Loss: 0.0579, Loss_s: 0.0555, Loss_u: 0.0027, Loss_kl: 0.0092, Mask: 0.9244, Acc: 0.9801, Prec: 0.9154, Rec: 0.8906, F1: 0.9023                                                                                       
[Epoch 35] Val Loss: 0.0887, Acc: 0.9725, Prec: 0.9210, Rec: 0.8118, F1: 0.8568
        EarlyStopping counter: 12 / 20
[Epoch 36] Train Loss: 0.0574, Loss_s: 0.0548, Loss_u: 0.0032, Loss_kl: 0.0098, Mask: 0.9257, Acc: 0.9798, Prec: 0.9145, Rec: 0.8849, F1: 0.8991                                                                                       
[Epoch 36] Val Loss: 0.0851, Acc: 0.9738, Prec: 0.9184, Rec: 0.8208, F1: 0.8611
        EarlyStopping counter: 13 / 20
[Epoch 37] Train Loss: 0.0579, Loss_s: 0.0555, Loss_u: 0.0028, Loss_kl: 0.0092, Mask: 0.9259, Acc: 0.9794, Prec: 0.9119, Rec: 0.8885, F1: 0.8997                                                                                       
[Epoch 37] Val Loss: 0.1235, Acc: 0.9662, Prec: 0.9186, Rec: 0.7747, F1: 0.8304
        EarlyStopping counter: 14 / 20
[Epoch 38] Train Loss: 0.0568, Loss_s: 0.0546, Loss_u: 0.0026, Loss_kl: 0.0089, Mask: 0.9272, Acc: 0.9802, Prec: 0.9158, Rec: 0.8911, F1: 0.9028                                                                                       
[Epoch 38] Val Loss: 0.0842, Acc: 0.9727, Prec: 0.9048, Rec: 0.8348, F1: 0.8622
        EarlyStopping counter: 15 / 20
[Epoch 39] Train Loss: 0.0568, Loss_s: 0.0543, Loss_u: 0.0028, Loss_kl: 0.0095, Mask: 0.9239, Acc: 0.9802, Prec: 0.9093, Rec: 0.8899, F1: 0.8991                                                                                       
[Epoch 39] Val Loss: 0.0632, Acc: 0.9785, Prec: 0.9015, Rec: 0.8682, F1: 0.8810
        Validation F1 improved → Saving model: ./checkpoints/best_model.pt
[Epoch 40] Train Loss: 0.0563, Loss_s: 0.0537, Loss_u: 0.0032, Loss_kl: 0.0098, Mask: 0.9248, Acc: 0.9804, Prec: 0.9205, Rec: 0.8916, F1: 0.9055                                                                                       
[Epoch 40] Val Loss: 0.0630, Acc: 0.9775, Prec: 0.9105, Rec: 0.8640, F1: 0.8831
        Validation F1 improved → Saving model: ./checkpoints/best_model.pt
[Epoch 41] Train Loss: 0.0561, Loss_s: 0.0536, Loss_u: 0.0029, Loss_kl: 0.0095, Mask: 0.9275, Acc: 0.9802, Prec: 0.9129, Rec: 0.8898, F1: 0.9009                                                                                       
[Epoch 41] Val Loss: 0.0694, Acc: 0.9756, Prec: 0.9144, Rec: 0.8490, F1: 0.8747
        EarlyStopping counter: 1 / 20
[Epoch 42] Train Loss: 0.0561, Loss_s: 0.0536, Loss_u: 0.0029, Loss_kl: 0.0093, Mask: 0.9266, Acc: 0.9803, Prec: 0.9203, Rec: 0.8946, F1: 0.9070                                                                                       
[Epoch 42] Val Loss: 0.0958, Acc: 0.9693, Prec: 0.9208, Rec: 0.8055, F1: 0.8509
        EarlyStopping counter: 2 / 20
[Epoch 43] Train Loss: 0.0557, Loss_s: 0.0533, Loss_u: 0.0029, Loss_kl: 0.0094, Mask: 0.9269, Acc: 0.9802, Prec: 0.9139, Rec: 0.8924, F1: 0.9026                                                                                       
[Epoch 43] Val Loss: 0.0926, Acc: 0.9707, Prec: 0.9113, Rec: 0.8076, F1: 0.8447
        EarlyStopping counter: 3 / 20
[Epoch 44] Train Loss: 0.0553, Loss_s: 0.0527, Loss_u: 0.0031, Loss_kl: 0.0097, Mask: 0.9276, Acc: 0.9807, Prec: 0.9208, Rec: 0.8956, F1: 0.9077                                                                                       
[Epoch 44] Val Loss: 0.0781, Acc: 0.9747, Prec: 0.9026, Rec: 0.8356, F1: 0.8596
        EarlyStopping counter: 4 / 20
[Epoch 45] Train Loss: 0.0549, Loss_s: 0.0525, Loss_u: 0.0029, Loss_kl: 0.0094, Mask: 0.9275, Acc: 0.9808, Prec: 0.9241, Rec: 0.8975, F1: 0.9103                                                                                       
[Epoch 45] Val Loss: 0.0743, Acc: 0.9744, Prec: 0.9123, Rec: 0.8458, F1: 0.8721
        EarlyStopping counter: 5 / 20
[Epoch 46] Train Loss: 0.0547, Loss_s: 0.0526, Loss_u: 0.0024, Loss_kl: 0.0083, Mask: 0.9288, Acc: 0.9805, Prec: 0.9150, Rec: 0.8937, F1: 0.9039                                                                                       
[Epoch 46] Val Loss: 0.0789, Acc: 0.9734, Prec: 0.9199, Rec: 0.8340, F1: 0.8688
        EarlyStopping counter: 6 / 20
[Epoch 47] Train Loss: 0.0549, Loss_s: 0.0527, Loss_u: 0.0026, Loss_kl: 0.0087, Mask: 0.9284, Acc: 0.9806, Prec: 0.9193, Rec: 0.8927, F1: 0.9055                                                                                       
[Epoch 47] Val Loss: 0.0794, Acc: 0.9748, Prec: 0.9139, Rec: 0.8473, F1: 0.8741
        EarlyStopping counter: 7 / 20
[Epoch 48] Train Loss: 0.0548, Loss_s: 0.0523, Loss_u: 0.0031, Loss_kl: 0.0094, Mask: 0.9285, Acc: 0.9807, Prec: 0.9199, Rec: 0.8940, F1: 0.9065                                                                                       
[Epoch 48] Val Loss: 0.0699, Acc: 0.9754, Prec: 0.9142, Rec: 0.8514, F1: 0.8750
        EarlyStopping counter: 8 / 20
[Epoch 49] Train Loss: 0.0536, Loss_s: 0.0512, Loss_u: 0.0029, Loss_kl: 0.0093, Mask: 0.9272, Acc: 0.9811, Prec: 0.9219, Rec: 0.8973, F1: 0.9092                                                                                       
[Epoch 49] Val Loss: 0.0807, Acc: 0.9742, Prec: 0.9148, Rec: 0.8340, F1: 0.8645
        EarlyStopping counter: 9 / 20
[Epoch 50] Train Loss: 0.0541, Loss_s: 0.0516, Loss_u: 0.0031, Loss_kl: 0.0095, Mask: 0.9246, Acc: 0.9809, Prec: 0.9185, Rec: 0.8962, F1: 0.9068                                                                                       
[Epoch 50] Val Loss: 0.0702, Acc: 0.9765, Prec: 0.9190, Rec: 0.8643, F1: 0.8853
        Validation F1 improved → Saving model: ./checkpoints/best_model.pt
[Epoch 51] Train Loss: 0.0538, Loss_s: 0.0513, Loss_u: 0.0030, Loss_kl: 0.0093, Mask: 0.9264, Acc: 0.9811, Prec: 0.9234, Rec: 0.8971, F1: 0.9098                                                                                       
[Epoch 51] Val Loss: 0.0906, Acc: 0.9700, Prec: 0.9112, Rec: 0.8062, F1: 0.8452
        EarlyStopping counter: 1 / 20
[Epoch 52] Train Loss: 0.0531, Loss_s: 0.0506, Loss_u: 0.0029, Loss_kl: 0.0094, Mask: 0.9282, Acc: 0.9811, Prec: 0.9250, Rec: 0.9006, F1: 0.9123                                                                                       
[Epoch 52] Val Loss: 0.0876, Acc: 0.9709, Prec: 0.9005, Rec: 0.8122, F1: 0.8423
        EarlyStopping counter: 2 / 20
[Epoch 53] Train Loss: 0.0537, Loss_s: 0.0511, Loss_u: 0.0032, Loss_kl: 0.0099, Mask: 0.9256, Acc: 0.9813, Prec: 0.9240, Rec: 0.8951, F1: 0.9090                                                                                       
[Epoch 53] Val Loss: 0.0667, Acc: 0.9766, Prec: 0.9161, Rec: 0.8529, F1: 0.8768
        EarlyStopping counter: 3 / 20
[Epoch 54] Train Loss: 0.0532, Loss_s: 0.0506, Loss_u: 0.0031, Loss_kl: 0.0099, Mask: 0.9183, Acc: 0.9813, Prec: 0.9196, Rec: 0.9007, F1: 0.9096                                                                                       
[Epoch 54] Val Loss: 0.0747, Acc: 0.9755, Prec: 0.9205, Rec: 0.8442, F1: 0.8757
        EarlyStopping counter: 4 / 20
[Epoch 55] Train Loss: 0.0530, Loss_s: 0.0505, Loss_u: 0.0029, Loss_kl: 0.0096, Mask: 0.9203, Acc: 0.9813, Prec: 0.9238, Rec: 0.8969, F1: 0.9099                                                                                       
[Epoch 55] Val Loss: 0.0735, Acc: 0.9742, Prec: 0.9125, Rec: 0.8537, F1: 0.8759
        EarlyStopping counter: 5 / 20
[Epoch 56] Train Loss: 0.0525, Loss_s: 0.0500, Loss_u: 0.0031, Loss_kl: 0.0095, Mask: 0.9259, Acc: 0.9816, Prec: 0.9283, Rec: 0.8976, F1: 0.9125                                                                                       
[Epoch 56] Val Loss: 0.0963, Acc: 0.9690, Prec: 0.9250, Rec: 0.8027, F1: 0.8498
        EarlyStopping counter: 6 / 20
[Epoch 57] Train Loss: 0.0516, Loss_s: 0.0491, Loss_u: 0.0031, Loss_kl: 0.0095, Mask: 0.9278, Acc: 0.9818, Prec: 0.9274, Rec: 0.9020, F1: 0.9143                                                                                       
[Epoch 57] Val Loss: 0.0711, Acc: 0.9756, Prec: 0.9148, Rec: 0.8614, F1: 0.8813
        EarlyStopping counter: 7 / 20
[Epoch 58] Train Loss: 0.0520, Loss_s: 0.0495, Loss_u: 0.0031, Loss_kl: 0.0095, Mask: 0.9279, Acc: 0.9817, Prec: 0.9259, Rec: 0.9009, F1: 0.9129                                                                                       
[Epoch 58] Val Loss: 0.0850, Acc: 0.9726, Prec: 0.9139, Rec: 0.8303, F1: 0.8644
        EarlyStopping counter: 8 / 20
[Epoch 59] Train Loss: 0.0521, Loss_s: 0.0497, Loss_u: 0.0028, Loss_kl: 0.0092, Mask: 0.9255, Acc: 0.9817, Prec: 0.9243, Rec: 0.9021, F1: 0.9128                                                                                       
[Epoch 59] Val Loss: 0.0798, Acc: 0.9734, Prec: 0.9206, Rec: 0.8190, F1: 0.8597
        EarlyStopping counter: 9 / 20
[Epoch 60] Train Loss: 0.0513, Loss_s: 0.0491, Loss_u: 0.0026, Loss_kl: 0.0086, Mask: 0.9337, Acc: 0.9814, Prec: 0.9219, Rec: 0.8971, F1: 0.9091                                                                                       
[Epoch 60] Val Loss: 0.0811, Acc: 0.9740, Prec: 0.9251, Rec: 0.8328, F1: 0.8688
        EarlyStopping counter: 10 / 20
[Epoch 61] Train Loss: 0.0511, Loss_s: 0.0485, Loss_u: 0.0032, Loss_kl: 0.0095, Mask: 0.9306, Acc: 0.9816, Prec: 0.9234, Rec: 0.9036, F1: 0.9132                                                                                       
[Epoch 61] Val Loss: 0.0715, Acc: 0.9758, Prec: 0.9208, Rec: 0.8495, F1: 0.8781
        EarlyStopping counter: 11 / 20
[Epoch 62] Train Loss: 0.0503, Loss_s: 0.0479, Loss_u: 0.0030, Loss_kl: 0.0091, Mask: 0.9303, Acc: 0.9821, Prec: 0.9269, Rec: 0.9076, F1: 0.9169                                                                                       
[Epoch 62] Val Loss: 0.0859, Acc: 0.9719, Prec: 0.9093, Rec: 0.8158, F1: 0.8474
        EarlyStopping counter: 12 / 20
[Epoch 63] Train Loss: 0.0506, Loss_s: 0.0480, Loss_u: 0.0032, Loss_kl: 0.0096, Mask: 0.9305, Acc: 0.9822, Prec: 0.9303, Rec: 0.9086, F1: 0.9191                                                                                       
[Epoch 63] Val Loss: 0.0881, Acc: 0.9728, Prec: 0.9276, Rec: 0.8294, F1: 0.8700
        EarlyStopping counter: 13 / 20
[Epoch 64] Train Loss: 0.0501, Loss_s: 0.0475, Loss_u: 0.0033, Loss_kl: 0.0099, Mask: 0.9295, Acc: 0.9822, Prec: 0.9276, Rec: 0.9065, F1: 0.9167                                                                                       
[Epoch 64] Val Loss: 0.0725, Acc: 0.9766, Prec: 0.9295, Rec: 0.8450, F1: 0.8816
        EarlyStopping counter: 14 / 20
[Epoch 65] Train Loss: 0.0500, Loss_s: 0.0476, Loss_u: 0.0029, Loss_kl: 0.0090, Mask: 0.9306, Acc: 0.9820, Prec: 0.9275, Rec: 0.9045, F1: 0.9157                                                                                       
[Epoch 65] Val Loss: 0.0788, Acc: 0.9738, Prec: 0.9286, Rec: 0.8371, F1: 0.8738
        EarlyStopping counter: 15 / 20
[Epoch 66] Train Loss: 0.0499, Loss_s: 0.0475, Loss_u: 0.0029, Loss_kl: 0.0091, Mask: 0.9306, Acc: 0.9821, Prec: 0.9247, Rec: 0.9052, F1: 0.9146                                                                                       
[Epoch 66] Val Loss: 0.0872, Acc: 0.9710, Prec: 0.9172, Rec: 0.8140, F1: 0.8533
        EarlyStopping counter: 16 / 20
[Epoch 67] Train Loss: 0.0497, Loss_s: 0.0473, Loss_u: 0.0027, Loss_kl: 0.0091, Mask: 0.9292, Acc: 0.9823, Prec: 0.9284, Rec: 0.9069, F1: 0.9174                                                                                       
[Epoch 67] Val Loss: 0.0803, Acc: 0.9738, Prec: 0.9356, Rec: 0.8245, F1: 0.8691
        EarlyStopping counter: 17 / 20
[Epoch 68] Train Loss: 0.0497, Loss_s: 0.0473, Loss_u: 0.0028, Loss_kl: 0.0089, Mask: 0.9313, Acc: 0.9824, Prec: 0.9309, Rec: 0.9093, F1: 0.9197                                                                                       
[Epoch 68] Val Loss: 0.0748, Acc: 0.9760, Prec: 0.9220, Rec: 0.8444, F1: 0.8749
        EarlyStopping counter: 18 / 20
[Epoch 69] Train Loss: 0.0496, Loss_s: 0.0473, Loss_u: 0.0027, Loss_kl: 0.0090, Mask: 0.9304, Acc: 0.9822, Prec: 0.9321, Rec: 0.9087, F1: 0.9200                                                                                       
[Epoch 69] Val Loss: 0.0964, Acc: 0.9700, Prec: 0.9202, Rec: 0.8112, F1: 0.8532
        EarlyStopping counter: 19 / 20
[Epoch 70] Train Loss: 0.0491, Loss_s: 0.0467, Loss_u: 0.0030, Loss_kl: 0.0092, Mask: 0.9295, Acc: 0.9826, Prec: 0.9300, Rec: 0.9091, F1: 0.9191                                                                                       
[Epoch 70] Val Loss: 0.0792, Acc: 0.9748, Prec: 0.9191, Rec: 0.8515, F1: 0.8776
        EarlyStopping counter: 20 / 20
Early stopping triggered...
Total training time: 99 min 13.66 sec
Loaded best model.
[Best Model Train] Loss: 0.0682, Acc: 0.9764, Prec: 0.9320, Rec: 0.8658, F1: 0.8938                                                                                                                                                    
[Best Model Train] Classification Report:
              precision    recall  f1-score   support

           0     0.9755    0.8783    0.9243      3220
           1     0.8971    0.9639    0.9293       416
           2     0.9547    0.7150    0.8176      3891
           3     0.9674    0.9895    0.9783      7260
           4     0.8897    0.6733    0.7665      2694
           5     0.9818    0.8305    0.8998       649
           6     0.8248    0.7528    0.7871       894
           7     0.9167    0.9910    0.9524       111
           8     0.9806    0.9977    0.9891    110573

    accuracy                         0.9764    129708
   macro avg     0.9320    0.8658    0.8938    129708
weighted avg     0.9757    0.9764    0.9750    129708

[Best Model Train] Confusion Matrix:
[[  2828      5      3      0      7      0      1      0    376]
 [     2    401      2      2      5      0      0      0      4]
 [     7      4   2782    145    122      3      9      2    817]
 [     0      0     10   7184      0      0      0      0     66]
 [    39     24     46      1   1814      5     86      0    679]
 [     8      7     17     19     18    539      2      8     31]
 [     0      3      0      1     10      0    673      0    207]
 [     1      0      0      0      0      0      0    110      0]
 [    14      3     54     74     63      2     45      0 110318]]

[Best Model Validation] Loss: 0.0702, Acc: 0.9765, Prec: 0.9190, Rec: 0.8643, F1: 0.8853                                                                                                                                               
[Best Model Validation] Classification Report:
              precision    recall  f1-score   support

           0     0.9839    0.8556    0.9153       644
           1     0.7843    0.9639    0.8649        83
           2     0.9585    0.7121    0.8171       778
           3     0.9600    0.9917    0.9756      1452
           4     0.8819    0.6803    0.7681       538
           5     0.9903    0.7907    0.8793       129
           6     0.7735    0.7865    0.7799       178
           7     0.9565    1.0000    0.9778        22
           8     0.9821    0.9982    0.9901     22114

    accuracy                         0.9765     25938
   macro avg     0.9190    0.8643    0.8853     25938
weighted avg     0.9761    0.9765    0.9752     25938

[Best Model Validation] Confusion Matrix:
[[  551     6     0     0     2     0     1     0    84]
 [    0    80     0     0     3     0     0     0     0]
 [    1     0   554    45    27     0     3     0   148]
 [    0     0     5  1440     0     0     0     0     7]
 [    4     9     9     0   366     1    25     0   124]
 [    2     5     5     2     6   102     0     1     6]
 [    0     0     2     0     3     0   140     0    33]
 [    0     0     0     0     0     0     0    22     0]
 [    2     2     3    13     8     0    12     0 22074]]

[Test] Loss: 0.0672, Acc: 0.9771, Prec: 0.9328, Rec: 0.8589, F1: 0.8896                                                                                                                                                                
[Test] Classification Report:
              precision    recall  f1-score   support

           0     0.9716    0.8744    0.9204       430
           1     0.8125    0.9286    0.8667        56
           2     0.9595    0.7288    0.8284       520
           3     0.9717    0.9917    0.9816       968
           4     0.9328    0.6925    0.7949       361
           5     0.9605    0.8295    0.8902        88
           6     0.8646    0.6860    0.7650       121
           7     0.9412    1.0000    0.9697        16
           8     0.9804    0.9983    0.9893     14744

    accuracy                         0.9771     17304
   macro avg     0.9328    0.8589    0.8896     17304
weighted avg     0.9766    0.9771    0.9758     17304

[Test] Confusion Matrix:
[[  376     1     0     0     0     0     0     0    53]
 [    0    52     0     0     3     0     0     0     1]
 [    0     1   379    19    11     1     1     1   107]
 [    0     0     1   960     0     0     0     0     7]
 [    6     7     7     0   250     2     7     0    82]
 [    1     1     2     2     2    73     0     0     7]
 [    0     0     0     0     1     0    83     0    37]
 [    0     0     0     0     0     0     0    16     0]
 [    4     2     6     7     1     0     5     0 14719]]