## backbone unfreeze
## fc.classifier unfreeze

05/07/2026 18:50:23 - INFO - root -   train_labeled_dataset: 129708
05/07/2026 18:50:23 - INFO - root -   val_dataset: 25938
05/07/2026 18:50:23 - INFO - root -   test_dataset: 17304
05/07/2026 18:50:23 - INFO - root -   train_unlabeled_dataset: 638507
ResnetModel(
  (backbone): ResNet(
    (conv1): Conv2d(3, 64, kernel_size=(7, 7), stride=(2, 2), padding=(3, 3), bias=False)
    (bn1): BatchNorm2d(64, eps=1e-05, momentum=0.1, affine=True, track_running_stats=True)
    (relu): ReLU(inplace=True)
    (maxpool): MaxPool2d(kernel_size=3, stride=2, padding=1, dilation=1, ceil_mode=False)
    (layer1): Sequential(
      (0): BasicBlock(
        (conv1): Conv2d(64, 64, kernel_size=(3, 3), stride=(1, 1), padding=(1, 1), bias=False)
        (bn1): BatchNorm2d(64, eps=1e-05, momentum=0.1, affine=True, track_running_stats=True)
        (relu): ReLU(inplace=True)
        (conv2): Conv2d(64, 64, kernel_size=(3, 3), stride=(1, 1), padding=(1, 1), bias=False)
        (bn2): BatchNorm2d(64, eps=1e-05, momentum=0.1, affine=True, track_running_stats=True)
      )
      (1): BasicBlock(
        (conv1): Conv2d(64, 64, kernel_size=(3, 3), stride=(1, 1), padding=(1, 1), bias=False)
        (bn1): BatchNorm2d(64, eps=1e-05, momentum=0.1, affine=True, track_running_stats=True)
        (relu): ReLU(inplace=True)
        (conv2): Conv2d(64, 64, kernel_size=(3, 3), stride=(1, 1), padding=(1, 1), bias=False)
        (bn2): BatchNorm2d(64, eps=1e-05, momentum=0.1, affine=True, track_running_stats=True)
      )
      (2): BasicBlock(
        (conv1): Conv2d(64, 64, kernel_size=(3, 3), stride=(1, 1), padding=(1, 1), bias=False)
        (bn1): BatchNorm2d(64, eps=1e-05, momentum=0.1, affine=True, track_running_stats=True)
        (relu): ReLU(inplace=True)
        (conv2): Conv2d(64, 64, kernel_size=(3, 3), stride=(1, 1), padding=(1, 1), bias=False)
        (bn2): BatchNorm2d(64, eps=1e-05, momentum=0.1, affine=True, track_running_stats=True)
      )
    )
    (layer2): Sequential(
      (0): BasicBlock(
        (conv1): Conv2d(64, 128, kernel_size=(3, 3), stride=(2, 2), padding=(1, 1), bias=False)
        (bn1): BatchNorm2d(128, eps=1e-05, momentum=0.1, affine=True, track_running_stats=True)
        (relu): ReLU(inplace=True)
        (conv2): Conv2d(128, 128, kernel_size=(3, 3), stride=(1, 1), padding=(1, 1), bias=False)
        (bn2): BatchNorm2d(128, eps=1e-05, momentum=0.1, affine=True, track_running_stats=True)
        (downsample): Sequential(
          (0): Conv2d(64, 128, kernel_size=(1, 1), stride=(2, 2), bias=False)
          (1): BatchNorm2d(128, eps=1e-05, momentum=0.1, affine=True, track_running_stats=True)
        )
      )
      (1): BasicBlock(
        (conv1): Conv2d(128, 128, kernel_size=(3, 3), stride=(1, 1), padding=(1, 1), bias=False)
        (bn1): BatchNorm2d(128, eps=1e-05, momentum=0.1, affine=True, track_running_stats=True)
        (relu): ReLU(inplace=True)
        (conv2): Conv2d(128, 128, kernel_size=(3, 3), stride=(1, 1), padding=(1, 1), bias=False)
        (bn2): BatchNorm2d(128, eps=1e-05, momentum=0.1, affine=True, track_running_stats=True)
      )
      (2): BasicBlock(
        (conv1): Conv2d(128, 128, kernel_size=(3, 3), stride=(1, 1), padding=(1, 1), bias=False)
        (bn1): BatchNorm2d(128, eps=1e-05, momentum=0.1, affine=True, track_running_stats=True)
        (relu): ReLU(inplace=True)
        (conv2): Conv2d(128, 128, kernel_size=(3, 3), stride=(1, 1), padding=(1, 1), bias=False)
        (bn2): BatchNorm2d(128, eps=1e-05, momentum=0.1, affine=True, track_running_stats=True)
      )
      (3): BasicBlock(
        (conv1): Conv2d(128, 128, kernel_size=(3, 3), stride=(1, 1), padding=(1, 1), bias=False)
        (bn1): BatchNorm2d(128, eps=1e-05, momentum=0.1, affine=True, track_running_stats=True)
        (relu): ReLU(inplace=True)
        (conv2): Conv2d(128, 128, kernel_size=(3, 3), stride=(1, 1), padding=(1, 1), bias=False)
        (bn2): BatchNorm2d(128, eps=1e-05, momentum=0.1, affine=True, track_running_stats=True)
      )
    )
    (layer3): Sequential(
      (0): BasicBlock(
        (conv1): Conv2d(128, 256, kernel_size=(3, 3), stride=(2, 2), padding=(1, 1), bias=False)
        (bn1): BatchNorm2d(256, eps=1e-05, momentum=0.1, affine=True, track_running_stats=True)
        (relu): ReLU(inplace=True)
        (conv2): Conv2d(256, 256, kernel_size=(3, 3), stride=(1, 1), padding=(1, 1), bias=False)
        (bn2): BatchNorm2d(256, eps=1e-05, momentum=0.1, affine=True, track_running_stats=True)
        (downsample): Sequential(
          (0): Conv2d(128, 256, kernel_size=(1, 1), stride=(2, 2), bias=False)
          (1): BatchNorm2d(256, eps=1e-05, momentum=0.1, affine=True, track_running_stats=True)
        )
      )
      (1): BasicBlock(
        (conv1): Conv2d(256, 256, kernel_size=(3, 3), stride=(1, 1), padding=(1, 1), bias=False)
        (bn1): BatchNorm2d(256, eps=1e-05, momentum=0.1, affine=True, track_running_stats=True)
        (relu): ReLU(inplace=True)
        (conv2): Conv2d(256, 256, kernel_size=(3, 3), stride=(1, 1), padding=(1, 1), bias=False)
        (bn2): BatchNorm2d(256, eps=1e-05, momentum=0.1, affine=True, track_running_stats=True)
      )
      (2): BasicBlock(
        (conv1): Conv2d(256, 256, kernel_size=(3, 3), stride=(1, 1), padding=(1, 1), bias=False)
        (bn1): BatchNorm2d(256, eps=1e-05, momentum=0.1, affine=True, track_running_stats=True)
        (relu): ReLU(inplace=True)
        (conv2): Conv2d(256, 256, kernel_size=(3, 3), stride=(1, 1), padding=(1, 1), bias=False)
        (bn2): BatchNorm2d(256, eps=1e-05, momentum=0.1, affine=True, track_running_stats=True)
      )
      (3): BasicBlock(
        (conv1): Conv2d(256, 256, kernel_size=(3, 3), stride=(1, 1), padding=(1, 1), bias=False)
        (bn1): BatchNorm2d(256, eps=1e-05, momentum=0.1, affine=True, track_running_stats=True)
        (relu): ReLU(inplace=True)
        (conv2): Conv2d(256, 256, kernel_size=(3, 3), stride=(1, 1), padding=(1, 1), bias=False)
        (bn2): BatchNorm2d(256, eps=1e-05, momentum=0.1, affine=True, track_running_stats=True)
      )
      (4): BasicBlock(
        (conv1): Conv2d(256, 256, kernel_size=(3, 3), stride=(1, 1), padding=(1, 1), bias=False)
        (bn1): BatchNorm2d(256, eps=1e-05, momentum=0.1, affine=True, track_running_stats=True)
        (relu): ReLU(inplace=True)
        (conv2): Conv2d(256, 256, kernel_size=(3, 3), stride=(1, 1), padding=(1, 1), bias=False)
        (bn2): BatchNorm2d(256, eps=1e-05, momentum=0.1, affine=True, track_running_stats=True)
      )
      (5): BasicBlock(
        (conv1): Conv2d(256, 256, kernel_size=(3, 3), stride=(1, 1), padding=(1, 1), bias=False)
        (bn1): BatchNorm2d(256, eps=1e-05, momentum=0.1, affine=True, track_running_stats=True)
        (relu): ReLU(inplace=True)
        (conv2): Conv2d(256, 256, kernel_size=(3, 3), stride=(1, 1), padding=(1, 1), bias=False)
        (bn2): BatchNorm2d(256, eps=1e-05, momentum=0.1, affine=True, track_running_stats=True)
      )
    )
    (layer4): Sequential(
      (0): BasicBlock(
        (conv1): Conv2d(256, 512, kernel_size=(3, 3), stride=(2, 2), padding=(1, 1), bias=False)
        (bn1): BatchNorm2d(512, eps=1e-05, momentum=0.1, affine=True, track_running_stats=True)
        (relu): ReLU(inplace=True)
        (conv2): Conv2d(512, 512, kernel_size=(3, 3), stride=(1, 1), padding=(1, 1), bias=False)
        (bn2): BatchNorm2d(512, eps=1e-05, momentum=0.1, affine=True, track_running_stats=True)
        (downsample): Sequential(
          (0): Conv2d(256, 512, kernel_size=(1, 1), stride=(2, 2), bias=False)
          (1): BatchNorm2d(512, eps=1e-05, momentum=0.1, affine=True, track_running_stats=True)
        )
      )
      (1): BasicBlock(
        (conv1): Conv2d(512, 512, kernel_size=(3, 3), stride=(1, 1), padding=(1, 1), bias=False)
        (bn1): BatchNorm2d(512, eps=1e-05, momentum=0.1, affine=True, track_running_stats=True)
        (relu): ReLU(inplace=True)
        (conv2): Conv2d(512, 512, kernel_size=(3, 3), stride=(1, 1), padding=(1, 1), bias=False)
        (bn2): BatchNorm2d(512, eps=1e-05, momentum=0.1, affine=True, track_running_stats=True)
      )
      (2): BasicBlock(
        (conv1): Conv2d(512, 512, kernel_size=(3, 3), stride=(1, 1), padding=(1, 1), bias=False)
        (bn1): BatchNorm2d(512, eps=1e-05, momentum=0.1, affine=True, track_running_stats=True)
        (relu): ReLU(inplace=True)
        (conv2): Conv2d(512, 512, kernel_size=(3, 3), stride=(1, 1), padding=(1, 1), bias=False)
        (bn2): BatchNorm2d(512, eps=1e-05, momentum=0.1, affine=True, track_running_stats=True)
      )
    )
    (avgpool): AdaptiveAvgPool2d(output_size=(1, 1))
    (fc): Sequential(
      (0): Linear(in_features=512, out_features=9, bias=True)
    )
  )
)
[Epoch 1] Train Loss: 0.1541, Loss_s: 0.1478, Loss_u: 0.0314, Mask: 0.8848, Acc: 0.9539, Prec: 0.6972, Rec: 0.6723, F1: 0.6657                                                                              
[Epoch 1] Val Loss: 0.1211, Acc: 0.9645, Prec: 0.8294, Rec: 0.7066, F1: 0.7087
        Validation F1 improved → Saving model: ./checkpoints/best_model.pt
[Epoch 2] Train Loss: 0.0983, Loss_s: 0.0936, Loss_u: 0.0235, Mask: 0.9112, Acc: 0.9686, Prec: 0.8455, Rec: 0.7916, F1: 0.8162                                                                              
[Epoch 2] Val Loss: 0.1134, Acc: 0.9663, Prec: 0.8166, Rec: 0.8219, F1: 0.7958
        Validation F1 improved → Saving model: ./checkpoints/best_model.pt
[Epoch 3] Train Loss: 0.0892, Loss_s: 0.0848, Loss_u: 0.0220, Mask: 0.9196, Acc: 0.9708, Prec: 0.8552, Rec: 0.8168, F1: 0.8343                                                                              
[Epoch 3] Val Loss: 0.1150, Acc: 0.9656, Prec: 0.9060, Rec: 0.7628, F1: 0.8188
        Validation F1 improved → Saving model: ./checkpoints/best_model.pt
[Epoch 4] Train Loss: 0.0847, Loss_s: 0.0806, Loss_u: 0.0204, Mask: 0.9243, Acc: 0.9722, Prec: 0.8657, Rec: 0.8244, F1: 0.8437                                                                              
[Epoch 4] Val Loss: 0.1022, Acc: 0.9693, Prec: 0.8972, Rec: 0.8074, F1: 0.8366
        Validation F1 improved → Saving model: ./checkpoints/best_model.pt
[Epoch 5] Train Loss: 0.0817, Loss_s: 0.0778, Loss_u: 0.0191, Mask: 0.9278, Acc: 0.9729, Prec: 0.8683, Rec: 0.8313, F1: 0.8484                                                                              
[Epoch 5] Val Loss: 0.0926, Acc: 0.9723, Prec: 0.9052, Rec: 0.8187, F1: 0.8520
        Validation F1 improved → Saving model: ./checkpoints/best_model.pt
[Epoch 6] Train Loss: 0.0794, Loss_s: 0.0757, Loss_u: 0.0188, Mask: 0.9286, Acc: 0.9734, Prec: 0.8746, Rec: 0.8418, F1: 0.8571                                                                              
[Epoch 6] Val Loss: 0.1192, Acc: 0.9677, Prec: 0.9225, Rec: 0.7762, F1: 0.8357
        EarlyStopping counter: 1 / 30
[Epoch 7] Train Loss: 0.0775, Loss_s: 0.0738, Loss_u: 0.0185, Mask: 0.9324, Acc: 0.9745, Prec: 0.8803, Rec: 0.8440, F1: 0.8611                                                                              
[Epoch 7] Val Loss: 0.0915, Acc: 0.9703, Prec: 0.8735, Rec: 0.8320, F1: 0.8408
        EarlyStopping counter: 2 / 30
[Epoch 8] Train Loss: 0.0767, Loss_s: 0.0730, Loss_u: 0.0182, Mask: 0.9347, Acc: 0.9743, Prec: 0.8791, Rec: 0.8453, F1: 0.8613                                                                              
[Epoch 8] Val Loss: 0.0817, Acc: 0.9742, Prec: 0.9133, Rec: 0.8279, F1: 0.8641
        Validation F1 improved → Saving model: ./checkpoints/best_model.pt
[Epoch 9] Train Loss: 0.0744, Loss_s: 0.0708, Loss_u: 0.0181, Mask: 0.9346, Acc: 0.9751, Prec: 0.8869, Rec: 0.8572, F1: 0.8712                                                                              
[Epoch 9] Val Loss: 0.1309, Acc: 0.9662, Prec: 0.9171, Rec: 0.7659, F1: 0.8207
        EarlyStopping counter: 1 / 30
[Epoch 10] Train Loss: 0.0738, Loss_s: 0.0701, Loss_u: 0.0187, Mask: 0.9352, Acc: 0.9755, Prec: 0.8850, Rec: 0.8515, F1: 0.8673                                                                             
[Epoch 10] Val Loss: 0.1435, Acc: 0.9648, Prec: 0.9110, Rec: 0.7768, F1: 0.8291
        EarlyStopping counter: 2 / 30
[Epoch 11] Train Loss: 0.0738, Loss_s: 0.0700, Loss_u: 0.0192, Mask: 0.9340, Acc: 0.9757, Prec: 0.8906, Rec: 0.8528, F1: 0.8707                                                                             
[Epoch 11] Val Loss: 0.0889, Acc: 0.9717, Prec: 0.8694, Rec: 0.8188, F1: 0.8292
        EarlyStopping counter: 3 / 30
[Epoch 12] Train Loss: 0.0719, Loss_s: 0.0682, Loss_u: 0.0185, Mask: 0.9328, Acc: 0.9759, Prec: 0.8886, Rec: 0.8534, F1: 0.8700                                                                             
[Epoch 12] Val Loss: 0.1021, Acc: 0.9714, Prec: 0.9013, Rec: 0.8059, F1: 0.8381
        EarlyStopping counter: 4 / 30
[Epoch 13] Train Loss: 0.0714, Loss_s: 0.0677, Loss_u: 0.0189, Mask: 0.9363, Acc: 0.9760, Prec: 0.8931, Rec: 0.8581, F1: 0.8745                                                                             
[Epoch 13] Val Loss: 0.0689, Acc: 0.9771, Prec: 0.9163, Rec: 0.8607, F1: 0.8815
        Validation F1 improved → Saving model: ./checkpoints/best_model.pt
[Epoch 14] Train Loss: 0.0697, Loss_s: 0.0660, Loss_u: 0.0187, Mask: 0.9362, Acc: 0.9765, Prec: 0.8995, Rec: 0.8694, F1: 0.8837                                                                             
[Epoch 14] Val Loss: 0.0865, Acc: 0.9734, Prec: 0.9303, Rec: 0.7991, F1: 0.8559
        EarlyStopping counter: 1 / 30
[Epoch 15] Train Loss: 0.0684, Loss_s: 0.0644, Loss_u: 0.0200, Mask: 0.9350, Acc: 0.9769, Prec: 0.8990, Rec: 0.8645, F1: 0.8810                                                                             
[Epoch 15] Val Loss: 0.0798, Acc: 0.9740, Prec: 0.9208, Rec: 0.8220, F1: 0.8648
        EarlyStopping counter: 2 / 30
[Epoch 16] Train Loss: 0.0685, Loss_s: 0.0649, Loss_u: 0.0184, Mask: 0.9372, Acc: 0.9766, Prec: 0.8991, Rec: 0.8649, F1: 0.8812                                                                             
[Epoch 16] Val Loss: 0.0863, Acc: 0.9725, Prec: 0.8891, Rec: 0.8426, F1: 0.8594
        EarlyStopping counter: 3 / 30
[Epoch 17] Train Loss: 0.0681, Loss_s: 0.0642, Loss_u: 0.0194, Mask: 0.9360, Acc: 0.9772, Prec: 0.8945, Rec: 0.8635, F1: 0.8781                                                                             
[Epoch 17] Val Loss: 0.0852, Acc: 0.9744, Prec: 0.9109, Rec: 0.8377, F1: 0.8635
        EarlyStopping counter: 4 / 30
[Epoch 18] Train Loss: 0.0671, Loss_s: 0.0632, Loss_u: 0.0195, Mask: 0.9363, Acc: 0.9771, Prec: 0.8946, Rec: 0.8623, F1: 0.8776                                                                             
[Epoch 18] Val Loss: 0.0685, Acc: 0.9778, Prec: 0.8998, Rec: 0.8713, F1: 0.8833
        Validation F1 improved → Saving model: ./checkpoints/best_model.pt
[Epoch 19] Train Loss: 0.0660, Loss_s: 0.0621, Loss_u: 0.0194, Mask: 0.9371, Acc: 0.9777, Prec: 0.9031, Rec: 0.8737, F1: 0.8876                                                                             
[Epoch 19] Val Loss: 0.0993, Acc: 0.9719, Prec: 0.9110, Rec: 0.8372, F1: 0.8650
        EarlyStopping counter: 1 / 30
[Epoch 20] Train Loss: 0.0653, Loss_s: 0.0612, Loss_u: 0.0204, Mask: 0.9353, Acc: 0.9780, Prec: 0.9040, Rec: 0.8791, F1: 0.8910                                                                             
[Epoch 20] Val Loss: 0.0957, Acc: 0.9717, Prec: 0.8796, Rec: 0.8292, F1: 0.8437
        EarlyStopping counter: 2 / 30
[Epoch 21] Train Loss: 0.0655, Loss_s: 0.0614, Loss_u: 0.0205, Mask: 0.9349, Acc: 0.9779, Prec: 0.9085, Rec: 0.8807, F1: 0.8939                                                                             
[Epoch 21] Val Loss: 0.0670, Acc: 0.9781, Prec: 0.9063, Rec: 0.8638, F1: 0.8788
        EarlyStopping counter: 3 / 30
[Epoch 22] Train Loss: 0.0646, Loss_s: 0.0605, Loss_u: 0.0204, Mask: 0.9334, Acc: 0.9780, Prec: 0.9055, Rec: 0.8789, F1: 0.8915                                                                             
[Epoch 22] Val Loss: 0.0934, Acc: 0.9731, Prec: 0.9017, Rec: 0.8347, F1: 0.8603
        EarlyStopping counter: 4 / 30
[Epoch 23] Train Loss: 0.0639, Loss_s: 0.0598, Loss_u: 0.0203, Mask: 0.9333, Acc: 0.9783, Prec: 0.9051, Rec: 0.8744, F1: 0.8890                                                                             
[Epoch 23] Val Loss: 0.0714, Acc: 0.9777, Prec: 0.9143, Rec: 0.8539, F1: 0.8802
        EarlyStopping counter: 5 / 30
[Epoch 24] Train Loss: 0.0638, Loss_s: 0.0597, Loss_u: 0.0209, Mask: 0.9340, Acc: 0.9785, Prec: 0.9103, Rec: 0.8809, F1: 0.8949                                                                             
[Epoch 24] Val Loss: 0.0728, Acc: 0.9765, Prec: 0.9122, Rec: 0.8531, F1: 0.8782
        EarlyStopping counter: 6 / 30
[Epoch 25] Train Loss: 0.0623, Loss_s: 0.0578, Loss_u: 0.0223, Mask: 0.9328, Acc: 0.9789, Prec: 0.9050, Rec: 0.8766, F1: 0.8902                                                                             
[Epoch 25] Val Loss: 0.0831, Acc: 0.9752, Prec: 0.9100, Rec: 0.8516, F1: 0.8771
        EarlyStopping counter: 7 / 30
[Epoch 26] Train Loss: 0.0621, Loss_s: 0.0580, Loss_u: 0.0206, Mask: 0.9361, Acc: 0.9793, Prec: 0.9056, Rec: 0.8801, F1: 0.8923                                                                             
[Epoch 26] Val Loss: 0.0735, Acc: 0.9767, Prec: 0.9002, Rec: 0.8480, F1: 0.8682
        EarlyStopping counter: 8 / 30
[Epoch 27] Train Loss: 0.0624, Loss_s: 0.0582, Loss_u: 0.0212, Mask: 0.9338, Acc: 0.9789, Prec: 0.9110, Rec: 0.8837, F1: 0.8966                                                                             
[Epoch 27] Val Loss: 0.0713, Acc: 0.9768, Prec: 0.9121, Rec: 0.8625, F1: 0.8821
        EarlyStopping counter: 9 / 30
[Epoch 28] Train Loss: 0.0615, Loss_s: 0.0575, Loss_u: 0.0201, Mask: 0.9344, Acc: 0.9790, Prec: 0.9086, Rec: 0.8828, F1: 0.8951                                                                             
[Epoch 28] Val Loss: 0.0814, Acc: 0.9749, Prec: 0.9065, Rec: 0.8459, F1: 0.8691
        EarlyStopping counter: 10 / 30
[Epoch 29] Train Loss: 0.0611, Loss_s: 0.0571, Loss_u: 0.0202, Mask: 0.9362, Acc: 0.9790, Prec: 0.9134, Rec: 0.8880, F1: 0.9001                                                                             
[Epoch 29] Val Loss: 0.0763, Acc: 0.9758, Prec: 0.9038, Rec: 0.8618, F1: 0.8781
        EarlyStopping counter: 11 / 30
[Epoch 30] Train Loss: 0.0606, Loss_s: 0.0566, Loss_u: 0.0202, Mask: 0.9365, Acc: 0.9792, Prec: 0.9100, Rec: 0.8834, F1: 0.8961                                                                             
[Epoch 30] Val Loss: 0.0708, Acc: 0.9768, Prec: 0.9127, Rec: 0.8555, F1: 0.8804
        EarlyStopping counter: 12 / 30
[Epoch 31] Train Loss: 0.0599, Loss_s: 0.0559, Loss_u: 0.0204, Mask: 0.9351, Acc: 0.9797, Prec: 0.9160, Rec: 0.8919, F1: 0.9034                                                                             
[Epoch 31] Val Loss: 0.0927, Acc: 0.9736, Prec: 0.9170, Rec: 0.8353, F1: 0.8670
        EarlyStopping counter: 13 / 30
[Epoch 32] Train Loss: 0.0603, Loss_s: 0.0563, Loss_u: 0.0201, Mask: 0.9358, Acc: 0.9796, Prec: 0.9159, Rec: 0.8889, F1: 0.9018                                                                             
[Epoch 32] Val Loss: 0.0831, Acc: 0.9768, Prec: 0.9010, Rec: 0.8702, F1: 0.8797
        EarlyStopping counter: 14 / 30
[Epoch 33] Train Loss: 0.0605, Loss_s: 0.0566, Loss_u: 0.0196, Mask: 0.9364, Acc: 0.9791, Prec: 0.9141, Rec: 0.8833, F1: 0.8981                                                                             
[Epoch 33] Val Loss: 0.0735, Acc: 0.9764, Prec: 0.9023, Rec: 0.8615, F1: 0.8748
        EarlyStopping counter: 15 / 30
[Epoch 34] Train Loss: 0.0591, Loss_s: 0.0549, Loss_u: 0.0211, Mask: 0.9374, Acc: 0.9801, Prec: 0.9125, Rec: 0.8868, F1: 0.8991                                                                             
[Epoch 34] Val Loss: 0.0941, Acc: 0.9734, Prec: 0.9218, Rec: 0.8335, F1: 0.8713
        EarlyStopping counter: 16 / 30
[Epoch 35] Train Loss: 0.0600, Loss_s: 0.0556, Loss_u: 0.0220, Mask: 0.9354, Acc: 0.9798, Prec: 0.9153, Rec: 0.8874, F1: 0.9008                                                                             
[Epoch 35] Val Loss: 0.0649, Acc: 0.9784, Prec: 0.9038, Rec: 0.8614, F1: 0.8771
        EarlyStopping counter: 17 / 30
[Epoch 36] Train Loss: 0.0579, Loss_s: 0.0537, Loss_u: 0.0210, Mask: 0.9388, Acc: 0.9800, Prec: 0.9145, Rec: 0.8937, F1: 0.9036                                                                             
[Epoch 36] Val Loss: 0.0792, Acc: 0.9761, Prec: 0.9062, Rec: 0.8561, F1: 0.8745
        EarlyStopping counter: 18 / 30
[Epoch 37] Train Loss: 0.0590, Loss_s: 0.0551, Loss_u: 0.0193, Mask: 0.9401, Acc: 0.9795, Prec: 0.9124, Rec: 0.8859, F1: 0.8986                                                                             
[Epoch 37] Val Loss: 0.0733, Acc: 0.9776, Prec: 0.8920, Rec: 0.8694, F1: 0.8757
        EarlyStopping counter: 19 / 30
[Epoch 38] Train Loss: 0.0573, Loss_s: 0.0532, Loss_u: 0.0207, Mask: 0.9388, Acc: 0.9801, Prec: 0.9174, Rec: 0.8927, F1: 0.9045                                                                             
[Epoch 38] Val Loss: 0.0940, Acc: 0.9748, Prec: 0.9223, Rec: 0.8395, F1: 0.8745
        EarlyStopping counter: 20 / 30
[Epoch 39] Train Loss: 0.0583, Loss_s: 0.0541, Loss_u: 0.0209, Mask: 0.9386, Acc: 0.9802, Prec: 0.9115, Rec: 0.8885, F1: 0.8995                                                                             
[Epoch 39] Val Loss: 0.0804, Acc: 0.9765, Prec: 0.9222, Rec: 0.8711, F1: 0.8909
        Validation F1 improved → Saving model: ./checkpoints/best_model.pt
[Epoch 40] Train Loss: 0.0574, Loss_s: 0.0531, Loss_u: 0.0213, Mask: 0.9373, Acc: 0.9803, Prec: 0.9202, Rec: 0.8923, F1: 0.9056                                                                             
[Epoch 40] Val Loss: 0.0771, Acc: 0.9768, Prec: 0.9133, Rec: 0.8733, F1: 0.8887
        EarlyStopping counter: 1 / 30
[Epoch 41] Train Loss: 0.0572, Loss_s: 0.0532, Loss_u: 0.0200, Mask: 0.9377, Acc: 0.9804, Prec: 0.9202, Rec: 0.8912, F1: 0.9052                                                                             
[Epoch 41] Val Loss: 0.0780, Acc: 0.9765, Prec: 0.9091, Rec: 0.8602, F1: 0.8788
        EarlyStopping counter: 2 / 30
[Epoch 42] Train Loss: 0.0571, Loss_s: 0.0531, Loss_u: 0.0201, Mask: 0.9406, Acc: 0.9805, Prec: 0.9186, Rec: 0.8984, F1: 0.9080                                                                             
[Epoch 42] Val Loss: 0.0709, Acc: 0.9776, Prec: 0.9227, Rec: 0.8645, F1: 0.8894
        EarlyStopping counter: 3 / 30
[Epoch 43] Train Loss: 0.0565, Loss_s: 0.0524, Loss_u: 0.0206, Mask: 0.9390, Acc: 0.9804, Prec: 0.9222, Rec: 0.8952, F1: 0.9081                                                                             
[Epoch 43] Val Loss: 0.0709, Acc: 0.9776, Prec: 0.9084, Rec: 0.8619, F1: 0.8805
        EarlyStopping counter: 4 / 30
[Epoch 44] Train Loss: 0.0563, Loss_s: 0.0522, Loss_u: 0.0204, Mask: 0.9400, Acc: 0.9805, Prec: 0.9203, Rec: 0.8968, F1: 0.9080                                                                             
[Epoch 44] Val Loss: 0.0864, Acc: 0.9747, Prec: 0.9116, Rec: 0.8490, F1: 0.8738
        EarlyStopping counter: 5 / 30
[Epoch 45] Train Loss: 0.0562, Loss_s: 0.0521, Loss_u: 0.0204, Mask: 0.9394, Acc: 0.9803, Prec: 0.9204, Rec: 0.8969, F1: 0.9081                                                                             
[Epoch 45] Val Loss: 0.0707, Acc: 0.9772, Prec: 0.9219, Rec: 0.8449, F1: 0.8776
        EarlyStopping counter: 6 / 30
[Epoch 46] Train Loss: 0.0569, Loss_s: 0.0525, Loss_u: 0.0221, Mask: 0.9355, Acc: 0.9808, Prec: 0.9195, Rec: 0.8948, F1: 0.9066                                                                             
[Epoch 46] Val Loss: 0.0711, Acc: 0.9782, Prec: 0.9189, Rec: 0.8654, F1: 0.8869
        EarlyStopping counter: 7 / 30
[Epoch 47] Train Loss: 0.0556, Loss_s: 0.0514, Loss_u: 0.0210, Mask: 0.9389, Acc: 0.9810, Prec: 0.9240, Rec: 0.9002, F1: 0.9116                                                                             
[Epoch 47] Val Loss: 0.0742, Acc: 0.9781, Prec: 0.9193, Rec: 0.8745, F1: 0.8934
        Validation F1 improved → Saving model: ./checkpoints/best_model.pt
[Epoch 48] Train Loss: 0.0555, Loss_s: 0.0513, Loss_u: 0.0210, Mask: 0.9378, Acc: 0.9811, Prec: 0.9261, Rec: 0.8988, F1: 0.9119                                                                             
[Epoch 48] Val Loss: 0.0668, Acc: 0.9796, Prec: 0.9067, Rec: 0.8821, F1: 0.8920
        EarlyStopping counter: 1 / 30
[Epoch 49] Train Loss: 0.0552, Loss_s: 0.0510, Loss_u: 0.0206, Mask: 0.9411, Acc: 0.9808, Prec: 0.9240, Rec: 0.8971, F1: 0.9102                                                                             
[Epoch 49] Val Loss: 0.0800, Acc: 0.9777, Prec: 0.9086, Rec: 0.8688, F1: 0.8836
        EarlyStopping counter: 2 / 30
[Epoch 50] Train Loss: 0.0548, Loss_s: 0.0506, Loss_u: 0.0210, Mask: 0.9400, Acc: 0.9811, Prec: 0.9231, Rec: 0.9025, F1: 0.9123                                                                             
[Epoch 50] Val Loss: 0.0870, Acc: 0.9763, Prec: 0.9315, Rec: 0.8457, F1: 0.8831
        EarlyStopping counter: 3 / 30
[Epoch 51] Train Loss: 0.0540, Loss_s: 0.0497, Loss_u: 0.0214, Mask: 0.9413, Acc: 0.9815, Prec: 0.9240, Rec: 0.9022, F1: 0.9127                                                                             
[Epoch 51] Val Loss: 0.0669, Acc: 0.9789, Prec: 0.9129, Rec: 0.8642, F1: 0.8858
        EarlyStopping counter: 4 / 30
[Epoch 52] Train Loss: 0.0540, Loss_s: 0.0499, Loss_u: 0.0205, Mask: 0.9441, Acc: 0.9816, Prec: 0.9256, Rec: 0.8966, F1: 0.9107                                                                             
[Epoch 52] Val Loss: 0.0749, Acc: 0.9779, Prec: 0.9281, Rec: 0.8703, F1: 0.8965
        Validation F1 improved → Saving model: ./checkpoints/best_model.pt
[Epoch 53] Train Loss: 0.0540, Loss_s: 0.0499, Loss_u: 0.0204, Mask: 0.9437, Acc: 0.9817, Prec: 0.9282, Rec: 0.9024, F1: 0.9148                                                                             
[Epoch 53] Val Loss: 0.0794, Acc: 0.9763, Prec: 0.9214, Rec: 0.8597, F1: 0.8853
        EarlyStopping counter: 1 / 30
[Epoch 54] Train Loss: 0.0540, Loss_s: 0.0498, Loss_u: 0.0208, Mask: 0.9410, Acc: 0.9817, Prec: 0.9270, Rec: 0.9038, F1: 0.9150                                                                             
[Epoch 54] Val Loss: 0.0752, Acc: 0.9769, Prec: 0.9194, Rec: 0.8633, F1: 0.8857
        EarlyStopping counter: 2 / 30
[Epoch 55] Train Loss: 0.0537, Loss_s: 0.0497, Loss_u: 0.0202, Mask: 0.9414, Acc: 0.9815, Prec: 0.9240, Rec: 0.8995, F1: 0.9112                                                                             
[Epoch 55] Val Loss: 0.0759, Acc: 0.9772, Prec: 0.9148, Rec: 0.8658, F1: 0.8847
        EarlyStopping counter: 3 / 30
[Epoch 56] Train Loss: 0.0529, Loss_s: 0.0488, Loss_u: 0.0207, Mask: 0.9418, Acc: 0.9820, Prec: 0.9297, Rec: 0.9060, F1: 0.9175                                                                             
[Epoch 56] Val Loss: 0.0774, Acc: 0.9765, Prec: 0.9231, Rec: 0.8372, F1: 0.8755
        EarlyStopping counter: 4 / 30
[Epoch 57] Train Loss: 0.0534, Loss_s: 0.0494, Loss_u: 0.0200, Mask: 0.9417, Acc: 0.9813, Prec: 0.9226, Rec: 0.8992, F1: 0.9105                                                                             
[Epoch 57] Val Loss: 0.0660, Acc: 0.9785, Prec: 0.9045, Rec: 0.8839, F1: 0.8902
        EarlyStopping counter: 5 / 30
[Epoch 58] Train Loss: 0.0528, Loss_s: 0.0487, Loss_u: 0.0204, Mask: 0.9411, Acc: 0.9819, Prec: 0.9270, Rec: 0.9032, F1: 0.9147                                                                             
[Epoch 58] Val Loss: 0.0753, Acc: 0.9783, Prec: 0.9246, Rec: 0.8763, F1: 0.8953
        EarlyStopping counter: 6 / 30
[Epoch 59] Train Loss: 0.0534, Loss_s: 0.0493, Loss_u: 0.0203, Mask: 0.9423, Acc: 0.9816, Prec: 0.9229, Rec: 0.9043, F1: 0.9133                                                                             
[Epoch 59] Val Loss: 0.0643, Acc: 0.9789, Prec: 0.9293, Rec: 0.8699, F1: 0.8959
        EarlyStopping counter: 7 / 30
[Epoch 60] Train Loss: 0.0525, Loss_s: 0.0482, Loss_u: 0.0212, Mask: 0.9417, Acc: 0.9819, Prec: 0.9278, Rec: 0.9047, F1: 0.9157                                                                             
[Epoch 60] Val Loss: 0.0746, Acc: 0.9780, Prec: 0.9305, Rec: 0.8657, F1: 0.8947
        EarlyStopping counter: 8 / 30
[Epoch 61] Train Loss: 0.0519, Loss_s: 0.0478, Loss_u: 0.0204, Mask: 0.9428, Acc: 0.9821, Prec: 0.9274, Rec: 0.9065, F1: 0.9166                                                                             
[Epoch 61] Val Loss: 0.0717, Acc: 0.9783, Prec: 0.9178, Rec: 0.8804, F1: 0.8940
        EarlyStopping counter: 9 / 30
[Epoch 62] Train Loss: 0.0523, Loss_s: 0.0482, Loss_u: 0.0201, Mask: 0.9437, Acc: 0.9818, Prec: 0.9283, Rec: 0.9074, F1: 0.9175                                                                             
[Epoch 62] Val Loss: 0.0681, Acc: 0.9780, Prec: 0.9124, Rec: 0.8770, F1: 0.8921
        EarlyStopping counter: 10 / 30
[Epoch 63] Train Loss: 0.0515, Loss_s: 0.0474, Loss_u: 0.0207, Mask: 0.9435, Acc: 0.9819, Prec: 0.9258, Rec: 0.9009, F1: 0.9129                                                                             
[Epoch 63] Val Loss: 0.0754, Acc: 0.9773, Prec: 0.9262, Rec: 0.8592, F1: 0.8888
        EarlyStopping counter: 11 / 30
[Epoch 64] Train Loss: 0.0520, Loss_s: 0.0479, Loss_u: 0.0206, Mask: 0.9435, Acc: 0.9823, Prec: 0.9309, Rec: 0.9114, F1: 0.9208                                                                             
[Epoch 64] Val Loss: 0.0688, Acc: 0.9781, Prec: 0.9217, Rec: 0.8715, F1: 0.8934
        EarlyStopping counter: 12 / 30
[Epoch 65] Train Loss: 0.0512, Loss_s: 0.0471, Loss_u: 0.0207, Mask: 0.9427, Acc: 0.9820, Prec: 0.9315, Rec: 0.9082, F1: 0.9194                                                                             
[Epoch 65] Val Loss: 0.0703, Acc: 0.9786, Prec: 0.9220, Rec: 0.8681, F1: 0.8903
        EarlyStopping counter: 13 / 30
[Epoch 66] Train Loss: 0.0507, Loss_s: 0.0466, Loss_u: 0.0206, Mask: 0.9448, Acc: 0.9826, Prec: 0.9334, Rec: 0.9114, F1: 0.9220                                                                             
[Epoch 66] Val Loss: 0.0686, Acc: 0.9789, Prec: 0.9225, Rec: 0.8800, F1: 0.8977
        Validation F1 improved → Saving model: ./checkpoints/best_model.pt
[Epoch 67] Train Loss: 0.0502, Loss_s: 0.0460, Loss_u: 0.0212, Mask: 0.9442, Acc: 0.9829, Prec: 0.9334, Rec: 0.9130, F1: 0.9229                                                                             
[Epoch 67] Val Loss: 0.0715, Acc: 0.9782, Prec: 0.9128, Rec: 0.8716, F1: 0.8875
        EarlyStopping counter: 1 / 30
[Epoch 68] Train Loss: 0.0504, Loss_s: 0.0462, Loss_u: 0.0210, Mask: 0.9428, Acc: 0.9825, Prec: 0.9279, Rec: 0.9072, F1: 0.9172                                                                             
[Epoch 68] Val Loss: 0.0750, Acc: 0.9774, Prec: 0.9259, Rec: 0.8570, F1: 0.8872
        EarlyStopping counter: 2 / 30
[Epoch 69] Train Loss: 0.0507, Loss_s: 0.0464, Loss_u: 0.0217, Mask: 0.9427, Acc: 0.9828, Prec: 0.9332, Rec: 0.9078, F1: 0.9201                                                                             
[Epoch 69] Val Loss: 0.0735, Acc: 0.9776, Prec: 0.9269, Rec: 0.8663, F1: 0.8906
        EarlyStopping counter: 3 / 30
[Epoch 70] Train Loss: 0.0500, Loss_s: 0.0459, Loss_u: 0.0207, Mask: 0.9437, Acc: 0.9826, Prec: 0.9308, Rec: 0.9108, F1: 0.9205                                                                             
[Epoch 70] Val Loss: 0.0801, Acc: 0.9762, Prec: 0.9137, Rec: 0.8547, F1: 0.8794
        EarlyStopping counter: 4 / 30
[Epoch 71] Train Loss: 0.0495, Loss_s: 0.0451, Loss_u: 0.0221, Mask: 0.9450, Acc: 0.9832, Prec: 0.9380, Rec: 0.9167, F1: 0.9270                                                                             
[Epoch 71] Val Loss: 0.0739, Acc: 0.9776, Prec: 0.9047, Rec: 0.8707, F1: 0.8825
        EarlyStopping counter: 5 / 30
[Epoch 72] Train Loss: 0.0495, Loss_s: 0.0452, Loss_u: 0.0212, Mask: 0.9454, Acc: 0.9827, Prec: 0.9288, Rec: 0.9068, F1: 0.9174                                                                             
[Epoch 72] Val Loss: 0.0877, Acc: 0.9753, Prec: 0.9286, Rec: 0.8583, F1: 0.8882
        EarlyStopping counter: 6 / 30
[Epoch 73] Train Loss: 0.0490, Loss_s: 0.0450, Loss_u: 0.0199, Mask: 0.9472, Acc: 0.9831, Prec: 0.9342, Rec: 0.9142, F1: 0.9239                                                                             
[Epoch 73] Val Loss: 0.0730, Acc: 0.9779, Prec: 0.9180, Rec: 0.8735, F1: 0.8918
        EarlyStopping counter: 7 / 30
[Epoch 74] Train Loss: 0.0492, Loss_s: 0.0451, Loss_u: 0.0206, Mask: 0.9456, Acc: 0.9830, Prec: 0.9310, Rec: 0.9100, F1: 0.9202                                                                             
[Epoch 74] Val Loss: 0.0656, Acc: 0.9788, Prec: 0.9229, Rec: 0.8702, F1: 0.8930
        EarlyStopping counter: 8 / 30
[Epoch 75] Train Loss: 0.0486, Loss_s: 0.0445, Loss_u: 0.0206, Mask: 0.9467, Acc: 0.9832, Prec: 0.9375, Rec: 0.9165, F1: 0.9266                                                                             
[Epoch 75] Val Loss: 0.0669, Acc: 0.9790, Prec: 0.9080, Rec: 0.8754, F1: 0.8879
        EarlyStopping counter: 9 / 30
[Epoch 76] Train Loss: 0.0487, Loss_s: 0.0445, Loss_u: 0.0211, Mask: 0.9457, Acc: 0.9830, Prec: 0.9322, Rec: 0.9151, F1: 0.9233                                                                             
[Epoch 76] Val Loss: 0.0816, Acc: 0.9774, Prec: 0.9199, Rec: 0.8665, F1: 0.8874
        EarlyStopping counter: 10 / 30
[Epoch 77] Train Loss: 0.0474, Loss_s: 0.0433, Loss_u: 0.0205, Mask: 0.9483, Acc: 0.9834, Prec: 0.9379, Rec: 0.9190, F1: 0.9281                                                                             
[Epoch 77] Val Loss: 0.0633, Acc: 0.9808, Prec: 0.9220, Rec: 0.8931, F1: 0.9053
        Validation F1 improved → Saving model: ./checkpoints/best_model.pt
[Epoch 78] Train Loss: 0.0479, Loss_s: 0.0436, Loss_u: 0.0214, Mask: 0.9451, Acc: 0.9834, Prec: 0.9351, Rec: 0.9144, F1: 0.9245                                                                             
[Epoch 78] Val Loss: 0.0729, Acc: 0.9786, Prec: 0.9334, Rec: 0.8681, F1: 0.8972
        EarlyStopping counter: 1 / 30
[Epoch 79] Train Loss: 0.0481, Loss_s: 0.0437, Loss_u: 0.0217, Mask: 0.9440, Acc: 0.9834, Prec: 0.9358, Rec: 0.9136, F1: 0.9244                                                                             
[Epoch 79] Val Loss: 0.0835, Acc: 0.9759, Prec: 0.9268, Rec: 0.8504, F1: 0.8814
        EarlyStopping counter: 2 / 30
[Epoch 80] Train Loss: 0.0472, Loss_s: 0.0431, Loss_u: 0.0205, Mask: 0.9486, Acc: 0.9840, Prec: 0.9377, Rec: 0.9183, F1: 0.9277                                                                             
[Epoch 80] Val Loss: 0.0726, Acc: 0.9788, Prec: 0.9254, Rec: 0.8629, F1: 0.8879
        EarlyStopping counter: 3 / 30
[Epoch 81] Train Loss: 0.0471, Loss_s: 0.0429, Loss_u: 0.0206, Mask: 0.9475, Acc: 0.9832, Prec: 0.9316, Rec: 0.9159, F1: 0.9233                                                                             
[Epoch 81] Val Loss: 0.0786, Acc: 0.9785, Prec: 0.9291, Rec: 0.8633, F1: 0.8920
        EarlyStopping counter: 4 / 30
[Epoch 82] Train Loss: 0.0475, Loss_s: 0.0433, Loss_u: 0.0209, Mask: 0.9468, Acc: 0.9837, Prec: 0.9361, Rec: 0.9170, F1: 0.9262                                                                             
[Epoch 82] Val Loss: 0.0797, Acc: 0.9781, Prec: 0.9235, Rec: 0.8699, F1: 0.8899
        EarlyStopping counter: 5 / 30
[Epoch 83] Train Loss: 0.0472, Loss_s: 0.0429, Loss_u: 0.0213, Mask: 0.9459, Acc: 0.9837, Prec: 0.9388, Rec: 0.9199, F1: 0.9291                                                                             
[Epoch 83] Val Loss: 0.0674, Acc: 0.9798, Prec: 0.9343, Rec: 0.8784, F1: 0.9036
        EarlyStopping counter: 6 / 30
[Epoch 84] Train Loss: 0.0468, Loss_s: 0.0424, Loss_u: 0.0220, Mask: 0.9461, Acc: 0.9840, Prec: 0.9366, Rec: 0.9189, F1: 0.9275                                                                             
[Epoch 84] Val Loss: 0.0782, Acc: 0.9781, Prec: 0.9314, Rec: 0.8666, F1: 0.8944
        EarlyStopping counter: 7 / 30
[Epoch 85] Train Loss: 0.0462, Loss_s: 0.0421, Loss_u: 0.0205, Mask: 0.9475, Acc: 0.9842, Prec: 0.9387, Rec: 0.9223, F1: 0.9303                                                                             
[Epoch 85] Val Loss: 0.0666, Acc: 0.9799, Prec: 0.9164, Rec: 0.8856, F1: 0.8974
        EarlyStopping counter: 8 / 30
[Epoch 86] Train Loss: 0.0457, Loss_s: 0.0414, Loss_u: 0.0213, Mask: 0.9471, Acc: 0.9840, Prec: 0.9405, Rec: 0.9190, F1: 0.9294                                                                             
[Epoch 86] Val Loss: 0.0753, Acc: 0.9782, Prec: 0.9141, Rec: 0.8715, F1: 0.8882
        EarlyStopping counter: 9 / 30
[Epoch 87] Train Loss: 0.0455, Loss_s: 0.0411, Loss_u: 0.0218, Mask: 0.9473, Acc: 0.9845, Prec: 0.9413, Rec: 0.9235, F1: 0.9321                                                                             
[Epoch 87] Val Loss: 0.0638, Acc: 0.9805, Prec: 0.9223, Rec: 0.8891, F1: 0.9019
        EarlyStopping counter: 10 / 30
[Epoch 88] Train Loss: 0.0458, Loss_s: 0.0415, Loss_u: 0.0215, Mask: 0.9460, Acc: 0.9843, Prec: 0.9417, Rec: 0.9243, F1: 0.9327                                                                             
[Epoch 88] Val Loss: 0.0670, Acc: 0.9794, Prec: 0.9196, Rec: 0.8791, F1: 0.8952
        EarlyStopping counter: 11 / 30
[Epoch 89] Train Loss: 0.0448, Loss_s: 0.0405, Loss_u: 0.0218, Mask: 0.9455, Acc: 0.9847, Prec: 0.9421, Rec: 0.9273, F1: 0.9344                                                                             
[Epoch 89] Val Loss: 0.0768, Acc: 0.9783, Prec: 0.9361, Rec: 0.8614, F1: 0.8934
        EarlyStopping counter: 12 / 30
[Epoch 90] Train Loss: 0.0450, Loss_s: 0.0405, Loss_u: 0.0223, Mask: 0.9458, Acc: 0.9845, Prec: 0.9419, Rec: 0.9239, F1: 0.9327                                                                             
[Epoch 90] Val Loss: 0.0693, Acc: 0.9795, Prec: 0.9253, Rec: 0.8758, F1: 0.8968
        EarlyStopping counter: 13 / 30
[Epoch 91] Train Loss: 0.0447, Loss_s: 0.0405, Loss_u: 0.0214, Mask: 0.9473, Acc: 0.9845, Prec: 0.9406, Rec: 0.9256, F1: 0.9329                                                                             
[Epoch 91] Val Loss: 0.0727, Acc: 0.9792, Prec: 0.9208, Rec: 0.8692, F1: 0.8894
        EarlyStopping counter: 14 / 30
[Epoch 92] Train Loss: 0.0444, Loss_s: 0.0403, Loss_u: 0.0207, Mask: 0.9493, Acc: 0.9847, Prec: 0.9435, Rec: 0.9262, F1: 0.9346                                                                             
[Epoch 92] Val Loss: 0.0810, Acc: 0.9779, Prec: 0.9290, Rec: 0.8630, F1: 0.8911
        EarlyStopping counter: 15 / 30
[Epoch 93] Train Loss: 0.0436, Loss_s: 0.0392, Loss_u: 0.0219, Mask: 0.9486, Acc: 0.9853, Prec: 0.9448, Rec: 0.9233, F1: 0.9337                                                                             
[Epoch 93] Val Loss: 0.0693, Acc: 0.9792, Prec: 0.9250, Rec: 0.8703, F1: 0.8936
        EarlyStopping counter: 16 / 30
[Epoch 94] Train Loss: 0.0435, Loss_s: 0.0393, Loss_u: 0.0209, Mask: 0.9512, Acc: 0.9849, Prec: 0.9447, Rec: 0.9281, F1: 0.9362                                                                             
[Epoch 94] Val Loss: 0.0732, Acc: 0.9783, Prec: 0.9322, Rec: 0.8651, F1: 0.8950
        EarlyStopping counter: 17 / 30
[Epoch 95] Train Loss: 0.0424, Loss_s: 0.0382, Loss_u: 0.0210, Mask: 0.9514, Acc: 0.9852, Prec: 0.9457, Rec: 0.9272, F1: 0.9362                                                                             
[Epoch 95] Val Loss: 0.0788, Acc: 0.9779, Prec: 0.9282, Rec: 0.8599, F1: 0.8880
        EarlyStopping counter: 18 / 30
[Epoch 96] Train Loss: 0.0431, Loss_s: 0.0389, Loss_u: 0.0212, Mask: 0.9504, Acc: 0.9850, Prec: 0.9425, Rec: 0.9240, F1: 0.9330                                                                             
[Epoch 96] Val Loss: 0.0718, Acc: 0.9790, Prec: 0.9241, Rec: 0.8739, F1: 0.8947
        EarlyStopping counter: 19 / 30
[Epoch 97] Train Loss: 0.0428, Loss_s: 0.0386, Loss_u: 0.0211, Mask: 0.9499, Acc: 0.9854, Prec: 0.9465, Rec: 0.9297, F1: 0.9379                                                                             
[Epoch 97] Val Loss: 0.0767, Acc: 0.9782, Prec: 0.9230, Rec: 0.8752, F1: 0.8954
        EarlyStopping counter: 20 / 30
[Epoch 98] Train Loss: 0.0423, Loss_s: 0.0380, Loss_u: 0.0216, Mask: 0.9521, Acc: 0.9857, Prec: 0.9470, Rec: 0.9309, F1: 0.9387                                                                             
[Epoch 98] Val Loss: 0.0823, Acc: 0.9773, Prec: 0.9334, Rec: 0.8514, F1: 0.8875
        EarlyStopping counter: 21 / 30
[Epoch 99] Train Loss: 0.0424, Loss_s: 0.0381, Loss_u: 0.0214, Mask: 0.9509, Acc: 0.9855, Prec: 0.9465, Rec: 0.9295, F1: 0.9378                                                                             
[Epoch 99] Val Loss: 0.0667, Acc: 0.9800, Prec: 0.9171, Rec: 0.8877, F1: 0.8997
        EarlyStopping counter: 22 / 30
[Epoch 100] Train Loss: 0.0426, Loss_s: 0.0384, Loss_u: 0.0214, Mask: 0.9499, Acc: 0.9853, Prec: 0.9455, Rec: 0.9295, F1: 0.9373                                                                            
[Epoch 100] Val Loss: 0.0719, Acc: 0.9789, Prec: 0.9234, Rec: 0.8814, F1: 0.8992
        EarlyStopping counter: 23 / 30
[Epoch 101] Train Loss: 0.0422, Loss_s: 0.0380, Loss_u: 0.0211, Mask: 0.9521, Acc: 0.9854, Prec: 0.9459, Rec: 0.9295, F1: 0.9374                                                                            
[Epoch 101] Val Loss: 0.0719, Acc: 0.9788, Prec: 0.9252, Rec: 0.8731, F1: 0.8957
        EarlyStopping counter: 24 / 30
[Epoch 102] Train Loss: 0.0420, Loss_s: 0.0377, Loss_u: 0.0212, Mask: 0.9516, Acc: 0.9855, Prec: 0.9461, Rec: 0.9310, F1: 0.9383                                                                            
[Epoch 102] Val Loss: 0.0738, Acc: 0.9792, Prec: 0.9260, Rec: 0.8681, F1: 0.8933
        EarlyStopping counter: 25 / 30
[Epoch 103] Train Loss: 0.0410, Loss_s: 0.0369, Loss_u: 0.0202, Mask: 0.9525, Acc: 0.9860, Prec: 0.9495, Rec: 0.9347, F1: 0.9419                                                                            
[Epoch 103] Val Loss: 0.0702, Acc: 0.9790, Prec: 0.9326, Rec: 0.8729, F1: 0.8993
        EarlyStopping counter: 26 / 30
[Epoch 104] Train Loss: 0.0407, Loss_s: 0.0364, Loss_u: 0.0212, Mask: 0.9537, Acc: 0.9860, Prec: 0.9529, Rec: 0.9368, F1: 0.9447                                                                            
[Epoch 104] Val Loss: 0.0733, Acc: 0.9789, Prec: 0.9281, Rec: 0.8654, F1: 0.8925
        EarlyStopping counter: 27 / 30
[Epoch 105] Train Loss: 0.0406, Loss_s: 0.0364, Loss_u: 0.0210, Mask: 0.9523, Acc: 0.9858, Prec: 0.9479, Rec: 0.9320, F1: 0.9397                                                                            
[Epoch 105] Val Loss: 0.0702, Acc: 0.9794, Prec: 0.9243, Rec: 0.8808, F1: 0.8993
        EarlyStopping counter: 28 / 30
[Epoch 106] Train Loss: 0.0401, Loss_s: 0.0360, Loss_u: 0.0209, Mask: 0.9525, Acc: 0.9863, Prec: 0.9497, Rec: 0.9369, F1: 0.9431                                                                            
[Epoch 106] Val Loss: 0.0718, Acc: 0.9793, Prec: 0.9327, Rec: 0.8726, F1: 0.8990
        EarlyStopping counter: 29 / 30
[Epoch 107] Train Loss: 0.0398, Loss_s: 0.0355, Loss_u: 0.0218, Mask: 0.9531, Acc: 0.9860, Prec: 0.9487, Rec: 0.9325, F1: 0.9405                                                                            
[Epoch 107] Val Loss: 0.0747, Acc: 0.9793, Prec: 0.9306, Rec: 0.8822, F1: 0.9025
        EarlyStopping counter: 30 / 30
Early stopping triggered...
Total training time: 179 min 30.54 sec
Loaded best model.
[Best Model Train] Loss: 0.0567, Acc: 0.9809, Prec: 0.9418, Rec: 0.9002, F1: 0.9194                                                                                                                         
[Best Model Train] Classification Report:
              precision    recall  f1-score   support

           0     0.9835    0.8910    0.9350      3220
           1     0.9227    0.9760    0.9486       416
           2     0.9398    0.7941    0.8608      3891
           3     0.9877    0.9842    0.9859      7260
           4     0.8847    0.7576    0.8162      2694
           5     0.9614    0.9214    0.9410       649
           6     0.8207    0.7987    0.8095       894
           7     0.9909    0.9820    0.9864       111
           8     0.9852    0.9972    0.9911    110573

    accuracy                         0.9809    129708
   macro avg     0.9418    0.9002    0.9194    129708
weighted avg     0.9804    0.9809    0.9802    129708

[Best Model Train] Confusion Matrix:
[[  2869     14      2      1     27      2      0      0    305]
 [     0    406      0      1      4      0      1      0      4]
 [     4      1   3090     46    105      4      9      0    632]
 [     0      0     38   7145      0      1      1      0     75]
 [    22     13     62      0   2041      4     85      0    467]
 [     2      4     13      1     15    598      1      1     14]
 [     0      0      3      0     12      0    714      0    165]
 [     0      0      0      0      0      2      0    109      0]
 [    20      2     80     40    103     11     59      0 110258]]

[Best Model Validation] Loss: 0.0633, Acc: 0.9808, Prec: 0.9220, Rec: 0.8931, F1: 0.9053                                                                                                                    
[Best Model Validation] Classification Report:
              precision    recall  f1-score   support

           0     0.9876    0.8634    0.9213       644
           1     0.8495    0.9518    0.8977        83
           2     0.9459    0.8085    0.8718       778
           3     0.9835    0.9835    0.9835      1452
           4     0.8718    0.7714    0.8185       538
           5     0.9483    0.8527    0.8980       129
           6     0.8090    0.8090    0.8090       178
           7     0.9167    1.0000    0.9565        22
           8     0.9860    0.9974    0.9917     22114

    accuracy                         0.9808     25938
   macro avg     0.9220    0.8931    0.9053     25938
weighted avg     0.9804    0.9808    0.9802     25938

[Best Model Validation] Confusion Matrix:
[[  556     7     1     0     7     0     0     1    72]
 [    0    79     0     0     3     1     0     0     0]
 [    0     0   629    12    21     2     2     0   112]
 [    0     0    13  1428     0     0     0     0    11]
 [    3     4     7     0   415     2    17     0    90]
 [    1     1     5     1     6   110     2     1     2]
 [    0     0     1     0     6     0   144     0    27]
 [    0     0     0     0     0     0     0    22     0]
 [    3     2     9    11    18     1    13     0 22057]]

[Test] Loss: 0.0640, Acc: 0.9798, Prec: 0.9255, Rec: 0.8722, F1: 0.8970                                                                                                                                     
[Test] Classification Report:
              precision    recall  f1-score   support

           0     0.9791    0.8698    0.9212       430
           1     0.8750    0.8750    0.8750        56
           2     0.9364    0.7923    0.8583       520
           3     0.9876    0.9855    0.9866       968
           4     0.8879    0.7895    0.8358       361
           5     0.9412    0.9091    0.9249        88
           6     0.8000    0.6942    0.7434       121
           7     0.9375    0.9375    0.9375        16
           8     0.9845    0.9972    0.9908     14744

    accuracy                         0.9798     17304
   macro avg     0.9255    0.8722    0.8970     17304
weighted avg     0.9792    0.9798    0.9791     17304

[Test] Confusion Matrix:
[[  374     2     0     0     8     0     0     0    46]
 [    0    49     0     0     5     0     1     0     1]
 [    0     0   412     8    10     1     1     1    87]
 [    0     0     6   954     0     0     0     0     8]
 [    3     3     9     0   285     0     8     0    53]
 [    1     0     4     0     2    80     0     0     1]
 [    0     0     0     0     2     0    84     0    35]
 [    0     0     0     0     0     1     0    15     0]
 [    4     2     9     4     9     3    11     0 14702]]