04/23/2026 20:52:27 - INFO - root -   train_labeled_dataset: 6481
04/23/2026 20:52:27 - INFO - root -   val_dataset: 25938
04/23/2026 20:52:27 - INFO - root -   test_dataset: 17304
04/23/2026 20:52:27 - INFO - root -   train_unlabeled_dataset: 638507
[Epoch 1] Train Loss: 0.4903, Loss_s: 0.4836, Loss_u: 0.0336, Mask: 0.7317, Acc: 0.8716, Prec: 0.4007, Rec: 0.2985, F1: 0.3277                                                                                    
[Epoch 1] Val Loss: 0.2203, Acc: 0.9358, Prec: 0.4715, Rec: 0.3929, F1: 0.4172
        Validation F1 improved → Saving model: ./checkpoints/best_model.pt
[Epoch 2] Train Loss: 0.1987, Loss_s: 0.1926, Loss_u: 0.0303, Mask: 0.8383, Acc: 0.9429, Prec: 0.5403, Rec: 0.4712, F1: 0.4969                                                                                    
[Epoch 2] Val Loss: 0.2126, Acc: 0.9384, Prec: 0.5783, Rec: 0.5801, F1: 0.5563
        Validation F1 improved → Saving model: ./checkpoints/best_model.pt
[Epoch 3] Train Loss: 0.1629, Loss_s: 0.1565, Loss_u: 0.0322, Mask: 0.8704, Acc: 0.9516, Prec: 0.5875, Rec: 0.5467, F1: 0.5601                                                                                    
[Epoch 3] Val Loss: 0.1458, Acc: 0.9573, Prec: 0.7025, Rec: 0.6748, F1: 0.6844
        Validation F1 improved → Saving model: ./checkpoints/best_model.pt
[Epoch 4] Train Loss: 0.1507, Loss_s: 0.1450, Loss_u: 0.0282, Mask: 0.8679, Acc: 0.9562, Prec: 0.7452, Rec: 0.6382, F1: 0.6740                                                                                    
[Epoch 4] Val Loss: 0.1599, Acc: 0.9542, Prec: 0.6620, Rec: 0.4960, F1: 0.5444
        EarlyStopping counter: 1 / 20
[Epoch 5] Train Loss: 0.1572, Loss_s: 0.1503, Loss_u: 0.0344, Mask: 0.8720, Acc: 0.9531, Prec: 0.7216, Rec: 0.5964, F1: 0.6414                                                                                    
[Epoch 5] Val Loss: 0.1687, Acc: 0.9487, Prec: 0.6690, Rec: 0.5066, F1: 0.5465
        EarlyStopping counter: 2 / 20
[Epoch 6] Train Loss: 0.1827, Loss_s: 0.1763, Loss_u: 0.0320, Mask: 0.8525, Acc: 0.9474, Prec: 0.7107, Rec: 0.5935, F1: 0.6346                                                                                    
[Epoch 6] Val Loss: 0.2979, Acc: 0.9170, Prec: 0.5226, Rec: 0.4954, F1: 0.4504
        EarlyStopping counter: 3 / 20
[Epoch 7] Train Loss: 0.1817, Loss_s: 0.1758, Loss_u: 0.0293, Mask: 0.8590, Acc: 0.9486, Prec: 0.6906, Rec: 0.6079, F1: 0.6412                                                                                    
[Epoch 7] Val Loss: 0.1488, Acc: 0.9555, Prec: 0.6790, Rec: 0.6120, F1: 0.6170
        EarlyStopping counter: 4 / 20
[Epoch 8] Train Loss: 0.1452, Loss_s: 0.1386, Loss_u: 0.0329, Mask: 0.8686, Acc: 0.9568, Prec: 0.7745, Rec: 0.6992, F1: 0.7314                                                                                    
[Epoch 8] Val Loss: 0.1858, Acc: 0.9537, Prec: 0.7505, Rec: 0.6561, F1: 0.6878
        Validation F1 improved → Saving model: ./checkpoints/best_model.pt
[Epoch 9] Train Loss: 0.1230, Loss_s: 0.1173, Loss_u: 0.0285, Mask: 0.8861, Acc: 0.9619, Prec: 0.7322, Rec: 0.7226, F1: 0.7228                                                                                    
[Epoch 9] Val Loss: 0.1273, Acc: 0.9625, Prec: 0.7350, Rec: 0.7039, F1: 0.7072
        Validation F1 improved → Saving model: ./checkpoints/best_model.pt
[Epoch 10] Train Loss: 0.1185, Loss_s: 0.1126, Loss_u: 0.0295, Mask: 0.8794, Acc: 0.9630, Prec: 0.7307, Rec: 0.7626, F1: 0.7383                                                                                   
[Epoch 10] Val Loss: 0.1180, Acc: 0.9646, Prec: 0.7463, Rec: 0.7211, F1: 0.7256
        Validation F1 improved → Saving model: ./checkpoints/best_model.pt
[Epoch 11] Train Loss: 0.1245, Loss_s: 0.1194, Loss_u: 0.0256, Mask: 0.8861, Acc: 0.9616, Prec: 0.7711, Rec: 0.7104, F1: 0.7379                                                                                   
[Epoch 11] Val Loss: 0.2414, Acc: 0.9436, Prec: 0.7275, Rec: 0.6148, F1: 0.6385
        EarlyStopping counter: 1 / 20
[Epoch 12] Train Loss: 0.1449, Loss_s: 0.1387, Loss_u: 0.0307, Mask: 0.8941, Acc: 0.9546, Prec: 0.7479, Rec: 0.7093, F1: 0.7236                                                                                   
[Epoch 12] Val Loss: 0.1198, Acc: 0.9613, Prec: 0.8091, Rec: 0.7262, F1: 0.7028
        EarlyStopping counter: 2 / 20
[Epoch 13] Train Loss: 0.1264, Loss_s: 0.1202, Loss_u: 0.0312, Mask: 0.8966, Acc: 0.9594, Prec: 0.7562, Rec: 0.6763, F1: 0.7097                                                                                   
[Epoch 13] Val Loss: 0.1528, Acc: 0.9583, Prec: 0.6958, Rec: 0.6561, F1: 0.6515
        EarlyStopping counter: 3 / 20
[Epoch 14] Train Loss: 0.1249, Loss_s: 0.1192, Loss_u: 0.0285, Mask: 0.8984, Acc: 0.9617, Prec: 0.7359, Rec: 0.6640, F1: 0.6931                                                                                   
[Epoch 14] Val Loss: 0.1485, Acc: 0.9601, Prec: 0.8526, Rec: 0.6643, F1: 0.7181
        EarlyStopping counter: 4 / 20
[Epoch 15] Train Loss: 0.1158, Loss_s: 0.1105, Loss_u: 0.0265, Mask: 0.8995, Acc: 0.9634, Prec: 0.7492, Rec: 0.7673, F1: 0.7549                                                                                   
[Epoch 15] Val Loss: 0.1131, Acc: 0.9665, Prec: 0.8624, Rec: 0.7247, F1: 0.7312
        Validation F1 improved → Saving model: ./checkpoints/best_model.pt
[Epoch 16] Train Loss: 0.1052, Loss_s: 0.1004, Loss_u: 0.0239, Mask: 0.8937, Acc: 0.9678, Prec: 0.7560, Rec: 0.7797, F1: 0.7649                                                                                   
[Epoch 16] Val Loss: 0.1205, Acc: 0.9653, Prec: 0.7671, Rec: 0.7146, F1: 0.7325
        Validation F1 improved → Saving model: ./checkpoints/best_model.pt
[Epoch 17] Train Loss: 0.1047, Loss_s: 0.0996, Loss_u: 0.0253, Mask: 0.9103, Acc: 0.9674, Prec: 0.8578, Rec: 0.7837, F1: 0.7960                                                                                   
[Epoch 17] Val Loss: 0.1242, Acc: 0.9635, Prec: 0.7542, Rec: 0.7259, F1: 0.7347
        Validation F1 improved → Saving model: ./checkpoints/best_model.pt
[Epoch 18] Train Loss: 0.1239, Loss_s: 0.1181, Loss_u: 0.0289, Mask: 0.9030, Acc: 0.9596, Prec: 0.7754, Rec: 0.7287, F1: 0.7495                                                                                   
[Epoch 18] Val Loss: 0.1582, Acc: 0.9554, Prec: 0.7854, Rec: 0.6867, F1: 0.7000
        EarlyStopping counter: 1 / 20
[Epoch 19] Train Loss: 0.1378, Loss_s: 0.1320, Loss_u: 0.0288, Mask: 0.8957, Acc: 0.9574, Prec: 0.7816, Rec: 0.7336, F1: 0.7433                                                                                   
[Epoch 19] Val Loss: 0.1461, Acc: 0.9571, Prec: 0.7885, Rec: 0.7127, F1: 0.7156
        EarlyStopping counter: 2 / 20
[Epoch 20] Train Loss: 0.1311, Loss_s: 0.1260, Loss_u: 0.0258, Mask: 0.8922, Acc: 0.9577, Prec: 0.7470, Rec: 0.7045, F1: 0.7078                                                                                   
[Epoch 20] Val Loss: 0.1417, Acc: 0.9607, Prec: 0.7682, Rec: 0.6499, F1: 0.6826
        EarlyStopping counter: 3 / 20
[Epoch 21] Train Loss: 0.1040, Loss_s: 0.0991, Loss_u: 0.0248, Mask: 0.9058, Acc: 0.9673, Prec: 0.8031, Rec: 0.7706, F1: 0.7853                                                                                   
[Epoch 21] Val Loss: 0.1195, Acc: 0.9651, Prec: 0.8718, Rec: 0.7278, F1: 0.7364
        Validation F1 improved → Saving model: ./checkpoints/best_model.pt
[Epoch 22] Train Loss: 0.0932, Loss_s: 0.0888, Loss_u: 0.0218, Mask: 0.9026, Acc: 0.9696, Prec: 0.7881, Rec: 0.7996, F1: 0.7925                                                                                   
[Epoch 22] Val Loss: 0.1174, Acc: 0.9659, Prec: 0.8265, Rec: 0.7374, F1: 0.7488
        Validation F1 improved → Saving model: ./checkpoints/best_model.pt
[Epoch 23] Train Loss: 0.0959, Loss_s: 0.0916, Loss_u: 0.0211, Mask: 0.9076, Acc: 0.9708, Prec: 0.8402, Rec: 0.7974, F1: 0.7960                                                                                   
[Epoch 23] Val Loss: 0.1148, Acc: 0.9660, Prec: 0.7674, Rec: 0.7242, F1: 0.7419
        EarlyStopping counter: 1 / 20
[Epoch 24] Train Loss: 0.1102, Loss_s: 0.1057, Loss_u: 0.0223, Mask: 0.9129, Acc: 0.9622, Prec: 0.7656, Rec: 0.7169, F1: 0.7318                                                                                   
[Epoch 24] Val Loss: 0.1454, Acc: 0.9534, Prec: 0.6775, Rec: 0.7186, F1: 0.6738
        EarlyStopping counter: 2 / 20
[Epoch 25] Train Loss: 0.1307, Loss_s: 0.1257, Loss_u: 0.0251, Mask: 0.8976, Acc: 0.9620, Prec: 0.8461, Rec: 0.7232, F1: 0.7380                                                                                   
[Epoch 25] Val Loss: 0.1434, Acc: 0.9598, Prec: 0.7432, Rec: 0.6700, F1: 0.6521
        EarlyStopping counter: 3 / 20
[Epoch 26] Train Loss: 0.1149, Loss_s: 0.1099, Loss_u: 0.0251, Mask: 0.9097, Acc: 0.9628, Prec: 0.8207, Rec: 0.7624, F1: 0.7792                                                                                   
[Epoch 26] Val Loss: 0.1231, Acc: 0.9633, Prec: 0.7521, Rec: 0.7523, F1: 0.7503
        Validation F1 improved → Saving model: ./checkpoints/best_model.pt
[Epoch 27] Train Loss: 0.1154, Loss_s: 0.1102, Loss_u: 0.0259, Mask: 0.8965, Acc: 0.9611, Prec: 0.7329, Rec: 0.7488, F1: 0.7384                                                                                   
[Epoch 27] Val Loss: 0.1062, Acc: 0.9676, Prec: 0.8518, Rec: 0.7340, F1: 0.7443
        EarlyStopping counter: 1 / 20
[Epoch 28] Train Loss: 0.0922, Loss_s: 0.0878, Loss_u: 0.0221, Mask: 0.9054, Acc: 0.9694, Prec: 0.8594, Rec: 0.7889, F1: 0.7883                                                                                   
[Epoch 28] Val Loss: 0.1071, Acc: 0.9677, Prec: 0.8390, Rec: 0.7374, F1: 0.7529
        Validation F1 improved → Saving model: ./checkpoints/best_model.pt
[Epoch 29] Train Loss: 0.0915, Loss_s: 0.0871, Loss_u: 0.0223, Mask: 0.9041, Acc: 0.9704, Prec: 0.8901, Rec: 0.8003, F1: 0.8121                                                                                   
[Epoch 29] Val Loss: 0.1237, Acc: 0.9635, Prec: 0.8847, Rec: 0.7224, F1: 0.7410
        EarlyStopping counter: 1 / 20
[Epoch 30] Train Loss: 0.1012, Loss_s: 0.0966, Loss_u: 0.0228, Mask: 0.9087, Acc: 0.9676, Prec: 0.8700, Rec: 0.7822, F1: 0.7966                                                                                   
[Epoch 30] Val Loss: 0.1392, Acc: 0.9614, Prec: 0.8046, Rec: 0.7346, F1: 0.7394
        EarlyStopping counter: 2 / 20
[Epoch 31] Train Loss: 0.1167, Loss_s: 0.1108, Loss_u: 0.0293, Mask: 0.9128, Acc: 0.9650, Prec: 0.7900, Rec: 0.7783, F1: 0.7709                                                                                   
[Epoch 31] Val Loss: 0.1554, Acc: 0.9510, Prec: 0.6574, Rec: 0.6303, F1: 0.6155
        EarlyStopping counter: 3 / 20
[Epoch 32] Train Loss: 0.1227, Loss_s: 0.1174, Loss_u: 0.0266, Mask: 0.8996, Acc: 0.9605, Prec: 0.8134, Rec: 0.7170, F1: 0.7380                                                                                   
[Epoch 32] Val Loss: 0.1344, Acc: 0.9627, Prec: 0.8533, Rec: 0.6801, F1: 0.7319
        EarlyStopping counter: 4 / 20
[Epoch 33] Train Loss: 0.1011, Loss_s: 0.0967, Loss_u: 0.0218, Mask: 0.9058, Acc: 0.9673, Prec: 0.8293, Rec: 0.7914, F1: 0.8018                                                                                   
[Epoch 33] Val Loss: 0.1031, Acc: 0.9684, Prec: 0.8328, Rec: 0.7470, F1: 0.7508
        EarlyStopping counter: 5 / 20
[Epoch 34] Train Loss: 0.0811, Loss_s: 0.0770, Loss_u: 0.0204, Mask: 0.9092, Acc: 0.9733, Prec: 0.8901, Rec: 0.8064, F1: 0.8146                                                                                   
[Epoch 34] Val Loss: 0.1076, Acc: 0.9681, Prec: 0.8408, Rec: 0.7386, F1: 0.7498
        EarlyStopping counter: 6 / 20
[Epoch 35] Train Loss: 0.0869, Loss_s: 0.0823, Loss_u: 0.0233, Mask: 0.9103, Acc: 0.9704, Prec: 0.8644, Rec: 0.8115, F1: 0.8278                                                                                   
[Epoch 35] Val Loss: 0.1170, Acc: 0.9671, Prec: 0.8339, Rec: 0.7297, F1: 0.7539
        Validation F1 improved → Saving model: ./checkpoints/best_model.pt
[Epoch 36] Train Loss: 0.0844, Loss_s: 0.0803, Loss_u: 0.0206, Mask: 0.9126, Acc: 0.9716, Prec: 0.8496, Rec: 0.8187, F1: 0.8175                                                                                   
[Epoch 36] Val Loss: 0.1347, Acc: 0.9631, Prec: 0.8326, Rec: 0.7016, F1: 0.7371
        EarlyStopping counter: 1 / 20
[Epoch 37] Train Loss: 0.1056, Loss_s: 0.0994, Loss_u: 0.0306, Mask: 0.9105, Acc: 0.9654, Prec: 0.8467, Rec: 0.7608, F1: 0.7887                                                                                   
[Epoch 37] Val Loss: 0.1488, Acc: 0.9590, Prec: 0.7822, Rec: 0.6812, F1: 0.7217
        EarlyStopping counter: 2 / 20
[Epoch 38] Train Loss: 0.1209, Loss_s: 0.1155, Loss_u: 0.0270, Mask: 0.8945, Acc: 0.9613, Prec: 0.8171, Rec: 0.7617, F1: 0.7710                                                                                   
[Epoch 38] Val Loss: 0.1330, Acc: 0.9623, Prec: 0.8292, Rec: 0.7055, F1: 0.7247
        EarlyStopping counter: 3 / 20
[Epoch 39] Train Loss: 0.1070, Loss_s: 0.1019, Loss_u: 0.0252, Mask: 0.8982, Acc: 0.9656, Prec: 0.7563, Rec: 0.7859, F1: 0.7678                                                                                   
[Epoch 39] Val Loss: 0.1166, Acc: 0.9651, Prec: 0.8387, Rec: 0.7044, F1: 0.7391
        EarlyStopping counter: 4 / 20
[Epoch 40] Train Loss: 0.0909, Loss_s: 0.0861, Loss_u: 0.0237, Mask: 0.9165, Acc: 0.9716, Prec: 0.8864, Rec: 0.7581, F1: 0.8051                                                                                   
[Epoch 40] Val Loss: 0.1094, Acc: 0.9662, Prec: 0.8415, Rec: 0.7074, F1: 0.7488
        EarlyStopping counter: 5 / 20
[Epoch 41] Train Loss: 0.0820, Loss_s: 0.0773, Loss_u: 0.0232, Mask: 0.9109, Acc: 0.9728, Prec: 0.8799, Rec: 0.8107, F1: 0.8333                                                                                   
[Epoch 41] Val Loss: 0.1093, Acc: 0.9676, Prec: 0.8638, Rec: 0.7313, F1: 0.7558
        Validation F1 improved → Saving model: ./checkpoints/best_model.pt
[Epoch 42] Train Loss: 0.0868, Loss_s: 0.0819, Loss_u: 0.0242, Mask: 0.9150, Acc: 0.9721, Prec: 0.9179, Rec: 0.8099, F1: 0.8183                                                                                   
[Epoch 42] Val Loss: 0.1078, Acc: 0.9670, Prec: 0.8394, Rec: 0.7604, F1: 0.7526
        EarlyStopping counter: 1 / 20
[Epoch 43] Train Loss: 0.1185, Loss_s: 0.1135, Loss_u: 0.0252, Mask: 0.9084, Acc: 0.9624, Prec: 0.8134, Rec: 0.7577, F1: 0.7710                                                                                   
[Epoch 43] Val Loss: 0.1360, Acc: 0.9613, Prec: 0.7945, Rec: 0.6832, F1: 0.6847
        EarlyStopping counter: 2 / 20
[Epoch 44] Train Loss: 0.1114, Loss_s: 0.1055, Loss_u: 0.0299, Mask: 0.9049, Acc: 0.9640, Prec: 0.8361, Rec: 0.7484, F1: 0.7673                                                                                   
[Epoch 44] Val Loss: 0.1450, Acc: 0.9576, Prec: 0.8043, Rec: 0.6664, F1: 0.6798
        EarlyStopping counter: 3 / 20
[Epoch 45] Train Loss: 0.0974, Loss_s: 0.0923, Loss_u: 0.0255, Mask: 0.9099, Acc: 0.9687, Prec: 0.8270, Rec: 0.7840, F1: 0.7927                                                                                   
[Epoch 45] Val Loss: 0.1081, Acc: 0.9666, Prec: 0.8197, Rec: 0.7572, F1: 0.7665
        Validation F1 improved → Saving model: ./checkpoints/best_model.pt
[Epoch 46] Train Loss: 0.0843, Loss_s: 0.0801, Loss_u: 0.0214, Mask: 0.9123, Acc: 0.9715, Prec: 0.8686, Rec: 0.8156, F1: 0.8280                                                                                   
[Epoch 46] Val Loss: 0.1128, Acc: 0.9671, Prec: 0.8568, Rec: 0.7331, F1: 0.7602
        EarlyStopping counter: 1 / 20
[Epoch 47] Train Loss: 0.0856, Loss_s: 0.0806, Loss_u: 0.0253, Mask: 0.9136, Acc: 0.9721, Prec: 0.8856, Rec: 0.8198, F1: 0.8362                                                                                   
[Epoch 47] Val Loss: 0.1130, Acc: 0.9681, Prec: 0.8648, Rec: 0.7413, F1: 0.7725
        Validation F1 improved → Saving model: ./checkpoints/best_model.pt
[Epoch 48] Train Loss: 0.0787, Loss_s: 0.0744, Loss_u: 0.0210, Mask: 0.9136, Acc: 0.9741, Prec: 0.8951, Rec: 0.8313, F1: 0.8469                                                                                   
[Epoch 48] Val Loss: 0.1026, Acc: 0.9682, Prec: 0.8384, Rec: 0.7617, F1: 0.7801
        Validation F1 improved → Saving model: ./checkpoints/best_model.pt
[Epoch 49] Train Loss: 0.0897, Loss_s: 0.0848, Loss_u: 0.0246, Mask: 0.9128, Acc: 0.9681, Prec: 0.8669, Rec: 0.8224, F1: 0.8384                                                                                   
[Epoch 49] Val Loss: 0.1477, Acc: 0.9606, Prec: 0.8465, Rec: 0.6944, F1: 0.7492
        EarlyStopping counter: 1 / 20
[Epoch 50] Train Loss: 0.0962, Loss_s: 0.0908, Loss_u: 0.0268, Mask: 0.9084, Acc: 0.9696, Prec: 0.8577, Rec: 0.8083, F1: 0.8124                                                                                   
[Epoch 50] Val Loss: 0.1859, Acc: 0.9587, Prec: 0.8671, Rec: 0.6944, F1: 0.7379
        EarlyStopping counter: 2 / 20
[Epoch 51] Train Loss: 0.0838, Loss_s: 0.0790, Loss_u: 0.0238, Mask: 0.9182, Acc: 0.9711, Prec: 0.8965, Rec: 0.8135, F1: 0.8388                                                                                   
[Epoch 51] Val Loss: 0.1105, Acc: 0.9671, Prec: 0.8148, Rec: 0.7667, F1: 0.7563
        EarlyStopping counter: 3 / 20
[Epoch 52] Train Loss: 0.0811, Loss_s: 0.0758, Loss_u: 0.0265, Mask: 0.9123, Acc: 0.9733, Prec: 0.8491, Rec: 0.8333, F1: 0.8287                                                                                   
[Epoch 52] Val Loss: 0.1266, Acc: 0.9654, Prec: 0.8345, Rec: 0.7323, F1: 0.7615
        EarlyStopping counter: 4 / 20
[Epoch 53] Train Loss: 0.0775, Loss_s: 0.0726, Loss_u: 0.0247, Mask: 0.9204, Acc: 0.9738, Prec: 0.9010, Rec: 0.8341, F1: 0.8556                                                                                   
[Epoch 53] Val Loss: 0.1198, Acc: 0.9669, Prec: 0.8412, Rec: 0.7465, F1: 0.7735
        EarlyStopping counter: 5 / 20
[Epoch 54] Train Loss: 0.0744, Loss_s: 0.0692, Loss_u: 0.0260, Mask: 0.9186, Acc: 0.9767, Prec: 0.9098, Rec: 0.8584, F1: 0.8732                                                                                   
[Epoch 54] Val Loss: 0.1546, Acc: 0.9621, Prec: 0.8353, Rec: 0.7228, F1: 0.7528
        EarlyStopping counter: 6 / 20
[Epoch 55] Train Loss: 0.0903, Loss_s: 0.0847, Loss_u: 0.0280, Mask: 0.9135, Acc: 0.9730, Prec: 0.8675, Rec: 0.8125, F1: 0.8283                                                                                   
[Epoch 55] Val Loss: 0.1644, Acc: 0.9598, Prec: 0.8523, Rec: 0.6560, F1: 0.7325
        EarlyStopping counter: 7 / 20
[Epoch 56] Train Loss: 0.1106, Loss_s: 0.1060, Loss_u: 0.0230, Mask: 0.9098, Acc: 0.9630, Prec: 0.7966, Rec: 0.7455, F1: 0.7650                                                                                   
[Epoch 56] Val Loss: 0.1211, Acc: 0.9626, Prec: 0.8050, Rec: 0.7553, F1: 0.7714
        EarlyStopping counter: 8 / 20
[Epoch 57] Train Loss: 0.0851, Loss_s: 0.0806, Loss_u: 0.0223, Mask: 0.9080, Acc: 0.9705, Prec: 0.8574, Rec: 0.8092, F1: 0.8156                                                                                   
[Epoch 57] Val Loss: 0.1151, Acc: 0.9662, Prec: 0.8668, Rec: 0.7332, F1: 0.7707
        EarlyStopping counter: 9 / 20
[Epoch 58] Train Loss: 0.0758, Loss_s: 0.0713, Loss_u: 0.0228, Mask: 0.9230, Acc: 0.9758, Prec: 0.9126, Rec: 0.8541, F1: 0.8800                                                                                   
[Epoch 58] Val Loss: 0.1126, Acc: 0.9694, Prec: 0.8486, Rec: 0.7544, F1: 0.7869
        Validation F1 improved → Saving model: ./checkpoints/best_model.pt
[Epoch 59] Train Loss: 0.0697, Loss_s: 0.0651, Loss_u: 0.0228, Mask: 0.9195, Acc: 0.9750, Prec: 0.9254, Rec: 0.8587, F1: 0.8792                                                                                   
[Epoch 59] Val Loss: 0.1106, Acc: 0.9697, Prec: 0.8563, Rec: 0.7607, F1: 0.7917
        Validation F1 improved → Saving model: ./checkpoints/best_model.pt
[Epoch 60] Train Loss: 0.0763, Loss_s: 0.0720, Loss_u: 0.0217, Mask: 0.9174, Acc: 0.9736, Prec: 0.9017, Rec: 0.8489, F1: 0.8672                                                                                   
[Epoch 60] Val Loss: 0.1608, Acc: 0.9610, Prec: 0.8336, Rec: 0.7140, F1: 0.7595
        EarlyStopping counter: 1 / 20
[Epoch 61] Train Loss: 0.0823, Loss_s: 0.0770, Loss_u: 0.0262, Mask: 0.9173, Acc: 0.9716, Prec: 0.8687, Rec: 0.8241, F1: 0.8433                                                                                   
[Epoch 61] Val Loss: 0.1247, Acc: 0.9655, Prec: 0.8196, Rec: 0.7680, F1: 0.7841
        EarlyStopping counter: 2 / 20
[Epoch 62] Train Loss: 0.0961, Loss_s: 0.0903, Loss_u: 0.0288, Mask: 0.9183, Acc: 0.9711, Prec: 0.8983, Rec: 0.8292, F1: 0.8482                                                                                   
[Epoch 62] Val Loss: 0.1128, Acc: 0.9645, Prec: 0.8295, Rec: 0.7468, F1: 0.7821
        EarlyStopping counter: 3 / 20
[Epoch 63] Train Loss: 0.0999, Loss_s: 0.0954, Loss_u: 0.0228, Mask: 0.9015, Acc: 0.9679, Prec: 0.8018, Rec: 0.7659, F1: 0.7679                                                                                   
[Epoch 63] Val Loss: 0.2193, Acc: 0.9524, Prec: 0.8794, Rec: 0.6066, F1: 0.6883
        EarlyStopping counter: 4 / 20
[Epoch 64] Train Loss: 0.0804, Loss_s: 0.0755, Loss_u: 0.0244, Mask: 0.9110, Acc: 0.9738, Prec: 0.9099, Rec: 0.8301, F1: 0.8606                                                                                   
[Epoch 64] Val Loss: 0.1344, Acc: 0.9656, Prec: 0.8817, Rec: 0.7409, F1: 0.7885
        EarlyStopping counter: 5 / 20
[Epoch 65] Train Loss: 0.0693, Loss_s: 0.0645, Loss_u: 0.0240, Mask: 0.9228, Acc: 0.9773, Prec: 0.8991, Rec: 0.8664, F1: 0.8775                                                                                   
[Epoch 65] Val Loss: 0.1190, Acc: 0.9678, Prec: 0.8845, Rec: 0.7496, F1: 0.7976
        Validation F1 improved → Saving model: ./checkpoints/best_model.pt
[Epoch 66] Train Loss: 0.0663, Loss_s: 0.0624, Loss_u: 0.0194, Mask: 0.9184, Acc: 0.9769, Prec: 0.9138, Rec: 0.8714, F1: 0.8866                                                                                   
[Epoch 66] Val Loss: 0.1217, Acc: 0.9675, Prec: 0.8810, Rec: 0.7436, F1: 0.7958
        EarlyStopping counter: 1 / 20
[Epoch 67] Train Loss: 0.0768, Loss_s: 0.0718, Loss_u: 0.0253, Mask: 0.9206, Acc: 0.9742, Prec: 0.8952, Rec: 0.8467, F1: 0.8654                                                                                   
[Epoch 67] Val Loss: 0.1489, Acc: 0.9615, Prec: 0.8296, Rec: 0.7432, F1: 0.7763
        EarlyStopping counter: 2 / 20
[Epoch 68] Train Loss: 0.0921, Loss_s: 0.0859, Loss_u: 0.0313, Mask: 0.9226, Acc: 0.9699, Prec: 0.8368, Rec: 0.8151, F1: 0.8223                                                                                   
[Epoch 68] Val Loss: 0.1241, Acc: 0.9601, Prec: 0.7853, Rec: 0.7822, F1: 0.7786
        EarlyStopping counter: 3 / 20
[Epoch 69] Train Loss: 0.0921, Loss_s: 0.0853, Loss_u: 0.0338, Mask: 0.9146, Acc: 0.9719, Prec: 0.8896, Rec: 0.8344, F1: 0.8509                                                                                   
[Epoch 69] Val Loss: 0.1287, Acc: 0.9664, Prec: 0.8862, Rec: 0.7312, F1: 0.7705
        EarlyStopping counter: 4 / 20
[Epoch 70] Train Loss: 0.0777, Loss_s: 0.0720, Loss_u: 0.0287, Mask: 0.9153, Acc: 0.9752, Prec: 0.8940, Rec: 0.8435, F1: 0.8580                                                                                   
[Epoch 70] Val Loss: 0.1094, Acc: 0.9697, Prec: 0.8669, Rec: 0.7758, F1: 0.7991
        Validation F1 improved → Saving model: ./checkpoints/best_model.pt
[Epoch 71] Train Loss: 0.0632, Loss_s: 0.0588, Loss_u: 0.0215, Mask: 0.9244, Acc: 0.9787, Prec: 0.9456, Rec: 0.8733, F1: 0.8922                                                                                   
[Epoch 71] Val Loss: 0.1175, Acc: 0.9683, Prec: 0.8628, Rec: 0.7627, F1: 0.7926
        EarlyStopping counter: 1 / 20
[Epoch 72] Train Loss: 0.0611, Loss_s: 0.0564, Loss_u: 0.0233, Mask: 0.9210, Acc: 0.9789, Prec: 0.9234, Rec: 0.8827, F1: 0.8959                                                                                   
[Epoch 72] Val Loss: 0.1187, Acc: 0.9688, Prec: 0.8645, Rec: 0.7603, F1: 0.7983
        EarlyStopping counter: 2 / 20
[Epoch 73] Train Loss: 0.0714, Loss_s: 0.0664, Loss_u: 0.0252, Mask: 0.9258, Acc: 0.9764, Prec: 0.9168, Rec: 0.8856, F1: 0.8989                                                                                   
[Epoch 73] Val Loss: 0.1244, Acc: 0.9649, Prec: 0.8208, Rec: 0.7987, F1: 0.8037
        Validation F1 improved → Saving model: ./checkpoints/best_model.pt
[Epoch 74] Train Loss: 0.0903, Loss_s: 0.0835, Loss_u: 0.0341, Mask: 0.9135, Acc: 0.9688, Prec: 0.8524, Rec: 0.8347, F1: 0.8377                                                                                   
[Epoch 74] Val Loss: 0.1504, Acc: 0.9629, Prec: 0.9151, Rec: 0.6647, F1: 0.7322
        EarlyStopping counter: 1 / 20
[Epoch 75] Train Loss: 0.1036, Loss_s: 0.0983, Loss_u: 0.0262, Mask: 0.9101, Acc: 0.9684, Prec: 0.8889, Rec: 0.7773, F1: 0.8150                                                                                   
[Epoch 75] Val Loss: 0.1149, Acc: 0.9645, Prec: 0.8095, Rec: 0.7720, F1: 0.7643
        EarlyStopping counter: 2 / 20
[Epoch 76] Train Loss: 0.0844, Loss_s: 0.0802, Loss_u: 0.0213, Mask: 0.9123, Acc: 0.9710, Prec: 0.8513, Rec: 0.8349, F1: 0.8365                                                                                   
[Epoch 76] Val Loss: 0.1089, Acc: 0.9686, Prec: 0.8700, Rec: 0.7710, F1: 0.8026
        EarlyStopping counter: 3 / 20
[Epoch 77] Train Loss: 0.0696, Loss_s: 0.0645, Loss_u: 0.0253, Mask: 0.9099, Acc: 0.9758, Prec: 0.9066, Rec: 0.8690, F1: 0.8813                                                                                   
[Epoch 77] Val Loss: 0.1111, Acc: 0.9690, Prec: 0.8712, Rec: 0.7724, F1: 0.8074
        Validation F1 improved → Saving model: ./checkpoints/best_model.pt
[Epoch 78] Train Loss: 0.0632, Loss_s: 0.0584, Loss_u: 0.0240, Mask: 0.9148, Acc: 0.9789, Prec: 0.9318, Rec: 0.8839, F1: 0.9004                                                                                   
[Epoch 78] Val Loss: 0.1226, Acc: 0.9678, Prec: 0.8798, Rec: 0.7556, F1: 0.8014
        EarlyStopping counter: 1 / 20
[Epoch 79] Train Loss: 0.0647, Loss_s: 0.0605, Loss_u: 0.0212, Mask: 0.9242, Acc: 0.9772, Prec: 0.9318, Rec: 0.8758, F1: 0.8992                                                                                   
[Epoch 79] Val Loss: 0.1661, Acc: 0.9608, Prec: 0.8268, Rec: 0.7335, F1: 0.7629
        EarlyStopping counter: 2 / 20
[Epoch 80] Train Loss: 0.0760, Loss_s: 0.0700, Loss_u: 0.0302, Mask: 0.9198, Acc: 0.9742, Prec: 0.8914, Rec: 0.8453, F1: 0.8639                                                                                   
[Epoch 80] Val Loss: 0.1307, Acc: 0.9656, Prec: 0.8456, Rec: 0.7532, F1: 0.7814
        EarlyStopping counter: 3 / 20
[Epoch 81] Train Loss: 0.0810, Loss_s: 0.0746, Loss_u: 0.0319, Mask: 0.9200, Acc: 0.9724, Prec: 0.8912, Rec: 0.8109, F1: 0.8442                                                                                   
[Epoch 81] Val Loss: 0.1128, Acc: 0.9688, Prec: 0.8493, Rec: 0.7861, F1: 0.8037
        EarlyStopping counter: 4 / 20
[Epoch 82] Train Loss: 0.0752, Loss_s: 0.0691, Loss_u: 0.0309, Mask: 0.9173, Acc: 0.9738, Prec: 0.8562, Rec: 0.8475, F1: 0.8405                                                                                   
[Epoch 82] Val Loss: 0.1702, Acc: 0.9624, Prec: 0.8563, Rec: 0.7106, F1: 0.7621
        EarlyStopping counter: 5 / 20
[Epoch 83] Train Loss: 0.0625, Loss_s: 0.0573, Loss_u: 0.0259, Mask: 0.9231, Acc: 0.9802, Prec: 0.9432, Rec: 0.8672, F1: 0.9003                                                                                   
[Epoch 83] Val Loss: 0.1276, Acc: 0.9669, Prec: 0.8718, Rec: 0.7652, F1: 0.8067
        EarlyStopping counter: 6 / 20
[Epoch 84] Train Loss: 0.0642, Loss_s: 0.0588, Loss_u: 0.0271, Mask: 0.9211, Acc: 0.9789, Prec: 0.9304, Rec: 0.8847, F1: 0.9049                                                                                   
[Epoch 84] Val Loss: 0.1110, Acc: 0.9702, Prec: 0.8887, Rec: 0.7747, F1: 0.8179
        Validation F1 improved → Saving model: ./checkpoints/best_model.pt
[Epoch 85] Train Loss: 0.0646, Loss_s: 0.0593, Loss_u: 0.0265, Mask: 0.9257, Acc: 0.9790, Prec: 0.9286, Rec: 0.8711, F1: 0.8964                                                                                   
[Epoch 85] Val Loss: 0.1392, Acc: 0.9669, Prec: 0.8603, Rec: 0.7822, F1: 0.8030
        EarlyStopping counter: 1 / 20
[Epoch 86] Train Loss: 0.0750, Loss_s: 0.0687, Loss_u: 0.0316, Mask: 0.9213, Acc: 0.9748, Prec: 0.8823, Rec: 0.8647, F1: 0.8698                                                                                   
[Epoch 86] Val Loss: 0.1962, Acc: 0.9618, Prec: 0.8930, Rec: 0.6868, F1: 0.7602
        EarlyStopping counter: 2 / 20
[Epoch 87] Train Loss: 0.0896, Loss_s: 0.0836, Loss_u: 0.0300, Mask: 0.9242, Acc: 0.9701, Prec: 0.8840, Rec: 0.8255, F1: 0.8424                                                                                   
[Epoch 87] Val Loss: 0.1100, Acc: 0.9687, Prec: 0.8695, Rec: 0.7896, F1: 0.8112
        EarlyStopping counter: 3 / 20
[Epoch 88] Train Loss: 0.0742, Loss_s: 0.0688, Loss_u: 0.0271, Mask: 0.9182, Acc: 0.9738, Prec: 0.9047, Rec: 0.8399, F1: 0.8636                                                                                   
[Epoch 88] Val Loss: 0.1345, Acc: 0.9644, Prec: 0.8521, Rec: 0.7526, F1: 0.7885
        EarlyStopping counter: 4 / 20
[Epoch 89] Train Loss: 0.0645, Loss_s: 0.0590, Loss_u: 0.0274, Mask: 0.9159, Acc: 0.9792, Prec: 0.9065, Rec: 0.8840, F1: 0.8905                                                                                   
[Epoch 89] Val Loss: 0.1159, Acc: 0.9688, Prec: 0.8732, Rec: 0.7799, F1: 0.8161
        EarlyStopping counter: 5 / 20
[Epoch 90] Train Loss: 0.0553, Loss_s: 0.0503, Loss_u: 0.0248, Mask: 0.9214, Acc: 0.9826, Prec: 0.9274, Rec: 0.9068, F1: 0.9140                                                                                   
[Epoch 90] Val Loss: 0.1207, Acc: 0.9687, Prec: 0.8758, Rec: 0.7786, F1: 0.8167
        EarlyStopping counter: 6 / 20
[Epoch 91] Train Loss: 0.0588, Loss_s: 0.0539, Loss_u: 0.0245, Mask: 0.9222, Acc: 0.9818, Prec: 0.9419, Rec: 0.9142, F1: 0.9276                                                                                   
[Epoch 91] Val Loss: 0.1142, Acc: 0.9688, Prec: 0.8677, Rec: 0.7709, F1: 0.8039
        EarlyStopping counter: 7 / 20
[Epoch 92] Train Loss: 0.0766, Loss_s: 0.0714, Loss_u: 0.0261, Mask: 0.9236, Acc: 0.9742, Prec: 0.9156, Rec: 0.8739, F1: 0.8917                                                                                   
[Epoch 92] Val Loss: 0.1304, Acc: 0.9657, Prec: 0.8494, Rec: 0.7690, F1: 0.7880
        EarlyStopping counter: 8 / 20
[Epoch 93] Train Loss: 0.0862, Loss_s: 0.0813, Loss_u: 0.0246, Mask: 0.9177, Acc: 0.9696, Prec: 0.8656, Rec: 0.8455, F1: 0.8522                                                                                   
[Epoch 93] Val Loss: 0.1262, Acc: 0.9656, Prec: 0.8426, Rec: 0.7544, F1: 0.7900
        EarlyStopping counter: 9 / 20
[Epoch 94] Train Loss: 0.0771, Loss_s: 0.0723, Loss_u: 0.0237, Mask: 0.9237, Acc: 0.9755, Prec: 0.9105, Rec: 0.8667, F1: 0.8847                                                                                   
[Epoch 94] Val Loss: 0.1122, Acc: 0.9682, Prec: 0.8688, Rec: 0.7713, F1: 0.8111
        EarlyStopping counter: 10 / 20
[Epoch 95] Train Loss: 0.0613, Loss_s: 0.0564, Loss_u: 0.0243, Mask: 0.9246, Acc: 0.9801, Prec: 0.9535, Rec: 0.8822, F1: 0.9085                                                                                   
[Epoch 95] Val Loss: 0.1145, Acc: 0.9690, Prec: 0.8802, Rec: 0.7828, F1: 0.8195
        Validation F1 improved → Saving model: ./checkpoints/best_model.pt
[Epoch 96] Train Loss: 0.0569, Loss_s: 0.0519, Loss_u: 0.0250, Mask: 0.9235, Acc: 0.9810, Prec: 0.9313, Rec: 0.8862, F1: 0.9065                                                                                   
[Epoch 96] Val Loss: 0.1159, Acc: 0.9687, Prec: 0.8770, Rec: 0.7829, F1: 0.8182
        EarlyStopping counter: 1 / 20
[Epoch 97] Train Loss: 0.0557, Loss_s: 0.0510, Loss_u: 0.0235, Mask: 0.9250, Acc: 0.9809, Prec: 0.9338, Rec: 0.9011, F1: 0.9158                                                                                   
[Epoch 97] Val Loss: 0.1356, Acc: 0.9668, Prec: 0.8812, Rec: 0.7453, F1: 0.7982
        EarlyStopping counter: 2 / 20
[Epoch 98] Train Loss: 0.0593, Loss_s: 0.0538, Loss_u: 0.0275, Mask: 0.9306, Acc: 0.9807, Prec: 0.9332, Rec: 0.8994, F1: 0.9150                                                                                   
[Epoch 98] Val Loss: 0.1041, Acc: 0.9704, Prec: 0.8529, Rec: 0.7967, F1: 0.8209
        Validation F1 improved → Saving model: ./checkpoints/best_model.pt
[Epoch 99] Train Loss: 0.0771, Loss_s: 0.0706, Loss_u: 0.0323, Mask: 0.9256, Acc: 0.9744, Prec: 0.8851, Rec: 0.8701, F1: 0.8768                                                                                   
[Epoch 99] Val Loss: 0.1490, Acc: 0.9631, Prec: 0.8347, Rec: 0.7482, F1: 0.7725
        EarlyStopping counter: 1 / 20
[Epoch 100] Train Loss: 0.0834, Loss_s: 0.0775, Loss_u: 0.0297, Mask: 0.9176, Acc: 0.9725, Prec: 0.8956, Rec: 0.8470, F1: 0.8655                                                                                  
[Epoch 100] Val Loss: 0.1282, Acc: 0.9655, Prec: 0.8398, Rec: 0.7712, F1: 0.7912
        EarlyStopping counter: 2 / 20
Total training time: 27 min 28.64 sec
Loaded best model.
[Best Model Train] Loss: 0.0668, Acc: 0.9778, Prec: 0.9244, Rec: 0.8941, F1: 0.9078                                                                                                                               
[Best Model Train] Classification Report:
              precision    recall  f1-score   support

           0     0.9548    0.9193    0.9367       161
           1     0.9091    1.0000    0.9524        20
           2     0.9006    0.7938    0.8438       194
           3     0.9677    0.9890    0.9782       363
           4     0.8261    0.7090    0.7631       134
           5     1.0000    0.9375    0.9677        32
           6     0.7750    0.7045    0.7381        44
           7     1.0000    1.0000    1.0000         5
           8     0.9862    0.9940    0.9901      5528

    accuracy                         0.9778      6481
   macro avg     0.9244    0.8941    0.9078      6481
weighted avg     0.9769    0.9778    0.9771      6481

[Best Model Train] Confusion Matrix:
[[ 148    0    0    0    0    0    0    0   13]
 [   0   20    0    0    0    0    0    0    0]
 [   0    0  154    3   12    0    1    0   24]
 [   0    0    0  359    0    0    0    0    4]
 [   4    1    8    0   95    0    3    0   23]
 [   1    1    0    0    0   30    0    0    0]
 [   0    0    0    0    0    0   31    0   13]
 [   0    0    0    0    0    0    0    5    0]
 [   2    0    9    9    8    0    5    0 5495]]

[Best Model Validation] Loss: 0.1041, Acc: 0.9704, Prec: 0.8529, Rec: 0.7967, F1: 0.8209                                                                                                                          
[Best Model Validation] Classification Report:
              precision    recall  f1-score   support

           0     0.9432    0.8773    0.9091       644
           1     0.7053    0.8072    0.7528        83
           2     0.8995    0.7018    0.7884       778
           3     0.9661    0.9828    0.9744      1452
           4     0.7411    0.6599    0.6981       538
           5     0.9515    0.7597    0.8448       129
           6     0.5782    0.4775    0.5231       178
           7     0.9091    0.9091    0.9091        22
           8     0.9821    0.9952    0.9886     22114

    accuracy                         0.9704     25938
   macro avg     0.8529    0.7967    0.8209     25938
weighted avg     0.9689    0.9704    0.9690     25938

[Best Model Validation] Confusion Matrix:
[[  565     8     0     0     1     0     2     0    68]
 [    3    67     0     0    11     1     1     0     0]
 [    1     1   546    34    66     1     4     2   123]
 [    0     0     9  1427     0     0     0     0    16]
 [   17     9    12     0   355     0    32     0   113]
 [    5     9     7     1     4    98     3     0     2]
 [    0     0     3     0    10     0    85     0    80]
 [    1     0     0     0     0     1     0    20     0]
 [    7     1    30    15    32     2    20     0 22007]]

[Test] Loss: 0.1127, Acc: 0.9694, Prec: 0.8647, Rec: 0.7850, F1: 0.8206                                                                                                                                           
[Test] Classification Report:
              precision    recall  f1-score   support

           0     0.9062    0.8767    0.8913       430
           1     0.7719    0.7857    0.7788        56
           2     0.8857    0.7154    0.7915       520
           3     0.9646    0.9855    0.9750       968
           4     0.7871    0.6759    0.7273       361
           5     0.9143    0.7273    0.8101        88
           6     0.5714    0.4298    0.4906       121
           7     1.0000    0.8750    0.9333        16
           8     0.9810    0.9938    0.9874     14744

    accuracy                         0.9694     17304
   macro avg     0.8647    0.7850    0.8206     17304
weighted avg     0.9674    0.9694    0.9679     17304

[Test] Confusion Matrix:
[[  377     4     0     0     0     0     0     0    49]
 [    3    44     1     0     4     0     4     0     0]
 [    0     2   372    23    34     2     2     0    85]
 [    0     0     2   954     0     0     0     0    12]
 [   20     2     9     1   244     0    15     0    70]
 [    4     5     7     0     2    64     2     0     4]
 [    0     0     2     0     3     0    52     0    64]
 [    0     0     1     0     0     1     0    14     0]
 [   12     0    26    11    23     3    16     0 14653]]