## backbone unfreeze
## fc.classifier unfreeze

04/29/2026 14:14:12 - INFO - root -   train_labeled_dataset: 129708
04/29/2026 14:14:12 - INFO - root -   val_dataset: 25938
04/29/2026 14:14:12 - INFO - root -   test_dataset: 17304
04/29/2026 14:14:12 - INFO - root -   train_unlabeled_dataset: 638507

[Epoch 1] Train Loss: 0.1464, Loss_s: 0.1365, Loss_u: 0.0254, Loss_kl: 0.0243, Mask: 0.8767, Acc: 0.9590, Prec: 0.7787, Rec: 0.7160, F1: 0.7435                                                                            
[Epoch 1] Val Loss: 0.1060, Acc: 0.9692, Prec: 0.8996, Rec: 0.7524, F1: 0.8107
        Validation F1 improved → Saving model: ./checkpoints/best_model.pt
[Epoch 2] Train Loss: 0.0980, Loss_s: 0.0892, Loss_u: 0.0225, Loss_kl: 0.0216, Mask: 0.9072, Acc: 0.9696, Prec: 0.8520, Rec: 0.8074, F1: 0.8281                                                                            
[Epoch 2] Val Loss: 0.1237, Acc: 0.9656, Prec: 0.8892, Rec: 0.7690, F1: 0.8002
        EarlyStopping counter: 1 / 30
[Epoch 3] Train Loss: 0.0911, Loss_s: 0.0828, Loss_u: 0.0215, Loss_kl: 0.0202, Mask: 0.9105, Acc: 0.9716, Prec: 0.8642, Rec: 0.8282, F1: 0.8448                                                                            
[Epoch 3] Val Loss: 0.0799, Acc: 0.9706, Prec: 0.8355, Rec: 0.8719, F1: 0.8474
        Validation F1 improved → Saving model: ./checkpoints/best_model.pt
[Epoch 4] Train Loss: 0.0885, Loss_s: 0.0806, Loss_u: 0.0205, Loss_kl: 0.0191, Mask: 0.9139, Acc: 0.9719, Prec: 0.8699, Rec: 0.8351, F1: 0.8512                                                                            
[Epoch 4] Val Loss: 0.1051, Acc: 0.9696, Prec: 0.9172, Rec: 0.7686, F1: 0.8326
        EarlyStopping counter: 1 / 30
[Epoch 5] Train Loss: 0.0845, Loss_s: 0.0762, Loss_u: 0.0214, Loss_kl: 0.0200, Mask: 0.9161, Acc: 0.9737, Prec: 0.8721, Rec: 0.8384, F1: 0.8541                                                                            
[Epoch 5] Val Loss: 0.0711, Acc: 0.9757, Prec: 0.8898, Rec: 0.8630, F1: 0.8681
        Validation F1 improved → Saving model: ./checkpoints/best_model.pt
[Epoch 6] Train Loss: 0.0825, Loss_s: 0.0749, Loss_u: 0.0200, Loss_kl: 0.0184, Mask: 0.9175, Acc: 0.9740, Prec: 0.8823, Rec: 0.8416, F1: 0.8608                                                                            
[Epoch 6] Val Loss: 0.0827, Acc: 0.9748, Prec: 0.9039, Rec: 0.8380, F1: 0.8651
        EarlyStopping counter: 1 / 30
[Epoch 7] Train Loss: 0.0813, Loss_s: 0.0734, Loss_u: 0.0205, Loss_kl: 0.0189, Mask: 0.9200, Acc: 0.9745, Prec: 0.8766, Rec: 0.8437, F1: 0.8591                                                                            
[Epoch 7] Val Loss: 0.0735, Acc: 0.9748, Prec: 0.9171, Rec: 0.8241, F1: 0.8594
        EarlyStopping counter: 2 / 30
[Epoch 8] Train Loss: 0.0794, Loss_s: 0.0718, Loss_u: 0.0200, Loss_kl: 0.0184, Mask: 0.9229, Acc: 0.9749, Prec: 0.8844, Rec: 0.8505, F1: 0.8664                                                                            
[Epoch 8] Val Loss: 0.0957, Acc: 0.9707, Prec: 0.9088, Rec: 0.8120, F1: 0.8497
        EarlyStopping counter: 3 / 30
[Epoch 9] Train Loss: 0.0791, Loss_s: 0.0715, Loss_u: 0.0198, Loss_kl: 0.0180, Mask: 0.9241, Acc: 0.9744, Prec: 0.8849, Rec: 0.8481, F1: 0.8656                                                                            
[Epoch 9] Val Loss: 0.0716, Acc: 0.9765, Prec: 0.8633, Rec: 0.8510, F1: 0.8407
        EarlyStopping counter: 4 / 30
[Epoch 10] Train Loss: 0.0777, Loss_s: 0.0700, Loss_u: 0.0200, Loss_kl: 0.0183, Mask: 0.9236, Acc: 0.9752, Prec: 0.8851, Rec: 0.8546, F1: 0.8688                                                                           
[Epoch 10] Val Loss: 0.0821, Acc: 0.9729, Prec: 0.8950, Rec: 0.8165, F1: 0.8474
        EarlyStopping counter: 5 / 30
[Epoch 11] Train Loss: 0.0759, Loss_s: 0.0684, Loss_u: 0.0197, Loss_kl: 0.0179, Mask: 0.9267, Acc: 0.9759, Prec: 0.8915, Rec: 0.8564, F1: 0.8730                                                                           
[Epoch 11] Val Loss: 0.0774, Acc: 0.9738, Prec: 0.8871, Rec: 0.8325, F1: 0.8546
        EarlyStopping counter: 6 / 30
[Epoch 12] Train Loss: 0.0759, Loss_s: 0.0685, Loss_u: 0.0195, Loss_kl: 0.0177, Mask: 0.9269, Acc: 0.9757, Prec: 0.8900, Rec: 0.8543, F1: 0.8712                                                                           
[Epoch 12] Val Loss: 0.0695, Acc: 0.9776, Prec: 0.8936, Rec: 0.8707, F1: 0.8762
        Validation F1 improved → Saving model: ./checkpoints/best_model.pt
[Epoch 13] Train Loss: 0.0743, Loss_s: 0.0670, Loss_u: 0.0191, Loss_kl: 0.0172, Mask: 0.9267, Acc: 0.9759, Prec: 0.8917, Rec: 0.8622, F1: 0.8760                                                                           
[Epoch 13] Val Loss: 0.0983, Acc: 0.9714, Prec: 0.9001, Rec: 0.8088, F1: 0.8447
        EarlyStopping counter: 1 / 30
[Epoch 14] Train Loss: 0.0727, Loss_s: 0.0656, Loss_u: 0.0187, Loss_kl: 0.0168, Mask: 0.9297, Acc: 0.9763, Prec: 0.8981, Rec: 0.8666, F1: 0.8816                                                                           
[Epoch 14] Val Loss: 0.0819, Acc: 0.9746, Prec: 0.9032, Rec: 0.8481, F1: 0.8674
        EarlyStopping counter: 2 / 30
[Epoch 15] Train Loss: 0.0725, Loss_s: 0.0652, Loss_u: 0.0192, Loss_kl: 0.0173, Mask: 0.9290, Acc: 0.9770, Prec: 0.9013, Rec: 0.8653, F1: 0.8824                                                                           
[Epoch 15] Val Loss: 0.0803, Acc: 0.9754, Prec: 0.9090, Rec: 0.8560, F1: 0.8760
        EarlyStopping counter: 3 / 30
[Epoch 16] Train Loss: 0.0707, Loss_s: 0.0636, Loss_u: 0.0186, Loss_kl: 0.0167, Mask: 0.9302, Acc: 0.9773, Prec: 0.9015, Rec: 0.8708, F1: 0.8854                                                                           
[Epoch 16] Val Loss: 0.0860, Acc: 0.9732, Prec: 0.9114, Rec: 0.8106, F1: 0.8483
        EarlyStopping counter: 4 / 30
[Epoch 17] Train Loss: 0.0705, Loss_s: 0.0635, Loss_u: 0.0183, Loss_kl: 0.0164, Mask: 0.9291, Acc: 0.9771, Prec: 0.9010, Rec: 0.8688, F1: 0.8841                                                                           
[Epoch 17] Val Loss: 0.0877, Acc: 0.9734, Prec: 0.9149, Rec: 0.8317, F1: 0.8655
        EarlyStopping counter: 5 / 30
[Epoch 18] Train Loss: 0.0700, Loss_s: 0.0630, Loss_u: 0.0182, Loss_kl: 0.0165, Mask: 0.9295, Acc: 0.9775, Prec: 0.9001, Rec: 0.8743, F1: 0.8865                                                                           
[Epoch 18] Val Loss: 0.0800, Acc: 0.9746, Prec: 0.9138, Rec: 0.8481, F1: 0.8741
        EarlyStopping counter: 6 / 30
[Epoch 19] Train Loss: 0.0688, Loss_s: 0.0620, Loss_u: 0.0179, Loss_kl: 0.0162, Mask: 0.9315, Acc: 0.9776, Prec: 0.8990, Rec: 0.8706, F1: 0.8841                                                                           
[Epoch 19] Val Loss: 0.0946, Acc: 0.9717, Prec: 0.8966, Rec: 0.8277, F1: 0.8548
        EarlyStopping counter: 7 / 30
[Epoch 20] Train Loss: 0.0694, Loss_s: 0.0624, Loss_u: 0.0184, Loss_kl: 0.0167, Mask: 0.9305, Acc: 0.9775, Prec: 0.9010, Rec: 0.8725, F1: 0.8860                                                                           
[Epoch 20] Val Loss: 0.0646, Acc: 0.9776, Prec: 0.9031, Rec: 0.8515, F1: 0.8697
        EarlyStopping counter: 8 / 30
[Epoch 21] Train Loss: 0.0674, Loss_s: 0.0604, Loss_u: 0.0186, Loss_kl: 0.0168, Mask: 0.9309, Acc: 0.9778, Prec: 0.9035, Rec: 0.8758, F1: 0.8890                                                                           
[Epoch 21] Val Loss: 0.0665, Acc: 0.9763, Prec: 0.9113, Rec: 0.8538, F1: 0.8756
        EarlyStopping counter: 9 / 30
[Epoch 22] Train Loss: 0.0667, Loss_s: 0.0599, Loss_u: 0.0179, Loss_kl: 0.0161, Mask: 0.9309, Acc: 0.9780, Prec: 0.9082, Rec: 0.8779, F1: 0.8924                                                                           
[Epoch 22] Val Loss: 0.0606, Acc: 0.9786, Prec: 0.8985, Rec: 0.8791, F1: 0.8850
        Validation F1 improved → Saving model: ./checkpoints/best_model.pt
[Epoch 23] Train Loss: 0.0672, Loss_s: 0.0601, Loss_u: 0.0186, Loss_kl: 0.0169, Mask: 0.9280, Acc: 0.9783, Prec: 0.9051, Rec: 0.8781, F1: 0.8910                                                                           
[Epoch 23] Val Loss: 0.0715, Acc: 0.9764, Prec: 0.9255, Rec: 0.8473, F1: 0.8812
        EarlyStopping counter: 1 / 30
[Epoch 24] Train Loss: 0.0652, Loss_s: 0.0581, Loss_u: 0.0185, Loss_kl: 0.0169, Mask: 0.9300, Acc: 0.9788, Prec: 0.9133, Rec: 0.8857, F1: 0.8988                                                                           
[Epoch 24] Val Loss: 0.0731, Acc: 0.9771, Prec: 0.9167, Rec: 0.8589, F1: 0.8813
        EarlyStopping counter: 2 / 30
[Epoch 25] Train Loss: 0.0652, Loss_s: 0.0584, Loss_u: 0.0180, Loss_kl: 0.0161, Mask: 0.9317, Acc: 0.9785, Prec: 0.9047, Rec: 0.8769, F1: 0.8901                                                                           
[Epoch 25] Val Loss: 0.0825, Acc: 0.9739, Prec: 0.9254, Rec: 0.8352, F1: 0.8720
        EarlyStopping counter: 3 / 30
[Epoch 26] Train Loss: 0.0644, Loss_s: 0.0571, Loss_u: 0.0192, Loss_kl: 0.0172, Mask: 0.9293, Acc: 0.9791, Prec: 0.9122, Rec: 0.8837, F1: 0.8973                                                                           
[Epoch 26] Val Loss: 0.0798, Acc: 0.9756, Prec: 0.9267, Rec: 0.8420, F1: 0.8795
        EarlyStopping counter: 4 / 30
[Epoch 27] Train Loss: 0.0646, Loss_s: 0.0574, Loss_u: 0.0189, Loss_kl: 0.0170, Mask: 0.9320, Acc: 0.9790, Prec: 0.9137, Rec: 0.8835, F1: 0.8980                                                                           
[Epoch 27] Val Loss: 0.0768, Acc: 0.9761, Prec: 0.9370, Rec: 0.8389, F1: 0.8822
        EarlyStopping counter: 5 / 30
[Epoch 28] Train Loss: 0.0638, Loss_s: 0.0568, Loss_u: 0.0182, Loss_kl: 0.0166, Mask: 0.9326, Acc: 0.9791, Prec: 0.9095, Rec: 0.8877, F1: 0.8981                                                                           
[Epoch 28] Val Loss: 0.0753, Acc: 0.9749, Prec: 0.9106, Rec: 0.8426, F1: 0.8714
        EarlyStopping counter: 6 / 30
[Epoch 29] Train Loss: 0.0632, Loss_s: 0.0565, Loss_u: 0.0178, Loss_kl: 0.0161, Mask: 0.9320, Acc: 0.9795, Prec: 0.9133, Rec: 0.8885, F1: 0.9003                                                                           
[Epoch 29] Val Loss: 0.0702, Acc: 0.9779, Prec: 0.9181, Rec: 0.8614, F1: 0.8864
        Validation F1 improved → Saving model: ./checkpoints/best_model.pt
[Epoch 30] Train Loss: 0.0639, Loss_s: 0.0570, Loss_u: 0.0180, Loss_kl: 0.0163, Mask: 0.9305, Acc: 0.9794, Prec: 0.9135, Rec: 0.8834, F1: 0.8978                                                                           
[Epoch 30] Val Loss: 0.0980, Acc: 0.9737, Prec: 0.9089, Rec: 0.8494, F1: 0.8702
        EarlyStopping counter: 1 / 30
[Epoch 31] Train Loss: 0.0627, Loss_s: 0.0557, Loss_u: 0.0183, Loss_kl: 0.0165, Mask: 0.9293, Acc: 0.9796, Prec: 0.9157, Rec: 0.8883, F1: 0.9014                                                                           
[Epoch 31] Val Loss: 0.0624, Acc: 0.9789, Prec: 0.8761, Rec: 0.8901, F1: 0.8779
        EarlyStopping counter: 2 / 30
[Epoch 32] Train Loss: 0.0620, Loss_s: 0.0548, Loss_u: 0.0190, Loss_kl: 0.0172, Mask: 0.9316, Acc: 0.9801, Prec: 0.9109, Rec: 0.8858, F1: 0.8978                                                                           
[Epoch 32] Val Loss: 0.0799, Acc: 0.9739, Prec: 0.9113, Rec: 0.8383, F1: 0.8666
        EarlyStopping counter: 3 / 30
[Epoch 33] Train Loss: 0.0617, Loss_s: 0.0551, Loss_u: 0.0175, Loss_kl: 0.0157, Mask: 0.9309, Acc: 0.9801, Prec: 0.9171, Rec: 0.8944, F1: 0.9052                                                                           
[Epoch 33] Val Loss: 0.0757, Acc: 0.9762, Prec: 0.9047, Rec: 0.8603, F1: 0.8755
        EarlyStopping counter: 4 / 30
[Epoch 34] Train Loss: 0.0612, Loss_s: 0.0542, Loss_u: 0.0183, Loss_kl: 0.0166, Mask: 0.9328, Acc: 0.9799, Prec: 0.9138, Rec: 0.8883, F1: 0.9005                                                                           
[Epoch 34] Val Loss: 0.0766, Acc: 0.9761, Prec: 0.9030, Rec: 0.8596, F1: 0.8737
        EarlyStopping counter: 5 / 30
[Epoch 35] Train Loss: 0.0607, Loss_s: 0.0537, Loss_u: 0.0185, Loss_kl: 0.0168, Mask: 0.9328, Acc: 0.9802, Prec: 0.9155, Rec: 0.8900, F1: 0.9023                                                                           
[Epoch 35] Val Loss: 0.0727, A cc: 0.9769, Prec: 0.9095, Rec: 0.8691, F1: 0.8843
        EarlyStopping counter: 6 / 30
[Epoch 36] Train Loss: 0.0613, Loss_s: 0.0542, Loss_u: 0.0187, Loss_kl: 0.0168, Mask: 0.9326, Acc: 0.9803, Prec: 0.9168, Rec: 0.8909, F1: 0.9034                                                                           
[Epoch 36] Val Loss: 0.0679, Acc: 0.9773, Prec: 0.8884, Rec: 0.8783, F1: 0.8790
        EarlyStopping counter: 7 / 30
[Epoch 37] Train Loss: 0.0606, Loss_s: 0.0536, Loss_u: 0.0183, Loss_kl: 0.0165, Mask: 0.9323, Acc: 0.9802, Prec: 0.9207, Rec: 0.8948, F1: 0.9073                                                                           
[Epoch 37] Val Loss: 0.0820, Acc: 0.9752, Prec: 0.9054, Rec: 0.8630, F1: 0.8775
        EarlyStopping counter: 8 / 30
[Epoch 38] Train Loss: 0.0606, Loss_s: 0.0534, Loss_u: 0.0187, Loss_kl: 0.0170, Mask: 0.9331, Acc: 0.9808, Prec: 0.9184, Rec: 0.8930, F1: 0.9052                                                                           
[Epoch 38] Val Loss: 0.0711, Acc: 0.9764, Prec: 0.9126, Rec: 0.8431, F1: 0.8699
        EarlyStopping counter: 9 / 30
[Epoch 39] Train Loss: 0.0594, Loss_s: 0.0528, Loss_u: 0.0172, Loss_kl: 0.0155, Mask: 0.9349, Acc: 0.9808, Prec: 0.9216, Rec: 0.8959, F1: 0.9083                                                                           
[Epoch 39] Val Loss: 0.0659, Acc: 0.9784, Prec: 0.9029, Rec: 0.8693, F1: 0.8804
        EarlyStopping counter: 10 / 30
[Epoch 40] Train Loss: 0.0598, Loss_s: 0.0531, Loss_u: 0.0175, Loss_kl: 0.0157, Mask: 0.9334, Acc: 0.9806, Prec: 0.9157, Rec: 0.8927, F1: 0.9037                                                                           
[Epoch 40] Val Loss: 0.0662, Acc: 0.9784, Prec: 0.9121, Rec: 0.8710, F1: 0.8872
        Validation F1 improved → Saving model: ./checkpoints/best_model.pt
[Epoch 41] Train Loss: 0.0598, Loss_s: 0.0529, Loss_u: 0.0181, Loss_kl: 0.0163, Mask: 0.9331, Acc: 0.9804, Prec: 0.9178, Rec: 0.8938, F1: 0.9053                                                                           
[Epoch 41] Val Loss: 0.0724, Acc: 0.9765, Prec: 0.8974, Rec: 0.8587, F1: 0.8706
        EarlyStopping counter: 1 / 30
[Epoch 42] Train Loss: 0.0592, Loss_s: 0.0519, Loss_u: 0.0192, Loss_kl: 0.0173, Mask: 0.9304, Acc: 0.9810, Prec: 0.9225, Rec: 0.8999, F1: 0.9108                                                                           
[Epoch 42] Val Loss: 0.0549, Acc: 0.9809, Prec: 0.9106, Rec: 0.8855, F1: 0.8956
        Validation F1 improved → Saving model: ./checkpoints/best_model.pt
[Epoch 43] Train Loss: 0.0592, Loss_s: 0.0518, Loss_u: 0.0194, Loss_kl: 0.0174, Mask: 0.9307, Acc: 0.9809, Prec: 0.9220, Rec: 0.8950, F1: 0.9081                                                                           
[Epoch 43] Val Loss: 0.0567, Acc: 0.9800, Prec: 0.9176, Rec: 0.8769, F1: 0.8956
        Validation F1 improved → Saving model: ./checkpoints/best_model.pt
[Epoch 44] Train Loss: 0.0591, Loss_s: 0.0519, Loss_u: 0.0187, Loss_kl: 0.0169, Mask: 0.9339, Acc: 0.9811, Prec: 0.9195, Rec: 0.8971, F1: 0.9078                                                                           
[Epoch 44] Val Loss: 0.0753, Acc: 0.9767, Prec: 0.9191, Rec: 0.8576, F1: 0.8824
        EarlyStopping counter: 1 / 30
[Epoch 45] Train Loss: 0.0581, Loss_s: 0.0509, Loss_u: 0.0189, Loss_kl: 0.0171, Mask: 0.9317, Acc: 0.9809, Prec: 0.9208, Rec: 0.9000, F1: 0.9100                                                                           
[Epoch 45] Val Loss: 0.0683, Acc: 0.9779, Prec: 0.9249, Rec: 0.8649, F1: 0.8887
        EarlyStopping counter: 2 / 30
[Epoch 46] Train Loss: 0.0584, Loss_s: 0.0511, Loss_u: 0.0192, Loss_kl: 0.0174, Mask: 0.9303, Acc: 0.9813, Prec: 0.9279, Rec: 0.8994, F1: 0.9132                                                                           
[Epoch 46] Val Loss: 0.0679, Acc: 0.9780, Prec: 0.9271, Rec: 0.8708, F1: 0.8942
        EarlyStopping counter: 3 / 30
[Epoch 47] Train Loss: 0.0581, Loss_s: 0.0508, Loss_u: 0.0192, Loss_kl: 0.0174, Mask: 0.9317, Acc: 0.9818, Prec: 0.9225, Rec: 0.8993, F1: 0.9104                                                                           
[Epoch 47] Val Loss: 0.0565, Acc: 0.9802, Prec: 0.8999, Rec: 0.8814, F1: 0.8859
        EarlyStopping counter: 4 / 30
[Epoch 48] Train Loss: 0.0575, Loss_s: 0.0505, Loss_u: 0.0185, Loss_kl: 0.0167, Mask: 0.9326, Acc: 0.9816, Prec: 0.9247, Rec: 0.9042, F1: 0.9140                                                                           
[Epoch 48] Val Loss: 0.0588, Acc: 0.9794, Prec: 0.9152, Rec: 0.8817, F1: 0.8953
        EarlyStopping counter: 5 / 30
[Epoch 49] Train Loss: 0.0570, Loss_s: 0.0499, Loss_u: 0.0187, Loss_kl: 0.0167, Mask: 0.9335, Acc: 0.9813, Prec: 0.9220, Rec: 0.8976, F1: 0.9093                                                                           
[Epoch 49] Val Loss: 0.0589, Acc: 0.9801, Prec: 0.8967, Rec: 0.8945, F1: 0.8927
        EarlyStopping counter: 6 / 30
[Epoch 50] Train Loss: 0.0573, Loss_s: 0.0501, Loss_u: 0.0189, Loss_kl: 0.0172, Mask: 0.9320, Acc: 0.9816, Prec: 0.9234, Rec: 0.9016, F1: 0.9121                                                                           
[Epoch 50] Val Loss: 0.0639, Acc: 0.9790, Prec: 0.9254, Rec: 0.8774, F1: 0.8974
        Validation F1 improved → Saving model: ./checkpoints/best_model.pt
[Epoch 51] Train Loss: 0.0567, Loss_s: 0.0496, Loss_u: 0.0188, Loss_kl: 0.0169, Mask: 0.9334, Acc: 0.9817, Prec: 0.9232, Rec: 0.9002, F1: 0.9113                                                                           
[Epoch 51] Val Loss: 0.0705, Acc: 0.9776, Prec: 0.9257, Rec: 0.8661, F1: 0.8913
        EarlyStopping counter: 1 / 30
[Epoch 52] Train Loss: 0.0563, Loss_s: 0.0493, Loss_u: 0.0186, Loss_kl: 0.0168, Mask: 0.9361, Acc: 0.9818, Prec: 0.9266, Rec: 0.9042, F1: 0.9149                                                                           
[Epoch 52] Val Loss: 0.0744, Acc: 0.9769, Prec: 0.9267, Rec: 0.8622, F1: 0.8893
        EarlyStopping counter: 2 / 30
[Epoch 53] Train Loss: 0.0559, Loss_s: 0.0490, Loss_u: 0.0182, Loss_kl: 0.0165, Mask: 0.9350, Acc: 0.9816, Prec: 0.9233, Rec: 0.9028, F1: 0.9127                                                                           
[Epoch 53] Val Loss: 0.0711, Acc: 0.9773, Prec: 0.9215, Rec: 0.8737, F1: 0.8918
        EarlyStopping counter: 3 / 30
[Epoch 54] Train Loss: 0.0567, Loss_s: 0.0496, Loss_u: 0.0187, Loss_kl: 0.0168, Mask: 0.9344, Acc: 0.9816, Prec: 0.9233, Rec: 0.9032, F1: 0.9128                                                                           
[Epoch 54] Val Loss: 0.0703, Acc: 0.9784, Prec: 0.9166, Rec: 0.8692, F1: 0.8890
        EarlyStopping counter: 4 / 30
[Epoch 55] Train Loss: 0.0558, Loss_s: 0.0488, Loss_u: 0.0184, Loss_kl: 0.0164, Mask: 0.9365, Acc: 0.9820, Prec: 0.9238, Rec: 0.9024, F1: 0.9128                                                                           
[Epoch 55] Val Loss: 0.0613, Acc: 0.9805, Prec: 0.8986, Rec: 0.8971, F1: 0.8928
        EarlyStopping counter: 5 / 30
[Epoch 56] Train Loss: 0.0557, Loss_s: 0.0485, Loss_u: 0.0190, Loss_kl: 0.0170, Mask: 0.9347, Acc: 0.9817, Prec: 0.9248, Rec: 0.9031, F1: 0.9136                                                                           
[Epoch 56] Val Loss: 0.0605, Acc: 0.9796, Prec: 0.9138, Rec: 0.8739, F1: 0.8906
        EarlyStopping counter: 6 / 30
[Epoch 57] Train Loss: 0.0555, Loss_s: 0.0482, Loss_u: 0.0192, Loss_kl: 0.0172, Mask: 0.9329, Acc: 0.9818, Prec: 0.9300, Rec: 0.9068, F1: 0.9180                                                                           
[Epoch 57] Val Loss: 0.0716, Acc: 0.9772, Prec: 0.9225, Rec: 0.8593, F1: 0.8856
        EarlyStopping counter: 7 / 30
[Epoch 58] Train Loss: 0.0551, Loss_s: 0.0478, Loss_u: 0.0192, Loss_kl: 0.0173, Mask: 0.9337, Acc: 0.9820, Prec: 0.9280, Rec: 0.9049, F1: 0.9161                                                                           
[Epoch 58] Val Loss: 0.0751, Acc: 0.9773, Prec: 0.9106, Rec: 0.8679, F1: 0.8832
        EarlyStopping counter: 8 / 30
[Epoch 59] Train Loss: 0.0551, Loss_s: 0.0476, Loss_u: 0.0197, Loss_kl: 0.0178, Mask: 0.9342, Acc: 0.9820, Prec: 0.9270, Rec: 0.9058, F1: 0.9160                                                                           
[Epoch 59] Val Loss: 0.0785, Acc: 0.9771, Prec: 0.9141, Rec: 0.8599, F1: 0.8802
        EarlyStopping counter: 9 / 30
[Epoch 60] Train Loss: 0.0540, Loss_s: 0.0469, Loss_u: 0.0188, Loss_kl: 0.0169, Mask: 0.9358, Acc: 0.9828, Prec: 0.9303, Rec: 0.9079, F1: 0.9188                                                                           
[Epoch 60] Val Loss: 0.0703, Acc: 0.9781, Prec: 0.9221, Rec: 0.8725, F1: 0.8919
        EarlyStopping counter: 10 / 30
[Epoch 61] Train Loss: 0.0540, Loss_s: 0.0470, Loss_u: 0.0182, Loss_kl: 0.0164, Mask: 0.9364, Acc: 0.9822, Prec: 0.9290, Rec: 0.9072, F1: 0.9177                                                                           
[Epoch 61] Val Loss: 0.0634, Acc: 0.9801, Prec: 0.9028, Rec: 0.8884, F1: 0.8917
        EarlyStopping counter: 11 / 30
[Epoch 62] Train Loss: 0.0538, Loss_s: 0.0469, Loss_u: 0.0182, Loss_kl: 0.0165, Mask: 0.9370, Acc: 0.9826, Prec: 0.9307, Rec: 0.9052, F1: 0.9175                                                                           
[Epoch 62] Val Loss: 0.0612, Acc: 0.9800, Prec: 0.9126, Rec: 0.8849, F1: 0.8957
        EarlyStopping counter: 12 / 30
[Epoch 63] Train Loss: 0.0540, Loss_s: 0.0467, Loss_u: 0.0193, Loss_kl: 0.0173, Mask: 0.9334, Acc: 0.9824, Prec: 0.9289, Rec: 0.9091, F1: 0.9186                                                                           
[Epoch 63] Val Loss: 0.0689, Acc: 0.9786, Prec: 0.9173, Rec: 0.8851, F1: 0.8972
        EarlyStopping counter: 13 / 30
[Epoch 64] Train Loss: 0.0536, Loss_s: 0.0463, Loss_u: 0.0191, Loss_kl: 0.0173, Mask: 0.9352, Acc: 0.9827, Prec: 0.9323, Rec: 0.9129, F1: 0.9222                                                                           
[Epoch 64] Val Loss: 0.0596, Acc: 0.9804, Prec: 0.9117, Rec: 0.8877, F1: 0.8964
        EarlyStopping counter: 14 / 30
[Epoch 65] Train Loss: 0.0530, Loss_s: 0.0458, Loss_u: 0.0191, Loss_kl: 0.0172, Mask: 0.9357, Acc: 0.9832, Prec: 0.9352, Rec: 0.9154, F1: 0.9249                                                                           
[Epoch 65] Val Loss: 0.0768, Acc: 0.9775, Prec: 0.9171, Rec: 0.8646, F1: 0.8855
        EarlyStopping counter: 15 / 30
[Epoch 66] Train Loss: 0.0538, Loss_s: 0.0469, Loss_u: 0.0181, Loss_kl: 0.0164, Mask: 0.9355, Acc: 0.9824, Prec: 0.9261, Rec: 0.9060, F1: 0.9157                                                                           
[Epoch 66] Val Loss: 0.0701, Acc: 0.9776, Prec: 0.9231, Rec: 0.8630, F1: 0.8882
        EarlyStopping counter: 16 / 30
[Epoch 67] Train Loss: 0.0524, Loss_s: 0.0455, Loss_u: 0.0181, Loss_kl: 0.0163, Mask: 0.9369, Acc: 0.9828, Prec: 0.9304, Rec: 0.9104, F1: 0.9201                                                                           
[Epoch 67] Val Loss: 0.0695, Acc: 0.9787, Prec: 0.9155, Rec: 0.8759, F1: 0.8914
        EarlyStopping counter: 17 / 30
[Epoch 68] Train Loss: 0.0523, Loss_s: 0.0454, Loss_u: 0.0183, Loss_kl: 0.0165, Mask: 0.9382, Acc: 0.9829, Prec: 0.9297, Rec: 0.9090, F1: 0.9191                                                                           
[Epoch 68] Val Loss: 0.0613, Acc: 0.9800, Prec: 0.9237, Rec: 0.8855, F1: 0.9019
        Validation F1 improved → Saving model: ./checkpoints/best_model.pt
[Epoch 69] Train Loss: 0.0520, Loss_s: 0.0450, Loss_u: 0.0184, Loss_kl: 0.0167, Mask: 0.9380, Acc: 0.9831, Prec: 0.9310, Rec: 0.9095, F1: 0.9199                                                                           
[Epoch 69] Val Loss: 0.0643, Acc: 0.9794, Prec: 0.9143, Rec: 0.8854, F1: 0.8960
        EarlyStopping counter: 1 / 30
[Epoch 70] Train Loss: 0.0524, Loss_s: 0.0451, Loss_u: 0.0191, Loss_kl: 0.0172, Mask: 0.9380, Acc: 0.9830, Prec: 0.9319, Rec: 0.9138, F1: 0.9225                                                                           
[Epoch 70] Val Loss: 0.0683, Acc: 0.9779, Prec: 0.9061, Rec: 0.8770, F1: 0.8876
        EarlyStopping counter: 2 / 30
[Epoch 71] Train Loss: 0.0522, Loss_s: 0.0450, Loss_u: 0.0189, Loss_kl: 0.0170, Mask: 0.9368, Acc: 0.9831, Prec: 0.9354, Rec: 0.9162, F1: 0.9254                                                                           
[Epoch 71] Val Loss: 0.0764, Acc: 0.9766, Prec: 0.9035, Rec: 0.8532, F1: 0.8696
        EarlyStopping counter: 3 / 30
[Epoch 72] Train Loss: 0.0510, Loss_s: 0.0435, Loss_u: 0.0198, Loss_kl: 0.0178, Mask: 0.9382, Acc: 0.9841, Prec: 0.9373, Rec: 0.9178, F1: 0.9272                                                                           
[Epoch 72] Val Loss: 0.0558, Acc: 0.9811, Prec: 0.9178, Rec: 0.8915, F1: 0.9015
        EarlyStopping counter: 4 / 30
[Epoch 73] Train Loss: 0.0511, Loss_s: 0.0439, Loss_u: 0.0189, Loss_kl: 0.0171, Mask: 0.9385, Acc: 0.9837, Prec: 0.9323, Rec: 0.9146, F1: 0.9231                                                                           
[Epoch 73] Val Loss: 0.0651, Acc: 0.9792, Prec: 0.9156, Rec: 0.8763, F1: 0.8905
        EarlyStopping counter: 5 / 30
[Epoch 74] Train Loss: 0.0507, Loss_s: 0.0434, Loss_u: 0.0192, Loss_kl: 0.0174, Mask: 0.9385, Acc: 0.9836, Prec: 0.9363, Rec: 0.9187, F1: 0.9271                                                                           
[Epoch 74] Val Loss: 0.0620, Acc: 0.9796, Prec: 0.8964, Rec: 0.8824, F1: 0.8834
        EarlyStopping counter: 6 / 30
[Epoch 75] Train Loss: 0.0505, Loss_s: 0.0433, Loss_u: 0.0188, Loss_kl: 0.0170, Mask: 0.9389, Acc: 0.9837, Prec: 0.9373, Rec: 0.9182, F1: 0.9275                                                                           
[Epoch 75] Val Loss: 0.0574, Acc: 0.9807, Prec: 0.9074, Rec: 0.8828, F1: 0.8914
        EarlyStopping counter: 7 / 30
[Epoch 76] Train Loss: 0.0508, Loss_s: 0.0438, Loss_u: 0.0184, Loss_kl: 0.0166, Mask: 0.9383, Acc: 0.9836, Prec: 0.9358, Rec: 0.9148, F1: 0.9249                                                                           
[Epoch 76] Val Loss: 0.0629, Acc: 0.9798, Prec: 0.9138, Rec: 0.8792, F1: 0.8914
        EarlyStopping counter: 8 / 30
[Epoch 77] Train Loss: 0.0496, Loss_s: 0.0428, Loss_u: 0.0180, Loss_kl: 0.0163, Mask: 0.9368, Acc: 0.9837, Prec: 0.9375, Rec: 0.9196, F1: 0.9282                                                                           
[Epoch 77] Val Loss: 0.0718, Acc: 0.9778, Prec: 0.9130, Rec: 0.8680, F1: 0.8845
        EarlyStopping counter: 9 / 30
[Epoch 78] Train Loss: 0.0501, Loss_s: 0.0426, Loss_u: 0.0195, Loss_kl: 0.0177, Mask: 0.9379, Acc: 0.9841, Prec: 0.9390, Rec: 0.9191, F1: 0.9287                                                                           
[Epoch 78] Val Loss: 0.0596, Acc: 0.9808, Prec: 0.9167, Rec: 0.8951, F1: 0.9018
        EarlyStopping counter: 10 / 30
[Epoch 79] Train Loss: 0.0494, Loss_s: 0.0417, Loss_u: 0.0204, Loss_kl: 0.0184, Mask: 0.9367, Acc: 0.9842, Prec: 0.9388, Rec: 0.9169, F1: 0.9275                                                                           
[Epoch 79] Val Loss: 0.0625, Acc: 0.9800, Prec: 0.9070, Rec: 0.8975, F1: 0.8993
        EarlyStopping counter: 11 / 30
[Epoch 80] Train Loss: 0.0501, Loss_s: 0.0426, Loss_u: 0.0197, Loss_kl: 0.0177, Mask: 0.9373, Acc: 0.9840, Prec: 0.9379, Rec: 0.9238, F1: 0.9304                                                                           
[Epoch 80] Val Loss: 0.0599, Acc: 0.9800, Prec: 0.9125, Rec: 0.8882, F1: 0.8979
        EarlyStopping counter: 12 / 30
[Epoch 81] Train Loss: 0.0490, Loss_s: 0.0414, Loss_u: 0.0198, Loss_kl: 0.0179, Mask: 0.9378, Acc: 0.9846, Prec: 0.9416, Rec: 0.9273, F1: 0.9342                                                                           
[Epoch 81] Val Loss: 0.0605, Acc: 0.9809, Prec: 0.9047, Rec: 0.8889, F1: 0.8925
        EarlyStopping counter: 13 / 30
[Epoch 82] Train Loss: 0.0488, Loss_s: 0.0417, Loss_u: 0.0188, Loss_kl: 0.0169, Mask: 0.9378, Acc: 0.9846, Prec: 0.9411, Rec: 0.9216, F1: 0.9311                                                                           
[Epoch 82] Val Loss: 0.0659, Acc: 0.9790, Prec: 0.9317, Rec: 0.8672, F1: 0.8957
        EarlyStopping counter: 14 / 30
[Epoch 83] Train Loss: 0.0485, Loss_s: 0.0412, Loss_u: 0.0191, Loss_kl: 0.0173, Mask: 0.9388, Acc: 0.9846, Prec: 0.9407, Rec: 0.9207, F1: 0.9304                                                                           
[Epoch 83] Val Loss: 0.0636, Acc: 0.9803, Prec: 0.9174, Rec: 0.8853, F1: 0.8976
        EarlyStopping counter: 15 / 30
[Epoch 84] Train Loss: 0.0489, Loss_s: 0.0415, Loss_u: 0.0196, Loss_kl: 0.0176, Mask: 0.9389, Acc: 0.9842, Prec: 0.9406, Rec: 0.9236, F1: 0.9319                                                                           
[Epoch 84] Val Loss: 0.0697, Acc: 0.9782, Prec: 0.9063, Rec: 0.8748, F1: 0.8847
        EarlyStopping counter: 16 / 30
[Epoch 85] Train Loss: 0.0476, Loss_s: 0.0405, Loss_u: 0.0187, Loss_kl: 0.0169, Mask: 0.9391, Acc: 0.9848, Prec: 0.9396, Rec: 0.9237, F1: 0.9314                                                                           
[Epoch 85] Val Loss: 0.0713, Acc: 0.9783, Prec: 0.9228, Rec: 0.8715, F1: 0.8923
        EarlyStopping counter: 17 / 30
[Epoch 86] Train Loss: 0.0472, Loss_s: 0.0401, Loss_u: 0.0186, Loss_kl: 0.0168, Mask: 0.9412, Acc: 0.9848, Prec: 0.9416, Rec: 0.9229, F1: 0.9320                                                                           
[Epoch 86] Val Loss: 0.0609, Acc: 0.9806, Prec: 0.9174, Rec: 0.8881, F1: 0.8989
        EarlyStopping counter: 18 / 30
[Epoch 87] Train Loss: 0.0474, Loss_s: 0.0404, Loss_u: 0.0185, Loss_kl: 0.0167, Mask: 0.9394, Acc: 0.9850, Prec: 0.9400, Rec: 0.9224, F1: 0.9310                                                                           
[Epoch 87] Val Loss: 0.0659, Acc: 0.9794, Prec: 0.9256, Rec: 0.8770, F1: 0.8975
        EarlyStopping counter: 19 / 30
[Epoch 88] Train Loss: 0.0469, Loss_s: 0.0396, Loss_u: 0.0189, Loss_kl: 0.0173, Mask: 0.9400, Acc: 0.9847, Prec: 0.9444, Rec: 0.9262, F1: 0.9350                                                                           
[Epoch 88] Val Loss: 0.0650, Acc: 0.9798, Prec: 0.9265, Rec: 0.8852, F1: 0.9025
        Validation F1 improved → Saving model: ./checkpoints/best_model.pt
[Epoch 89] Train Loss: 0.0471, Loss_s: 0.0397, Loss_u: 0.0194, Loss_kl: 0.0176, Mask: 0.9381, Acc: 0.9849, Prec: 0.9414, Rec: 0.9253, F1: 0.9332                                                                           
[Epoch 89] Val Loss: 0.0657, Acc: 0.9796, Prec: 0.9177, Rec: 0.8745, F1: 0.8901
        EarlyStopping counter: 1 / 30
[Epoch 90] Train Loss: 0.0468, Loss_s: 0.0397, Loss_u: 0.0188, Loss_kl: 0.0171, Mask: 0.9400, Acc: 0.9852, Prec: 0.9459, Rec: 0.9267, F1: 0.9360                                                                           
[Epoch 90] Val Loss: 0.0691, Acc: 0.9782, Prec: 0.9184, Rec: 0.8742, F1: 0.8910
        EarlyStopping counter: 2 / 30
[Epoch 91] Train Loss: 0.0463, Loss_s: 0.0390, Loss_u: 0.0191, Loss_kl: 0.0173, Mask: 0.9411, Acc: 0.9854, Prec: 0.9448, Rec: 0.9293, F1: 0.9368                                                                           
[Epoch 91] Val Loss: 0.0624, Acc: 0.9811, Prec: 0.9182, Rec: 0.8949, F1: 0.9025
        Validation F1 improved → Saving model: ./checkpoints/best_model.pt
[Epoch 92] Train Loss: 0.0458, Loss_s: 0.0386, Loss_u: 0.0189, Loss_kl: 0.0171, Mask: 0.9425, Acc: 0.9852, Prec: 0.9444, Rec: 0.9286, F1: 0.9363                                                                           
[Epoch 92] Val Loss: 0.0705, Acc: 0.9789, Prec: 0.9305, Rec: 0.8705, F1: 0.8956
        EarlyStopping counter: 1 / 30
[Epoch 93] Train Loss: 0.0455, Loss_s: 0.0380, Loss_u: 0.0196, Loss_kl: 0.0178, Mask: 0.9387, Acc: 0.9856, Prec: 0.9455, Rec: 0.9324, F1: 0.9387                                                                           
[Epoch 93] Val Loss: 0.0646, Acc: 0.9804, Prec: 0.9113, Rec: 0.8827, F1: 0.8920
        EarlyStopping counter: 2 / 30
[Epoch 94] Train Loss: 0.0460, Loss_s: 0.0380, Loss_u: 0.0210, Loss_kl: 0.0189, Mask: 0.9363, Acc: 0.9858, Prec: 0.9470, Rec: 0.9304, F1: 0.9385                                                                           
[Epoch 94] Val Loss: 0.0644, Acc: 0.9801, Prec: 0.9117, Rec: 0.8820, F1: 0.8934
        EarlyStopping counter: 3 / 30
[Epoch 95] Train Loss: 0.0448, Loss_s: 0.0377, Loss_u: 0.0187, Loss_kl: 0.0169, Mask: 0.9411, Acc: 0.9854, Prec: 0.9461, Rec: 0.9298, F1: 0.9377                                                                           
[Epoch 95] Val Loss: 0.0675, Acc: 0.9798, Prec: 0.9105, Rec: 0.8821, F1: 0.8900
        EarlyStopping counter: 4 / 30
[Epoch 96] Train Loss: 0.0453, Loss_s: 0.0380, Loss_u: 0.0191, Loss_kl: 0.0172, Mask: 0.9388, Acc: 0.9853, Prec: 0.9461, Rec: 0.9293, F1: 0.9374                                                                           
[Epoch 96] Val Loss: 0.0638, Acc: 0.9803, Prec: 0.9091, Rec: 0.8870, F1: 0.8939
        EarlyStopping counter: 5 / 30
[Epoch 97] Train Loss: 0.0443, Loss_s: 0.0372, Loss_u: 0.0186, Loss_kl: 0.0169, Mask: 0.9403, Acc: 0.9857, Prec: 0.9455, Rec: 0.9296, F1: 0.9373                                                                           
[Epoch 97] Val Loss: 0.0688, Acc: 0.9795, Prec: 0.9145, Rec: 0.8841, F1: 0.8942
        EarlyStopping counter: 6 / 30
[Epoch 98] Train Loss: 0.0445, Loss_s: 0.0372, Loss_u: 0.0191, Loss_kl: 0.0173, Mask: 0.9416, Acc: 0.9859, Prec: 0.9476, Rec: 0.9318, F1: 0.9395                                                                           
[Epoch 98] Val Loss: 0.0619, Acc: 0.9803, Prec: 0.9057, Rec: 0.8889, F1: 0.8936
        EarlyStopping counter: 7 / 30
[Epoch 99] Train Loss: 0.0439, Loss_s: 0.0367, Loss_u: 0.0189, Loss_kl: 0.0172, Mask: 0.9425, Acc: 0.9859, Prec: 0.9472, Rec: 0.9345, F1: 0.9406                                                                           
[Epoch 99] Val Loss: 0.0604, Acc: 0.9807, Prec: 0.9120, Rec: 0.8902, F1: 0.8984
        EarlyStopping counter: 8 / 30
[Epoch 100] Train Loss: 0.0437, Loss_s: 0.0364, Loss_u: 0.0191, Loss_kl: 0.0174, Mask: 0.9419, Acc: 0.9863, Prec: 0.9486, Rec: 0.9352, F1: 0.9417                                                                          
[Epoch 100] Val Loss: 0.0630, Acc: 0.9802, Prec: 0.9199, Rec: 0.8820, F1: 0.8966
        EarlyStopping counter: 9 / 30
[Epoch 101] Train Loss: 0.0438, Loss_s: 0.0363, Loss_u: 0.0196, Loss_kl: 0.0179, Mask: 0.9400, Acc: 0.9860, Prec: 0.9475, Rec: 0.9317, F1: 0.9394                                                                          
[Epoch 101] Val Loss: 0.0653, Acc: 0.9807, Prec: 0.9073, Rec: 0.8844, F1: 0.8902
        EarlyStopping counter: 10 / 30
[Epoch 102] Train Loss: 0.0437, Loss_s: 0.0361, Loss_u: 0.0199, Loss_kl: 0.0180, Mask: 0.9423, Acc: 0.9862, Prec: 0.9480, Rec: 0.9352, F1: 0.9414                                                                          
[Epoch 102] Val Loss: 0.0617, Acc: 0.9811, Prec: 0.9248, Rec: 0.8921, F1: 0.9052
        Validation F1 improved → Saving model: ./checkpoints/best_model.pt
[Epoch 103] Train Loss: 0.0432, Loss_s: 0.0359, Loss_u: 0.0190, Loss_kl: 0.0172, Mask: 0.9420, Acc: 0.9860, Prec: 0.9496, Rec: 0.9356, F1: 0.9424                                                                          
[Epoch 103] Val Loss: 0.0664, Acc: 0.9796, Prec: 0.9140, Rec: 0.8867, F1: 0.8962
        EarlyStopping counter: 1 / 30
[Epoch 104] Train Loss: 0.0424, Loss_s: 0.0352, Loss_u: 0.0189, Loss_kl: 0.0172, Mask: 0.9412, Acc: 0.9864, Prec: 0.9493, Rec: 0.9363, F1: 0.9427                                                                          
[Epoch 104] Val Loss: 0.0600, Acc: 0.9815, Prec: 0.9158, Rec: 0.9016, F1: 0.9064
        Validation F1 improved → Saving model: ./checkpoints/best_model.pt
[Epoch 105] Train Loss: 0.0423, Loss_s: 0.0350, Loss_u: 0.0191, Loss_kl: 0.0174, Mask: 0.9419, Acc: 0.9868, Prec: 0.9510, Rec: 0.9352, F1: 0.9429                                                                          
[Epoch 105] Val Loss: 0.0675, Acc: 0.9794, Prec: 0.9040, Rec: 0.8890, F1: 0.8922
        EarlyStopping counter: 1 / 30
[Epoch 106] Train Loss: 0.0419, Loss_s: 0.0346, Loss_u: 0.0194, Loss_kl: 0.0175, Mask: 0.9431, Acc: 0.9868, Prec: 0.9534, Rec: 0.9404, F1: 0.9467                                                                          
[Epoch 106] Val Loss: 0.0625, Acc: 0.9809, Prec: 0.9121, Rec: 0.8916, F1: 0.8981
        EarlyStopping counter: 2 / 30
[Epoch 107] Train Loss: 0.0421, Loss_s: 0.0346, Loss_u: 0.0197, Loss_kl: 0.0179, Mask: 0.9416, Acc: 0.9866, Prec: 0.9497, Rec: 0.9381, F1: 0.9437                                                                          
[Epoch 107] Val Loss: 0.0643, Acc: 0.9806, Prec: 0.9257, Rec: 0.8854, F1: 0.9023
        EarlyStopping counter: 3 / 30
[Epoch 108] Train Loss: 0.0415, Loss_s: 0.0340, Loss_u: 0.0197, Loss_kl: 0.0179, Mask: 0.9425, Acc: 0.9870, Prec: 0.9533, Rec: 0.9403, F1: 0.9466                                                                          
[Epoch 108] Val Loss: 0.0643, Acc: 0.9805, Prec: 0.9207, Rec: 0.8854, F1: 0.8991
        EarlyStopping counter: 4 / 30
[Epoch 109] Train Loss: 0.0415, Loss_s: 0.0340, Loss_u: 0.0197, Loss_kl: 0.0180, Mask: 0.9419, Acc: 0.9872, Prec: 0.9549, Rec: 0.9399, F1: 0.9472                                                                          
[Epoch 109] Val Loss: 0.0627, Acc: 0.9804, Prec: 0.9105, Rec: 0.8894, F1: 0.8964
        EarlyStopping counter: 5 / 30
[Epoch 110] Train Loss: 0.0411, Loss_s: 0.0339, Loss_u: 0.0190, Loss_kl: 0.0172, Mask: 0.9418, Acc: 0.9868, Prec: 0.9532, Rec: 0.9368, F1: 0.9448                                                                          
[Epoch 110] Val Loss: 0.0648, Acc: 0.9805, Prec: 0.9068, Rec: 0.8898, F1: 0.8940
        EarlyStopping counter: 6 / 30
[Epoch 111] Train Loss: 0.0407, Loss_s: 0.0330, Loss_u: 0.0202, Loss_kl: 0.0183, Mask: 0.9428, Acc: 0.9872, Prec: 0.9527, Rec: 0.9404, F1: 0.9464                                                                          
[Epoch 111] Val Loss: 0.0637, Acc: 0.9805, Prec: 0.9153, Rec: 0.8818, F1: 0.8939
        EarlyStopping counter: 7 / 30
[Epoch 112] Train Loss: 0.0405, Loss_s: 0.0334, Loss_u: 0.0185, Loss_kl: 0.0169, Mask: 0.9451, Acc: 0.9872, Prec: 0.9566, Rec: 0.9381, F1: 0.9471                                                                          
[Epoch 112] Val Loss: 0.0647, Acc: 0.9800, Prec: 0.8984, Rec: 0.8899, F1: 0.8898
        EarlyStopping counter: 8 / 30
[Epoch 113] Train Loss: 0.0405, Loss_s: 0.0330, Loss_u: 0.0194, Loss_kl: 0.0177, Mask: 0.9440, Acc: 0.9874, Prec: 0.9552, Rec: 0.9413, F1: 0.9481                                                                          
[Epoch 113] Val Loss: 0.0667, Acc: 0.9800, Prec: 0.9136, Rec: 0.8906, F1: 0.8987
        EarlyStopping counter: 9 / 30
[Epoch 114] Train Loss: 0.0401, Loss_s: 0.0326, Loss_u: 0.0197, Loss_kl: 0.0179, Mask: 0.9441, Acc: 0.9874, Prec: 0.9576, Rec: 0.9432, F1: 0.9503                                                                          
[Epoch 114] Val Loss: 0.0648, Acc: 0.9808, Prec: 0.8994, Rec: 0.8935, F1: 0.8921
        EarlyStopping counter: 10 / 30
[Epoch 115] Train Loss: 0.0398, Loss_s: 0.0320, Loss_u: 0.0204, Loss_kl: 0.0184, Mask: 0.9414, Acc: 0.9876, Prec: 0.9561, Rec: 0.9422, F1: 0.9490                                                                          
[Epoch 115] Val Loss: 0.0729, Acc: 0.9793, Prec: 0.9104, Rec: 0.8819, F1: 0.8913
        EarlyStopping counter: 11 / 30
[Epoch 116] Train Loss: 0.0395, Loss_s: 0.0320, Loss_u: 0.0197, Loss_kl: 0.0179, Mask: 0.9426, Acc: 0.9880, Prec: 0.9571, Rec: 0.9455, F1: 0.9511                                                                          
[Epoch 116] Val Loss: 0.0712, Acc: 0.9798, Prec: 0.9181, Rec: 0.8804, F1: 0.8943
        EarlyStopping counter: 12 / 30
[Epoch 117] Train Loss: 0.0395, Loss_s: 0.0320, Loss_u: 0.0195, Loss_kl: 0.0178, Mask: 0.9431, Acc: 0.9877, Prec: 0.9573, Rec: 0.9440, F1: 0.9505                                                                          
[Epoch 117] Val Loss: 0.0647, Acc: 0.9810, Prec: 0.9146, Rec: 0.8940, F1: 0.9006
        EarlyStopping counter: 13 / 30
[Epoch 118] Train Loss: 0.0392, Loss_s: 0.0317, Loss_u: 0.0197, Loss_kl: 0.0179, Mask: 0.9425, Acc: 0.9878, Prec: 0.9568, Rec: 0.9461, F1: 0.9513                                                                          
[Epoch 118] Val Loss: 0.0653, Acc: 0.9805, Prec: 0.9172, Rec: 0.8921, F1: 0.9004
        EarlyStopping counter: 14 / 30
[Epoch 119] Train Loss: 0.0390, Loss_s: 0.0314, Loss_u: 0.0201, Loss_kl: 0.0182, Mask: 0.9417, Acc: 0.9882, Prec: 0.9619, Rec: 0.9489, F1: 0.9552                                                                          
[Epoch 119] Val Loss: 0.0680, Acc: 0.9803, Prec: 0.9024, Rec: 0.8941, F1: 0.8933
        EarlyStopping counter: 15 / 30
[Epoch 120] Train Loss: 0.0388, Loss_s: 0.0312, Loss_u: 0.0200, Loss_kl: 0.0182, Mask: 0.9423, Acc: 0.9881, Prec: 0.9557, Rec: 0.9452, F1: 0.9503                                                                          
[Epoch 120] Val Loss: 0.0692, Acc: 0.9796, Prec: 0.9143, Rec: 0.8831, F1: 0.8940
        EarlyStopping counter: 16 / 30
[Epoch 121] Train Loss: 0.0385, Loss_s: 0.0306, Loss_u: 0.0204, Loss_kl: 0.0187, Mask: 0.9430, Acc: 0.9881, Prec: 0.9578, Rec: 0.9467, F1: 0.9521                                                                          
[Epoch 121] Val Loss: 0.0719, Acc: 0.9794, Prec: 0.9213, Rec: 0.8798, F1: 0.8961
        EarlyStopping counter: 17 / 30
[Epoch 122] Train Loss: 0.0380, Loss_s: 0.0305, Loss_u: 0.0198, Loss_kl: 0.0181, Mask: 0.9441, Acc: 0.9883, Prec: 0.9601, Rec: 0.9474, F1: 0.9536                                                                          
[Epoch 122] Val Loss: 0.0635, Acc: 0.9807, Prec: 0.9134, Rec: 0.8950, F1: 0.9006
        EarlyStopping counter: 18 / 30
[Epoch 123] Train Loss: 0.0378, Loss_s: 0.0302, Loss_u: 0.0199, Loss_kl: 0.0182, Mask: 0.9439, Acc: 0.9886, Prec: 0.9633, Rec: 0.9518, F1: 0.9574                                                                          
[Epoch 123] Val Loss: 0.0659, Acc: 0.9799, Prec: 0.9145, Rec: 0.8862, F1: 0.8964
        EarlyStopping counter: 19 / 30
[Epoch 124] Train Loss: 0.0379, Loss_s: 0.0301, Loss_u: 0.0202, Loss_kl: 0.0184, Mask: 0.9438, Acc: 0.9887, Prec: 0.9613, Rec: 0.9491, F1: 0.9551                                                                          
[Epoch 124] Val Loss: 0.2819, Acc: 0.9402, Prec: 0.8304, Rec: 0.8099, F1: 0.7530
        EarlyStopping counter: 20 / 30
[Epoch 125] Train Loss: 0.0377, Loss_s: 0.0302, Loss_u: 0.0195, Loss_kl: 0.0179, Mask: 0.9433, Acc: 0.9885, Prec: 0.9606, Rec: 0.9497, F1: 0.9550                                                                          
[Epoch 125] Val Loss: 0.0676, Acc: 0.9801, Prec: 0.9098, Rec: 0.8871, F1: 0.8938
        EarlyStopping counter: 21 / 30
[Epoch 126] Train Loss: 0.0371, Loss_s: 0.0295, Loss_u: 0.0200, Loss_kl: 0.0183, Mask: 0.9441, Acc: 0.9889, Prec: 0.9626, Rec: 0.9475, F1: 0.9549                                                                          
[Epoch 126] Val Loss: 0.0655, Acc: 0.9806, Prec: 0.9111, Rec: 0.8899, F1: 0.8964
        EarlyStopping counter: 22 / 30
[Epoch 127] Train Loss: 0.0373, Loss_s: 0.0294, Loss_u: 0.0207, Loss_kl: 0.0188, Mask: 0.9439, Acc: 0.9890, Prec: 0.9612, Rec: 0.9495, F1: 0.9552                                                                          
[Epoch 127] Val Loss: 0.0710, Acc: 0.9794, Prec: 0.9146, Rec: 0.8822, F1: 0.8938
        EarlyStopping counter: 23 / 30
[Epoch 128] Train Loss: 0.0368, Loss_s: 0.0291, Loss_u: 0.0202, Loss_kl: 0.0184, Mask: 0.9454, Acc: 0.9888, Prec: 0.9633, Rec: 0.9488, F1: 0.9559                                                                          
[Epoch 128] Val Loss: 0.0677, Acc: 0.9801, Prec: 0.9104, Rec: 0.8876, F1: 0.8952
        EarlyStopping counter: 24 / 30
[Epoch 129] Train Loss: 0.0378, Loss_s: 0.0303, Loss_u: 0.0196, Loss_kl: 0.0178, Mask: 0.9461, Acc: 0.9883, Prec: 0.9607, Rec: 0.9491, F1: 0.9548                                                                          
[Epoch 129] Val Loss: 0.0701, Acc: 0.9802, Prec: 0.9137, Rec: 0.8887, F1: 0.8971
        EarlyStopping counter: 25 / 30
[Epoch 130] Train Loss: 0.0370, Loss_s: 0.0293, Loss_u: 0.0200, Loss_kl: 0.0183, Mask: 0.9463, Acc: 0.9885, Prec: 0.9617, Rec: 0.9488, F1: 0.9551                                                                          
[Epoch 130] Val Loss: 0.0683, Acc: 0.9804, Prec: 0.9166, Rec: 0.8878, F1: 0.8979
        EarlyStopping counter: 26 / 30
[Epoch 131] Train Loss: 0.0364, Loss_s: 0.0289, Loss_u: 0.0198, Loss_kl: 0.0181, Mask: 0.9458, Acc: 0.9888, Prec: 0.9628, Rec: 0.9512, F1: 0.9569                                                                          
[Epoch 131] Val Loss: 0.0696, Acc: 0.9804, Prec: 0.9142, Rec: 0.8914, F1: 0.8985
        EarlyStopping counter: 27 / 30
[Epoch 132] Train Loss: 0.0365, Loss_s: 0.0290, Loss_u: 0.0195, Loss_kl: 0.0177, Mask: 0.9464, Acc: 0.9888, Prec: 0.9641, Rec: 0.9505, F1: 0.9572                                                                          
[Epoch 132] Val Loss: 0.0667, Acc: 0.9806, Prec: 0.9116, Rec: 0.8944, F1: 0.8987
        EarlyStopping counter: 28 / 30
[Epoch 133] Train Loss: 0.0363, Loss_s: 0.0284, Loss_u: 0.0205, Loss_kl: 0.0187, Mask: 0.9466, Acc: 0.9888, Prec: 0.9634, Rec: 0.9509, F1: 0.9570                                                                          
[Epoch 133] Val Loss: 0.0682, Acc: 0.9804, Prec: 0.9134, Rec: 0.8915, F1: 0.8985
        EarlyStopping counter: 29 / 30
[Epoch 134] Train Loss: 0.0359, Loss_s: 0.0282, Loss_u: 0.0201, Loss_kl: 0.0184, Mask: 0.9463, Acc: 0.9894, Prec: 0.9633, Rec: 0.9543, F1: 0.9587                                                                          
[Epoch 134] Val Loss: 0.0672, Acc: 0.9804, Prec: 0.9144, Rec: 0.8900, F1: 0.8982
        EarlyStopping counter: 30 / 30
Early stopping triggered...
Total training time: 444 min 6.65 sec
Loaded best model.
[Best Model Train] Loss: 0.0474, Acc: 0.9838, Prec: 0.9521, Rec: 0.9184, F1: 0.9338                                                                                                                                        
[Best Model Train] Classification Report:
              precision    recall  f1-score   support

           0     0.9774    0.9252    0.9505      3220
           1     0.9385    0.9904    0.9637       416
           2     0.9412    0.8263    0.8800      3891
           3     0.9843    0.9927    0.9885      7260
           4     0.9212    0.7806    0.8451      2694
           5     0.9809    0.9492    0.9648       649
           6     0.8811    0.8043    0.8409       894
           7     0.9569    1.0000    0.9780       111
           8     0.9875    0.9971    0.9923    110573

    accuracy                         0.9838    129708
   macro avg     0.9521    0.9184    0.9338    129708
weighted avg     0.9834    0.9838    0.9833    129708

[Best Model Train] Confusion Matrix:
[[  2979      3      1      0     11      1      0      0    225]
 [     1    412      0      0      3      0      0      0      0]
 [     8      0   3215     61     52      2      3      0    550]
 [     0      0     20   7207      0      1      1      0     31]
 [    31     19     63      0   2103      2     55      0    421]
 [     1      2      5      1      7    616      1      5     11]
 [     0      0      5      1     17      0    719      0    152]
 [     0      0      0      0      0      0      0    111      0]
 [    28      3    107     52     90      6     37      0 110250]]

[Best Model Validation] Loss: 0.0600, Acc: 0.9815, Prec: 0.9158, Rec: 0.9016, F1: 0.9064                                                                                                                                   
[Best Model Validation] Classification Report:
              precision    recall  f1-score   support

           0     0.9813    0.8944    0.9358       644
           1     0.8333    0.9639    0.8939        83
           2     0.9282    0.8136    0.8671       778
           3     0.9788    0.9862    0.9825      1452
           4     0.8849    0.7714    0.8242       538
           5     0.9655    0.8682    0.9143       129
           6     0.8022    0.8202    0.8111       178
           7     0.8800    1.0000    0.9362        22
           8     0.9876    0.9967    0.9922     22114

    accuracy                         0.9815     25938
   macro avg     0.9158    0.9016    0.9064     25938
weighted avg     0.9811    0.9815    0.9810     25938

[Best Model Validation] Confusion Matrix:
[[  576     6     0     0     4     0     0     1    57]
 [    0    80     0     0     3     0     0     0     0]
 [    2     0   633    21    15     2     3     1   101]
 [    0     0    13  1432     0     0     0     0     7]
 [    4     7    12     0   415     2    13     0    85]
 [    0     1     6     0     7   112     0     1     2]
 [    0     0     2     1     5     0   146     0    24]
 [    0     0     0     0     0     0     0    22     0]
 [    5     2    16     9    20     0    20     0 22042]]

[Test] Loss: 0.0586, Acc: 0.9820, Prec: 0.9465, Rec: 0.8966, F1: 0.9197                                                                                                                                                    
[Test] Classification Report:
              precision    recall  f1-score   support

           0     0.9654    0.9093    0.9365       430
           1     0.8909    0.8750    0.8829        56
           2     0.9371    0.8019    0.8642       520
           3     0.9856    0.9928    0.9892       968
           4     0.9068    0.7812    0.8393       361
           5     0.9432    0.9432    0.9432        88
           6     0.9029    0.7686    0.8304       121
           7     1.0000    1.0000    1.0000        16
           8     0.9862    0.9970    0.9916     14744

    accuracy                         0.9820     17304
   macro avg     0.9465    0.8966    0.9197     17304
weighted avg     0.9814    0.9820    0.9813     17304

[Test] Confusion Matrix:
[[  391     0     0     0     2     0     0     0    37]
 [    1    49     0     0     5     0     0     0     1]
 [    1     0   417     9     8     2     1     0    82]
 [    0     0     4   961     0     0     0     0     3]
 [    4     4    10     0   282     0     4     0    57]
 [    1     0     2     0     1    83     0     0     1]
 [    0     0     0     0     3     0    93     0    25]
 [    0     0     0     0     0     0     0    16     0]
 [    7     2    12     5    10     3     5     0 14700]]