## backbone freeze
## layer3, layer4 unfreeze
## fc.classifier unfreeze

04/29/2026 23:46:20 - INFO - root -   train_labeled_dataset: 129708
04/29/2026 23:46:20 - INFO - root -   val_dataset: 25938
04/29/2026 23:46:20 - INFO - root -   test_dataset: 17304
04/29/2026 23:46:20 - INFO - root -   train_unlabeled_dataset: 638507
[Epoch 1] Train Loss: 0.1524, Loss_s: 0.1409, Loss_u: 0.0293, Loss_kl: 0.0281, Mask: 0.8801, Acc: 0.9573, Prec: 0.7745, Rec: 0.7013, F1: 0.7324                                     
[Epoch 1] Val Loss: 0.0934, Acc: 0.9700, Prec: 0.9038, Rec: 0.7518, F1: 0.8095
        Validation F1 improved → Saving model: ./checkpoints/best_model.pt
[Epoch 2] Train Loss: 0.1049, Loss_s: 0.0942, Loss_u: 0.0272, Loss_kl: 0.0265, Mask: 0.9012, Acc: 0.9685, Prec: 0.8525, Rec: 0.8003, F1: 0.8245                                     
[Epoch 2] Val Loss: 0.1454, Acc: 0.9619, Prec: 0.8856, Rec: 0.7477, F1: 0.7917
        EarlyStopping counter: 1 / 30
[Epoch 3] Train Loss: 0.0978, Loss_s: 0.0874, Loss_u: 0.0266, Loss_kl: 0.0252, Mask: 0.9039, Acc: 0.9703, Prec: 0.8622, Rec: 0.8197, F1: 0.8393                                     
[Epoch 3] Val Loss: 0.0853, Acc: 0.9710, Prec: 0.8512, Rec: 0.8443, F1: 0.8424
        Validation F1 improved → Saving model: ./checkpoints/best_model.pt
[Epoch 4] Train Loss: 0.0932, Loss_s: 0.0831, Loss_u: 0.0258, Loss_kl: 0.0245, Mask: 0.9064, Acc: 0.9714, Prec: 0.8721, Rec: 0.8333, F1: 0.8510                                     
[Epoch 4] Val Loss: 0.1033, Acc: 0.9676, Prec: 0.9160, Rec: 0.7429, F1: 0.8116
        EarlyStopping counter: 1 / 30
[Epoch 5] Train Loss: 0.0914, Loss_s: 0.0813, Loss_u: 0.0259, Loss_kl: 0.0244, Mask: 0.9070, Acc: 0.9718, Prec: 0.8731, Rec: 0.8322, F1: 0.8512                                     
[Epoch 5] Val Loss: 0.0897, Acc: 0.9701, Prec: 0.8717, Rec: 0.8389, F1: 0.8466
        Validation F1 improved → Saving model: ./checkpoints/best_model.pt
[Epoch 6] Train Loss: 0.0891, Loss_s: 0.0792, Loss_u: 0.0257, Loss_kl: 0.0240, Mask: 0.9106, Acc: 0.9729, Prec: 0.8839, Rec: 0.8407, F1: 0.8610                                     
[Epoch 6] Val Loss: 0.0870, Acc: 0.9719, Prec: 0.8843, Rec: 0.8133, F1: 0.8395
        EarlyStopping counter: 1 / 30
[Epoch 7] Train Loss: 0.0870, Loss_s: 0.0770, Loss_u: 0.0260, Loss_kl: 0.0243, Mask: 0.9119, Acc: 0.9735, Prec: 0.8804, Rec: 0.8441, F1: 0.8610                                     
[Epoch 7] Val Loss: 0.0909, Acc: 0.9709, Prec: 0.9095, Rec: 0.8122, F1: 0.8526
        Validation F1 improved → Saving model: ./checkpoints/best_model.pt
[Epoch 8] Train Loss: 0.0861, Loss_s: 0.0763, Loss_u: 0.0251, Loss_kl: 0.0237, Mask: 0.9105, Acc: 0.9737, Prec: 0.8883, Rec: 0.8520, F1: 0.8689                                     
[Epoch 8] Val Loss: 0.1012, Acc: 0.9708, Prec: 0.9154, Rec: 0.8062, F1: 0.8524
        EarlyStopping counter: 1 / 30
[Epoch 9] Train Loss: 0.0849, Loss_s: 0.0752, Loss_u: 0.0250, Loss_kl: 0.0232, Mask: 0.9119, Acc: 0.9737, Prec: 0.8855, Rec: 0.8508, F1: 0.8670                                     
[Epoch 9] Val Loss: 0.0871, Acc: 0.9742, Prec: 0.9098, Rec: 0.8267, F1: 0.8560
        Validation F1 improved → Saving model: ./checkpoints/best_model.pt
[Epoch 10] Train Loss: 0.0832, Loss_s: 0.0736, Loss_u: 0.0247, Loss_kl: 0.0231, Mask: 0.9122, Acc: 0.9744, Prec: 0.8890, Rec: 0.8518, F1: 0.8693                                    
[Epoch 10] Val Loss: 0.0790, Acc: 0.9728, Prec: 0.8940, Rec: 0.8243, F1: 0.8542
        EarlyStopping counter: 1 / 30
[Epoch 11] Train Loss: 0.0818, Loss_s: 0.0722, Loss_u: 0.0249, Loss_kl: 0.0231, Mask: 0.9178, Acc: 0.9746, Prec: 0.8927, Rec: 0.8500, F1: 0.8703                                    
[Epoch 11] Val Loss: 0.0903, Acc: 0.9707, Prec: 0.8976, Rec: 0.8062, F1: 0.8435
        EarlyStopping counter: 2 / 30
[Epoch 12] Train Loss: 0.0825, Loss_s: 0.0732, Loss_u: 0.0243, Loss_kl: 0.0224, Mask: 0.9179, Acc: 0.9746, Prec: 0.8889, Rec: 0.8553, F1: 0.8710                                    
[Epoch 12] Val Loss: 0.0842, Acc: 0.9728, Prec: 0.8851, Rec: 0.8429, F1: 0.8591
        Validation F1 improved → Saving model: ./checkpoints/best_model.pt
[Epoch 13] Train Loss: 0.0805, Loss_s: 0.0710, Loss_u: 0.0244, Loss_kl: 0.0228, Mask: 0.9180, Acc: 0.9749, Prec: 0.8908, Rec: 0.8580, F1: 0.8734                                    
[Epoch 13] Val Loss: 0.0986, Acc: 0.9716, Prec: 0.9040, Rec: 0.8218, F1: 0.8525
        EarlyStopping counter: 1 / 30
[Epoch 14] Train Loss: 0.0796, Loss_s: 0.0704, Loss_u: 0.0238, Loss_kl: 0.0219, Mask: 0.9195, Acc: 0.9755, Prec: 0.8951, Rec: 0.8629, F1: 0.8780                                    
[Epoch 14] Val Loss: 0.0907, Acc: 0.9724, Prec: 0.9106, Rec: 0.8233, F1: 0.8580
        EarlyStopping counter: 2 / 30
[Epoch 15] Train Loss: 0.0793, Loss_s: 0.0699, Loss_u: 0.0241, Loss_kl: 0.0225, Mask: 0.9219, Acc: 0.9755, Prec: 0.9027, Rec: 0.8611, F1: 0.8808                                    
[Epoch 15] Val Loss: 0.0794, Acc: 0.9734, Prec: 0.8885, Rec: 0.8403, F1: 0.8587
        EarlyStopping counter: 3 / 30
[Epoch 16] Train Loss: 0.0776, Loss_s: 0.0685, Loss_u: 0.0238, Loss_kl: 0.0220, Mask: 0.9250, Acc: 0.9758, Prec: 0.8953, Rec: 0.8612, F1: 0.8772                                    
[Epoch 16] Val Loss: 0.0938, Acc: 0.9717, Prec: 0.8970, Rec: 0.8238, F1: 0.8485
        EarlyStopping counter: 4 / 30
[Epoch 17] Train Loss: 0.0768, Loss_s: 0.0679, Loss_u: 0.0231, Loss_kl: 0.0212, Mask: 0.9233, Acc: 0.9762, Prec: 0.8990, Rec: 0.8625, F1: 0.8798                                    
[Epoch 17] Val Loss: 0.0875, Acc: 0.9720, Prec: 0.9001, Rec: 0.7980, F1: 0.8362
        EarlyStopping counter: 5 / 30
[Epoch 18] Train Loss: 0.0760, Loss_s: 0.0668, Loss_u: 0.0240, Loss_kl: 0.0223, Mask: 0.9200, Acc: 0.9765, Prec: 0.8988, Rec: 0.8667, F1: 0.8818                                    
[Epoch 18] Val Loss: 0.0882, Acc: 0.9722, Prec: 0.9200, Rec: 0.8240, F1: 0.8647
        Validation F1 improved → Saving model: ./checkpoints/best_model.pt
[Epoch 19] Train Loss: 0.0754, Loss_s: 0.0669, Loss_u: 0.0220, Loss_kl: 0.0206, Mask: 0.9225, Acc: 0.9759, Prec: 0.8986, Rec: 0.8624, F1: 0.8795                                    
[Epoch 19] Val Loss: 0.0907, Acc: 0.9724, Prec: 0.8969, Rec: 0.8360, F1: 0.8614
        EarlyStopping counter: 1 / 30
[Epoch 20] Train Loss: 0.0749, Loss_s: 0.0661, Loss_u: 0.0229, Loss_kl: 0.0214, Mask: 0.9227, Acc: 0.9765, Prec: 0.8997, Rec: 0.8689, F1: 0.8835                                    
[Epoch 20] Val Loss: 0.0920, Acc: 0.9727, Prec: 0.9224, Rec: 0.8122, F1: 0.8559
        EarlyStopping counter: 2 / 30
[Epoch 21] Train Loss: 0.0741, Loss_s: 0.0650, Loss_u: 0.0235, Loss_kl: 0.0219, Mask: 0.9242, Acc: 0.9767, Prec: 0.9056, Rec: 0.8694, F1: 0.8866                                    
[Epoch 21] Val Loss: 0.0859, Acc: 0.9726, Prec: 0.9234, Rec: 0.8175, F1: 0.8599
        EarlyStopping counter: 3 / 30
[Epoch 22] Train Loss: 0.0736, Loss_s: 0.0648, Loss_u: 0.0228, Loss_kl: 0.0214, Mask: 0.9240, Acc: 0.9768, Prec: 0.9055, Rec: 0.8708, F1: 0.8873                                    
[Epoch 22] Val Loss: 0.0741, Acc: 0.9761, Prec: 0.8980, Rec: 0.8593, F1: 0.8728
        Validation F1 improved → Saving model: ./checkpoints/best_model.pt
[Epoch 23] Train Loss: 0.0740, Loss_s: 0.0648, Loss_u: 0.0238, Loss_kl: 0.0222, Mask: 0.9197, Acc: 0.9769, Prec: 0.9058, Rec: 0.8713, F1: 0.8878                                    
[Epoch 23] Val Loss: 0.0906, Acc: 0.9728, Prec: 0.9340, Rec: 0.8207, F1: 0.8662
        EarlyStopping counter: 1 / 30
[Epoch 24] Train Loss: 0.0719, Loss_s: 0.0630, Loss_u: 0.0229, Loss_kl: 0.0213, Mask: 0.9225, Acc: 0.9773, Prec: 0.9069, Rec: 0.8734, F1: 0.8892                                    
[Epoch 24] Val Loss: 0.0833, Acc: 0.9729, Prec: 0.9112, Rec: 0.8393, F1: 0.8670
        EarlyStopping counter: 2 / 30
[Epoch 25] Train Loss: 0.0719, Loss_s: 0.0632, Loss_u: 0.0225, Loss_kl: 0.0210, Mask: 0.9242, Acc: 0.9772, Prec: 0.9010, Rec: 0.8679, F1: 0.8837                                    
[Epoch 25] Val Loss: 0.0829, Acc: 0.9726, Prec: 0.9172, Rec: 0.8127, F1: 0.8562
        EarlyStopping counter: 3 / 30
[Epoch 26] Train Loss: 0.0707, Loss_s: 0.0619, Loss_u: 0.0228, Loss_kl: 0.0213, Mask: 0.9217, Acc: 0.9778, Prec: 0.9115, Rec: 0.8793, F1: 0.8946                                    
[Epoch 26] Val Loss: 0.0951, Acc: 0.9715, Prec: 0.9161, Rec: 0.8080, F1: 0.8533
        EarlyStopping counter: 4 / 30
[Epoch 27] Train Loss: 0.0713, Loss_s: 0.0623, Loss_u: 0.0233, Loss_kl: 0.0218, Mask: 0.9236, Acc: 0.9776, Prec: 0.9069, Rec: 0.8763, F1: 0.8908                                    
[Epoch 27] Val Loss: 0.0876, Acc: 0.9740, Prec: 0.9223, Rec: 0.8164, F1: 0.8606
        EarlyStopping counter: 5 / 30
[Epoch 28] Train Loss: 0.0699, Loss_s: 0.0614, Loss_u: 0.0220, Loss_kl: 0.0205, Mask: 0.9286, Acc: 0.9782, Prec: 0.9144, Rec: 0.8818, F1: 0.8974                                    
[Epoch 28] Val Loss: 0.0871, Acc: 0.9727, Prec: 0.9156, Rec: 0.8180, F1: 0.8585
        EarlyStopping counter: 6 / 30
[Epoch 29] Train Loss: 0.0699, Loss_s: 0.0615, Loss_u: 0.0218, Loss_kl: 0.0203, Mask: 0.9251, Acc: 0.9778, Prec: 0.9116, Rec: 0.8834, F1: 0.8968                                    
[Epoch 29] Val Loss: 0.0750, Acc: 0.9762, Prec: 0.9033, Rec: 0.8590, F1: 0.8761
        Validation F1 improved → Saving model: ./checkpoints/best_model.pt
[Epoch 30] Train Loss: 0.0706, Loss_s: 0.0618, Loss_u: 0.0226, Loss_kl: 0.0211, Mask: 0.9226, Acc: 0.9781, Prec: 0.9101, Rec: 0.8781, F1: 0.8934                                    
[Epoch 30] Val Loss: 0.0923, Acc: 0.9724, Prec: 0.9157, Rec: 0.8305, F1: 0.8619
        EarlyStopping counter: 1 / 30
[Epoch 31] Train Loss: 0.0700, Loss_s: 0.0617, Loss_u: 0.0216, Loss_kl: 0.0202, Mask: 0.9219, Acc: 0.9782, Prec: 0.9077, Rec: 0.8762, F1: 0.8912                                    
[Epoch 31] Val Loss: 0.0743, Acc: 0.9753, Prec: 0.8678, Rec: 0.8697, F1: 0.8614
        EarlyStopping counter: 2 / 30
[Epoch 32] Train Loss: 0.0686, Loss_s: 0.0597, Loss_u: 0.0228, Loss_kl: 0.0214, Mask: 0.9232, Acc: 0.9789, Prec: 0.9101, Rec: 0.8858, F1: 0.8973                                    
[Epoch 32] Val Loss: 0.0936, Acc: 0.9712, Prec: 0.9089, Rec: 0.8247, F1: 0.8573
        EarlyStopping counter: 3 / 30
[Epoch 33] Train Loss: 0.0695, Loss_s: 0.0605, Loss_u: 0.0234, Loss_kl: 0.0218, Mask: 0.9200, Acc: 0.9785, Prec: 0.9164, Rec: 0.8855, F1: 0.9002                                    
[Epoch 33] Val Loss: 0.0858, Acc: 0.9732, Prec: 0.9035, Rec: 0.8457, F1: 0.8679
        EarlyStopping counter: 4 / 30
[Epoch 34] Train Loss: 0.0688, Loss_s: 0.0598, Loss_u: 0.0233, Loss_kl: 0.0217, Mask: 0.9231, Acc: 0.9784, Prec: 0.9127, Rec: 0.8772, F1: 0.8942                                    
[Epoch 34] Val Loss: 0.0920, Acc: 0.9725, Prec: 0.9048, Rec: 0.8401, F1: 0.8606
        EarlyStopping counter: 5 / 30
[Epoch 35] Train Loss: 0.0687, Loss_s: 0.0595, Loss_u: 0.0238, Loss_kl: 0.0222, Mask: 0.9220, Acc: 0.9788, Prec: 0.9109, Rec: 0.8836, F1: 0.8965                                    
[Epoch 35] Val Loss: 0.0807, Acc: 0.9746, Prec: 0.9107, Rec: 0.8487, F1: 0.8734
        EarlyStopping counter: 6 / 30
[Epoch 36] Train Loss: 0.0677, Loss_s: 0.0586, Loss_u: 0.0235, Loss_kl: 0.0219, Mask: 0.9235, Acc: 0.9788, Prec: 0.9140, Rec: 0.8842, F1: 0.8984                                    
[Epoch 36] Val Loss: 0.0861, Acc: 0.9734, Prec: 0.8990, Rec: 0.8514, F1: 0.8668
        EarlyStopping counter: 7 / 30
[Epoch 37] Train Loss: 0.0684, Loss_s: 0.0597, Loss_u: 0.0225, Loss_kl: 0.0210, Mask: 0.9247, Acc: 0.9783, Prec: 0.9148, Rec: 0.8827, F1: 0.8980                                    
[Epoch 37] Val Loss: 0.0902, Acc: 0.9722, Prec: 0.9086, Rec: 0.8416, F1: 0.8687
        EarlyStopping counter: 8 / 30
[Epoch 38] Train Loss: 0.0676, Loss_s: 0.0588, Loss_u: 0.0226, Loss_kl: 0.0211, Mask: 0.9273, Acc: 0.9790, Prec: 0.9144, Rec: 0.8852, F1: 0.8992                                    
[Epoch 38] Val Loss: 0.0773, Acc: 0.9748, Prec: 0.9020, Rec: 0.8424, F1: 0.8625
        EarlyStopping counter: 9 / 30
[Epoch 39] Train Loss: 0.0671, Loss_s: 0.0586, Loss_u: 0.0217, Loss_kl: 0.0203, Mask: 0.9266, Acc: 0.9788, Prec: 0.9157, Rec: 0.8824, F1: 0.8983                                    
[Epoch 39] Val Loss: 0.0809, Acc: 0.9754, Prec: 0.9079, Rec: 0.8489, F1: 0.8705
        EarlyStopping counter: 10 / 30
[Epoch 40] Train Loss: 0.0664, Loss_s: 0.0582, Loss_u: 0.0213, Loss_kl: 0.0198, Mask: 0.9291, Acc: 0.9790, Prec: 0.9144, Rec: 0.8830, F1: 0.8980                                    
[Epoch 40] Val Loss: 0.0749, Acc: 0.9759, Prec: 0.9103, Rec: 0.8583, F1: 0.8797
        Validation F1 improved → Saving model: ./checkpoints/best_model.pt
[Epoch 41] Train Loss: 0.0666, Loss_s: 0.0585, Loss_u: 0.0208, Loss_kl: 0.0195, Mask: 0.9314, Acc: 0.9788, Prec: 0.9165, Rec: 0.8860, F1: 0.9005                                    
[Epoch 41] Val Loss: 0.0952, Acc: 0.9720, Prec: 0.9034, Rec: 0.8281, F1: 0.8550
        EarlyStopping counter: 1 / 30
[Epoch 42] Train Loss: 0.0655, Loss_s: 0.0569, Loss_u: 0.0221, Loss_kl: 0.0206, Mask: 0.9260, Acc: 0.9795, Prec: 0.9231, Rec: 0.8886, F1: 0.9050                                    
[Epoch 42] Val Loss: 0.0788, Acc: 0.9758, Prec: 0.9136, Rec: 0.8522, F1: 0.8787
        EarlyStopping counter: 2 / 30
[Epoch 43] Train Loss: 0.0660, Loss_s: 0.0575, Loss_u: 0.0220, Loss_kl: 0.0205, Mask: 0.9262, Acc: 0.9792, Prec: 0.9191, Rec: 0.8879, F1: 0.9028                                    
[Epoch 43] Val Loss: 0.0749, Acc: 0.9764, Prec: 0.9244, Rec: 0.8580, F1: 0.8868
        Validation F1 improved → Saving model: ./checkpoints/best_model.pt
[Epoch 44] Train Loss: 0.0658, Loss_s: 0.0573, Loss_u: 0.0220, Loss_kl: 0.0206, Mask: 0.9279, Acc: 0.9792, Prec: 0.9222, Rec: 0.8888, F1: 0.9047                                    
[Epoch 44] Val Loss: 0.0774, Acc: 0.9748, Prec: 0.9059, Rec: 0.8508, F1: 0.8721
        EarlyStopping counter: 1 / 30
[Epoch 45] Train Loss: 0.0647, Loss_s: 0.0565, Loss_u: 0.0213, Loss_kl: 0.0198, Mask: 0.9290, Acc: 0.9797, Prec: 0.9216, Rec: 0.8951, F1: 0.9077                                    
[Epoch 45] Val Loss: 0.0823, Acc: 0.9746, Prec: 0.9215, Rec: 0.8434, F1: 0.8748
        EarlyStopping counter: 2 / 30
[Epoch 46] Train Loss: 0.0646, Loss_s: 0.0563, Loss_u: 0.0214, Loss_kl: 0.0201, Mask: 0.9278, Acc: 0.9797, Prec: 0.9190, Rec: 0.8871, F1: 0.9023                                    
[Epoch 46] Val Loss: 0.0884, Acc: 0.9726, Prec: 0.9239, Rec: 0.8332, F1: 0.8684
        EarlyStopping counter: 3 / 30
[Epoch 47] Train Loss: 0.0651, Loss_s: 0.0570, Loss_u: 0.0207, Loss_kl: 0.0194, Mask: 0.9278, Acc: 0.9798, Prec: 0.9208, Rec: 0.8878, F1: 0.9035                                    
[Epoch 47] Val Loss: 0.0758, Acc: 0.9753, Prec: 0.9279, Rec: 0.8433, F1: 0.8803
        EarlyStopping counter: 4 / 30
[Epoch 48] Train Loss: 0.0643, Loss_s: 0.0562, Loss_u: 0.0209, Loss_kl: 0.0197, Mask: 0.9287, Acc: 0.9798, Prec: 0.9218, Rec: 0.8928, F1: 0.9065                                    
[Epoch 48] Val Loss: 0.0769, Acc: 0.9742, Prec: 0.9028, Rec: 0.8463, F1: 0.8712
        EarlyStopping counter: 5 / 30
[Epoch 49] Train Loss: 0.0645, Loss_s: 0.0561, Loss_u: 0.0218, Loss_kl: 0.0203, Mask: 0.9260, Acc: 0.9794, Prec: 0.9205, Rec: 0.8889, F1: 0.9040                                    
[Epoch 49] Val Loss: 0.0766, Acc: 0.9759, Prec: 0.8991, Rec: 0.8620, F1: 0.8760
        EarlyStopping counter: 6 / 30
[Epoch 50] Train Loss: 0.0641, Loss_s: 0.0556, Loss_u: 0.0220, Loss_kl: 0.0206, Mask: 0.9259, Acc: 0.9793, Prec: 0.9175, Rec: 0.8907, F1: 0.9034                                    
[Epoch 50] Val Loss: 0.0782, Acc: 0.9747, Prec: 0.9106, Rec: 0.8465, F1: 0.8745
        EarlyStopping counter: 7 / 30
[Epoch 51] Train Loss: 0.0642, Loss_s: 0.0558, Loss_u: 0.0219, Loss_kl: 0.0205, Mask: 0.9272, Acc: 0.9798, Prec: 0.9220, Rec: 0.8926, F1: 0.9067                                    
[Epoch 51] Val Loss: 0.0833, Acc: 0.9739, Prec: 0.9166, Rec: 0.8507, F1: 0.8765
        EarlyStopping counter: 8 / 30
[Epoch 52] Train Loss: 0.0631, Loss_s: 0.0549, Loss_u: 0.0211, Loss_kl: 0.0198, Mask: 0.9311, Acc: 0.9802, Prec: 0.9248, Rec: 0.8947, F1: 0.9091                                    
[Epoch 52] Val Loss: 0.0902, Acc: 0.9714, Prec: 0.9059, Rec: 0.8343, F1: 0.8623
        EarlyStopping counter: 9 / 30
[Epoch 53] Train Loss: 0.0631, Loss_s: 0.0552, Loss_u: 0.0204, Loss_kl: 0.0191, Mask: 0.9323, Acc: 0.9801, Prec: 0.9195, Rec: 0.8899, F1: 0.9042                                    
[Epoch 53] Val Loss: 0.0865, Acc: 0.9739, Prec: 0.9216, Rec: 0.8399, F1: 0.8734
        EarlyStopping counter: 10 / 30
[Epoch 54] Train Loss: 0.0634, Loss_s: 0.0555, Loss_u: 0.0205, Loss_kl: 0.0192, Mask: 0.9324, Acc: 0.9796, Prec: 0.9240, Rec: 0.8905, F1: 0.9065                                    
[Epoch 54] Val Loss: 0.0882, Acc: 0.9737, Prec: 0.9247, Rec: 0.8284, F1: 0.8709
        EarlyStopping counter: 11 / 30
[Epoch 55] Train Loss: 0.0621, Loss_s: 0.0543, Loss_u: 0.0200, Loss_kl: 0.0189, Mask: 0.9331, Acc: 0.9801, Prec: 0.9174, Rec: 0.8878, F1: 0.9019                                    
[Epoch 55] Val Loss: 0.0789, Acc: 0.9756, Prec: 0.8857, Rec: 0.8721, F1: 0.8722
        EarlyStopping counter: 12 / 30
[Epoch 56] Train Loss: 0.0618, Loss_s: 0.0536, Loss_u: 0.0211, Loss_kl: 0.0199, Mask: 0.9322, Acc: 0.9804, Prec: 0.9224, Rec: 0.8964, F1: 0.9088                                    
[Epoch 56] Val Loss: 0.0852, Acc: 0.9751, Prec: 0.9181, Rec: 0.8503, F1: 0.8788
        EarlyStopping counter: 13 / 30
[Epoch 57] Train Loss: 0.0616, Loss_s: 0.0536, Loss_u: 0.0205, Loss_kl: 0.0192, Mask: 0.9331, Acc: 0.9800, Prec: 0.9218, Rec: 0.8914, F1: 0.9059                                    
[Epoch 57] Val Loss: 0.0810, Acc: 0.9745, Prec: 0.9009, Rec: 0.8495, F1: 0.8695
        EarlyStopping counter: 14 / 30
[Epoch 58] Train Loss: 0.0622, Loss_s: 0.0535, Loss_u: 0.0226, Loss_kl: 0.0212, Mask: 0.9270, Acc: 0.9802, Prec: 0.9213, Rec: 0.8940, F1: 0.9071                                    
[Epoch 58] Val Loss: 0.0826, Acc: 0.9744, Prec: 0.9108, Rec: 0.8566, F1: 0.8776
        EarlyStopping counter: 15 / 30
[Epoch 59] Train Loss: 0.0615, Loss_s: 0.0536, Loss_u: 0.0204, Loss_kl: 0.0190, Mask: 0.9330, Acc: 0.9803, Prec: 0.9228, Rec: 0.8956, F1: 0.9086                                    
[Epoch 59] Val Loss: 0.0886, Acc: 0.9751, Prec: 0.9113, Rec: 0.8585, F1: 0.8781
        EarlyStopping counter: 16 / 30
[Epoch 60] Train Loss: 0.0604, Loss_s: 0.0523, Loss_u: 0.0210, Loss_kl: 0.0197, Mask: 0.9339, Acc: 0.9809, Prec: 0.9244, Rec: 0.9013, F1: 0.9123                                    
[Epoch 60] Val Loss: 0.0901, Acc: 0.9727, Prec: 0.9232, Rec: 0.8172, F1: 0.8619
        EarlyStopping counter: 17 / 30
[Epoch 61] Train Loss: 0.0610, Loss_s: 0.0528, Loss_u: 0.0210, Loss_kl: 0.0196, Mask: 0.9334, Acc: 0.9806, Prec: 0.9249, Rec: 0.8984, F1: 0.9110                                    
[Epoch 61] Val Loss: 0.0792, Acc: 0.9752, Prec: 0.9002, Rec: 0.8627, F1: 0.8765
        EarlyStopping counter: 18 / 30
[Epoch 62] Train Loss: 0.0616, Loss_s: 0.0533, Loss_u: 0.0213, Loss_kl: 0.0201, Mask: 0.9320, Acc: 0.9801, Prec: 0.9255, Rec: 0.8927, F1: 0.9085                                    
[Epoch 62] Val Loss: 0.0734, Acc: 0.9760, Prec: 0.9148, Rec: 0.8562, F1: 0.8805
        EarlyStopping counter: 19 / 30
[Epoch 63] Train Loss: 0.0609, Loss_s: 0.0523, Loss_u: 0.0225, Loss_kl: 0.0209, Mask: 0.9294, Acc: 0.9805, Prec: 0.9246, Rec: 0.8989, F1: 0.9110                                    
[Epoch 63] Val Loss: 0.0805, Acc: 0.9751, Prec: 0.9002, Rec: 0.8570, F1: 0.8735
        EarlyStopping counter: 20 / 30
[Epoch 64] Train Loss: 0.0610, Loss_s: 0.0529, Loss_u: 0.0210, Loss_kl: 0.0195, Mask: 0.9308, Acc: 0.9805, Prec: 0.9286, Rec: 0.8981, F1: 0.9128                                    
[Epoch 64] Val Loss: 0.0736, Acc: 0.9752, Prec: 0.9056, Rec: 0.8526, F1: 0.8747
        EarlyStopping counter: 21 / 30
[Epoch 65] Train Loss: 0.0607, Loss_s: 0.0529, Loss_u: 0.0203, Loss_kl: 0.0189, Mask: 0.9340, Acc: 0.9806, Prec: 0.9270, Rec: 0.9004, F1: 0.9132                                    
[Epoch 65] Val Loss: 0.0843, Acc: 0.9732, Prec: 0.9209, Rec: 0.8406, F1: 0.8738
        EarlyStopping counter: 22 / 30
[Epoch 66] Train Loss: 0.0611, Loss_s: 0.0530, Loss_u: 0.0209, Loss_kl: 0.0197, Mask: 0.9321, Acc: 0.9805, Prec: 0.9277, Rec: 0.9003, F1: 0.9134                                    
[Epoch 66] Val Loss: 0.0837, Acc: 0.9741, Prec: 0.9228, Rec: 0.8368, F1: 0.8740
        EarlyStopping counter: 23 / 30
[Epoch 67] Train Loss: 0.0606, Loss_s: 0.0525, Loss_u: 0.0208, Loss_kl: 0.0195, Mask: 0.9327, Acc: 0.9805, Prec: 0.9287, Rec: 0.9004, F1: 0.9140                                    
[Epoch 67] Val Loss: 0.0857, Acc: 0.9736, Prec: 0.9101, Rec: 0.8400, F1: 0.8666
        EarlyStopping counter: 24 / 30
[Epoch 68] Train Loss: 0.0598, Loss_s: 0.0518, Loss_u: 0.0209, Loss_kl: 0.0196, Mask: 0.9323, Acc: 0.9811, Prec: 0.9305, Rec: 0.9000, F1: 0.9146                                    
[Epoch 68] Val Loss: 0.0768, Acc: 0.9758, Prec: 0.9188, Rec: 0.8538, F1: 0.8828
        EarlyStopping counter: 25 / 30
[Epoch 69] Train Loss: 0.0598, Loss_s: 0.0513, Loss_u: 0.0220, Loss_kl: 0.0206, Mask: 0.9324, Acc: 0.9808, Prec: 0.9242, Rec: 0.9006, F1: 0.9119                                    
[Epoch 69] Val Loss: 0.0753, Acc: 0.9759, Prec: 0.9099, Rec: 0.8602, F1: 0.8799
        EarlyStopping counter: 26 / 30
[Epoch 70] Train Loss: 0.0596, Loss_s: 0.0513, Loss_u: 0.0214, Loss_kl: 0.0201, Mask: 0.9313, Acc: 0.9815, Prec: 0.9299, Rec: 0.9039, F1: 0.9163                                    
[Epoch 70] Val Loss: 0.0878, Acc: 0.9733, Prec: 0.9259, Rec: 0.8394, F1: 0.8755
        EarlyStopping counter: 27 / 30
[Epoch 71] Train Loss: 0.0592, Loss_s: 0.0512, Loss_u: 0.0208, Loss_kl: 0.0196, Mask: 0.9313, Acc: 0.9808, Prec: 0.9291, Rec: 0.9024, F1: 0.9152                                    
[Epoch 71] Val Loss: 0.0848, Acc: 0.9737, Prec: 0.9177, Rec: 0.8373, F1: 0.8699
        EarlyStopping counter: 28 / 30
[Epoch 72] Train Loss: 0.0584, Loss_s: 0.0502, Loss_u: 0.0212, Loss_kl: 0.0198, Mask: 0.9317, Acc: 0.9814, Prec: 0.9263, Rec: 0.9007, F1: 0.9130                                    
[Epoch 72] Val Loss: 0.0799, Acc: 0.9752, Prec: 0.9109, Rec: 0.8509, F1: 0.8752
        EarlyStopping counter: 29 / 30
[Epoch 73] Train Loss: 0.0587, Loss_s: 0.0503, Loss_u: 0.0216, Loss_kl: 0.0203, Mask: 0.9325, Acc: 0.9814, Prec: 0.9302, Rec: 0.9044, F1: 0.9167                                    
[Epoch 73] Val Loss: 0.0897, Acc: 0.9732, Prec: 0.9206, Rec: 0.8404, F1: 0.8734
        EarlyStopping counter: 30 / 30
Early stopping triggered...
Total training time: 168 min 36.72 sec
Loaded best model.
[Best Model Train] Loss: 0.0716, Acc: 0.9771, Prec: 0.9429, Rec: 0.8571, F1: 0.8957                                                                                                 
[Best Model Train] Classification Report:
              precision    recall  f1-score   support

           0     0.9658    0.8783    0.9200      3220
           1     0.9392    0.8918    0.9149       416
           2     0.8959    0.7854    0.8370      3891
           3     0.9801    0.9814    0.9807      7260
           4     0.8557    0.7242    0.7845      2694
           5     0.9740    0.8675    0.9177       649
           6     0.9113    0.6432    0.7541       894
           7     0.9813    0.9459    0.9633       111
           8     0.9827    0.9963    0.9895    110573

    accuracy                         0.9771    129708
   macro avg     0.9429    0.8571    0.8957    129708
weighted avg     0.9762    0.9771    0.9762    129708

[Best Model Train] Confusion Matrix:
[[  2828      3      3      1     16      0      0      0    369]
 [     6    371      2      0     30      0      1      0      6]
 [     4      2   3056     64    112      4      3      0    646]
 [     0      1     64   7125      0      0      0      0     70]
 [    58     12     80      0   1951      1     34      0    558]
 [     8      3     27      1     22    563      0      2     23]
 [     0      1      5      4     41      0    575      0    268]
 [     1      0      3      0      0      2      0    105      0]
 [    23      2    171     75    108      8     18      0 110168]]

[Best Model Validation] Loss: 0.0749, Acc: 0.9764, Prec: 0.9244, Rec: 0.8580, F1: 0.8868                                                                                            
[Best Model Validation] Classification Report:
              precision    recall  f1-score   support

           0     0.9655    0.8680    0.9141       644
           1     0.8222    0.8916    0.8555        83
           2     0.8870    0.7866    0.8338       778
           3     0.9839    0.9697    0.9768      1452
           4     0.8429    0.7379    0.7869       538
           5     0.9818    0.8372    0.9038       129
           6     0.8968    0.6348    0.7434       178
           7     0.9565    1.0000    0.9778        22
           8     0.9828    0.9963    0.9895     22114

    accuracy                         0.9764     25938
   macro avg     0.9244    0.8580    0.8868     25938
weighted avg     0.9755    0.9764    0.9755     25938

[Best Model Validation] Confusion Matrix:
[[  559     5     0     0     0     0     1     0    79]
 [    0    74     0     0     8     1     0     0     0]
 [    2     0   612     7    27     1     0     0   129]
 [    0     1    25  1408     0     0     0     0    18]
 [    7     5    16     0   397     0     6     0   107]
 [    2     4     6     0     6   108     0     1     2]
 [    0     0     3     1    10     0   113     0    51]
 [    0     0     0     0     0     0     0    22     0]
 [    9     1    28    15    23     0     6     0 22032]]

[Test] Loss: 0.0729, Acc: 0.9782, Prec: 0.9439, Rec: 0.8539, F1: 0.8938                                                                                                             
[Test] Classification Report:
              precision    recall  f1-score   support

           0     0.9542    0.8721    0.9113       430
           1     0.8889    0.8571    0.8727        56
           2     0.9030    0.8058    0.8516       520
           3     0.9906    0.9845    0.9876       968
           4     0.8878    0.7452    0.8102       361
           5     0.9625    0.8750    0.9167        88
           6     0.9250    0.6116    0.7363       121
           7     1.0000    0.9375    0.9677        16
           8     0.9829    0.9968    0.9898     14744

    accuracy                         0.9782     17304
   macro avg     0.9439    0.8539    0.8938     17304
weighted avg     0.9774    0.9782    0.9773     17304

[Test] Confusion Matrix:
[[  375     1     0     0     1     0     0     0    53]
 [    0    48     1     0     6     0     0     0     1]
 [    1     0   419     4    13     0     1     0    82]
 [    1     0     5   953     0     0     0     0     9]
 [    5     3    14     0   269     1     2     0    67]
 [    1     0     4     0     4    77     0     0     2]
 [    0     1     0     0     4     0    74     0    42]
 [    0     0     0     0     0     1     0    15     0]
 [   10     1    21     5     6     1     3     0 14697]]