## backbone unfreeze
## fc.classifier unfreeze

04/29/2026 23:46:20 - INFO - root -   train_labeled_dataset: 129708
04/29/2026 23:46:20 - INFO - root -   val_dataset: 25938
04/29/2026 23:46:20 - INFO - root -   test_dataset: 17304
04/29/2026 23:46:20 - INFO - root -   train_unlabeled_dataset: 638507

[Epoch 1] Train Loss: 0.4763, Loss_s: 0.4549, Loss_u: 0.0639, Loss_kl: 0.0432, Mask: 0.4026, Acc: 0.8961, Prec: 0.4862, Rec: 0.2865, F1: 0.3247                                     
[Epoch 1] Val Loss: 0.4130, Acc: 0.9038, Prec: 0.6151, Rec: 0.2850, F1: 0.3239
        Validation F1 improved → Saving model: ./checkpoints/best_model.pt
[Epoch 2] Train Loss: 0.3626, Loss_s: 0.3432, Loss_u: 0.0548, Loss_kl: 0.0424, Mask: 0.5290, Acc: 0.9138, Prec: 0.6706, Rec: 0.4277, F1: 0.4770                                     
[Epoch 2] Val Loss: 0.3814, Acc: 0.9080, Prec: 0.7270, Rec: 0.3478, F1: 0.3908
        Validation F1 improved → Saving model: ./checkpoints/best_model.pt
[Epoch 3] Train Loss: 0.3467, Loss_s: 0.3278, Loss_u: 0.0514, Loss_kl: 0.0432, Mask: 0.5647, Acc: 0.9170, Prec: 0.7246, Rec: 0.4705, F1: 0.5167                                     
[Epoch 3] Val Loss: 0.3909, Acc: 0.9085, Prec: 0.6944, Rec: 0.3586, F1: 0.4017
        Validation F1 improved → Saving model: ./checkpoints/best_model.pt
[Epoch 4] Train Loss: 0.3385, Loss_s: 0.3198, Loss_u: 0.0495, Loss_kl: 0.0442, Mask: 0.5841, Acc: 0.9187, Prec: 0.7388, Rec: 0.4957, F1: 0.5425                                     
[Epoch 4] Val Loss: 0.3755, Acc: 0.9106, Prec: 0.6968, Rec: 0.3833, F1: 0.4258
        Validation F1 improved → Saving model: ./checkpoints/best_model.pt
[Epoch 5] Train Loss: 0.3329, Loss_s: 0.3135, Loss_u: 0.0502, Loss_kl: 0.0464, Mask: 0.6004, Acc: 0.9201, Prec: 0.7179, Rec: 0.5027, F1: 0.5479                                     
[Epoch 5] Val Loss: 0.3884, Acc: 0.9108, Prec: 0.7342, Rec: 0.3854, F1: 0.4335
        Validation F1 improved → Saving model: ./checkpoints/best_model.pt
[Epoch 6] Train Loss: 0.3317, Loss_s: 0.3123, Loss_u: 0.0498, Loss_kl: 0.0476, Mask: 0.6091, Acc: 0.9201, Prec: 0.7126, Rec: 0.5128, F1: 0.5499                                     
[Epoch 6] Val Loss: 0.3820, Acc: 0.9097, Prec: 0.7047, Rec: 0.3871, F1: 0.4351
        Validation F1 improved → Saving model: ./checkpoints/best_model.pt
[Epoch 7] Train Loss: 0.3294, Loss_s: 0.3096, Loss_u: 0.0505, Loss_kl: 0.0486, Mask: 0.6221, Acc: 0.9199, Prec: 0.7105, Rec: 0.5100, F1: 0.5508                                     
[Epoch 7] Val Loss: 0.3696, Acc: 0.9121, Prec: 0.7410, Rec: 0.4249, F1: 0.4697
        Validation F1 improved → Saving model: ./checkpoints/best_model.pt
[Epoch 8] Train Loss: 0.3286, Loss_s: 0.3084, Loss_u: 0.0511, Loss_kl: 0.0496, Mask: 0.6347, Acc: 0.9210, Prec: 0.7196, Rec: 0.5174, F1: 0.5592                                     
[Epoch 8] Val Loss: 0.3764, Acc: 0.9112, Prec: 0.7298, Rec: 0.4193, F1: 0.4564
        EarlyStopping counter: 1 / 30
[Epoch 9] Train Loss: 0.3273, Loss_s: 0.3068, Loss_u: 0.0519, Loss_kl: 0.0509, Mask: 0.6434, Acc: 0.9204, Prec: 0.7075, Rec: 0.5227, F1: 0.5584                                     
[Epoch 9] Val Loss: 0.3753, Acc: 0.9111, Prec: 0.7476, Rec: 0.4263, F1: 0.4664
        EarlyStopping counter: 2 / 30
[Epoch 10] Train Loss: 0.3244, Loss_s: 0.3040, Loss_u: 0.0512, Loss_kl: 0.0507, Mask: 0.6519, Acc: 0.9217, Prec: 0.7300, Rec: 0.5320, F1: 0.5720                                    
[Epoch 10] Val Loss: 0.3717, Acc: 0.9109, Prec: 0.7224, Rec: 0.4126, F1: 0.4590
        EarlyStopping counter: 3 / 30
[Epoch 11] Train Loss: 0.3225, Loss_s: 0.3021, Loss_u: 0.0507, Loss_kl: 0.0510, Mask: 0.6601, Acc: 0.9219, Prec: 0.7280, Rec: 0.5319, F1: 0.5737                                    
[Epoch 11] Val Loss: 0.3719, Acc: 0.9117, Prec: 0.7423, Rec: 0.4397, F1: 0.4778
        Validation F1 improved → Saving model: ./checkpoints/best_model.pt
[Epoch 12] Train Loss: 0.3220, Loss_s: 0.3017, Loss_u: 0.0502, Loss_kl: 0.0513, Mask: 0.6631, Acc: 0.9221, Prec: 0.7249, Rec: 0.5299, F1: 0.5681                                    
[Epoch 12] Val Loss: 0.3694, Acc: 0.9111, Prec: 0.7383, Rec: 0.4232, F1: 0.4675
        EarlyStopping counter: 1 / 30
[Epoch 13] Train Loss: 0.3223, Loss_s: 0.3021, Loss_u: 0.0499, Loss_kl: 0.0511, Mask: 0.6679, Acc: 0.9216, Prec: 0.7261, Rec: 0.5393, F1: 0.5756                                    
[Epoch 13] Val Loss: 0.3631, Acc: 0.9112, Prec: 0.6970, Rec: 0.4379, F1: 0.4772
        EarlyStopping counter: 2 / 30
[Epoch 14] Train Loss: 0.3219, Loss_s: 0.3014, Loss_u: 0.0505, Loss_kl: 0.0521, Mask: 0.6801, Acc: 0.9216, Prec: 0.7263, Rec: 0.5247, F1: 0.5681                                    
[Epoch 14] Val Loss: 0.3711, Acc: 0.9107, Prec: 0.7033, Rec: 0.4226, F1: 0.4594
        EarlyStopping counter: 3 / 30
[Epoch 15] Train Loss: 0.3205, Loss_s: 0.3000, Loss_u: 0.0504, Loss_kl: 0.0523, Mask: 0.6928, Acc: 0.9223, Prec: 0.7425, Rec: 0.5447, F1: 0.5840                                    
[Epoch 15] Val Loss: 0.3673, Acc: 0.9112, Prec: 0.7091, Rec: 0.4107, F1: 0.4585
        EarlyStopping counter: 4 / 30
[Epoch 16] Train Loss: 0.3193, Loss_s: 0.2987, Loss_u: 0.0505, Loss_kl: 0.0526, Mask: 0.7030, Acc: 0.9228, Prec: 0.7495, Rec: 0.5420, F1: 0.5839                                    
[Epoch 16] Val Loss: 0.3757, Acc: 0.9106, Prec: 0.7266, Rec: 0.4172, F1: 0.4591
        EarlyStopping counter: 5 / 30
[Epoch 17] Train Loss: 0.3201, Loss_s: 0.2994, Loss_u: 0.0507, Loss_kl: 0.0530, Mask: 0.7061, Acc: 0.9217, Prec: 0.7191, Rec: 0.5356, F1: 0.5725                                    
[Epoch 17] Val Loss: 0.3818, Acc: 0.9103, Prec: 0.6989, Rec: 0.4238, F1: 0.4592
        EarlyStopping counter: 6 / 30
[Epoch 18] Train Loss: 0.3200, Loss_s: 0.2993, Loss_u: 0.0505, Loss_kl: 0.0531, Mask: 0.7123, Acc: 0.9223, Prec: 0.7384, Rec: 0.5405, F1: 0.5799                                    
[Epoch 18] Val Loss: 0.3768, Acc: 0.9106, Prec: 0.7075, Rec: 0.4264, F1: 0.4562
        EarlyStopping counter: 7 / 30
[Epoch 19] Train Loss: 0.3207, Loss_s: 0.2998, Loss_u: 0.0512, Loss_kl: 0.0533, Mask: 0.7155, Acc: 0.9219, Prec: 0.7282, Rec: 0.5437, F1: 0.5815                                    
[Epoch 19] Val Loss: 0.3700, Acc: 0.9113, Prec: 0.7213, Rec: 0.4515, F1: 0.4781
        Validation F1 improved → Saving model: ./checkpoints/best_model.pt
[Epoch 20] Train Loss: 0.3191, Loss_s: 0.2983, Loss_u: 0.0507, Loss_kl: 0.0534, Mask: 0.7158, Acc: 0.9225, Prec: 0.7358, Rec: 0.5450, F1: 0.5828                                    
[Epoch 20] Val Loss: 0.3698, Acc: 0.9116, Prec: 0.7568, Rec: 0.4565, F1: 0.4851
        Validation F1 improved → Saving model: ./checkpoints/best_model.pt
[Epoch 21] Train Loss: 0.3192, Loss_s: 0.2985, Loss_u: 0.0504, Loss_kl: 0.0530, Mask: 0.7262, Acc: 0.9225, Prec: 0.7495, Rec: 0.5434, F1: 0.5874                                    
[Epoch 21] Val Loss: 0.3664, Acc: 0.9111, Prec: 0.7373, Rec: 0.4548, F1: 0.4839
        EarlyStopping counter: 1 / 30
[Epoch 22] Train Loss: 0.3193, Loss_s: 0.2984, Loss_u: 0.0507, Loss_kl: 0.0538, Mask: 0.7294, Acc: 0.9221, Prec: 0.7348, Rec: 0.5452, F1: 0.5809                                    
[Epoch 22] Val Loss: 0.3666, Acc: 0.9111, Prec: 0.7416, Rec: 0.4379, F1: 0.4775
        EarlyStopping counter: 2 / 30
[Epoch 23] Train Loss: 0.3201, Loss_s: 0.2995, Loss_u: 0.0501, Loss_kl: 0.0530, Mask: 0.7279, Acc: 0.9216, Prec: 0.7313, Rec: 0.5356, F1: 0.5738                                    
[Epoch 23] Val Loss: 0.3768, Acc: 0.9102, Prec: 0.7438, Rec: 0.4136, F1: 0.4525
        EarlyStopping counter: 3 / 30
[Epoch 24] Train Loss: 0.3181, Loss_s: 0.2972, Loss_u: 0.0506, Loss_kl: 0.0538, Mask: 0.7458, Acc: 0.9228, Prec: 0.7498, Rec: 0.5380, F1: 0.5816                                    
[Epoch 24] Val Loss: 0.3778, Acc: 0.9101, Prec: 0.7044, Rec: 0.4309, F1: 0.4639
        EarlyStopping counter: 4 / 30
[Epoch 25] Train Loss: 0.3189, Loss_s: 0.2981, Loss_u: 0.0505, Loss_kl: 0.0538, Mask: 0.7493, Acc: 0.9219, Prec: 0.7227, Rec: 0.5394, F1: 0.5774                                    
[Epoch 25] Val Loss: 0.3669, Acc: 0.9113, Prec: 0.7454, Rec: 0.4658, F1: 0.4897
        Validation F1 improved → Saving model: ./checkpoints/best_model.pt
[Epoch 26] Train Loss: 0.3189, Loss_s: 0.2980, Loss_u: 0.0505, Loss_kl: 0.0539, Mask: 0.7495, Acc: 0.9213, Prec: 0.7210, Rec: 0.5331, F1: 0.5719                                    
[Epoch 26] Val Loss: 0.3751, Acc: 0.9107, Prec: 0.7642, Rec: 0.4136, F1: 0.4612
        EarlyStopping counter: 1 / 30
[Epoch 27] Train Loss: 0.3215, Loss_s: 0.3006, Loss_u: 0.0507, Loss_kl: 0.0539, Mask: 0.7532, Acc: 0.9222, Prec: 0.7359, Rec: 0.5422, F1: 0.5806                                    
[Epoch 27] Val Loss: 0.3587, Acc: 0.9109, Prec: 0.7273, Rec: 0.4321, F1: 0.4688
        EarlyStopping counter: 2 / 30
[Epoch 28] Train Loss: 0.3189, Loss_s: 0.2977, Loss_u: 0.0514, Loss_kl: 0.0548, Mask: 0.7554, Acc: 0.9218, Prec: 0.7351, Rec: 0.5398, F1: 0.5785                                    
[Epoch 28] Val Loss: 0.3622, Acc: 0.9110, Prec: 0.7410, Rec: 0.4250, F1: 0.4706
        EarlyStopping counter: 3 / 30
[Epoch 29] Train Loss: 0.3193, Loss_s: 0.2981, Loss_u: 0.0513, Loss_kl: 0.0545, Mask: 0.7543, Acc: 0.9222, Prec: 0.7341, Rec: 0.5402, F1: 0.5801                                    
[Epoch 29] Val Loss: 0.3633, Acc: 0.9116, Prec: 0.7370, Rec: 0.4443, F1: 0.4794
        EarlyStopping counter: 4 / 30
[Epoch 30] Train Loss: 0.3208, Loss_s: 0.2996, Loss_u: 0.0515, Loss_kl: 0.0544, Mask: 0.7561, Acc: 0.9216, Prec: 0.7303, Rec: 0.5410, F1: 0.5790                                    
[Epoch 30] Val Loss: 0.3691, Acc: 0.9116, Prec: 0.7454, Rec: 0.4419, F1: 0.4776
        EarlyStopping counter: 5 / 30
[Epoch 31] Train Loss: 0.3191, Loss_s: 0.2984, Loss_u: 0.0503, Loss_kl: 0.0533, Mask: 0.7576, Acc: 0.9216, Prec: 0.7265, Rec: 0.5344, F1: 0.5728                                    
[Epoch 31] Val Loss: 0.3726, Acc: 0.9116, Prec: 0.7174, Rec: 0.4287, F1: 0.4596
        EarlyStopping counter: 6 / 30
[Epoch 32] Train Loss: 0.3179, Loss_s: 0.2972, Loss_u: 0.0501, Loss_kl: 0.0532, Mask: 0.7589, Acc: 0.9217, Prec: 0.7366, Rec: 0.5483, F1: 0.5853                                    
[Epoch 32] Val Loss: 0.3867, Acc: 0.9099, Prec: 0.7408, Rec: 0.4282, F1: 0.4640
        EarlyStopping counter: 7 / 30
[Epoch 33] Train Loss: 0.3175, Loss_s: 0.2966, Loss_u: 0.0504, Loss_kl: 0.0542, Mask: 0.7637, Acc: 0.9219, Prec: 0.7407, Rec: 0.5385, F1: 0.5805                                    
[Epoch 33] Val Loss: 0.3795, Acc: 0.9109, Prec: 0.7332, Rec: 0.4372, F1: 0.4691
        EarlyStopping counter: 8 / 30
[Epoch 34] Train Loss: 0.3180, Loss_s: 0.2972, Loss_u: 0.0501, Loss_kl: 0.0538, Mask: 0.7602, Acc: 0.9217, Prec: 0.7400, Rec: 0.5366, F1: 0.5791                                    
[Epoch 34] Val Loss: 0.3720, Acc: 0.9107, Prec: 0.7444, Rec: 0.4352, F1: 0.4707
        EarlyStopping counter: 9 / 30
[Epoch 35] Train Loss: 0.3169, Loss_s: 0.2962, Loss_u: 0.0501, Loss_kl: 0.0538, Mask: 0.7584, Acc: 0.9224, Prec: 0.7376, Rec: 0.5391, F1: 0.5800                                    
[Epoch 35] Val Loss: 0.3774, Acc: 0.9104, Prec: 0.7423, Rec: 0.4203, F1: 0.4595
        EarlyStopping counter: 10 / 30
[Epoch 36] Train Loss: 0.3183, Loss_s: 0.2974, Loss_u: 0.0506, Loss_kl: 0.0539, Mask: 0.7618, Acc: 0.9219, Prec: 0.7428, Rec: 0.5397, F1: 0.5798                                    
[Epoch 36] Val Loss: 0.3783, Acc: 0.9114, Prec: 0.7447, Rec: 0.4470, F1: 0.4798
        EarlyStopping counter: 11 / 30
[Epoch 37] Train Loss: 0.3199, Loss_s: 0.2993, Loss_u: 0.0496, Loss_kl: 0.0535, Mask: 0.7594, Acc: 0.9213, Prec: 0.7246, Rec: 0.5379, F1: 0.5764                                    
[Epoch 37] Val Loss: 0.3737, Acc: 0.9106, Prec: 0.7189, Rec: 0.4402, F1: 0.4753
        EarlyStopping counter: 12 / 30
[Epoch 38] Train Loss: 0.3189, Loss_s: 0.2982, Loss_u: 0.0501, Loss_kl: 0.0531, Mask: 0.7666, Acc: 0.9219, Prec: 0.7459, Rec: 0.5404, F1: 0.5827                                    
[Epoch 38] Val Loss: 0.3745, Acc: 0.9106, Prec: 0.7086, Rec: 0.4272, F1: 0.4673
        EarlyStopping counter: 13 / 30
[Epoch 39] Train Loss: 0.3155, Loss_s: 0.2947, Loss_u: 0.0503, Loss_kl: 0.0537, Mask: 0.7702, Acc: 0.9226, Prec: 0.7435, Rec: 0.5434, F1: 0.5851                                    
[Epoch 39] Val Loss: 0.3713, Acc: 0.9101, Prec: 0.7100, Rec: 0.4363, F1: 0.4656
        EarlyStopping counter: 14 / 30
[Epoch 40] Train Loss: 0.3209, Loss_s: 0.3000, Loss_u: 0.0503, Loss_kl: 0.0537, Mask: 0.7702, Acc: 0.9215, Prec: 0.7240, Rec: 0.5345, F1: 0.5711                                    
[Epoch 40] Val Loss: 0.3709, Acc: 0.9109, Prec: 0.7194, Rec: 0.4570, F1: 0.4745
        EarlyStopping counter: 15 / 30
[Epoch 41] Train Loss: 0.3164, Loss_s: 0.2953, Loss_u: 0.0511, Loss_kl: 0.0544, Mask: 0.7657, Acc: 0.9223, Prec: 0.7365, Rec: 0.5400, F1: 0.5805                                    
[Epoch 41] Val Loss: 0.3725, Acc: 0.9112, Prec: 0.7107, Rec: 0.4302, F1: 0.4624
        EarlyStopping counter: 16 / 30
[Epoch 42] Train Loss: 0.3174, Loss_s: 0.2970, Loss_u: 0.0494, Loss_kl: 0.0525, Mask: 0.7619, Acc: 0.9221, Prec: 0.7366, Rec: 0.5392, F1: 0.5791                                    
[Epoch 42] Val Loss: 0.3764, Acc: 0.9101, Prec: 0.7489, Rec: 0.4249, F1: 0.4666
        EarlyStopping counter: 17 / 30
[Epoch 43] Train Loss: 0.3156, Loss_s: 0.2948, Loss_u: 0.0504, Loss_kl: 0.0537, Mask: 0.7621, Acc: 0.9229, Prec: 0.7419, Rec: 0.5443, F1: 0.5839                                    
[Epoch 43] Val Loss: 0.3706, Acc: 0.9104, Prec: 0.7096, Rec: 0.4143, F1: 0.4532
        EarlyStopping counter: 18 / 30
[Epoch 44] Train Loss: 0.3166, Loss_s: 0.2960, Loss_u: 0.0501, Loss_kl: 0.0530, Mask: 0.7662, Acc: 0.9220, Prec: 0.7307, Rec: 0.5360, F1: 0.5759                                    
[Epoch 44] Val Loss: 0.3753, Acc: 0.9111, Prec: 0.7370, Rec: 0.4344, F1: 0.4696
        EarlyStopping counter: 19 / 30
[Epoch 45] Train Loss: 0.3170, Loss_s: 0.2967, Loss_u: 0.0494, Loss_kl: 0.0525, Mask: 0.7768, Acc: 0.9218, Prec: 0.7208, Rec: 0.5365, F1: 0.5726                                    
[Epoch 45] Val Loss: 0.3770, Acc: 0.9108, Prec: 0.7476, Rec: 0.4409, F1: 0.4801
        EarlyStopping counter: 20 / 30
[Epoch 46] Train Loss: 0.3165, Loss_s: 0.2961, Loss_u: 0.0493, Loss_kl: 0.0526, Mask: 0.7712, Acc: 0.9218, Prec: 0.7277, Rec: 0.5410, F1: 0.5779                                    
[Epoch 46] Val Loss: 0.3795, Acc: 0.9105, Prec: 0.7335, Rec: 0.4248, F1: 0.4605
        EarlyStopping counter: 21 / 30
[Epoch 47] Train Loss: 0.3171, Loss_s: 0.2966, Loss_u: 0.0494, Loss_kl: 0.0531, Mask: 0.7711, Acc: 0.9219, Prec: 0.7409, Rec: 0.5366, F1: 0.5775                                    
[Epoch 47] Val Loss: 0.3740, Acc: 0.9109, Prec: 0.7378, Rec: 0.4295, F1: 0.4698
        EarlyStopping counter: 22 / 30
[Epoch 48] Train Loss: 0.3142, Loss_s: 0.2935, Loss_u: 0.0499, Loss_kl: 0.0533, Mask: 0.7691, Acc: 0.9230, Prec: 0.7419, Rec: 0.5425, F1: 0.5859                                    
[Epoch 48] Val Loss: 0.3811, Acc: 0.9107, Prec: 0.7663, Rec: 0.4528, F1: 0.4798
        EarlyStopping counter: 23 / 30
[Epoch 49] Train Loss: 0.3168, Loss_s: 0.2968, Loss_u: 0.0484, Loss_kl: 0.0516, Mask: 0.7681, Acc: 0.9223, Prec: 0.7428, Rec: 0.5478, F1: 0.5865                                    
[Epoch 49] Val Loss: 0.3680, Acc: 0.9109, Prec: 0.7434, Rec: 0.4488, F1: 0.4747
        EarlyStopping counter: 24 / 30
[Epoch 50] Train Loss: 0.3163, Loss_s: 0.2961, Loss_u: 0.0489, Loss_kl: 0.0521, Mask: 0.7675, Acc: 0.9223, Prec: 0.7409, Rec: 0.5388, F1: 0.5787                                    
[Epoch 50] Val Loss: 0.3675, Acc: 0.9112, Prec: 0.7273, Rec: 0.4410, F1: 0.4778
        EarlyStopping counter: 25 / 30
[Epoch 51] Train Loss: 0.3169, Loss_s: 0.2967, Loss_u: 0.0492, Loss_kl: 0.0522, Mask: 0.7676, Acc: 0.9231, Prec: 0.7525, Rec: 0.5487, F1: 0.5883                                    
[Epoch 51] Val Loss: 0.3797, Acc: 0.9101, Prec: 0.7276, Rec: 0.4421, F1: 0.4645
        EarlyStopping counter: 26 / 30
[Epoch 52] Train Loss: 0.3163, Loss_s: 0.2959, Loss_u: 0.0495, Loss_kl: 0.0527, Mask: 0.7686, Acc: 0.9224, Prec: 0.7354, Rec: 0.5428, F1: 0.5794                                    
[Epoch 52] Val Loss: 0.3818, Acc: 0.9107, Prec: 0.7532, Rec: 0.4429, F1: 0.4755
        EarlyStopping counter: 27 / 30
[Epoch 53] Train Loss: 0.3166, Loss_s: 0.2962, Loss_u: 0.0495, Loss_kl: 0.0529, Mask: 0.7753, Acc: 0.9226, Prec: 0.7489, Rec: 0.5422, F1: 0.5846                                    
[Epoch 53] Val Loss: 0.3763, Acc: 0.9102, Prec: 0.7211, Rec: 0.4246, F1: 0.4514
        EarlyStopping counter: 28 / 30
[Epoch 54] Train Loss: 0.3160, Loss_s: 0.2954, Loss_u: 0.0496, Loss_kl: 0.0533, Mask: 0.7784, Acc: 0.9221, Prec: 0.7431, Rec: 0.5350, F1: 0.5789                                    
[Epoch 54] Val Loss: 0.3730, Acc: 0.9106, Prec: 0.7253, Rec: 0.4551, F1: 0.4729
        EarlyStopping counter: 29 / 30
[Epoch 55] Train Loss: 0.3141, Loss_s: 0.2935, Loss_u: 0.0497, Loss_kl: 0.0529, Mask: 0.7775, Acc: 0.9225, Prec: 0.7393, Rec: 0.5451, F1: 0.5840                                    
[Epoch 55] Val Loss: 0.3727, Acc: 0.9105, Prec: 0.7487, Rec: 0.4505, F1: 0.4794
        EarlyStopping counter: 30 / 30
Early stopping triggered...
Total training time: 99 min 2.85 sec
Loaded best model.
[Best Model Train] Loss: 0.3613, Acc: 0.9143, Prec: 0.7465, Rec: 0.4624, F1: 0.4933                                                                                                 
[Best Model Train] Classification Report:
              precision    recall  f1-score   support

           0     0.7670    0.1503    0.2514      3220
           1     0.6828    0.5433    0.6051       416
           2     0.6254    0.0897    0.1569      3891
           3     0.9048    0.9107    0.9077      7260
           4     0.5723    0.0353    0.0664      2694
           5     0.7864    0.7827    0.7846       649
           6     0.7778    0.0313    0.0602       894
           7     0.6832    0.6216    0.6509       111
           8     0.9190    0.9968    0.9563    110573

    accuracy                         0.9143    129708
   macro avg     0.7465    0.4624    0.4933    129708
weighted avg     0.8959    0.9143    0.8852    129708

[Best Model Train] Confusion Matrix:
[[   484     52     25     37     32     13      1      8   2568]
 [    30    226     12     15     16      6      0      0    111]
 [    17      9    349    346     16     36      0     10   3108]
 [     4      1     25   6612      0      3      1      0    614]
 [    78     23     65     26     95      2      6      6   2393]
 [     8      9     25     12      3    508      0      7     77]
 [     1      0      6     14      2      4     28      0    839]
 [     1      0     22      5      0     14      0     69      0]
 [     8     11     29    241      2     60      0      1 110221]]

[Best Model Validation] Loss: 0.3669, Acc: 0.9113, Prec: 0.7454, Rec: 0.4658, F1: 0.4897                                                                                            
[Best Model Validation] Classification Report:
              precision    recall  f1-score   support

           0     0.6952    0.1134    0.1949       644
           1     0.7451    0.4578    0.5672        83
           2     0.5446    0.0784    0.1371       778
           3     0.9049    0.8912    0.8980      1452
           4     0.4762    0.0186    0.0358       538
           5     0.8713    0.6822    0.7652       129
           6     0.8889    0.0449    0.0856       178
           7     0.6667    0.9091    0.7692        22
           8     0.9156    0.9969    0.9545     22114

    accuracy                         0.9113     25938
   macro avg     0.7454    0.4658    0.4897     25938
weighted avg     0.8881    0.9113    0.8806     25938

[Best Model Validation] Confusion Matrix:
[[   73     5     6     6     4     2     0     4   544]
 [    4    38     5     1     4     1     0     1    29]
 [    9     0    61    59     2     6     0     3   638]
 [    0     1     5  1294     0     1     0     0   151]
 [   16     5    19     5    10     0     1     0   482]
 [    1     2     8     4     1    88     0     2    23]
 [    0     0     0     4     0     0     8     0   166]
 [    0     0     0     0     0     2     0    20     0]
 [    2     0     8    57     0     1     0     0 22046]]

[Test] Loss: 0.3651, Acc: 0.9130, Prec: 0.7642, Rec: 0.4555, F1: 0.4906                                                                                                             
[Test] Classification Report:
              precision    recall  f1-score   support

           0     0.6296    0.1186    0.1996       430
           1     0.7200    0.3214    0.4444        56
           2     0.6338    0.0865    0.1523       520
           3     0.9337    0.9163    0.9249       968
           4     0.7083    0.0471    0.0883       361
           5     0.7971    0.6250    0.7006        88
           6     0.7500    0.0496    0.0930       121
           7     0.7895    0.9375    0.8571        16
           8     0.9157    0.9973    0.9548     14744

    accuracy                         0.9130     17304
   macro avg     0.7642    0.4555    0.4906     17304
weighted avg     0.8943    0.9130    0.8831     17304

[Test] Confusion Matrix:
[[   51     4     3     1     4     1     0     0   366]
 [    7    18     4     1     2     2     0     0    22]
 [    7     0    45    26     1     4     0     3   434]
 [    0     0     2   887     0     1     0     0    78]
 [   13     3     8     2    17     3     1     1   313]
 [    3     0     2     3     0    55     0     0    25]
 [    0     0     1     0     0     0     6     0   114]
 [    0     0     0     0     0     0     0    15     1]
 [    0     0     6    30     0     3     1     0 14704]]