## backbone unfreeze
## fc.classifier unfreeze

05/12/2026 14:45:45 - INFO - root -   train_labeled_dataset: 129708
05/12/2026 14:45:45 - INFO - root -   val_dataset: 25938
05/12/2026 14:45:45 - INFO - root -   test_dataset: 17304
05/12/2026 14:45:45 - INFO - root -   train_unlabeled_dataset: 638507
[Epoch 1] Train Loss: 0.1482, Loss_s: 0.1452, Loss_u: 0.0149, Mask: 0.8341, Acc: 0.9556, Prec: 0.7111, Rec: 0.7008, F1: 0.6841                                                                                                         
[Epoch 1] Val Loss: 0.1260, Acc: 0.9604, Prec: 0.8560, Rec: 0.7508, F1: 0.7890
        Validation F1 improved → Saving model: ./checkpoints/best_model.pt
[Epoch 2] Train Loss: 0.0951, Loss_s: 0.0928, Loss_u: 0.0117, Mask: 0.8538, Acc: 0.9684, Prec: 0.8367, Rec: 0.7859, F1: 0.8093                                                                                                         
[Epoch 2] Val Loss: 0.0971, Acc: 0.9687, Prec: 0.8899, Rec: 0.8006, F1: 0.8343
        Validation F1 improved → Saving model: ./checkpoints/best_model.pt
[Epoch 3] Train Loss: 0.0857, Loss_s: 0.0843, Loss_u: 0.0072, Mask: 0.8717, Acc: 0.9714, Prec: 0.8654, Rec: 0.8236, F1: 0.8430                                                                                                         
[Epoch 3] Val Loss: 0.0944, Acc: 0.9711, Prec: 0.8666, Rec: 0.8241, F1: 0.8345
        Validation F1 improved → Saving model: ./checkpoints/best_model.pt
[Epoch 4] Train Loss: 0.0812, Loss_s: 0.0799, Loss_u: 0.0066, Mask: 0.8777, Acc: 0.9723, Prec: 0.8611, Rec: 0.8266, F1: 0.8428                                                                                                         
[Epoch 4] Val Loss: 0.0972, Acc: 0.9690, Prec: 0.8048, Rec: 0.8562, F1: 0.8096
        EarlyStopping counter: 1 / 20
[Epoch 5] Train Loss: 0.0775, Loss_s: 0.0762, Loss_u: 0.0065, Mask: 0.8842, Acc: 0.9735, Prec: 0.8767, Rec: 0.8370, F1: 0.8558                                                                                                         
[Epoch 5] Val Loss: 0.0841, Acc: 0.9729, Prec: 0.9129, Rec: 0.7923, F1: 0.8436
        Validation F1 improved → Saving model: ./checkpoints/best_model.pt
[Epoch 6] Train Loss: 0.0773, Loss_s: 0.0762, Loss_u: 0.0056, Mask: 0.8816, Acc: 0.9734, Prec: 0.8720, Rec: 0.8389, F1: 0.8545                                                                                                         
[Epoch 6] Val Loss: 0.1000, Acc: 0.9719, Prec: 0.8953, Rec: 0.7936, F1: 0.8279
        EarlyStopping counter: 1 / 20
[Epoch 7] Train Loss: 0.0764, Loss_s: 0.0752, Loss_u: 0.0060, Mask: 0.8871, Acc: 0.9738, Prec: 0.8788, Rec: 0.8390, F1: 0.8579                                                                                                         
[Epoch 7] Val Loss: 0.0871, Acc: 0.9727, Prec: 0.8646, Rec: 0.8714, F1: 0.8624
        Validation F1 improved → Saving model: ./checkpoints/best_model.pt
[Epoch 8] Train Loss: 0.0739, Loss_s: 0.0728, Loss_u: 0.0056, Mask: 0.8865, Acc: 0.9741, Prec: 0.8751, Rec: 0.8442, F1: 0.8587                                                                                                         
[Epoch 8] Val Loss: 0.0818, Acc: 0.9740, Prec: 0.8876, Rec: 0.8643, F1: 0.8709
        Validation F1 improved → Saving model: ./checkpoints/best_model.pt
[Epoch 9] Train Loss: 0.0732, Loss_s: 0.0720, Loss_u: 0.0057, Mask: 0.8901, Acc: 0.9751, Prec: 0.8946, Rec: 0.8533, F1: 0.8729                                                                                                         
[Epoch 9] Val Loss: 0.0884, Acc: 0.9700, Prec: 0.8748, Rec: 0.8357, F1: 0.8484
        EarlyStopping counter: 1 / 20
[Epoch 10] Train Loss: 0.0721, Loss_s: 0.0712, Loss_u: 0.0046, Mask: 0.8903, Acc: 0.9747, Prec: 0.8854, Rec: 0.8506, F1: 0.8672                                                                                                        
[Epoch 10] Val Loss: 0.0767, Acc: 0.9757, Prec: 0.9109, Rec: 0.8462, F1: 0.8729
        Validation F1 improved → Saving model: ./checkpoints/best_model.pt
[Epoch 11] Train Loss: 0.0701, Loss_s: 0.0693, Loss_u: 0.0040, Mask: 0.8931, Acc: 0.9758, Prec: 0.8909, Rec: 0.8576, F1: 0.8734                                                                                                        
[Epoch 11] Val Loss: 0.0934, Acc: 0.9704, Prec: 0.8884, Rec: 0.8195, F1: 0.8474
        EarlyStopping counter: 1 / 20
[Epoch 12] Train Loss: 0.0699, Loss_s: 0.0691, Loss_u: 0.0043, Mask: 0.8945, Acc: 0.9755, Prec: 0.8855, Rec: 0.8561, F1: 0.8701                                                                                                        
[Epoch 12] Val Loss: 0.0806, Acc: 0.9735, Prec: 0.9069, Rec: 0.8178, F1: 0.8511
        EarlyStopping counter: 2 / 20
[Epoch 13] Train Loss: 0.0685, Loss_s: 0.0677, Loss_u: 0.0041, Mask: 0.8949, Acc: 0.9761, Prec: 0.8888, Rec: 0.8550, F1: 0.8710                                                                                                        
[Epoch 13] Val Loss: 0.0781, Acc: 0.9742, Prec: 0.8975, Rec: 0.8505, F1: 0.8683
        EarlyStopping counter: 3 / 20
[Epoch 14] Train Loss: 0.0688, Loss_s: 0.0680, Loss_u: 0.0043, Mask: 0.8934, Acc: 0.9758, Prec: 0.8909, Rec: 0.8577, F1: 0.8735                                                                                                        
[Epoch 14] Val Loss: 0.0696, Acc: 0.9752, Prec: 0.9047, Rec: 0.8368, F1: 0.8639
        EarlyStopping counter: 4 / 20
[Epoch 15] Train Loss: 0.0677, Loss_s: 0.0669, Loss_u: 0.0041, Mask: 0.8957, Acc: 0.9764, Prec: 0.8927, Rec: 0.8600, F1: 0.8755                                                                                                        
[Epoch 15] Val Loss: 0.0815, Acc: 0.9718, Prec: 0.9196, Rec: 0.8141, F1: 0.8574
        EarlyStopping counter: 5 / 20
[Epoch 16] Train Loss: 0.0673, Loss_s: 0.0665, Loss_u: 0.0039, Mask: 0.8957, Acc: 0.9762, Prec: 0.8952, Rec: 0.8581, F1: 0.8757                                                                                                        
[Epoch 16] Val Loss: 0.0693, Acc: 0.9754, Prec: 0.9064, Rec: 0.8479, F1: 0.8718
        EarlyStopping counter: 6 / 20
[Epoch 17] Train Loss: 0.0662, Loss_s: 0.0655, Loss_u: 0.0035, Mask: 0.8956, Acc: 0.9766, Prec: 0.8967, Rec: 0.8638, F1: 0.8795                                                                                                        
[Epoch 17] Val Loss: 0.0812, Acc: 0.9709, Prec: 0.8797, Rec: 0.8219, F1: 0.8433
        EarlyStopping counter: 7 / 20
[Epoch 18] Train Loss: 0.0649, Loss_s: 0.0641, Loss_u: 0.0038, Mask: 0.8988, Acc: 0.9771, Prec: 0.8941, Rec: 0.8617, F1: 0.8772                                                                                                        
[Epoch 18] Val Loss: 0.0959, Acc: 0.9711, Prec: 0.8856, Rec: 0.8318, F1: 0.8472
        EarlyStopping counter: 8 / 20
[Epoch 19] Train Loss: 0.0642, Loss_s: 0.0635, Loss_u: 0.0036, Mask: 0.9013, Acc: 0.9772, Prec: 0.8995, Rec: 0.8687, F1: 0.8834                                                                                                        
[Epoch 19] Val Loss: 0.0759, Acc: 0.9738, Prec: 0.8894, Rec: 0.8501, F1: 0.8607
        EarlyStopping counter: 9 / 20
[Epoch 20] Train Loss: 0.0630, Loss_s: 0.0622, Loss_u: 0.0036, Mask: 0.9005, Acc: 0.9775, Prec: 0.8992, Rec: 0.8711, F1: 0.8845                                                                                                        
[Epoch 20] Val Loss: 0.0694, Acc: 0.9758, Prec: 0.8932, Rec: 0.8669, F1: 0.8780
        Validation F1 improved → Saving model: ./checkpoints/best_model.pt
[Epoch 21] Train Loss: 0.0622, Loss_s: 0.0614, Loss_u: 0.0039, Mask: 0.9018, Acc: 0.9777, Prec: 0.9068, Rec: 0.8741, F1: 0.8897                                                                                                        
[Epoch 21] Val Loss: 0.0768, Acc: 0.9736, Prec: 0.9123, Rec: 0.8282, F1: 0.8627
        EarlyStopping counter: 1 / 20
[Epoch 22] Train Loss: 0.0623, Loss_s: 0.0615, Loss_u: 0.0036, Mask: 0.9037, Acc: 0.9775, Prec: 0.8996, Rec: 0.8684, F1: 0.8832                                                                                                        
[Epoch 22] Val Loss: 0.0603, Acc: 0.9789, Prec: 0.9051, Rec: 0.8778, F1: 0.8885
        Validation F1 improved → Saving model: ./checkpoints/best_model.pt
[Epoch 23] Train Loss: 0.0611, Loss_s: 0.0603, Loss_u: 0.0041, Mask: 0.9041, Acc: 0.9780, Prec: 0.9030, Rec: 0.8749, F1: 0.8883                                                                                                        
[Epoch 23] Val Loss: 0.0712, Acc: 0.9766, Prec: 0.8991, Rec: 0.8621, F1: 0.8753
        EarlyStopping counter: 1 / 20
[Epoch 24] Train Loss: 0.0615, Loss_s: 0.0608, Loss_u: 0.0036, Mask: 0.9018, Acc: 0.9780, Prec: 0.9032, Rec: 0.8765, F1: 0.8890                                                                                                        
[Epoch 24] Val Loss: 0.0624, Acc: 0.9774, Prec: 0.8997, Rec: 0.8661, F1: 0.8773
        EarlyStopping counter: 2 / 20
[Epoch 25] Train Loss: 0.0600, Loss_s: 0.0593, Loss_u: 0.0038, Mask: 0.9024, Acc: 0.9787, Prec: 0.9018, Rec: 0.8762, F1: 0.8884                                                                                                        
[Epoch 25] Val Loss: 0.0707, Acc: 0.9754, Prec: 0.9223, Rec: 0.8395, F1: 0.8746
        EarlyStopping counter: 3 / 20
[Epoch 26] Train Loss: 0.0604, Loss_s: 0.0597, Loss_u: 0.0035, Mask: 0.9008, Acc: 0.9783, Prec: 0.9078, Rec: 0.8751, F1: 0.8907                                                                                                        
[Epoch 26] Val Loss: 0.0740, Acc: 0.9731, Prec: 0.8947, Rec: 0.8561, F1: 0.8683
        EarlyStopping counter: 4 / 20
[Epoch 27] Train Loss: 0.0593, Loss_s: 0.0586, Loss_u: 0.0036, Mask: 0.9015, Acc: 0.9786, Prec: 0.9057, Rec: 0.8782, F1: 0.8913                                                                                                        
[Epoch 27] Val Loss: 0.0703, Acc: 0.9752, Prec: 0.8875, Rec: 0.8580, F1: 0.8674
        EarlyStopping counter: 5 / 20
[Epoch 28] Train Loss: 0.0587, Loss_s: 0.0580, Loss_u: 0.0036, Mask: 0.9024, Acc: 0.9790, Prec: 0.9126, Rec: 0.8831, F1: 0.8972                                                                                                        
[Epoch 28] Val Loss: 0.0909, Acc: 0.9712, Prec: 0.9048, Rec: 0.8254, F1: 0.8554
        EarlyStopping counter: 6 / 20
[Epoch 29] Train Loss: 0.0581, Loss_s: 0.0573, Loss_u: 0.0041, Mask: 0.9034, Acc: 0.9786, Prec: 0.9077, Rec: 0.8768, F1: 0.8916                                                                                                        
[Epoch 29] Val Loss: 0.0774, Acc: 0.9741, Prec: 0.9064, Rec: 0.8427, F1: 0.8630
        EarlyStopping counter: 7 / 20
[Epoch 30] Train Loss: 0.0584, Loss_s: 0.0577, Loss_u: 0.0036, Mask: 0.9029, Acc: 0.9792, Prec: 0.9137, Rec: 0.8887, F1: 0.9005                                                                                                        
[Epoch 30] Val Loss: 0.0769, Acc: 0.9741, Prec: 0.8960, Rec: 0.8361, F1: 0.8548
        EarlyStopping counter: 8 / 20
[Epoch 31] Train Loss: 0.0576, Loss_s: 0.0569, Loss_u: 0.0036, Mask: 0.9024, Acc: 0.9793, Prec: 0.9139, Rec: 0.8853, F1: 0.8990                                                                                                        
[Epoch 31] Val Loss: 0.0786, Acc: 0.9730, Prec: 0.8995, Rec: 0.8413, F1: 0.8614
        EarlyStopping counter: 9 / 20
[Epoch 32] Train Loss: 0.0577, Loss_s: 0.0569, Loss_u: 0.0038, Mask: 0.9053, Acc: 0.9791, Prec: 0.9106, Rec: 0.8801, F1: 0.8948                                                                                                        
[Epoch 32] Val Loss: 0.0725, Acc: 0.9750, Prec: 0.9032, Rec: 0.8439, F1: 0.8676
        EarlyStopping counter: 10 / 20
[Epoch 33] Train Loss: 0.0573, Loss_s: 0.0566, Loss_u: 0.0038, Mask: 0.9053, Acc: 0.9790, Prec: 0.9115, Rec: 0.8884, F1: 0.8994                                                                                                        
[Epoch 33] Val Loss: 0.0694, Acc: 0.9770, Prec: 0.9085, Rec: 0.8696, F1: 0.8835
        EarlyStopping counter: 11 / 20
[Epoch 34] Train Loss: 0.0567, Loss_s: 0.0559, Loss_u: 0.0037, Mask: 0.9057, Acc: 0.9793, Prec: 0.9123, Rec: 0.8817, F1: 0.8964                                                                                                        
[Epoch 34] Val Loss: 0.0686, Acc: 0.9764, Prec: 0.9059, Rec: 0.8529, F1: 0.8756
        EarlyStopping counter: 12 / 20
[Epoch 35] Train Loss: 0.0562, Loss_s: 0.0556, Loss_u: 0.0033, Mask: 0.9049, Acc: 0.9800, Prec: 0.9171, Rec: 0.8883, F1: 0.9021                                                                                                        
[Epoch 35] Val Loss: 0.0664, Acc: 0.9771, Prec: 0.9245, Rec: 0.8443, F1: 0.8802
        EarlyStopping counter: 13 / 20
[Epoch 36] Train Loss: 0.0554, Loss_s: 0.0547, Loss_u: 0.0036, Mask: 0.9053, Acc: 0.9799, Prec: 0.9129, Rec: 0.8872, F1: 0.8995                                                                                                        
[Epoch 36] Val Loss: 0.0703, Acc: 0.9768, Prec: 0.9232, Rec: 0.8456, F1: 0.8790
        EarlyStopping counter: 14 / 20
[Epoch 37] Train Loss: 0.0560, Loss_s: 0.0553, Loss_u: 0.0033, Mask: 0.9048, Acc: 0.9795, Prec: 0.9097, Rec: 0.8870, F1: 0.8979                                                                                                        
[Epoch 37] Val Loss: 0.1005, Acc: 0.9700, Prec: 0.9161, Rec: 0.7957, F1: 0.8444
        EarlyStopping counter: 15 / 20
[Epoch 38] Train Loss: 0.0551, Loss_s: 0.0545, Loss_u: 0.0032, Mask: 0.9079, Acc: 0.9802, Prec: 0.9170, Rec: 0.8879, F1: 0.9018                                                                                                        
[Epoch 38] Val Loss: 0.0688, Acc: 0.9763, Prec: 0.9121, Rec: 0.8601, F1: 0.8821
        EarlyStopping counter: 16 / 20
[Epoch 39] Train Loss: 0.0549, Loss_s: 0.0543, Loss_u: 0.0031, Mask: 0.9077, Acc: 0.9803, Prec: 0.9142, Rec: 0.8899, F1: 0.9015                                                                                                        
[Epoch 39] Val Loss: 0.0671, Acc: 0.9764, Prec: 0.8795, Rec: 0.8855, F1: 0.8805
        EarlyStopping counter: 17 / 20
[Epoch 40] Train Loss: 0.0548, Loss_s: 0.0540, Loss_u: 0.0041, Mask: 0.9053, Acc: 0.9801, Prec: 0.9179, Rec: 0.8913, F1: 0.9041                                                                                                        
[Epoch 40] Val Loss: 0.0619, Acc: 0.9783, Prec: 0.8864, Rec: 0.8860, F1: 0.8826
        EarlyStopping counter: 18 / 20
[Epoch 41] Train Loss: 0.0538, Loss_s: 0.0531, Loss_u: 0.0035, Mask: 0.9068, Acc: 0.9805, Prec: 0.9169, Rec: 0.8894, F1: 0.9027                                                                                                        
[Epoch 41] Val Loss: 0.0626, Acc: 0.9782, Prec: 0.9091, Rec: 0.8706, F1: 0.8860
        EarlyStopping counter: 19 / 20
[Epoch 42] Train Loss: 0.0543, Loss_s: 0.0536, Loss_u: 0.0036, Mask: 0.9050, Acc: 0.9803, Prec: 0.9208, Rec: 0.8937, F1: 0.9067                                                                                                        
[Epoch 42] Val Loss: 0.0730, Acc: 0.9747, Prec: 0.9085, Rec: 0.8473, F1: 0.8718
        EarlyStopping counter: 20 / 20
Early stopping triggered...
Total training time: 64 min 4.84 sec
Loaded best model.
[Best Model Train] Loss: 0.0630, Acc: 0.9775, Prec: 0.9127, Rec: 0.8702, F1: 0.8884                                                                                                                                                    
[Best Model Train] Classification Report:
              precision    recall  f1-score   support

           0     0.9378    0.9314    0.9346      3220
           1     0.8979    0.9303    0.9138       416
           2     0.8351    0.8319    0.8335      3891
           3     0.9659    0.9857    0.9757      7260
           4     0.8110    0.7821    0.7963      2694
           5     0.9824    0.7735    0.8655       649
           6     0.8832    0.6767    0.7663       894
           7     0.9115    0.9279    0.9196       111
           8     0.9893    0.9921    0.9907    110573

    accuracy                         0.9775    129708
   macro avg     0.9127    0.8702    0.8884    129708
weighted avg     0.9772    0.9775    0.9772    129708

[Best Model Train] Confusion Matrix:
[[  2999      5      3      2     21      0      0      0    190]
 [    11    387      0      3     13      0      0      0      2]
 [     8      4   3237    142     83      2     10      1    404]
 [     0      0     33   7156      0      1      1      0     69]
 [    78     24    154      1   2107      0     23      0    307]
 [    22      8     36     21     20    502      3      9     28]
 [     0      1     18      1     76      1    605      0    192]
 [     1      0      6      0      0      1      0    103      0]
 [    79      2    389     83    278      4     43      0 109695]]

[Best Model Validation] Loss: 0.0603, Acc: 0.9789, Prec: 0.9051, Rec: 0.8778, F1: 0.8885                                                                                                                                               
[Best Model Validation] Classification Report:
              precision    recall  f1-score   support

           0     0.9460    0.9255    0.9356       644
           1     0.8041    0.9398    0.8667        83
           2     0.8551    0.8342    0.8445       778
           3     0.9708    0.9855    0.9781      1452
           4     0.8363    0.7974    0.8164       538
           5     0.9802    0.7674    0.8609       129
           6     0.8503    0.7022    0.7692       178
           7     0.9130    0.9545    0.9333        22
           8     0.9896    0.9932    0.9914     22114

    accuracy                         0.9789     25938
   macro avg     0.9051    0.8778    0.8885     25938
weighted avg     0.9786    0.9789    0.9786     25938

[Best Model Validation] Confusion Matrix:
[[  596     4     0     0     3     0     0     0    41]
 [    1    78     0     0     4     0     0     0     0]
 [    2     1   649    29    15     1     2     0    79]
 [    0     0     9  1431     0     0     0     0    12]
 [    9     7    23     0   429     1     9     0    60]
 [    5     4     6     2     5    99     1     2     5]
 [    0     0     3     0    16     0   125     0    34]
 [    1     0     0     0     0     0     0    21     0]
 [   16     3    69    12    41     0    10     0 21963]]

[Test] Loss: 0.0597, Acc: 0.9798, Prec: 0.9256, Rec: 0.8816, F1: 0.9006                                                                                                                                                                
[Test] Classification Report:
              precision    recall  f1-score   support

           0     0.9458    0.9326    0.9391       430
           1     0.9259    0.8929    0.9091        56
           2     0.8660    0.8577    0.8618       520
           3     0.9706    0.9886    0.9795       968
           4     0.8459    0.8366    0.8412       361
           5     0.9855    0.7727    0.8662        88
           6     0.8602    0.6612    0.7477       121
           7     0.9412    1.0000    0.9697        16
           8     0.9896    0.9926    0.9911     14744

    accuracy                         0.9798     17304
   macro avg     0.9256    0.8816    0.9006     17304
weighted avg     0.9795    0.9798    0.9795     17304

[Test] Confusion Matrix:
[[  401     0     0     0     3     0     0     0    26]
 [    1    50     0     0     5     0     0     0     0]
 [    0     0   446    17     5     1     0     0    51]
 [    0     0     3   957     0     0     0     0     8]
 [    7     3    12     0   302     0     4     0    33]
 [    2     1     6     3     2    68     0     1     5]
 [    0     0     1     0     9     0    80     0    31]
 [    0     0     0     0     0     0     0    16     0]
 [   13     0    47     9    31     0     9     0 14635]]