## backbone freeze
## fc.classifier unfreeze

05/11/2026 16:19:36 - INFO - root -   train_labeled_dataset: 129708
05/11/2026 16:19:36 - INFO - root -   val_dataset: 25938
05/11/2026 16:19:36 - INFO - root -   test_dataset: 17304
05/11/2026 16:19:36 - INFO - root -   train_unlabeled_dataset: 638507
[Epoch 1] Train Loss: 0.3774, Loss_s: 0.3761, Loss_u: 0.0067, Mask: 0.6223, Acc: 0.9101, Prec: 0.5953, Rec: 0.3841, F1: 0.4260                                                                                    
[Epoch 1] Val Loss: 0.2996, Acc: 0.9243, Prec: 0.8237, Rec: 0.4609, F1: 0.5306
        Validation F1 improved → Saving model: ./checkpoints/best_model.pt
[Epoch 2] Train Loss: 0.2744, Loss_s: 0.2719, Loss_u: 0.0127, Mask: 0.7145, Acc: 0.9307, Prec: 0.7576, Rec: 0.5412, F1: 0.6013                                                                                    
[Epoch 2] Val Loss: 0.2829, Acc: 0.9262, Prec: 0.8185, Rec: 0.4864, F1: 0.5551
        Validation F1 improved → Saving model: ./checkpoints/best_model.pt
[Epoch 3] Train Loss: 0.2648, Loss_s: 0.2619, Loss_u: 0.0146, Mask: 0.7360, Acc: 0.9323, Prec: 0.7683, Rec: 0.5701, F1: 0.6219                                                                                    
[Epoch 3] Val Loss: 0.2859, Acc: 0.9255, Prec: 0.7866, Rec: 0.5093, F1: 0.5638
        Validation F1 improved → Saving model: ./checkpoints/best_model.pt
[Epoch 4] Train Loss: 0.2619, Loss_s: 0.2585, Loss_u: 0.0169, Mask: 0.7435, Acc: 0.9329, Prec: 0.7669, Rec: 0.5730, F1: 0.6249                                                                                    
[Epoch 4] Val Loss: 0.2790, Acc: 0.9271, Prec: 0.7903, Rec: 0.5249, F1: 0.5752
        Validation F1 improved → Saving model: ./checkpoints/best_model.pt
[Epoch 5] Train Loss: 0.2582, Loss_s: 0.2549, Loss_u: 0.0163, Mask: 0.7398, Acc: 0.9334, Prec: 0.7693, Rec: 0.5914, F1: 0.6374                                                                                    
[Epoch 5] Val Loss: 0.2771, Acc: 0.9281, Prec: 0.8187, Rec: 0.5022, F1: 0.5778
        Validation F1 improved → Saving model: ./checkpoints/best_model.pt
[Epoch 6] Train Loss: 0.2573, Loss_s: 0.2541, Loss_u: 0.0159, Mask: 0.7404, Acc: 0.9335, Prec: 0.7665, Rec: 0.5964, F1: 0.6438                                                                                    
[Epoch 6] Val Loss: 0.2844, Acc: 0.9266, Prec: 0.8069, Rec: 0.5227, F1: 0.5742
        EarlyStopping counter: 1 / 20
[Epoch 7] Train Loss: 0.2561, Loss_s: 0.2529, Loss_u: 0.0161, Mask: 0.7457, Acc: 0.9336, Prec: 0.7640, Rec: 0.5871, F1: 0.6372                                                                                    
[Epoch 7] Val Loss: 0.2745, Acc: 0.9277, Prec: 0.8213, Rec: 0.5120, F1: 0.5920
        Validation F1 improved → Saving model: ./checkpoints/best_model.pt
[Epoch 8] Train Loss: 0.2549, Loss_s: 0.2516, Loss_u: 0.0165, Mask: 0.7473, Acc: 0.9344, Prec: 0.7715, Rec: 0.6042, F1: 0.6530                                                                                    
[Epoch 8] Val Loss: 0.2738, Acc: 0.9275, Prec: 0.8103, Rec: 0.5302, F1: 0.5999
        Validation F1 improved → Saving model: ./checkpoints/best_model.pt
[Epoch 9] Train Loss: 0.2544, Loss_s: 0.2511, Loss_u: 0.0166, Mask: 0.7517, Acc: 0.9347, Prec: 0.7796, Rec: 0.6054, F1: 0.6542                                                                                    
[Epoch 9] Val Loss: 0.2741, Acc: 0.9282, Prec: 0.8149, Rec: 0.5216, F1: 0.5918
        EarlyStopping counter: 1 / 20
[Epoch 10] Train Loss: 0.2576, Loss_s: 0.2543, Loss_u: 0.0164, Mask: 0.7589, Acc: 0.9339, Prec: 0.7622, Rec: 0.5954, F1: 0.6416                                                                                   
[Epoch 10] Val Loss: 0.2717, Acc: 0.9288, Prec: 0.8137, Rec: 0.5638, F1: 0.6087
        Validation F1 improved → Saving model: ./checkpoints/best_model.pt
[Epoch 11] Train Loss: 0.2539, Loss_s: 0.2505, Loss_u: 0.0170, Mask: 0.7544, Acc: 0.9347, Prec: 0.7686, Rec: 0.6059, F1: 0.6498                                                                                   
[Epoch 11] Val Loss: 0.2785, Acc: 0.9289, Prec: 0.8544, Rec: 0.5261, F1: 0.5966
        EarlyStopping counter: 1 / 20
[Epoch 12] Train Loss: 0.2549, Loss_s: 0.2516, Loss_u: 0.0162, Mask: 0.7562, Acc: 0.9345, Prec: 0.7782, Rec: 0.6050, F1: 0.6521                                                                                   
[Epoch 12] Val Loss: 0.2740, Acc: 0.9278, Prec: 0.8347, Rec: 0.5303, F1: 0.5990
        EarlyStopping counter: 2 / 20
[Epoch 13] Train Loss: 0.2530, Loss_s: 0.2496, Loss_u: 0.0175, Mask: 0.7609, Acc: 0.9340, Prec: 0.7611, Rec: 0.5988, F1: 0.6439                                                                                   
[Epoch 13] Val Loss: 0.2812, Acc: 0.9273, Prec: 0.8349, Rec: 0.5224, F1: 0.5896
        EarlyStopping counter: 3 / 20
[Epoch 14] Train Loss: 0.2557, Loss_s: 0.2522, Loss_u: 0.0176, Mask: 0.7597, Acc: 0.9342, Prec: 0.7726, Rec: 0.6024, F1: 0.6496                                                                                   
[Epoch 14] Val Loss: 0.2729, Acc: 0.9278, Prec: 0.8235, Rec: 0.5493, F1: 0.6061
        EarlyStopping counter: 4 / 20
[Epoch 15] Train Loss: 0.2515, Loss_s: 0.2483, Loss_u: 0.0162, Mask: 0.7629, Acc: 0.9346, Prec: 0.7671, Rec: 0.6024, F1: 0.6496                                                                                   
[Epoch 15] Val Loss: 0.2824, Acc: 0.9272, Prec: 0.8310, Rec: 0.5274, F1: 0.5982
        EarlyStopping counter: 5 / 20
[Epoch 16] Train Loss: 0.2517, Loss_s: 0.2483, Loss_u: 0.0170, Mask: 0.7602, Acc: 0.9347, Prec: 0.7685, Rec: 0.6063, F1: 0.6512                                                                                   
[Epoch 16] Val Loss: 0.2678, Acc: 0.9306, Prec: 0.8589, Rec: 0.5446, F1: 0.6157
        Validation F1 improved → Saving model: ./checkpoints/best_model.pt
[Epoch 17] Train Loss: 0.2504, Loss_s: 0.2469, Loss_u: 0.0174, Mask: 0.7540, Acc: 0.9351, Prec: 0.7802, Rec: 0.6078, F1: 0.6563                                                                                   
[Epoch 17] Val Loss: 0.2809, Acc: 0.9275, Prec: 0.8383, Rec: 0.5429, F1: 0.5987
        EarlyStopping counter: 1 / 20
[Epoch 18] Train Loss: 0.2544, Loss_s: 0.2511, Loss_u: 0.0165, Mask: 0.7585, Acc: 0.9344, Prec: 0.7709, Rec: 0.6039, F1: 0.6498                                                                                   
[Epoch 18] Val Loss: 0.2681, Acc: 0.9292, Prec: 0.8004, Rec: 0.5693, F1: 0.5987
        EarlyStopping counter: 2 / 20
[Epoch 19] Train Loss: 0.2530, Loss_s: 0.2494, Loss_u: 0.0176, Mask: 0.7567, Acc: 0.9346, Prec: 0.7653, Rec: 0.6038, F1: 0.6478                                                                                   
[Epoch 19] Val Loss: 0.2789, Acc: 0.9286, Prec: 0.8516, Rec: 0.5460, F1: 0.6007
        EarlyStopping counter: 3 / 20
[Epoch 20] Train Loss: 0.2517, Loss_s: 0.2482, Loss_u: 0.0177, Mask: 0.7594, Acc: 0.9348, Prec: 0.7727, Rec: 0.6058, F1: 0.6513                                                                                   
[Epoch 20] Val Loss: 0.2684, Acc: 0.9298, Prec: 0.8310, Rec: 0.5751, F1: 0.6170
        Validation F1 improved → Saving model: ./checkpoints/best_model.pt
[Epoch 21] Train Loss: 0.2504, Loss_s: 0.2469, Loss_u: 0.0178, Mask: 0.7639, Acc: 0.9355, Prec: 0.7841, Rec: 0.6124, F1: 0.6598                                                                                   
[Epoch 21] Val Loss: 0.2758, Acc: 0.9288, Prec: 0.8518, Rec: 0.5329, F1: 0.6090
        EarlyStopping counter: 1 / 20
[Epoch 22] Train Loss: 0.2514, Loss_s: 0.2480, Loss_u: 0.0170, Mask: 0.7647, Acc: 0.9357, Prec: 0.7923, Rec: 0.6129, F1: 0.6615                                                                                   
[Epoch 22] Val Loss: 0.2626, Acc: 0.9301, Prec: 0.8364, Rec: 0.5486, F1: 0.6070
        EarlyStopping counter: 2 / 20
[Epoch 23] Train Loss: 0.2508, Loss_s: 0.2475, Loss_u: 0.0166, Mask: 0.7587, Acc: 0.9348, Prec: 0.7781, Rec: 0.6145, F1: 0.6596                                                                                   
[Epoch 23] Val Loss: 0.2655, Acc: 0.9304, Prec: 0.8274, Rec: 0.5613, F1: 0.6157
        EarlyStopping counter: 3 / 20
[Epoch 24] Train Loss: 0.2507, Loss_s: 0.2473, Loss_u: 0.0169, Mask: 0.7615, Acc: 0.9348, Prec: 0.7826, Rec: 0.6125, F1: 0.6593                                                                                   
[Epoch 24] Val Loss: 0.2647, Acc: 0.9302, Prec: 0.8505, Rec: 0.5386, F1: 0.6155
        EarlyStopping counter: 4 / 20
[Epoch 25] Train Loss: 0.2492, Loss_s: 0.2458, Loss_u: 0.0169, Mask: 0.7588, Acc: 0.9354, Prec: 0.7777, Rec: 0.6118, F1: 0.6579                                                                                   
[Epoch 25] Val Loss: 0.2642, Acc: 0.9305, Prec: 0.8390, Rec: 0.5222, F1: 0.5993
        EarlyStopping counter: 5 / 20
[Epoch 26] Train Loss: 0.2522, Loss_s: 0.2488, Loss_u: 0.0169, Mask: 0.7613, Acc: 0.9352, Prec: 0.7750, Rec: 0.6107, F1: 0.6566                                                                                   
[Epoch 26] Val Loss: 0.2667, Acc: 0.9299, Prec: 0.8470, Rec: 0.5444, F1: 0.6166
        EarlyStopping counter: 6 / 20
[Epoch 27] Train Loss: 0.2488, Loss_s: 0.2455, Loss_u: 0.0167, Mask: 0.7624, Acc: 0.9354, Prec: 0.7801, Rec: 0.6088, F1: 0.6547                                                                                   
[Epoch 27] Val Loss: 0.2646, Acc: 0.9301, Prec: 0.8390, Rec: 0.5555, F1: 0.6196
        Validation F1 improved → Saving model: ./checkpoints/best_model.pt
[Epoch 28] Train Loss: 0.2503, Loss_s: 0.2470, Loss_u: 0.0165, Mask: 0.7566, Acc: 0.9357, Prec: 0.7836, Rec: 0.6174, F1: 0.6632                                                                                   
[Epoch 28] Val Loss: 0.2859, Acc: 0.9267, Prec: 0.8373, Rec: 0.5304, F1: 0.5951
        EarlyStopping counter: 1 / 20
[Epoch 29] Train Loss: 0.2497, Loss_s: 0.2464, Loss_u: 0.0165, Mask: 0.7611, Acc: 0.9352, Prec: 0.7763, Rec: 0.6104, F1: 0.6571                                                                                   
[Epoch 29] Val Loss: 0.2666, Acc: 0.9297, Prec: 0.8265, Rec: 0.5653, F1: 0.6113
        EarlyStopping counter: 2 / 20
[Epoch 30] Train Loss: 0.2498, Loss_s: 0.2464, Loss_u: 0.0170, Mask: 0.7699, Acc: 0.9352, Prec: 0.7812, Rec: 0.6123, F1: 0.6582                                                                                   
[Epoch 30] Val Loss: 0.2604, Acc: 0.9302, Prec: 0.8163, Rec: 0.5651, F1: 0.6247
        Validation F1 improved → Saving model: ./checkpoints/best_model.pt
[Epoch 31] Train Loss: 0.2495, Loss_s: 0.2460, Loss_u: 0.0174, Mask: 0.7702, Acc: 0.9355, Prec: 0.7867, Rec: 0.6131, F1: 0.6623                                                                                   
[Epoch 31] Val Loss: 0.2658, Acc: 0.9291, Prec: 0.8152, Rec: 0.5513, F1: 0.6106
        EarlyStopping counter: 1 / 20
[Epoch 32] Train Loss: 0.2513, Loss_s: 0.2480, Loss_u: 0.0167, Mask: 0.7674, Acc: 0.9347, Prec: 0.7712, Rec: 0.6105, F1: 0.6562                                                                                   
[Epoch 32] Val Loss: 0.2718, Acc: 0.9285, Prec: 0.8378, Rec: 0.5471, F1: 0.6099
        EarlyStopping counter: 2 / 20
[Epoch 33] Train Loss: 0.2491, Loss_s: 0.2457, Loss_u: 0.0167, Mask: 0.7725, Acc: 0.9351, Prec: 0.7756, Rec: 0.6057, F1: 0.6520                                                                                   
[Epoch 33] Val Loss: 0.2613, Acc: 0.9302, Prec: 0.8213, Rec: 0.5760, F1: 0.6298
        Validation F1 improved → Saving model: ./checkpoints/best_model.pt
[Epoch 34] Train Loss: 0.2499, Loss_s: 0.2465, Loss_u: 0.0172, Mask: 0.7667, Acc: 0.9355, Prec: 0.7824, Rec: 0.6180, F1: 0.6639                                                                                   
[Epoch 34] Val Loss: 0.2715, Acc: 0.9290, Prec: 0.8427, Rec: 0.5359, F1: 0.6097
        EarlyStopping counter: 1 / 20
[Epoch 35] Train Loss: 0.2506, Loss_s: 0.2473, Loss_u: 0.0168, Mask: 0.7696, Acc: 0.9354, Prec: 0.7827, Rec: 0.6074, F1: 0.6549                                                                                   
[Epoch 35] Val Loss: 0.2730, Acc: 0.9284, Prec: 0.8426, Rec: 0.5428, F1: 0.6083
        EarlyStopping counter: 2 / 20
[Epoch 36] Train Loss: 0.2489, Loss_s: 0.2454, Loss_u: 0.0172, Mask: 0.7654, Acc: 0.9351, Prec: 0.7761, Rec: 0.6093, F1: 0.6552                                                                                   
[Epoch 36] Val Loss: 0.2784, Acc: 0.9296, Prec: 0.8728, Rec: 0.5427, F1: 0.6091
        EarlyStopping counter: 3 / 20
[Epoch 37] Train Loss: 0.2479, Loss_s: 0.2444, Loss_u: 0.0175, Mask: 0.7599, Acc: 0.9354, Prec: 0.7845, Rec: 0.6160, F1: 0.6630                                                                                   
[Epoch 37] Val Loss: 0.2747, Acc: 0.9297, Prec: 0.8593, Rec: 0.5587, F1: 0.6210
        EarlyStopping counter: 4 / 20
[Epoch 38] Train Loss: 0.2465, Loss_s: 0.2430, Loss_u: 0.0171, Mask: 0.7618, Acc: 0.9364, Prec: 0.7850, Rec: 0.6116, F1: 0.6608                                                                                   
[Epoch 38] Val Loss: 0.2742, Acc: 0.9289, Prec: 0.8589, Rec: 0.5500, F1: 0.6142
        EarlyStopping counter: 5 / 20
[Epoch 39] Train Loss: 0.2494, Loss_s: 0.2459, Loss_u: 0.0177, Mask: 0.7637, Acc: 0.9350, Prec: 0.7799, Rec: 0.6100, F1: 0.6569                                                                                   
[Epoch 39] Val Loss: 0.2668, Acc: 0.9308, Prec: 0.8368, Rec: 0.5715, F1: 0.6236
        EarlyStopping counter: 6 / 20
[Epoch 40] Train Loss: 0.2456, Loss_s: 0.2420, Loss_u: 0.0179, Mask: 0.7690, Acc: 0.9361, Prec: 0.7869, Rec: 0.6168, F1: 0.6653                                                                                   
[Epoch 40] Val Loss: 0.2629, Acc: 0.9311, Prec: 0.8546, Rec: 0.5621, F1: 0.6264
        EarlyStopping counter: 7 / 20
[Epoch 41] Train Loss: 0.2480, Loss_s: 0.2446, Loss_u: 0.0167, Mask: 0.7699, Acc: 0.9353, Prec: 0.7737, Rec: 0.6067, F1: 0.6531                                                                                   
[Epoch 41] Val Loss: 0.2658, Acc: 0.9296, Prec: 0.8378, Rec: 0.5321, F1: 0.6029
        EarlyStopping counter: 8 / 20
[Epoch 42] Train Loss: 0.2493, Loss_s: 0.2458, Loss_u: 0.0174, Mask: 0.7666, Acc: 0.9353, Prec: 0.7820, Rec: 0.6121, F1: 0.6587                                                                                   
[Epoch 42] Val Loss: 0.2809, Acc: 0.9272, Prec: 0.8165, Rec: 0.5464, F1: 0.6007
        EarlyStopping counter: 9 / 20
[Epoch 43] Train Loss: 0.2472, Loss_s: 0.2438, Loss_u: 0.0169, Mask: 0.7674, Acc: 0.9351, Prec: 0.7849, Rec: 0.6160, F1: 0.6629                                                                                   
[Epoch 43] Val Loss: 0.2758, Acc: 0.9282, Prec: 0.8380, Rec: 0.5484, F1: 0.6127
        EarlyStopping counter: 10 / 20
[Epoch 44] Train Loss: 0.2478, Loss_s: 0.2445, Loss_u: 0.0166, Mask: 0.7669, Acc: 0.9357, Prec: 0.7886, Rec: 0.6110, F1: 0.6607                                                                                   
[Epoch 44] Val Loss: 0.2752, Acc: 0.9272, Prec: 0.8495, Rec: 0.5197, F1: 0.5983
        EarlyStopping counter: 11 / 20
[Epoch 45] Train Loss: 0.2483, Loss_s: 0.2450, Loss_u: 0.0164, Mask: 0.7673, Acc: 0.9356, Prec: 0.7811, Rec: 0.6157, F1: 0.6599                                                                                   
[Epoch 45] Val Loss: 0.2690, Acc: 0.9295, Prec: 0.8459, Rec: 0.5466, F1: 0.6164
        EarlyStopping counter: 12 / 20
[Epoch 46] Train Loss: 0.2482, Loss_s: 0.2448, Loss_u: 0.0168, Mask: 0.7636, Acc: 0.9355, Prec: 0.7903, Rec: 0.6190, F1: 0.6654                                                                                   
[Epoch 46] Val Loss: 0.2641, Acc: 0.9304, Prec: 0.8330, Rec: 0.5752, F1: 0.6316
        Validation F1 improved → Saving model: ./checkpoints/best_model.pt
[Epoch 47] Train Loss: 0.2491, Loss_s: 0.2460, Loss_u: 0.0156, Mask: 0.7660, Acc: 0.9352, Prec: 0.7858, Rec: 0.6115, F1: 0.6603                                                                                   
[Epoch 47] Val Loss: 0.2648, Acc: 0.9303, Prec: 0.8511, Rec: 0.5510, F1: 0.6237
        EarlyStopping counter: 1 / 20
[Epoch 48] Train Loss: 0.2470, Loss_s: 0.2437, Loss_u: 0.0167, Mask: 0.7678, Acc: 0.9359, Prec: 0.7814, Rec: 0.6167, F1: 0.6624                                                                                   
[Epoch 48] Val Loss: 0.2649, Acc: 0.9300, Prec: 0.8377, Rec: 0.5474, F1: 0.6177
        EarlyStopping counter: 2 / 20
[Epoch 49] Train Loss: 0.2484, Loss_s: 0.2452, Loss_u: 0.0162, Mask: 0.7662, Acc: 0.9353, Prec: 0.7921, Rec: 0.6169, F1: 0.6650                                                                                   
[Epoch 49] Val Loss: 0.2684, Acc: 0.9298, Prec: 0.8558, Rec: 0.5530, F1: 0.6187
        EarlyStopping counter: 3 / 20
[Epoch 50] Train Loss: 0.2468, Loss_s: 0.2435, Loss_u: 0.0166, Mask: 0.7629, Acc: 0.9360, Prec: 0.7906, Rec: 0.6166, F1: 0.6644                                                                                   
[Epoch 50] Val Loss: 0.2791, Acc: 0.9274, Prec: 0.8175, Rec: 0.5398, F1: 0.6015
        EarlyStopping counter: 4 / 20
[Epoch 51] Train Loss: 0.2462, Loss_s: 0.2428, Loss_u: 0.0170, Mask: 0.7704, Acc: 0.9358, Prec: 0.7842, Rec: 0.6166, F1: 0.6630                                                                                   
[Epoch 51] Val Loss: 0.2803, Acc: 0.9270, Prec: 0.8361, Rec: 0.5366, F1: 0.6027
        EarlyStopping counter: 5 / 20
[Epoch 52] Train Loss: 0.2484, Loss_s: 0.2450, Loss_u: 0.0171, Mask: 0.7725, Acc: 0.9351, Prec: 0.7803, Rec: 0.6122, F1: 0.6591                                                                                   
[Epoch 52] Val Loss: 0.2679, Acc: 0.9295, Prec: 0.8569, Rec: 0.5396, F1: 0.6101
        EarlyStopping counter: 6 / 20
[Epoch 53] Train Loss: 0.2480, Loss_s: 0.2450, Loss_u: 0.0153, Mask: 0.7677, Acc: 0.9357, Prec: 0.7876, Rec: 0.6129, F1: 0.6621                                                                                   
[Epoch 53] Val Loss: 0.2753, Acc: 0.9283, Prec: 0.8536, Rec: 0.5487, F1: 0.6175
        EarlyStopping counter: 7 / 20
[Epoch 54] Train Loss: 0.2451, Loss_s: 0.2419, Loss_u: 0.0159, Mask: 0.7714, Acc: 0.9354, Prec: 0.7828, Rec: 0.6157, F1: 0.6636                                                                                   
[Epoch 54] Val Loss: 0.2708, Acc: 0.9283, Prec: 0.8225, Rec: 0.5664, F1: 0.6076
        EarlyStopping counter: 8 / 20
[Epoch 55] Train Loss: 0.2469, Loss_s: 0.2436, Loss_u: 0.0162, Mask: 0.7668, Acc: 0.9362, Prec: 0.7976, Rec: 0.6258, F1: 0.6727                                                                                   
[Epoch 55] Val Loss: 0.2628, Acc: 0.9298, Prec: 0.8298, Rec: 0.5697, F1: 0.6313
        EarlyStopping counter: 9 / 20
[Epoch 56] Train Loss: 0.2484, Loss_s: 0.2453, Loss_u: 0.0155, Mask: 0.7669, Acc: 0.9356, Prec: 0.7888, Rec: 0.6189, F1: 0.6653                                                                                   
[Epoch 56] Val Loss: 0.2651, Acc: 0.9294, Prec: 0.8576, Rec: 0.5495, F1: 0.6181
        EarlyStopping counter: 10 / 20
[Epoch 57] Train Loss: 0.2481, Loss_s: 0.2449, Loss_u: 0.0160, Mask: 0.7675, Acc: 0.9352, Prec: 0.7765, Rec: 0.6123, F1: 0.6566                                                                                   
[Epoch 57] Val Loss: 0.2653, Acc: 0.9295, Prec: 0.8521, Rec: 0.5454, F1: 0.6086
        EarlyStopping counter: 11 / 20
[Epoch 58] Train Loss: 0.2457, Loss_s: 0.2426, Loss_u: 0.0157, Mask: 0.7714, Acc: 0.9350, Prec: 0.7818, Rec: 0.6103, F1: 0.6564                                                                                   
[Epoch 58] Val Loss: 0.2683, Acc: 0.9298, Prec: 0.8729, Rec: 0.5406, F1: 0.6156
        EarlyStopping counter: 12 / 20
[Epoch 59] Train Loss: 0.2469, Loss_s: 0.2437, Loss_u: 0.0162, Mask: 0.7730, Acc: 0.9356, Prec: 0.7868, Rec: 0.6176, F1: 0.6648                                                                                   
[Epoch 59] Val Loss: 0.2696, Acc: 0.9290, Prec: 0.8622, Rec: 0.5439, F1: 0.6141
        EarlyStopping counter: 13 / 20
[Epoch 60] Train Loss: 0.2464, Loss_s: 0.2432, Loss_u: 0.0157, Mask: 0.7715, Acc: 0.9355, Prec: 0.7825, Rec: 0.6123, F1: 0.6593                                                                                   
[Epoch 60] Val Loss: 0.2731, Acc: 0.9288, Prec: 0.8274, Rec: 0.5663, F1: 0.6128
        EarlyStopping counter: 14 / 20
[Epoch 61] Train Loss: 0.2452, Loss_s: 0.2419, Loss_u: 0.0165, Mask: 0.7725, Acc: 0.9361, Prec: 0.7900, Rec: 0.6142, F1: 0.6620                                                                                   
[Epoch 61] Val Loss: 0.2637, Acc: 0.9308, Prec: 0.8571, Rec: 0.5550, F1: 0.6285
        EarlyStopping counter: 15 / 20
[Epoch 62] Train Loss: 0.2469, Loss_s: 0.2436, Loss_u: 0.0162, Mask: 0.7795, Acc: 0.9354, Prec: 0.7803, Rec: 0.6139, F1: 0.6602                                                                                   
[Epoch 62] Val Loss: 0.2723, Acc: 0.9291, Prec: 0.8707, Rec: 0.5368, F1: 0.6082
        EarlyStopping counter: 16 / 20
[Epoch 63] Train Loss: 0.2452, Loss_s: 0.2419, Loss_u: 0.0167, Mask: 0.7763, Acc: 0.9360, Prec: 0.7883, Rec: 0.6167, F1: 0.6642                                                                                   
[Epoch 63] Val Loss: 0.2728, Acc: 0.9287, Prec: 0.8468, Rec: 0.5644, F1: 0.6198
        EarlyStopping counter: 17 / 20
[Epoch 64] Train Loss: 0.2437, Loss_s: 0.2407, Loss_u: 0.0151, Mask: 0.7699, Acc: 0.9361, Prec: 0.7913, Rec: 0.6191, F1: 0.6664                                                                                   
[Epoch 64] Val Loss: 0.2787, Acc: 0.9282, Prec: 0.8633, Rec: 0.5452, F1: 0.6140
        EarlyStopping counter: 18 / 20
[Epoch 65] Train Loss: 0.2441, Loss_s: 0.2409, Loss_u: 0.0158, Mask: 0.7715, Acc: 0.9360, Prec: 0.7920, Rec: 0.6190, F1: 0.6659                                                                                   
[Epoch 65] Val Loss: 0.2661, Acc: 0.9290, Prec: 0.8326, Rec: 0.5667, F1: 0.6217
        EarlyStopping counter: 19 / 20
[Epoch 66] Train Loss: 0.2461, Loss_s: 0.2430, Loss_u: 0.0157, Mask: 0.7710, Acc: 0.9355, Prec: 0.7832, Rec: 0.6119, F1: 0.6579                                                                                   
[Epoch 66] Val Loss: 0.2709, Acc: 0.9286, Prec: 0.8379, Rec: 0.5401, F1: 0.6024
        EarlyStopping counter: 20 / 20
Early stopping triggered...
Total training time: 92 min 58.51 sec
Loaded best model.
[Best Model Train] Loss: 0.2634, Acc: 0.9320, Prec: 0.8168, Rec: 0.5557, F1: 0.6223                                                                                                                               
[Best Model Train] Classification Report:
              precision    recall  f1-score   support

           0     0.7870    0.5208    0.6268      3220
           1     0.7732    0.5000    0.6073       416
           2     0.6873    0.2943    0.4121      3891
           3     0.9338    0.9204    0.9270      7260
           4     0.6608    0.1388    0.2294      2694
           5     0.8968    0.7766    0.8324       649
           6     0.7172    0.0794    0.1430       894
           7     0.9556    0.7748    0.8557       111
           8     0.9400    0.9961    0.9672    110573

    accuracy                         0.9320    129708
   macro avg     0.8168    0.5557    0.6223    129708
weighted avg     0.9202    0.9320    0.9170    129708

[Best Model Train] Confusion Matrix:
[[  1677     26     27      3     60      6      1      0   1420]
 [    84    208     15      1     38      5      2      0     63]
 [    46      5   1145    225     62     18      1      2   2387]
 [     2      0     67   6682      0      2      2      0    505]
 [   245     25    212      9    374      2      9      1   1817]
 [    22      4     43      4     12    504      1      1     58]
 [     7      0     16     18      2      2     71      0    778]
 [     3      0     16      0      0      6      0     86      0]
 [    45      1    125    214     18     17     12      0 110141]]

[Best Model Validation] Loss: 0.2641, Acc: 0.9304, Prec: 0.8330, Rec: 0.5752, F1: 0.6316                                                                                                                          
[Best Model Validation] Classification Report:
              precision    recall  f1-score   support

           0     0.7735    0.4348    0.5567       644
           1     0.8596    0.5904    0.7000        83
           2     0.6448    0.3290    0.4357       778
           3     0.9169    0.9346    0.9256      1452
           4     0.7500    0.1059    0.1857       538
           5     0.8938    0.7829    0.8347       129
           6     0.8095    0.0955    0.1709       178
           7     0.9091    0.9091    0.9091        22
           8     0.9396    0.9947    0.9663     22114

    accuracy                         0.9304     25938
   macro avg     0.8330    0.5752    0.6316     25938
weighted avg     0.9200    0.9304    0.9148     25938

[Best Model Validation] Confusion Matrix:
[[  280     2    17     8     7     1     0     0   329]
 [   11    49     3     1     1     3     0     0    15]
 [    6     1   256    44     8     5     0     0   458]
 [    2     0    16  1357     0     0     0     0    77]
 [   45     5    53     2    57     2     3     0   371]
 [    8     0     6     1     1   101     0     2    10]
 [    0     0     2     4     1     0    17     0   154]
 [    0     0     1     0     0     1     0    20     0]
 [   10     0    43    63     1     0     1     0 21996]]

[Test] Loss: 0.2663, Acc: 0.9283, Prec: 0.8036, Rec: 0.5247, F1: 0.5942                                                                                                                                           
[Test] Classification Report:
              precision    recall  f1-score   support

           0     0.7672    0.4674    0.5809       430
           1     0.7419    0.4107    0.5287        56
           2     0.6103    0.3192    0.4192       520
           3     0.9227    0.9370    0.9298       968
           4     0.6111    0.0914    0.1590       361
           5     0.8400    0.7159    0.7730        88
           6     0.8000    0.0992    0.1765       121
           7     1.0000    0.6875    0.8148        16
           8     0.9389    0.9935    0.9654     14744

    accuracy                         0.9283     17304
   macro avg     0.8036    0.5247    0.5942     17304
weighted avg     0.9150    0.9283    0.9126     17304

[Test] Confusion Matrix:
[[  201     0     4     3     7     0     0     0   215]
 [    7    23     2     0     6     2     0     0    16]
 [    8     1   166    24     6     6     1     0   308]
 [    0     0    12   907     0     0     0     0    49]
 [   36     7    32     2    33     0     2     0   249]
 [    1     0    11     1     0    63     0     0    12]
 [    0     0     2     3     0     0    12     0   104]
 [    0     0     4     0     0     1     0    11     0]
 [    9     0    39    43     2     3     0     0 14648]]