## backbone freeze
## layer3, layer4 unfreeze
## fc.classifier unfreeze


05/12/2026 13:39:01 - INFO - root -   train_labeled_dataset: 129708
05/12/2026 13:39:01 - INFO - root -   val_dataset: 25938
05/12/2026 13:39:01 - INFO - root -   test_dataset: 17304
05/12/2026 13:39:01 - INFO - root -   train_unlabeled_dataset: 638507
[Epoch 1] Train Loss: 0.1583, Loss_s: 0.1545, Loss_u: 0.0191, Mask: 0.8182, Acc: 0.9532, Prec: 0.7077, Rec: 0.6850, F1: 0.6730                                                                                    
[Epoch 1] Val Loss: 0.1284, Acc: 0.9596, Prec: 0.8190, Rec: 0.7775, F1: 0.7843
        Validation F1 improved → Saving model: ./checkpoints/best_model.pt
[Epoch 2] Train Loss: 0.1068, Loss_s: 0.1037, Loss_u: 0.0157, Mask: 0.8369, Acc: 0.9657, Prec: 0.8376, Rec: 0.7789, F1: 0.8051                                                                                    
[Epoch 2] Val Loss: 0.1072, Acc: 0.9665, Prec: 0.8960, Rec: 0.7799, F1: 0.8247
        Validation F1 improved → Saving model: ./checkpoints/best_model.pt
[Epoch 3] Train Loss: 0.0952, Loss_s: 0.0931, Loss_u: 0.0106, Mask: 0.8450, Acc: 0.9686, Prec: 0.8569, Rec: 0.8067, F1: 0.8292                                                                                    
[Epoch 3] Val Loss: 0.1051, Acc: 0.9680, Prec: 0.8929, Rec: 0.8026, F1: 0.8318
        Validation F1 improved → Saving model: ./checkpoints/best_model.pt
[Epoch 4] Train Loss: 0.0928, Loss_s: 0.0909, Loss_u: 0.0095, Mask: 0.8499, Acc: 0.9698, Prec: 0.8655, Rec: 0.8137, F1: 0.8369                                                                                    
[Epoch 4] Val Loss: 0.0982, Acc: 0.9675, Prec: 0.8289, Rec: 0.8056, F1: 0.7942
        EarlyStopping counter: 1 / 20
[Epoch 5] Train Loss: 0.0880, Loss_s: 0.0860, Loss_u: 0.0101, Mask: 0.8508, Acc: 0.9705, Prec: 0.8675, Rec: 0.8227, F1: 0.8431                                                                                    
[Epoch 5] Val Loss: 0.1033, Acc: 0.9673, Prec: 0.9104, Rec: 0.7913, F1: 0.8338
        Validation F1 improved → Saving model: ./checkpoints/best_model.pt
[Epoch 6] Train Loss: 0.0870, Loss_s: 0.0854, Loss_u: 0.0079, Mask: 0.8530, Acc: 0.9710, Prec: 0.8753, Rec: 0.8277, F1: 0.8495                                                                                    
[Epoch 6] Val Loss: 0.0970, Acc: 0.9699, Prec: 0.8853, Rec: 0.8046, F1: 0.8282
        EarlyStopping counter: 1 / 20
[Epoch 7] Train Loss: 0.0856, Loss_s: 0.0840, Loss_u: 0.0076, Mask: 0.8609, Acc: 0.9716, Prec: 0.8758, Rec: 0.8327, F1: 0.8524                                                                                    
[Epoch 7] Val Loss: 0.1049, Acc: 0.9672, Prec: 0.8488, Rec: 0.8286, F1: 0.8274
        EarlyStopping counter: 2 / 20
[Epoch 8] Train Loss: 0.0830, Loss_s: 0.0813, Loss_u: 0.0083, Mask: 0.8558, Acc: 0.9720, Prec: 0.8767, Rec: 0.8297, F1: 0.8512                                                                                    
[Epoch 8] Val Loss: 0.0892, Acc: 0.9717, Prec: 0.9066, Rec: 0.8193, F1: 0.8544
        Validation F1 improved → Saving model: ./checkpoints/best_model.pt
[Epoch 9] Train Loss: 0.0815, Loss_s: 0.0801, Loss_u: 0.0071, Mask: 0.8643, Acc: 0.9727, Prec: 0.8875, Rec: 0.8377, F1: 0.8609                                                                                    
[Epoch 9] Val Loss: 0.0984, Acc: 0.9696, Prec: 0.8945, Rec: 0.8308, F1: 0.8559
        Validation F1 improved → Saving model: ./checkpoints/best_model.pt
[Epoch 10] Train Loss: 0.0813, Loss_s: 0.0800, Loss_u: 0.0066, Mask: 0.8639, Acc: 0.9727, Prec: 0.8803, Rec: 0.8377, F1: 0.8574                                                                                   
[Epoch 10] Val Loss: 0.0918, Acc: 0.9710, Prec: 0.8920, Rec: 0.8159, F1: 0.8416
        EarlyStopping counter: 1 / 20
[Epoch 11] Train Loss: 0.0785, Loss_s: 0.0772, Loss_u: 0.0064, Mask: 0.8686, Acc: 0.9737, Prec: 0.8860, Rec: 0.8436, F1: 0.8631                                                                                   
[Epoch 11] Val Loss: 0.1009, Acc: 0.9682, Prec: 0.8928, Rec: 0.8226, F1: 0.8510
        EarlyStopping counter: 2 / 20
[Epoch 12] Train Loss: 0.0778, Loss_s: 0.0767, Loss_u: 0.0057, Mask: 0.8779, Acc: 0.9734, Prec: 0.8867, Rec: 0.8431, F1: 0.8634                                                                                   
[Epoch 12] Val Loss: 0.0893, Acc: 0.9702, Prec: 0.9038, Rec: 0.8046, F1: 0.8449
        EarlyStopping counter: 3 / 20
[Epoch 13] Train Loss: 0.0768, Loss_s: 0.0756, Loss_u: 0.0059, Mask: 0.8748, Acc: 0.9737, Prec: 0.8890, Rec: 0.8448, F1: 0.8653                                                                                   
[Epoch 13] Val Loss: 0.1035, Acc: 0.9684, Prec: 0.9047, Rec: 0.7984, F1: 0.8409
        EarlyStopping counter: 4 / 20
[Epoch 14] Train Loss: 0.0773, Loss_s: 0.0761, Loss_u: 0.0058, Mask: 0.8727, Acc: 0.9732, Prec: 0.8880, Rec: 0.8449, F1: 0.8649                                                                                   
[Epoch 14] Val Loss: 0.0946, Acc: 0.9702, Prec: 0.8972, Rec: 0.8205, F1: 0.8469
        EarlyStopping counter: 5 / 20
[Epoch 15] Train Loss: 0.0747, Loss_s: 0.0736, Loss_u: 0.0056, Mask: 0.8817, Acc: 0.9751, Prec: 0.8945, Rec: 0.8529, F1: 0.8724                                                                                   
[Epoch 15] Val Loss: 0.1003, Acc: 0.9691, Prec: 0.9181, Rec: 0.7902, F1: 0.8374
        EarlyStopping counter: 6 / 20
[Epoch 16] Train Loss: 0.0748, Loss_s: 0.0739, Loss_u: 0.0048, Mask: 0.8850, Acc: 0.9746, Prec: 0.8943, Rec: 0.8504, F1: 0.8708                                                                                   
[Epoch 16] Val Loss: 0.0919, Acc: 0.9692, Prec: 0.9036, Rec: 0.7993, F1: 0.8386
        EarlyStopping counter: 7 / 20
[Epoch 17] Train Loss: 0.0732, Loss_s: 0.0722, Loss_u: 0.0049, Mask: 0.8871, Acc: 0.9752, Prec: 0.8947, Rec: 0.8570, F1: 0.8747                                                                                   
[Epoch 17] Val Loss: 0.0997, Acc: 0.9668, Prec: 0.8853, Rec: 0.8033, F1: 0.8354
        EarlyStopping counter: 8 / 20
[Epoch 18] Train Loss: 0.0721, Loss_s: 0.0712, Loss_u: 0.0048, Mask: 0.8863, Acc: 0.9753, Prec: 0.8983, Rec: 0.8612, F1: 0.8785                                                                                   
[Epoch 18] Val Loss: 0.0916, Acc: 0.9709, Prec: 0.8919, Rec: 0.8342, F1: 0.8523
        EarlyStopping counter: 9 / 20
[Epoch 19] Train Loss: 0.0713, Loss_s: 0.0703, Loss_u: 0.0046, Mask: 0.8862, Acc: 0.9757, Prec: 0.8992, Rec: 0.8627, F1: 0.8797                                                                                   
[Epoch 19] Val Loss: 0.1069, Acc: 0.9646, Prec: 0.8713, Rec: 0.7793, F1: 0.8012
        EarlyStopping counter: 10 / 20
[Epoch 20] Train Loss: 0.0704, Loss_s: 0.0695, Loss_u: 0.0045, Mask: 0.8856, Acc: 0.9756, Prec: 0.8990, Rec: 0.8609, F1: 0.8786                                                                                   
[Epoch 20] Val Loss: 0.0806, Acc: 0.9732, Prec: 0.9161, Rec: 0.8361, F1: 0.8685
        Validation F1 improved → Saving model: ./checkpoints/best_model.pt
[Epoch 21] Train Loss: 0.0702, Loss_s: 0.0693, Loss_u: 0.0048, Mask: 0.8894, Acc: 0.9753, Prec: 0.8919, Rec: 0.8584, F1: 0.8740                                                                                   
[Epoch 21] Val Loss: 0.0920, Acc: 0.9678, Prec: 0.9082, Rec: 0.7907, F1: 0.8373
        EarlyStopping counter: 1 / 20
[Epoch 22] Train Loss: 0.0690, Loss_s: 0.0681, Loss_u: 0.0045, Mask: 0.8932, Acc: 0.9760, Prec: 0.9004, Rec: 0.8601, F1: 0.8789                                                                                                        
[Epoch 22] Val Loss: 0.0774, Acc: 0.9758, Prec: 0.9316, Rec: 0.8393, F1: 0.8764
        Validation F1 improved → Saving model: ./checkpoints/best_model.pt
[Epoch 23] Train Loss: 0.0692, Loss_s: 0.0683, Loss_u: 0.0050, Mask: 0.8888, Acc: 0.9761, Prec: 0.9078, Rec: 0.8656, F1: 0.8855                                                                                                        
[Epoch 23] Val Loss: 0.0830, Acc: 0.9741, Prec: 0.9016, Rec: 0.8435, F1: 0.8646
        EarlyStopping counter: 1 / 20
[Epoch 24] Train Loss: 0.0685, Loss_s: 0.0676, Loss_u: 0.0047, Mask: 0.8885, Acc: 0.9765, Prec: 0.9049, Rec: 0.8661, F1: 0.8843                                                                                                        
[Epoch 24] Val Loss: 0.0890, Acc: 0.9702, Prec: 0.9123, Rec: 0.8115, F1: 0.8487
        EarlyStopping counter: 2 / 20
[Epoch 25] Train Loss: 0.0668, Loss_s: 0.0659, Loss_u: 0.0046, Mask: 0.8932, Acc: 0.9769, Prec: 0.9058, Rec: 0.8698, F1: 0.8866                                                                                                        
[Epoch 25] Val Loss: 0.0929, Acc: 0.9696, Prec: 0.9132, Rec: 0.7970, F1: 0.8440
        EarlyStopping counter: 3 / 20
[Epoch 26] Train Loss: 0.0673, Loss_s: 0.0665, Loss_u: 0.0040, Mask: 0.8888, Acc: 0.9765, Prec: 0.9107, Rec: 0.8680, F1: 0.8880                                                                                                        
[Epoch 26] Val Loss: 0.0993, Acc: 0.9678, Prec: 0.9026, Rec: 0.8111, F1: 0.8457
        EarlyStopping counter: 4 / 20
[Epoch 27] Train Loss: 0.0666, Loss_s: 0.0657, Loss_u: 0.0044, Mask: 0.8886, Acc: 0.9766, Prec: 0.9018, Rec: 0.8660, F1: 0.8827                                                                                                        
[Epoch 27] Val Loss: 0.0779, Acc: 0.9736, Prec: 0.9052, Rec: 0.8337, F1: 0.8638
        EarlyStopping counter: 5 / 20
[Epoch 28] Train Loss: 0.0664, Loss_s: 0.0655, Loss_u: 0.0043, Mask: 0.8919, Acc: 0.9768, Prec: 0.9049, Rec: 0.8702, F1: 0.8866                                                                                                        
[Epoch 28] Val Loss: 0.0999, Acc: 0.9681, Prec: 0.8994, Rec: 0.8086, F1: 0.8415
        EarlyStopping counter: 6 / 20
[Epoch 29] Train Loss: 0.0662, Loss_s: 0.0653, Loss_u: 0.0046, Mask: 0.8905, Acc: 0.9766, Prec: 0.9026, Rec: 0.8675, F1: 0.8839                                                                                                        
[Epoch 29] Val Loss: 0.0932, Acc: 0.9691, Prec: 0.9071, Rec: 0.8044, F1: 0.8410
        EarlyStopping counter: 7 / 20
[Epoch 30] Train Loss: 0.0657, Loss_s: 0.0647, Loss_u: 0.0048, Mask: 0.8896, Acc: 0.9770, Prec: 0.9105, Rec: 0.8765, F1: 0.8924                                                                                                        
[Epoch 30] Val Loss: 0.0992, Acc: 0.9675, Prec: 0.8932, Rec: 0.7898, F1: 0.8282
        EarlyStopping counter: 8 / 20
[Epoch 31] Train Loss: 0.0660, Loss_s: 0.0651, Loss_u: 0.0044, Mask: 0.8912, Acc: 0.9766, Prec: 0.9056, Rec: 0.8706, F1: 0.8869                                                                                                        
[Epoch 31] Val Loss: 0.0872, Acc: 0.9705, Prec: 0.9128, Rec: 0.8219, F1: 0.8592
        EarlyStopping counter: 9 / 20
[Epoch 32] Train Loss: 0.0653, Loss_s: 0.0644, Loss_u: 0.0044, Mask: 0.8957, Acc: 0.9772, Prec: 0.9092, Rec: 0.8744, F1: 0.8907                                                                                                        
[Epoch 32] Val Loss: 0.0898, Acc: 0.9705, Prec: 0.9175, Rec: 0.8155, F1: 0.8548
        EarlyStopping counter: 10 / 20
[Epoch 33] Train Loss: 0.0646, Loss_s: 0.0636, Loss_u: 0.0048, Mask: 0.8995, Acc: 0.9772, Prec: 0.9122, Rec: 0.8741, F1: 0.8918                                                                                                        
[Epoch 33] Val Loss: 0.0863, Acc: 0.9720, Prec: 0.9040, Rec: 0.8384, F1: 0.8617
        EarlyStopping counter: 11 / 20
[Epoch 34] Train Loss: 0.0650, Loss_s: 0.0641, Loss_u: 0.0045, Mask: 0.8917, Acc: 0.9770, Prec: 0.9073, Rec: 0.8694, F1: 0.8873                                                                                                        
[Epoch 34] Val Loss: 0.0813, Acc: 0.9730, Prec: 0.9132, Rec: 0.8343, F1: 0.8696
        EarlyStopping counter: 12 / 20
[Epoch 35] Train Loss: 0.0642, Loss_s: 0.0633, Loss_u: 0.0043, Mask: 0.8942, Acc: 0.9775, Prec: 0.9130, Rec: 0.8787, F1: 0.8947                                                                                                        
[Epoch 35] Val Loss: 0.0846, Acc: 0.9725, Prec: 0.9132, Rec: 0.8306, F1: 0.8636
        EarlyStopping counter: 13 / 20
[Epoch 36] Train Loss: 0.0629, Loss_s: 0.0619, Loss_u: 0.0050, Mask: 0.8970, Acc: 0.9775, Prec: 0.9098, Rec: 0.8789, F1: 0.8933                                                                                                        
[Epoch 36] Val Loss: 0.0905, Acc: 0.9714, Prec: 0.9110, Rec: 0.8162, F1: 0.8564
        EarlyStopping counter: 14 / 20
[Epoch 37] Train Loss: 0.0633, Loss_s: 0.0624, Loss_u: 0.0042, Mask: 0.8980, Acc: 0.9777, Prec: 0.9136, Rec: 0.8807, F1: 0.8963                                                                                                        
[Epoch 37] Val Loss: 0.0916, Acc: 0.9712, Prec: 0.9094, Rec: 0.8200, F1: 0.8563
        EarlyStopping counter: 15 / 20
[Epoch 38] Train Loss: 0.0627, Loss_s: 0.0619, Loss_u: 0.0042, Mask: 0.8928, Acc: 0.9781, Prec: 0.9135, Rec: 0.8802, F1: 0.8958                                                                                                        
[Epoch 38] Val Loss: 0.0856, Acc: 0.9717, Prec: 0.9238, Rec: 0.8269, F1: 0.8693
        EarlyStopping counter: 16 / 20
[Epoch 39] Train Loss: 0.0625, Loss_s: 0.0617, Loss_u: 0.0043, Mask: 0.8915, Acc: 0.9779, Prec: 0.9110, Rec: 0.8774, F1: 0.8933                                                                                                        
[Epoch 39] Val Loss: 0.0817, Acc: 0.9732, Prec: 0.9067, Rec: 0.8415, F1: 0.8668
        EarlyStopping counter: 17 / 20
[Epoch 40] Train Loss: 0.0619, Loss_s: 0.0610, Loss_u: 0.0044, Mask: 0.8936, Acc: 0.9782, Prec: 0.9144, Rec: 0.8797, F1: 0.8961                                                                                                        
[Epoch 40] Val Loss: 0.0775, Acc: 0.9748, Prec: 0.9065, Rec: 0.8496, F1: 0.8730
        EarlyStopping counter: 18 / 20
[Epoch 41] Train Loss: 0.0624, Loss_s: 0.0615, Loss_u: 0.0043, Mask: 0.8984, Acc: 0.9779, Prec: 0.9163, Rec: 0.8801, F1: 0.8970                                                                                                        
[Epoch 41] Val Loss: 0.0766, Acc: 0.9746, Prec: 0.9069, Rec: 0.8484, F1: 0.8724
        EarlyStopping counter: 19 / 20
[Epoch 42] Train Loss: 0.0613, Loss_s: 0.0604, Loss_u: 0.0044, Mask: 0.8985, Acc: 0.9783, Prec: 0.9152, Rec: 0.8793, F1: 0.8963                                                                                                        
[Epoch 42] Val Loss: 0.0917, Acc: 0.9704, Prec: 0.9009, Rec: 0.8271, F1: 0.8546
        EarlyStopping counter: 20 / 20
Early stopping triggered...
Total training time: 63 min 9.97 sec
Loaded best model.
[Best Model Train] Loss: 0.0779, Acc: 0.9742, Prec: 0.9281, Rec: 0.8148, F1: 0.8616                                                                                                                                                    
[Best Model Train] Classification Report:
              precision    recall  f1-score   support

           0     0.9620    0.8876    0.9233      3220
           1     0.8462    0.9255    0.8840       416
           2     0.8596    0.7677    0.8110      3891
           3     0.9680    0.9778    0.9729      7260
           4     0.8581    0.6756    0.7560      2694
           5     0.9723    0.7581    0.8519       649
           6     0.9051    0.5336    0.6714       894
           7     1.0000    0.8108    0.8955       111
           8     0.9815    0.9962    0.9888    110573

    accuracy                         0.9742    129708
   macro avg     0.9281    0.8148    0.8616    129708
weighted avg     0.9731    0.9742    0.9728    129708

[Best Model Train] Confusion Matrix:
[[  2858      6      4      1     18      0      0      0    333]
 [    15    385      0      3      9      0      1      0      3]
 [     1      6   2987    133     63      3      4      0    694]
 [     0      0     30   7099      0      1      0      0    130]
 [    59     38    191      3   1820      3     22      0    558]
 [     8     12     58     22     11    492      1      0     45]
 [     1      3     13      1     89      0    477      0    310]
 [     1      2     12      0      0      6      0     90      0]
 [    28      3    180     72    111      1     22      0 110156]]

[Best Model Validation] Loss: 0.0774, Acc: 0.9758, Prec: 0.9316, Rec: 0.8393, F1: 0.8764                                                                                                                                               
[Best Model Validation] Classification Report:
              precision    recall  f1-score   support

           0     0.9660    0.8835    0.9230       644
           1     0.8438    0.9759    0.9050        83
           2     0.8701    0.7918    0.8291       778
           3     0.9680    0.9787    0.9733      1452
           4     0.8753    0.7045    0.7806       538
           5     0.9895    0.7287    0.8393       129
           6     0.8889    0.5393    0.6713       178
           7     1.0000    0.9545    0.9767        22
           8     0.9828    0.9964    0.9895     22114

    accuracy                         0.9758     25938
   macro avg     0.9316    0.8393    0.8764     25938
weighted avg     0.9749    0.9758    0.9746     25938

[Best Model Validation] Confusion Matrix:
[[  569     3     1     0     4     0     0     0    67]
 [    1    81     0     0     1     0     0     0     0]
 [    2     0   616    27    14     0     0     0   119]
 [    0     0    11  1421     0     0     0     0    20]
 [    8     7    28     1   379     1     4     0   110]
 [    2     4    14     3     5    94     1     0     6]
 [    0     0     3     2    13     0    96     0    64]
 [    1     0     0     0     0     0     0    21     0]
 [    6     1    35    14    17     0     7     0 22034]]

[Test] Loss: 0.0788, Acc: 0.9746, Prec: 0.9306, Rec: 0.8209, F1: 0.8666                                                                                                                                                                
[Test] Classification Report:
              precision    recall  f1-score   support

           0     0.9588    0.8651    0.9095       430
           1     0.8500    0.9107    0.8793        56
           2     0.8626    0.7846    0.8218       520
           3     0.9754    0.9814    0.9784       968
           4     0.8897    0.6925    0.7788       361
           5     0.9710    0.7614    0.8535        88
           6     0.8873    0.5207    0.6563       121
           7     1.0000    0.8750    0.9333        16
           8     0.9810    0.9963    0.9886     14744

    accuracy                         0.9746     17304
   macro avg     0.9306    0.8209    0.8666     17304
weighted avg     0.9736    0.9746    0.9733     17304

[Test] Confusion Matrix:
[[  372     0     0     0     5     0     0     0    53]
 [    1    51     0     0     3     0     0     0     1]
 [    0     0   408    16     8     1     0     0    87]
 [    0     0     4   950     0     0     0     0    14]
 [    7     6    22     0   250     0     3     0    73]
 [    1     1     9     2     2    67     0     0     6]
 [    0     0     2     0     6     0    63     0    50]
 [    0     0     1     0     0     1     0    14     0]
 [    7     2    27     6     7     0     5     0 14690]]