04/23/2026 21:55:54 - INFO - root -   train_labeled_dataset: 129708
04/23/2026 21:55:54 - INFO - root -   val_dataset: 25938
04/23/2026 21:55:54 - INFO - root -   test_dataset: 17304
04/23/2026 21:55:54 - INFO - root -   train_unlabeled_dataset: 638507
[Epoch 1] Train Loss: 0.1585, Loss_s: 0.1582, Loss_u: 0.0394, Mask: 0.8626, Acc: 0.9527, Prec: 0.6818, Rec: 0.6226, F1: 0.6224                                                                
[Epoch 1] Val Loss: 0.1382, Acc: 0.9588, Prec: 0.8132, Rec: 0.6373, F1: 0.6876
        Validation F1 improved → Saving model: ./checkpoints/best_model.pt
[Epoch 2] Train Loss: 0.1093, Loss_s: 0.1090, Loss_u: 0.0376, Mask: 0.8850, Acc: 0.9641, Prec: 0.7964, Rec: 0.7198, F1: 0.7392                                                                
[Epoch 2] Val Loss: 0.1005, Acc: 0.9683, Prec: 0.8982, Rec: 0.7479, F1: 0.7651
        Validation F1 improved → Saving model: ./checkpoints/best_model.pt
[Epoch 3] Train Loss: 0.0986, Loss_s: 0.0981, Loss_u: 0.0367, Mask: 0.8896, Acc: 0.9669, Prec: 0.8305, Rec: 0.7617, F1: 0.7824                                                                
[Epoch 3] Val Loss: 0.0871, Acc: 0.9718, Prec: 0.8741, Rec: 0.7983, F1: 0.8266
        Validation F1 improved → Saving model: ./checkpoints/best_model.pt
[Epoch 4] Train Loss: 0.0902, Loss_s: 0.0895, Loss_u: 0.0380, Mask: 0.8950, Acc: 0.9693, Prec: 0.8435, Rec: 0.7811, F1: 0.8062                                                                
[Epoch 4] Val Loss: 0.0792, Acc: 0.9736, Prec: 0.8701, Rec: 0.8397, F1: 0.8490
        Validation F1 improved → Saving model: ./checkpoints/best_model.pt
[Epoch 5] Train Loss: 0.0849, Loss_s: 0.0840, Loss_u: 0.0365, Mask: 0.8979, Acc: 0.9715, Prec: 0.8668, Rec: 0.8163, F1: 0.8390                                                                
[Epoch 5] Val Loss: 0.0883, Acc: 0.9723, Prec: 0.9002, Rec: 0.7944, F1: 0.8312
        EarlyStopping counter: 1 / 150
[Epoch 6] Train Loss: 0.0832, Loss_s: 0.0820, Loss_u: 0.0384, Mask: 0.8987, Acc: 0.9721, Prec: 0.8710, Rec: 0.8245, F1: 0.8456                                                                
[Epoch 6] Val Loss: 0.1056, Acc: 0.9675, Prec: 0.8533, Rec: 0.7584, F1: 0.7856
        EarlyStopping counter: 2 / 150
[Epoch 7] Train Loss: 0.0823, Loss_s: 0.0809, Loss_u: 0.0354, Mask: 0.9032, Acc: 0.9721, Prec: 0.8630, Rec: 0.8180, F1: 0.8386                                                                
[Epoch 7] Val Loss: 0.0928, Acc: 0.9693, Prec: 0.8362, Rec: 0.8584, F1: 0.8427
        EarlyStopping counter: 3 / 150
[Epoch 8] Train Loss: 0.0791, Loss_s: 0.0773, Loss_u: 0.0352, Mask: 0.9051, Acc: 0.9728, Prec: 0.8733, Rec: 0.8274, F1: 0.8485                                                                
[Epoch 8] Val Loss: 0.0749, Acc: 0.9752, Prec: 0.9030, Rec: 0.8388, F1: 0.8630
        Validation F1 improved → Saving model: ./checkpoints/best_model.pt
[Epoch 9] Train Loss: 0.0784, Loss_s: 0.0762, Loss_u: 0.0323, Mask: 0.9102, Acc: 0.9739, Prec: 0.8841, Rec: 0.8452, F1: 0.8632                                                                
[Epoch 9] Val Loss: 0.0698, Acc: 0.9765, Prec: 0.8968, Rec: 0.8584, F1: 0.8710
        Validation F1 improved → Saving model: ./checkpoints/best_model.pt
[Epoch 10] Train Loss: 0.0784, Loss_s: 0.0759, Loss_u: 0.0296, Mask: 0.9107, Acc: 0.9733, Prec: 0.8785, Rec: 0.8328, F1: 0.8539                                                               
[Epoch 10] Val Loss: 0.0760, Acc: 0.9762, Prec: 0.9060, Rec: 0.8631, F1: 0.8800
        Validation F1 improved → Saving model: ./checkpoints/best_model.pt
[Epoch 11] Train Loss: 0.0768, Loss_s: 0.0740, Loss_u: 0.0265, Mask: 0.9118, Acc: 0.9745, Prec: 0.8805, Rec: 0.8420, F1: 0.8598                                                               
[Epoch 11] Val Loss: 0.0956, Acc: 0.9719, Prec: 0.9124, Rec: 0.8367, F1: 0.8689
        EarlyStopping counter: 1 / 150
[Epoch 12] Train Loss: 0.0773, Loss_s: 0.0739, Loss_u: 0.0252, Mask: 0.9153, Acc: 0.9743, Prec: 0.8834, Rec: 0.8394, F1: 0.8600                                                               
[Epoch 12] Val Loss: 0.0872, Acc: 0.9725, Prec: 0.9241, Rec: 0.7884, F1: 0.8454
        EarlyStopping counter: 2 / 150
[Epoch 13] Train Loss: 0.0760, Loss_s: 0.0720, Loss_u: 0.0238, Mask: 0.9152, Acc: 0.9751, Prec: 0.8853, Rec: 0.8454, F1: 0.8640                                                               
[Epoch 13] Val Loss: 0.0820, Acc: 0.9736, Prec: 0.9100, Rec: 0.8111, F1: 0.8519
        EarlyStopping counter: 3 / 150
[Epoch 14] Train Loss: 0.0744, Loss_s: 0.0700, Loss_u: 0.0222, Mask: 0.9185, Acc: 0.9756, Prec: 0.8874, Rec: 0.8531, F1: 0.8688                                                               
[Epoch 14] Val Loss: 0.0854, Acc: 0.9739, Prec: 0.9063, Rec: 0.8250, F1: 0.8579
        EarlyStopping counter: 4 / 150
[Epoch 15] Train Loss: 0.0751, Loss_s: 0.0701, Loss_u: 0.0207, Mask: 0.9216, Acc: 0.9752, Prec: 0.8865, Rec: 0.8452, F1: 0.8647                                                               
[Epoch 15] Val Loss: 0.0830, Acc: 0.9736, Prec: 0.9224, Rec: 0.8328, F1: 0.8706
        EarlyStopping counter: 5 / 150
[Epoch 16] Train Loss: 0.0764, Loss_s: 0.0708, Loss_u: 0.0194, Mask: 0.9197, Acc: 0.9745, Prec: 0.8839, Rec: 0.8480, F1: 0.8650                                                               
[Epoch 16] Val Loss: 0.0817, Acc: 0.9743, Prec: 0.9219, Rec: 0.8469, F1: 0.8778
        EarlyStopping counter: 6 / 150
[Epoch 17] Train Loss: 0.0749, Loss_s: 0.0688, Loss_u: 0.0180, Mask: 0.9241, Acc: 0.9755, Prec: 0.8932, Rec: 0.8522, F1: 0.8714                                                               
[Epoch 17] Val Loss: 0.0780, Acc: 0.9750, Prec: 0.9049, Rec: 0.8385, F1: 0.8644
        EarlyStopping counter: 7 / 150
[Epoch 18] Train Loss: 0.0752, Loss_s: 0.0688, Loss_u: 0.0164, Mask: 0.9298, Acc: 0.9760, Prec: 0.8894, Rec: 0.8564, F1: 0.8719                                                               
[Epoch 18] Val Loss: 0.1331, Acc: 0.9684, Prec: 0.8733, Rec: 0.8126, F1: 0.8309
        EarlyStopping counter: 8 / 150
[Epoch 19] Train Loss: 0.0753, Loss_s: 0.0680, Loss_u: 0.0163, Mask: 0.9323, Acc: 0.9760, Prec: 0.8918, Rec: 0.8538, F1: 0.8717                                                               
[Epoch 19] Val Loss: 0.0993, Acc: 0.9690, Prec: 0.8590, Rec: 0.8071, F1: 0.8113
        EarlyStopping counter: 9 / 150
[Epoch 20] Train Loss: 0.0749, Loss_s: 0.0667, Loss_u: 0.0161, Mask: 0.9361, Acc: 0.9761, Prec: 0.8998, Rec: 0.8657, F1: 0.8816                                                               
[Epoch 20] Val Loss: 0.0816, Acc: 0.9734, Prec: 0.9102, Rec: 0.8312, F1: 0.8605
        EarlyStopping counter: 10 / 150
[Epoch 21] Train Loss: 0.0748, Loss_s: 0.0659, Loss_u: 0.0154, Mask: 0.9356, Acc: 0.9765, Prec: 0.8943, Rec: 0.8673, F1: 0.8798                                                               
[Epoch 21] Val Loss: 0.0924, Acc: 0.9724, Prec: 0.9161, Rec: 0.8154, F1: 0.8544
        EarlyStopping counter: 11 / 150
[Epoch 22] Train Loss: 0.0748, Loss_s: 0.0652, Loss_u: 0.0150, Mask: 0.9370, Acc: 0.9766, Prec: 0.8909, Rec: 0.8583, F1: 0.8737                                                               
[Epoch 22] Val Loss: 0.0870, Acc: 0.9742, Prec: 0.9212, Rec: 0.8240, F1: 0.8644
        EarlyStopping counter: 12 / 150
[Epoch 23] Train Loss: 0.0762, Loss_s: 0.0649, Loss_u: 0.0161, Mask: 0.9365, Acc: 0.9765, Prec: 0.8967, Rec: 0.8611, F1: 0.8779                                                               
[Epoch 23] Val Loss: 0.0839, Acc: 0.9747, Prec: 0.8892, Rec: 0.8507, F1: 0.8611
        EarlyStopping counter: 13 / 150
[Epoch 24] Train Loss: 0.0773, Loss_s: 0.0652, Loss_u: 0.0158, Mask: 0.9371, Acc: 0.9767, Prec: 0.8978, Rec: 0.8681, F1: 0.8822                                                               
[Epoch 24] Val Loss: 0.0885, Acc: 0.9733, Prec: 0.9079, Rec: 0.8294, F1: 0.8570
        EarlyStopping counter: 14 / 150
[Epoch 25] Train Loss: 0.0773, Loss_s: 0.0647, Loss_u: 0.0153, Mask: 0.9412, Acc: 0.9769, Prec: 0.8896, Rec: 0.8615, F1: 0.8745                                                               
[Epoch 25] Val Loss: 0.0721, Acc: 0.9755, Prec: 0.9096, Rec: 0.8285, F1: 0.8590
        EarlyStopping counter: 15 / 150
[Epoch 26] Train Loss: 0.0782, Loss_s: 0.0645, Loss_u: 0.0157, Mask: 0.9377, Acc: 0.9769, Prec: 0.8911, Rec: 0.8612, F1: 0.8752                                                               
[Epoch 26] Val Loss: 0.1106, Acc: 0.9703, Prec: 0.8992, Rec: 0.8323, F1: 0.8560
        EarlyStopping counter: 16 / 150
[Epoch 27] Train Loss: 0.0770, Loss_s: 0.0633, Loss_u: 0.0149, Mask: 0.9418, Acc: 0.9771, Prec: 0.8989, Rec: 0.8672, F1: 0.8822                                                               
[Epoch 27] Val Loss: 0.1028, Acc: 0.9717, Prec: 0.9267, Rec: 0.8148, F1: 0.8594
        EarlyStopping counter: 17 / 150
[Epoch 28] Train Loss: 0.0780, Loss_s: 0.0639, Loss_u: 0.0148, Mask: 0.9402, Acc: 0.9773, Prec: 0.9016, Rec: 0.8700, F1: 0.8849                                                               
[Epoch 28] Val Loss: 0.1099, Acc: 0.9700, Prec: 0.9154, Rec: 0.8104, F1: 0.8523
        EarlyStopping counter: 18 / 150
[Epoch 29] Train Loss: 0.0784, Loss_s: 0.0628, Loss_u: 0.0159, Mask: 0.9384, Acc: 0.9779, Prec: 0.9055, Rec: 0.8727, F1: 0.8884                                                               
[Epoch 29] Val Loss: 0.1023, Acc: 0.9726, Prec: 0.9124, Rec: 0.8306, F1: 0.8597
        EarlyStopping counter: 19 / 150
[Epoch 30] Train Loss: 0.0782, Loss_s: 0.0618, Loss_u: 0.0165, Mask: 0.9368, Acc: 0.9777, Prec: 0.9102, Rec: 0.8768, F1: 0.8926                                                               
[Epoch 30] Val Loss: 0.0877, Acc: 0.9735, Prec: 0.8740, Rec: 0.8279, F1: 0.8343
        EarlyStopping counter: 20 / 150
[Epoch 31] Train Loss: 0.0785, Loss_s: 0.0618, Loss_u: 0.0166, Mask: 0.9407, Acc: 0.9779, Prec: 0.9054, Rec: 0.8716, F1: 0.8877                                                               
[Epoch 31] Val Loss: 0.0986, Acc: 0.9714, Prec: 0.9091, Rec: 0.8390, F1: 0.8640
        EarlyStopping counter: 21 / 150
[Epoch 32] Train Loss: 0.0773, Loss_s: 0.0611, Loss_u: 0.0162, Mask: 0.9404, Acc: 0.9778, Prec: 0.9013, Rec: 0.8744, F1: 0.8871                                                               
[Epoch 32] Val Loss: 0.0908, Acc: 0.9741, Prec: 0.9088, Rec: 0.8296, F1: 0.8590
        EarlyStopping counter: 22 / 150
[Epoch 33] Train Loss: 0.0781, Loss_s: 0.0619, Loss_u: 0.0162, Mask: 0.9406, Acc: 0.9775, Prec: 0.8985, Rec: 0.8717, F1: 0.8842                                                               
[Epoch 33] Val Loss: 0.0970, Acc: 0.9730, Prec: 0.9051, Rec: 0.8261, F1: 0.8561
        EarlyStopping counter: 23 / 150
[Epoch 34] Train Loss: 0.0772, Loss_s: 0.0608, Loss_u: 0.0165, Mask: 0.9408, Acc: 0.9783, Prec: 0.9072, Rec: 0.8759, F1: 0.8906                                                               
[Epoch 34] Val Loss: 0.0911, Acc: 0.9735, Prec: 0.9040, Rec: 0.8354, F1: 0.8605
        EarlyStopping counter: 24 / 150
[Epoch 35] Train Loss: 0.0773, Loss_s: 0.0613, Loss_u: 0.0160, Mask: 0.9401, Acc: 0.9776, Prec: 0.9089, Rec: 0.8757, F1: 0.8916                                                               
[Epoch 35] Val Loss: 0.0901, Acc: 0.9743, Prec: 0.9212, Rec: 0.8246, F1: 0.8650
        EarlyStopping counter: 25 / 150
[Epoch 36] Train Loss: 0.0769, Loss_s: 0.0598, Loss_u: 0.0171, Mask: 0.9403, Acc: 0.9784, Prec: 0.9088, Rec: 0.8810, F1: 0.8940                                                               
[Epoch 36] Val Loss: 0.0933, Acc: 0.9744, Prec: 0.9100, Rec: 0.8428, F1: 0.8703
        EarlyStopping counter: 26 / 150
[Epoch 37] Train Loss: 0.0764, Loss_s: 0.0600, Loss_u: 0.0164, Mask: 0.9432, Acc: 0.9783, Prec: 0.8998, Rec: 0.8749, F1: 0.8866                                                               
[Epoch 37] Val Loss: 0.1178, Acc: 0.9698, Prec: 0.9086, Rec: 0.8056, F1: 0.8446
        EarlyStopping counter: 27 / 150
[Epoch 38] Train Loss: 0.0750, Loss_s: 0.0598, Loss_u: 0.0152, Mask: 0.9404, Acc: 0.9784, Prec: 0.9085, Rec: 0.8796, F1: 0.8930                                                               
[Epoch 38] Val Loss: 0.0884, Acc: 0.9749, Prec: 0.9239, Rec: 0.8450, F1: 0.8782
        EarlyStopping counter: 28 / 150
[Epoch 39] Train Loss: 0.0753, Loss_s: 0.0591, Loss_u: 0.0161, Mask: 0.9421, Acc: 0.9787, Prec: 0.9064, Rec: 0.8742, F1: 0.8895                                                               
[Epoch 39] Val Loss: 0.0954, Acc: 0.9734, Prec: 0.9251, Rec: 0.8342, F1: 0.8705
        EarlyStopping counter: 29 / 150
[Epoch 40] Train Loss: 0.0757, Loss_s: 0.0599, Loss_u: 0.0158, Mask: 0.9436, Acc: 0.9786, Prec: 0.9056, Rec: 0.8758, F1: 0.8898                                                               
[Epoch 40] Val Loss: 0.0717, Acc: 0.9775, Prec: 0.9003, Rec: 0.8717, F1: 0.8793
        EarlyStopping counter: 30 / 150
[Epoch 41] Train Loss: 0.0755, Loss_s: 0.0596, Loss_u: 0.0159, Mask: 0.9425, Acc: 0.9784, Prec: 0.9077, Rec: 0.8753, F1: 0.8908                                                               
[Epoch 41] Val Loss: 0.0924, Acc: 0.9729, Prec: 0.8961, Rec: 0.8567, F1: 0.8703
        EarlyStopping counter: 31 / 150
[Epoch 42] Train Loss: 0.0757, Loss_s: 0.0588, Loss_u: 0.0168, Mask: 0.9398, Acc: 0.9786, Prec: 0.9065, Rec: 0.8797, F1: 0.8923                                                               
[Epoch 42] Val Loss: 0.1160, Acc: 0.9687, Prec: 0.9033, Rec: 0.8176, F1: 0.8460
        EarlyStopping counter: 32 / 150
[Epoch 43] Train Loss: 0.0737, Loss_s: 0.0581, Loss_u: 0.0156, Mask: 0.9439, Acc: 0.9789, Prec: 0.9023, Rec: 0.8694, F1: 0.8850                                                               
[Epoch 43] Val Loss: 0.1070, Acc: 0.9712, Prec: 0.9029, Rec: 0.8144, F1: 0.8426
        EarlyStopping counter: 33 / 150
[Epoch 44] Train Loss: 0.0758, Loss_s: 0.0588, Loss_u: 0.0169, Mask: 0.9403, Acc: 0.9787, Prec: 0.9055, Rec: 0.8739, F1: 0.8887                                                               
[Epoch 44] Val Loss: 0.1075, Acc: 0.9722, Prec: 0.9136, Rec: 0.8263, F1: 0.8588
        EarlyStopping counter: 34 / 150
[Epoch 45] Train Loss: 0.0788, Loss_s: 0.0608, Loss_u: 0.0180, Mask: 0.9390, Acc: 0.9782, Prec: 0.9065, Rec: 0.8828, F1: 0.8938                                                               
[Epoch 45] Val Loss: 0.0925, Acc: 0.9720, Prec: 0.9068, Rec: 0.8366, F1: 0.8627
        EarlyStopping counter: 35 / 150
[Epoch 46] Train Loss: 0.0740, Loss_s: 0.0580, Loss_u: 0.0160, Mask: 0.9421, Acc: 0.9788, Prec: 0.9085, Rec: 0.8794, F1: 0.8934                                                               
[Epoch 46] Val Loss: 0.0752, Acc: 0.9775, Prec: 0.9257, Rec: 0.8670, F1: 0.8913
        Validation F1 improved → Saving model: ./checkpoints/best_model.pt
[Epoch 47] Train Loss: 0.0747, Loss_s: 0.0586, Loss_u: 0.0162, Mask: 0.9411, Acc: 0.9790, Prec: 0.9099, Rec: 0.8804, F1: 0.8944                                                               
[Epoch 47] Val Loss: 0.0898, Acc: 0.9755, Prec: 0.9107, Rec: 0.8493, F1: 0.8707
        EarlyStopping counter: 1 / 150
[Epoch 48] Train Loss: 0.0749, Loss_s: 0.0581, Loss_u: 0.0168, Mask: 0.9418, Acc: 0.9790, Prec: 0.9086, Rec: 0.8784, F1: 0.8929                                                               
[Epoch 48] Val Loss: 0.0926, Acc: 0.9737, Prec: 0.8845, Rec: 0.8331, F1: 0.8458
        EarlyStopping counter: 2 / 150
[Epoch 49] Train Loss: 0.0747, Loss_s: 0.0576, Loss_u: 0.0171, Mask: 0.9407, Acc: 0.9790, Prec: 0.9111, Rec: 0.8848, F1: 0.8972                                                               
[Epoch 49] Val Loss: 0.0884, Acc: 0.9746, Prec: 0.9135, Rec: 0.8362, F1: 0.8669
        EarlyStopping counter: 3 / 150
[Epoch 50] Train Loss: 0.0741, Loss_s: 0.0570, Loss_u: 0.0171, Mask: 0.9432, Acc: 0.9796, Prec: 0.9126, Rec: 0.8862, F1: 0.8987                                                               
[Epoch 50] Val Loss: 0.0833, Acc: 0.9754, Prec: 0.8933, Rec: 0.8635, F1: 0.8698
        EarlyStopping counter: 4 / 150
[Epoch 51] Train Loss: 0.0741, Loss_s: 0.0567, Loss_u: 0.0174, Mask: 0.9440, Acc: 0.9793, Prec: 0.9086, Rec: 0.8844, F1: 0.8958                                                               
[Epoch 51] Val Loss: 0.0906, Acc: 0.9734, Prec: 0.9201, Rec: 0.8418, F1: 0.8718
        EarlyStopping counter: 5 / 150
[Epoch 52] Train Loss: 0.0727, Loss_s: 0.0563, Loss_u: 0.0164, Mask: 0.9438, Acc: 0.9800, Prec: 0.9158, Rec: 0.8908, F1: 0.9027                                                               
[Epoch 52] Val Loss: 0.0969, Acc: 0.9732, Prec: 0.9069, Rec: 0.8483, F1: 0.8678
        EarlyStopping counter: 6 / 150
[Epoch 53] Train Loss: 0.0747, Loss_s: 0.0572, Loss_u: 0.0175, Mask: 0.9387, Acc: 0.9791, Prec: 0.9118, Rec: 0.8878, F1: 0.8991                                                               
[Epoch 53] Val Loss: 0.0826, Acc: 0.9751, Prec: 0.8973, Rec: 0.8462, F1: 0.8602
        EarlyStopping counter: 7 / 150
[Epoch 54] Train Loss: 0.0742, Loss_s: 0.0566, Loss_u: 0.0175, Mask: 0.9405, Acc: 0.9794, Prec: 0.9128, Rec: 0.8857, F1: 0.8986                                                               
[Epoch 54] Val Loss: 0.0971, Acc: 0.9739, Prec: 0.9064, Rec: 0.8523, F1: 0.8724
        EarlyStopping counter: 8 / 150
[Epoch 55] Train Loss: 0.0740, Loss_s: 0.0561, Loss_u: 0.0180, Mask: 0.9423, Acc: 0.9794, Prec: 0.9115, Rec: 0.8832, F1: 0.8967                                                               
[Epoch 55] Val Loss: 0.0931, Acc: 0.9725, Prec: 0.8898, Rec: 0.8512, F1: 0.8602
        EarlyStopping counter: 9 / 150
[Epoch 56] Train Loss: 0.0732, Loss_s: 0.0563, Loss_u: 0.0169, Mask: 0.9408, Acc: 0.9796, Prec: 0.9114, Rec: 0.8909, F1: 0.9007                                                               
[Epoch 56] Val Loss: 0.0791, Acc: 0.9759, Prec: 0.9151, Rec: 0.8524, F1: 0.8776
        EarlyStopping counter: 10 / 150
[Epoch 57] Train Loss: 0.0740, Loss_s: 0.0563, Loss_u: 0.0177, Mask: 0.9403, Acc: 0.9794, Prec: 0.9172, Rec: 0.8816, F1: 0.8986                                                               
[Epoch 57] Val Loss: 0.0860, Acc: 0.9756, Prec: 0.9123, Rec: 0.8525, F1: 0.8765
        EarlyStopping counter: 11 / 150
[Epoch 58] Train Loss: 0.0743, Loss_s: 0.0566, Loss_u: 0.0178, Mask: 0.9410, Acc: 0.9795, Prec: 0.9138, Rec: 0.8854, F1: 0.8987                                                               
[Epoch 58] Val Loss: 0.0815, Acc: 0.9761, Prec: 0.9148, Rec: 0.8580, F1: 0.8793
        EarlyStopping counter: 12 / 150
[Epoch 59] Train Loss: 0.0732, Loss_s: 0.0559, Loss_u: 0.0173, Mask: 0.9418, Acc: 0.9800, Prec: 0.9176, Rec: 0.8872, F1: 0.9018                                                               
[Epoch 59] Val Loss: 0.0907, Acc: 0.9752, Prec: 0.9018, Rec: 0.8507, F1: 0.8690
        EarlyStopping counter: 13 / 150
[Epoch 60] Train Loss: 0.0746, Loss_s: 0.0558, Loss_u: 0.0187, Mask: 0.9413, Acc: 0.9796, Prec: 0.9120, Rec: 0.8852, F1: 0.8981                                                               
[Epoch 60] Val Loss: 0.0987, Acc: 0.9714, Prec: 0.8973, Rec: 0.8170, F1: 0.8459
        EarlyStopping counter: 14 / 150
[Epoch 61] Train Loss: 0.0727, Loss_s: 0.0553, Loss_u: 0.0175, Mask: 0.9426, Acc: 0.9797, Prec: 0.9088, Rec: 0.8855, F1: 0.8966                                                               
[Epoch 61] Val Loss: 0.0934, Acc: 0.9752, Prec: 0.9239, Rec: 0.8482, F1: 0.8800
        EarlyStopping counter: 15 / 150
[Epoch 62] Train Loss: 0.0724, Loss_s: 0.0552, Loss_u: 0.0172, Mask: 0.9427, Acc: 0.9798, Prec: 0.9162, Rec: 0.8875, F1: 0.9012                                                               
[Epoch 62] Val Loss: 0.0821, Acc: 0.9758, Prec: 0.9018, Rec: 0.8637, F1: 0.8754
        EarlyStopping counter: 16 / 150
[Epoch 63] Train Loss: 0.0715, Loss_s: 0.0549, Loss_u: 0.0166, Mask: 0.9426, Acc: 0.9801, Prec: 0.9187, Rec: 0.8938, F1: 0.9056                                                               
[Epoch 63] Val Loss: 0.0833, Acc: 0.9757, Prec: 0.9053, Rec: 0.8604, F1: 0.8759
        EarlyStopping counter: 17 / 150
[Epoch 64] Train Loss: 0.0731, Loss_s: 0.0545, Loss_u: 0.0186, Mask: 0.9404, Acc: 0.9800, Prec: 0.9223, Rec: 0.8876, F1: 0.9041                                                               
[Epoch 64] Val Loss: 0.0811, Acc: 0.9767, Prec: 0.9252, Rec: 0.8524, F1: 0.8845
        EarlyStopping counter: 18 / 150
[Epoch 65] Train Loss: 0.0723, Loss_s: 0.0550, Loss_u: 0.0173, Mask: 0.9436, Acc: 0.9801, Prec: 0.9204, Rec: 0.8870, F1: 0.9030                                                               
[Epoch 65] Val Loss: 0.0703, Acc: 0.9779, Prec: 0.8907, Rec: 0.8548, F1: 0.8651
        EarlyStopping counter: 19 / 150
[Epoch 66] Train Loss: 0.0727, Loss_s: 0.0546, Loss_u: 0.0181, Mask: 0.9412, Acc: 0.9797, Prec: 0.9122, Rec: 0.8895, F1: 0.9001                                                               
[Epoch 66] Val Loss: 0.1010, Acc: 0.9723, Prec: 0.9070, Rec: 0.8321, F1: 0.8599
        EarlyStopping counter: 20 / 150
[Epoch 67] Train Loss: 0.0716, Loss_s: 0.0537, Loss_u: 0.0179, Mask: 0.9441, Acc: 0.9802, Prec: 0.9170, Rec: 0.8960, F1: 0.9061                                                               
[Epoch 67] Val Loss: 0.0878, Acc: 0.9752, Prec: 0.9093, Rec: 0.8459, F1: 0.8686
        EarlyStopping counter: 21 / 150
[Epoch 68] Train Loss: 0.0719, Loss_s: 0.0541, Loss_u: 0.0179, Mask: 0.9461, Acc: 0.9803, Prec: 0.9149, Rec: 0.8912, F1: 0.9022                                                               
[Epoch 68] Val Loss: 0.0867, Acc: 0.9750, Prec: 0.9106, Rec: 0.8622, F1: 0.8796
        EarlyStopping counter: 22 / 150
[Epoch 69] Train Loss: 0.0724, Loss_s: 0.0544, Loss_u: 0.0180, Mask: 0.9430, Acc: 0.9802, Prec: 0.9178, Rec: 0.8883, F1: 0.9023                                                               
[Epoch 69] Val Loss: 0.0856, Acc: 0.9762, Prec: 0.9201, Rec: 0.8615, F1: 0.8838
        EarlyStopping counter: 23 / 150
[Epoch 70] Train Loss: 0.0706, Loss_s: 0.0534, Loss_u: 0.0171, Mask: 0.9448, Acc: 0.9802, Prec: 0.9143, Rec: 0.8894, F1: 0.9014                                                               
[Epoch 70] Val Loss: 0.0803, Acc: 0.9770, Prec: 0.9095, Rec: 0.8688, F1: 0.8833
        EarlyStopping counter: 24 / 150
[Epoch 71] Train Loss: 0.0745, Loss_s: 0.0563, Loss_u: 0.0182, Mask: 0.9433, Acc: 0.9797, Prec: 0.9195, Rec: 0.8905, F1: 0.9043                                                               
[Epoch 71] Val Loss: 0.0885, Acc: 0.9746, Prec: 0.9057, Rec: 0.8523, F1: 0.8705
        EarlyStopping counter: 25 / 150
[Epoch 72] Train Loss: 0.0712, Loss_s: 0.0537, Loss_u: 0.0175, Mask: 0.9454, Acc: 0.9803, Prec: 0.9187, Rec: 0.8937, F1: 0.9056                                                               
[Epoch 72] Val Loss: 0.1005, Acc: 0.9746, Prec: 0.9118, Rec: 0.8461, F1: 0.8700
        EarlyStopping counter: 26 / 150
[Epoch 73] Train Loss: 0.0723, Loss_s: 0.0544, Loss_u: 0.0180, Mask: 0.9418, Acc: 0.9799, Prec: 0.9180, Rec: 0.8874, F1: 0.9020                                                               
[Epoch 73] Val Loss: 0.0764, Acc: 0.9780, Prec: 0.9099, Rec: 0.8765, F1: 0.8889
        EarlyStopping counter: 27 / 150
[Epoch 74] Train Loss: 0.0713, Loss_s: 0.0530, Loss_u: 0.0184, Mask: 0.9430, Acc: 0.9804, Prec: 0.9159, Rec: 0.8928, F1: 0.9039                                                               
[Epoch 74] Val Loss: 0.0824, Acc: 0.9769, Prec: 0.9116, Rec: 0.8584, F1: 0.8779
        EarlyStopping counter: 28 / 150
[Epoch 75] Train Loss: 0.0718, Loss_s: 0.0533, Loss_u: 0.0184, Mask: 0.9431, Acc: 0.9803, Prec: 0.9213, Rec: 0.8910, F1: 0.9055                                                               
[Epoch 75] Val Loss: 0.0794, Acc: 0.9774, Prec: 0.9169, Rec: 0.8726, F1: 0.8891
        EarlyStopping counter: 29 / 150
[Epoch 76] Train Loss: 0.0724, Loss_s: 0.0531, Loss_u: 0.0193, Mask: 0.9418, Acc: 0.9802, Prec: 0.9170, Rec: 0.8932, F1: 0.9044                                                               
[Epoch 76] Val Loss: 0.0870, Acc: 0.9766, Prec: 0.9061, Rec: 0.8653, F1: 0.8799
        EarlyStopping counter: 30 / 150
[Epoch 77] Train Loss: 0.0716, Loss_s: 0.0531, Loss_u: 0.0184, Mask: 0.9443, Acc: 0.9800, Prec: 0.9201, Rec: 0.8878, F1: 0.9033                                                               
[Epoch 77] Val Loss: 0.0722, Acc: 0.9768, Prec: 0.8941, Rec: 0.8733, F1: 0.8793
        EarlyStopping counter: 31 / 150
[Epoch 78] Train Loss: 0.0711, Loss_s: 0.0534, Loss_u: 0.0177, Mask: 0.9423, Acc: 0.9804, Prec: 0.9197, Rec: 0.8920, F1: 0.9053                                                               
[Epoch 78] Val Loss: 0.0804, Acc: 0.9765, Prec: 0.9127, Rec: 0.8613, F1: 0.8804
        EarlyStopping counter: 32 / 150
[Epoch 79] Train Loss: 0.0721, Loss_s: 0.0533, Loss_u: 0.0188, Mask: 0.9423, Acc: 0.9802, Prec: 0.9228, Rec: 0.8895, F1: 0.9054                                                               
[Epoch 79] Val Loss: 0.0800, Acc: 0.9771, Prec: 0.9092, Rec: 0.8622, F1: 0.8810
        EarlyStopping counter: 33 / 150
[Epoch 80] Train Loss: 0.0710, Loss_s: 0.0526, Loss_u: 0.0184, Mask: 0.9431, Acc: 0.9809, Prec: 0.9157, Rec: 0.8939, F1: 0.9042                                                               
[Epoch 80] Val Loss: 0.0769, Acc: 0.9782, Prec: 0.9036, Rec: 0.8742, F1: 0.8827
        EarlyStopping counter: 34 / 150
[Epoch 81] Train Loss: 0.0710, Loss_s: 0.0532, Loss_u: 0.0178, Mask: 0.9428, Acc: 0.9802, Prec: 0.9175, Rec: 0.8968, F1: 0.9064                                                               
[Epoch 81] Val Loss: 0.0766, Acc: 0.9770, Prec: 0.9084, Rec: 0.8643, F1: 0.8790
        EarlyStopping counter: 35 / 150
[Epoch 82] Train Loss: 0.0716, Loss_s: 0.0533, Loss_u: 0.0183, Mask: 0.9425, Acc: 0.9803, Prec: 0.9187, Rec: 0.8914, F1: 0.9045                                                               
[Epoch 82] Val Loss: 0.0795, Acc: 0.9777, Prec: 0.9062, Rec: 0.8772, F1: 0.8864
        EarlyStopping counter: 36 / 150
[Epoch 83] Train Loss: 0.0713, Loss_s: 0.0527, Loss_u: 0.0186, Mask: 0.9447, Acc: 0.9803, Prec: 0.9164, Rec: 0.8954, F1: 0.9054                                                               
[Epoch 83] Val Loss: 0.0827, Acc: 0.9764, Prec: 0.9239, Rec: 0.8475, F1: 0.8778
        EarlyStopping counter: 37 / 150
[Epoch 84] Train Loss: 0.0714, Loss_s: 0.0519, Loss_u: 0.0195, Mask: 0.9421, Acc: 0.9806, Prec: 0.9199, Rec: 0.8943, F1: 0.9066                                                               
[Epoch 84] Val Loss: 0.0655, Acc: 0.9790, Prec: 0.9244, Rec: 0.8779, F1: 0.8964
        Validation F1 improved → Saving model: ./checkpoints/best_model.pt
[Epoch 85] Train Loss: 0.0711, Loss_s: 0.0522, Loss_u: 0.0189, Mask: 0.9414, Acc: 0.9808, Prec: 0.9221, Rec: 0.8934, F1: 0.9071                                                               
[Epoch 85] Val Loss: 0.0810, Acc: 0.9761, Prec: 0.9149, Rec: 0.8542, F1: 0.8771
        EarlyStopping counter: 1 / 150
[Epoch 86] Train Loss: 0.0723, Loss_s: 0.0528, Loss_u: 0.0195, Mask: 0.9415, Acc: 0.9809, Prec: 0.9243, Rec: 0.9000, F1: 0.9116                                                               
[Epoch 86] Val Loss: 0.0750, Acc: 0.9783, Prec: 0.9149, Rec: 0.8730, F1: 0.8893
        EarlyStopping counter: 2 / 150
[Epoch 87] Train Loss: 0.0708, Loss_s: 0.0513, Loss_u: 0.0195, Mask: 0.9407, Acc: 0.9805, Prec: 0.9218, Rec: 0.8938, F1: 0.9073                                                               
[Epoch 87] Val Loss: 0.0798, Acc: 0.9772, Prec: 0.9131, Rec: 0.8684, F1: 0.8856
        EarlyStopping counter: 3 / 150
[Epoch 88] Train Loss: 0.0725, Loss_s: 0.0527, Loss_u: 0.0198, Mask: 0.9404, Acc: 0.9810, Prec: 0.9266, Rec: 0.8955, F1: 0.9104                                                               
[Epoch 88] Val Loss: 0.0752, Acc: 0.9771, Prec: 0.9068, Rec: 0.8761, F1: 0.8872
        EarlyStopping counter: 4 / 150
[Epoch 89] Train Loss: 0.0710, Loss_s: 0.0519, Loss_u: 0.0192, Mask: 0.9417, Acc: 0.9806, Prec: 0.9187, Rec: 0.8934, F1: 0.9056                                                               
[Epoch 89] Val Loss: 0.0765, Acc: 0.9773, Prec: 0.9078, Rec: 0.8667, F1: 0.8824
        EarlyStopping counter: 5 / 150
[Epoch 90] Train Loss: 0.0698, Loss_s: 0.0514, Loss_u: 0.0184, Mask: 0.9446, Acc: 0.9810, Prec: 0.9237, Rec: 0.8972, F1: 0.9097                                                               
[Epoch 90] Val Loss: 0.0676, Acc: 0.9787, Prec: 0.9042, Rec: 0.8818, F1: 0.8893
        EarlyStopping counter: 6 / 150
[Epoch 91] Train Loss: 0.0696, Loss_s: 0.0517, Loss_u: 0.0180, Mask: 0.9445, Acc: 0.9813, Prec: 0.9220, Rec: 0.9034, F1: 0.9123                                                               
[Epoch 91] Val Loss: 0.0722, Acc: 0.9782, Prec: 0.9107, Rec: 0.8788, F1: 0.8897
        EarlyStopping counter: 7 / 150
[Epoch 92] Train Loss: 0.0701, Loss_s: 0.0517, Loss_u: 0.0183, Mask: 0.9451, Acc: 0.9806, Prec: 0.9143, Rec: 0.8943, F1: 0.9037                                                               
[Epoch 92] Val Loss: 0.0852, Acc: 0.9759, Prec: 0.9180, Rec: 0.8589, F1: 0.8821
        EarlyStopping counter: 8 / 150
[Epoch 93] Train Loss: 0.0693, Loss_s: 0.0511, Loss_u: 0.0181, Mask: 0.9442, Acc: 0.9810, Prec: 0.9244, Rec: 0.8912, F1: 0.9071                                                               
[Epoch 93] Val Loss: 0.0812, Acc: 0.9769, Prec: 0.9036, Rec: 0.8618, F1: 0.8755
        EarlyStopping counter: 9 / 150
[Epoch 94] Train Loss: 0.0696, Loss_s: 0.0514, Loss_u: 0.0181, Mask: 0.9459, Acc: 0.9811, Prec: 0.9179, Rec: 0.8995, F1: 0.9082                                                               
[Epoch 94] Val Loss: 0.0880, Acc: 0.9757, Prec: 0.9198, Rec: 0.8385, F1: 0.8707
        EarlyStopping counter: 10 / 150
[Epoch 95] Train Loss: 0.0767, Loss_s: 0.0565, Loss_u: 0.0202, Mask: 0.9433, Acc: 0.9795, Prec: 0.9210, Rec: 0.8908, F1: 0.9052                                                               
[Epoch 95] Val Loss: 0.0669, Acc: 0.9798, Prec: 0.9292, Rec: 0.8639, F1: 0.8938
        EarlyStopping counter: 11 / 150
[Epoch 96] Train Loss: 0.0712, Loss_s: 0.0526, Loss_u: 0.0186, Mask: 0.9438, Acc: 0.9806, Prec: 0.9199, Rec: 0.8958, F1: 0.9073                                                               
[Epoch 96] Val Loss: 0.0729, Acc: 0.9768, Prec: 0.9090, Rec: 0.8706, F1: 0.8848
        EarlyStopping counter: 12 / 150
[Epoch 97] Train Loss: 0.0709, Loss_s: 0.0519, Loss_u: 0.0190, Mask: 0.9427, Acc: 0.9806, Prec: 0.9213, Rec: 0.8980, F1: 0.9092                                                               
[Epoch 97] Val Loss: 0.0839, Acc: 0.9765, Prec: 0.9188, Rec: 0.8526, F1: 0.8803
        EarlyStopping counter: 13 / 150
[Epoch 98] Train Loss: 0.0692, Loss_s: 0.0509, Loss_u: 0.0184, Mask: 0.9472, Acc: 0.9814, Prec: 0.9255, Rec: 0.9041, F1: 0.9145                                                               
[Epoch 98] Val Loss: 0.0797, Acc: 0.9768, Prec: 0.9122, Rec: 0.8591, F1: 0.8794
        EarlyStopping counter: 14 / 150
[Epoch 99] Train Loss: 0.0716, Loss_s: 0.0531, Loss_u: 0.0186, Mask: 0.9460, Acc: 0.9803, Prec: 0.9223, Rec: 0.8879, F1: 0.9043                                                               
[Epoch 99] Val Loss: 0.0830, Acc: 0.9768, Prec: 0.9083, Rec: 0.8659, F1: 0.8800
        EarlyStopping counter: 15 / 150
[Epoch 100] Train Loss: 0.0687, Loss_s: 0.0513, Loss_u: 0.0175, Mask: 0.9460, Acc: 0.9812, Prec: 0.9228, Rec: 0.8990, F1: 0.9103                                                              
[Epoch 100] Val Loss: 0.0707, Acc: 0.9782, Prec: 0.9026, Rec: 0.8849, F1: 0.8901
        EarlyStopping counter: 16 / 150
[Epoch 101] Train Loss: 0.0692, Loss_s: 0.0511, Loss_u: 0.0181, Mask: 0.9473, Acc: 0.9808, Prec: 0.9206, Rec: 0.8966, F1: 0.9081                                                              
[Epoch 101] Val Loss: 0.0810, Acc: 0.9774, Prec: 0.9153, Rec: 0.8592, F1: 0.8830
        EarlyStopping counter: 17 / 150
[Epoch 102] Train Loss: 0.0687, Loss_s: 0.0508, Loss_u: 0.0179, Mask: 0.9453, Acc: 0.9809, Prec: 0.9235, Rec: 0.8977, F1: 0.9101                                                              
[Epoch 102] Val Loss: 0.0892, Acc: 0.9755, Prec: 0.9139, Rec: 0.8470, F1: 0.8740
        EarlyStopping counter: 18 / 150
[Epoch 103] Train Loss: 0.0693, Loss_s: 0.0507, Loss_u: 0.0186, Mask: 0.9449, Acc: 0.9811, Prec: 0.9245, Rec: 0.9007, F1: 0.9121                                                              
[Epoch 103] Val Loss: 0.0810, Acc: 0.9771, Prec: 0.9190, Rec: 0.8597, F1: 0.8843
        EarlyStopping counter: 19 / 150
[Epoch 104] Train Loss: 0.0697, Loss_s: 0.0506, Loss_u: 0.0191, Mask: 0.9443, Acc: 0.9813, Prec: 0.9189, Rec: 0.8970, F1: 0.9076                                                              
[Epoch 104] Val Loss: 0.0739, Acc: 0.9781, Prec: 0.9184, Rec: 0.8677, F1: 0.8881
        EarlyStopping counter: 20 / 150
[Epoch 105] Train Loss: 0.0697, Loss_s: 0.0512, Loss_u: 0.0185, Mask: 0.9450, Acc: 0.9811, Prec: 0.9254, Rec: 0.9012, F1: 0.9128                                                              
[Epoch 105] Val Loss: 0.0746, Acc: 0.9778, Prec: 0.9163, Rec: 0.8661, F1: 0.8853
        EarlyStopping counter: 21 / 150
[Epoch 106] Train Loss: 0.0688, Loss_s: 0.0507, Loss_u: 0.0180, Mask: 0.9465, Acc: 0.9812, Prec: 0.9212, Rec: 0.8957, F1: 0.9080                                                              
[Epoch 106] Val Loss: 0.1157, Acc: 0.9722, Prec: 0.9075, Rec: 0.8443, F1: 0.8667
        EarlyStopping counter: 22 / 150
[Epoch 107] Train Loss: 0.0699, Loss_s: 0.0504, Loss_u: 0.0196, Mask: 0.9453, Acc: 0.9813, Prec: 0.9203, Rec: 0.8935, F1: 0.9064                                                              
[Epoch 107] Val Loss: 0.0736, Acc: 0.9775, Prec: 0.9214, Rec: 0.8665, F1: 0.8886
        EarlyStopping counter: 23 / 150
[Epoch 108] Train Loss: 0.0680, Loss_s: 0.0500, Loss_u: 0.0180, Mask: 0.9465, Acc: 0.9817, Prec: 0.9268, Rec: 0.9049, F1: 0.9154                                                              
[Epoch 108] Val Loss: 0.0877, Acc: 0.9762, Prec: 0.9069, Rec: 0.8665, F1: 0.8785
        EarlyStopping counter: 24 / 150
[Epoch 109] Train Loss: 0.0685, Loss_s: 0.0503, Loss_u: 0.0183, Mask: 0.9465, Acc: 0.9813, Prec: 0.9230, Rec: 0.8984, F1: 0.9103                                                              
[Epoch 109] Val Loss: 0.0713, Acc: 0.9787, Prec: 0.9189, Rec: 0.8692, F1: 0.8887
        EarlyStopping counter: 25 / 150
[Epoch 110] Train Loss: 0.0689, Loss_s: 0.0507, Loss_u: 0.0181, Mask: 0.9468, Acc: 0.9815, Prec: 0.9271, Rec: 0.9018, F1: 0.9139                                                              
[Epoch 110] Val Loss: 0.0781, Acc: 0.9771, Prec: 0.9170, Rec: 0.8606, F1: 0.8836
        EarlyStopping counter: 26 / 150
[Epoch 111] Train Loss: 0.0681, Loss_s: 0.0497, Loss_u: 0.0184, Mask: 0.9453, Acc: 0.9813, Prec: 0.9228, Rec: 0.9006, F1: 0.9113                                                              
[Epoch 111] Val Loss: 0.0718, Acc: 0.9783, Prec: 0.9118, Rec: 0.8750, F1: 0.8893
        EarlyStopping counter: 27 / 150
[Epoch 112] Train Loss: 0.0713, Loss_s: 0.0510, Loss_u: 0.0202, Mask: 0.9428, Acc: 0.9809, Prec: 0.9254, Rec: 0.8986, F1: 0.9115                                                              
[Epoch 112] Val Loss: 0.0777, Acc: 0.9769, Prec: 0.9156, Rec: 0.8540, F1: 0.8794
        EarlyStopping counter: 28 / 150
[Epoch 113] Train Loss: 0.0700, Loss_s: 0.0504, Loss_u: 0.0196, Mask: 0.9454, Acc: 0.9812, Prec: 0.9243, Rec: 0.9005, F1: 0.9119                                                              
[Epoch 113] Val Loss: 0.0767, Acc: 0.9768, Prec: 0.8953, Rec: 0.8597, F1: 0.8698
        EarlyStopping counter: 29 / 150
[Epoch 114] Train Loss: 0.0678, Loss_s: 0.0501, Loss_u: 0.0177, Mask: 0.9476, Acc: 0.9812, Prec: 0.9233, Rec: 0.8984, F1: 0.9103                                                              
[Epoch 114] Val Loss: 0.0829, Acc: 0.9775, Prec: 0.9059, Rec: 0.8744, F1: 0.8845
        EarlyStopping counter: 30 / 150
[Epoch 115] Train Loss: 0.0686, Loss_s: 0.0499, Loss_u: 0.0187, Mask: 0.9446, Acc: 0.9816, Prec: 0.9271, Rec: 0.9019, F1: 0.9139                                                              
[Epoch 115] Val Loss: 0.0747, Acc: 0.9779, Prec: 0.9184, Rec: 0.8769, F1: 0.8933
        EarlyStopping counter: 31 / 150
[Epoch 116] Train Loss: 0.0690, Loss_s: 0.0496, Loss_u: 0.0195, Mask: 0.9437, Acc: 0.9815, Prec: 0.9245, Rec: 0.9027, F1: 0.9131                                                              
[Epoch 116] Val Loss: 0.0813, Acc: 0.9774, Prec: 0.9150, Rec: 0.8674, F1: 0.8859
        EarlyStopping counter: 32 / 150
[Epoch 117] Train Loss: 0.0687, Loss_s: 0.0500, Loss_u: 0.0187, Mask: 0.9430, Acc: 0.9815, Prec: 0.9278, Rec: 0.9038, F1: 0.9154                                                              
[Epoch 117] Val Loss: 0.0805, Acc: 0.9768, Prec: 0.9217, Rec: 0.8676, F1: 0.8894
        EarlyStopping counter: 33 / 150
[Epoch 118] Train Loss: 0.0696, Loss_s: 0.0499, Loss_u: 0.0197, Mask: 0.9437, Acc: 0.9816, Prec: 0.9294, Rec: 0.8997, F1: 0.9141                                                              
[Epoch 118] Val Loss: 0.0742, Acc: 0.9778, Prec: 0.9095, Rec: 0.8705, F1: 0.8852
        EarlyStopping counter: 34 / 150
[Epoch 119] Train Loss: 0.0676, Loss_s: 0.0487, Loss_u: 0.0189, Mask: 0.9469, Acc: 0.9816, Prec: 0.9255, Rec: 0.9007, F1: 0.9126                                                              
[Epoch 119] Val Loss: 0.0827, Acc: 0.9765, Prec: 0.9138, Rec: 0.8541, F1: 0.8773
        EarlyStopping counter: 35 / 150
[Epoch 120] Train Loss: 0.0680, Loss_s: 0.0496, Loss_u: 0.0183, Mask: 0.9469, Acc: 0.9811, Prec: 0.9280, Rec: 0.8937, F1: 0.9101                                                              
[Epoch 120] Val Loss: 0.0831, Acc: 0.9760, Prec: 0.8978, Rec: 0.8696, F1: 0.8764
        EarlyStopping counter: 36 / 150
[Epoch 121] Train Loss: 0.0694, Loss_s: 0.0498, Loss_u: 0.0196, Mask: 0.9453, Acc: 0.9816, Prec: 0.9288, Rec: 0.9030, F1: 0.9154                                                              
[Epoch 121] Val Loss: 0.0783, Acc: 0.9775, Prec: 0.9179, Rec: 0.8592, F1: 0.8836
        EarlyStopping counter: 37 / 150
[Epoch 122] Train Loss: 0.0682, Loss_s: 0.0495, Loss_u: 0.0187, Mask: 0.9446, Acc: 0.9814, Prec: 0.9214, Rec: 0.9018, F1: 0.9112                                                              
[Epoch 122] Val Loss: 0.0761, Acc: 0.9777, Prec: 0.9165, Rec: 0.8626, F1: 0.8856
        EarlyStopping counter: 38 / 150
[Epoch 123] Train Loss: 0.0683, Loss_s: 0.0489, Loss_u: 0.0194, Mask: 0.9469, Acc: 0.9817, Prec: 0.9230, Rec: 0.9056, F1: 0.9139                                                              
[Epoch 123] Val Loss: 0.0754, Acc: 0.9781, Prec: 0.9223, Rec: 0.8640, F1: 0.8876
        EarlyStopping counter: 39 / 150
[Epoch 124] Train Loss: 0.0683, Loss_s: 0.0491, Loss_u: 0.0192, Mask: 0.9470, Acc: 0.9815, Prec: 0.9238, Rec: 0.9058, F1: 0.9143                                                              
[Epoch 124] Val Loss: 0.0823, Acc: 0.9766, Prec: 0.9372, Rec: 0.8521, F1: 0.8898
        EarlyStopping counter: 40 / 150
[Epoch 125] Train Loss: 0.0673, Loss_s: 0.0483, Loss_u: 0.0190, Mask: 0.9468, Acc: 0.9820, Prec: 0.9252, Rec: 0.9019, F1: 0.9131                                                              
[Epoch 125] Val Loss: 0.0796, Acc: 0.9768, Prec: 0.9131, Rec: 0.8577, F1: 0.8819
        EarlyStopping counter: 41 / 150
[Epoch 126] Train Loss: 0.0685, Loss_s: 0.0496, Loss_u: 0.0190, Mask: 0.9445, Acc: 0.9817, Prec: 0.9299, Rec: 0.8997, F1: 0.9143                                                              
[Epoch 126] Val Loss: 0.0757, Acc: 0.9778, Prec: 0.9098, Rec: 0.8577, F1: 0.8766
        EarlyStopping counter: 42 / 150
[Epoch 127] Train Loss: 0.0677, Loss_s: 0.0496, Loss_u: 0.0180, Mask: 0.9471, Acc: 0.9818, Prec: 0.9227, Rec: 0.9103, F1: 0.9157                                                              
[Epoch 127] Val Loss: 0.0723, Acc: 0.9778, Prec: 0.9210, Rec: 0.8637, F1: 0.8881
        EarlyStopping counter: 43 / 150
[Epoch 128] Train Loss: 0.0681, Loss_s: 0.0490, Loss_u: 0.0191, Mask: 0.9455, Acc: 0.9819, Prec: 0.9242, Rec: 0.9003, F1: 0.9119                                                              
[Epoch 128] Val Loss: 0.0672, Acc: 0.9790, Prec: 0.9178, Rec: 0.8817, F1: 0.8964
        Validation F1 improved → Saving model: ./checkpoints/best_model.pt
[Epoch 129] Train Loss: 0.0677, Loss_s: 0.0489, Loss_u: 0.0188, Mask: 0.9449, Acc: 0.9819, Prec: 0.9297, Rec: 0.9008, F1: 0.9147                                                              
[Epoch 129] Val Loss: 0.0819, Acc: 0.9773, Prec: 0.9311, Rec: 0.8703, F1: 0.8951
        EarlyStopping counter: 1 / 150
[Epoch 130] Train Loss: 0.0677, Loss_s: 0.0488, Loss_u: 0.0189, Mask: 0.9459, Acc: 0.9821, Prec: 0.9280, Rec: 0.9056, F1: 0.9164                                                              
[Epoch 130] Val Loss: 0.0886, Acc: 0.9759, Prec: 0.9174, Rec: 0.8638, F1: 0.8849
        EarlyStopping counter: 2 / 150
[Epoch 131] Train Loss: 0.0669, Loss_s: 0.0485, Loss_u: 0.0185, Mask: 0.9484, Acc: 0.9819, Prec: 0.9263, Rec: 0.9017, F1: 0.9135                                                              
[Epoch 131] Val Loss: 0.0759, Acc: 0.9773, Prec: 0.9088, Rec: 0.8619, F1: 0.8809
        EarlyStopping counter: 3 / 150
[Epoch 132] Train Loss: 0.0662, Loss_s: 0.0483, Loss_u: 0.0179, Mask: 0.9494, Acc: 0.9821, Prec: 0.9253, Rec: 0.9052, F1: 0.9148                                                              
[Epoch 132] Val Loss: 0.0807, Acc: 0.9770, Prec: 0.9117, Rec: 0.8617, F1: 0.8818
        EarlyStopping counter: 4 / 150
[Epoch 133] Train Loss: 0.0672, Loss_s: 0.0491, Loss_u: 0.0181, Mask: 0.9473, Acc: 0.9816, Prec: 0.9258, Rec: 0.8985, F1: 0.9117                                                              
[Epoch 133] Val Loss: 0.0762, Acc: 0.9779, Prec: 0.9126, Rec: 0.8649, F1: 0.8825
        EarlyStopping counter: 5 / 150
[Epoch 134] Train Loss: 0.0674, Loss_s: 0.0489, Loss_u: 0.0185, Mask: 0.9475, Acc: 0.9818, Prec: 0.9250, Rec: 0.9017, F1: 0.9128                                                              
[Epoch 134] Val Loss: 0.0814, Acc: 0.9762, Prec: 0.9193, Rec: 0.8566, F1: 0.8833
        EarlyStopping counter: 6 / 150
[Epoch 135] Train Loss: 0.0672, Loss_s: 0.0486, Loss_u: 0.0186, Mask: 0.9475, Acc: 0.9820, Prec: 0.9281, Rec: 0.9031, F1: 0.9152                                                              
[Epoch 135] Val Loss: 0.0762, Acc: 0.9782, Prec: 0.9273, Rec: 0.8590, F1: 0.8877
        EarlyStopping counter: 7 / 150
[Epoch 136] Train Loss: 0.0672, Loss_s: 0.0484, Loss_u: 0.0189, Mask: 0.9479, Acc: 0.9819, Prec: 0.9276, Rec: 0.9044, F1: 0.9156                                                              
[Epoch 136] Val Loss: 0.0940, Acc: 0.9751, Prec: 0.9208, Rec: 0.8539, F1: 0.8808
        EarlyStopping counter: 8 / 150
[Epoch 137] Train Loss: 0.0698, Loss_s: 0.0494, Loss_u: 0.0204, Mask: 0.9455, Acc: 0.9821, Prec: 0.9296, Rec: 0.9067, F1: 0.9177                                                              
[Epoch 137] Val Loss: 0.0925, Acc: 0.9758, Prec: 0.9032, Rec: 0.8757, F1: 0.8841
        EarlyStopping counter: 9 / 150
[Epoch 138] Train Loss: 0.0689, Loss_s: 0.0490, Loss_u: 0.0199, Mask: 0.9428, Acc: 0.9819, Prec: 0.9255, Rec: 0.9026, F1: 0.9135                                                              
[Epoch 138] Val Loss: 0.0693, Acc: 0.9783, Prec: 0.9160, Rec: 0.8794, F1: 0.8932
        EarlyStopping counter: 10 / 150
[Epoch 139] Train Loss: 0.0676, Loss_s: 0.0484, Loss_u: 0.0193, Mask: 0.9447, Acc: 0.9819, Prec: 0.9257, Rec: 0.9032, F1: 0.9140                                                              
[Epoch 139] Val Loss: 0.0716, Acc: 0.9790, Prec: 0.9255, Rec: 0.8774, F1: 0.8973
        Validation F1 improved → Saving model: ./checkpoints/best_model.pt
[Epoch 140] Train Loss: 0.0688, Loss_s: 0.0484, Loss_u: 0.0204, Mask: 0.9442, Acc: 0.9819, Prec: 0.9266, Rec: 0.9063, F1: 0.9160                                                              
[Epoch 140] Val Loss: 0.0734, Acc: 0.9782, Prec: 0.9174, Rec: 0.8757, F1: 0.8922
        EarlyStopping counter: 1 / 150
[Epoch 141] Train Loss: 0.0690, Loss_s: 0.0487, Loss_u: 0.0203, Mask: 0.9457, Acc: 0.9817, Prec: 0.9290, Rec: 0.9044, F1: 0.9164                                                              
[Epoch 141] Val Loss: 0.0689, Acc: 0.9789, Prec: 0.9139, Rec: 0.8684, F1: 0.8853
        EarlyStopping counter: 2 / 150
[Epoch 142] Train Loss: 0.0686, Loss_s: 0.0483, Loss_u: 0.0203, Mask: 0.9449, Acc: 0.9822, Prec: 0.9295, Rec: 0.9019, F1: 0.9153                                                              
[Epoch 142] Val Loss: 0.0711, Acc: 0.9788, Prec: 0.9232, Rec: 0.8790, F1: 0.8975
        Validation F1 improved → Saving model: ./checkpoints/best_model.pt
[Epoch 143] Train Loss: 0.0687, Loss_s: 0.0481, Loss_u: 0.0205, Mask: 0.9434, Acc: 0.9822, Prec: 0.9283, Rec: 0.9063, F1: 0.9168                                                              
[Epoch 143] Val Loss: 0.0684, Acc: 0.9796, Prec: 0.9145, Rec: 0.8847, F1: 0.8955
        EarlyStopping counter: 1 / 150
[Epoch 144] Train Loss: 0.0675, Loss_s: 0.0485, Loss_u: 0.0191, Mask: 0.9448, Acc: 0.9821, Prec: 0.9328, Rec: 0.9107, F1: 0.9213                                                              
[Epoch 144] Val Loss: 0.0839, Acc: 0.9769, Prec: 0.9160, Rec: 0.8616, F1: 0.8836
        EarlyStopping counter: 2 / 150
[Epoch 145] Train Loss: 0.0682, Loss_s: 0.0481, Loss_u: 0.0201, Mask: 0.9438, Acc: 0.9820, Prec: 0.9271, Rec: 0.9037, F1: 0.9151                                                              
[Epoch 145] Val Loss: 0.0779, Acc: 0.9790, Prec: 0.9237, Rec: 0.8724, F1: 0.8926
        EarlyStopping counter: 3 / 150
[Epoch 146] Train Loss: 0.0667, Loss_s: 0.0473, Loss_u: 0.0194, Mask: 0.9465, Acc: 0.9825, Prec: 0.9319, Rec: 0.9065, F1: 0.9188                                                              
[Epoch 146] Val Loss: 0.0752, Acc: 0.9786, Prec: 0.9337, Rec: 0.8735, F1: 0.8990
        Validation F1 improved → Saving model: ./checkpoints/best_model.pt
[Epoch 147] Train Loss: 0.0672, Loss_s: 0.0477, Loss_u: 0.0196, Mask: 0.9439, Acc: 0.9824, Prec: 0.9290, Rec: 0.9070, F1: 0.9176                                                              
[Epoch 147] Val Loss: 0.0851, Acc: 0.9769, Prec: 0.9227, Rec: 0.8604, F1: 0.8864
        EarlyStopping counter: 1 / 150
[Epoch 148] Train Loss: 0.0670, Loss_s: 0.0479, Loss_u: 0.0191, Mask: 0.9453, Acc: 0.9819, Prec: 0.9279, Rec: 0.9047, F1: 0.9159                                                              
[Epoch 148] Val Loss: 0.1692, Acc: 0.9647, Prec: 0.9147, Rec: 0.8009, F1: 0.8467
        EarlyStopping counter: 2 / 150
[Epoch 149] Train Loss: 0.0726, Loss_s: 0.0528, Loss_u: 0.0197, Mask: 0.9424, Acc: 0.9807, Prec: 0.9191, Rec: 0.8968, F1: 0.9071                                                              
[Epoch 149] Val Loss: 0.0770, Acc: 0.9770, Prec: 0.8938, Rec: 0.8684, F1: 0.8727
        EarlyStopping counter: 3 / 150
[Epoch 150] Train Loss: 0.0677, Loss_s: 0.0486, Loss_u: 0.0191, Mask: 0.9458, Acc: 0.9820, Prec: 0.9271, Rec: 0.9108, F1: 0.9186                                                              
[Epoch 150] Val Loss: 0.0871, Acc: 0.9761, Prec: 0.9213, Rec: 0.8609, F1: 0.8856
        EarlyStopping counter: 4 / 150
Total training time: 449 min 44.55 sec
Loaded best model.
[Best Model Train] Loss: 0.0719, Acc: 0.9780, Prec: 0.9441, Rec: 0.8714, F1: 0.9029                                                                                                           
[Best Model Train] Classification Report:
              precision    recall  f1-score   support

           0     0.9738    0.8758    0.9222      3220
           1     0.8943    0.9760    0.9333       416
           2     0.9469    0.7384    0.8297      3891
           3     0.9749    0.9895    0.9822      7260
           4     0.9105    0.7134    0.8000      2694
           5     0.9760    0.8767    0.9237       649
           6     0.8830    0.6924    0.7762       894
           7     0.9561    0.9820    0.9689       111
           8     0.9814    0.9980    0.9896    110573

    accuracy                         0.9780    129708
   macro avg     0.9441    0.8714    0.9029    129708
weighted avg     0.9773    0.9780    0.9768    129708

[Best Model Train] Confusion Matrix:
[[  2820      9      1      0      8      0      0      0    382]
 [     1    406      1      0      3      0      0      0      5]
 [     8      3   2873    113     76      5      3      0    810]
 [     0      0     17   7184      0      1      1      0     57]
 [    46     23     72      1   1922      1     50      0    579]
 [     8      9     12     10     15    569      1      5     20]
 [     0      1      4      1     25      0    619      0    244]
 [     0      0      1      0      0      1      0    109      0]
 [    13      3     53     60     62      6     27      0 110349]]

[Best Model Validation] Loss: 0.0752, Acc: 0.9786, Prec: 0.9337, Rec: 0.8735, F1: 0.8990                                                                                                      
[Best Model Validation] Classification Report:
              precision    recall  f1-score   support

           0     0.9767    0.8463    0.9068       644
           1     0.8351    0.9759    0.9000        83
           2     0.9457    0.7609    0.8433       778
           3     0.9717    0.9917    0.9816      1452
           4     0.9057    0.7323    0.8099       538
           5     0.9643    0.8372    0.8963       129
           6     0.8649    0.7191    0.7853       178
           7     0.9565    1.0000    0.9778        22
           8     0.9829    0.9981    0.9904     22114

    accuracy                         0.9786     25938
   macro avg     0.9337    0.8735    0.8990     25938
weighted avg     0.9780    0.9786    0.9775     25938

[Best Model Validation] Confusion Matrix:
[[  545     6     1     0     2     0     0     0    90]
 [    0    81     0     0     2     0     0     0     0]
 [    1     0   592    23    16     2     2     0   142]
 [    0     0     7  1440     0     0     0     0     5]
 [    8     7    12     0   394     2    12     0   103]
 [    2     1     6     1     5   108     0     1     5]
 [    0     0     2     1     7     0   128     0    40]
 [    0     0     0     0     0     0     0    22     0]
 [    2     2     6    17     9     0     6     0 22072]]

[Test] Loss: 0.0735, Acc: 0.9784, Prec: 0.9577, Rec: 0.8716, F1: 0.9086                                                                                                                       
[Test] Classification Report:
              precision    recall  f1-score   support

           0     0.9815    0.8628    0.9183       430
           1     0.9000    0.9643    0.9310        56
           2     0.9532    0.7442    0.8359       520
           3     0.9806    0.9897    0.9851       968
           4     0.9306    0.7424    0.8259       361
           5     0.9753    0.8977    0.9349        88
           6     0.9176    0.6446    0.7573       121
           7     1.0000    1.0000    1.0000        16
           8     0.9805    0.9984    0.9893     14744

    accuracy                         0.9784     17304
   macro avg     0.9577    0.8716    0.9086     17304
weighted avg     0.9779    0.9784    0.9772     17304

[Test] Confusion Matrix:
[[  371     1     0     0     0     0     0     0    58]
 [    0    54     0     0     1     0     0     0     1]
 [    0     1   387    13    10     1     0     0   108]
 [    0     0     3   958     0     0     0     0     7]
 [    4     4     6     0   268     0     4     0    75]
 [    1     0     3     0     2    79     0     0     3]
 [    0     0     0     0     2     0    78     0    41]
 [    0     0     0     0     0     0     0    16     0]
 [    2     0     7     6     5     1     3     0 14720]]