05/26/2026 18:15:40 - INFO - root -   train_labeled_dataset: 129708
05/26/2026 18:15:40 - INFO - root -   val_dataset: 25938
05/26/2026 18:15:40 - INFO - root -   test_dataset: 17304
05/26/2026 18:15:40 - INFO - root -   train_unlabeled_dataset: 638507
[Epoch 1] Train Loss: 1.4245, Alpha: 0.53, Loss_s: 0.1420, Beta: 0.53, Loss_u: 0.0270, Mask: 0.9015, Acc: 0.9568, Prec: 0.7255, Rec: 0.6953, F1: 0.6929                                                                  
[Epoch 1] Val Loss: 0.1571, Acc: 0.9587, Prec: 0.8676, Rec: 0.7562, F1: 0.7911
        Validation F1 improved Saving model: ./checkpoints/best_model.pt
[Epoch 2] Train Loss: 1.3076, Alpha: 0.59, Loss_s: 0.1008, Beta: 0.59, Loss_u: 0.0245, Mask: 0.9061, Acc: 0.9666, Prec: 0.8325, Rec: 0.7823, F1: 0.8053                                                                  
[Epoch 2] Val Loss: 0.1838, Acc: 0.9599, Prec: 0.8911, Rec: 0.7276, F1: 0.7583
        EarlyStopping counter: 1 / 30
[Epoch 3] Train Loss: 1.2058, Alpha: 0.66, Loss_s: 0.0893, Beta: 0.66, Loss_u: 0.0204, Mask: 0.9223, Acc: 0.9694, Prec: 0.8497, Rec: 0.8027, F1: 0.8245                                                                  
[Epoch 3] Val Loss: 0.1438, Acc: 0.9639, Prec: 0.8862, Rec: 0.7755, F1: 0.8101
        Validation F1 improved Saving model: ./checkpoints/best_model.pt
[Epoch 4] Train Loss: 1.1103, Alpha: 0.74, Loss_s: 0.0829, Beta: 0.74, Loss_u: 0.0188, Mask: 0.9305, Acc: 0.9713, Prec: 0.8517, Rec: 0.8161, F1: 0.8329                                                                  
[Epoch 4] Val Loss: 0.1057, Acc: 0.9670, Prec: 0.8047, Rec: 0.8365, F1: 0.7931
        EarlyStopping counter: 1 / 30
[Epoch 5] Train Loss: 1.0288, Alpha: 0.83, Loss_s: 0.0849, Beta: 0.84, Loss_u: 0.0219, Mask: 0.9268, Acc: 0.9710, Prec: 0.8638, Rec: 0.8252, F1: 0.8432                                                                  
[Epoch 5] Val Loss: 0.0978, Acc: 0.9712, Prec: 0.9092, Rec: 0.8103, F1: 0.8457
        Validation F1 improved Saving model: ./checkpoints/best_model.pt
[Epoch 6] Train Loss: 0.9379, Alpha: 0.94, Loss_s: 0.0792, Beta: 0.95, Loss_u: 0.0166, Mask: 0.9393, Acc: 0.9724, Prec: 0.8690, Rec: 0.8290, F1: 0.8478                                                                  
[Epoch 6] Val Loss: 0.1546, Acc: 0.9654, Prec: 0.9153, Rec: 0.7550, F1: 0.8086
        EarlyStopping counter: 1 / 30
[Epoch 7] Train Loss: 0.8635, Alpha: 1.08, Loss_s: 0.0789, Beta: 1.10, Loss_u: 0.0183, Mask: 0.9318, Acc: 0.9729, Prec: 0.8696, Rec: 0.8346, F1: 0.8510                                                                  
[Epoch 7] Val Loss: 0.1116, Acc: 0.9709, Prec: 0.8731, Rec: 0.8268, F1: 0.8387
        EarlyStopping counter: 2 / 30
[Epoch 8] Train Loss: 0.7888, Alpha: 1.23, Loss_s: 0.0752, Beta: 1.27, Loss_u: 0.0171, Mask: 0.9352, Acc: 0.9736, Prec: 0.8723, Rec: 0.8384, F1: 0.8543                                                                  
[Epoch 8] Val Loss: 0.0995, Acc: 0.9717, Prec: 0.8982, Rec: 0.8394, F1: 0.8588
        Validation F1 improved Saving model: ./checkpoints/best_model.pt
[Epoch 9] Train Loss: 0.7216, Alpha: 1.41, Loss_s: 0.0725, Beta: 1.48, Loss_u: 0.0160, Mask: 0.9437, Acc: 0.9748, Prec: 0.8862, Rec: 0.8508, F1: 0.8675                                                                  
[Epoch 9] Val Loss: 0.0999, Acc: 0.9711, Prec: 0.8743, Rec: 0.8362, F1: 0.8488
        EarlyStopping counter: 1 / 30
[Epoch 10] Train Loss: 0.6706, Alpha: 1.61, Loss_s: 0.0728, Beta: 1.74, Loss_u: 0.0168, Mask: 0.9430, Acc: 0.9743, Prec: 0.8767, Rec: 0.8483, F1: 0.8615                                                                 
[Epoch 10] Val Loss: 0.1225, Acc: 0.9698, Prec: 0.9194, Rec: 0.7864, F1: 0.8365
        EarlyStopping counter: 2 / 30
[Epoch 11] Train Loss: 0.6178, Alpha: 1.82, Loss_s: 0.0694, Beta: 2.07, Loss_u: 0.0151, Mask: 0.9480, Acc: 0.9756, Prec: 0.8861, Rec: 0.8565, F1: 0.8704                                                                 
[Epoch 11] Val Loss: 0.1126, Acc: 0.9701, Prec: 0.9099, Rec: 0.8203, F1: 0.8567
        EarlyStopping counter: 3 / 30
[Epoch 12] Train Loss: 0.5845, Alpha: 2.04, Loss_s: 0.0676, Beta: 2.47, Loss_u: 0.0170, Mask: 0.9450, Acc: 0.9761, Prec: 0.8881, Rec: 0.8565, F1: 0.8715                                                                 
[Epoch 12] Val Loss: 0.1173, Acc: 0.9682, Prec: 0.9149, Rec: 0.8158, F1: 0.8556
        EarlyStopping counter: 4 / 30
[Epoch 13] Train Loss: 0.5556, Alpha: 2.21, Loss_s: 0.0679, Beta: 2.95, Loss_u: 0.0151, Mask: 0.9497, Acc: 0.9761, Prec: 0.8880, Rec: 0.8575, F1: 0.8720                                                                 
[Epoch 13] Val Loss: 0.1197, Acc: 0.9701, Prec: 0.9078, Rec: 0.8204, F1: 0.8531
        EarlyStopping counter: 5 / 30
[Epoch 14] Train Loss: 0.5443, Alpha: 2.36, Loss_s: 0.0680, Beta: 3.51, Loss_u: 0.0165, Mask: 0.9455, Acc: 0.9757, Prec: 0.8854, Rec: 0.8604, F1: 0.8719                                                                 
[Epoch 14] Val Loss: 0.0858, Acc: 0.9734, Prec: 0.9119, Rec: 0.8237, F1: 0.8537
        EarlyStopping counter: 6 / 30
[Epoch 15] Train Loss: 0.5189, Alpha: 2.42, Loss_s: 0.0657, Beta: 4.12, Loss_u: 0.0139, Mask: 0.9543, Acc: 0.9770, Prec: 0.8948, Rec: 0.8673, F1: 0.8802                                                                 
[Epoch 15] Val Loss: 0.1355, Acc: 0.9659, Prec: 0.9324, Rec: 0.7675, F1: 0.8308
        EarlyStopping counter: 7 / 30
[Epoch 16] Train Loss: 0.5097, Alpha: 2.50, Loss_s: 0.0639, Beta: 4.78, Loss_u: 0.0142, Mask: 0.9546, Acc: 0.9771, Prec: 0.8960, Rec: 0.8661, F1: 0.8802                                                                 
[Epoch 16] Val Loss: 0.1104, Acc: 0.9706, Prec: 0.9264, Rec: 0.8034, F1: 0.8530
        EarlyStopping counter: 8 / 30
[Epoch 17] Train Loss: 0.5147, Alpha: 2.53, Loss_s: 0.0638, Beta: 5.16, Loss_u: 0.0156, Mask: 0.9511, Acc: 0.9772, Prec: 0.8992, Rec: 0.8700, F1: 0.8839                                                                 
[Epoch 17] Val Loss: 0.0799, Acc: 0.9756, Prec: 0.9172, Rec: 0.8453, F1: 0.8743
        Validation F1 improved Saving model: ./checkpoints/best_model.pt
[Epoch 18] Train Loss: 0.5041, Alpha: 2.58, Loss_s: 0.0622, Beta: 5.40, Loss_u: 0.0144, Mask: 0.9529, Acc: 0.9777, Prec: 0.9009, Rec: 0.8729, F1: 0.8862                                                                 
[Epoch 18] Val Loss: 0.1417, Acc: 0.9674, Prec: 0.8874, Rec: 0.8251, F1: 0.8390
        EarlyStopping counter: 1 / 30
[Epoch 19] Train Loss: 0.5220, Alpha: 2.57, Loss_s: 0.0649, Beta: 5.49, Loss_u: 0.0164, Mask: 0.9471, Acc: 0.9774, Prec: 0.9006, Rec: 0.8716, F1: 0.8853                                                                 
[Epoch 19] Val Loss: 0.1280, Acc: 0.9686, Prec: 0.9123, Rec: 0.8095, F1: 0.8454
        EarlyStopping counter: 2 / 30
[Epoch 20] Train Loss: 0.5084, Alpha: 2.58, Loss_s: 0.0610, Beta: 5.27, Loss_u: 0.0158, Mask: 0.9486, Acc: 0.9780, Prec: 0.9035, Rec: 0.8759, F1: 0.8891                                                                 
[Epoch 20] Val Loss: 0.0754, Acc: 0.9766, Prec: 0.9217, Rec: 0.8585, F1: 0.8862
        Validation F1 improved Saving model: ./checkpoints/best_model.pt
[Epoch 21] Train Loss: 0.5087, Alpha: 2.62, Loss_s: 0.0594, Beta: 5.32, Loss_u: 0.0166, Mask: 0.9503, Acc: 0.9784, Prec: 0.9040, Rec: 0.8797, F1: 0.8913                                                                 
[Epoch 21] Val Loss: 0.0968, Acc: 0.9736, Prec: 0.9107, Rec: 0.8520, F1: 0.8754
        EarlyStopping counter: 1 / 30
[Epoch 22] Train Loss: 0.5133, Alpha: 2.60, Loss_s: 0.0630, Beta: 5.30, Loss_u: 0.0157, Mask: 0.9523, Acc: 0.9777, Prec: 0.9035, Rec: 0.8761, F1: 0.8889                                                                 
[Epoch 22] Val Loss: 0.0817, Acc: 0.9776, Prec: 0.9253, Rec: 0.8526, F1: 0.8830
        EarlyStopping counter: 2 / 30
[Epoch 23] Train Loss: 0.5004, Alpha: 2.64, Loss_s: 0.0587, Beta: 5.47, Loss_u: 0.0154, Mask: 0.9565, Acc: 0.9787, Prec: 0.9076, Rec: 0.8791, F1: 0.8927                                                                 
[Epoch 23] Val Loss: 0.0823, Acc: 0.9772, Prec: 0.8742, Rec: 0.8620, F1: 0.8597
        EarlyStopping counter: 3 / 30
[Epoch 24] Train Loss: 0.5007, Alpha: 2.67, Loss_s: 0.0586, Beta: 5.42, Loss_u: 0.0155, Mask: 0.9548, Acc: 0.9788, Prec: 0.9074, Rec: 0.8806, F1: 0.8934                                                                 
[Epoch 24] Val Loss: 0.1013, Acc: 0.9702, Prec: 0.8961, Rec: 0.8271, F1: 0.8508
        EarlyStopping counter: 4 / 30
[Epoch 25] Train Loss: 0.5003, Alpha: 2.68, Loss_s: 0.0579, Beta: 5.40, Loss_u: 0.0158, Mask: 0.9550, Acc: 0.9786, Prec: 0.9025, Rec: 0.8762, F1: 0.8888                                                                 
[Epoch 25] Val Loss: 0.1030, Acc: 0.9721, Prec: 0.9224, Rec: 0.8228, F1: 0.8633
        EarlyStopping counter: 5 / 30
[Epoch 26] Train Loss: 0.4971, Alpha: 2.69, Loss_s: 0.0578, Beta: 5.43, Loss_u: 0.0153, Mask: 0.9564, Acc: 0.9788, Prec: 0.9056, Rec: 0.8767, F1: 0.8903                                                                 
[Epoch 26] Val Loss: 0.1046, Acc: 0.9734, Prec: 0.9099, Rec: 0.8477, F1: 0.8708
        EarlyStopping counter: 6 / 30
[Epoch 27] Train Loss: 0.4930, Alpha: 2.70, Loss_s: 0.0569, Beta: 5.47, Loss_u: 0.0150, Mask: 0.9576, Acc: 0.9790, Prec: 0.9068, Rec: 0.8822, F1: 0.8939                                                                 
[Epoch 27] Val Loss: 0.0922, Acc: 0.9738, Prec: 0.9020, Rec: 0.8534, F1: 0.8666
        EarlyStopping counter: 7 / 30
[Epoch 28] Train Loss: 0.4932, Alpha: 2.72, Loss_s: 0.0572, Beta: 5.55, Loss_u: 0.0149, Mask: 0.9573, Acc: 0.9792, Prec: 0.9038, Rec: 0.8804, F1: 0.8916                                                                 
[Epoch 28] Val Loss: 0.1056, Acc: 0.9743, Prec: 0.9261, Rec: 0.8377, F1: 0.8745
        EarlyStopping counter: 8 / 30
[Epoch 29] Train Loss: 0.5212, Alpha: 2.71, Loss_s: 0.0618, Beta: 5.39, Loss_u: 0.0178, Mask: 0.9498, Acc: 0.9774, Prec: 0.9060, Rec: 0.8753, F1: 0.8899                                                                 
[Epoch 29] Val Loss: 0.1333, Acc: 0.9703, Prec: 0.9183, Rec: 0.8127, F1: 0.8486
        EarlyStopping counter: 9 / 30
[Epoch 30] Train Loss: 0.4883, Alpha: 2.65, Loss_s: 0.0570, Beta: 5.38, Loss_u: 0.0140, Mask: 0.9539, Acc: 0.9793, Prec: 0.9103, Rec: 0.8875, F1: 0.8981                                                                 
[Epoch 30] Val Loss: 0.1259, Acc: 0.9706, Prec: 0.9106, Rec: 0.8235, F1: 0.8561
        EarlyStopping counter: 10 / 30
[Epoch 31] Train Loss: 0.4859, Alpha: 2.71, Loss_s: 0.0557, Beta: 5.53, Loss_u: 0.0143, Mask: 0.9578, Acc: 0.9799, Prec: 0.9099, Rec: 0.8834, F1: 0.8961                                                                 
[Epoch 31] Val Loss: 0.1053, Acc: 0.9714, Prec: 0.8993, Rec: 0.8337, F1: 0.8542
        EarlyStopping counter: 11 / 30
[Epoch 32] Train Loss: 0.5044, Alpha: 2.70, Loss_s: 0.0581, Beta: 5.50, Loss_u: 0.0165, Mask: 0.9515, Acc: 0.9789, Prec: 0.9073, Rec: 0.8812, F1: 0.8937                                                                 
[Epoch 32] Val Loss: 0.1029, Acc: 0.9732, Prec: 0.9210, Rec: 0.8381, F1: 0.8708
        EarlyStopping counter: 12 / 30
[Epoch 33] Train Loss: 0.4938, Alpha: 2.73, Loss_s: 0.0556, Beta: 5.43, Loss_u: 0.0158, Mask: 0.9562, Acc: 0.9795, Prec: 0.9135, Rec: 0.8901, F1: 0.9012                                                                 
[Epoch 33] Val Loss: 0.1123, Acc: 0.9716, Prec: 0.9124, Rec: 0.8382, F1: 0.8652
        EarlyStopping counter: 13 / 30
[Epoch 34] Train Loss: 0.4924, Alpha: 2.76, Loss_s: 0.0549, Beta: 5.36, Loss_u: 0.0159, Mask: 0.9551, Acc: 0.9798, Prec: 0.9125, Rec: 0.8836, F1: 0.8975                                                                 
[Epoch 34] Val Loss: 0.1000, Acc: 0.9733, Prec: 0.9014, Rec: 0.8288, F1: 0.8558
        EarlyStopping counter: 14 / 30
[Epoch 35] Train Loss: 0.4890, Alpha: 2.77, Loss_s: 0.0542, Beta: 5.37, Loss_u: 0.0156, Mask: 0.9567, Acc: 0.9801, Prec: 0.9166, Rec: 0.8896, F1: 0.9026                                                                 
[Epoch 35] Val Loss: 0.1039, Acc: 0.9739, Prec: 0.9150, Rec: 0.8400, F1: 0.8690
        EarlyStopping counter: 15 / 30
[Epoch 36] Train Loss: 0.4883, Alpha: 2.80, Loss_s: 0.0543, Beta: 5.42, Loss_u: 0.0154, Mask: 0.9553, Acc: 0.9796, Prec: 0.9105, Rec: 0.8894, F1: 0.8995                                                                 
[Epoch 36] Val Loss: 0.1044, Acc: 0.9736, Prec: 0.9257, Rec: 0.8453, F1: 0.8781
        EarlyStopping counter: 16 / 30
[Epoch 37] Train Loss: 0.4894, Alpha: 2.79, Loss_s: 0.0544, Beta: 5.43, Loss_u: 0.0156, Mask: 0.9574, Acc: 0.9800, Prec: 0.9119, Rec: 0.8875, F1: 0.8993                                                                 
[Epoch 37] Val Loss: 0.1206, Acc: 0.9727, Prec: 0.9280, Rec: 0.8213, F1: 0.8661
        EarlyStopping counter: 17 / 30
[Epoch 38] Train Loss: 0.4856, Alpha: 2.81, Loss_s: 0.0527, Beta: 5.41, Loss_u: 0.0158, Mask: 0.9553, Acc: 0.9807, Prec: 0.9158, Rec: 0.8932, F1: 0.9040                                                                 
[Epoch 38] Val Loss: 0.1107, Acc: 0.9728, Prec: 0.9092, Rec: 0.8264, F1: 0.8600
        EarlyStopping counter: 18 / 30
[Epoch 39] Train Loss: 0.4960, Alpha: 2.82, Loss_s: 0.0543, Beta: 5.33, Loss_u: 0.0169, Mask: 0.9516, Acc: 0.9805, Prec: 0.9146, Rec: 0.8932, F1: 0.9034                                                                 
[Epoch 39] Val Loss: 0.0808, Acc: 0.9781, Prec: 0.8840, Rec: 0.8640, F1: 0.8673
        EarlyStopping counter: 19 / 30
[Epoch 40] Train Loss: 0.4804, Alpha: 2.82, Loss_s: 0.0524, Beta: 5.35, Loss_u: 0.0150, Mask: 0.9577, Acc: 0.9808, Prec: 0.9197, Rec: 0.8926, F1: 0.9056                                                                 
[Epoch 40] Val Loss: 0.0873, Acc: 0.9758, Prec: 0.9215, Rec: 0.8531, F1: 0.8821
        EarlyStopping counter: 20 / 30
[Epoch 41] Train Loss: 0.4827, Alpha: 2.84, Loss_s: 0.0522, Beta: 5.42, Loss_u: 0.0155, Mask: 0.9580, Acc: 0.9807, Prec: 0.9178, Rec: 0.8912, F1: 0.9040                                                                 
[Epoch 41] Val Loss: 0.0900, Acc: 0.9751, Prec: 0.9281, Rec: 0.8497, F1: 0.8834
        EarlyStopping counter: 21 / 30
[Epoch 42] Train Loss: 0.4825, Alpha: 2.86, Loss_s: 0.0516, Beta: 5.43, Loss_u: 0.0158, Mask: 0.9584, Acc: 0.9808, Prec: 0.9205, Rec: 0.9002, F1: 0.9098                                                                 
[Epoch 42] Val Loss: 0.1145, Acc: 0.9726, Prec: 0.9235, Rec: 0.8288, F1: 0.8688
        EarlyStopping counter: 22 / 30
[Epoch 43] Train Loss: 0.4846, Alpha: 2.85, Loss_s: 0.0522, Beta: 5.34, Loss_u: 0.0159, Mask: 0.9584, Acc: 0.9806, Prec: 0.9164, Rec: 0.8923, F1: 0.9039                                                                 
[Epoch 43] Val Loss: 0.1095, Acc: 0.9732, Prec: 0.9236, Rec: 0.8380, F1: 0.8716
        EarlyStopping counter: 23 / 30
[Epoch 44] Train Loss: 0.4788, Alpha: 2.88, Loss_s: 0.0512, Beta: 5.44, Loss_u: 0.0153, Mask: 0.9595, Acc: 0.9810, Prec: 0.9193, Rec: 0.8981, F1: 0.9082                                                                 
[Epoch 44] Val Loss: 0.0834, Acc: 0.9765, Prec: 0.9004, Rec: 0.8602, F1: 0.8736
        EarlyStopping counter: 24 / 30
[Epoch 45] Train Loss: 0.4796, Alpha: 2.88, Loss_s: 0.0513, Beta: 5.45, Loss_u: 0.0154, Mask: 0.9555, Acc: 0.9809, Prec: 0.9222, Rec: 0.9006, F1: 0.9110                                                                 
[Epoch 45] Val Loss: 0.0790, Acc: 0.9780, Prec: 0.9216, Rec: 0.8758, F1: 0.8936
        Validation F1 improved Saving model: ./checkpoints/best_model.pt
[Epoch 46] Train Loss: 0.4833, Alpha: 2.87, Loss_s: 0.0523, Beta: 5.43, Loss_u: 0.0155, Mask: 0.9571, Acc: 0.9806, Prec: 0.9155, Rec: 0.8947, F1: 0.9046                                                                 
[Epoch 46] Val Loss: 0.1224, Acc: 0.9701, Prec: 0.9183, Rec: 0.8204, F1: 0.8576
        EarlyStopping counter: 1 / 30
[Epoch 47] Train Loss: 0.4730, Alpha: 2.88, Loss_s: 0.0508, Beta: 5.55, Loss_u: 0.0145, Mask: 0.9609, Acc: 0.9809, Prec: 0.9177, Rec: 0.8934, F1: 0.9051                                                                 
[Epoch 47] Val Loss: 0.1094, Acc: 0.9744, Prec: 0.9191, Rec: 0.8449, F1: 0.8744
        EarlyStopping counter: 2 / 30
[Epoch 48] Train Loss: 0.4819, Alpha: 2.89, Loss_s: 0.0508, Beta: 5.46, Loss_u: 0.0161, Mask: 0.9558, Acc: 0.9808, Prec: 0.9178, Rec: 0.8946, F1: 0.9058                                                                 
[Epoch 48] Val Loss: 0.0918, Acc: 0.9755, Prec: 0.9109, Rec: 0.8555, F1: 0.8759
        EarlyStopping counter: 3 / 30
[Epoch 49] Train Loss: 0.4761, Alpha: 2.90, Loss_s: 0.0505, Beta: 5.45, Loss_u: 0.0152, Mask: 0.9583, Acc: 0.9811, Prec: 0.9158, Rec: 0.8995, F1: 0.9072                                                                 
[Epoch 49] Val Loss: 0.0822, Acc: 0.9777, Prec: 0.9194, Rec: 0.8582, F1: 0.8838
        EarlyStopping counter: 4 / 30
[Epoch 50] Train Loss: 0.4814, Alpha: 2.90, Loss_s: 0.0500, Beta: 5.40, Loss_u: 0.0164, Mask: 0.9556, Acc: 0.9813, Prec: 0.9216, Rec: 0.9043, F1: 0.9125                                                                 
[Epoch 50] Val Loss: 0.0973, Acc: 0.9751, Prec: 0.9139, Rec: 0.8583, F1: 0.8806
        EarlyStopping counter: 5 / 30
[Epoch 51] Train Loss: 0.4807, Alpha: 2.92, Loss_s: 0.0500, Beta: 5.29, Loss_u: 0.0163, Mask: 0.9582, Acc: 0.9813, Prec: 0.9239, Rec: 0.8966, F1: 0.9098                                                                 
[Epoch 51] Val Loss: 0.1088, Acc: 0.9722, Prec: 0.9227, Rec: 0.8406, F1: 0.8728
        EarlyStopping counter: 6 / 30
[Epoch 52] Train Loss: 0.4745, Alpha: 2.92, Loss_s: 0.0493, Beta: 5.34, Loss_u: 0.0156, Mask: 0.9601, Acc: 0.9815, Prec: 0.9219, Rec: 0.9028, F1: 0.9120                                                                 
[Epoch 52] Val Loss: 0.1006, Acc: 0.9737, Prec: 0.9162, Rec: 0.8391, F1: 0.8679
        EarlyStopping counter: 7 / 30
[Epoch 53] Train Loss: 0.4763, Alpha: 2.94, Loss_s: 0.0492, Beta: 5.38, Loss_u: 0.0160, Mask: 0.9577, Acc: 0.9817, Prec: 0.9244, Rec: 0.9019, F1: 0.9127                                                                 
[Epoch 53] Val Loss: 0.0815, Acc: 0.9775, Prec: 0.9036, Rec: 0.8631, F1: 0.8767
        EarlyStopping counter: 8 / 30
[Epoch 54] Train Loss: 0.4740, Alpha: 2.94, Loss_s: 0.0490, Beta: 5.39, Loss_u: 0.0156, Mask: 0.9577, Acc: 0.9817, Prec: 0.9218, Rec: 0.9038, F1: 0.9124                                                                 
[Epoch 54] Val Loss: 0.0980, Acc: 0.9754, Prec: 0.9221, Rec: 0.8455, F1: 0.8769
        EarlyStopping counter: 9 / 30
[Epoch 55] Train Loss: 0.4730, Alpha: 2.96, Loss_s: 0.0493, Beta: 5.42, Loss_u: 0.0153, Mask: 0.9612, Acc: 0.9815, Prec: 0.9257, Rec: 0.9008, F1: 0.9129                                                                 
[Epoch 55] Val Loss: 0.1167, Acc: 0.9724, Prec: 0.9175, Rec: 0.8311, F1: 0.8647
        EarlyStopping counter: 10 / 30
[Epoch 56] Train Loss: 0.4796, Alpha: 2.95, Loss_s: 0.0494, Beta: 5.43, Loss_u: 0.0164, Mask: 0.9565, Acc: 0.9817, Prec: 0.9249, Rec: 0.9000, F1: 0.9120                                                                 
[Epoch 56] Val Loss: 0.0936, Acc: 0.9753, Prec: 0.9182, Rec: 0.8540, F1: 0.8790
        EarlyStopping counter: 11 / 30
[Epoch 57] Train Loss: 0.4690, Alpha: 2.95, Loss_s: 0.0476, Beta: 5.37, Loss_u: 0.0154, Mask: 0.9627, Acc: 0.9819, Prec: 0.9254, Rec: 0.9046, F1: 0.9147                                                                 
[Epoch 57] Val Loss: 0.1219, Acc: 0.9709, Prec: 0.9230, Rec: 0.8282, F1: 0.8667
        EarlyStopping counter: 12 / 30
[Epoch 58] Train Loss: 0.4724, Alpha: 2.98, Loss_s: 0.0482, Beta: 5.40, Loss_u: 0.0158, Mask: 0.9558, Acc: 0.9818, Prec: 0.9227, Rec: 0.9005, F1: 0.9112                                                                 
[Epoch 58] Val Loss: 0.0918, Acc: 0.9767, Prec: 0.9190, Rec: 0.8715, F1: 0.8899
        EarlyStopping counter: 13 / 30
[Epoch 59] Train Loss: 0.4733, Alpha: 2.99, Loss_s: 0.0477, Beta: 5.37, Loss_u: 0.0162, Mask: 0.9594, Acc: 0.9824, Prec: 0.9272, Rec: 0.9072, F1: 0.9168                                                                 
[Epoch 59] Val Loss: 0.0948, Acc: 0.9765, Prec: 0.9207, Rec: 0.8530, F1: 0.8806
        EarlyStopping counter: 14 / 30
[Epoch 60] Train Loss: 0.4696, Alpha: 2.99, Loss_s: 0.0475, Beta: 5.36, Loss_u: 0.0156, Mask: 0.9600, Acc: 0.9819, Prec: 0.9256, Rec: 0.9019, F1: 0.9133                                                                 
[Epoch 60] Val Loss: 0.0837, Acc: 0.9781, Prec: 0.9002, Rec: 0.8730, F1: 0.8795
        EarlyStopping counter: 15 / 30
[Epoch 61] Train Loss: 0.4716, Alpha: 3.01, Loss_s: 0.0467, Beta: 5.31, Loss_u: 0.0165, Mask: 0.9570, Acc: 0.9824, Prec: 0.9291, Rec: 0.9078, F1: 0.9181                                                                 
[Epoch 61] Val Loss: 0.0946, Acc: 0.9766, Prec: 0.9198, Rec: 0.8657, F1: 0.8859
        EarlyStopping counter: 16 / 30
[Epoch 62] Train Loss: 0.4728, Alpha: 3.02, Loss_s: 0.0465, Beta: 5.27, Loss_u: 0.0168, Mask: 0.9587, Acc: 0.9825, Prec: 0.9244, Rec: 0.9111, F1: 0.9174                                                                 
[Epoch 62] Val Loss: 0.0967, Acc: 0.9754, Prec: 0.9238, Rec: 0.8504, F1: 0.8792
        EarlyStopping counter: 17 / 30
[Epoch 63] Train Loss: 0.4759, Alpha: 3.02, Loss_s: 0.0472, Beta: 5.27, Loss_u: 0.0170, Mask: 0.9575, Acc: 0.9826, Prec: 0.9313, Rec: 0.9108, F1: 0.9207                                                                 
[Epoch 63] Val Loss: 0.0883, Acc: 0.9775, Prec: 0.9212, Rec: 0.8690, F1: 0.8912
        EarlyStopping counter: 18 / 30
[Epoch 64] Train Loss: 0.4643, Alpha: 3.03, Loss_s: 0.0457, Beta: 5.27, Loss_u: 0.0156, Mask: 0.9625, Acc: 0.9826, Prec: 0.9278, Rec: 0.9081, F1: 0.9176                                                                 
[Epoch 64] Val Loss: 0.1271, Acc: 0.9724, Prec: 0.9197, Rec: 0.8245, F1: 0.8637
        EarlyStopping counter: 19 / 30
[Epoch 65] Train Loss: 0.4753, Alpha: 3.05, Loss_s: 0.0463, Beta: 5.31, Loss_u: 0.0174, Mask: 0.9529, Acc: 0.9824, Prec: 0.9273, Rec: 0.9037, F1: 0.9152                                                                 
[Epoch 65] Val Loss: 0.0986, Acc: 0.9753, Prec: 0.9197, Rec: 0.8440, F1: 0.8759
        EarlyStopping counter: 20 / 30
[Epoch 66] Train Loss: 0.4750, Alpha: 3.06, Loss_s: 0.0453, Beta: 5.13, Loss_u: 0.0179, Mask: 0.9550, Acc: 0.9827, Prec: 0.9305, Rec: 0.9110, F1: 0.9204                                                                 
[Epoch 66] Val Loss: 0.0872, Acc: 0.9771, Prec: 0.9144, Rec: 0.8698, F1: 0.8876
        EarlyStopping counter: 21 / 30
[Epoch 67] Train Loss: 0.4654, Alpha: 3.07, Loss_s: 0.0450, Beta: 5.15, Loss_u: 0.0162, Mask: 0.9604, Acc: 0.9830, Prec: 0.9269, Rec: 0.9128, F1: 0.9195                                                                 
[Epoch 67] Val Loss: 0.1071, Acc: 0.9741, Prec: 0.9250, Rec: 0.8417, F1: 0.8767
        EarlyStopping counter: 22 / 30
[Epoch 68] Train Loss: 0.4705, Alpha: 3.08, Loss_s: 0.0455, Beta: 5.21, Loss_u: 0.0169, Mask: 0.9563, Acc: 0.9828, Prec: 0.9339, Rec: 0.9102, F1: 0.9217                                                                 
[Epoch 68] Val Loss: 0.0867, Acc: 0.9778, Prec: 0.9306, Rec: 0.8626, F1: 0.8929
        EarlyStopping counter: 23 / 30
[Epoch 69] Train Loss: 0.4739, Alpha: 3.08, Loss_s: 0.0454, Beta: 5.21, Loss_u: 0.0177, Mask: 0.9558, Acc: 0.9827, Prec: 0.9301, Rec: 0.9078, F1: 0.9186                                                                 
[Epoch 69] Val Loss: 0.1096, Acc: 0.9738, Prec: 0.9218, Rec: 0.8481, F1: 0.8760
        EarlyStopping counter: 24 / 30
[Epoch 70] Train Loss: 0.4671, Alpha: 3.08, Loss_s: 0.0450, Beta: 5.16, Loss_u: 0.0166, Mask: 0.9581, Acc: 0.9830, Prec: 0.9347, Rec: 0.9158, F1: 0.9249                                                                 
[Epoch 70] Val Loss: 0.0861, Acc: 0.9773, Prec: 0.9179, Rec: 0.8693, F1: 0.8883
        EarlyStopping counter: 25 / 30
[Epoch 71] Train Loss: 0.4675, Alpha: 3.10, Loss_s: 0.0444, Beta: 5.17, Loss_u: 0.0170, Mask: 0.9585, Acc: 0.9832, Prec: 0.9343, Rec: 0.9170, F1: 0.9253                                                                 
[Epoch 71] Val Loss: 0.0944, Acc: 0.9761, Prec: 0.9187, Rec: 0.8573, F1: 0.8813
        EarlyStopping counter: 26 / 30
[Epoch 72] Train Loss: 0.4562, Alpha: 3.10, Loss_s: 0.0441, Beta: 5.25, Loss_u: 0.0151, Mask: 0.9624, Acc: 0.9834, Prec: 0.9313, Rec: 0.9131, F1: 0.9219                                                                 
[Epoch 72] Val Loss: 0.0962, Acc: 0.9766, Prec: 0.9232, Rec: 0.8613, F1: 0.8857
        EarlyStopping counter: 27 / 30
[Epoch 73] Train Loss: 0.4671, Alpha: 3.11, Loss_s: 0.0442, Beta: 5.31, Loss_u: 0.0170, Mask: 0.9580, Acc: 0.9831, Prec: 0.9332, Rec: 0.9126, F1: 0.9226                                                                 
[Epoch 73] Val Loss: 0.0912, Acc: 0.9769, Prec: 0.9270, Rec: 0.8688, F1: 0.8927
        EarlyStopping counter: 28 / 30
[Epoch 74] Train Loss: 0.4601, Alpha: 3.12, Loss_s: 0.0438, Beta: 5.25, Loss_u: 0.0160, Mask: 0.9608, Acc: 0.9836, Prec: 0.9342, Rec: 0.9136, F1: 0.9236                                                                 
[Epoch 74] Val Loss: 0.0837, Acc: 0.9786, Prec: 0.9248, Rec: 0.8750, F1: 0.8957
        Validation F1 improved Saving model: ./checkpoints/best_model.pt
[Epoch 75] Train Loss: 0.4712, Alpha: 3.13, Loss_s: 0.0437, Beta: 5.22, Loss_u: 0.0182, Mask: 0.9550, Acc: 0.9837, Prec: 0.9366, Rec: 0.9167, F1: 0.9264                                                                 
[Epoch 75] Val Loss: 0.0928, Acc: 0.9764, Prec: 0.9054, Rec: 0.8683, F1: 0.8816
        EarlyStopping counter: 1 / 30
[Epoch 76] Train Loss: 0.4654, Alpha: 3.15, Loss_s: 0.0426, Beta: 5.09, Loss_u: 0.0177, Mask: 0.9595, Acc: 0.9840, Prec: 0.9395, Rec: 0.9224, F1: 0.9306                                                                 
[Epoch 76] Val Loss: 0.0946, Acc: 0.9766, Prec: 0.9219, Rec: 0.8624, F1: 0.8871
        EarlyStopping counter: 2 / 30
[Epoch 77] Train Loss: 0.4611, Alpha: 3.16, Loss_s: 0.0429, Beta: 5.16, Loss_u: 0.0167, Mask: 0.9629, Acc: 0.9834, Prec: 0.9322, Rec: 0.9156, F1: 0.9236                                                                 
[Epoch 77] Val Loss: 0.1125, Acc: 0.9742, Prec: 0.9244, Rec: 0.8486, F1: 0.8770
        EarlyStopping counter: 3 / 30
[Epoch 78] Train Loss: 0.4608, Alpha: 3.17, Loss_s: 0.0427, Beta: 5.19, Loss_u: 0.0168, Mask: 0.9592, Acc: 0.9835, Prec: 0.9344, Rec: 0.9162, F1: 0.9250                                                                 
[Epoch 78] Val Loss: 0.1092, Acc: 0.9750, Prec: 0.9262, Rec: 0.8487, F1: 0.8816
        EarlyStopping counter: 4 / 30
[Epoch 79] Train Loss: 0.4618, Alpha: 3.18, Loss_s: 0.0424, Beta: 5.21, Loss_u: 0.0171, Mask: 0.9591, Acc: 0.9839, Prec: 0.9402, Rec: 0.9180, F1: 0.9287                                                                 
[Epoch 79] Val Loss: 0.0951, Acc: 0.9778, Prec: 0.9187, Rec: 0.8785, F1: 0.8936
        EarlyStopping counter: 5 / 30
[Epoch 80] Train Loss: 0.4677, Alpha: 3.18, Loss_s: 0.0424, Beta: 5.07, Loss_u: 0.0183, Mask: 0.9569, Acc: 0.9837, Prec: 0.9361, Rec: 0.9173, F1: 0.9264                                                                 
[Epoch 80] Val Loss: 0.0823, Acc: 0.9788, Prec: 0.9146, Rec: 0.8796, F1: 0.8933
        EarlyStopping counter: 6 / 30
[Epoch 81] Train Loss: 0.4566, Alpha: 3.20, Loss_s: 0.0415, Beta: 5.12, Loss_u: 0.0167, Mask: 0.9603, Acc: 0.9843, Prec: 0.9397, Rec: 0.9240, F1: 0.9316                                                                 
[Epoch 81] Val Loss: 0.1147, Acc: 0.9741, Prec: 0.9266, Rec: 0.8413, F1: 0.8757
        EarlyStopping counter: 7 / 30
[Epoch 82] Train Loss: 0.4511, Alpha: 3.21, Loss_s: 0.0408, Beta: 5.23, Loss_u: 0.0161, Mask: 0.9613, Acc: 0.9846, Prec: 0.9396, Rec: 0.9225, F1: 0.9308                                                                 
[Epoch 82] Val Loss: 0.1082, Acc: 0.9757, Prec: 0.9213, Rec: 0.8553, F1: 0.8826
        EarlyStopping counter: 8 / 30
[Epoch 83] Train Loss: 0.4576, Alpha: 3.23, Loss_s: 0.0413, Beta: 5.21, Loss_u: 0.0170, Mask: 0.9587, Acc: 0.9842, Prec: 0.9346, Rec: 0.9252, F1: 0.9296                                                                 
[Epoch 83] Val Loss: 0.1000, Acc: 0.9766, Prec: 0.9293, Rec: 0.8533, F1: 0.8865
        EarlyStopping counter: 9 / 30
[Epoch 84] Train Loss: 0.4671, Alpha: 3.24, Loss_s: 0.0412, Beta: 5.12, Loss_u: 0.0189, Mask: 0.9507, Acc: 0.9839, Prec: 0.9371, Rec: 0.9204, F1: 0.9286                                                                 
[Epoch 84] Val Loss: 0.0947, Acc: 0.9773, Prec: 0.9261, Rec: 0.8541, F1: 0.8845
        EarlyStopping counter: 10 / 30
[Epoch 85] Train Loss: 0.4593, Alpha: 3.25, Loss_s: 0.0407, Beta: 5.08, Loss_u: 0.0178, Mask: 0.9579, Acc: 0.9846, Prec: 0.9394, Rec: 0.9218, F1: 0.9303                                                                 
[Epoch 85] Val Loss: 0.0992, Acc: 0.9763, Prec: 0.9197, Rec: 0.8587, F1: 0.8821
        EarlyStopping counter: 11 / 30
[Epoch 86] Train Loss: 0.4537, Alpha: 3.26, Loss_s: 0.0405, Beta: 5.08, Loss_u: 0.0167, Mask: 0.9615, Acc: 0.9845, Prec: 0.9372, Rec: 0.9247, F1: 0.9307                                                                 
[Epoch 86] Val Loss: 0.0965, Acc: 0.9770, Prec: 0.9140, Rec: 0.8753, F1: 0.8880
        EarlyStopping counter: 12 / 30
[Epoch 87] Train Loss: 0.4548, Alpha: 3.26, Loss_s: 0.0397, Beta: 5.13, Loss_u: 0.0175, Mask: 0.9562, Acc: 0.9846, Prec: 0.9416, Rec: 0.9237, F1: 0.9325                                                                 
[Epoch 87] Val Loss: 0.0886, Acc: 0.9789, Prec: 0.9244, Rec: 0.8755, F1: 0.8958
        Validation F1 improved Saving model: ./checkpoints/best_model.pt
[Epoch 88] Train Loss: 0.4514, Alpha: 3.28, Loss_s: 0.0399, Beta: 5.15, Loss_u: 0.0167, Mask: 0.9579, Acc: 0.9847, Prec: 0.9404, Rec: 0.9251, F1: 0.9325                                                                 
[Epoch 88] Val Loss: 0.0982, Acc: 0.9766, Prec: 0.9286, Rec: 0.8567, F1: 0.8878
        EarlyStopping counter: 1 / 30
[Epoch 89] Train Loss: 0.4498, Alpha: 3.29, Loss_s: 0.0396, Beta: 5.19, Loss_u: 0.0166, Mask: 0.9613, Acc: 0.9849, Prec: 0.9426, Rec: 0.9269, F1: 0.9345                                                                 
[Epoch 89] Val Loss: 0.0940, Acc: 0.9779, Prec: 0.9157, Rec: 0.8729, F1: 0.8894
        EarlyStopping counter: 2 / 30
[Epoch 90] Train Loss: 0.4476, Alpha: 3.30, Loss_s: 0.0391, Beta: 5.23, Loss_u: 0.0165, Mask: 0.9610, Acc: 0.9849, Prec: 0.9446, Rec: 0.9255, F1: 0.9348                                                                 
[Epoch 90] Val Loss: 0.1032, Acc: 0.9761, Prec: 0.9216, Rec: 0.8573, F1: 0.8826
        EarlyStopping counter: 3 / 30
[Epoch 91] Train Loss: 0.4507, Alpha: 3.32, Loss_s: 0.0392, Beta: 5.24, Loss_u: 0.0170, Mask: 0.9602, Acc: 0.9850, Prec: 0.9454, Rec: 0.9277, F1: 0.9363                                                                 
[Epoch 91] Val Loss: 0.0946, Acc: 0.9773, Prec: 0.9261, Rec: 0.8652, F1: 0.8909
        EarlyStopping counter: 4 / 30
[Epoch 92] Train Loss: 0.4394, Alpha: 3.32, Loss_s: 0.0384, Beta: 5.24, Loss_u: 0.0154, Mask: 0.9650, Acc: 0.9851, Prec: 0.9451, Rec: 0.9295, F1: 0.9371                                                                 
[Epoch 92] Val Loss: 0.1064, Acc: 0.9756, Prec: 0.9276, Rec: 0.8613, F1: 0.8868
        EarlyStopping counter: 5 / 30
[Epoch 93] Train Loss: 0.4446, Alpha: 3.34, Loss_s: 0.0381, Beta: 5.30, Loss_u: 0.0166, Mask: 0.9615, Acc: 0.9850, Prec: 0.9411, Rec: 0.9256, F1: 0.9331                                                                 
[Epoch 93] Val Loss: 0.1079, Acc: 0.9757, Prec: 0.9297, Rec: 0.8587, F1: 0.8866
        EarlyStopping counter: 6 / 30
[Epoch 94] Train Loss: 0.4381, Alpha: 3.35, Loss_s: 0.0382, Beta: 5.30, Loss_u: 0.0153, Mask: 0.9663, Acc: 0.9853, Prec: 0.9434, Rec: 0.9291, F1: 0.9361                                                                 
[Epoch 94] Val Loss: 0.1302, Acc: 0.9727, Prec: 0.9327, Rec: 0.8408, F1: 0.8768
        EarlyStopping counter: 7 / 30
[Epoch 95] Train Loss: 0.4562, Alpha: 3.36, Loss_s: 0.0383, Beta: 5.28, Loss_u: 0.0186, Mask: 0.9548, Acc: 0.9851, Prec: 0.9439, Rec: 0.9283, F1: 0.9359                                                                 
[Epoch 95] Val Loss: 0.0990, Acc: 0.9773, Prec: 0.9250, Rec: 0.8724, F1: 0.8928
        EarlyStopping counter: 8 / 30
[Epoch 96] Train Loss: 0.4459, Alpha: 3.37, Loss_s: 0.0375, Beta: 5.18, Loss_u: 0.0172, Mask: 0.9602, Acc: 0.9856, Prec: 0.9488, Rec: 0.9308, F1: 0.9396                                                                 
[Epoch 96] Val Loss: 0.0880, Acc: 0.9787, Prec: 0.9217, Rec: 0.8807, F1: 0.8974
        Validation F1 improved Saving model: ./checkpoints/best_model.pt
[Epoch 97] Train Loss: 0.4467, Alpha: 3.38, Loss_s: 0.0379, Beta: 5.18, Loss_u: 0.0171, Mask: 0.9615, Acc: 0.9855, Prec: 0.9453, Rec: 0.9316, F1: 0.9383                                                                 
[Epoch 97] Val Loss: 0.1004, Acc: 0.9768, Prec: 0.9234, Rec: 0.8704, F1: 0.8915
        EarlyStopping counter: 1 / 30
[Epoch 98] Train Loss: 0.4414, Alpha: 3.39, Loss_s: 0.0373, Beta: 5.19, Loss_u: 0.0164, Mask: 0.9614, Acc: 0.9855, Prec: 0.9477, Rec: 0.9320, F1: 0.9397                                                                 
[Epoch 98] Val Loss: 0.1091, Acc: 0.9761, Prec: 0.9352, Rec: 0.8544, F1: 0.8873
        EarlyStopping counter: 2 / 30
[Epoch 99] Train Loss: 0.4499, Alpha: 3.40, Loss_s: 0.0363, Beta: 5.15, Loss_u: 0.0188, Mask: 0.9561, Acc: 0.9861, Prec: 0.9461, Rec: 0.9330, F1: 0.9393                                                                 
[Epoch 99] Val Loss: 0.1024, Acc: 0.9765, Prec: 0.9286, Rec: 0.8651, F1: 0.8904
        EarlyStopping counter: 3 / 30
[Epoch 100] Train Loss: 0.4379, Alpha: 3.42, Loss_s: 0.0358, Beta: 5.11, Loss_u: 0.0167, Mask: 0.9633, Acc: 0.9862, Prec: 0.9505, Rec: 0.9364, F1: 0.9433                                                                
[Epoch 100] Val Loss: 0.1065, Acc: 0.9762, Prec: 0.9288, Rec: 0.8579, F1: 0.8886
        EarlyStopping counter: 4 / 30
[Epoch 101] Train Loss: 0.4361, Alpha: 3.44, Loss_s: 0.0355, Beta: 5.16, Loss_u: 0.0166, Mask: 0.9654, Acc: 0.9860, Prec: 0.9429, Rec: 0.9353, F1: 0.9389                                                                
[Epoch 101] Val Loss: 0.1090, Acc: 0.9760, Prec: 0.9303, Rec: 0.8545, F1: 0.8866
        EarlyStopping counter: 5 / 30
[Epoch 102] Train Loss: 0.4356, Alpha: 3.47, Loss_s: 0.0353, Beta: 5.18, Loss_u: 0.0167, Mask: 0.9650, Acc: 0.9863, Prec: 0.9521, Rec: 0.9368, F1: 0.9443                                                                
[Epoch 102] Val Loss: 0.1168, Acc: 0.9749, Prec: 0.9255, Rec: 0.8589, F1: 0.8843
        EarlyStopping counter: 6 / 30
[Epoch 103] Train Loss: 0.4342, Alpha: 3.48, Loss_s: 0.0357, Beta: 5.22, Loss_u: 0.0162, Mask: 0.9647, Acc: 0.9861, Prec: 0.9473, Rec: 0.9385, F1: 0.9428                                                                
[Epoch 103] Val Loss: 0.1170, Acc: 0.9746, Prec: 0.9218, Rec: 0.8494, F1: 0.8771
        EarlyStopping counter: 7 / 30
[Epoch 104] Train Loss: 0.4404, Alpha: 3.48, Loss_s: 0.0353, Beta: 5.21, Loss_u: 0.0176, Mask: 0.9620, Acc: 0.9867, Prec: 0.9528, Rec: 0.9363, F1: 0.9443                                                                
[Epoch 104] Val Loss: 0.1063, Acc: 0.9765, Prec: 0.9226, Rec: 0.8720, F1: 0.8906
        EarlyStopping counter: 8 / 30
[Epoch 105] Train Loss: 0.4387, Alpha: 3.50, Loss_s: 0.0347, Beta: 5.16, Loss_u: 0.0176, Mask: 0.9644, Acc: 0.9864, Prec: 0.9484, Rec: 0.9364, F1: 0.9422                                                                
[Epoch 105] Val Loss: 0.1035, Acc: 0.9773, Prec: 0.9311, Rec: 0.8716, F1: 0.8960
        EarlyStopping counter: 9 / 30
[Epoch 106] Train Loss: 0.4429, Alpha: 3.51, Loss_s: 0.0346, Beta: 5.15, Loss_u: 0.0186, Mask: 0.9601, Acc: 0.9867, Prec: 0.9543, Rec: 0.9406, F1: 0.9473                                                                
[Epoch 106] Val Loss: 0.0999, Acc: 0.9772, Prec: 0.9196, Rec: 0.8758, F1: 0.8925
        EarlyStopping counter: 10 / 30
[Epoch 107] Train Loss: 0.4331, Alpha: 3.52, Loss_s: 0.0339, Beta: 5.10, Loss_u: 0.0172, Mask: 0.9647, Acc: 0.9869, Prec: 0.9529, Rec: 0.9373, F1: 0.9449                                                                
[Epoch 107] Val Loss: 0.1010, Acc: 0.9771, Prec: 0.9275, Rec: 0.8644, F1: 0.8911
        EarlyStopping counter: 11 / 30
[Epoch 108] Train Loss: 0.4335, Alpha: 3.54, Loss_s: 0.0336, Beta: 5.11, Loss_u: 0.0174, Mask: 0.9640, Acc: 0.9868, Prec: 0.9517, Rec: 0.9370, F1: 0.9442                                                                
[Epoch 108] Val Loss: 0.1076, Acc: 0.9768, Prec: 0.9276, Rec: 0.8702, F1: 0.8931
        EarlyStopping counter: 12 / 30
[Epoch 109] Train Loss: 0.4317, Alpha: 3.56, Loss_s: 0.0336, Beta: 5.12, Loss_u: 0.0171, Mask: 0.9609, Acc: 0.9869, Prec: 0.9525, Rec: 0.9409, F1: 0.9466                                                                
[Epoch 109] Val Loss: 0.1013, Acc: 0.9771, Prec: 0.9258, Rec: 0.8654, F1: 0.8897
        EarlyStopping counter: 13 / 30
[Epoch 110] Train Loss: 0.4274, Alpha: 3.57, Loss_s: 0.0331, Beta: 5.14, Loss_u: 0.0166, Mask: 0.9648, Acc: 0.9871, Prec: 0.9549, Rec: 0.9389, F1: 0.9468                                                                
[Epoch 110] Val Loss: 0.1061, Acc: 0.9767, Prec: 0.9244, Rec: 0.8723, F1: 0.8916
        EarlyStopping counter: 14 / 30
[Epoch 111] Train Loss: 0.4232, Alpha: 3.58, Loss_s: 0.0337, Beta: 5.19, Loss_u: 0.0154, Mask: 0.9673, Acc: 0.9870, Prec: 0.9492, Rec: 0.9402, F1: 0.9445                                                                
[Epoch 111] Val Loss: 0.1050, Acc: 0.9771, Prec: 0.9192, Rec: 0.8748, F1: 0.8904
        EarlyStopping counter: 15 / 30
[Epoch 112] Train Loss: 0.4247, Alpha: 3.59, Loss_s: 0.0334, Beta: 5.23, Loss_u: 0.0159, Mask: 0.9655, Acc: 0.9869, Prec: 0.9518, Rec: 0.9411, F1: 0.9464                                                                
[Epoch 112] Val Loss: 0.1138, Acc: 0.9754, Prec: 0.9230, Rec: 0.8602, F1: 0.8851
        EarlyStopping counter: 16 / 30
[Epoch 113] Train Loss: 0.4275, Alpha: 3.60, Loss_s: 0.0325, Beta: 5.25, Loss_u: 0.0171, Mask: 0.9647, Acc: 0.9873, Prec: 0.9544, Rec: 0.9427, F1: 0.9484                                                                
[Epoch 113] Val Loss: 0.1143, Acc: 0.9759, Prec: 0.9210, Rec: 0.8635, F1: 0.8861
        EarlyStopping counter: 17 / 30
[Epoch 114] Train Loss: 0.4362, Alpha: 3.61, Loss_s: 0.0323, Beta: 5.20, Loss_u: 0.0189, Mask: 0.9571, Acc: 0.9873, Prec: 0.9538, Rec: 0.9397, F1: 0.9466                                                                
[Epoch 114] Val Loss: 0.1103, Acc: 0.9767, Prec: 0.9190, Rec: 0.8709, F1: 0.8888
        EarlyStopping counter: 18 / 30
[Epoch 115] Train Loss: 0.4306, Alpha: 3.62, Loss_s: 0.0326, Beta: 5.16, Loss_u: 0.0176, Mask: 0.9616, Acc: 0.9872, Prec: 0.9539, Rec: 0.9445, F1: 0.9491                                                                
[Epoch 115] Val Loss: 0.1117, Acc: 0.9765, Prec: 0.9262, Rec: 0.8671, F1: 0.8908
        EarlyStopping counter: 19 / 30
[Epoch 116] Train Loss: 0.4273, Alpha: 3.63, Loss_s: 0.0319, Beta: 5.15, Loss_u: 0.0174, Mask: 0.9620, Acc: 0.9873, Prec: 0.9544, Rec: 0.9449, F1: 0.9495                                                                
[Epoch 116] Val Loss: 0.1107, Acc: 0.9763, Prec: 0.9141, Rec: 0.8689, F1: 0.8852
        EarlyStopping counter: 20 / 30
[Epoch 117] Train Loss: 0.4215, Alpha: 3.64, Loss_s: 0.0323, Beta: 5.16, Loss_u: 0.0160, Mask: 0.9643, Acc: 0.9874, Prec: 0.9559, Rec: 0.9430, F1: 0.9493                                                                
[Epoch 117] Val Loss: 0.1247, Acc: 0.9738, Prec: 0.9197, Rec: 0.8518, F1: 0.8769
        EarlyStopping counter: 21 / 30
[Epoch 118] Train Loss: 0.4171, Alpha: 3.65, Loss_s: 0.0317, Beta: 5.20, Loss_u: 0.0156, Mask: 0.9661, Acc: 0.9877, Prec: 0.9553, Rec: 0.9427, F1: 0.9489                                                                
[Epoch 118] Val Loss: 0.1169, Acc: 0.9754, Prec: 0.9235, Rec: 0.8612, F1: 0.8854
        EarlyStopping counter: 22 / 30
[Epoch 119] Train Loss: 0.4219, Alpha: 3.66, Loss_s: 0.0313, Beta: 5.21, Loss_u: 0.0168, Mask: 0.9652, Acc: 0.9879, Prec: 0.9579, Rec: 0.9424, F1: 0.9500                                                                
[Epoch 119] Val Loss: 0.1176, Acc: 0.9752, Prec: 0.9148, Rec: 0.8553, F1: 0.8783
        EarlyStopping counter: 23 / 30
[Epoch 120] Train Loss: 0.4227, Alpha: 3.68, Loss_s: 0.0308, Beta: 5.21, Loss_u: 0.0173, Mask: 0.9633, Acc: 0.9878, Prec: 0.9567, Rec: 0.9421, F1: 0.9493                                                                
[Epoch 120] Val Loss: 0.1100, Acc: 0.9763, Prec: 0.9121, Rec: 0.8607, F1: 0.8804
        EarlyStopping counter: 24 / 30
[Epoch 121] Train Loss: 0.4219, Alpha: 3.69, Loss_s: 0.0305, Beta: 5.19, Loss_u: 0.0174, Mask: 0.9634, Acc: 0.9878, Prec: 0.9572, Rec: 0.9458, F1: 0.9513                                                                
[Epoch 121] Val Loss: 0.1136, Acc: 0.9759, Prec: 0.9181, Rec: 0.8604, F1: 0.8833
        EarlyStopping counter: 25 / 30
[Epoch 122] Train Loss: 0.4225, Alpha: 3.70, Loss_s: 0.0307, Beta: 5.19, Loss_u: 0.0174, Mask: 0.9616, Acc: 0.9879, Prec: 0.9568, Rec: 0.9459, F1: 0.9512                                                                
[Epoch 122] Val Loss: 0.1091, Acc: 0.9769, Prec: 0.9266, Rec: 0.8642, F1: 0.8904
        EarlyStopping counter: 26 / 30
[Epoch 123] Train Loss: 0.4153, Alpha: 3.71, Loss_s: 0.0304, Beta: 5.18, Loss_u: 0.0162, Mask: 0.9632, Acc: 0.9882, Prec: 0.9615, Rec: 0.9456, F1: 0.9534                                                                
[Epoch 123] Val Loss: 0.1126, Acc: 0.9761, Prec: 0.9254, Rec: 0.8604, F1: 0.8872
        EarlyStopping counter: 27 / 30
[Epoch 124] Train Loss: 0.4204, Alpha: 3.72, Loss_s: 0.0301, Beta: 5.19, Loss_u: 0.0174, Mask: 0.9627, Acc: 0.9880, Prec: 0.9559, Rec: 0.9454, F1: 0.9506                                                                
[Epoch 124] Val Loss: 0.1135, Acc: 0.9755, Prec: 0.9165, Rec: 0.8687, F1: 0.8863
        EarlyStopping counter: 28 / 30
[Epoch 125] Train Loss: 0.4188, Alpha: 3.73, Loss_s: 0.0290, Beta: 5.18, Loss_u: 0.0179, Mask: 0.9622, Acc: 0.9885, Prec: 0.9602, Rec: 0.9484, F1: 0.9542                                                                
[Epoch 125] Val Loss: 0.1196, Acc: 0.9759, Prec: 0.9205, Rec: 0.8648, F1: 0.8868
        EarlyStopping counter: 29 / 30
[Epoch 126] Train Loss: 0.4163, Alpha: 3.75, Loss_s: 0.0291, Beta: 5.17, Loss_u: 0.0173, Mask: 0.9636, Acc: 0.9887, Prec: 0.9588, Rec: 0.9513, F1: 0.9550                                                                
[Epoch 126] Val Loss: 0.1206, Acc: 0.9751, Prec: 0.9230, Rec: 0.8601, F1: 0.8854
        EarlyStopping counter: 30 / 30
Early stopping triggered...
Total training time: 193 min 6.43 sec
Loaded best model.
[Best Model Train] Loss: 0.0744, Acc: 0.9796, Prec: 0.9412, Rec: 0.8936, F1: 0.9142                                                                                                                                      
[Best Model Train] Classification Report:
              precision    recall  f1-score   support

           0     0.9873    0.8683    0.9240      3220
           1     0.8877    0.9880    0.9352       416
           2     0.9632    0.7528    0.8451      3891
           3     0.9837    0.9868    0.9852      7260
           4     0.9037    0.7416    0.8147      2694
           5     0.9536    0.9183    0.9356       649
           6     0.8533    0.8065    0.8292       894
           7     0.9561    0.9820    0.9689       111
           8     0.9826    0.9979    0.9902    110573

    accuracy                         0.9796    129708
   macro avg     0.9412    0.8936    0.9142    129708
weighted avg     0.9792    0.9796    0.9787    129708

[Best Model Train] Confusion Matrix:
[[  2796     14      2      0     31      1      1      0    375]
 [     0    411      0      1      1      0      0      0      3]
 [     5      6   2929     79     79      9      6      0    778]
 [     0      0     11   7164      0      2      1      0     82]
 [    18     21     38      0   1998      3     69      0    547]
 [     3      7     10      0     17    596      1      5     10]
 [     0      0      2      0     12      0    721      0    159]
 [     1      1      0      0      0      0      0    109      0]
 [     9      3     49     39     73     14     46      0 110340]]

[Best Model Validation] Loss: 0.0880, Acc: 0.9787, Prec: 0.9217, Rec: 0.8807, F1: 0.8974                                                                                                                                 
[Best Model Validation] Classification Report:
              precision    recall  f1-score   support

           0     0.9839    0.8540    0.9144       644
           1     0.7980    0.9518    0.8681        83
           2     0.9465    0.7506    0.8373       778
           3     0.9788    0.9862    0.9825      1452
           4     0.8924    0.7398    0.8089       538
           5     0.9558    0.8372    0.8926       129
           6     0.8000    0.8090    0.8045       178
           7     0.9565    1.0000    0.9778        22
           8     0.9836    0.9980    0.9907     22114

    accuracy                         0.9787     25938
   macro avg     0.9217    0.8807    0.8974     25938
weighted avg     0.9783    0.9787    0.9778     25938

[Best Model Validation] Confusion Matrix:
[[  550     7     0     0     4     0     2     0    81]
 [    0    79     0     0     3     1     0     0     0]
 [    1     2   584    21    21     1     4     0   144]
 [    0     0     9  1432     0     0     0     0    11]
 [    4     5    10     0   398     1    18     0   102]
 [    2     4     5     0     6   108     1     1     2]
 [    0     0     2     0     3     0   144     0    29]
 [    0     0     0     0     0     0     0    22     0]
 [    2     2     7    10    11     2    11     0 22069]]

[Test] Loss: 0.0860, Acc: 0.9789, Prec: 0.9318, Rec: 0.8718, F1: 0.8984                                                                                                                                                  
[Test] Classification Report:
              precision    recall  f1-score   support

           0     0.9812    0.8488    0.9102       430
           1     0.8361    0.9107    0.8718        56
           2     0.9568    0.7673    0.8517       520
           3     0.9856    0.9886    0.9871       968
           4     0.9175    0.7396    0.8190       361
           5     0.9419    0.9205    0.9310        88
           6     0.8476    0.7355    0.7876       121
           7     0.9375    0.9375    0.9375        16
           8     0.9820    0.9980    0.9899     14744

    accuracy                         0.9789     17304
   macro avg     0.9318    0.8718    0.8984     17304
weighted avg     0.9784    0.9789    0.9779     17304

[Test] Confusion Matrix:
[[  365     1     0     0     5     0     0     0    59]
 [    0    51     0     0     4     0     0     0     1]
 [    0     1   399    11     9     0     0     0   100]
 [    0     0     3   957     0     0     0     0     8]
 [    3     6     6     0   267     1     7     0    71]
 [    1     1     2     0     2    81     0     1     0]
 [    0     0     0     0     1     0    89     0    31]
 [    0     0     0     0     0     1     0    15     0]
 [    3     1     7     3     3     3     9     0 14715]]