## backbone unfreeze
## fc.classifier unfreeze

04/27/2026 09:33:01 - INFO - root -   train_labeled_dataset: 129708
04/27/2026 09:33:01 - INFO - root -   val_dataset: 25938
04/27/2026 09:33:01 - INFO - root -   test_dataset: 17304
04/27/2026 09:33:01 - INFO - root -   train_unlabeled_dataset: 638507


[Epoch 1] Val Loss: 0.1155, Acc: 0.9669, Prec: 0.7671, Rec: 0.6938, F1: 0.7233
        Validation F1 improved → Saving model: ./checkpoints/best_model.pt
[Epoch 2] Train Loss: 0.0265, Loss_s: 0.0259, Loss_u: 0.0027, Mask: 0.5336, Acc: 0.9663, Prec: 0.8278, Rec: 0.7862, F1: 0.8058                                                                                   
[Epoch 2] Val Loss: 0.1012, Acc: 0.9655, Prec: 0.8421, Rec: 0.7769, F1: 0.7826
        Validation F1 improved → Saving model: ./checkpoints/best_model.pt
[Epoch 3] Train Loss: 0.0234, Loss_s: 0.0229, Loss_u: 0.0025, Mask: 0.5485, Acc: 0.9677, Prec: 0.8445, Rec: 0.8117, F1: 0.8274                                                                                   
[Epoch 3] Val Loss: 0.1074, Acc: 0.9682, Prec: 0.8305, Rec: 0.8472, F1: 0.8313
        Validation F1 improved → Saving model: ./checkpoints/best_model.pt
[Epoch 4] Train Loss: 0.0226, Loss_s: 0.0221, Loss_u: 0.0027, Mask: 0.5022, Acc: 0.9686, Prec: 0.8492, Rec: 0.8177, F1: 0.8325                                                                                   
[Epoch 4] Val Loss: 0.1022, Acc: 0.9671, Prec: 0.9098, Rec: 0.7715, F1: 0.8272
        EarlyStopping counter: 1 / 30
[Epoch 5] Train Loss: 0.0221, Loss_s: 0.0216, Loss_u: 0.0024, Mask: 0.4400, Acc: 0.9690, Prec: 0.8470, Rec: 0.8112, F1: 0.8278                                                                                   
[Epoch 5] Val Loss: 0.1274, Acc: 0.9663, Prec: 0.8252, Rec: 0.8674, F1: 0.8307
        EarlyStopping counter: 2 / 30
[Epoch 6] Train Loss: 0.0224, Loss_s: 0.0218, Loss_u: 0.0031, Mask: 0.4281, Acc: 0.9693, Prec: 0.8441, Rec: 0.8107, F1: 0.8263                                                                                   
[Epoch 6] Val Loss: 0.1259, Acc: 0.9708, Prec: 0.8469, Rec: 0.8607, F1: 0.8488
        Validation F1 improved → Saving model: ./checkpoints/best_model.pt
[Epoch 7] Train Loss: 0.0216, Loss_s: 0.0208, Loss_u: 0.0038, Mask: 0.4431, Acc: 0.9700, Prec: 0.8612, Rec: 0.8243, F1: 0.8416                                                                                   
[Epoch 7] Val Loss: 0.1043, Acc: 0.9710, Prec: 0.8509, Rec: 0.8297, F1: 0.8280
        EarlyStopping counter: 1 / 30
[Epoch 8] Train Loss: 0.0208, Loss_s: 0.0202, Loss_u: 0.0029, Mask: 0.4101, Acc: 0.9707, Prec: 0.8582, Rec: 0.8235, F1: 0.8396                                                                                   
[Epoch 8] Val Loss: 0.1331, Acc: 0.9679, Prec: 0.8742, Rec: 0.7984, F1: 0.8274
        EarlyStopping counter: 2 / 30
[Epoch 9] Train Loss: 0.0205, Loss_s: 0.0200, Loss_u: 0.0027, Mask: 0.3602, Acc: 0.9703, Prec: 0.8549, Rec: 0.8269, F1: 0.8400                                                                                   
[Epoch 9] Val Loss: 0.1276, Acc: 0.9757, Prec: 0.8938, Rec: 0.8637, F1: 0.8742
        Validation F1 improved → Saving model: ./checkpoints/best_model.pt
[Epoch 10] Train Loss: 0.0200, Loss_s: 0.0193, Loss_u: 0.0035, Mask: 0.3457, Acc: 0.9712, Prec: 0.8609, Rec: 0.8303, F1: 0.8446                                                                                  
[Epoch 10] Val Loss: 0.1172, Acc: 0.9662, Prec: 0.8515, Rec: 0.7943, F1: 0.8129
        EarlyStopping counter: 1 / 30
[Epoch 11] Train Loss: 0.0196, Loss_s: 0.0191, Loss_u: 0.0029, Mask: 0.4062, Acc: 0.9720, Prec: 0.8637, Rec: 0.8287, F1: 0.8452                                                                                  
[Epoch 11] Val Loss: 0.1259, Acc: 0.9674, Prec: 0.8420, Rec: 0.8409, F1: 0.8385
        EarlyStopping counter: 2 / 30
[Epoch 12] Train Loss: 0.0187, Loss_s: 0.0182, Loss_u: 0.0024, Mask: 0.4493, Acc: 0.9721, Prec: 0.8718, Rec: 0.8389, F1: 0.8542                                                                                  
[Epoch 12] Val Loss: 0.1211, Acc: 0.9721, Prec: 0.8445, Rec: 0.8636, F1: 0.8495
        EarlyStopping counter: 3 / 30
[Epoch 13] Train Loss: 0.0186, Loss_s: 0.0181, Loss_u: 0.0022, Mask: 0.4302, Acc: 0.9719, Prec: 0.8693, Rec: 0.8406, F1: 0.8540                                                                                  
[Epoch 13] Val Loss: 0.1456, Acc: 0.9729, Prec: 0.8486, Rec: 0.8488, F1: 0.8440
        EarlyStopping counter: 4 / 30
[Epoch 14] Train Loss: 0.0179, Loss_s: 0.0174, Loss_u: 0.0026, Mask: 0.4656, Acc: 0.9724, Prec: 0.8738, Rec: 0.8409, F1: 0.8565                                                                                  
[Epoch 14] Val Loss: 0.0976, Acc: 0.9716, Prec: 0.8613, Rec: 0.8585, F1: 0.8571
        EarlyStopping counter: 5 / 30
[Epoch 15] Train Loss: 0.0176, Loss_s: 0.0171, Loss_u: 0.0024, Mask: 0.4983, Acc: 0.9733, Prec: 0.8734, Rec: 0.8448, F1: 0.8584                                                                                  
[Epoch 15] Val Loss: 0.1637, Acc: 0.9666, Prec: 0.8198, Rec: 0.8935, F1: 0.8520
        EarlyStopping counter: 6 / 30
[Epoch 16] Train Loss: 0.0170, Loss_s: 0.0165, Loss_u: 0.0025, Mask: 0.4712, Acc: 0.9729, Prec: 0.8754, Rec: 0.8429, F1: 0.8584                                                                                  
[Epoch 16] Val Loss: 0.1250, Acc: 0.9718, Prec: 0.8665, Rec: 0.8588, F1: 0.8549
        EarlyStopping counter: 7 / 30
[Epoch 17] Train Loss: 0.0169, Loss_s: 0.0164, Loss_u: 0.0024, Mask: 0.4666, Acc: 0.9733, Prec: 0.8778, Rec: 0.8488, F1: 0.8624                                                                                  
[Epoch 17] Val Loss: 0.1266, Acc: 0.9744, Prec: 0.8895, Rec: 0.8121, F1: 0.8393
        EarlyStopping counter: 8 / 30
[Epoch 18] Train Loss: 0.0164, Loss_s: 0.0159, Loss_u: 0.0025, Mask: 0.4639, Acc: 0.9733, Prec: 0.8733, Rec: 0.8478, F1: 0.8597                                                                                  
[Epoch 18] Val Loss: 0.1261, Acc: 0.9740, Prec: 0.8688, Rec: 0.8879, F1: 0.8746
        Validation F1 improved → Saving model: ./checkpoints/best_model.pt
[Epoch 19] Train Loss: 0.0159, Loss_s: 0.0155, Loss_u: 0.0020, Mask: 0.4793, Acc: 0.9739, Prec: 0.8761, Rec: 0.8496, F1: 0.8621                                                                                  
[Epoch 19] Val Loss: 0.1325, Acc: 0.9698, Prec: 0.8409, Rec: 0.8602, F1: 0.8439
        EarlyStopping counter: 1 / 30
[Epoch 20] Train Loss: 0.0158, Loss_s: 0.0155, Loss_u: 0.0019, Mask: 0.5403, Acc: 0.9744, Prec: 0.8801, Rec: 0.8508, F1: 0.8647                                                                                  
[Epoch 20] Val Loss: 0.1204, Acc: 0.9738, Prec: 0.8449, Rec: 0.8864, F1: 0.8608
        EarlyStopping counter: 2 / 30
[Epoch 21] Train Loss: 0.0152, Loss_s: 0.0147, Loss_u: 0.0023, Mask: 0.5280, Acc: 0.9746, Prec: 0.8800, Rec: 0.8581, F1: 0.8684                                                                                  
[Epoch 21] Val Loss: 0.1386, Acc: 0.9711, Prec: 0.8459, Rec: 0.8757, F1: 0.8585
        EarlyStopping counter: 3 / 30
[Epoch 22] Train Loss: 0.0151, Loss_s: 0.0147, Loss_u: 0.0021, Mask: 0.5834, Acc: 0.9753, Prec: 0.8859, Rec: 0.8632, F1: 0.8739                                                                                  
[Epoch 22] Val Loss: 0.1307, Acc: 0.9722, Prec: 0.8414, Rec: 0.8900, F1: 0.8617
        EarlyStopping counter: 4 / 30
[Epoch 23] Train Loss: 0.0149, Loss_s: 0.0145, Loss_u: 0.0019, Mask: 0.5832, Acc: 0.9753, Prec: 0.8907, Rec: 0.8603, F1: 0.8748                                                                                  
[Epoch 23] Val Loss: 0.1244, Acc: 0.9738, Prec: 0.8740, Rec: 0.8506, F1: 0.8590
        EarlyStopping counter: 5 / 30
[Epoch 24] Train Loss: 0.0152, Loss_s: 0.0147, Loss_u: 0.0023, Mask: 0.5500, Acc: 0.9753, Prec: 0.8911, Rec: 0.8619, F1: 0.8757                                                                                  
[Epoch 24] Val Loss: 0.1143, Acc: 0.9735, Prec: 0.8539, Rec: 0.8653, F1: 0.8529
        EarlyStopping counter: 6 / 30
[Epoch 25] Train Loss: 0.0147, Loss_s: 0.0143, Loss_u: 0.0019, Mask: 0.5511, Acc: 0.9753, Prec: 0.8831, Rec: 0.8590, F1: 0.8703                                                                                  
[Epoch 25] Val Loss: 0.1018, Acc: 0.9745, Prec: 0.8825, Rec: 0.8570, F1: 0.8622
        EarlyStopping counter: 7 / 30
[Epoch 26] Train Loss: 0.0144, Loss_s: 0.0140, Loss_u: 0.0020, Mask: 0.4802, Acc: 0.9753, Prec: 0.8903, Rec: 0.8641, F1: 0.8766                                                                                  
[Epoch 26] Val Loss: 0.1158, Acc: 0.9756, Prec: 0.8963, Rec: 0.8616, F1: 0.8765
        Validation F1 improved → Saving model: ./checkpoints/best_model.pt
[Epoch 27] Train Loss: 0.0144, Loss_s: 0.0140, Loss_u: 0.0020, Mask: 0.5388, Acc: 0.9756, Prec: 0.8866, Rec: 0.8550, F1: 0.8700                                                                                  
[Epoch 27] Val Loss: 0.1078, Acc: 0.9750, Prec: 0.9049, Rec: 0.8411, F1: 0.8695
        EarlyStopping counter: 1 / 30
[Epoch 28] Train Loss: 0.0140, Loss_s: 0.0136, Loss_u: 0.0021, Mask: 0.5243, Acc: 0.9761, Prec: 0.8918, Rec: 0.8658, F1: 0.8782                                                                                  
[Epoch 28] Val Loss: 0.1149, Acc: 0.9769, Prec: 0.8779, Rec: 0.8798, F1: 0.8761
        EarlyStopping counter: 2 / 30
[Epoch 29] Train Loss: 0.0141, Loss_s: 0.0137, Loss_u: 0.0020, Mask: 0.5912, Acc: 0.9756, Prec: 0.8883, Rec: 0.8619, F1: 0.8743                                                                                  
[Epoch 29] Val Loss: 0.1155, Acc: 0.9757, Prec: 0.8665, Rec: 0.8697, F1: 0.8640
        EarlyStopping counter: 3 / 30
[Epoch 30] Train Loss: 0.0139, Loss_s: 0.0135, Loss_u: 0.0019, Mask: 0.5727, Acc: 0.9756, Prec: 0.8915, Rec: 0.8613, F1: 0.8756                                                                                  
[Epoch 30] Val Loss: 0.1113, Acc: 0.9718, Prec: 0.8595, Rec: 0.8695, F1: 0.8579
        EarlyStopping counter: 4 / 30
[Epoch 31] Train Loss: 0.0138, Loss_s: 0.0134, Loss_u: 0.0021, Mask: 0.5785, Acc: 0.9762, Prec: 0.8936, Rec: 0.8643, F1: 0.8783                                                                                  
[Epoch 31] Val Loss: 0.1210, Acc: 0.9754, Prec: 0.8625, Rec: 0.8999, F1: 0.8787
        Validation F1 improved → Saving model: ./checkpoints/best_model.pt
[Epoch 32] Train Loss: 0.0134, Loss_s: 0.0130, Loss_u: 0.0022, Mask: 0.5881, Acc: 0.9767, Prec: 0.8935, Rec: 0.8695, F1: 0.8808                                                                                  
[Epoch 32] Val Loss: 0.1153, Acc: 0.9755, Prec: 0.8790, Rec: 0.8636, F1: 0.8671
        EarlyStopping counter: 1 / 30
[Epoch 33] Train Loss: 0.0134, Loss_s: 0.0130, Loss_u: 0.0021, Mask: 0.5820, Acc: 0.9765, Prec: 0.8981, Rec: 0.8725, F1: 0.8847                                                                                  
[Epoch 33] Val Loss: 0.0871, Acc: 0.9757, Prec: 0.8928, Rec: 0.8589, F1: 0.8694
        EarlyStopping counter: 2 / 30
[Epoch 34] Train Loss: 0.0134, Loss_s: 0.0130, Loss_u: 0.0020, Mask: 0.6005, Acc: 0.9764, Prec: 0.8955, Rec: 0.8663, F1: 0.8801                                                                                  
[Epoch 34] Val Loss: 0.1053, Acc: 0.9756, Prec: 0.8720, Rec: 0.8957, F1: 0.8809
        Validation F1 improved → Saving model: ./checkpoints/best_model.pt
[Epoch 35] Train Loss: 0.0133, Loss_s: 0.0128, Loss_u: 0.0022, Mask: 0.6398, Acc: 0.9769, Prec: 0.8949, Rec: 0.8728, F1: 0.8832                                                                                  
[Epoch 35] Val Loss: 0.1056, Acc: 0.9739, Prec: 0.8771, Rec: 0.8673, F1: 0.8691
        EarlyStopping counter: 1 / 30
[Epoch 36] Train Loss: 0.0136, Loss_s: 0.0132, Loss_u: 0.0023, Mask: 0.6268, Acc: 0.9767, Prec: 0.8955, Rec: 0.8682, F1: 0.8812                                                                                  
[Epoch 36] Val Loss: 0.1263, Acc: 0.9741, Prec: 0.8623, Rec: 0.8875, F1: 0.8710
        EarlyStopping counter: 2 / 30
[Epoch 37] Train Loss: 0.0132, Loss_s: 0.0127, Loss_u: 0.0022, Mask: 0.6013, Acc: 0.9768, Prec: 0.8974, Rec: 0.8721, F1: 0.8841                                                                                  
[Epoch 37] Val Loss: 0.1171, Acc: 0.9738, Prec: 0.8736, Rec: 0.8726, F1: 0.8687
        EarlyStopping counter: 3 / 30
[Epoch 38] Train Loss: 0.0130, Loss_s: 0.0125, Loss_u: 0.0021, Mask: 0.6161, Acc: 0.9774, Prec: 0.9016, Rec: 0.8772, F1: 0.8887                                                                                  
[Epoch 38] Val Loss: 0.1394, Acc: 0.9756, Prec: 0.8719, Rec: 0.8887, F1: 0.8782
        EarlyStopping counter: 4 / 30
[Epoch 39] Train Loss: 0.0128, Loss_s: 0.0124, Loss_u: 0.0020, Mask: 0.5787, Acc: 0.9772, Prec: 0.8979, Rec: 0.8716, F1: 0.8842                                                                                  
[Epoch 39] Val Loss: 0.1073, Acc: 0.9769, Prec: 0.8696, Rec: 0.8920, F1: 0.8782
        EarlyStopping counter: 5 / 30
[Epoch 40] Train Loss: 0.0130, Loss_s: 0.0127, Loss_u: 0.0016, Mask: 0.6098, Acc: 0.9767, Prec: 0.8974, Rec: 0.8703, F1: 0.8832                                                                                  
[Epoch 40] Val Loss: 0.1076, Acc: 0.9778, Prec: 0.8784, Rec: 0.8894, F1: 0.8812
        Validation F1 improved → Saving model: ./checkpoints/best_model.pt
[Epoch 41] Train Loss: 0.0126, Loss_s: 0.0122, Loss_u: 0.0019, Mask: 0.5967, Acc: 0.9773, Prec: 0.9037, Rec: 0.8769, F1: 0.8896                                                                                  
[Epoch 41] Val Loss: 0.1015, Acc: 0.9753, Prec: 0.8610, Rec: 0.8900, F1: 0.8738
        EarlyStopping counter: 1 / 30
[Epoch 42] Train Loss: 0.0124, Loss_s: 0.0120, Loss_u: 0.0020, Mask: 0.5964, Acc: 0.9775, Prec: 0.8990, Rec: 0.8756, F1: 0.8867                                                                                  
[Epoch 42] Val Loss: 0.1083, Acc: 0.9776, Prec: 0.8835, Rec: 0.8967, F1: 0.8884
        Validation F1 improved → Saving model: ./checkpoints/best_model.pt
[Epoch 43] Train Loss: 0.0125, Loss_s: 0.0121, Loss_u: 0.0021, Mask: 0.6342, Acc: 0.9779, Prec: 0.9030, Rec: 0.8794, F1: 0.8907                                                                                  
[Epoch 43] Val Loss: 0.1264, Acc: 0.9749, Prec: 0.8645, Rec: 0.8843, F1: 0.8713
        EarlyStopping counter: 1 / 30
[Epoch 44] Train Loss: 0.0125, Loss_s: 0.0122, Loss_u: 0.0018, Mask: 0.6186, Acc: 0.9772, Prec: 0.8972, Rec: 0.8731, F1: 0.8846                                                                                  
[Epoch 44] Val Loss: 0.1114, Acc: 0.9785, Prec: 0.8994, Rec: 0.8789, F1: 0.8882
        EarlyStopping counter: 2 / 30
[Epoch 45] Train Loss: 0.0123, Loss_s: 0.0119, Loss_u: 0.0019, Mask: 0.6397, Acc: 0.9781, Prec: 0.9093, Rec: 0.8786, F1: 0.8932                                                                                  
[Epoch 45] Val Loss: 0.1063, Acc: 0.9767, Prec: 0.8856, Rec: 0.8897, F1: 0.8855
        EarlyStopping counter: 3 / 30
[Epoch 46] Train Loss: 0.0121, Loss_s: 0.0116, Loss_u: 0.0023, Mask: 0.6081, Acc: 0.9775, Prec: 0.9065, Rec: 0.8807, F1: 0.8931                                                                                  
[Epoch 46] Val Loss: 0.1079, Acc: 0.9780, Prec: 0.8982, Rec: 0.8765, F1: 0.8849
        EarlyStopping counter: 4 / 30
[Epoch 47] Train Loss: 0.0125, Loss_s: 0.0120, Loss_u: 0.0025, Mask: 0.5850, Acc: 0.9778, Prec: 0.9038, Rec: 0.8785, F1: 0.8906                                                                                  
[Epoch 47] Val Loss: 0.1355, Acc: 0.9748, Prec: 0.8603, Rec: 0.9043, F1: 0.8781
        EarlyStopping counter: 5 / 30
[Epoch 48] Train Loss: 0.0123, Loss_s: 0.0118, Loss_u: 0.0022, Mask: 0.6721, Acc: 0.9781, Prec: 0.9025, Rec: 0.8791, F1: 0.8903                                                                                  
[Epoch 48] Val Loss: 0.1058, Acc: 0.9784, Prec: 0.8783, Rec: 0.8897, F1: 0.8820
        EarlyStopping counter: 6 / 30
[Epoch 49] Train Loss: 0.0118, Loss_s: 0.0113, Loss_u: 0.0023, Mask: 0.6556, Acc: 0.9782, Prec: 0.9062, Rec: 0.8836, F1: 0.8943                                                                                  
[Epoch 49] Val Loss: 0.1142, Acc: 0.9772, Prec: 0.8598, Rec: 0.9055, F1: 0.8800
        EarlyStopping counter: 7 / 30
[Epoch 50] Train Loss: 0.0118, Loss_s: 0.0114, Loss_u: 0.0021, Mask: 0.6563, Acc: 0.9778, Prec: 0.9058, Rec: 0.8777, F1: 0.8912                                                                                  
[Epoch 50] Val Loss: 0.1067, Acc: 0.9772, Prec: 0.8744, Rec: 0.8881, F1: 0.8803
        EarlyStopping counter: 8 / 30
[Epoch 51] Train Loss: 0.0119, Loss_s: 0.0116, Loss_u: 0.0018, Mask: 0.6368, Acc: 0.9782, Prec: 0.9030, Rec: 0.8815, F1: 0.8917                                                                                  
[Epoch 51] Val Loss: 0.1022, Acc: 0.9772, Prec: 0.8967, Rec: 0.8621, F1: 0.8765
        EarlyStopping counter: 9 / 30
[Epoch 52] Train Loss: 0.0118, Loss_s: 0.0114, Loss_u: 0.0020, Mask: 0.6830, Acc: 0.9779, Prec: 0.9006, Rec: 0.8779, F1: 0.8887                                                                                  
[Epoch 52] Val Loss: 0.1152, Acc: 0.9750, Prec: 0.8699, Rec: 0.8877, F1: 0.8742
        EarlyStopping counter: 10 / 30
[Epoch 53] Train Loss: 0.0114, Loss_s: 0.0110, Loss_u: 0.0022, Mask: 0.6652, Acc: 0.9786, Prec: 0.9097, Rec: 0.8856, F1: 0.8971                                                                                  
[Epoch 53] Val Loss: 0.1450, Acc: 0.9582, Prec: 0.8491, Rec: 0.8419, F1: 0.8382
        EarlyStopping counter: 11 / 30
[Epoch 54] Train Loss: 0.0119, Loss_s: 0.0114, Loss_u: 0.0025, Mask: 0.6830, Acc: 0.9782, Prec: 0.9052, Rec: 0.8794, F1: 0.8918                                                                                  
[Epoch 54] Val Loss: 0.1092, Acc: 0.9772, Prec: 0.8831, Rec: 0.8795, F1: 0.8783
        EarlyStopping counter: 12 / 30
[Epoch 55] Train Loss: 0.0117, Loss_s: 0.0113, Loss_u: 0.0021, Mask: 0.6626, Acc: 0.9780, Prec: 0.9072, Rec: 0.8783, F1: 0.8923                                                                                  
[Epoch 55] Val Loss: 0.1168, Acc: 0.9760, Prec: 0.8485, Rec: 0.9048, F1: 0.8687
        EarlyStopping counter: 13 / 30
[Epoch 56] Train Loss: 0.0113, Loss_s: 0.0109, Loss_u: 0.0023, Mask: 0.6815, Acc: 0.9786, Prec: 0.9107, Rec: 0.8873, F1: 0.8985                                                                                  
[Epoch 56] Val Loss: 0.1079, Acc: 0.9763, Prec: 0.8786, Rec: 0.8900, F1: 0.8825
        EarlyStopping counter: 14 / 30
[Epoch 57] Train Loss: 0.0116, Loss_s: 0.0111, Loss_u: 0.0024, Mask: 0.6329, Acc: 0.9785, Prec: 0.9033, Rec: 0.8817, F1: 0.8920                                                                                  
[Epoch 57] Val Loss: 0.1173, Acc: 0.9761, Prec: 0.9005, Rec: 0.8759, F1: 0.8852
        EarlyStopping counter: 15 / 30
[Epoch 58] Train Loss: 0.0114, Loss_s: 0.0109, Loss_u: 0.0027, Mask: 0.6660, Acc: 0.9788, Prec: 0.9060, Rec: 0.8851, F1: 0.8950                                                                                  
[Epoch 58] Val Loss: 0.1106, Acc: 0.9761, Prec: 0.8637, Rec: 0.8950, F1: 0.8764
        EarlyStopping counter: 16 / 30
[Epoch 59] Train Loss: 0.0112, Loss_s: 0.0107, Loss_u: 0.0025, Mask: 0.6290, Acc: 0.9789, Prec: 0.9122, Rec: 0.8879, F1: 0.8996                                                                                  
[Epoch 59] Val Loss: 0.1008, Acc: 0.9765, Prec: 0.8739, Rec: 0.9028, F1: 0.8857
        EarlyStopping counter: 17 / 30
[Epoch 60] Train Loss: 0.0107, Loss_s: 0.0102, Loss_u: 0.0024, Mask: 0.6385, Acc: 0.9792, Prec: 0.9127, Rec: 0.8912, F1: 0.9015                                                                                  
[Epoch 60] Val Loss: 0.1112, Acc: 0.9763, Prec: 0.8867, Rec: 0.8844, F1: 0.8836
        EarlyStopping counter: 18 / 30
[Epoch 61] Train Loss: 0.0114, Loss_s: 0.0109, Loss_u: 0.0025, Mask: 0.6304, Acc: 0.9787, Prec: 0.9079, Rec: 0.8835, F1: 0.8951                                                                                  
[Epoch 61] Val Loss: 0.1045, Acc: 0.9771, Prec: 0.8589, Rec: 0.8987, F1: 0.8737
        EarlyStopping counter: 19 / 30
[Epoch 62] Train Loss: 0.0110, Loss_s: 0.0105, Loss_u: 0.0026, Mask: 0.6653, Acc: 0.9786, Prec: 0.9125, Rec: 0.8854, F1: 0.8984                                                                                  
[Epoch 62] Val Loss: 0.1027, Acc: 0.9742, Prec: 0.8670, Rec: 0.8994, F1: 0.8813
        EarlyStopping counter: 20 / 30
[Epoch 63] Train Loss: 0.0113, Loss_s: 0.0108, Loss_u: 0.0027, Mask: 0.6894, Acc: 0.9791, Prec: 0.9133, Rec: 0.8874, F1: 0.8998                                                                                  
[Epoch 63] Val Loss: 0.1096, Acc: 0.9746, Prec: 0.8635, Rec: 0.9159, F1: 0.8875
        EarlyStopping counter: 21 / 30
[Epoch 64] Train Loss: 0.0109, Loss_s: 0.0104, Loss_u: 0.0023, Mask: 0.6709, Acc: 0.9786, Prec: 0.9065, Rec: 0.8830, F1: 0.8942                                                                                  
[Epoch 64] Val Loss: 0.1121, Acc: 0.9786, Prec: 0.8914, Rec: 0.8963, F1: 0.8910
        Validation F1 improved → Saving model: ./checkpoints/best_model.pt
[Epoch 65] Train Loss: 0.0109, Loss_s: 0.0104, Loss_u: 0.0025, Mask: 0.6710, Acc: 0.9795, Prec: 0.9154, Rec: 0.8895, F1: 0.9019                                                                                  
[Epoch 65] Val Loss: 0.1017, Acc: 0.9771, Prec: 0.8916, Rec: 0.8808, F1: 0.8837
        EarlyStopping counter: 1 / 30
[Epoch 66] Train Loss: 0.0110, Loss_s: 0.0105, Loss_u: 0.0024, Mask: 0.6753, Acc: 0.9791, Prec: 0.9135, Rec: 0.8869, F1: 0.8997                                                                                  
[Epoch 66] Val Loss: 0.1098, Acc: 0.9779, Prec: 0.8977, Rec: 0.8812, F1: 0.8882
        EarlyStopping counter: 2 / 30
[Epoch 67] Train Loss: 0.0107, Loss_s: 0.0102, Loss_u: 0.0025, Mask: 0.6823, Acc: 0.9793, Prec: 0.9131, Rec: 0.8878, F1: 0.8999                                                                                  
[Epoch 67] Val Loss: 0.0931, Acc: 0.9772, Prec: 0.8714, Rec: 0.8983, F1: 0.8824
        EarlyStopping counter: 3 / 30
[Epoch 68] Train Loss: 0.0107, Loss_s: 0.0102, Loss_u: 0.0025, Mask: 0.6862, Acc: 0.9796, Prec: 0.9104, Rec: 0.8883, F1: 0.8989                                                                                  
[Epoch 68] Val Loss: 0.1037, Acc: 0.9768, Prec: 0.8662, Rec: 0.9065, F1: 0.8846
        EarlyStopping counter: 4 / 30
[Epoch 69] Train Loss: 0.0107, Loss_s: 0.0101, Loss_u: 0.0030, Mask: 0.6980, Acc: 0.9795, Prec: 0.9096, Rec: 0.8870, F1: 0.8978                                                                                  
[Epoch 69] Val Loss: 0.1038, Acc: 0.9768, Prec: 0.8911, Rec: 0.8935, F1: 0.8906
        EarlyStopping counter: 5 / 30
[Epoch 70] Train Loss: 0.0105, Loss_s: 0.0100, Loss_u: 0.0027, Mask: 0.7141, Acc: 0.9796, Prec: 0.9138, Rec: 0.8940, F1: 0.9035                                                                                  
[Epoch 70] Val Loss: 0.1057, Acc: 0.9764, Prec: 0.8749, Rec: 0.9040, F1: 0.8872
        EarlyStopping counter: 6 / 30
[Epoch 71] Train Loss: 0.0104, Loss_s: 0.0099, Loss_u: 0.0024, Mask: 0.7023, Acc: 0.9795, Prec: 0.9124, Rec: 0.8906, F1: 0.9011                                                                                  
[Epoch 71] Val Loss: 0.0980, Acc: 0.9771, Prec: 0.8694, Rec: 0.8989, F1: 0.8787
        EarlyStopping counter: 7 / 30
[Epoch 72] Train Loss: 0.0102, Loss_s: 0.0096, Loss_u: 0.0033, Mask: 0.7170, Acc: 0.9799, Prec: 0.9129, Rec: 0.8928, F1: 0.9024                                                                                  
[Epoch 72] Val Loss: 0.1083, Acc: 0.9756, Prec: 0.8790, Rec: 0.9022, F1: 0.8899
        EarlyStopping counter: 8 / 30
[Epoch 73] Train Loss: 0.0103, Loss_s: 0.0096, Loss_u: 0.0033, Mask: 0.7314, Acc: 0.9797, Prec: 0.9108, Rec: 0.8890, F1: 0.8994                                                                                  
[Epoch 73] Val Loss: 0.0935, Acc: 0.9776, Prec: 0.8951, Rec: 0.8867, F1: 0.8897
        EarlyStopping counter: 9 / 30
[Epoch 74] Train Loss: 0.0104, Loss_s: 0.0098, Loss_u: 0.0030, Mask: 0.6981, Acc: 0.9797, Prec: 0.9187, Rec: 0.8934, F1: 0.9055                                                                                  
[Epoch 74] Val Loss: 0.1136, Acc: 0.9758, Prec: 0.8779, Rec: 0.9004, F1: 0.8878
        EarlyStopping counter: 10 / 30
[Epoch 75] Train Loss: 0.0107, Loss_s: 0.0100, Loss_u: 0.0033, Mask: 0.7171, Acc: 0.9796, Prec: 0.9155, Rec: 0.8927, F1: 0.9035                                                                                  
[Epoch 75] Val Loss: 0.1052, Acc: 0.9774, Prec: 0.8748, Rec: 0.8951, F1: 0.8834
        EarlyStopping counter: 11 / 30
[Epoch 76] Train Loss: 0.0102, Loss_s: 0.0095, Loss_u: 0.0034, Mask: 0.7119, Acc: 0.9805, Prec: 0.9193, Rec: 0.8964, F1: 0.9073                                                                                  
[Epoch 76] Val Loss: 0.0982, Acc: 0.9764, Prec: 0.8839, Rec: 0.8847, F1: 0.8811
        EarlyStopping counter: 12 / 30
[Epoch 77] Train Loss: 0.0102, Loss_s: 0.0095, Loss_u: 0.0037, Mask: 0.7303, Acc: 0.9800, Prec: 0.9204, Rec: 0.8955, F1: 0.9075                                                                                  
[Epoch 77] Val Loss: 0.0861, Acc: 0.9778, Prec: 0.8866, Rec: 0.8912, F1: 0.8869
        EarlyStopping counter: 13 / 30
[Epoch 78] Train Loss: 0.0100, Loss_s: 0.0094, Loss_u: 0.0028, Mask: 0.7195, Acc: 0.9804, Prec: 0.9173, Rec: 0.8964, F1: 0.9064                                                                                  
[Epoch 78] Val Loss: 0.1038, Acc: 0.9773, Prec: 0.8720, Rec: 0.9082, F1: 0.8882
        EarlyStopping counter: 14 / 30
[Epoch 79] Train Loss: 0.0099, Loss_s: 0.0093, Loss_u: 0.0028, Mask: 0.7164, Acc: 0.9802, Prec: 0.9157, Rec: 0.8970, F1: 0.9059                                                                                  
[Epoch 79] Val Loss: 0.1121, Acc: 0.9759, Prec: 0.8638, Rec: 0.9176, F1: 0.8888
        EarlyStopping counter: 15 / 30
[Epoch 80] Train Loss: 0.0100, Loss_s: 0.0094, Loss_u: 0.0031, Mask: 0.7105, Acc: 0.9801, Prec: 0.9183, Rec: 0.8963, F1: 0.9068                                                                                  
[Epoch 80] Val Loss: 0.1098, Acc: 0.9768, Prec: 0.8864, Rec: 0.8951, F1: 0.8900
        EarlyStopping counter: 16 / 30
[Epoch 81] Train Loss: 0.0098, Loss_s: 0.0092, Loss_u: 0.0028, Mask: 0.6964, Acc: 0.9801, Prec: 0.9195, Rec: 0.8934, F1: 0.9060                                                                                  
[Epoch 81] Val Loss: 0.1003, Acc: 0.9777, Prec: 0.8936, Rec: 0.8880, F1: 0.8895
        EarlyStopping counter: 17 / 30
[Epoch 82] Train Loss: 0.0099, Loss_s: 0.0094, Loss_u: 0.0027, Mask: 0.7216, Acc: 0.9802, Prec: 0.9199, Rec: 0.8943, F1: 0.9066                                                                                  
[Epoch 82] Val Loss: 0.0938, Acc: 0.9777, Prec: 0.8786, Rec: 0.9029, F1: 0.8890
        EarlyStopping counter: 18 / 30
[Epoch 83] Train Loss: 0.0098, Loss_s: 0.0092, Loss_u: 0.0029, Mask: 0.7229, Acc: 0.9802, Prec: 0.9147, Rec: 0.8910, F1: 0.9024                                                                                  
[Epoch 83] Val Loss: 0.1291, Acc: 0.9463, Prec: 0.8003, Rec: 0.8290, F1: 0.7715
        EarlyStopping counter: 19 / 30
[Epoch 84] Train Loss: 0.0097, Loss_s: 0.0091, Loss_u: 0.0030, Mask: 0.7241, Acc: 0.9804, Prec: 0.9193, Rec: 0.9007, F1: 0.9096                                                                                  
[Epoch 84] Val Loss: 0.0965, Acc: 0.9778, Prec: 0.8860, Rec: 0.8762, F1: 0.8788
        EarlyStopping counter: 20 / 30
[Epoch 85] Train Loss: 0.0095, Loss_s: 0.0089, Loss_u: 0.0030, Mask: 0.7171, Acc: 0.9805, Prec: 0.9185, Rec: 0.8992, F1: 0.9085                                                                                  
[Epoch 85] Val Loss: 0.0892, Acc: 0.9782, Prec: 0.9001, Rec: 0.8865, F1: 0.8898
        EarlyStopping counter: 21 / 30
[Epoch 86] Train Loss: 0.0095, Loss_s: 0.0089, Loss_u: 0.0031, Mask: 0.7181, Acc: 0.9807, Prec: 0.9188, Rec: 0.8979, F1: 0.9079                                                                                  
[Epoch 86] Val Loss: 0.0996, Acc: 0.9776, Prec: 0.8690, Rec: 0.9063, F1: 0.8856
        EarlyStopping counter: 22 / 30
[Epoch 87] Train Loss: 0.0093, Loss_s: 0.0087, Loss_u: 0.0029, Mask: 0.7272, Acc: 0.9809, Prec: 0.9188, Rec: 0.9036, F1: 0.9107                                                                                  
[Epoch 87] Val Loss: 0.0907, Acc: 0.9798, Prec: 0.8999, Rec: 0.8866, F1: 0.8923
        Validation F1 improved → Saving model: ./checkpoints/best_model.pt
[Epoch 88] Train Loss: 0.0093, Loss_s: 0.0086, Loss_u: 0.0031, Mask: 0.7285, Acc: 0.9809, Prec: 0.9239, Rec: 0.9025, F1: 0.9128                                                                                  
[Epoch 88] Val Loss: 0.0892, Acc: 0.9767, Prec: 0.8794, Rec: 0.8969, F1: 0.8862
        EarlyStopping counter: 1 / 30
[Epoch 89] Train Loss: 0.0091, Loss_s: 0.0085, Loss_u: 0.0029, Mask: 0.7297, Acc: 0.9808, Prec: 0.9223, Rec: 0.9040, F1: 0.9128                                                                                  
[Epoch 89] Val Loss: 0.0917, Acc: 0.9778, Prec: 0.8893, Rec: 0.9098, F1: 0.8973
        Validation F1 improved → Saving model: ./checkpoints/best_model.pt
[Epoch 90] Train Loss: 0.0093, Loss_s: 0.0088, Loss_u: 0.0025, Mask: 0.7201, Acc: 0.9809, Prec: 0.9285, Rec: 0.9014, F1: 0.9145                                                                                  
[Epoch 90] Val Loss: 0.0943, Acc: 0.9776, Prec: 0.8813, Rec: 0.8973, F1: 0.8883
        EarlyStopping counter: 1 / 30
[Epoch 91] Train Loss: 0.0089, Loss_s: 0.0083, Loss_u: 0.0030, Mask: 0.7311, Acc: 0.9808, Prec: 0.9194, Rec: 0.8989, F1: 0.9088                                                                                  
[Epoch 91] Val Loss: 0.0936, Acc: 0.9759, Prec: 0.8694, Rec: 0.9120, F1: 0.8889
        EarlyStopping counter: 2 / 30
[Epoch 92] Train Loss: 0.0092, Loss_s: 0.0086, Loss_u: 0.0029, Mask: 0.7059, Acc: 0.9809, Prec: 0.9201, Rec: 0.9022, F1: 0.9107                                                                                  
[Epoch 92] Val Loss: 0.0773, Acc: 0.9784, Prec: 0.8926, Rec: 0.8868, F1: 0.8875
        EarlyStopping counter: 3 / 30
[Epoch 93] Train Loss: 0.0088, Loss_s: 0.0082, Loss_u: 0.0031, Mask: 0.7426, Acc: 0.9813, Prec: 0.9271, Rec: 0.9072, F1: 0.9168                                                                                  
[Epoch 93] Val Loss: 0.0834, Acc: 0.9796, Prec: 0.8973, Rec: 0.9068, F1: 0.9006
        Validation F1 improved → Saving model: ./checkpoints/best_model.pt
[Epoch 94] Train Loss: 0.0090, Loss_s: 0.0082, Loss_u: 0.0037, Mask: 0.7493, Acc: 0.9811, Prec: 0.9234, Rec: 0.9038, F1: 0.9132                                                                                  
[Epoch 94] Val Loss: 0.0872, Acc: 0.9780, Prec: 0.9000, Rec: 0.8975, F1: 0.8976
        EarlyStopping counter: 1 / 30
[Epoch 95] Train Loss: 0.0088, Loss_s: 0.0082, Loss_u: 0.0030, Mask: 0.7403, Acc: 0.9811, Prec: 0.9219, Rec: 0.9036, F1: 0.9123                                                                                  
[Epoch 95] Val Loss: 0.0895, Acc: 0.9783, Prec: 0.8895, Rec: 0.8908, F1: 0.8886
        EarlyStopping counter: 2 / 30
[Epoch 96] Train Loss: 0.0088, Loss_s: 0.0082, Loss_u: 0.0032, Mask: 0.7496, Acc: 0.9810, Prec: 0.9234, Rec: 0.9007, F1: 0.9116                                                                                  
[Epoch 96] Val Loss: 0.0919, Acc: 0.9776, Prec: 0.8833, Rec: 0.8951, F1: 0.8858
        EarlyStopping counter: 3 / 30
[Epoch 97] Train Loss: 0.0087, Loss_s: 0.0081, Loss_u: 0.0030, Mask: 0.7580, Acc: 0.9815, Prec: 0.9274, Rec: 0.9036, F1: 0.9151                                                                                  
[Epoch 97] Val Loss: 0.0772, Acc: 0.9791, Prec: 0.8977, Rec: 0.9127, F1: 0.9028
        Validation F1 improved → Saving model: ./checkpoints/best_model.pt
[Epoch 98] Train Loss: 0.0087, Loss_s: 0.0079, Loss_u: 0.0035, Mask: 0.7673, Acc: 0.9818, Prec: 0.9236, Rec: 0.9073, F1: 0.9152                                                                                  
[Epoch 98] Val Loss: 0.0843, Acc: 0.9795, Prec: 0.8971, Rec: 0.9148, F1: 0.9047
        Validation F1 improved → Saving model: ./checkpoints/best_model.pt
[Epoch 99] Train Loss: 0.0086, Loss_s: 0.0080, Loss_u: 0.0033, Mask: 0.7540, Acc: 0.9815, Prec: 0.9282, Rec: 0.9084, F1: 0.9179                                                                                  
[Epoch 99] Val Loss: 0.0917, Acc: 0.9774, Prec: 0.8891, Rec: 0.9054, F1: 0.8962
        EarlyStopping counter: 1 / 30
[Epoch 100] Train Loss: 0.0084, Loss_s: 0.0077, Loss_u: 0.0034, Mask: 0.7504, Acc: 0.9816, Prec: 0.9262, Rec: 0.9074, F1: 0.9164                                                                                 
[Epoch 100] Val Loss: 0.0834, Acc: 0.9802, Prec: 0.9089, Rec: 0.8998, F1: 0.9030
        EarlyStopping counter: 2 / 30
[Epoch 101] Train Loss: 0.0083, Loss_s: 0.0077, Loss_u: 0.0031, Mask: 0.7609, Acc: 0.9820, Prec: 0.9295, Rec: 0.9076, F1: 0.9182                                                                                 
[Epoch 101] Val Loss: 0.0824, Acc: 0.9790, Prec: 0.8995, Rec: 0.8994, F1: 0.8969
        EarlyStopping counter: 3 / 30
[Epoch 102] Train Loss: 0.0085, Loss_s: 0.0079, Loss_u: 0.0032, Mask: 0.7612, Acc: 0.9820, Prec: 0.9278, Rec: 0.9092, F1: 0.9181                                                                                 
[Epoch 102] Val Loss: 0.0867, Acc: 0.9796, Prec: 0.8899, Rec: 0.9120, F1: 0.8993
        EarlyStopping counter: 4 / 30
[Epoch 103] Train Loss: 0.0083, Loss_s: 0.0076, Loss_u: 0.0037, Mask: 0.7445, Acc: 0.9818, Prec: 0.9287, Rec: 0.9097, F1: 0.9188                                                                                 
[Epoch 103] Val Loss: 0.0841, Acc: 0.9793, Prec: 0.9052, Rec: 0.9017, F1: 0.9026
        EarlyStopping counter: 5 / 30
[Epoch 104] Train Loss: 0.0081, Loss_s: 0.0074, Loss_u: 0.0032, Mask: 0.7582, Acc: 0.9819, Prec: 0.9323, Rec: 0.9114, F1: 0.9214                                                                                 
[Epoch 104] Val Loss: 0.0839, Acc: 0.9779, Prec: 0.8866, Rec: 0.9137, F1: 0.8994
        EarlyStopping counter: 6 / 30
[Epoch 105] Train Loss: 0.0081, Loss_s: 0.0074, Loss_u: 0.0038, Mask: 0.7550, Acc: 0.9818, Prec: 0.9276, Rec: 0.9099, F1: 0.9184                                                                                 
[Epoch 105] Val Loss: 0.0915, Acc: 0.9776, Prec: 0.8771, Rec: 0.9151, F1: 0.8937
        EarlyStopping counter: 7 / 30
[Epoch 106] Train Loss: 0.0080, Loss_s: 0.0073, Loss_u: 0.0034, Mask: 0.7584, Acc: 0.9824, Prec: 0.9323, Rec: 0.9115, F1: 0.9215                                                                                 
[Epoch 106] Val Loss: 0.0878, Acc: 0.9777, Prec: 0.8819, Rec: 0.9142, F1: 0.8964
        EarlyStopping counter: 8 / 30
[Epoch 107] Train Loss: 0.0079, Loss_s: 0.0072, Loss_u: 0.0035, Mask: 0.7483, Acc: 0.9821, Prec: 0.9311, Rec: 0.9124, F1: 0.9215                                                                                 
[Epoch 107] Val Loss: 0.0862, Acc: 0.9787, Prec: 0.9002, Rec: 0.9064, F1: 0.9024
        EarlyStopping counter: 9 / 30
[Epoch 108] Train Loss: 0.0079, Loss_s: 0.0072, Loss_u: 0.0035, Mask: 0.7585, Acc: 0.9823, Prec: 0.9308, Rec: 0.9147, F1: 0.9225                                                                                 
[Epoch 108] Val Loss: 0.0898, Acc: 0.9769, Prec: 0.8712, Rec: 0.9040, F1: 0.8854
        EarlyStopping counter: 10 / 30
[Epoch 109] Train Loss: 0.0080, Loss_s: 0.0073, Loss_u: 0.0034, Mask: 0.7500, Acc: 0.9822, Prec: 0.9375, Rec: 0.9108, F1: 0.9237                                                                                 
[Epoch 109] Val Loss: 0.0836, Acc: 0.9779, Prec: 0.8915, Rec: 0.9011, F1: 0.8948
        EarlyStopping counter: 11 / 30
[Epoch 110] Train Loss: 0.0078, Loss_s: 0.0071, Loss_u: 0.0035, Mask: 0.7601, Acc: 0.9825, Prec: 0.9332, Rec: 0.9115, F1: 0.9220                                                                                 
[Epoch 110] Val Loss: 0.0866, Acc: 0.9766, Prec: 0.8740, Rec: 0.9093, F1: 0.8906
        EarlyStopping counter: 12 / 30
[Epoch 111] Train Loss: 0.0079, Loss_s: 0.0071, Loss_u: 0.0037, Mask: 0.7666, Acc: 0.9823, Prec: 0.9329, Rec: 0.9114, F1: 0.9218                                                                                 
[Epoch 111] Val Loss: 0.0861, Acc: 0.9777, Prec: 0.8892, Rec: 0.8987, F1: 0.8926
        EarlyStopping counter: 13 / 30
[Epoch 112] Train Loss: 0.0076, Loss_s: 0.0069, Loss_u: 0.0036, Mask: 0.7669, Acc: 0.9826, Prec: 0.9334, Rec: 0.9122, F1: 0.9224                                                                                 
[Epoch 112] Val Loss: 0.0817, Acc: 0.9789, Prec: 0.8967, Rec: 0.9039, F1: 0.8991
        EarlyStopping counter: 14 / 30
[Epoch 113] Train Loss: 0.0078, Loss_s: 0.0070, Loss_u: 0.0041, Mask: 0.7704, Acc: 0.9827, Prec: 0.9325, Rec: 0.9121, F1: 0.9219                                                                                 
[Epoch 113] Val Loss: 0.0856, Acc: 0.9788, Prec: 0.8897, Rec: 0.9091, F1: 0.8984
        EarlyStopping counter: 15 / 30
[Epoch 114] Train Loss: 0.0077, Loss_s: 0.0069, Loss_u: 0.0037, Mask: 0.7759, Acc: 0.9827, Prec: 0.9354, Rec: 0.9149, F1: 0.9248                                                                                 
[Epoch 114] Val Loss: 0.0815, Acc: 0.9775, Prec: 0.8801, Rec: 0.9090, F1: 0.8933
        EarlyStopping counter: 16 / 30
[Epoch 115] Train Loss: 0.0076, Loss_s: 0.0069, Loss_u: 0.0037, Mask: 0.7747, Acc: 0.9827, Prec: 0.9349, Rec: 0.9186, F1: 0.9265                                                                                 
[Epoch 115] Val Loss: 0.0783, Acc: 0.9792, Prec: 0.8996, Rec: 0.9020, F1: 0.8996
        EarlyStopping counter: 17 / 30
[Epoch 116] Train Loss: 0.0074, Loss_s: 0.0067, Loss_u: 0.0035, Mask: 0.7761, Acc: 0.9832, Prec: 0.9365, Rec: 0.9172, F1: 0.9265                                                                                 
[Epoch 116] Val Loss: 0.0773, Acc: 0.9790, Prec: 0.9049, Rec: 0.8987, F1: 0.9000
        EarlyStopping counter: 18 / 30
[Epoch 117] Train Loss: 0.0075, Loss_s: 0.0068, Loss_u: 0.0037, Mask: 0.7726, Acc: 0.9830, Prec: 0.9361, Rec: 0.9154, F1: 0.9254                                                                                 
[Epoch 117] Val Loss: 0.0853, Acc: 0.9784, Prec: 0.8958, Rec: 0.9052, F1: 0.8989
        EarlyStopping counter: 19 / 30
[Epoch 118] Train Loss: 0.0074, Loss_s: 0.0067, Loss_u: 0.0032, Mask: 0.7694, Acc: 0.9830, Prec: 0.9332, Rec: 0.9149, F1: 0.9237                                                                                 
[Epoch 118] Val Loss: 0.0823, Acc: 0.9787, Prec: 0.8941, Rec: 0.9045, F1: 0.8976
        EarlyStopping counter: 20 / 30
[Epoch 119] Train Loss: 0.0073, Loss_s: 0.0066, Loss_u: 0.0036, Mask: 0.7724, Acc: 0.9833, Prec: 0.9387, Rec: 0.9178, F1: 0.9279                                                                                 
[Epoch 119] Val Loss: 0.0809, Acc: 0.9792, Prec: 0.8914, Rec: 0.9127, F1: 0.9004
        EarlyStopping counter: 21 / 30
[Epoch 120] Train Loss: 0.0073, Loss_s: 0.0066, Loss_u: 0.0032, Mask: 0.7722, Acc: 0.9831, Prec: 0.9359, Rec: 0.9181, F1: 0.9267                                                                                 
[Epoch 120] Val Loss: 0.0794, Acc: 0.9798, Prec: 0.8959, Rec: 0.9079, F1: 0.8999
        EarlyStopping counter: 22 / 30
[Epoch 121] Train Loss: 0.0073, Loss_s: 0.0066, Loss_u: 0.0036, Mask: 0.7734, Acc: 0.9834, Prec: 0.9395, Rec: 0.9203, F1: 0.9296                                                                                 
[Epoch 121] Val Loss: 0.0780, Acc: 0.9800, Prec: 0.9087, Rec: 0.9003, F1: 0.9029
        EarlyStopping counter: 23 / 30
[Epoch 122] Train Loss: 0.0071, Loss_s: 0.0063, Loss_u: 0.0039, Mask: 0.7790, Acc: 0.9834, Prec: 0.9381, Rec: 0.9175, F1: 0.9273                                                                                 
[Epoch 122] Val Loss: 0.0816, Acc: 0.9789, Prec: 0.8965, Rec: 0.9116, F1: 0.9027
        EarlyStopping counter: 24 / 30
[Epoch 123] Train Loss: 0.0073, Loss_s: 0.0065, Loss_u: 0.0040, Mask: 0.7775, Acc: 0.9835, Prec: 0.9381, Rec: 0.9217, F1: 0.9297                                                                                 
[Epoch 123] Val Loss: 0.0764, Acc: 0.9799, Prec: 0.9078, Rec: 0.9035, F1: 0.9041
        EarlyStopping counter: 25 / 30
[Epoch 124] Train Loss: 0.0071, Loss_s: 0.0064, Loss_u: 0.0037, Mask: 0.7837, Acc: 0.9835, Prec: 0.9398, Rec: 0.9184, F1: 0.9288                                                                                 
[Epoch 124] Val Loss: 0.0761, Acc: 0.9793, Prec: 0.8959, Rec: 0.9069, F1: 0.9000
        EarlyStopping counter: 26 / 30
[Epoch 125] Train Loss: 0.0071, Loss_s: 0.0063, Loss_u: 0.0040, Mask: 0.7839, Acc: 0.9835, Prec: 0.9398, Rec: 0.9215, F1: 0.9304                                                                                 
[Epoch 125] Val Loss: 0.0776, Acc: 0.9791, Prec: 0.8964, Rec: 0.9091, F1: 0.9019
        EarlyStopping counter: 27 / 30
[Epoch 126] Train Loss: 0.0070, Loss_s: 0.0062, Loss_u: 0.0041, Mask: 0.7825, Acc: 0.9841, Prec: 0.9439, Rec: 0.9231, F1: 0.9332                                                                                 
[Epoch 126] Val Loss: 0.0771, Acc: 0.9794, Prec: 0.8977, Rec: 0.9129, F1: 0.9043
        EarlyStopping counter: 28 / 30
[Epoch 127] Train Loss: 0.0071, Loss_s: 0.0062, Loss_u: 0.0043, Mask: 0.7820, Acc: 0.9834, Prec: 0.9362, Rec: 0.9213, F1: 0.9285                                                                                 
[Epoch 127] Val Loss: 0.0768, Acc: 0.9799, Prec: 0.9038, Rec: 0.9025, F1: 0.9009
        EarlyStopping counter: 29 / 30
[Epoch 128] Val Loss: 0.0755, Acc: 0.9806, Prec: 0.8974, Rec: 0.9108, F1: 0.9026
        EarlyStopping counter: 30 / 30
Early stopping triggered...
Total training time: 425 min 46.94 sec
Loaded best model.
[Best Model Train] Loss: 0.0850, Acc: 0.9786, Prec: 0.9037, Rec: 0.9131, F1: 0.9080                                                                                                    
[Best Model Train] Classification Report:
              precision    recall  f1-score   support

           0     0.9562    0.9152    0.9353      3220
           1     0.8753    0.9615    0.9164       416
           2     0.8689    0.8327    0.8504      3891
           3     0.9621    0.9939    0.9778      7260
           4     0.8001    0.8155    0.8077      2694
           5     0.9230    0.9414    0.9321       649
           6     0.7924    0.7942    0.7933       894
           7     0.9643    0.9730    0.9686       111
           8     0.9907    0.9903    0.9905    110573

    accuracy                         0.9786    129708
   macro avg     0.9037    0.9131    0.9080    129708
weighted avg     0.9785    0.9786    0.9785    129708

[Best Model Train] Confusion Matrix:
[[  2947     24      2      0     31      6      0      0    210]
 [     1    400      0      0     10      0      2      0      3]
 [     4      7   3240    112    186      9      9      0    324]
 [     0      0     31   7216      0      0      0      0     13]
 [    37     17     56      0   2197     11     48      0    328]
 [     1      4      7      2      8    611      1      4     11]
 [     0      1      6      1     39      0    710      0    137]
 [     1      0      0      0      0      2      0    108      0]
 [    91      4    387    169    275     23    126      0 109498]]

[Best Model Validation] Loss: 0.0843, Acc: 0.9795, Prec: 0.8971, Rec: 0.9148, F1: 0.9047                                                                                               
[Best Model Validation] Classification Report:
              precision    recall  f1-score   support

           0     0.9700    0.9053    0.9365       644
           1     0.7980    0.9518    0.8681        83
           2     0.8779    0.8406    0.8588       778
           3     0.9600    0.9910    0.9753      1452
           4     0.8133    0.8178    0.8156       538
           5     0.9262    0.8760    0.9004       129
           6     0.7806    0.8596    0.8182       178
           7     0.9565    1.0000    0.9778        22
           8     0.9915    0.9914    0.9914     22114

    accuracy                         0.9795     25938
   macro avg     0.8971    0.9148    0.9047     25938
weighted avg     0.9796    0.9795    0.9795     25938

[Best Model Validation] Confusion Matrix:
[[  583     7     1     0     6     0     0     0    47]
 [    0    79     0     0     4     0     0     0     0]
 [    0     2   654    27    29     3     3     0    60]
 [    0     1    11  1439     0     0     0     0     1]
 [    3     5    10     0   440     3    14     0    63]
 [    0     4     5     0     4   113     0     1     2]
 [    0     0     3     0     6     0   153     0    16]
 [    0     0     0     0     0     0     0    22     0]
 [   15     1    61    33    52     3    26     0 21923]]

[Test] Loss: 0.0848, Acc: 0.9792, Prec: 0.9029, Rec: 0.9021, F1: 0.9021                                                                                                                
[Test] Classification Report:
              precision    recall  f1-score   support

           0     0.9562    0.9140    0.9346       430
           1     0.8167    0.8750    0.8448        56
           2     0.8696    0.8462    0.8577       520
           3     0.9649    0.9938    0.9791       968
           4     0.8118    0.8366    0.8240       361
           5     0.9213    0.9318    0.9266        88
           6     0.8571    0.7934    0.8240       121
           7     0.9375    0.9375    0.9375        16
           8     0.9908    0.9906    0.9907     14744

    accuracy                         0.9792     17304
   macro avg     0.9029    0.9021    0.9021     17304
weighted avg     0.9792    0.9792    0.9791     17304

[Test] Confusion Matrix:
[[  393     2     0     0     5     0     0     0    30]
 [    0    49     0     0     5     0     1     0     1]
 [    0     1   440    16    16     1     1     1    44]
 [    0     0     6   962     0     0     0     0     0]
 [    1     6    10     0   302     3     1     0    38]
 [    1     0     3     0     1    82     0     0     1]
 [    0     0     0     0     3     0    96     0    22]
 [    0     0     0     0     0     1     0    15     0]
 [   16     2    47    19    40     2    13     0 14605]]