## backbone unfreeze
## fc.classifier unfreeze


04/29/2026 01:30:38 - INFO - root -   train_labeled_dataset: 129708
04/29/2026 01:30:38 - INFO - root -   val_dataset: 25938
04/29/2026 01:30:38 - INFO - root -   test_dataset: 17304
04/29/2026 01:30:38 - INFO - root -   train_unlabeled_dataset: 638507
[Epoch 1] Train Loss: 0.0493, Loss_s: 0.0490, Loss_u: 0.0015, Mask: 0.2889, Acc: 0.9551, Prec: 0.7607, Rec: 0.7117, F1: 0.7338                                                                                             
[Epoch 1] Val Loss: 0.1962, Acc: 0.9705, Prec: 0.8598, Rec: 0.8258, F1: 0.8351
        Validation F1 improved → Saving model: ./checkpoints/best_model.pt
[Epoch 2] Train Loss: 0.0254, Loss_s: 0.0252, Loss_u: 0.0010, Mask: 0.3124, Acc: 0.9661, Prec: 0.8240, Rec: 0.7889, F1: 0.8056                                                                                             
[Epoch 2] Val Loss: 0.1686, Acc: 0.9654, Prec: 0.8531, Rec: 0.7764, F1: 0.7905
        EarlyStopping counter: 1 / 30
[Epoch 3] Train Loss: 0.0234, Loss_s: 0.0232, Loss_u: 0.0008, Mask: 0.3083, Acc: 0.9677, Prec: 0.8464, Rec: 0.8055, F1: 0.8248                                                                                             
[Epoch 3] Val Loss: 0.2107, Acc: 0.9711, Prec: 0.8416, Rec: 0.8657, F1: 0.8487
        Validation F1 improved → Saving model: ./checkpoints/best_model.pt
[Epoch 4] Train Loss: 0.0225, Loss_s: 0.0224, Loss_u: 0.0009, Mask: 0.3361, Acc: 0.9681, Prec: 0.8443, Rec: 0.8080, F1: 0.8251                                                                                             
[Epoch 4] Val Loss: 0.1885, Acc: 0.9652, Prec: 0.7809, Rec: 0.6475, F1: 0.6985
        EarlyStopping counter: 1 / 30
[Epoch 5] Train Loss: 0.0214, Loss_s: 0.0213, Loss_u: 0.0007, Mask: 0.3238, Acc: 0.9698, Prec: 0.8510, Rec: 0.8141, F1: 0.8316                                                                                             
[Epoch 5] Val Loss: 0.2033, Acc: 0.9700, Prec: 0.8560, Rec: 0.8620, F1: 0.8515
        Validation F1 improved → Saving model: ./checkpoints/best_model.pt
[Epoch 6] Train Loss: 0.0212, Loss_s: 0.0211, Loss_u: 0.0006, Mask: 0.2890, Acc: 0.9695, Prec: 0.8581, Rec: 0.8193, F1: 0.8375                                                                                             
[Epoch 6] Val Loss: 0.1651, Acc: 0.9711, Prec: 0.8404, Rec: 0.8322, F1: 0.8294
        EarlyStopping counter: 1 / 30
[Epoch 7] Train Loss: 0.0206, Loss_s: 0.0204, Loss_u: 0.0008, Mask: 0.2893, Acc: 0.9702, Prec: 0.8507, Rec: 0.8181, F1: 0.8332                                                                                             
[Epoch 7] Val Loss: 0.1872, Acc: 0.9693, Prec: 0.8554, Rec: 0.8296, F1: 0.8292
        EarlyStopping counter: 2 / 30
[Epoch 8] Train Loss: 0.0204, Loss_s: 0.0202, Loss_u: 0.0008, Mask: 0.2658, Acc: 0.9702, Prec: 0.8633, Rec: 0.8248, F1: 0.8427                                                                                             
[Epoch 8] Val Loss: 0.2388, Acc: 0.9698, Prec: 0.8948, Rec: 0.7447, F1: 0.7962
        EarlyStopping counter: 3 / 30
[Epoch 9] Train Loss: 0.0198, Loss_s: 0.0196, Loss_u: 0.0006, Mask: 0.2456, Acc: 0.9705, Prec: 0.8626, Rec: 0.8258, F1: 0.8432                                                                                             
[Epoch 9] Val Loss: 0.1759, Acc: 0.9724, Prec: 0.8666, Rec: 0.8297, F1: 0.8394
        EarlyStopping counter: 4 / 30
[Epoch 10] Train Loss: 0.0191, Loss_s: 0.0190, Loss_u: 0.0006, Mask: 0.2538, Acc: 0.9711, Prec: 0.8672, Rec: 0.8303, F1: 0.8477                                                                                            
[Epoch 10] Val Loss: 0.2067, Acc: 0.9728, Prec: 0.8838, Rec: 0.8460, F1: 0.8634
        Validation F1 improved → Saving model: ./checkpoints/best_model.pt
[Epoch 11] Train Loss: 0.0183, Loss_s: 0.0182, Loss_u: 0.0007, Mask: 0.2410, Acc: 0.9724, Prec: 0.8719, Rec: 0.8353, F1: 0.8525                                                                                            
[Epoch 11] Val Loss: 0.1659, Acc: 0.9711, Prec: 0.8689, Rec: 0.8390, F1: 0.8493
        EarlyStopping counter: 1 / 30
[Epoch 12] Train Loss: 0.0184, Loss_s: 0.0183, Loss_u: 0.0006, Mask: 0.2620, Acc: 0.9716, Prec: 0.8680, Rec: 0.8278, F1: 0.8467                                                                                            
[Epoch 12] Val Loss: 0.1597, Acc: 0.9752, Prec: 0.8819, Rec: 0.8675, F1: 0.8699
        Validation F1 improved → Saving model: ./checkpoints/best_model.pt
[Epoch 13] Train Loss: 0.0182, Loss_s: 0.0181, Loss_u: 0.0006, Mask: 0.2360, Acc: 0.9723, Prec: 0.8701, Rec: 0.8426, F1: 0.8554                                                                                            
[Epoch 13] Val Loss: 0.1920, Acc: 0.9736, Prec: 0.8683, Rec: 0.8383, F1: 0.8503
        EarlyStopping counter: 1 / 30
[Epoch 14] Train Loss: 0.0171, Loss_s: 0.0170, Loss_u: 0.0006, Mask: 0.2442, Acc: 0.9728, Prec: 0.8731, Rec: 0.8389, F1: 0.8549                                                                                            
[Epoch 14] Val Loss: 0.1771, Acc: 0.9731, Prec: 0.8622, Rec: 0.8560, F1: 0.8552
        EarlyStopping counter: 2 / 30
[Epoch 15] Train Loss: 0.0172, Loss_s: 0.0171, Loss_u: 0.0005, Mask: 0.3088, Acc: 0.9731, Prec: 0.8707, Rec: 0.8421, F1: 0.8556                                                                                            
[Epoch 15] Val Loss: 0.2016, Acc: 0.9715, Prec: 0.8502, Rec: 0.8683, F1: 0.8566
        EarlyStopping counter: 3 / 30
[Epoch 16] Train Loss: 0.0164, Loss_s: 0.0163, Loss_u: 0.0005, Mask: 0.2983, Acc: 0.9734, Prec: 0.8808, Rec: 0.8471, F1: 0.8631                                                                                            
[Epoch 16] Val Loss: 0.1754, Acc: 0.9753, Prec: 0.8626, Rec: 0.8722, F1: 0.8636
        EarlyStopping counter: 4 / 30
[Epoch 17] Train Loss: 0.0160, Loss_s: 0.0160, Loss_u: 0.0004, Mask: 0.3009, Acc: 0.9739, Prec: 0.8757, Rec: 0.8506, F1: 0.8623                                                                                            
[Epoch 17] Val Loss: 0.1639, Acc: 0.9741, Prec: 0.8848, Rec: 0.8132, F1: 0.8398
        EarlyStopping counter: 5 / 30
[Epoch 18] Train Loss: 0.0160, Loss_s: 0.0159, Loss_u: 0.0004, Mask: 0.3267, Acc: 0.9740, Prec: 0.8769, Rec: 0.8496, F1: 0.8622                                                                                            
[Epoch 18] Val Loss: 0.1543, Acc: 0.9750, Prec: 0.8934, Rec: 0.8702, F1: 0.8801
        Validation F1 improved → Saving model: ./checkpoints/best_model.pt
[Epoch 19] Train Loss: 0.0154, Loss_s: 0.0154, Loss_u: 0.0004, Mask: 0.3221, Acc: 0.9742, Prec: 0.8841, Rec: 0.8515, F1: 0.8669                                                                                            
[Epoch 19] Val Loss: 0.1595, Acc: 0.9709, Prec: 0.8595, Rec: 0.8325, F1: 0.8382
        EarlyStopping counter: 1 / 30
[Epoch 20] Train Loss: 0.0157, Loss_s: 0.0156, Loss_u: 0.0004, Mask: 0.4005, Acc: 0.9741, Prec: 0.8839, Rec: 0.8524, F1: 0.8674                                                                                            
[Epoch 20] Val Loss: 0.1604, Acc: 0.9753, Prec: 0.8694, Rec: 0.8850, F1: 0.8736
        EarlyStopping counter: 2 / 30
[Epoch 21] Train Loss: 0.0148, Loss_s: 0.0147, Loss_u: 0.0005, Mask: 0.3371, Acc: 0.9747, Prec: 0.8819, Rec: 0.8572, F1: 0.8688                                                                                            
[Epoch 21] Val Loss: 0.1669, Acc: 0.9745, Prec: 0.8876, Rec: 0.8489, F1: 0.8671
        EarlyStopping counter: 3 / 30
[Epoch 22] Train Loss: 0.0148, Loss_s: 0.0148, Loss_u: 0.0004, Mask: 0.3392, Acc: 0.9751, Prec: 0.8848, Rec: 0.8574, F1: 0.8704                                                                                            
[Epoch 22] Val Loss: 0.1685, Acc: 0.9752, Prec: 0.8653, Rec: 0.8845, F1: 0.8717
        EarlyStopping counter: 4 / 30
[Epoch 23] Train Loss: 0.0145, Loss_s: 0.0144, Loss_u: 0.0004, Mask: 0.2970, Acc: 0.9753, Prec: 0.8909, Rec: 0.8604, F1: 0.8748                                                                                            
[Epoch 23] Val Loss: 0.1695, Acc: 0.9733, Prec: 0.8798, Rec: 0.8385, F1: 0.8558
        EarlyStopping counter: 5 / 30
[Epoch 24] Train Loss: 0.0146, Loss_s: 0.0145, Loss_u: 0.0004, Mask: 0.4051, Acc: 0.9754, Prec: 0.8928, Rec: 0.8600, F1: 0.8755                                                                                            
[Epoch 24] Val Loss: 0.1513, Acc: 0.9743, Prec: 0.8919, Rec: 0.8557, F1: 0.8713
        EarlyStopping counter: 6 / 30
[Epoch 25] Train Loss: 0.0143, Loss_s: 0.0142, Loss_u: 0.0004, Mask: 0.3782, Acc: 0.9755, Prec: 0.8873, Rec: 0.8586, F1: 0.8721                                                                                            
[Epoch 25] Val Loss: 0.1643, Acc: 0.9749, Prec: 0.8893, Rec: 0.8577, F1: 0.8647
        EarlyStopping counter: 7 / 30
[Epoch 26] Train Loss: 0.0138, Loss_s: 0.0137, Loss_u: 0.0004, Mask: 0.3588, Acc: 0.9761, Prec: 0.8908, Rec: 0.8670, F1: 0.8783                                                                                            
[Epoch 26] Val Loss: 0.1530, Acc: 0.9752, Prec: 0.8993, Rec: 0.8420, F1: 0.8680
        EarlyStopping counter: 8 / 30
[Epoch 27] Train Loss: 0.0140, Loss_s: 0.0139, Loss_u: 0.0006, Mask: 0.3487, Acc: 0.9757, Prec: 0.8904, Rec: 0.8604, F1: 0.8747                                                                                            
[Epoch 27] Val Loss: 0.1409, Acc: 0.9762, Prec: 0.9008, Rec: 0.8392, F1: 0.8657
        EarlyStopping counter: 9 / 30
[Epoch 28] Train Loss: 0.0138, Loss_s: 0.0138, Loss_u: 0.0004, Mask: 0.3992, Acc: 0.9761, Prec: 0.8906, Rec: 0.8619, F1: 0.8755                                                                                            
[Epoch 28] Val Loss: 0.1529, Acc: 0.9771, Prec: 0.8828, Rec: 0.8714, F1: 0.8762
        EarlyStopping counter: 10 / 30
[Epoch 29] Train Loss: 0.0138, Loss_s: 0.0138, Loss_u: 0.0005, Mask: 0.4149, Acc: 0.9753, Prec: 0.8852, Rec: 0.8626, F1: 0.8731                                                                                            
[Epoch 29] Val Loss: 0.1540, Acc: 0.9763, Prec: 0.8969, Rec: 0.8672, F1: 0.8808
        Validation F1 improved → Saving model: ./checkpoints/best_model.pt
[Epoch 30] Train Loss: 0.0135, Loss_s: 0.0134, Loss_u: 0.0004, Mask: 0.4671, Acc: 0.9764, Prec: 0.8997, Rec: 0.8679, F1: 0.8828                                                                                            
[Epoch 30] Val Loss: 0.1459, Acc: 0.9727, Prec: 0.8718, Rec: 0.8722, F1: 0.8669
        EarlyStopping counter: 1 / 30
[Epoch 31] Train Loss: 0.0134, Loss_s: 0.0134, Loss_u: 0.0004, Mask: 0.4345, Acc: 0.9760, Prec: 0.8946, Rec: 0.8623, F1: 0.8776                                                                                            
[Epoch 31] Val Loss: 0.1721, Acc: 0.9720, Prec: 0.8444, Rec: 0.9015, F1: 0.8697
        EarlyStopping counter: 2 / 30
[Epoch 32] Train Loss: 0.0129, Loss_s: 0.0128, Loss_u: 0.0005, Mask: 0.3836, Acc: 0.9771, Prec: 0.8957, Rec: 0.8680, F1: 0.8812                                                                                            
[Epoch 32] Val Loss: 0.1553, Acc: 0.9731, Prec: 0.8782, Rec: 0.8429, F1: 0.8570
        EarlyStopping counter: 3 / 30
[Epoch 33] Train Loss: 0.0131, Loss_s: 0.0130, Loss_u: 0.0005, Mask: 0.4196, Acc: 0.9767, Prec: 0.8966, Rec: 0.8676, F1: 0.8812                                                                                            
[Epoch 33] Val Loss: 0.1307, Acc: 0.9766, Prec: 0.8808, Rec: 0.8616, F1: 0.8642
        EarlyStopping counter: 4 / 30
[Epoch 34] Train Loss: 0.0131, Loss_s: 0.0130, Loss_u: 0.0004, Mask: 0.4409, Acc: 0.9764, Prec: 0.8902, Rec: 0.8647, F1: 0.8767                                                                                            
[Epoch 34] Val Loss: 0.1327, Acc: 0.9771, Prec: 0.8817, Rec: 0.8756, F1: 0.8723
        EarlyStopping counter: 5 / 30
[Epoch 35] Train Loss: 0.0130, Loss_s: 0.0129, Loss_u: 0.0005, Mask: 0.4981, Acc: 0.9769, Prec: 0.8971, Rec: 0.8719, F1: 0.8839                                                                                            
[Epoch 35] Val Loss: 0.1443, Acc: 0.9748, Prec: 0.8837, Rec: 0.8840, F1: 0.8806
        EarlyStopping counter: 6 / 30
[Epoch 36] Train Loss: 0.0127, Loss_s: 0.0126, Loss_u: 0.0005, Mask: 0.4737, Acc: 0.9770, Prec: 0.8969, Rec: 0.8698, F1: 0.8827                                                                                            
[Epoch 36] Val Loss: 0.1596, Acc: 0.9722, Prec: 0.8666, Rec: 0.8784, F1: 0.8687
        EarlyStopping counter: 7 / 30
[Epoch 37] Train Loss: 0.0132, Loss_s: 0.0131, Loss_u: 0.0005, Mask: 0.5041, Acc: 0.9763, Prec: 0.8916, Rec: 0.8663, F1: 0.8783                                                                                            
[Epoch 37] Val Loss: 0.1477, Acc: 0.9729, Prec: 0.8790, Rec: 0.8461, F1: 0.8582
        EarlyStopping counter: 8 / 30
[Epoch 38] Train Loss: 0.0125, Loss_s: 0.0124, Loss_u: 0.0006, Mask: 0.4750, Acc: 0.9775, Prec: 0.9056, Rec: 0.8770, F1: 0.8908                                                                                            
[Epoch 38] Val Loss: 0.1573, Acc: 0.9766, Prec: 0.8923, Rec: 0.8655, F1: 0.8765
        EarlyStopping counter: 9 / 30
[Epoch 39] Train Loss: 0.0124, Loss_s: 0.0123, Loss_u: 0.0004, Mask: 0.4962, Acc: 0.9774, Prec: 0.9036, Rec: 0.8729, F1: 0.8875                                                                                            
[Epoch 39] Val Loss: 0.1431, Acc: 0.9779, Prec: 0.8794, Rec: 0.8951, F1: 0.8861
        Validation F1 improved → Saving model: ./checkpoints/best_model.pt
[Epoch 40] Train Loss: 0.0129, Loss_s: 0.0128, Loss_u: 0.0005, Mask: 0.5277, Acc: 0.9768, Prec: 0.8941, Rec: 0.8684, F1: 0.8807                                                                                            
[Epoch 40] Val Loss: 0.1493, Acc: 0.9769, Prec: 0.8810, Rec: 0.8901, F1: 0.8823
        EarlyStopping counter: 1 / 30
[Epoch 41] Train Loss: 0.0126, Loss_s: 0.0125, Loss_u: 0.0004, Mask: 0.4478, Acc: 0.9769, Prec: 0.9034, Rec: 0.8764, F1: 0.8891                                                                                            
[Epoch 41] Val Loss: 0.1367, Acc: 0.9739, Prec: 0.8682, Rec: 0.8810, F1: 0.8715
        EarlyStopping counter: 2 / 30
[Epoch 42] Train Loss: 0.0121, Loss_s: 0.0120, Loss_u: 0.0004, Mask: 0.4591, Acc: 0.9777, Prec: 0.9013, Rec: 0.8759, F1: 0.8879                                                                                            
[Epoch 42] Val Loss: 0.1458, Acc: 0.9762, Prec: 0.8700, Rec: 0.8891, F1: 0.8757
        EarlyStopping counter: 3 / 30
[Epoch 43] Train Loss: 0.0124, Loss_s: 0.0123, Loss_u: 0.0004, Mask: 0.5303, Acc: 0.9768, Prec: 0.8939, Rec: 0.8716, F1: 0.8821                                                                                            
[Epoch 43] Val Loss: 0.1394, Acc: 0.9776, Prec: 0.9146, Rec: 0.8540, F1: 0.8806
        EarlyStopping counter: 4 / 30
[Epoch 44] Train Loss: 0.0123, Loss_s: 0.0123, Loss_u: 0.0004, Mask: 0.4811, Acc: 0.9774, Prec: 0.9017, Rec: 0.8741, F1: 0.8872                                                                                            
[Epoch 44] Val Loss: 0.1310, Acc: 0.9781, Prec: 0.9051, Rec: 0.8681, F1: 0.8848
        EarlyStopping counter: 5 / 30
[Epoch 45] Train Loss: 0.0120, Loss_s: 0.0119, Loss_u: 0.0004, Mask: 0.5614, Acc: 0.9777, Prec: 0.9032, Rec: 0.8752, F1: 0.8885                                                                                            
[Epoch 45] Val Loss: 0.1379, Acc: 0.9776, Prec: 0.8973, Rec: 0.8774, F1: 0.8856
        EarlyStopping counter: 6 / 30
[Epoch 46] Train Loss: 0.0119, Loss_s: 0.0118, Loss_u: 0.0006, Mask: 0.5215, Acc: 0.9778, Prec: 0.9120, Rec: 0.8816, F1: 0.8962                                                                                            
[Epoch 46] Val Loss: 0.1482, Acc: 0.9782, Prec: 0.8983, Rec: 0.8765, F1: 0.8838
        EarlyStopping counter: 7 / 30
[Epoch 47] Train Loss: 0.0116, Loss_s: 0.0115, Loss_u: 0.0005, Mask: 0.5578, Acc: 0.9780, Prec: 0.9039, Rec: 0.8753, F1: 0.8891                                                                                            
[Epoch 47] Val Loss: 0.1628, Acc: 0.9751, Prec: 0.8477, Rec: 0.8940, F1: 0.8673
        EarlyStopping counter: 8 / 30
[Epoch 48] Train Loss: 0.0116, Loss_s: 0.0115, Loss_u: 0.0005, Mask: 0.5519, Acc: 0.9780, Prec: 0.9030, Rec: 0.8797, F1: 0.8908                                                                                            
[Epoch 48] Val Loss: 0.1377, Acc: 0.9773, Prec: 0.8856, Rec: 0.8933, F1: 0.8862
        Validation F1 improved → Saving model: ./checkpoints/best_model.pt
[Epoch 49] Train Loss: 0.0118, Loss_s: 0.0117, Loss_u: 0.0004, Mask: 0.5654, Acc: 0.9780, Prec: 0.9024, Rec: 0.8766, F1: 0.8887                                                                                            
[Epoch 49] Val Loss: 0.1545, Acc: 0.9751, Prec: 0.8592, Rec: 0.8934, F1: 0.8741
        EarlyStopping counter: 1 / 30
[Epoch 50] Train Loss: 0.0116, Loss_s: 0.0115, Loss_u: 0.0004, Mask: 0.5351, Acc: 0.9780, Prec: 0.9073, Rec: 0.8781, F1: 0.8920                                                                                            
[Epoch 50] Val Loss: 0.1471, Acc: 0.9766, Prec: 0.8845, Rec: 0.8900, F1: 0.8868
        Validation F1 improved → Saving model: ./checkpoints/best_model.pt
[Epoch 51] Train Loss: 0.0115, Loss_s: 0.0114, Loss_u: 0.0005, Mask: 0.5561, Acc: 0.9785, Prec: 0.9049, Rec: 0.8813, F1: 0.8925                                                                                            
[Epoch 51] Val Loss: 0.1323, Acc: 0.9778, Prec: 0.9098, Rec: 0.8580, F1: 0.8823
        EarlyStopping counter: 1 / 30
[Epoch 52] Train Loss: 0.0115, Loss_s: 0.0114, Loss_u: 0.0004, Mask: 0.6000, Acc: 0.9781, Prec: 0.9016, Rec: 0.8762, F1: 0.8882                                                                                            
[Epoch 52] Val Loss: 0.1349, Acc: 0.9754, Prec: 0.8839, Rec: 0.8745, F1: 0.8751
        EarlyStopping counter: 2 / 30
[Epoch 53] Train Loss: 0.0113, Loss_s: 0.0112, Loss_u: 0.0004, Mask: 0.5901, Acc: 0.9784, Prec: 0.9029, Rec: 0.8814, F1: 0.8916                                                                                            
[Epoch 53] Val Loss: 0.1365, Acc: 0.9762, Prec: 0.8840, Rec: 0.8714, F1: 0.8740
        EarlyStopping counter: 3 / 30
[Epoch 54] Train Loss: 0.0115, Loss_s: 0.0114, Loss_u: 0.0003, Mask: 0.6324, Acc: 0.9780, Prec: 0.9041, Rec: 0.8781, F1: 0.8904                                                                                            
[Epoch 54] Val Loss: 0.1400, Acc: 0.9761, Prec: 0.8949, Rec: 0.8626, F1: 0.8762
        EarlyStopping counter: 4 / 30
[Epoch 55] Train Loss: 0.0111, Loss_s: 0.0110, Loss_u: 0.0004, Mask: 0.5727, Acc: 0.9786, Prec: 0.9092, Rec: 0.8825, F1: 0.8953                                                                                            
[Epoch 55] Val Loss: 0.1487, Acc: 0.9748, Prec: 0.8585, Rec: 0.9072, F1: 0.8792
        EarlyStopping counter: 5 / 30
[Epoch 56] Train Loss: 0.0111, Loss_s: 0.0110, Loss_u: 0.0004, Mask: 0.6272, Acc: 0.9790, Prec: 0.9101, Rec: 0.8856, F1: 0.8973                                                                                            
[Epoch 56] Val Loss: 0.1394, Acc: 0.9767, Prec: 0.8859, Rec: 0.8833, F1: 0.8835
        EarlyStopping counter: 6 / 30
[Epoch 57] Train Loss: 0.0111, Loss_s: 0.0110, Loss_u: 0.0004, Mask: 0.5363, Acc: 0.9789, Prec: 0.9116, Rec: 0.8836, F1: 0.8970                                                                                            
[Epoch 57] Val Loss: 0.1392, Acc: 0.9763, Prec: 0.9017, Rec: 0.8728, F1: 0.8854
        EarlyStopping counter: 7 / 30
[Epoch 58] Train Loss: 0.0109, Loss_s: 0.0108, Loss_u: 0.0005, Mask: 0.5627, Acc: 0.9786, Prec: 0.9090, Rec: 0.8833, F1: 0.8955                                                                                            
[Epoch 58] Val Loss: 0.1374, Acc: 0.9768, Prec: 0.8904, Rec: 0.8794, F1: 0.8826
        EarlyStopping counter: 8 / 30
[Epoch 59] Train Loss: 0.0112, Loss_s: 0.0111, Loss_u: 0.0005, Mask: 0.5676, Acc: 0.9785, Prec: 0.9078, Rec: 0.8796, F1: 0.8931                                                                                            
[Epoch 59] Val Loss: 0.1279, Acc: 0.9781, Prec: 0.8901, Rec: 0.8815, F1: 0.8806
        EarlyStopping counter: 9 / 30
[Epoch 60] Train Loss: 0.0105, Loss_s: 0.0104, Loss_u: 0.0005, Mask: 0.6016, Acc: 0.9792, Prec: 0.9104, Rec: 0.8837, F1: 0.8964                                                                                            
[Epoch 60] Val Loss: 0.1412, Acc: 0.9766, Prec: 0.8810, Rec: 0.8801, F1: 0.8768
        EarlyStopping counter: 10 / 30
[Epoch 61] Train Loss: 0.0108, Loss_s: 0.0107, Loss_u: 0.0004, Mask: 0.5629, Acc: 0.9787, Prec: 0.9112, Rec: 0.8852, F1: 0.8977                                                                                            
[Epoch 61] Val Loss: 0.1360, Acc: 0.9767, Prec: 0.8824, Rec: 0.8957, F1: 0.8873
        Validation F1 improved → Saving model: ./checkpoints/best_model.pt
[Epoch 62] Train Loss: 0.0107, Loss_s: 0.0106, Loss_u: 0.0004, Mask: 0.5709, Acc: 0.9786, Prec: 0.9124, Rec: 0.8845, F1: 0.8978                                                                                            
[Epoch 62] Val Loss: 0.1470, Acc: 0.9751, Prec: 0.8799, Rec: 0.8872, F1: 0.8826
        EarlyStopping counter: 1 / 30
[Epoch 63] Train Loss: 0.0107, Loss_s: 0.0106, Loss_u: 0.0004, Mask: 0.5757, Acc: 0.9791, Prec: 0.9120, Rec: 0.8892, F1: 0.9000                                                                                            
[Epoch 63] Val Loss: 0.1405, Acc: 0.9749, Prec: 0.8705, Rec: 0.9047, F1: 0.8846
        EarlyStopping counter: 2 / 30
[Epoch 64] Train Loss: 0.0105, Loss_s: 0.0104, Loss_u: 0.0004, Mask: 0.6002, Acc: 0.9792, Prec: 0.9134, Rec: 0.8893, F1: 0.9008                                                                                            
[Epoch 64] Val Loss: 0.1464, Acc: 0.9774, Prec: 0.8925, Rec: 0.8876, F1: 0.8883
        Validation F1 improved → Saving model: ./checkpoints/best_model.pt
[Epoch 65] Train Loss: 0.0106, Loss_s: 0.0105, Loss_u: 0.0004, Mask: 0.6190, Acc: 0.9789, Prec: 0.9084, Rec: 0.8849, F1: 0.8962                                                                                            
[Epoch 65] Val Loss: 0.1299, Acc: 0.9753, Prec: 0.8853, Rec: 0.8651, F1: 0.8723
        EarlyStopping counter: 1 / 30
[Epoch 66] Train Loss: 0.0106, Loss_s: 0.0105, Loss_u: 0.0005, Mask: 0.6108, Acc: 0.9792, Prec: 0.9110, Rec: 0.8854, F1: 0.8976                                                                                            
[Epoch 66] Val Loss: 0.1413, Acc: 0.9773, Prec: 0.8978, Rec: 0.8647, F1: 0.8800
        EarlyStopping counter: 2 / 30
[Epoch 67] Train Loss: 0.0104, Loss_s: 0.0103, Loss_u: 0.0004, Mask: 0.5673, Acc: 0.9795, Prec: 0.9176, Rec: 0.8914, F1: 0.9040                                                                                            
[Epoch 67] Val Loss: 0.1346, Acc: 0.9770, Prec: 0.8687, Rec: 0.8926, F1: 0.8772
        EarlyStopping counter: 3 / 30
[Epoch 68] Train Loss: 0.0104, Loss_s: 0.0103, Loss_u: 0.0005, Mask: 0.6173, Acc: 0.9792, Prec: 0.9130, Rec: 0.8911, F1: 0.9015                                                                                            
[Epoch 68] Val Loss: 0.1495, Acc: 0.9772, Prec: 0.8762, Rec: 0.9047, F1: 0.8890
        Validation F1 improved → Saving model: ./checkpoints/best_model.pt
[Epoch 69] Train Loss: 0.0103, Loss_s: 0.0102, Loss_u: 0.0005, Mask: 0.6018, Acc: 0.9797, Prec: 0.9167, Rec: 0.8920, F1: 0.9039                                                                                            
[Epoch 69] Val Loss: 0.1377, Acc: 0.9761, Prec: 0.8878, Rec: 0.8781, F1: 0.8817
        EarlyStopping counter: 1 / 30
[Epoch 70] Train Loss: 0.0102, Loss_s: 0.0101, Loss_u: 0.0004, Mask: 0.6345, Acc: 0.9793, Prec: 0.9131, Rec: 0.8925, F1: 0.9023                                                                                            
[Epoch 70] Val Loss: 0.1381, Acc: 0.9753, Prec: 0.8695, Rec: 0.8869, F1: 0.8763
        EarlyStopping counter: 2 / 30
[Epoch 71] Train Loss: 0.0100, Loss_s: 0.0099, Loss_u: 0.0004, Mask: 0.6160, Acc: 0.9797, Prec: 0.9169, Rec: 0.8933, F1: 0.9046                                                                                            
[Epoch 71] Val Loss: 0.1291, Acc: 0.9781, Prec: 0.8968, Rec: 0.8898, F1: 0.8884
        EarlyStopping counter: 3 / 30
[Epoch 72] Train Loss: 0.0097, Loss_s: 0.0096, Loss_u: 0.0004, Mask: 0.6412, Acc: 0.9802, Prec: 0.9173, Rec: 0.8919, F1: 0.9041                                                                                            
[Epoch 72] Val Loss: 0.1464, Acc: 0.9753, Prec: 0.8685, Rec: 0.9005, F1: 0.8836
        EarlyStopping counter: 4 / 30
[Epoch 73] Train Loss: 0.0097, Loss_s: 0.0096, Loss_u: 0.0005, Mask: 0.6389, Acc: 0.9801, Prec: 0.9183, Rec: 0.8934, F1: 0.9053                                                                                            
[Epoch 73] Val Loss: 0.1297, Acc: 0.9785, Prec: 0.8818, Rec: 0.8911, F1: 0.8846
        EarlyStopping counter: 5 / 30
[Epoch 74] Train Loss: 0.0098, Loss_s: 0.0097, Loss_u: 0.0005, Mask: 0.6200, Acc: 0.9802, Prec: 0.9191, Rec: 0.8973, F1: 0.9076                                                                                            
[Epoch 74] Val Loss: 0.1472, Acc: 0.9761, Prec: 0.8797, Rec: 0.9028, F1: 0.8890
        EarlyStopping counter: 6 / 30
[Epoch 75] Train Loss: 0.0101, Loss_s: 0.0100, Loss_u: 0.0004, Mask: 0.6455, Acc: 0.9799, Prec: 0.9152, Rec: 0.8945, F1: 0.9044                                                                                            
[Epoch 75] Val Loss: 0.1415, Acc: 0.9784, Prec: 0.8857, Rec: 0.8972, F1: 0.8903
        Validation F1 improved → Saving model: ./checkpoints/best_model.pt
[Epoch 76] Train Loss: 0.0095, Loss_s: 0.0094, Loss_u: 0.0005, Mask: 0.6311, Acc: 0.9800, Prec: 0.9186, Rec: 0.8950, F1: 0.9062                                                                                            
[Epoch 76] Val Loss: 0.1273, Acc: 0.9771, Prec: 0.8875, Rec: 0.8841, F1: 0.8815
        EarlyStopping counter: 1 / 30
[Epoch 77] Train Loss: 0.0096, Loss_s: 0.0095, Loss_u: 0.0004, Mask: 0.6544, Acc: 0.9795, Prec: 0.9141, Rec: 0.8856, F1: 0.8994                                                                                            
[Epoch 77] Val Loss: 0.1262, Acc: 0.9779, Prec: 0.8881, Rec: 0.8868, F1: 0.8839
        EarlyStopping counter: 2 / 30
[Epoch 78] Train Loss: 0.0095, Loss_s: 0.0094, Loss_u: 0.0004, Mask: 0.6245, Acc: 0.9800, Prec: 0.9183, Rec: 0.8960, F1: 0.9067                                                                                            
[Epoch 78] Val Loss: 0.1472, Acc: 0.9782, Prec: 0.8808, Rec: 0.9080, F1: 0.8930
        Validation F1 improved → Saving model: ./checkpoints/best_model.pt
[Epoch 79] Train Loss: 0.0093, Loss_s: 0.0092, Loss_u: 0.0004, Mask: 0.6245, Acc: 0.9805, Prec: 0.9188, Rec: 0.8947, F1: 0.9063                                                                                            
[Epoch 79] Val Loss: 0.1446, Acc: 0.9776, Prec: 0.8685, Rec: 0.9087, F1: 0.8843
        EarlyStopping counter: 1 / 30
[Epoch 80] Train Loss: 0.0096, Loss_s: 0.0095, Loss_u: 0.0005, Mask: 0.6451, Acc: 0.9802, Prec: 0.9200, Rec: 0.8992, F1: 0.9091                                                                                            
[Epoch 80] Val Loss: 0.1424, Acc: 0.9750, Prec: 0.8816, Rec: 0.8852, F1: 0.8819
        EarlyStopping counter: 2 / 30
[Epoch 81] Train Loss: 0.0094, Loss_s: 0.0093, Loss_u: 0.0005, Mask: 0.6392, Acc: 0.9803, Prec: 0.9235, Rec: 0.8971, F1: 0.9098                                                                                            
[Epoch 81] Val Loss: 0.1356, Acc: 0.9763, Prec: 0.8966, Rec: 0.8686, F1: 0.8795
        EarlyStopping counter: 3 / 30
[Epoch 82] Train Loss: 0.0093, Loss_s: 0.0093, Loss_u: 0.0005, Mask: 0.6275, Acc: 0.9804, Prec: 0.9269, Rec: 0.8989, F1: 0.9123                                                                                            
[Epoch 82] Val Loss: 0.1389, Acc: 0.9782, Prec: 0.8893, Rec: 0.8982, F1: 0.8925
        EarlyStopping counter: 4 / 30
[Epoch 83] Train Loss: 0.0095, Loss_s: 0.0094, Loss_u: 0.0004, Mask: 0.6404, Acc: 0.9805, Prec: 0.9203, Rec: 0.8969, F1: 0.9081                                                                                            
[Epoch 83] Val Loss: 0.1331, Acc: 0.9774, Prec: 0.8814, Rec: 0.8913, F1: 0.8852
        EarlyStopping counter: 5 / 30
[Epoch 84] Train Loss: 0.0094, Loss_s: 0.0093, Loss_u: 0.0006, Mask: 0.6104, Acc: 0.9805, Prec: 0.9233, Rec: 0.9020, F1: 0.9122                                                                                            
[Epoch 84] Val Loss: 0.1328, Acc: 0.9784, Prec: 0.8842, Rec: 0.8933, F1: 0.8853
        EarlyStopping counter: 6 / 30
[Epoch 85] Train Loss: 0.0090, Loss_s: 0.0090, Loss_u: 0.0004, Mask: 0.6201, Acc: 0.9807, Prec: 0.9207, Rec: 0.8987, F1: 0.9092                                                                                            
[Epoch 85] Val Loss: 0.1276, Acc: 0.9783, Prec: 0.8976, Rec: 0.8863, F1: 0.8894
        EarlyStopping counter: 7 / 30
[Epoch 86] Train Loss: 0.0092, Loss_s: 0.0091, Loss_u: 0.0005, Mask: 0.6275, Acc: 0.9806, Prec: 0.9198, Rec: 0.8960, F1: 0.9073                                                                                            
[Epoch 86] Val Loss: 0.1349, Acc: 0.9775, Prec: 0.8702, Rec: 0.9007, F1: 0.8820
        EarlyStopping counter: 8 / 30
[Epoch 87] Train Loss: 0.0088, Loss_s: 0.0087, Loss_u: 0.0004, Mask: 0.6476, Acc: 0.9811, Prec: 0.9246, Rec: 0.9026, F1: 0.9132                                                                                            
[Epoch 87] Val Loss: 0.1309, Acc: 0.9790, Prec: 0.9047, Rec: 0.8820, F1: 0.8922
        EarlyStopping counter: 9 / 30
[Epoch 88] Train Loss: 0.0089, Loss_s: 0.0088, Loss_u: 0.0005, Mask: 0.6397, Acc: 0.9805, Prec: 0.9207, Rec: 0.8996, F1: 0.9097                                                                                            
[Epoch 88] Val Loss: 0.1868, Acc: 0.9470, Prec: 0.8112, Rec: 0.8382, F1: 0.7753
        EarlyStopping counter: 10 / 30
[Epoch 89] Train Loss: 0.0086, Loss_s: 0.0086, Loss_u: 0.0004, Mask: 0.6485, Acc: 0.9808, Prec: 0.9236, Rec: 0.9026, F1: 0.9127                                                                                            
[Epoch 89] Val Loss: 0.1638, Acc: 0.9606, Prec: 0.8251, Rec: 0.8501, F1: 0.7993
        EarlyStopping counter: 11 / 30
[Epoch 90] Train Loss: 0.0090, Loss_s: 0.0090, Loss_u: 0.0004, Mask: 0.6476, Acc: 0.9809, Prec: 0.9265, Rec: 0.9019, F1: 0.9137                                                                                            
[Epoch 90] Val Loss: 0.1304, Acc: 0.9779, Prec: 0.8837, Rec: 0.8991, F1: 0.8890
        EarlyStopping counter: 12 / 30
[Epoch 91] Train Loss: 0.0085, Loss_s: 0.0084, Loss_u: 0.0005, Mask: 0.6338, Acc: 0.9810, Prec: 0.9248, Rec: 0.9021, F1: 0.9130                                                                                            
[Epoch 91] Val Loss: 0.1351, Acc: 0.9778, Prec: 0.8819, Rec: 0.9101, F1: 0.8949
        Validation F1 improved → Saving model: ./checkpoints/best_model.pt
[Epoch 92] Train Loss: 0.0086, Loss_s: 0.0085, Loss_u: 0.0005, Mask: 0.6218, Acc: 0.9813, Prec: 0.9243, Rec: 0.9021, F1: 0.9128                                                                                            
[Epoch 92] Val Loss: 0.1325, Acc: 0.9788, Prec: 0.8952, Rec: 0.8931, F1: 0.8921
        EarlyStopping counter: 1 / 30
[Epoch 93] Train Loss: 0.0086, Loss_s: 0.0086, Loss_u: 0.0004, Mask: 0.6308, Acc: 0.9811, Prec: 0.9270, Rec: 0.9020, F1: 0.9141                                                                                            
[Epoch 93] Val Loss: 0.1338, Acc: 0.9798, Prec: 0.9024, Rec: 0.8995, F1: 0.8984
        Validation F1 improved → Saving model: ./checkpoints/best_model.pt
[Epoch 94] Train Loss: 0.0084, Loss_s: 0.0083, Loss_u: 0.0005, Mask: 0.6571, Acc: 0.9812, Prec: 0.9206, Rec: 0.9044, F1: 0.9121                                                                                            
[Epoch 94] Val Loss: 0.1270, Acc: 0.9774, Prec: 0.8824, Rec: 0.8959, F1: 0.8874
        EarlyStopping counter: 1 / 30
[Epoch 95] Train Loss: 0.0084, Loss_s: 0.0083, Loss_u: 0.0006, Mask: 0.6602, Acc: 0.9811, Prec: 0.9271, Rec: 0.9038, F1: 0.9150                                                                                            
[Epoch 95] Val Loss: 0.1253, Acc: 0.9790, Prec: 0.8901, Rec: 0.8969, F1: 0.8914
        EarlyStopping counter: 2 / 30
[Epoch 96] Train Loss: 0.0084, Loss_s: 0.0083, Loss_u: 0.0006, Mask: 0.6595, Acc: 0.9809, Prec: 0.9234, Rec: 0.9020, F1: 0.9123                                                                                            
[Epoch 96] Val Loss: 0.1364, Acc: 0.9775, Prec: 0.8894, Rec: 0.8948, F1: 0.8896
        EarlyStopping counter: 3 / 30
[Epoch 97] Train Loss: 0.0083, Loss_s: 0.0082, Loss_u: 0.0005, Mask: 0.6420, Acc: 0.9816, Prec: 0.9239, Rec: 0.9046, F1: 0.9138                                                                                            
[Epoch 97] Val Loss: 0.1263, Acc: 0.9769, Prec: 0.8832, Rec: 0.8973, F1: 0.8859
        EarlyStopping counter: 4 / 30
[Epoch 98] Train Loss: 0.0080, Loss_s: 0.0079, Loss_u: 0.0007, Mask: 0.6584, Acc: 0.9816, Prec: 0.9267, Rec: 0.9049, F1: 0.9154                                                                                            
[Epoch 98] Val Loss: 0.1278, Acc: 0.9795, Prec: 0.8927, Rec: 0.8963, F1: 0.8921
        EarlyStopping counter: 5 / 30
[Epoch 99] Train Loss: 0.0081, Loss_s: 0.0080, Loss_u: 0.0005, Mask: 0.6644, Acc: 0.9816, Prec: 0.9284, Rec: 0.9090, F1: 0.9182                                                                                            
[Epoch 99] Val Loss: 0.1275, Acc: 0.9786, Prec: 0.8861, Rec: 0.8984, F1: 0.8910
        EarlyStopping counter: 6 / 30
[Epoch 100] Train Loss: 0.0080, Loss_s: 0.0079, Loss_u: 0.0005, Mask: 0.6702, Acc: 0.9815, Prec: 0.9222, Rec: 0.9050, F1: 0.9133                                                                                           
[Epoch 100] Val Loss: 0.1261, Acc: 0.9788, Prec: 0.8900, Rec: 0.8911, F1: 0.8880
        EarlyStopping counter: 7 / 30
[Epoch 101] Train Loss: 0.0080, Loss_s: 0.0079, Loss_u: 0.0005, Mask: 0.6609, Acc: 0.9818, Prec: 0.9322, Rec: 0.9070, F1: 0.9192                                                                                           
[Epoch 101] Val Loss: 0.1218, Acc: 0.9786, Prec: 0.8939, Rec: 0.8925, F1: 0.8909
        EarlyStopping counter: 8 / 30
[Epoch 102] Train Loss: 0.0080, Loss_s: 0.0079, Loss_u: 0.0005, Mask: 0.6823, Acc: 0.9821, Prec: 0.9301, Rec: 0.9088, F1: 0.9191                                                                                           
[Epoch 102] Val Loss: 0.1272, Acc: 0.9784, Prec: 0.8844, Rec: 0.8989, F1: 0.8908
        EarlyStopping counter: 9 / 30
[Epoch 103] Train Loss: 0.0079, Loss_s: 0.0077, Loss_u: 0.0007, Mask: 0.6729, Acc: 0.9821, Prec: 0.9328, Rec: 0.9117, F1: 0.9219                                                                                           
[Epoch 103] Val Loss: 0.1250, Acc: 0.9778, Prec: 0.8845, Rec: 0.8906, F1: 0.8868
        EarlyStopping counter: 10 / 30
[Epoch 104] Train Loss: 0.0077, Loss_s: 0.0076, Loss_u: 0.0006, Mask: 0.6761, Acc: 0.9822, Prec: 0.9289, Rec: 0.9088, F1: 0.9184                                                                                           
[Epoch 104] Val Loss: 0.1307, Acc: 0.9779, Prec: 0.8842, Rec: 0.9026, F1: 0.8928
        EarlyStopping counter: 11 / 30
[Epoch 105] Train Loss: 0.0075, Loss_s: 0.0074, Loss_u: 0.0006, Mask: 0.6753, Acc: 0.9822, Prec: 0.9317, Rec: 0.9099, F1: 0.9204                                                                                           
[Epoch 105] Val Loss: 0.1344, Acc: 0.9758, Prec: 0.8626, Rec: 0.9033, F1: 0.8795
        EarlyStopping counter: 12 / 30
[Epoch 106] Train Loss: 0.0077, Loss_s: 0.0075, Loss_u: 0.0007, Mask: 0.6820, Acc: 0.9824, Prec: 0.9327, Rec: 0.9128, F1: 0.9225                                                                                           
[Epoch 106] Val Loss: 0.1293, Acc: 0.9781, Prec: 0.8837, Rec: 0.8932, F1: 0.8870
        EarlyStopping counter: 13 / 30
[Epoch 107] Train Loss: 0.0076, Loss_s: 0.0075, Loss_u: 0.0006, Mask: 0.6744, Acc: 0.9826, Prec: 0.9292, Rec: 0.9136, F1: 0.9210                                                                                           
[Epoch 107] Val Loss: 0.1295, Acc: 0.9786, Prec: 0.8887, Rec: 0.9037, F1: 0.8948
        EarlyStopping counter: 14 / 30
[Epoch 108] Train Loss: 0.0075, Loss_s: 0.0074, Loss_u: 0.0006, Mask: 0.6780, Acc: 0.9825, Prec: 0.9346, Rec: 0.9120, F1: 0.9230                                                                                           
[Epoch 108] Val Loss: 0.1310, Acc: 0.9778, Prec: 0.8767, Rec: 0.8999, F1: 0.8861
        EarlyStopping counter: 15 / 30
[Epoch 109] Train Loss: 0.0075, Loss_s: 0.0074, Loss_u: 0.0007, Mask: 0.6802, Acc: 0.9824, Prec: 0.9366, Rec: 0.9119, F1: 0.9238                                                                                           
[Epoch 109] Val Loss: 0.1254, Acc: 0.9787, Prec: 0.8859, Rec: 0.9030, F1: 0.8918
        EarlyStopping counter: 16 / 30
[Epoch 110] Train Loss: 0.0074, Loss_s: 0.0073, Loss_u: 0.0006, Mask: 0.6830, Acc: 0.9824, Prec: 0.9337, Rec: 0.9155, F1: 0.9243                                                                                           
[Epoch 110] Val Loss: 0.1289, Acc: 0.9773, Prec: 0.8752, Rec: 0.9026, F1: 0.8879
        EarlyStopping counter: 17 / 30
[Epoch 111] Train Loss: 0.0073, Loss_s: 0.0072, Loss_u: 0.0007, Mask: 0.6851, Acc: 0.9826, Prec: 0.9345, Rec: 0.9135, F1: 0.9236                                                                                           
[Epoch 111] Val Loss: 0.1292, Acc: 0.9781, Prec: 0.8834, Rec: 0.8978, F1: 0.8889
        EarlyStopping counter: 18 / 30
[Epoch 112] Train Loss: 0.0072, Loss_s: 0.0071, Loss_u: 0.0006, Mask: 0.6800, Acc: 0.9829, Prec: 0.9384, Rec: 0.9158, F1: 0.9268                                                                                           
[Epoch 112] Val Loss: 0.1279, Acc: 0.9779, Prec: 0.8780, Rec: 0.8979, F1: 0.8861
        EarlyStopping counter: 19 / 30
[Epoch 113] Train Loss: 0.0072, Loss_s: 0.0070, Loss_u: 0.0006, Mask: 0.6912, Acc: 0.9824, Prec: 0.9312, Rec: 0.9146, F1: 0.9225                                                                                           
[Epoch 113] Val Loss: 0.1255, Acc: 0.9788, Prec: 0.8802, Rec: 0.8930, F1: 0.8850
        EarlyStopping counter: 20 / 30
[Epoch 114] Train Loss: 0.0071, Loss_s: 0.0069, Loss_u: 0.0007, Mask: 0.6823, Acc: 0.9826, Prec: 0.9353, Rec: 0.9171, F1: 0.9259                                                                                           
[Epoch 114] Val Loss: 0.1300, Acc: 0.9783, Prec: 0.8754, Rec: 0.9011, F1: 0.8867
        EarlyStopping counter: 21 / 30
[Epoch 115] Train Loss: 0.0071, Loss_s: 0.0070, Loss_u: 0.0007, Mask: 0.6886, Acc: 0.9829, Prec: 0.9353, Rec: 0.9186, F1: 0.9266                                                                                           
[Epoch 115] Val Loss: 0.1208, Acc: 0.9789, Prec: 0.8915, Rec: 0.8955, F1: 0.8923
        EarlyStopping counter: 22 / 30
[Epoch 116] Train Loss: 0.0070, Loss_s: 0.0069, Loss_u: 0.0006, Mask: 0.6934, Acc: 0.9828, Prec: 0.9362, Rec: 0.9162, F1: 0.9259                                                                                           
[Epoch 116] Val Loss: 0.1243, Acc: 0.9790, Prec: 0.8931, Rec: 0.8944, F1: 0.8921
        EarlyStopping counter: 23 / 30
[Epoch 117] Train Loss: 0.0071, Loss_s: 0.0069, Loss_u: 0.0007, Mask: 0.6997, Acc: 0.9829, Prec: 0.9380, Rec: 0.9147, F1: 0.9260                                                                                           
[Epoch 117] Val Loss: 0.1245, Acc: 0.9790, Prec: 0.8940, Rec: 0.9019, F1: 0.8966
        EarlyStopping counter: 24 / 30
[Epoch 118] Train Loss: 0.0068, Loss_s: 0.0067, Loss_u: 0.0006, Mask: 0.6908, Acc: 0.9829, Prec: 0.9353, Rec: 0.9187, F1: 0.9267                                                                                           
[Epoch 118] Val Loss: 0.1276, Acc: 0.9786, Prec: 0.8880, Rec: 0.8994, F1: 0.8920
        EarlyStopping counter: 25 / 30
[Epoch 119] Train Loss: 0.0068, Loss_s: 0.0067, Loss_u: 0.0005, Mask: 0.6963, Acc: 0.9831, Prec: 0.9398, Rec: 0.9189, F1: 0.9290                                                                                           
[Epoch 119] Val Loss: 0.1239, Acc: 0.9781, Prec: 0.8826, Rec: 0.8982, F1: 0.8883
        EarlyStopping counter: 26 / 30
[Epoch 120] Train Loss: 0.0068, Loss_s: 0.0067, Loss_u: 0.0006, Mask: 0.6970, Acc: 0.9833, Prec: 0.9351, Rec: 0.9189, F1: 0.9266                                                                                           
[Epoch 120] Val Loss: 0.1232, Acc: 0.9795, Prec: 0.8996, Rec: 0.8996, F1: 0.8988
        Validation F1 improved → Saving model: ./checkpoints/best_model.pt
[Epoch 121] Train Loss: 0.0068, Loss_s: 0.0066, Loss_u: 0.0006, Mask: 0.6998, Acc: 0.9835, Prec: 0.9417, Rec: 0.9235, F1: 0.9323                                                                                           
[Epoch 121] Val Loss: 0.1181, Acc: 0.9800, Prec: 0.9001, Rec: 0.8933, F1: 0.8956
        EarlyStopping counter: 1 / 30
[Epoch 122] Train Loss: 0.0067, Loss_s: 0.0065, Loss_u: 0.0006, Mask: 0.6995, Acc: 0.9831, Prec: 0.9395, Rec: 0.9189, F1: 0.9288                                                                                           
[Epoch 122] Val Loss: 0.1292, Acc: 0.9784, Prec: 0.8829, Rec: 0.9030, F1: 0.8915
        EarlyStopping counter: 2 / 30
[Epoch 123] Train Loss: 0.0067, Loss_s: 0.0066, Loss_u: 0.0006, Mask: 0.6952, Acc: 0.9834, Prec: 0.9395, Rec: 0.9229, F1: 0.9310                                                                                           
[Epoch 123] Val Loss: 0.1279, Acc: 0.9788, Prec: 0.8909, Rec: 0.8991, F1: 0.8939
        EarlyStopping counter: 3 / 30
[Epoch 124] Train Loss: 0.0067, Loss_s: 0.0065, Loss_u: 0.0007, Mask: 0.6982, Acc: 0.9838, Prec: 0.9413, Rec: 0.9226, F1: 0.9316                                                                                           
[Epoch 124] Val Loss: 0.1286, Acc: 0.9785, Prec: 0.8879, Rec: 0.9062, F1: 0.8955
        EarlyStopping counter: 4 / 30
[Epoch 125] Train Loss: 0.0065, Loss_s: 0.0064, Loss_u: 0.0006, Mask: 0.6937, Acc: 0.9836, Prec: 0.9423, Rec: 0.9224, F1: 0.9321                                                                                           
[Epoch 125] Val Loss: 0.1237, Acc: 0.9795, Prec: 0.8938, Rec: 0.9004, F1: 0.8960
        EarlyStopping counter: 5 / 30
[Epoch 126] Train Loss: 0.0066, Loss_s: 0.0064, Loss_u: 0.0008, Mask: 0.7010, Acc: 0.9833, Prec: 0.9404, Rec: 0.9212, F1: 0.9305                                                                                           
[Epoch 126] Val Loss: 0.1259, Acc: 0.9789, Prec: 0.8923, Rec: 0.9025, F1: 0.8961
        EarlyStopping counter: 6 / 30
[Epoch 127] Train Loss: 0.0065, Loss_s: 0.0064, Loss_u: 0.0007, Mask: 0.6992, Acc: 0.9835, Prec: 0.9388, Rec: 0.9191, F1: 0.9287                                                                                           
[Epoch 127] Val Loss: 0.1200, Acc: 0.9794, Prec: 0.8931, Rec: 0.8904, F1: 0.8901
        EarlyStopping counter: 7 / 30
[Epoch 128] Train Loss: 0.0064, Loss_s: 0.0063, Loss_u: 0.0006, Mask: 0.7021, Acc: 0.9836, Prec: 0.9458, Rec: 0.9232, F1: 0.9341                                                                                           
[Epoch 128] Val Loss: 0.1233, Acc: 0.9793, Prec: 0.8887, Rec: 0.9018, F1: 0.8936
        EarlyStopping counter: 8 / 30
[Epoch 129] Train Loss: 0.0065, Loss_s: 0.0063, Loss_u: 0.0008, Mask: 0.7027, Acc: 0.9832, Prec: 0.9388, Rec: 0.9215, F1: 0.9298                                                                                           
[Epoch 129] Val Loss: 0.1243, Acc: 0.9793, Prec: 0.8857, Rec: 0.9028, F1: 0.8922
        EarlyStopping counter: 9 / 30
[Epoch 130] Train Loss: 0.0064, Loss_s: 0.0062, Loss_u: 0.0007, Mask: 0.7024, Acc: 0.9837, Prec: 0.9421, Rec: 0.9249, F1: 0.9332                                                                                           
[Epoch 130] Val Loss: 0.1221, Acc: 0.9793, Prec: 0.8940, Rec: 0.8997, F1: 0.8960
        EarlyStopping counter: 10 / 30
[Epoch 131] Train Loss: 0.0063, Loss_s: 0.0062, Loss_u: 0.0007, Mask: 0.7014, Acc: 0.9834, Prec: 0.9421, Rec: 0.9247, F1: 0.9331                                                                                           
[Epoch 131] Val Loss: 0.1253, Acc: 0.9786, Prec: 0.8830, Rec: 0.9013, F1: 0.8899
        EarlyStopping counter: 11 / 30
[Epoch 132] Train Loss: 0.0062, Loss_s: 0.0061, Loss_u: 0.0007, Mask: 0.7031, Acc: 0.9839, Prec: 0.9427, Rec: 0.9201, F1: 0.9311                                                                                           
[Epoch 132] Val Loss: 0.1269, Acc: 0.9781, Prec: 0.8810, Rec: 0.9064, F1: 0.8922
        EarlyStopping counter: 12 / 30
[Epoch 133] Train Loss: 0.0062, Loss_s: 0.0060, Loss_u: 0.0008, Mask: 0.6968, Acc: 0.9842, Prec: 0.9419, Rec: 0.9245, F1: 0.9329                                                                                           
[Epoch 133] Val Loss: 0.1243, Acc: 0.9784, Prec: 0.8842, Rec: 0.9047, F1: 0.8926
        EarlyStopping counter: 13 / 30
[Epoch 134] Train Loss: 0.0062, Loss_s: 0.0060, Loss_u: 0.0008, Mask: 0.6986, Acc: 0.9841, Prec: 0.9425, Rec: 0.9253, F1: 0.9337                                                                                           
[Epoch 134] Val Loss: 0.1240, Acc: 0.9789, Prec: 0.8908, Rec: 0.9012, F1: 0.8948
        EarlyStopping counter: 14 / 30
[Epoch 135] Train Loss: 0.0064, Loss_s: 0.0062, Loss_u: 0.0009, Mask: 0.6941, Acc: 0.9839, Prec: 0.9405, Rec: 0.9255, F1: 0.9328                                                                                           
[Epoch 135] Val Loss: 0.1249, Acc: 0.9786, Prec: 0.8874, Rec: 0.9040, F1: 0.8945
        EarlyStopping counter: 15 / 30
[Epoch 136] Train Loss: 0.0064, Loss_s: 0.0062, Loss_u: 0.0007, Mask: 0.6988, Acc: 0.9834, Prec: 0.9382, Rec: 0.9203, F1: 0.9290                                                                                           
[Epoch 136] Val Loss: 0.1202, Acc: 0.9800, Prec: 0.8987, Rec: 0.9009, F1: 0.8985
        EarlyStopping counter: 16 / 30
[Epoch 137] Train Loss: 0.0061, Loss_s: 0.0059, Loss_u: 0.0008, Mask: 0.7021, Acc: 0.9841, Prec: 0.9456, Rec: 0.9253, F1: 0.9352                                                                                           
[Epoch 137] Val Loss: 0.1210, Acc: 0.9795, Prec: 0.8937, Rec: 0.9000, F1: 0.8954
        EarlyStopping counter: 17 / 30
[Epoch 138] Train Loss: 0.0062, Loss_s: 0.0061, Loss_u: 0.0008, Mask: 0.7016, Acc: 0.9842, Prec: 0.9443, Rec: 0.9273, F1: 0.9354                                                                                           
[Epoch 138] Val Loss: 0.1236, Acc: 0.9787, Prec: 0.8919, Rec: 0.8999, F1: 0.8950
        EarlyStopping counter: 18 / 30
[Epoch 139] Train Loss: 0.0063, Loss_s: 0.0062, Loss_u: 0.0007, Mask: 0.7017, Acc: 0.9839, Prec: 0.9413, Rec: 0.9247, F1: 0.9327                                                                                           
[Epoch 139] Val Loss: 0.1261, Acc: 0.9782, Prec: 0.8831, Rec: 0.9051, F1: 0.8928
        EarlyStopping counter: 19 / 30
[Epoch 140] Train Loss: 0.0061, Loss_s: 0.0060, Loss_u: 0.0007, Mask: 0.7031, Acc: 0.9839, Prec: 0.9450, Rec: 0.9279, F1: 0.9362                                                                                           
[Epoch 140] Val Loss: 0.1257, Acc: 0.9781, Prec: 0.8815, Rec: 0.9066, F1: 0.8926
        EarlyStopping counter: 20 / 30
[Epoch 141] Train Loss: 0.0061, Loss_s: 0.0060, Loss_u: 0.0007, Mask: 0.7043, Acc: 0.9840, Prec: 0.9396, Rec: 0.9254, F1: 0.9322                                                                                           
[Epoch 141] Val Loss: 0.1224, Acc: 0.9786, Prec: 0.8880, Rec: 0.8980, F1: 0.8918
        EarlyStopping counter: 21 / 30
[Epoch 142] Train Loss: 0.0060, Loss_s: 0.0058, Loss_u: 0.0007, Mask: 0.7057, Acc: 0.9841, Prec: 0.9447, Rec: 0.9248, F1: 0.9345                                                                                           
[Epoch 142] Val Loss: 0.1228, Acc: 0.9788, Prec: 0.8884, Rec: 0.8998, F1: 0.8926
        EarlyStopping counter: 22 / 30
[Epoch 143] Train Loss: 0.0060, Loss_s: 0.0059, Loss_u: 0.0008, Mask: 0.7057, Acc: 0.9842, Prec: 0.9447, Rec: 0.9235, F1: 0.9337                                                                                           
[Epoch 143] Val Loss: 0.1237, Acc: 0.9787, Prec: 0.8867, Rec: 0.9047, F1: 0.8944
        EarlyStopping counter: 23 / 30
[Epoch 144] Train Loss: 0.0061, Loss_s: 0.0060, Loss_u: 0.0007, Mask: 0.7051, Acc: 0.9839, Prec: 0.9430, Rec: 0.9263, F1: 0.9344                                                                                           
[Epoch 144] Val Loss: 0.1230, Acc: 0.9789, Prec: 0.8884, Rec: 0.9039, F1: 0.8946
        EarlyStopping counter: 24 / 30
[Epoch 145] Train Loss: 0.0061, Loss_s: 0.0060, Loss_u: 0.0008, Mask: 0.7047, Acc: 0.9841, Prec: 0.9457, Rec: 0.9285, F1: 0.9368                                                                                           
[Epoch 145] Val Loss: 0.1234, Acc: 0.9789, Prec: 0.8867, Rec: 0.9029, F1: 0.8935
        EarlyStopping counter: 25 / 30
[Epoch 146] Train Loss: 0.0060, Loss_s: 0.0059, Loss_u: 0.0007, Mask: 0.7046, Acc: 0.9838, Prec: 0.9431, Rec: 0.9268, F1: 0.9348                                                                                           
[Epoch 146] Val Loss: 0.1219, Acc: 0.9790, Prec: 0.8892, Rec: 0.8995, F1: 0.8931
        EarlyStopping counter: 26 / 30
[Epoch 147] Train Loss: 0.0061, Loss_s: 0.0060, Loss_u: 0.0007, Mask: 0.7057, Acc: 0.9840, Prec: 0.9428, Rec: 0.9251, F1: 0.9337                                                                                           
[Epoch 147] Val Loss: 0.1235, Acc: 0.9786, Prec: 0.8865, Rec: 0.9040, F1: 0.8935
        EarlyStopping counter: 27 / 30
[Epoch 148] Train Loss: 0.0061, Loss_s: 0.0059, Loss_u: 0.0008, Mask: 0.7053, Acc: 0.9843, Prec: 0.9450, Rec: 0.9253, F1: 0.9348                                                                                           
[Epoch 148] Val Loss: 0.1229, Acc: 0.9788, Prec: 0.8889, Rec: 0.9043, F1: 0.8950
        EarlyStopping counter: 28 / 30
[Epoch 149] Train Loss: 0.0061, Loss_s: 0.0060, Loss_u: 0.0007, Mask: 0.7049, Acc: 0.9842, Prec: 0.9444, Rec: 0.9266, F1: 0.9353                                                                                           
[Epoch 149] Val Loss: 0.1260, Acc: 0.9780, Prec: 0.8796, Rec: 0.9062, F1: 0.8910
        EarlyStopping counter: 29 / 30
[Epoch 150] Train Loss: 0.0061, Loss_s: 0.0059, Loss_u: 0.0008, Mask: 0.7044, Acc: 0.9836, Prec: 0.9400, Rec: 0.9252, F1: 0.9323                                                                                           
[Epoch 150] Val Loss: 0.1240, Acc: 0.9784, Prec: 0.8854, Rec: 0.9020, F1: 0.8926
        EarlyStopping counter: 30 / 30
Early stopping triggered...
Total training time: 497 min 14.99 sec
Loaded best model.
[Best Model Train] Loss: 0.1219, Acc: 0.9802, Prec: 0.9252, Rec: 0.9152, F1: 0.9195                                                                                                                                        
[Best Model Train] Classification Report:
              precision    recall  f1-score   support

           0     0.9674    0.9220    0.9442      3220
           1     0.9205    0.9736    0.9463       416
           2     0.8912    0.8314    0.8603      3891
           3     0.9583    0.9959    0.9767      7260
           4     0.8257    0.8229    0.8243      2694
           5     0.9437    0.9553    0.9495       649
           6     0.8562    0.7528    0.8012       894
           7     0.9735    0.9910    0.9821       111
           8     0.9901    0.9920    0.9910    110573

    accuracy                         0.9802    129708
   macro avg     0.9252    0.9152    0.9195    129708
weighted avg     0.9800    0.9802    0.9800    129708

[Best Model Train] Confusion Matrix:
[[  2969      5      2      1     26      0      0      0    217]
 [     3    405      0      0      7      1      0      0      0]
 [     6      2   3235    149    128     12      1      0    358]
 [     0      0     11   7230      0      1      0      0     18]
 [    32     15     63      1   2217      2     27      0    337]
 [     3      2      5      0      6    620      1      3      9]
 [     0      6      4      1     50      0    673      0    160]
 [     0      0      0      0      0      1      0    110      0]
 [    56      5    310    163    251     20     84      0 109684]]

[Best Model Validation] Loss: 0.1232, Acc: 0.9795, Prec: 0.8996, Rec: 0.8996, F1: 0.8988                                                                                                                                   
[Best Model Validation] Classification Report:
              precision    recall  f1-score   support

           0     0.9603    0.9022    0.9303       644
           1     0.8261    0.9157    0.8686        83
           2     0.8892    0.8355    0.8615       778
           3     0.9551    0.9959    0.9751      1452
           4     0.8218    0.7974    0.8094       538
           5     0.9153    0.8372    0.8745       129
           6     0.7807    0.8202    0.8000       178
           7     0.9565    1.0000    0.9778        22
           8     0.9910    0.9924    0.9917     22114

    accuracy                         0.9795     25938
   macro avg     0.8996    0.8996    0.8988     25938
weighted avg     0.9793    0.9795    0.9793     25938

[Best Model Validation] Confusion Matrix:
[[  581     7     0     0     5     0     0     0    51]
 [    1    76     0     0     5     1     0     0     0]
 [    1     0   650    37    28     3     3     0    56]
 [    0     0     5  1446     0     0     0     0     1]
 [    7     5    10     0   429     2    16     0    69]
 [    2     3     6     0     5   108     1     1     3]
 [    0     0     3     0    10     0   146     0    19]
 [    0     0     0     0     0     0     0    22     0]
 [   13     1    57    31    40     4    21     0 21947]]

[Test] Loss: 0.1225, Acc: 0.9799, Prec: 0.9155, Rec: 0.8990, F1: 0.9067                                                                                                                                                    
[Test] Classification Report:
              precision    recall  f1-score   support

           0     0.9516    0.9140    0.9324       430
           1     0.8571    0.8571    0.8571        56
           2     0.8990    0.8385    0.8677       520
           3     0.9611    0.9959    0.9782       968
           4     0.8380    0.8310    0.8345       361
           5     0.9222    0.9432    0.9326        88
           6     0.8208    0.7190    0.7665       121
           7     1.0000    1.0000    1.0000        16
           8     0.9900    0.9922    0.9911     14744

    accuracy                         0.9799     17304
   macro avg     0.9155    0.8990    0.9067     17304
weighted avg     0.9796    0.9799    0.9796     17304

[Test] Confusion Matrix:
[[  393     1     0     0     5     0     0     0    31]
 [    1    48     0     0     5     0     1     0     1]
 [    0     1   436    19    10     4     1     0    49]
 [    0     0     3   964     0     0     0     0     1]
 [    7     3    10     0   300     0     4     0    37]
 [    1     0     0     0     3    83     0     0     1]
 [    0     1     0     0     5     0    87     0    28]
 [    0     0     0     0     0     0     0    16     0]
 [   11     2    36    20    30     3    13     0 14629]]