## backbone unfreeze
## fc.classifier unfreeze

05/01/2026 16:39:58 - INFO - root -   train_labeled_dataset: 129708
05/01/2026 16:39:58 - INFO - root -   val_dataset: 25938
05/01/2026 16:39:58 - INFO - root -   test_dataset: 17304
05/01/2026 16:39:58 - INFO - root -   train_unlabeled_dataset: 638507
[Epoch 1] Train Loss: 0.1414, Loss_s: 0.1381, Loss_u: 0.0164, Mask: 0.8597, Acc: 0.9585, Prec: 0.7707, Rec: 0.7089, F1: 0.7356                                        
[Epoch 1] Val Loss: 0.1015, Acc: 0.9680, Prec: 0.8719, Rec: 0.7493, F1: 0.7977
        Validation F1 improved → Saving model: ./checkpoints/best_model.pt
[Epoch 2] Train Loss: 0.0924, Loss_s: 0.0900, Loss_u: 0.0122, Mask: 0.8877, Acc: 0.9693, Prec: 0.8559, Rec: 0.8064, F1: 0.8294                                        
[Epoch 2] Val Loss: 0.1202, Acc: 0.9658, Prec: 0.8867, Rec: 0.7748, F1: 0.8073
        Validation F1 improved → Saving model: ./checkpoints/best_model.pt
[Epoch 3] Train Loss: 0.0856, Loss_s: 0.0833, Loss_u: 0.0117, Mask: 0.8891, Acc: 0.9713, Prec: 0.8644, Rec: 0.8263, F1: 0.8441                                        
[Epoch 3] Val Loss: 0.0861, Acc: 0.9683, Prec: 0.8218, Rec: 0.8698, F1: 0.8388
        Validation F1 improved → Saving model: ./checkpoints/best_model.pt
[Epoch 4] Train Loss: 0.0826, Loss_s: 0.0804, Loss_u: 0.0110, Mask: 0.8936, Acc: 0.9721, Prec: 0.8674, Rec: 0.8332, F1: 0.8492                                        
[Epoch 4] Val Loss: 0.0961, Acc: 0.9702, Prec: 0.9119, Rec: 0.7827, F1: 0.8387
        EarlyStopping counter: 1 / 30
[Epoch 5] Train Loss: 0.0791, Loss_s: 0.0768, Loss_u: 0.0117, Mask: 0.8964, Acc: 0.9731, Prec: 0.8766, Rec: 0.8407, F1: 0.8575                                        
[Epoch 5] Val Loss: 0.0739, Acc: 0.9742, Prec: 0.8539, Rec: 0.8639, F1: 0.8451
        Validation F1 improved → Saving model: ./checkpoints/best_model.pt
[Epoch 6] Train Loss: 0.0773, Loss_s: 0.0751, Loss_u: 0.0111, Mask: 0.8990, Acc: 0.9736, Prec: 0.8785, Rec: 0.8399, F1: 0.8581                                        
[Epoch 6] Val Loss: 0.0690, Acc: 0.9768, Prec: 0.8808, Rec: 0.8757, F1: 0.8763
        Validation F1 improved → Saving model: ./checkpoints/best_model.pt
[Epoch 7] Train Loss: 0.0753, Loss_s: 0.0731, Loss_u: 0.0114, Mask: 0.9025, Acc: 0.9743, Prec: 0.8845, Rec: 0.8499, F1: 0.8662                                        
[Epoch 7] Val Loss: 0.0703, Acc: 0.9749, Prec: 0.8921, Rec: 0.8553, F1: 0.8650
        EarlyStopping counter: 1 / 30
[Epoch 8] Train Loss: 0.0752, Loss_s: 0.0730, Loss_u: 0.0108, Mask: 0.9013, Acc: 0.9750, Prec: 0.8889, Rec: 0.8549, F1: 0.8708                                        
[Epoch 8] Val Loss: 0.0838, Acc: 0.9731, Prec: 0.9019, Rec: 0.8264, F1: 0.8566
        EarlyStopping counter: 2 / 30
[Epoch 9] Train Loss: 0.0742, Loss_s: 0.0719, Loss_u: 0.0111, Mask: 0.9038, Acc: 0.9747, Prec: 0.8836, Rec: 0.8491, F1: 0.8655                                        
[Epoch 9] Val Loss: 0.0686, Acc: 0.9781, Prec: 0.8992, Rec: 0.8636, F1: 0.8724
        EarlyStopping counter: 3 / 30
[Epoch 10] Train Loss: 0.0721, Loss_s: 0.0700, Loss_u: 0.0106, Mask: 0.9028, Acc: 0.9755, Prec: 0.8896, Rec: 0.8607, F1: 0.8740                                       
[Epoch 10] Val Loss: 0.0688, Acc: 0.9747, Prec: 0.8846, Rec: 0.8409, F1: 0.8581
        EarlyStopping counter: 4 / 30
[Epoch 11] Train Loss: 0.0707, Loss_s: 0.0686, Loss_u: 0.0105, Mask: 0.9053, Acc: 0.9759, Prec: 0.8890, Rec: 0.8534, F1: 0.8703                                       
[Epoch 11] Val Loss: 0.0684, Acc: 0.9757, Prec: 0.8920, Rec: 0.8462, F1: 0.8652
        EarlyStopping counter: 5 / 30
[Epoch 12] Train Loss: 0.0711, Loss_s: 0.0691, Loss_u: 0.0101, Mask: 0.9081, Acc: 0.9753, Prec: 0.8895, Rec: 0.8536, F1: 0.8705                                       
[Epoch 12] Val Loss: 0.0669, Acc: 0.9769, Prec: 0.8894, Rec: 0.8767, F1: 0.8790
        Validation F1 improved → Saving model: ./checkpoints/best_model.pt
[Epoch 13] Train Loss: 0.0696, Loss_s: 0.0675, Loss_u: 0.0102, Mask: 0.9030, Acc: 0.9755, Prec: 0.8861, Rec: 0.8555, F1: 0.8700                                       
[Epoch 13] Val Loss: 0.0844, Acc: 0.9722, Prec: 0.8744, Rec: 0.8366, F1: 0.8485
        EarlyStopping counter: 1 / 30
[Epoch 14] Train Loss: 0.0682, Loss_s: 0.0664, Loss_u: 0.0094, Mask: 0.9047, Acc: 0.9762, Prec: 0.9000, Rec: 0.8674, F1: 0.8829                                       
[Epoch 14] Val Loss: 0.0720, Acc: 0.9761, Prec: 0.9017, Rec: 0.8628, F1: 0.8775
        EarlyStopping counter: 2 / 30
[Epoch 15] Train Loss: 0.0672, Loss_s: 0.0652, Loss_u: 0.0099, Mask: 0.9080, Acc: 0.9768, Prec: 0.8944, Rec: 0.8606, F1: 0.8767                                       
[Epoch 15] Val Loss: 0.0699, Acc: 0.9762, Prec: 0.8947, Rec: 0.8640, F1: 0.8738
        EarlyStopping counter: 3 / 30
[Epoch 16] Train Loss: 0.0660, Loss_s: 0.0641, Loss_u: 0.0098, Mask: 0.9107, Acc: 0.9769, Prec: 0.8992, Rec: 0.8662, F1: 0.8819                                       
[Epoch 16] Val Loss: 0.0724, Acc: 0.9762, Prec: 0.9070, Rec: 0.8565, F1: 0.8759
        EarlyStopping counter: 4 / 30
[Epoch 17] Train Loss: 0.0660, Loss_s: 0.0641, Loss_u: 0.0094, Mask: 0.9079, Acc: 0.9770, Prec: 0.9014, Rec: 0.8682, F1: 0.8839                                       
[Epoch 17] Val Loss: 0.0691, Acc: 0.9768, Prec: 0.9073, Rec: 0.8457, F1: 0.8714
        EarlyStopping counter: 5 / 30
[Epoch 18] Train Loss: 0.0651, Loss_s: 0.0632, Loss_u: 0.0096, Mask: 0.9103, Acc: 0.9774, Prec: 0.9039, Rec: 0.8725, F1: 0.8875                                       
[Epoch 18] Val Loss: 0.0729, Acc: 0.9757, Prec: 0.9010, Rec: 0.8721, F1: 0.8831
        Validation F1 improved → Saving model: ./checkpoints/best_model.pt
[Epoch 19] Train Loss: 0.0643, Loss_s: 0.0625, Loss_u: 0.0089, Mask: 0.9120, Acc: 0.9777, Prec: 0.9034, Rec: 0.8708, F1: 0.8864                                       
[Epoch 19] Val Loss: 0.0773, Acc: 0.9745, Prec: 0.8928, Rec: 0.8629, F1: 0.8726
        EarlyStopping counter: 1 / 30
[Epoch 20] Train Loss: 0.0642, Loss_s: 0.0622, Loss_u: 0.0100, Mask: 0.9075, Acc: 0.9774, Prec: 0.8982, Rec: 0.8701, F1: 0.8834                                       
[Epoch 20] Val Loss: 0.0572, Acc: 0.9800, Prec: 0.9015, Rec: 0.8805, F1: 0.8866
        Validation F1 improved → Saving model: ./checkpoints/best_model.pt
[Epoch 21] Train Loss: 0.0624, Loss_s: 0.0606, Loss_u: 0.0092, Mask: 0.9106, Acc: 0.9777, Prec: 0.9037, Rec: 0.8753, F1: 0.8888                                       
[Epoch 21] Val Loss: 0.0626, Acc: 0.9772, Prec: 0.9014, Rec: 0.8650, F1: 0.8811
        EarlyStopping counter: 1 / 30
[Epoch 22] Train Loss: 0.0618, Loss_s: 0.0600, Loss_u: 0.0088, Mask: 0.9105, Acc: 0.9782, Prec: 0.9104, Rec: 0.8820, F1: 0.8956                                       
[Epoch 22] Val Loss: 0.0567, Acc: 0.9796, Prec: 0.9016, Rec: 0.8905, F1: 0.8940
        Validation F1 improved → Saving model: ./checkpoints/best_model.pt
[Epoch 23] Train Loss: 0.0622, Loss_s: 0.0603, Loss_u: 0.0096, Mask: 0.9066, Acc: 0.9780, Prec: 0.9025, Rec: 0.8749, F1: 0.8880                                       
[Epoch 23] Val Loss: 0.0597, Acc: 0.9787, Prec: 0.9144, Rec: 0.8643, F1: 0.8872
        EarlyStopping counter: 1 / 30
[Epoch 24] Train Loss: 0.0606, Loss_s: 0.0588, Loss_u: 0.0090, Mask: 0.9079, Acc: 0.9788, Prec: 0.9123, Rec: 0.8845, F1: 0.8977                                       
[Epoch 24] Val Loss: 0.0641, Acc: 0.9772, Prec: 0.9104, Rec: 0.8623, F1: 0.8805
        EarlyStopping counter: 2 / 30
[Epoch 25] Train Loss: 0.0602, Loss_s: 0.0584, Loss_u: 0.0092, Mask: 0.9131, Acc: 0.9788, Prec: 0.9057, Rec: 0.8781, F1: 0.8913                                       
[Epoch 25] Val Loss: 0.0668, Acc: 0.9773, Prec: 0.8959, Rec: 0.8559, F1: 0.8679
        EarlyStopping counter: 3 / 30
[Epoch 26] Train Loss: 0.0593, Loss_s: 0.0573, Loss_u: 0.0101, Mask: 0.9112, Acc: 0.9792, Prec: 0.9102, Rec: 0.8828, F1: 0.8959                                       
[Epoch 26] Val Loss: 0.0675, Acc: 0.9771, Prec: 0.9210, Rec: 0.8461, F1: 0.8789
        EarlyStopping counter: 4 / 30
[Epoch 27] Train Loss: 0.0597, Loss_s: 0.0578, Loss_u: 0.0094, Mask: 0.9101, Acc: 0.9790, Prec: 0.9078, Rec: 0.8811, F1: 0.8939                                       
[Epoch 27] Val Loss: 0.0650, Acc: 0.9777, Prec: 0.9210, Rec: 0.8611, F1: 0.8882
        EarlyStopping counter: 5 / 30
[Epoch 28] Train Loss: 0.0593, Loss_s: 0.0575, Loss_u: 0.0091, Mask: 0.9101, Acc: 0.9790, Prec: 0.9094, Rec: 0.8814, F1: 0.8948                                       
[Epoch 28] Val Loss: 0.0641, Acc: 0.9777, Prec: 0.9103, Rec: 0.8693, F1: 0.8875
        EarlyStopping counter: 6 / 30
[Epoch 29] Train Loss: 0.0588, Loss_s: 0.0571, Loss_u: 0.0086, Mask: 0.9100, Acc: 0.9791, Prec: 0.9113, Rec: 0.8856, F1: 0.8979                                       
[Epoch 29] Val Loss: 0.0625, Acc: 0.9786, Prec: 0.9052, Rec: 0.8738, F1: 0.8866
        EarlyStopping counter: 7 / 30
[Epoch 30] Train Loss: 0.0592, Loss_s: 0.0576, Loss_u: 0.0083, Mask: 0.9094, Acc: 0.9791, Prec: 0.9129, Rec: 0.8842, F1: 0.8981                                       
[Epoch 30] Val Loss: 0.0753, Acc: 0.9756, Prec: 0.9042, Rec: 0.8706, F1: 0.8802
        EarlyStopping counter: 8 / 30
[Epoch 31] Train Loss: 0.0575, Loss_s: 0.0558, Loss_u: 0.0084, Mask: 0.9104, Acc: 0.9796, Prec: 0.9121, Rec: 0.8856, F1: 0.8982                                       
[Epoch 31] Val Loss: 0.0612, Acc: 0.9785, Prec: 0.8790, Rec: 0.9001, F1: 0.8869
        EarlyStopping counter: 9 / 30
[Epoch 32] Train Loss: 0.0569, Loss_s: 0.0551, Loss_u: 0.0087, Mask: 0.9095, Acc: 0.9799, Prec: 0.9129, Rec: 0.8883, F1: 0.9001                                       
[Epoch 32] Val Loss: 0.0619, Acc: 0.9779, Prec: 0.9100, Rec: 0.8663, F1: 0.8833
        EarlyStopping counter: 10 / 30
[Epoch 33] Train Loss: 0.0573, Loss_s: 0.0556, Loss_u: 0.0086, Mask: 0.9092, Acc: 0.9796, Prec: 0.9126, Rec: 0.8882, F1: 0.9000                                       
[Epoch 33] Val Loss: 0.0669, Acc: 0.9777, Prec: 0.9139, Rec: 0.8776, F1: 0.8897
        EarlyStopping counter: 11 / 30
[Epoch 34] Train Loss: 0.0569, Loss_s: 0.0552, Loss_u: 0.0085, Mask: 0.9124, Acc: 0.9796, Prec: 0.9086, Rec: 0.8828, F1: 0.8952                                       
[Epoch 34] Val Loss: 0.0647, Acc: 0.9781, Prec: 0.8931, Rec: 0.8877, F1: 0.8854
        EarlyStopping counter: 12 / 30
[Epoch 35] Train Loss: 0.0560, Loss_s: 0.0542, Loss_u: 0.0090, Mask: 0.9099, Acc: 0.9802, Prec: 0.9125, Rec: 0.8885, F1: 0.9000                                       
[Epoch 35] Val Loss: 0.0613, Acc: 0.9789, Prec: 0.9103, Rec: 0.8778, F1: 0.8923
        EarlyStopping counter: 13 / 30
[Epoch 36] Train Loss: 0.0560, Loss_s: 0.0543, Loss_u: 0.0088, Mask: 0.9120, Acc: 0.9805, Prec: 0.9165, Rec: 0.8917, F1: 0.9036                                       
[Epoch 36] Val Loss: 0.0628, Acc: 0.9783, Prec: 0.8887, Rec: 0.8871, F1: 0.8856
        EarlyStopping counter: 14 / 30
[Epoch 37] Train Loss: 0.0559, Loss_s: 0.0542, Loss_u: 0.0084, Mask: 0.9110, Acc: 0.9798, Prec: 0.9146, Rec: 0.8864, F1: 0.9000                                       
[Epoch 37] Val Loss: 0.0744, Acc: 0.9752, Prec: 0.8903, Rec: 0.8724, F1: 0.8750
        EarlyStopping counter: 15 / 30
[Epoch 38] Train Loss: 0.0553, Loss_s: 0.0535, Loss_u: 0.0089, Mask: 0.9154, Acc: 0.9803, Prec: 0.9184, Rec: 0.8916, F1: 0.9045                                       
[Epoch 38] Val Loss: 0.0661, Acc: 0.9777, Prec: 0.9192, Rec: 0.8500, F1: 0.8780
        EarlyStopping counter: 16 / 30
[Epoch 39] Train Loss: 0.0553, Loss_s: 0.0537, Loss_u: 0.0079, Mask: 0.9143, Acc: 0.9801, Prec: 0.9159, Rec: 0.8911, F1: 0.9030                                       
[Epoch 39] Val Loss: 0.0582, Acc: 0.9800, Prec: 0.9046, Rec: 0.8857, F1: 0.8907
        EarlyStopping counter: 17 / 30
[Epoch 40] Train Loss: 0.0552, Loss_s: 0.0536, Loss_u: 0.0081, Mask: 0.9120, Acc: 0.9806, Prec: 0.9132, Rec: 0.8866, F1: 0.8994                                       
[Epoch 40] Val Loss: 0.0577, Acc: 0.9799, Prec: 0.9004, Rec: 0.8890, F1: 0.8908
        EarlyStopping counter: 18 / 30
[Epoch 41] Train Loss: 0.0543, Loss_s: 0.0527, Loss_u: 0.0083, Mask: 0.9136, Acc: 0.9803, Prec: 0.9201, Rec: 0.8933, F1: 0.9061                                       
[Epoch 41] Val Loss: 0.0642, Acc: 0.9783, Prec: 0.9004, Rec: 0.8655, F1: 0.8769
        EarlyStopping counter: 19 / 30
[Epoch 42] Train Loss: 0.0540, Loss_s: 0.0523, Loss_u: 0.0085, Mask: 0.9109, Acc: 0.9812, Prec: 0.9270, Rec: 0.9000, F1: 0.9130                                       
[Epoch 42] Val Loss: 0.0549, Acc: 0.9805, Prec: 0.8986, Rec: 0.8954, F1: 0.8944
        Validation F1 improved → Saving model: ./checkpoints/best_model.pt
[Epoch 43] Train Loss: 0.0540, Loss_s: 0.0523, Loss_u: 0.0087, Mask: 0.9110, Acc: 0.9807, Prec: 0.9182, Rec: 0.8955, F1: 0.9065                                       
[Epoch 43] Val Loss: 0.0537, Acc: 0.9802, Prec: 0.9086, Rec: 0.8996, F1: 0.9038
        Validation F1 improved → Saving model: ./checkpoints/best_model.pt
[Epoch 44] Train Loss: 0.0537, Loss_s: 0.0520, Loss_u: 0.0086, Mask: 0.9096, Acc: 0.9809, Prec: 0.9221, Rec: 0.8941, F1: 0.9077                                       
[Epoch 44] Val Loss: 0.0576, Acc: 0.9801, Prec: 0.9052, Rec: 0.8859, F1: 0.8923
        EarlyStopping counter: 1 / 30
[Epoch 45] Train Loss: 0.0528, Loss_s: 0.0511, Loss_u: 0.0085, Mask: 0.9107, Acc: 0.9810, Prec: 0.9245, Rec: 0.9026, F1: 0.9131                                       
[Epoch 45] Val Loss: 0.0638, Acc: 0.9778, Prec: 0.9150, Rec: 0.8713, F1: 0.8891
        EarlyStopping counter: 2 / 30
[Epoch 46] Train Loss: 0.0530, Loss_s: 0.0514, Loss_u: 0.0081, Mask: 0.9084, Acc: 0.9813, Prec: 0.9221, Rec: 0.8983, F1: 0.9098                                       
[Epoch 46] Val Loss: 0.0574, Acc: 0.9800, Prec: 0.9144, Rec: 0.8836, F1: 0.8954
        EarlyStopping counter: 3 / 30
[Epoch 47] Train Loss: 0.0529, Loss_s: 0.0512, Loss_u: 0.0082, Mask: 0.9113, Acc: 0.9814, Prec: 0.9210, Rec: 0.9000, F1: 0.9101                                       
[Epoch 47] Val Loss: 0.0560, Acc: 0.9801, Prec: 0.8973, Rec: 0.8936, F1: 0.8926
        EarlyStopping counter: 4 / 30
[Epoch 48] Train Loss: 0.0526, Loss_s: 0.0509, Loss_u: 0.0082, Mask: 0.9120, Acc: 0.9814, Prec: 0.9228, Rec: 0.9012, F1: 0.9116                                       
[Epoch 48] Val Loss: 0.0543, Acc: 0.9800, Prec: 0.9046, Rec: 0.8878, F1: 0.8948
        EarlyStopping counter: 5 / 30
[Epoch 49] Train Loss: 0.0519, Loss_s: 0.0502, Loss_u: 0.0083, Mask: 0.9108, Acc: 0.9814, Prec: 0.9234, Rec: 0.8966, F1: 0.9094                                       
[Epoch 49] Val Loss: 0.0582, Acc: 0.9791, Prec: 0.8913, Rec: 0.8993, F1: 0.8937
        EarlyStopping counter: 6 / 30
[Epoch 50] Train Loss: 0.0520, Loss_s: 0.0504, Loss_u: 0.0081, Mask: 0.9111, Acc: 0.9810, Prec: 0.9193, Rec: 0.8966, F1: 0.9075                                       
[Epoch 50] Val Loss: 0.0576, Acc: 0.9801, Prec: 0.9071, Rec: 0.8820, F1: 0.8924
        EarlyStopping counter: 7 / 30
[Epoch 51] Train Loss: 0.0512, Loss_s: 0.0495, Loss_u: 0.0082, Mask: 0.9106, Acc: 0.9820, Prec: 0.9238, Rec: 0.9014, F1: 0.9122                                       
[Epoch 51] Val Loss: 0.0581, Acc: 0.9791, Prec: 0.9179, Rec: 0.8677, F1: 0.8899
        EarlyStopping counter: 8 / 30
[Epoch 52] Train Loss: 0.0512, Loss_s: 0.0496, Loss_u: 0.0082, Mask: 0.9133, Acc: 0.9817, Prec: 0.9224, Rec: 0.9000, F1: 0.9107                                       
[Epoch 52] Val Loss: 0.0614, Acc: 0.9784, Prec: 0.8974, Rec: 0.8797, F1: 0.8843
        EarlyStopping counter: 9 / 30
[Epoch 53] Train Loss: 0.0511, Loss_s: 0.0496, Loss_u: 0.0077, Mask: 0.9113, Acc: 0.9815, Prec: 0.9221, Rec: 0.8990, F1: 0.9102                                       
[Epoch 53] Val Loss: 0.0592, Acc: 0.9791, Prec: 0.9117, Rec: 0.8827, F1: 0.8937
        EarlyStopping counter: 10 / 30
[Epoch 54] Train Loss: 0.0513, Loss_s: 0.0498, Loss_u: 0.0078, Mask: 0.9122, Acc: 0.9814, Prec: 0.9239, Rec: 0.8986, F1: 0.9108                                       
[Epoch 54] Val Loss: 0.0578, Acc: 0.9800, Prec: 0.9113, Rec: 0.8926, F1: 0.8993
        EarlyStopping counter: 11 / 30
[Epoch 55] Train Loss: 0.0504, Loss_s: 0.0489, Loss_u: 0.0077, Mask: 0.9131, Acc: 0.9818, Prec: 0.9230, Rec: 0.9042, F1: 0.9132                                       
[Epoch 55] Val Loss: 0.0611, Acc: 0.9789, Prec: 0.8760, Rec: 0.9028, F1: 0.8848
        EarlyStopping counter: 12 / 30
[Epoch 56] Train Loss: 0.0504, Loss_s: 0.0489, Loss_u: 0.0077, Mask: 0.9122, Acc: 0.9816, Prec: 0.9218, Rec: 0.9015, F1: 0.9113                                       
[Epoch 56] Val Loss: 0.0564, Acc: 0.9801, Prec: 0.9084, Rec: 0.8863, F1: 0.8950
        EarlyStopping counter: 13 / 30
[Epoch 57] Train Loss: 0.0498, Loss_s: 0.0482, Loss_u: 0.0075, Mask: 0.9129, Acc: 0.9819, Prec: 0.9290, Rec: 0.9072, F1: 0.9177                                       
[Epoch 57] Val Loss: 0.0595, Acc: 0.9791, Prec: 0.9149, Rec: 0.8665, F1: 0.8882
        EarlyStopping counter: 14 / 30
[Epoch 58] Train Loss: 0.0497, Loss_s: 0.0480, Loss_u: 0.0087, Mask: 0.9117, Acc: 0.9818, Prec: 0.9283, Rec: 0.9033, F1: 0.9154                                       
[Epoch 58] Val Loss: 0.0625, Acc: 0.9785, Prec: 0.9059, Rec: 0.8819, F1: 0.8908
        EarlyStopping counter: 15 / 30
[Epoch 59] Train Loss: 0.0492, Loss_s: 0.0476, Loss_u: 0.0080, Mask: 0.9141, Acc: 0.9823, Prec: 0.9251, Rec: 0.9033, F1: 0.9138                                       
[Epoch 59] Val Loss: 0.0612, Acc: 0.9793, Prec: 0.9128, Rec: 0.8790, F1: 0.8918
        EarlyStopping counter: 16 / 30
[Epoch 60] Train Loss: 0.0482, Loss_s: 0.0467, Loss_u: 0.0078, Mask: 0.9130, Acc: 0.9825, Prec: 0.9285, Rec: 0.9065, F1: 0.9171                                       
[Epoch 60] Val Loss: 0.0676, Acc: 0.9771, Prec: 0.9098, Rec: 0.8658, F1: 0.8832
        EarlyStopping counter: 17 / 30
[Epoch 61] Train Loss: 0.0488, Loss_s: 0.0472, Loss_u: 0.0079, Mask: 0.9138, Acc: 0.9824, Prec: 0.9307, Rec: 0.9092, F1: 0.9196                                       
[Epoch 61] Val Loss: 0.0578, Acc: 0.9802, Prec: 0.9049, Rec: 0.8883, F1: 0.8938
        EarlyStopping counter: 18 / 30
[Epoch 62] Train Loss: 0.0490, Loss_s: 0.0474, Loss_u: 0.0077, Mask: 0.9131, Acc: 0.9821, Prec: 0.9307, Rec: 0.9054, F1: 0.9177                                       
[Epoch 62] Val Loss: 0.0576, Acc: 0.9788, Prec: 0.8936, Rec: 0.8939, F1: 0.8929
        EarlyStopping counter: 19 / 30
[Epoch 63] Train Loss: 0.0484, Loss_s: 0.0467, Loss_u: 0.0085, Mask: 0.9102, Acc: 0.9824, Prec: 0.9296, Rec: 0.9106, F1: 0.9197                                       
[Epoch 63] Val Loss: 0.0599, Acc: 0.9793, Prec: 0.8787, Rec: 0.8956, F1: 0.8818
        EarlyStopping counter: 20 / 30
[Epoch 64] Train Loss: 0.0481, Loss_s: 0.0465, Loss_u: 0.0078, Mask: 0.9101, Acc: 0.9826, Prec: 0.9304, Rec: 0.9082, F1: 0.9190                                       
[Epoch 64] Val Loss: 0.0564, Acc: 0.9800, Prec: 0.9002, Rec: 0.8868, F1: 0.8906
        EarlyStopping counter: 21 / 30
[Epoch 65] Train Loss: 0.0476, Loss_s: 0.0460, Loss_u: 0.0078, Mask: 0.9121, Acc: 0.9826, Prec: 0.9342, Rec: 0.9107, F1: 0.9221                                       
[Epoch 65] Val Loss: 0.0599, Acc: 0.9795, Prec: 0.9060, Rec: 0.8822, F1: 0.8916
        EarlyStopping counter: 22 / 30
[Epoch 66] Train Loss: 0.0483, Loss_s: 0.0468, Loss_u: 0.0078, Mask: 0.9125, Acc: 0.9826, Prec: 0.9317, Rec: 0.9100, F1: 0.9205                                       
[Epoch 66] Val Loss: 0.0606, Acc: 0.9790, Prec: 0.9195, Rec: 0.8825, F1: 0.8985
        EarlyStopping counter: 23 / 30
[Epoch 67] Train Loss: 0.0475, Loss_s: 0.0459, Loss_u: 0.0078, Mask: 0.9129, Acc: 0.9828, Prec: 0.9330, Rec: 0.9125, F1: 0.9223                                       
[Epoch 67] Val Loss: 0.0609, Acc: 0.9784, Prec: 0.8972, Rec: 0.8810, F1: 0.8855
        EarlyStopping counter: 24 / 30
[Epoch 68] Train Loss: 0.0474, Loss_s: 0.0459, Loss_u: 0.0074, Mask: 0.9144, Acc: 0.9829, Prec: 0.9329, Rec: 0.9126, F1: 0.9224                                       
[Epoch 68] Val Loss: 0.0536, Acc: 0.9805, Prec: 0.9090, Rec: 0.8884, F1: 0.8974
        EarlyStopping counter: 25 / 30
[Epoch 69] Train Loss: 0.0470, Loss_s: 0.0454, Loss_u: 0.0081, Mask: 0.9135, Acc: 0.9830, Prec: 0.9313, Rec: 0.9096, F1: 0.9201                                       
[Epoch 69] Val Loss: 0.0573, Acc: 0.9803, Prec: 0.9093, Rec: 0.8959, F1: 0.9000
        EarlyStopping counter: 26 / 30
[Epoch 70] Train Loss: 0.0466, Loss_s: 0.0449, Loss_u: 0.0083, Mask: 0.9107, Acc: 0.9832, Prec: 0.9321, Rec: 0.9150, F1: 0.9232                                       
[Epoch 70] Val Loss: 0.0610, Acc: 0.9786, Prec: 0.9048, Rec: 0.8800, F1: 0.8900
        EarlyStopping counter: 27 / 30
[Epoch 71] Train Loss: 0.0469, Loss_s: 0.0453, Loss_u: 0.0081, Mask: 0.9112, Acc: 0.9829, Prec: 0.9329, Rec: 0.9116, F1: 0.9219                                       
[Epoch 71] Val Loss: 0.0616, Acc: 0.9791, Prec: 0.9040, Rec: 0.8719, F1: 0.8827
        EarlyStopping counter: 28 / 30
[Epoch 72] Train Loss: 0.0453, Loss_s: 0.0437, Loss_u: 0.0080, Mask: 0.9138, Acc: 0.9838, Prec: 0.9365, Rec: 0.9154, F1: 0.9255                                       
[Epoch 72] Val Loss: 0.0540, Acc: 0.9804, Prec: 0.9057, Rec: 0.8895, F1: 0.8958
        EarlyStopping counter: 29 / 30
[Epoch 73] Train Loss: 0.0457, Loss_s: 0.0441, Loss_u: 0.0083, Mask: 0.9132, Acc: 0.9833, Prec: 0.9314, Rec: 0.9110, F1: 0.9209                                       
[Epoch 73] Val Loss: 0.0568, Acc: 0.9800, Prec: 0.9156, Rec: 0.8775, F1: 0.8948
        EarlyStopping counter: 30 / 30
Early stopping triggered...
Total training time: 242 min 5.78 sec
Loaded best model.
[Best Model Train] Loss: 0.0541, Acc: 0.9798, Prec: 0.9183, Rec: 0.9037, F1: 0.9105                                                                                   
[Best Model Train] Classification Report:
              precision    recall  f1-score   support

           0     0.9476    0.9370    0.9422      3220
           1     0.9223    0.9135    0.9179       416
           2     0.8439    0.8615    0.8526      3891
           3     0.9719    0.9920    0.9819      7260
           4     0.8150    0.8096    0.8123      2694
           5     0.9577    0.9076    0.9320       649
           6     0.8771    0.7662    0.8179       894
           7     0.9381    0.9550    0.9464       111
           8     0.9912    0.9910    0.9911    110573

    accuracy                         0.9798    129708
   macro avg     0.9183    0.9037    0.9105    129708
weighted avg     0.9798    0.9798    0.9797    129708

[Best Model Train] Confusion Matrix:
[[  3017      5      4      1     17      0      0      0    176]
 [     9    380      2      0     22      2      1      0      0]
 [     7      3   3352     94    127      6      3      0    299]
 [     0      0     32   7202      0      0      1      0     25]
 [    62     17     93      0   2181      7     24      0    310]
 [     7      1     16      2     13    589      0      7     14]
 [     0      3      9      1     50      0    685      0    146]
 [     0      0      4      0      1      0      0    106      0]
 [    82      3    460    110    265     11     67      0 109575]]

[Best Model Validation] Loss: 0.0537, Acc: 0.9802, Prec: 0.9086, Rec: 0.8996, F1: 0.9038                                                                              
[Best Model Validation] Classification Report:
              precision    recall  f1-score   support

           0     0.9567    0.9270    0.9416       644
           1     0.8605    0.8916    0.8757        83
           2     0.8715    0.8458    0.8584       778
           3     0.9755    0.9890    0.9822      1452
           4     0.7982    0.8160    0.8070       538
           5     0.9487    0.8605    0.9024       129
           6     0.8202    0.8202    0.8202       178
           7     0.9545    0.9545    0.9545        22
           8     0.9914    0.9923    0.9918     22114

    accuracy                         0.9802     25938
   macro avg     0.9086    0.8996    0.9038     25938
weighted avg     0.9802    0.9802    0.9802     25938

[Best Model Validation] Confusion Matrix:
[[  597     5     0     0     3     0     0     0    39]
 [    0    74     1     0     6     2     0     0     0]
 [    1     0   658    20    36     2     1     0    60]
 [    0     0     9  1436     0     0     0     0     7]
 [   10     3    10     0   439     2    11     0    63]
 [    2     3     5     0     4   111     0     1     3]
 [    0     0     3     0    10     0   146     0    19]
 [    0     0     0     0     1     0     0    21     0]
 [   14     1    69    16    51     0    20     0 21943]]

[Test] Loss: 0.0516, Acc: 0.9822, Prec: 0.9272, Rec: 0.9090, F1: 0.9174                                                                                               
[Test] Classification Report:
              precision    recall  f1-score   support

           0     0.9465    0.9465    0.9465       430
           1     0.8909    0.8750    0.8829        56
           2     0.8836    0.8615    0.8724       520
           3     0.9836    0.9938    0.9887       968
           4     0.8446    0.8283    0.8364       361
           5     0.9753    0.8977    0.9349        88
           6     0.8879    0.7851    0.8333       121
           7     0.9412    1.0000    0.9697        16
           8     0.9909    0.9930    0.9920     14744

    accuracy                         0.9822     17304
   macro avg     0.9272    0.9090    0.9174     17304
weighted avg     0.9820    0.9822    0.9820     17304

[Test] Confusion Matrix:
[[  407     0     0     0     3     0     0     0    20]
 [    0    49     1     0     5     0     0     0     1]
 [    0     0   448     7    11     1     2     0    51]
 [    0     0     4   962     0     0     0     0     2]
 [    7     4    11     0   299     0     3     0    37]
 [    1     0     2     0     2    79     0     1     3]
 [    0     0     1     0     5     0    95     0    20]
 [    0     0     0     0     0     0     0    16     0]
 [   15     2    40     9    29     1     7     0 14641]]