## backbone freeze
## layer3, layer4 unfreeze
## fc.classifier unfreeze


05/04/2026 09:34:41 - INFO - root -   train_labeled_dataset: 129708
05/04/2026 09:34:41 - INFO - root -   val_dataset: 25938
05/04/2026 09:34:41 - INFO - root -   test_dataset: 17304
05/04/2026 09:34:41 - INFO - root -   train_unlabeled_dataset: 638507
[Epoch 1] Train Loss: 0.1497, Loss_s: 0.1413, Loss_u: 0.0323, Loss_sk: 0.0097, Mask: 0.8830, Acc: 0.9570, Prec: 0.7745, Rec: 0.6985, F1: 0.7309                                                                          
[Epoch 1] Val Loss: 0.0963, Acc: 0.9692, Prec: 0.9035, Rec: 0.7663, F1: 0.8229
        Validation F1 improved → Saving model: ./checkpoints/best_model.pt
[Epoch 2] Train Loss: 0.1029, Loss_s: 0.0950, Loss_u: 0.0295, Loss_sk: 0.0097, Mask: 0.9025, Acc: 0.9683, Prec: 0.8475, Rec: 0.7992, F1: 0.8214                                                                          
[Epoch 2] Val Loss: 0.1499, Acc: 0.9616, Prec: 0.8930, Rec: 0.7469, F1: 0.7944
        EarlyStopping counter: 1 / 30
[Epoch 3] Train Loss: 0.0947, Loss_s: 0.0874, Loss_u: 0.0276, Loss_sk: 0.0091, Mask: 0.9085, Acc: 0.9702, Prec: 0.8608, Rec: 0.8203, F1: 0.8390                                                                          
[Epoch 3] Val Loss: 0.0874, Acc: 0.9703, Prec: 0.8354, Rec: 0.8506, F1: 0.8364
        Validation F1 improved → Saving model: ./checkpoints/best_model.pt
[Epoch 4] Train Loss: 0.0909, Loss_s: 0.0836, Loss_u: 0.0273, Loss_sk: 0.0091, Mask: 0.9081, Acc: 0.9712, Prec: 0.8758, Rec: 0.8318, F1: 0.8523                                                                          
[Epoch 4] Val Loss: 0.1034, Acc: 0.9681, Prec: 0.9189, Rec: 0.7512, F1: 0.8177
        EarlyStopping counter: 1 / 30
[Epoch 5] Train Loss: 0.0885, Loss_s: 0.0812, Loss_u: 0.0271, Loss_sk: 0.0091, Mask: 0.9090, Acc: 0.9718, Prec: 0.8760, Rec: 0.8329, F1: 0.8530                                                                          
[Epoch 5] Val Loss: 0.0901, Acc: 0.9699, Prec: 0.8653, Rec: 0.8456, F1: 0.8473
        Validation F1 improved → Saving model: ./checkpoints/best_model.pt
[Epoch 6] Train Loss: 0.0870, Loss_s: 0.0796, Loss_u: 0.0277, Loss_sk: 0.0093, Mask: 0.9100, Acc: 0.9726, Prec: 0.8804, Rec: 0.8334, F1: 0.8554                                                                          
[Epoch 6] Val Loss: 0.0870, Acc: 0.9729, Prec: 0.8806, Rec: 0.8293, F1: 0.8477
        Validation F1 improved → Saving model: ./checkpoints/best_model.pt
[Epoch 7] Train Loss: 0.0843, Loss_s: 0.0771, Loss_u: 0.0270, Loss_sk: 0.0091, Mask: 0.9137, Acc: 0.9734, Prec: 0.8874, Rec: 0.8455, F1: 0.8652                                                                          
[Epoch 7] Val Loss: 0.0930, Acc: 0.9706, Prec: 0.9076, Rec: 0.8056, F1: 0.8494
        Validation F1 improved → Saving model: ./checkpoints/best_model.pt
[Epoch 8] Train Loss: 0.0838, Loss_s: 0.0765, Loss_u: 0.0273, Loss_sk: 0.0091, Mask: 0.9123, Acc: 0.9733, Prec: 0.8823, Rec: 0.8481, F1: 0.8641                                                                          
[Epoch 8] Val Loss: 0.1066, Acc: 0.9706, Prec: 0.9076, Rec: 0.8074, F1: 0.8499
        Validation F1 improved → Saving model: ./checkpoints/best_model.pt
[Epoch 9] Train Loss: 0.0827, Loss_s: 0.0754, Loss_u: 0.0274, Loss_sk: 0.0091, Mask: 0.9147, Acc: 0.9738, Prec: 0.8851, Rec: 0.8492, F1: 0.8660                                                                          
[Epoch 9] Val Loss: 0.0891, Acc: 0.9737, Prec: 0.9016, Rec: 0.8237, F1: 0.8505
        Validation F1 improved → Saving model: ./checkpoints/best_model.pt
[Epoch 10] Train Loss: 0.0808, Loss_s: 0.0737, Loss_u: 0.0267, Loss_sk: 0.0089, Mask: 0.9153, Acc: 0.9739, Prec: 0.8877, Rec: 0.8508, F1: 0.8681                                                                         
[Epoch 10] Val Loss: 0.0789, Acc: 0.9727, Prec: 0.8920, Rec: 0.8360, F1: 0.8596
        Validation F1 improved → Saving model: ./checkpoints/best_model.pt
[Epoch 11] Train Loss: 0.0791, Loss_s: 0.0720, Loss_u: 0.0267, Loss_sk: 0.0089, Mask: 0.9190, Acc: 0.9747, Prec: 0.8905, Rec: 0.8496, F1: 0.8689                                                                         
[Epoch 11] Val Loss: 0.0906, Acc: 0.9709, Prec: 0.9008, Rec: 0.8083, F1: 0.8460
        EarlyStopping counter: 1 / 30
[Epoch 12] Train Loss: 0.0802, Loss_s: 0.0734, Loss_u: 0.0256, Loss_sk: 0.0085, Mask: 0.9169, Acc: 0.9745, Prec: 0.8897, Rec: 0.8548, F1: 0.8712                                                                         
[Epoch 12] Val Loss: 0.0826, Acc: 0.9738, Prec: 0.8848, Rec: 0.8444, F1: 0.8602
        Validation F1 improved → Saving model: ./checkpoints/best_model.pt
[Epoch 13] Train Loss: 0.0785, Loss_s: 0.0712, Loss_u: 0.0274, Loss_sk: 0.0090, Mask: 0.9173, Acc: 0.9749, Prec: 0.8926, Rec: 0.8575, F1: 0.8741                                                                         
[Epoch 13] Val Loss: 0.1005, Acc: 0.9708, Prec: 0.9039, Rec: 0.8122, F1: 0.8493
        EarlyStopping counter: 1 / 30
[Epoch 14] Train Loss: 0.0774, Loss_s: 0.0706, Loss_u: 0.0254, Loss_sk: 0.0086, Mask: 0.9196, Acc: 0.9751, Prec: 0.8936, Rec: 0.8584, F1: 0.8750                                                                         
[Epoch 14] Val Loss: 0.0888, Acc: 0.9729, Prec: 0.9182, Rec: 0.8213, F1: 0.8626
        Validation F1 improved → Saving model: ./checkpoints/best_model.pt
[Epoch 15] Train Loss: 0.0770, Loss_s: 0.0701, Loss_u: 0.0261, Loss_sk: 0.0089, Mask: 0.9209, Acc: 0.9754, Prec: 0.9025, Rec: 0.8604, F1: 0.8804                                                                         
[Epoch 15] Val Loss: 0.0780, Acc: 0.9744, Prec: 0.8914, Rec: 0.8537, F1: 0.8684
        Validation F1 improved → Saving model: ./checkpoints/best_model.pt
[Epoch 16] Train Loss: 0.0753, Loss_s: 0.0685, Loss_u: 0.0256, Loss_sk: 0.0085, Mask: 0.9261, Acc: 0.9758, Prec: 0.8971, Rec: 0.8632, F1: 0.8794                                                                         
[Epoch 16] Val Loss: 0.0979, Acc: 0.9713, Prec: 0.9059, Rec: 0.8013, F1: 0.8411
        EarlyStopping counter: 1 / 30
[Epoch 17] Train Loss: 0.0748, Loss_s: 0.0682, Loss_u: 0.0246, Loss_sk: 0.0083, Mask: 0.9246, Acc: 0.9759, Prec: 0.8970, Rec: 0.8634, F1: 0.8792                                                                         
[Epoch 17] Val Loss: 0.0870, Acc: 0.9727, Prec: 0.9052, Rec: 0.8201, F1: 0.8537
        EarlyStopping counter: 2 / 30
[Epoch 18] Train Loss: 0.0739, Loss_s: 0.0667, Loss_u: 0.0268, Loss_sk: 0.0088, Mask: 0.9210, Acc: 0.9766, Prec: 0.8992, Rec: 0.8683, F1: 0.8828                                                                         
[Epoch 18] Val Loss: 0.0888, Acc: 0.9729, Prec: 0.9122, Rec: 0.8300, F1: 0.8652
        EarlyStopping counter: 3 / 30
[Epoch 19] Train Loss: 0.0730, Loss_s: 0.0666, Loss_u: 0.0240, Loss_sk: 0.0081, Mask: 0.9252, Acc: 0.9761, Prec: 0.8986, Rec: 0.8650, F1: 0.8809                                                                         
[Epoch 19] Val Loss: 0.0936, Acc: 0.9717, Prec: 0.8809, Rec: 0.8334, F1: 0.8517
        EarlyStopping counter: 4 / 30
[Epoch 20] Train Loss: 0.0733, Loss_s: 0.0667, Loss_u: 0.0247, Loss_sk: 0.0083, Mask: 0.9250, Acc: 0.9764, Prec: 0.9011, Rec: 0.8696, F1: 0.8845                                                                         
[Epoch 20] Val Loss: 0.0953, Acc: 0.9725, Prec: 0.9151, Rec: 0.8176, F1: 0.8571
        EarlyStopping counter: 5 / 30
[Epoch 21] Train Loss: 0.0720, Loss_s: 0.0653, Loss_u: 0.0251, Loss_sk: 0.0084, Mask: 0.9257, Acc: 0.9767, Prec: 0.9043, Rec: 0.8671, F1: 0.8847                                                                         
[Epoch 21] Val Loss: 0.0836, Acc: 0.9733, Prec: 0.9143, Rec: 0.8226, F1: 0.8604
        EarlyStopping counter: 6 / 30
[Epoch 22] Train Loss: 0.0715, Loss_s: 0.0648, Loss_u: 0.0250, Loss_sk: 0.0083, Mask: 0.9247, Acc: 0.9767, Prec: 0.9031, Rec: 0.8710, F1: 0.8862                                                                         
[Epoch 22] Val Loss: 0.0773, Acc: 0.9760, Prec: 0.9090, Rec: 0.8529, F1: 0.8767
        Validation F1 improved → Saving model: ./checkpoints/best_model.pt
[Epoch 23] Train Loss: 0.0720, Loss_s: 0.0650, Loss_u: 0.0264, Loss_sk: 0.0088, Mask: 0.9218, Acc: 0.9765, Prec: 0.9069, Rec: 0.8722, F1: 0.8887                                                                         
[Epoch 23] Val Loss: 0.0916, Acc: 0.9728, Prec: 0.9308, Rec: 0.8014, F1: 0.8551
        EarlyStopping counter: 1 / 30
[Epoch 24] Train Loss: 0.0700, Loss_s: 0.0631, Loss_u: 0.0259, Loss_sk: 0.0087, Mask: 0.9235, Acc: 0.9773, Prec: 0.9090, Rec: 0.8749, F1: 0.8911                                                                         
[Epoch 24] Val Loss: 0.0875, Acc: 0.9722, Prec: 0.9014, Rec: 0.8348, F1: 0.8616
        EarlyStopping counter: 2 / 30
[Epoch 25] Train Loss: 0.0704, Loss_s: 0.0636, Loss_u: 0.0254, Loss_sk: 0.0085, Mask: 0.9264, Acc: 0.9774, Prec: 0.9075, Rec: 0.8703, F1: 0.8879                                                                         
[Epoch 25] Val Loss: 0.0855, Acc: 0.9722, Prec: 0.9080, Rec: 0.8138, F1: 0.8528
        EarlyStopping counter: 3 / 30
[Epoch 26] Train Loss: 0.0688, Loss_s: 0.0621, Loss_u: 0.0251, Loss_sk: 0.0084, Mask: 0.9243, Acc: 0.9775, Prec: 0.9085, Rec: 0.8753, F1: 0.8910                                                                         
[Epoch 26] Val Loss: 0.1016, Acc: 0.9709, Prec: 0.9044, Rec: 0.7974, F1: 0.8412
        EarlyStopping counter: 4 / 30
[Epoch 27] Train Loss: 0.0699, Loss_s: 0.0629, Loss_u: 0.0263, Loss_sk: 0.0087, Mask: 0.9250, Acc: 0.9774, Prec: 0.9083, Rec: 0.8785, F1: 0.8925                                                                         
[Epoch 27] Val Loss: 0.0848, Acc: 0.9742, Prec: 0.9163, Rec: 0.8328, F1: 0.8682
        EarlyStopping counter: 5 / 30
[Epoch 28] Train Loss: 0.0683, Loss_s: 0.0616, Loss_u: 0.0252, Loss_sk: 0.0084, Mask: 0.9293, Acc: 0.9783, Prec: 0.9151, Rec: 0.8792, F1: 0.8963                                                                         
[Epoch 28] Val Loss: 0.0847, Acc: 0.9737, Prec: 0.9188, Rec: 0.8321, F1: 0.8697
        EarlyStopping counter: 6 / 30
[Epoch 29] Train Loss: 0.0684, Loss_s: 0.0619, Loss_u: 0.0243, Loss_sk: 0.0081, Mask: 0.9278, Acc: 0.9778, Prec: 0.9095, Rec: 0.8789, F1: 0.8935                                                                         
[Epoch 29] Val Loss: 0.0779, Acc: 0.9761, Prec: 0.9065, Rec: 0.8586, F1: 0.8789
        Validation F1 improved → Saving model: ./checkpoints/best_model.pt
[Epoch 30] Train Loss: 0.0689, Loss_s: 0.0623, Loss_u: 0.0246, Loss_sk: 0.0082, Mask: 0.9255, Acc: 0.9779, Prec: 0.9075, Rec: 0.8745, F1: 0.8902                                                                         
[Epoch 30] Val Loss: 0.0905, Acc: 0.9737, Prec: 0.9139, Rec: 0.8408, F1: 0.8676
        EarlyStopping counter: 1 / 30
[Epoch 31] Train Loss: 0.0679, Loss_s: 0.0617, Loss_u: 0.0235, Loss_sk: 0.0079, Mask: 0.9275, Acc: 0.9783, Prec: 0.9128, Rec: 0.8777, F1: 0.8944                                                                         
[Epoch 31] Val Loss: 0.0749, Acc: 0.9761, Prec: 0.8756, Rec: 0.8696, F1: 0.8672
        EarlyStopping counter: 2 / 30
[Epoch 32] Train Loss: 0.0663, Loss_s: 0.0598, Loss_u: 0.0245, Loss_sk: 0.0082, Mask: 0.9282, Acc: 0.9790, Prec: 0.9125, Rec: 0.8855, F1: 0.8983                                                                         
[Epoch 32] Val Loss: 0.1010, Acc: 0.9709, Prec: 0.9196, Rec: 0.8281, F1: 0.8641
        EarlyStopping counter: 3 / 30
[Epoch 33] Train Loss: 0.0675, Loss_s: 0.0606, Loss_u: 0.0259, Loss_sk: 0.0086, Mask: 0.9268, Acc: 0.9785, Prec: 0.9170, Rec: 0.8833, F1: 0.8994                                                                         
[Epoch 33] Val Loss: 0.0926, Acc: 0.9730, Prec: 0.9096, Rec: 0.8417, F1: 0.8688
        EarlyStopping counter: 4 / 30
[Epoch 34] Train Loss: 0.0666, Loss_s: 0.0597, Loss_u: 0.0259, Loss_sk: 0.0086, Mask: 0.9280, Acc: 0.9785, Prec: 0.9094, Rec: 0.8801, F1: 0.8940                                                                         
[Epoch 34] Val Loss: 0.0931, Acc: 0.9733, Prec: 0.9060, Rec: 0.8450, F1: 0.8655
        EarlyStopping counter: 5 / 30
[Epoch 35] Train Loss: 0.0666, Loss_s: 0.0596, Loss_u: 0.0263, Loss_sk: 0.0087, Mask: 0.9267, Acc: 0.9786, Prec: 0.9101, Rec: 0.8845, F1: 0.8967                                                                         
[Epoch 35] Val Loss: 0.0831, Acc: 0.9751, Prec: 0.9015, Rec: 0.8479, F1: 0.8693
        EarlyStopping counter: 6 / 30
[Epoch 36] Train Loss: 0.0663, Loss_s: 0.0593, Loss_u: 0.0262, Loss_sk: 0.0087, Mask: 0.9261, Acc: 0.9787, Prec: 0.9143, Rec: 0.8838, F1: 0.8984                                                                         
[Epoch 36] Val Loss: 0.0841, Acc: 0.9747, Prec: 0.9058, Rec: 0.8485, F1: 0.8700
        EarlyStopping counter: 7 / 30
[Epoch 37] Train Loss: 0.0660, Loss_s: 0.0594, Loss_u: 0.0248, Loss_sk: 0.0083, Mask: 0.9262, Acc: 0.9782, Prec: 0.9117, Rec: 0.8827, F1: 0.8966                                                                         
[Epoch 37] Val Loss: 0.0915, Acc: 0.9730, Prec: 0.9102, Rec: 0.8388, F1: 0.8691
        EarlyStopping counter: 8 / 30
[Epoch 38] Train Loss: 0.0656, Loss_s: 0.0587, Loss_u: 0.0258, Loss_sk: 0.0085, Mask: 0.9292, Acc: 0.9789, Prec: 0.9174, Rec: 0.8823, F1: 0.8991                                                                         
[Epoch 38] Val Loss: 0.0777, Acc: 0.9758, Prec: 0.9173, Rec: 0.8473, F1: 0.8730
        EarlyStopping counter: 9 / 30
[Epoch 39] Train Loss: 0.0648, Loss_s: 0.0583, Loss_u: 0.0245, Loss_sk: 0.0082, Mask: 0.9283, Acc: 0.9790, Prec: 0.9147, Rec: 0.8839, F1: 0.8986                                                                         
[Epoch 39] Val Loss: 0.0843, Acc: 0.9756, Prec: 0.9132, Rec: 0.8491, F1: 0.8736
        EarlyStopping counter: 10 / 30
[Epoch 40] Train Loss: 0.0650, Loss_s: 0.0586, Loss_u: 0.0240, Loss_sk: 0.0080, Mask: 0.9307, Acc: 0.9789, Prec: 0.9142, Rec: 0.8789, F1: 0.8957                                                                         
[Epoch 40] Val Loss: 0.0778, Acc: 0.9759, Prec: 0.8931, Rec: 0.8579, F1: 0.8713
        EarlyStopping counter: 11 / 30
[Epoch 41] Train Loss: 0.0646, Loss_s: 0.0584, Loss_u: 0.0233, Loss_sk: 0.0078, Mask: 0.9335, Acc: 0.9789, Prec: 0.9149, Rec: 0.8861, F1: 0.8997                                                                                              
[Epoch 41] Val Loss: 0.1009, Acc: 0.9718, Prec: 0.9075, Rec: 0.8328, F1: 0.8588
        EarlyStopping counter: 12 / 30
[Epoch 42] Train Loss: 0.0642, Loss_s: 0.0576, Loss_u: 0.0249, Loss_sk: 0.0083, Mask: 0.9290, Acc: 0.9793, Prec: 0.9191, Rec: 0.8862, F1: 0.9019                                                                                              
[Epoch 42] Val Loss: 0.0799, Acc: 0.9761, Prec: 0.9165, Rec: 0.8602, F1: 0.8841
        Validation F1 improved → Saving model: ./checkpoints/best_model.pt
[Epoch 43] Train Loss: 0.0644, Loss_s: 0.0578, Loss_u: 0.0246, Loss_sk: 0.0082, Mask: 0.9284, Acc: 0.9788, Prec: 0.9194, Rec: 0.8878, F1: 0.9028                                                                                              
[Epoch 43] Val Loss: 0.0740, Acc: 0.9768, Prec: 0.9125, Rec: 0.8616, F1: 0.8843
        Validation F1 improved → Saving model: ./checkpoints/best_model.pt
[Epoch 44] Train Loss: 0.0642, Loss_s: 0.0574, Loss_u: 0.0254, Loss_sk: 0.0086, Mask: 0.9280, Acc: 0.9792, Prec: 0.9193, Rec: 0.8900, F1: 0.9039                                                                                              
[Epoch 44] Val Loss: 0.0808, Acc: 0.9747, Prec: 0.8984, Rec: 0.8457, F1: 0.8675
        EarlyStopping counter: 1 / 30
[Epoch 45] Train Loss: 0.0627, Loss_s: 0.0563, Loss_u: 0.0242, Loss_sk: 0.0080, Mask: 0.9306, Acc: 0.9794, Prec: 0.9202, Rec: 0.8954, F1: 0.9072                                                                                              
[Epoch 45] Val Loss: 0.0840, Acc: 0.9750, Prec: 0.9183, Rec: 0.8467, F1: 0.8767
        EarlyStopping counter: 2 / 30
[Epoch 46] Train Loss: 0.0635, Loss_s: 0.0568, Loss_u: 0.0253, Loss_sk: 0.0085, Mask: 0.9285, Acc: 0.9792, Prec: 0.9135, Rec: 0.8832, F1: 0.8977                                                                                              
[Epoch 46] Val Loss: 0.0906, Acc: 0.9736, Prec: 0.9243, Rec: 0.8392, F1: 0.8729
        EarlyStopping counter: 3 / 30
[Epoch 47] Train Loss: 0.0633, Loss_s: 0.0568, Loss_u: 0.0243, Loss_sk: 0.0081, Mask: 0.9306, Acc: 0.9797, Prec: 0.9196, Rec: 0.8920, F1: 0.9051                                                                                              
[Epoch 47] Val Loss: 0.0771, Acc: 0.9749, Prec: 0.9045, Rec: 0.8374, F1: 0.8656
        EarlyStopping counter: 4 / 30
[Epoch 48] Train Loss: 0.0631, Loss_s: 0.0563, Loss_u: 0.0253, Loss_sk: 0.0084, Mask: 0.9303, Acc: 0.9793, Prec: 0.9198, Rec: 0.8911, F1: 0.9047                                                                                              
[Epoch 48] Val Loss: 0.0806, Acc: 0.9749, Prec: 0.8996, Rec: 0.8497, F1: 0.8714
        EarlyStopping counter: 5 / 30
[Epoch 49] Train Loss: 0.0632, Loss_s: 0.0563, Loss_u: 0.0258, Loss_sk: 0.0086, Mask: 0.9272, Acc: 0.9793, Prec: 0.9165, Rec: 0.8881, F1: 0.9016                                                                                              
[Epoch 49] Val Loss: 0.0802, Acc: 0.9752, Prec: 0.9025, Rec: 0.8568, F1: 0.8759
        EarlyStopping counter: 6 / 30
[Epoch 50] Train Loss: 0.0622, Loss_s: 0.0553, Loss_u: 0.0256, Loss_sk: 0.0085, Mask: 0.9293, Acc: 0.9795, Prec: 0.9180, Rec: 0.8911, F1: 0.9039                                                                                              
[Epoch 50] Val Loss: 0.0852, Acc: 0.9749, Prec: 0.9111, Rec: 0.8470, F1: 0.8749
        EarlyStopping counter: 7 / 30
[Epoch 51] Train Loss: 0.0624, Loss_s: 0.0559, Loss_u: 0.0242, Loss_sk: 0.0082, Mask: 0.9304, Acc: 0.9796, Prec: 0.9172, Rec: 0.8866, F1: 0.9013                                                                                              
[Epoch 51] Val Loss: 0.0830, Acc: 0.9750, Prec: 0.9157, Rec: 0.8576, F1: 0.8808
        EarlyStopping counter: 8 / 30
[Epoch 52] Train Loss: 0.0617, Loss_s: 0.0551, Loss_u: 0.0247, Loss_sk: 0.0083, Mask: 0.9314, Acc: 0.9799, Prec: 0.9198, Rec: 0.8886, F1: 0.9036                                                                                              
[Epoch 52] Val Loss: 0.0929, Acc: 0.9722, Prec: 0.9019, Rec: 0.8410, F1: 0.8654
        EarlyStopping counter: 9 / 30
[Epoch 53] Train Loss: 0.0620, Loss_s: 0.0555, Loss_u: 0.0245, Loss_sk: 0.0082, Mask: 0.9321, Acc: 0.9796, Prec: 0.9189, Rec: 0.8912, F1: 0.9045                                                                                              
[Epoch 53] Val Loss: 0.0868, Acc: 0.9744, Prec: 0.9109, Rec: 0.8475, F1: 0.8739
        EarlyStopping counter: 10 / 30
[Epoch 54] Train Loss: 0.0622, Loss_s: 0.0558, Loss_u: 0.0239, Loss_sk: 0.0080, Mask: 0.9319, Acc: 0.9794, Prec: 0.9202, Rec: 0.8901, F1: 0.9044                                                                                              
[Epoch 54] Val Loss: 0.0917, Acc: 0.9745, Prec: 0.9218, Rec: 0.8388, F1: 0.8743
        EarlyStopping counter: 11 / 30
[Epoch 55] Train Loss: 0.0610, Loss_s: 0.0543, Loss_u: 0.0250, Loss_sk: 0.0084, Mask: 0.9325, Acc: 0.9801, Prec: 0.9185, Rec: 0.8916, F1: 0.9045                                                                                              
[Epoch 55] Val Loss: 0.0772, Acc: 0.9758, Prec: 0.8900, Rec: 0.8760, F1: 0.8783
        EarlyStopping counter: 12 / 30
[Epoch 56] Train Loss: 0.0605, Loss_s: 0.0538, Loss_u: 0.0250, Loss_sk: 0.0084, Mask: 0.9314, Acc: 0.9801, Prec: 0.9214, Rec: 0.8929, F1: 0.9066                                                                                              
[Epoch 56] Val Loss: 0.0858, Acc: 0.9755, Prec: 0.9145, Rec: 0.8536, F1: 0.8789
        EarlyStopping counter: 13 / 30
[Epoch 57] Train Loss: 0.0604, Loss_s: 0.0538, Loss_u: 0.0246, Loss_sk: 0.0082, Mask: 0.9317, Acc: 0.9799, Prec: 0.9221, Rec: 0.8924, F1: 0.9065                                                                                              
[Epoch 57] Val Loss: 0.0815, Acc: 0.9746, Prec: 0.8963, Rec: 0.8551, F1: 0.8703
        EarlyStopping counter: 14 / 30
[Epoch 58] Train Loss: 0.0607, Loss_s: 0.0536, Loss_u: 0.0268, Loss_sk: 0.0089, Mask: 0.9264, Acc: 0.9806, Prec: 0.9228, Rec: 0.8951, F1: 0.9082                                                                                              
[Epoch 58] Val Loss: 0.0836, Acc: 0.9744, Prec: 0.9007, Rec: 0.8544, F1: 0.8730
        EarlyStopping counter: 15 / 30
[Epoch 59] Train Loss: 0.0604, Loss_s: 0.0536, Loss_u: 0.0258, Loss_sk: 0.0086, Mask: 0.9301, Acc: 0.9803, Prec: 0.9236, Rec: 0.8964, F1: 0.9094                                                                                              
[Epoch 59] Val Loss: 0.0881, Acc: 0.9745, Prec: 0.8969, Rec: 0.8573, F1: 0.8706
        EarlyStopping counter: 16 / 30
[Epoch 60] Train Loss: 0.0594, Loss_s: 0.0526, Loss_u: 0.0254, Loss_sk: 0.0085, Mask: 0.9321, Acc: 0.9807, Prec: 0.9243, Rec: 0.8957, F1: 0.9095                                                                                              
[Epoch 60] Val Loss: 0.0940, Acc: 0.9723, Prec: 0.9139, Rec: 0.8257, F1: 0.8610
        EarlyStopping counter: 17 / 30
[Epoch 61] Train Loss: 0.0598, Loss_s: 0.0528, Loss_u: 0.0260, Loss_sk: 0.0088, Mask: 0.9309, Acc: 0.9806, Prec: 0.9261, Rec: 0.8999, F1: 0.9123                                                                                              
[Epoch 61] Val Loss: 0.0810, Acc: 0.9753, Prec: 0.8923, Rec: 0.8596, F1: 0.8702
        EarlyStopping counter: 18 / 30
[Epoch 62] Train Loss: 0.0598, Loss_s: 0.0531, Loss_u: 0.0251, Loss_sk: 0.0084, Mask: 0.9317, Acc: 0.9801, Prec: 0.9245, Rec: 0.8955, F1: 0.9094                                                                                              
[Epoch 62] Val Loss: 0.0740, Acc: 0.9774, Prec: 0.9170, Rec: 0.8637, F1: 0.8852
        Validation F1 improved → Saving model: ./checkpoints/best_model.pt
[Epoch 63] Train Loss: 0.0599, Loss_s: 0.0527, Loss_u: 0.0267, Loss_sk: 0.0089, Mask: 0.9291, Acc: 0.9805, Prec: 0.9240, Rec: 0.8963, F1: 0.9094                                                                                              
[Epoch 63] Val Loss: 0.0812, Acc: 0.9752, Prec: 0.8870, Rec: 0.8607, F1: 0.8686
        EarlyStopping counter: 1 / 30
[Epoch 64] Train Loss: 0.0597, Loss_s: 0.0530, Loss_u: 0.0250, Loss_sk: 0.0083, Mask: 0.9291, Acc: 0.9805, Prec: 0.9239, Rec: 0.8975, F1: 0.9102                                                                                              
[Epoch 64] Val Loss: 0.0762, Acc: 0.9756, Prec: 0.9050, Rec: 0.8560, F1: 0.8764
        EarlyStopping counter: 2 / 30
[Epoch 65] Train Loss: 0.0593, Loss_s: 0.0528, Loss_u: 0.0243, Loss_sk: 0.0081, Mask: 0.9327, Acc: 0.9806, Prec: 0.9312, Rec: 0.9032, F1: 0.9165                                                                                              
[Epoch 65] Val Loss: 0.0864, Acc: 0.9733, Prec: 0.9130, Rec: 0.8410, F1: 0.8711
        EarlyStopping counter: 3 / 30
[Epoch 66] Train Loss: 0.0599, Loss_s: 0.0534, Loss_u: 0.0246, Loss_sk: 0.0081, Mask: 0.9322, Acc: 0.9806, Prec: 0.9262, Rec: 0.9002, F1: 0.9125                                                                                              
[Epoch 66] Val Loss: 0.0847, Acc: 0.9748, Prec: 0.9220, Rec: 0.8420, F1: 0.8772
        EarlyStopping counter: 4 / 30
[Epoch 67] Train Loss: 0.0592, Loss_s: 0.0526, Loss_u: 0.0245, Loss_sk: 0.0082, Mask: 0.9341, Acc: 0.9802, Prec: 0.9245, Rec: 0.8973, F1: 0.9103                                                                                              
[Epoch 67] Val Loss: 0.0926, Acc: 0.9740, Prec: 0.9090, Rec: 0.8462, F1: 0.8706
        EarlyStopping counter: 5 / 30
[Epoch 68] Train Loss: 0.0581, Loss_s: 0.0514, Loss_u: 0.0250, Loss_sk: 0.0085, Mask: 0.9314, Acc: 0.9810, Prec: 0.9289, Rec: 0.9027, F1: 0.9152                                                                                              
[Epoch 68] Val Loss: 0.0827, Acc: 0.9755, Prec: 0.9053, Rec: 0.8546, F1: 0.8759
        EarlyStopping counter: 6 / 30
[Epoch 69] Train Loss: 0.0586, Loss_s: 0.0516, Loss_u: 0.0262, Loss_sk: 0.0089, Mask: 0.9325, Acc: 0.9806, Prec: 0.9258, Rec: 0.8982, F1: 0.9114                                                                                              
[Epoch 69] Val Loss: 0.0790, Acc: 0.9757, Prec: 0.9077, Rec: 0.8590, F1: 0.8782
        EarlyStopping counter: 7 / 30
[Epoch 70] Train Loss: 0.0581, Loss_s: 0.0512, Loss_u: 0.0257, Loss_sk: 0.0087, Mask: 0.9321, Acc: 0.9811, Prec: 0.9261, Rec: 0.9006, F1: 0.9128                                                                                              
[Epoch 70] Val Loss: 0.0903, Acc: 0.9734, Prec: 0.9099, Rec: 0.8444, F1: 0.8709
        EarlyStopping counter: 8 / 30
[Epoch 71] Train Loss: 0.0585, Loss_s: 0.0514, Loss_u: 0.0266, Loss_sk: 0.0089, Mask: 0.9284, Acc: 0.9810, Prec: 0.9303, Rec: 0.9023, F1: 0.9157                                                                                              
[Epoch 71] Val Loss: 0.0887, Acc: 0.9737, Prec: 0.9105, Rec: 0.8420, F1: 0.8707
        EarlyStopping counter: 9 / 30
[Epoch 72] Train Loss: 0.0575, Loss_s: 0.0507, Loss_u: 0.0254, Loss_sk: 0.0086, Mask: 0.9339, Acc: 0.9815, Prec: 0.9288, Rec: 0.9034, F1: 0.9155                                                                                              
[Epoch 72] Val Loss: 0.0781, Acc: 0.9759, Prec: 0.8995, Rec: 0.8518, F1: 0.8717
        EarlyStopping counter: 10 / 30
[Epoch 73] Train Loss: 0.0575, Loss_s: 0.0505, Loss_u: 0.0260, Loss_sk: 0.0087, Mask: 0.9334, Acc: 0.9814, Prec: 0.9303, Rec: 0.9035, F1: 0.9164                                                                                              
[Epoch 73] Val Loss: 0.0940, Acc: 0.9741, Prec: 0.9074, Rec: 0.8450, F1: 0.8695
        EarlyStopping counter: 11 / 30
[Epoch 74] Train Loss: 0.0565, Loss_s: 0.0500, Loss_u: 0.0243, Loss_sk: 0.0082, Mask: 0.9360, Acc: 0.9815, Prec: 0.9321, Rec: 0.9070, F1: 0.9190                                                                                              
[Epoch 74] Val Loss: 0.0838, Acc: 0.9752, Prec: 0.9035, Rec: 0.8583, F1: 0.8758
        EarlyStopping counter: 12 / 30
[Epoch 75] Train Loss: 0.0572, Loss_s: 0.0505, Loss_u: 0.0250, Loss_sk: 0.0085, Mask: 0.9337, Acc: 0.9812, Prec: 0.9312, Rec: 0.9089, F1: 0.9196                                                                                              
[Epoch 75] Val Loss: 0.0809, Acc: 0.9755, Prec: 0.9165, Rec: 0.8547, F1: 0.8816
        EarlyStopping counter: 13 / 30
[Epoch 76] Train Loss: 0.0565, Loss_s: 0.0499, Loss_u: 0.0248, Loss_sk: 0.0082, Mask: 0.9343, Acc: 0.9812, Prec: 0.9303, Rec: 0.9032, F1: 0.9162                                                                                              
[Epoch 76] Val Loss: 0.0866, Acc: 0.9745, Prec: 0.9118, Rec: 0.8415, F1: 0.8708
        EarlyStopping counter: 14 / 30
[Epoch 77] Train Loss: 0.0558, Loss_s: 0.0492, Loss_u: 0.0245, Loss_sk: 0.0083, Mask: 0.9337, Acc: 0.9818, Prec: 0.9351, Rec: 0.9093, F1: 0.9217                                                                                              
[Epoch 77] Val Loss: 0.0929, Acc: 0.9733, Prec: 0.9082, Rec: 0.8384, F1: 0.8683
        EarlyStopping counter: 15 / 30
[Epoch 78] Train Loss: 0.0560, Loss_s: 0.0493, Loss_u: 0.0248, Loss_sk: 0.0084, Mask: 0.9359, Acc: 0.9817, Prec: 0.9333, Rec: 0.9089, F1: 0.9206                                                                                              
[Epoch 78] Val Loss: 0.0847, Acc: 0.9745, Prec: 0.9113, Rec: 0.8497, F1: 0.8755
        EarlyStopping counter: 16 / 30
[Epoch 79] Train Loss: 0.0560, Loss_s: 0.0492, Loss_u: 0.0253, Loss_sk: 0.0085, Mask: 0.9347, Acc: 0.9819, Prec: 0.9334, Rec: 0.9068, F1: 0.9196                                                                                              
[Epoch 79] Val Loss: 0.0774, Acc: 0.9770, Prec: 0.8988, Rec: 0.8747, F1: 0.8822
        EarlyStopping counter: 17 / 30
[Epoch 80] Train Loss: 0.0563, Loss_s: 0.0491, Loss_u: 0.0268, Loss_sk: 0.0091, Mask: 0.9312, Acc: 0.9819, Prec: 0.9313, Rec: 0.9051, F1: 0.9175                                                                                              
[Epoch 80] Val Loss: 0.0807, Acc: 0.9758, Prec: 0.9146, Rec: 0.8571, F1: 0.8824
        EarlyStopping counter: 18 / 30
[Epoch 81] Train Loss: 0.0549, Loss_s: 0.0480, Loss_u: 0.0258, Loss_sk: 0.0085, Mask: 0.9352, Acc: 0.9824, Prec: 0.9351, Rec: 0.9131, F1: 0.9236                                                                                              
[Epoch 81] Val Loss: 0.0828, Acc: 0.9761, Prec: 0.9039, Rec: 0.8575, F1: 0.8759
        EarlyStopping counter: 19 / 30
[Epoch 82] Train Loss: 0.0549, Loss_s: 0.0479, Loss_u: 0.0261, Loss_sk: 0.0089, Mask: 0.9351, Acc: 0.9822, Prec: 0.9379, Rec: 0.9097, F1: 0.9233                                                                                              
[Epoch 82] Val Loss: 0.0834, Acc: 0.9754, Prec: 0.9222, Rec: 0.8455, F1: 0.8788
        EarlyStopping counter: 20 / 30
[Epoch 83] Train Loss: 0.0544, Loss_s: 0.0475, Loss_u: 0.0259, Loss_sk: 0.0086, Mask: 0.9355, Acc: 0.9824, Prec: 0.9365, Rec: 0.9108, F1: 0.9232                                                                                              
[Epoch 83] Val Loss: 0.0861, Acc: 0.9753, Prec: 0.9148, Rec: 0.8529, F1: 0.8791
        EarlyStopping counter: 21 / 30
[Epoch 84] Train Loss: 0.0549, Loss_s: 0.0478, Loss_u: 0.0266, Loss_sk: 0.0088, Mask: 0.9345, Acc: 0.9825, Prec: 0.9370, Rec: 0.9124, F1: 0.9241                                                                                              
[Epoch 84] Val Loss: 0.0886, Acc: 0.9730, Prec: 0.8945, Rec: 0.8455, F1: 0.8638
        EarlyStopping counter: 22 / 30
[Epoch 85] Train Loss: 0.0543, Loss_s: 0.0473, Loss_u: 0.0261, Loss_sk: 0.0087, Mask: 0.9346, Acc: 0.9823, Prec: 0.9351, Rec: 0.9111, F1: 0.9225                                                                                              
[Epoch 85] Val Loss: 0.0903, Acc: 0.9748, Prec: 0.9156, Rec: 0.8421, F1: 0.8729
        EarlyStopping counter: 23 / 30
[Epoch 86] Train Loss: 0.0546, Loss_s: 0.0475, Loss_u: 0.0264, Loss_sk: 0.0088, Mask: 0.9347, Acc: 0.9820, Prec: 0.9298, Rec: 0.9054, F1: 0.9171                                                                                              
[Epoch 86] Val Loss: 0.0761, Acc: 0.9763, Prec: 0.9087, Rec: 0.8661, F1: 0.8831
        EarlyStopping counter: 24 / 30
[Epoch 87] Train Loss: 0.0546, Loss_s: 0.0477, Loss_u: 0.0260, Loss_sk: 0.0088, Mask: 0.9334, Acc: 0.9822, Prec: 0.9356, Rec: 0.9114, F1: 0.9232                                                                                              
[Epoch 87] Val Loss: 0.0814, Acc: 0.9752, Prec: 0.9165, Rec: 0.8520, F1: 0.8779
        EarlyStopping counter: 25 / 30
[Epoch 88] Train Loss: 0.0535, Loss_s: 0.0466, Loss_u: 0.0258, Loss_sk: 0.0086, Mask: 0.9338, Acc: 0.9825, Prec: 0.9334, Rec: 0.9152, F1: 0.9239                                                                                              
[Epoch 88] Val Loss: 0.0854, Acc: 0.9751, Prec: 0.9095, Rec: 0.8584, F1: 0.8790
        EarlyStopping counter: 26 / 30
[Epoch 89] Train Loss: 0.0537, Loss_s: 0.0468, Loss_u: 0.0258, Loss_sk: 0.0087, Mask: 0.9357, Acc: 0.9827, Prec: 0.9359, Rec: 0.9130, F1: 0.9240                                                                                              
[Epoch 89] Val Loss: 0.0811, Acc: 0.9758, Prec: 0.9213, Rec: 0.8548, F1: 0.8828
        EarlyStopping counter: 27 / 30
[Epoch 90] Train Loss: 0.0535, Loss_s: 0.0467, Loss_u: 0.0254, Loss_sk: 0.0085, Mask: 0.9346, Acc: 0.9828, Prec: 0.9423, Rec: 0.9166, F1: 0.9290                                                                                              
[Epoch 90] Val Loss: 0.0809, Acc: 0.9760, Prec: 0.9189, Rec: 0.8580, F1: 0.8831
        EarlyStopping counter: 28 / 30
[Epoch 91] Train Loss: 0.0532, Loss_s: 0.0464, Loss_u: 0.0256, Loss_sk: 0.0086, Mask: 0.9336, Acc: 0.9826, Prec: 0.9382, Rec: 0.9161, F1: 0.9265                                                                                              
[Epoch 91] Val Loss: 0.0778, Acc: 0.9764, Prec: 0.9118, Rec: 0.8638, F1: 0.8839
        EarlyStopping counter: 29 / 30
[Epoch 92] Train Loss: 0.0534, Loss_s: 0.0464, Loss_u: 0.0265, Loss_sk: 0.0088, Mask: 0.9361, Acc: 0.9825, Prec: 0.9381, Rec: 0.9138, F1: 0.9255                                                                                              
[Epoch 92] Val Loss: 0.0881, Acc: 0.9744, Prec: 0.9248, Rec: 0.8441, F1: 0.8769
        EarlyStopping counter: 30 / 30
Early stopping triggered...
Total training time: 222 min 22.21 sec
Loaded best model.
[Best Model Train] Loss: 0.0730, Acc: 0.9779, Prec: 0.9334, Rec: 0.8803, F1: 0.9037                                                                                                                                                           
[Best Model Train] Classification Report:
              precision    recall  f1-score   support

           0     0.9739    0.8792    0.9241      3220
           1     0.9234    0.9567    0.9398       416
           2     0.9154    0.7787    0.8415      3891
           3     0.9650    0.9913    0.9780      7260
           4     0.8702    0.7365    0.7977      2694
           5     0.9565    0.9137    0.9346       649
           6     0.8799    0.6801    0.7672       894
           7     0.9322    0.9910    0.9607       111
           8     0.9839    0.9956    0.9897    110573

    accuracy                         0.9779    129708
   macro avg     0.9334    0.8803    0.9037    129708
weighted avg     0.9771    0.9779    0.9770    129708

[Best Model Train] Confusion Matrix:
[[  2831     12      4      1     14      2      0      0    356]
 [     1    398      1      0      8      1      2      0      5]
 [     6      2   3030     97    150      4      3      0    599]
 [     0      0     28   7197      0      1      0      0     34]
 [    45     15     52      1   1984     13     50      1    533]
 [     4      1     17      4      7    593      1      4     18]
 [     0      0      7      3     19      0    608      0    257]
 [     0      0      0      0      0      1      0    110      0]
 [    20      3    171    155     98      5     27      3 110091]]

[Best Model Validation] Loss: 0.0740, Acc: 0.9774, Prec: 0.9170, Rec: 0.8637, F1: 0.8852                                                                                                                                                      
[Best Model Validation] Classification Report:
              precision    recall  f1-score   support

           0     0.9704    0.8665    0.9155       644
           1     0.8370    0.9277    0.8800        83
           2     0.9151    0.7892    0.8475       778
           3     0.9674    0.9821    0.9747      1452
           4     0.8497    0.7565    0.8004       538
           5     0.9474    0.8372    0.8889       129
           6     0.9016    0.6180    0.7333       178
           7     0.8800    1.0000    0.9362        22
           8     0.9841    0.9962    0.9901     22114

    accuracy                         0.9774     25938
   macro avg     0.9170    0.8637    0.8852     25938
weighted avg     0.9767    0.9774    0.9765     25938

[Best Model Validation] Confusion Matrix:
[[  558     5     0     0     4     0     0     2    75]
 [    0    77     0     0     4     2     0     0     0]
 [    2     0   614    19    22     1     1     0   119]
 [    0     1    16  1426     0     0     0     0     9]
 [    8     6    15     0   407     2     5     0    95]
 [    1     2     5     2     6   108     0     1     4]
 [    0     1     2     1    10     0   110     0    54]
 [    0     0     0     0     0     0     0    22     0]
 [    6     0    19    26    26     1     6     0 22030]]

[Test] Loss: 0.0744, Acc: 0.9780, Prec: 0.9416, Rec: 0.8689, F1: 0.9010                                                                                                                                                                       
[Test] Classification Report:
              precision    recall  f1-score   support

           0     0.9615    0.8721    0.9146       430
           1     0.9091    0.8929    0.9009        56
           2     0.9063    0.8000    0.8498       520
           3     0.9745    0.9886    0.9815       968
           4     0.8857    0.7729    0.8254       361
           5     0.9512    0.8864    0.9176        88
           6     0.9024    0.6116    0.7291       121
           7     1.0000    1.0000    1.0000        16
           8     0.9836    0.9955    0.9895     14744

    accuracy                         0.9780     17304
   macro avg     0.9416    0.8689    0.9010     17304
weighted avg     0.9772    0.9780    0.9771     17304

[Test] Confusion Matrix:
[[  375     1     0     0     2     0     0     0    52]
 [    0    50     1     0     4     0     0     0     1]
 [    1     0   416    11    11     1     0     0    80]
 [    0     0     4   957     0     0     0     0     7]
 [    5     4    10     0   279     2     3     0    58]
 [    1     0     4     0     2    78     0     0     3]
 [    0     0     0     0     3     0    74     0    44]
 [    0     0     0     0     0     0     0    16     0]
 [    8     0    24    14    14     1     5     0 14678]]