## backbone freeze
## fc.classifier unfreeze

05/03/2026 18:49:13 - INFO - root -   train_labeled_dataset: 129708
05/03/2026 18:49:13 - INFO - root -   val_dataset: 25938
05/03/2026 18:49:13 - INFO - root -   test_dataset: 17304
05/03/2026 18:49:13 - INFO - root -   train_unlabeled_dataset: 638507
[Epoch 1] Train Loss: 0.4715, Loss_s: 0.4546, Loss_u: 0.0669, Loss_sk: 0.0176, Mask: 0.3934, Acc: 0.8964, Prec: 0.4903, Rec: 0.2894, F1: 0.3282                                                                          
[Epoch 1] Val Loss: 0.4123, Acc: 0.9041, Prec: 0.6188, Rec: 0.2870, F1: 0.3264
        Validation F1 improved → Saving model: ./checkpoints/best_model.pt
[Epoch 2] Train Loss: 0.3576, Loss_s: 0.3425, Loss_u: 0.0594, Loss_sk: 0.0160, Mask: 0.5234, Acc: 0.9139, Prec: 0.6681, Rec: 0.4296, F1: 0.4784                                                                          
[Epoch 2] Val Loss: 0.3804, Acc: 0.9084, Prec: 0.7213, Rec: 0.3506, F1: 0.3932
        Validation F1 improved → Saving model: ./checkpoints/best_model.pt
[Epoch 3] Train Loss: 0.3414, Loss_s: 0.3272, Loss_u: 0.0557, Loss_sk: 0.0155, Mask: 0.5611, Acc: 0.9172, Prec: 0.7304, Rec: 0.4715, F1: 0.5189                                                                          
[Epoch 3] Val Loss: 0.3904, Acc: 0.9087, Prec: 0.7007, Rec: 0.3582, F1: 0.4035
        Validation F1 improved → Saving model: ./checkpoints/best_model.pt
[Epoch 4] Train Loss: 0.3328, Loss_s: 0.3192, Loss_u: 0.0531, Loss_sk: 0.0150, Mask: 0.5825, Acc: 0.9188, Prec: 0.7308, Rec: 0.5011, F1: 0.5465                                                                          
[Epoch 4] Val Loss: 0.3758, Acc: 0.9104, Prec: 0.6787, Rec: 0.3774, F1: 0.4184
        Validation F1 improved → Saving model: ./checkpoints/best_model.pt
[Epoch 5] Train Loss: 0.3268, Loss_s: 0.3131, Loss_u: 0.0533, Loss_sk: 0.0151, Mask: 0.5998, Acc: 0.9203, Prec: 0.7175, Rec: 0.5047, F1: 0.5500                                                                          
[Epoch 5] Val Loss: 0.3887, Acc: 0.9111, Prec: 0.7350, Rec: 0.3919, F1: 0.4404
        Validation F1 improved → Saving model: ./checkpoints/best_model.pt
[Epoch 6] Train Loss: 0.3256, Loss_s: 0.3121, Loss_u: 0.0527, Loss_sk: 0.0151, Mask: 0.6094, Acc: 0.9204, Prec: 0.7149, Rec: 0.5160, F1: 0.5540                                                                          
[Epoch 6] Val Loss: 0.3826, Acc: 0.9097, Prec: 0.7063, Rec: 0.3882, F1: 0.4374
        EarlyStopping counter: 1 / 30
[Epoch 7] Train Loss: 0.3232, Loss_s: 0.3095, Loss_u: 0.0536, Loss_sk: 0.0153, Mask: 0.6222, Acc: 0.9202, Prec: 0.7113, Rec: 0.5144, F1: 0.5551                                                                          
[Epoch 7] Val Loss: 0.3715, Acc: 0.9121, Prec: 0.7369, Rec: 0.4155, F1: 0.4643
        Validation F1 improved → Saving model: ./checkpoints/best_model.pt
[Epoch 8] Train Loss: 0.3222, Loss_s: 0.3084, Loss_u: 0.0537, Loss_sk: 0.0154, Mask: 0.6351, Acc: 0.9211, Prec: 0.7181, Rec: 0.5193, F1: 0.5622                                                                          
[Epoch 8] Val Loss: 0.3774, Acc: 0.9114, Prec: 0.7352, Rec: 0.4139, F1: 0.4570
        EarlyStopping counter: 1 / 30
[Epoch 9] Train Loss: 0.3205, Loss_s: 0.3067, Loss_u: 0.0536, Loss_sk: 0.0152, Mask: 0.6447, Acc: 0.9207, Prec: 0.7035, Rec: 0.5260, F1: 0.5626                                                                          
[Epoch 9] Val Loss: 0.3764, Acc: 0.9110, Prec: 0.7406, Rec: 0.4235, F1: 0.4641
        EarlyStopping counter: 2 / 30
[Epoch 10] Train Loss: 0.3177, Loss_s: 0.3040, Loss_u: 0.0530, Loss_sk: 0.0151, Mask: 0.6541, Acc: 0.9218, Prec: 0.7268, Rec: 0.5327, F1: 0.5735                                                                         
[Epoch 10] Val Loss: 0.3729, Acc: 0.9108, Prec: 0.7146, Rec: 0.4041, F1: 0.4523
        EarlyStopping counter: 3 / 30
[Epoch 11] Train Loss: 0.3157, Loss_s: 0.3022, Loss_u: 0.0526, Loss_sk: 0.0151, Mask: 0.6630, Acc: 0.9221, Prec: 0.7223, Rec: 0.5337, F1: 0.5747                                                                         
[Epoch 11] Val Loss: 0.3737, Acc: 0.9117, Prec: 0.7389, Rec: 0.4424, F1: 0.4814
        Validation F1 improved → Saving model: ./checkpoints/best_model.pt
[Epoch 12] Train Loss: 0.3152, Loss_s: 0.3018, Loss_u: 0.0521, Loss_sk: 0.0150, Mask: 0.6663, Acc: 0.9223, Prec: 0.7205, Rec: 0.5337, F1: 0.5714                                                                         
[Epoch 12] Val Loss: 0.3714, Acc: 0.9112, Prec: 0.7400, Rec: 0.4216, F1: 0.4694
        EarlyStopping counter: 1 / 30
[Epoch 13] Train Loss: 0.3156, Loss_s: 0.3023, Loss_u: 0.0518, Loss_sk: 0.0148, Mask: 0.6716, Acc: 0.9218, Prec: 0.7250, Rec: 0.5411, F1: 0.5785                                                                         
[Epoch 13] Val Loss: 0.3648, Acc: 0.9110, Prec: 0.6864, Rec: 0.4372, F1: 0.4754
        EarlyStopping counter: 2 / 30
[Epoch 14] Train Loss: 0.3150, Loss_s: 0.3016, Loss_u: 0.0523, Loss_sk: 0.0151, Mask: 0.6835, Acc: 0.9218, Prec: 0.7227, Rec: 0.5290, F1: 0.5713                                                                         
[Epoch 14] Val Loss: 0.3724, Acc: 0.9114, Prec: 0.7138, Rec: 0.4287, F1: 0.4693
        EarlyStopping counter: 3 / 30
[Epoch 15] Train Loss: 0.3138, Loss_s: 0.3003, Loss_u: 0.0523, Loss_sk: 0.0152, Mask: 0.6960, Acc: 0.9225, Prec: 0.7361, Rec: 0.5469, F1: 0.5861                                                                         
[Epoch 15] Val Loss: 0.3694, Acc: 0.9112, Prec: 0.7071, Rec: 0.4124, F1: 0.4603
        EarlyStopping counter: 4 / 30
[Epoch 16] Train Loss: 0.3124, Loss_s: 0.2989, Loss_u: 0.0524, Loss_sk: 0.0151, Mask: 0.7066, Acc: 0.9230, Prec: 0.7424, Rec: 0.5439, F1: 0.5859                                                                         
[Epoch 16] Val Loss: 0.3774, Acc: 0.9104, Prec: 0.7092, Rec: 0.4158, F1: 0.4579
        EarlyStopping counter: 5 / 30
[Epoch 17] Train Loss: 0.3130, Loss_s: 0.2996, Loss_u: 0.0523, Loss_sk: 0.0150, Mask: 0.7098, Acc: 0.9220, Prec: 0.7131, Rec: 0.5405, F1: 0.5771                                                                         
[Epoch 17] Val Loss: 0.3840, Acc: 0.9101, Prec: 0.6903, Rec: 0.4281, F1: 0.4628
        EarlyStopping counter: 6 / 30
[Epoch 18] Train Loss: 0.3129, Loss_s: 0.2995, Loss_u: 0.0521, Loss_sk: 0.0150, Mask: 0.7160, Acc: 0.9225, Prec: 0.7324, Rec: 0.5436, F1: 0.5835                                                                         
[Epoch 18] Val Loss: 0.3798, Acc: 0.9109, Prec: 0.7086, Rec: 0.4318, F1: 0.4601
        EarlyStopping counter: 7 / 30
[Epoch 19] Train Loss: 0.3136, Loss_s: 0.3000, Loss_u: 0.0527, Loss_sk: 0.0151, Mask: 0.7192, Acc: 0.9221, Prec: 0.7268, Rec: 0.5499, F1: 0.5873                                                                         
[Epoch 19] Val Loss: 0.3729, Acc: 0.9115, Prec: 0.7022, Rec: 0.4489, F1: 0.4780
        EarlyStopping counter: 8 / 30
[Epoch 20] Train Loss: 0.3119, Loss_s: 0.2984, Loss_u: 0.0524, Loss_sk: 0.0150, Mask: 0.7193, Acc: 0.9227, Prec: 0.7321, Rec: 0.5470, F1: 0.5850                                                                         
[Epoch 20] Val Loss: 0.3722, Acc: 0.9119, Prec: 0.7519, Rec: 0.4608, F1: 0.4903
        Validation F1 improved → Saving model: ./checkpoints/best_model.pt
[Epoch 21] Train Loss: 0.3120, Loss_s: 0.2986, Loss_u: 0.0520, Loss_sk: 0.0149, Mask: 0.7297, Acc: 0.9226, Prec: 0.7445, Rec: 0.5433, F1: 0.5885                                                                         
[Epoch 21] Val Loss: 0.3690, Acc: 0.9113, Prec: 0.7165, Rec: 0.4580, F1: 0.4862
        EarlyStopping counter: 1 / 30
[Epoch 22] Train Loss: 0.3119, Loss_s: 0.2985, Loss_u: 0.0520, Loss_sk: 0.0151, Mask: 0.7322, Acc: 0.9223, Prec: 0.7307, Rec: 0.5481, F1: 0.5832                                                                         
[Epoch 22] Val Loss: 0.3686, Acc: 0.9109, Prec: 0.7021, Rec: 0.4337, F1: 0.4733
        EarlyStopping counter: 2 / 30
[Epoch 23] Train Loss: 0.3129, Loss_s: 0.2997, Loss_u: 0.0514, Loss_sk: 0.0148, Mask: 0.7314, Acc: 0.9218, Prec: 0.7225, Rec: 0.5368, F1: 0.5748                                                                         
[Epoch 23] Val Loss: 0.3788, Acc: 0.9103, Prec: 0.7341, Rec: 0.4164, F1: 0.4564
        EarlyStopping counter: 3 / 30
[Epoch 24] Train Loss: 0.3107, Loss_s: 0.2973, Loss_u: 0.0519, Loss_sk: 0.0149, Mask: 0.7481, Acc: 0.9228, Prec: 0.7415, Rec: 0.5410, F1: 0.5838                                                                         
[Epoch 24] Val Loss: 0.3806, Acc: 0.9104, Prec: 0.6946, Rec: 0.4293, F1: 0.4633
        EarlyStopping counter: 4 / 30
[Epoch 25] Train Loss: 0.3115, Loss_s: 0.2982, Loss_u: 0.0516, Loss_sk: 0.0149, Mask: 0.7525, Acc: 0.9222, Prec: 0.7204, Rec: 0.5445, F1: 0.5823                                                                         
[Epoch 25] Val Loss: 0.3692, Acc: 0.9113, Prec: 0.7384, Rec: 0.4669, F1: 0.4893
        EarlyStopping counter: 5 / 30
[Epoch 26] Train Loss: 0.3114, Loss_s: 0.2981, Loss_u: 0.0516, Loss_sk: 0.0150, Mask: 0.7526, Acc: 0.9215, Prec: 0.7134, Rec: 0.5381, F1: 0.5756                                                                         
[Epoch 26] Val Loss: 0.3772, Acc: 0.9110, Prec: 0.7494, Rec: 0.4233, F1: 0.4655
        EarlyStopping counter: 6 / 30
[Epoch 27] Train Loss: 0.3141, Loss_s: 0.3008, Loss_u: 0.0518, Loss_sk: 0.0148, Mask: 0.7563, Acc: 0.9223, Prec: 0.7321, Rec: 0.5448, F1: 0.5847                                                                         
[Epoch 27] Val Loss: 0.3605, Acc: 0.9110, Prec: 0.7174, Rec: 0.4328, F1: 0.4688
        EarlyStopping counter: 7 / 30
[Epoch 28] Train Loss: 0.3112, Loss_s: 0.2977, Loss_u: 0.0522, Loss_sk: 0.0150, Mask: 0.7595, Acc: 0.9220, Prec: 0.7287, Rec: 0.5430, F1: 0.5819                                                                         
[Epoch 28] Val Loss: 0.3636, Acc: 0.9118, Prec: 0.7423, Rec: 0.4238, F1: 0.4724
        EarlyStopping counter: 8 / 30
[Epoch 29] Train Loss: 0.3118, Loss_s: 0.2983, Loss_u: 0.0526, Loss_sk: 0.0151, Mask: 0.7582, Acc: 0.9224, Prec: 0.7266, Rec: 0.5431, F1: 0.5832                                                                         
[Epoch 29] Val Loss: 0.3648, Acc: 0.9114, Prec: 0.7138, Rec: 0.4442, F1: 0.4755
        EarlyStopping counter: 9 / 30
[Epoch 30] Train Loss: 0.3132, Loss_s: 0.2997, Loss_u: 0.0525, Loss_sk: 0.0151, Mask: 0.7601, Acc: 0.9219, Prec: 0.7250, Rec: 0.5444, F1: 0.5819                                                                         
[Epoch 30] Val Loss: 0.3704, Acc: 0.9119, Prec: 0.7336, Rec: 0.4396, F1: 0.4754
        EarlyStopping counter: 10 / 30
[Epoch 31] Train Loss: 0.3118, Loss_s: 0.2985, Loss_u: 0.0516, Loss_sk: 0.0148, Mask: 0.7609, Acc: 0.9219, Prec: 0.7213, Rec: 0.5373, F1: 0.5762                                                                         
[Epoch 31] Val Loss: 0.3751, Acc: 0.9119, Prec: 0.7271, Rec: 0.4405, F1: 0.4692
        EarlyStopping counter: 11 / 30
[Epoch 32] Train Loss: 0.3104, Loss_s: 0.2973, Loss_u: 0.0512, Loss_sk: 0.0147, Mask: 0.7626, Acc: 0.9220, Prec: 0.7345, Rec: 0.5536, F1: 0.5913                                                                         
[Epoch 32] Val Loss: 0.3898, Acc: 0.9100, Prec: 0.7159, Rec: 0.4253, F1: 0.4600
        EarlyStopping counter: 12 / 30
[Epoch 33] Train Loss: 0.3097, Loss_s: 0.2965, Loss_u: 0.0516, Loss_sk: 0.0147, Mask: 0.7677, Acc: 0.9220, Prec: 0.7324, Rec: 0.5416, F1: 0.5839                                                                         
[Epoch 33] Val Loss: 0.3815, Acc: 0.9111, Prec: 0.7317, Rec: 0.4429, F1: 0.4731
        EarlyStopping counter: 13 / 30
[Epoch 34] Train Loss: 0.3103, Loss_s: 0.2972, Loss_u: 0.0509, Loss_sk: 0.0145, Mask: 0.7643, Acc: 0.9219, Prec: 0.7290, Rec: 0.5403, F1: 0.5811                                                                         
[Epoch 34] Val Loss: 0.3749, Acc: 0.9109, Prec: 0.7379, Rec: 0.4369, F1: 0.4686
        EarlyStopping counter: 14 / 30
[Epoch 35] Train Loss: 0.3093, Loss_s: 0.2962, Loss_u: 0.0511, Loss_sk: 0.0145, Mask: 0.7632, Acc: 0.9227, Prec: 0.7326, Rec: 0.5439, F1: 0.5840                                                                         
[Epoch 35] Val Loss: 0.3800, Acc: 0.9106, Prec: 0.7213, Rec: 0.4233, F1: 0.4606
        EarlyStopping counter: 15 / 30
[Epoch 36] Train Loss: 0.3105, Loss_s: 0.2972, Loss_u: 0.0515, Loss_sk: 0.0146, Mask: 0.7656, Acc: 0.9223, Prec: 0.7362, Rec: 0.5424, F1: 0.5841                                                                         
[Epoch 36] Val Loss: 0.3815, Acc: 0.9115, Prec: 0.7512, Rec: 0.4547, F1: 0.4895
        EarlyStopping counter: 16 / 30
[Epoch 37] Train Loss: 0.3123, Loss_s: 0.2994, Loss_u: 0.0500, Loss_sk: 0.0144, Mask: 0.7634, Acc: 0.9216, Prec: 0.7235, Rec: 0.5425, F1: 0.5811                                                                         
[Epoch 37] Val Loss: 0.3759, Acc: 0.9108, Prec: 0.7204, Rec: 0.4471, F1: 0.4811
        EarlyStopping counter: 17 / 30
[Epoch 38] Train Loss: 0.3113, Loss_s: 0.2982, Loss_u: 0.0508, Loss_sk: 0.0146, Mask: 0.7704, Acc: 0.9222, Prec: 0.7412, Rec: 0.5439, F1: 0.5860                                                                         
[Epoch 38] Val Loss: 0.3774, Acc: 0.9108, Prec: 0.7057, Rec: 0.4237, F1: 0.4640
        EarlyStopping counter: 18 / 30
[Epoch 39] Train Loss: 0.3078, Loss_s: 0.2946, Loss_u: 0.0511, Loss_sk: 0.0147, Mask: 0.7740, Acc: 0.9229, Prec: 0.7444, Rec: 0.5477, F1: 0.5909                                                                         
[Epoch 39] Val Loss: 0.3738, Acc: 0.9104, Prec: 0.6956, Rec: 0.4330, F1: 0.4634
        EarlyStopping counter: 19 / 30
[Epoch 40] Train Loss: 0.3132, Loss_s: 0.3001, Loss_u: 0.0509, Loss_sk: 0.0147, Mask: 0.7745, Acc: 0.9219, Prec: 0.7192, Rec: 0.5382, F1: 0.5758                                                                         
[Epoch 40] Val Loss: 0.3728, Acc: 0.9110, Prec: 0.7156, Rec: 0.4552, F1: 0.4755
        EarlyStopping counter: 20 / 30
[Epoch 41] Train Loss: 0.3086, Loss_s: 0.2952, Loss_u: 0.0521, Loss_sk: 0.0149, Mask: 0.7697, Acc: 0.9226, Prec: 0.7324, Rec: 0.5437, F1: 0.5845                                                                         
[Epoch 41] Val Loss: 0.3745, Acc: 0.9118, Prec: 0.7149, Rec: 0.4366, F1: 0.4700
        EarlyStopping counter: 21 / 30
[Epoch 42] Train Loss: 0.3099, Loss_s: 0.2970, Loss_u: 0.0500, Loss_sk: 0.0143, Mask: 0.7658, Acc: 0.9224, Prec: 0.7308, Rec: 0.5458, F1: 0.5828                                                                         
[Epoch 42] Val Loss: 0.3791, Acc: 0.9102, Prec: 0.7294, Rec: 0.4234, F1: 0.4647
        EarlyStopping counter: 22 / 30
[Epoch 43] Train Loss: 0.3079, Loss_s: 0.2947, Loss_u: 0.0511, Loss_sk: 0.0146, Mask: 0.7661, Acc: 0.9231, Prec: 0.7384, Rec: 0.5472, F1: 0.5877                                                                         
[Epoch 43] Val Loss: 0.3734, Acc: 0.9106, Prec: 0.7033, Rec: 0.4170, F1: 0.4550
        EarlyStopping counter: 23 / 30
[Epoch 44] Train Loss: 0.3089, Loss_s: 0.2959, Loss_u: 0.0506, Loss_sk: 0.0145, Mask: 0.7703, Acc: 0.9224, Prec: 0.7268, Rec: 0.5433, F1: 0.5823                                                                         
[Epoch 44] Val Loss: 0.3772, Acc: 0.9114, Prec: 0.7220, Rec: 0.4403, F1: 0.4738
        EarlyStopping counter: 24 / 30
[Epoch 45] Train Loss: 0.3095, Loss_s: 0.2966, Loss_u: 0.0501, Loss_sk: 0.0143, Mask: 0.7804, Acc: 0.9220, Prec: 0.7167, Rec: 0.5402, F1: 0.5773                                                                         
[Epoch 45] Val Loss: 0.3802, Acc: 0.9112, Prec: 0.7418, Rec: 0.4445, F1: 0.4789
        EarlyStopping counter: 25 / 30
[Epoch 46] Train Loss: 0.3089, Loss_s: 0.2960, Loss_u: 0.0500, Loss_sk: 0.0143, Mask: 0.7758, Acc: 0.9221, Prec: 0.7222, Rec: 0.5433, F1: 0.5809                                                                         
[Epoch 46] Val Loss: 0.3815, Acc: 0.9104, Prec: 0.7190, Rec: 0.4250, F1: 0.4566
        EarlyStopping counter: 26 / 30
[Epoch 47] Train Loss: 0.3094, Loss_s: 0.2965, Loss_u: 0.0502, Loss_sk: 0.0144, Mask: 0.7758, Acc: 0.9223, Prec: 0.7334, Rec: 0.5425, F1: 0.5825                                                                         
[Epoch 47] Val Loss: 0.3769, Acc: 0.9109, Prec: 0.7266, Rec: 0.4304, F1: 0.4656
        EarlyStopping counter: 27 / 30
[Epoch 48] Train Loss: 0.3063, Loss_s: 0.2934, Loss_u: 0.0503, Loss_sk: 0.0143, Mask: 0.7738, Acc: 0.9229, Prec: 0.7328, Rec: 0.5462, F1: 0.5881                                                                         
[Epoch 48] Val Loss: 0.3840, Acc: 0.9109, Prec: 0.7411, Rec: 0.4533, F1: 0.4747
        EarlyStopping counter: 28 / 30
[Epoch 49] Train Loss: 0.3094, Loss_s: 0.2968, Loss_u: 0.0490, Loss_sk: 0.0141, Mask: 0.7725, Acc: 0.9226, Prec: 0.7403, Rec: 0.5528, F1: 0.5913                                                                         
[Epoch 49] Val Loss: 0.3709, Acc: 0.9111, Prec: 0.7360, Rec: 0.4511, F1: 0.4771
        EarlyStopping counter: 29 / 30
[Epoch 50] Train Loss: 0.3087, Loss_s: 0.2960, Loss_u: 0.0496, Loss_sk: 0.0142, Mask: 0.7720, Acc: 0.9226, Prec: 0.7329, Rec: 0.5440, F1: 0.5835                                                                         
[Epoch 50] Val Loss: 0.3703, Acc: 0.9116, Prec: 0.7196, Rec: 0.4473, F1: 0.4804
        EarlyStopping counter: 30 / 30
Early stopping triggered...
Total training time: 93 min 41.25 sec
Loaded best model.
[Best Model Train] Loss: 0.3585, Acc: 0.9150, Prec: 0.7648, Rec: 0.4694, F1: 0.5049                                                                                                                                      
[Best Model Train] Classification Report:
              precision    recall  f1-score   support

           0     0.7565    0.1814    0.2926      3220
           1     0.6707    0.5385    0.5973       416
           2     0.6655    0.0982    0.1711      3891
           3     0.9349    0.8923    0.9131      7260
           4     0.5486    0.0356    0.0669      2694
           5     0.7550    0.8213    0.7867       649
           6     0.8387    0.0291    0.0562       894
           7     0.7955    0.6306    0.7035       111
           8     0.9183    0.9974    0.9562    110573

    accuracy                         0.9150    129708
   macro avg     0.7648    0.4694    0.5049    129708
weighted avg     0.8977    0.9150    0.8869    129708

[Best Model Train] Confusion Matrix:
[[   584     47     24     20     27     16      0      3   2499]
 [    39    224      8      9     27      5      2      1    101]
 [    30      7    382    214     18     46      0      7   3187]
 [     6      1     40   6478      0      7      1      0    727]
 [    90     35     53     10     96     10      2      4   2394]
 [    10      6     21      5      3    533      0      3     68]
 [     2      0      4     21      2      3     26      0    836]
 [     1      0     16      3      0     19      0     70      2]
 [    10     14     26    169      2     67      0      0 110285]]

[Best Model Validation] Loss: 0.3722, Acc: 0.9119, Prec: 0.7519, Rec: 0.4608, F1: 0.4903                                                                                                                                 
[Best Model Validation] Classification Report:
              precision    recall  f1-score   support

           0     0.6870    0.1227    0.2082       644
           1     0.7609    0.4217    0.5426        83
           2     0.5806    0.0925    0.1596       778
           3     0.9336    0.8815    0.9068      1452
           4     0.3793    0.0204    0.0388       538
           5     0.7797    0.7132    0.7449       129
           6     1.0000    0.0337    0.0652       178
           7     0.7308    0.8636    0.7917        22
           8     0.9152    0.9975    0.9545     22114

    accuracy                         0.9119     25938
   macro avg     0.7519    0.4608    0.4903     25938
weighted avg     0.8886    0.9119    0.8819     25938

[Best Model Validation] Confusion Matrix:
[[   79     6     4     5     5     5     0     2   538]
 [    6    35     4     0     8     3     0     1    26]
 [    6     0    72    40     3     9     0     3   645]
 [    0     1    11  1280     0     1     0     0   159]
 [   17     4    14     2    11     3     0     0   487]
 [    2     0     7     2     2    92     0     1    23]
 [    1     0     0     4     0     0     6     0   167]
 [    0     0     1     0     0     2     0    19     0]
 [    4     0    11    38     0     3     0     0 22058]]

[Test] Loss: 0.3691, Acc: 0.9133, Prec: 0.7589, Rec: 0.4492, F1: 0.4897                                                                                                                                                  
[Test] Classification Report:
              precision    recall  f1-score   support

           0     0.6667    0.1395    0.2308       430
           1     0.7037    0.3393    0.4578        56
           2     0.5952    0.0962    0.1656       520
           3     0.9567    0.8895    0.9218       968
           4     0.6154    0.0443    0.0827       361
           5     0.7792    0.6818    0.7273        88
           6     0.8333    0.0413    0.0787       121
           7     0.7647    0.8125    0.7879        16
           8     0.9155    0.9983    0.9551     14744

    accuracy                         0.9133     17304
   macro avg     0.7589    0.4492    0.4897     17304
weighted avg     0.8937    0.9133    0.8843     17304

[Test] Confusion Matrix:
[[   60     4     1     1     6     1     0     0   357]
 [    7    19     4     0     2     2     0     0    22]
 [    7     0    50    18     2     6     0     3   434]
 [    0     0    10   861     0     1     0     0    96]
 [   12     4    12     2    16     2     1     1   311]
 [    3     0     2     0     0    60     0     0    23]
 [    0     0     1     0     0     0     5     0   115]
 [    0     0     0     1     0     2     0    13     0]
 [    1     0     4    17     0     3     0     0 14719]]