## backbone unfreeze
## fc.classifier unfreeze

05/14/2026 09:59:50 - INFO - root -   train_labeled_dataset: 129708
05/14/2026 09:59:50 - INFO - root -   val_dataset: 25938
05/14/2026 09:59:50 - INFO - root -   test_dataset: 17304
05/14/2026 09:59:50 - INFO - root -   train_unlabeled_dataset: 638507
[Epoch 1] Train Loss: 0.1479, Loss_s: 0.1434, Loss_u: 0.0131, Loss_sk: 0.0097, Mask: 0.8553, Acc: 0.9561, Prec: 0.7143, Rec: 0.7053, F1: 0.6885                                                                   
[Epoch 1] Val Loss: 0.1020, Acc: 0.9666, Prec: 0.8858, Rec: 0.7773, F1: 0.8226
        Validation F1 improved → Saving model: ./checkpoints/best_model.pt
[Epoch 2] Train Loss: 0.0976, Loss_s: 0.0935, Loss_u: 0.0111, Loss_sk: 0.0091, Mask: 0.8795, Acc: 0.9682, Prec: 0.8344, Rec: 0.7893, F1: 0.8102                                                                   
[Epoch 2] Val Loss: 0.1027, Acc: 0.9701, Prec: 0.9083, Rec: 0.8032, F1: 0.8480
        Validation F1 improved → Saving model: ./checkpoints/best_model.pt
[Epoch 3] Train Loss: 0.0870, Loss_s: 0.0841, Loss_u: 0.0075, Loss_sk: 0.0072, Mask: 0.8939, Acc: 0.9709, Prec: 0.8615, Rec: 0.8156, F1: 0.8371                                                                   
[Epoch 3] Val Loss: 0.0948, Acc: 0.9715, Prec: 0.8811, Rec: 0.8273, F1: 0.8447
        EarlyStopping counter: 1 / 20
[Epoch 4] Train Loss: 0.0823, Loss_s: 0.0795, Loss_u: 0.0072, Loss_sk: 0.0069, Mask: 0.8980, Acc: 0.9726, Prec: 0.8634, Rec: 0.8318, F1: 0.8465                                                                   
[Epoch 4] Val Loss: 0.0972, Acc: 0.9681, Prec: 0.8043, Rec: 0.8461, F1: 0.8048
        EarlyStopping counter: 2 / 20
[Epoch 5] Train Loss: 0.0793, Loss_s: 0.0766, Loss_u: 0.0069, Loss_sk: 0.0066, Mask: 0.9031, Acc: 0.9732, Prec: 0.8756, Rec: 0.8366, F1: 0.8550                                                                   
[Epoch 5] Val Loss: 0.0864, Acc: 0.9728, Prec: 0.9090, Rec: 0.8161, F1: 0.8553
        Validation F1 improved → Saving model: ./checkpoints/best_model.pt
[Epoch 6] Train Loss: 0.0783, Loss_s: 0.0759, Loss_u: 0.0059, Loss_sk: 0.0060, Mask: 0.9009, Acc: 0.9732, Prec: 0.8777, Rec: 0.8400, F1: 0.8579                                                                   
[Epoch 6] Val Loss: 0.1021, Acc: 0.9708, Prec: 0.8960, Rec: 0.7921, F1: 0.8280
        EarlyStopping counter: 1 / 20
[Epoch 7] Train Loss: 0.0778, Loss_s: 0.0754, Loss_u: 0.0063, Loss_sk: 0.0061, Mask: 0.9056, Acc: 0.9736, Prec: 0.8788, Rec: 0.8410, F1: 0.8588                                                                   
[Epoch 7] Val Loss: 0.0874, Acc: 0.9737, Prec: 0.8683, Rec: 0.8706, F1: 0.8636
        Validation F1 improved → Saving model: ./checkpoints/best_model.pt
[Epoch 8] Train Loss: 0.0752, Loss_s: 0.0728, Loss_u: 0.0059, Loss_sk: 0.0059, Mask: 0.9059, Acc: 0.9738, Prec: 0.8752, Rec: 0.8425, F1: 0.8580                                                                   
[Epoch 8] Val Loss: 0.0971, Acc: 0.9701, Prec: 0.8967, Rec: 0.8248, F1: 0.8528
        EarlyStopping counter: 1 / 20
[Epoch 9] Train Loss: 0.0739, Loss_s: 0.0716, Loss_u: 0.0058, Loss_sk: 0.0060, Mask: 0.9095, Acc: 0.9749, Prec: 0.8872, Rec: 0.8516, F1: 0.8684                                                                   
[Epoch 9] Val Loss: 0.0883, Acc: 0.9702, Prec: 0.8730, Rec: 0.8379, F1: 0.8490
        EarlyStopping counter: 2 / 20
[Epoch 10] Train Loss: 0.0733, Loss_s: 0.0711, Loss_u: 0.0053, Loss_sk: 0.0056, Mask: 0.9093, Acc: 0.9747, Prec: 0.8840, Rec: 0.8504, F1: 0.8664                                                                  
[Epoch 10] Val Loss: 0.0853, Acc: 0.9739, Prec: 0.9166, Rec: 0.8259, F1: 0.8619
        EarlyStopping counter: 3 / 20
[Epoch 11] Train Loss: 0.0714, Loss_s: 0.0694, Loss_u: 0.0047, Loss_sk: 0.0051, Mask: 0.9101, Acc: 0.9754, Prec: 0.8868, Rec: 0.8536, F1: 0.8694                                                                  
[Epoch 11] Val Loss: 0.0977, Acc: 0.9702, Prec: 0.8991, Rec: 0.8124, F1: 0.8493
        EarlyStopping counter: 4 / 20
[Epoch 12] Train Loss: 0.0713, Loss_s: 0.0692, Loss_u: 0.0050, Loss_sk: 0.0053, Mask: 0.9122, Acc: 0.9754, Prec: 0.8885, Rec: 0.8581, F1: 0.8726                                                                  
[Epoch 12] Val Loss: 0.0953, Acc: 0.9695, Prec: 0.9061, Rec: 0.7980, F1: 0.8380
        EarlyStopping counter: 5 / 20
[Epoch 13] Train Loss: 0.0693, Loss_s: 0.0673, Loss_u: 0.0048, Loss_sk: 0.0050, Mask: 0.9109, Acc: 0.9763, Prec: 0.8938, Rec: 0.8591, F1: 0.8756                                                                  
[Epoch 13] Val Loss: 0.0776, Acc: 0.9746, Prec: 0.9057, Rec: 0.8502, F1: 0.8720
        Validation F1 improved → Saving model: ./checkpoints/best_model.pt
[Epoch 14] Train Loss: 0.0696, Loss_s: 0.0676, Loss_u: 0.0050, Loss_sk: 0.0053, Mask: 0.9096, Acc: 0.9758, Prec: 0.8909, Rec: 0.8579, F1: 0.8736                                                                  
[Epoch 14] Val Loss: 0.0809, Acc: 0.9743, Prec: 0.9165, Rec: 0.8273, F1: 0.8622
        EarlyStopping counter: 1 / 20
[Epoch 15] Train Loss: 0.0685, Loss_s: 0.0666, Loss_u: 0.0046, Loss_sk: 0.0050, Mask: 0.9134, Acc: 0.9765, Prec: 0.8910, Rec: 0.8577, F1: 0.8736                                                                  
[Epoch 15] Val Loss: 0.0786, Acc: 0.9728, Prec: 0.9112, Rec: 0.8218, F1: 0.8569
        EarlyStopping counter: 2 / 20
[Epoch 16] Train Loss: 0.0676, Loss_s: 0.0659, Loss_u: 0.0041, Loss_sk: 0.0046, Mask: 0.9133, Acc: 0.9765, Prec: 0.8975, Rec: 0.8605, F1: 0.8781                                                                  
[Epoch 16] Val Loss: 0.0721, Acc: 0.9747, Prec: 0.9081, Rec: 0.8446, F1: 0.8710
        EarlyStopping counter: 3 / 20
[Epoch 17] Train Loss: 0.0673, Loss_s: 0.0656, Loss_u: 0.0040, Loss_sk: 0.0045, Mask: 0.9113, Acc: 0.9769, Prec: 0.8974, Rec: 0.8651, F1: 0.8805                                                                  
[Epoch 17] Val Loss: 0.0900, Acc: 0.9699, Prec: 0.8822, Rec: 0.8126, F1: 0.8375
        EarlyStopping counter: 4 / 20
[Epoch 18] Train Loss: 0.0655, Loss_s: 0.0638, Loss_u: 0.0040, Loss_sk: 0.0046, Mask: 0.9169, Acc: 0.9771, Prec: 0.8959, Rec: 0.8648, F1: 0.8797                                                                  
[Epoch 18] Val Loss: 0.0998, Acc: 0.9707, Prec: 0.8899, Rec: 0.8266, F1: 0.8470
        EarlyStopping counter: 5 / 20
[Epoch 19] Train Loss: 0.0650, Loss_s: 0.0631, Loss_u: 0.0045, Loss_sk: 0.0047, Mask: 0.9165, Acc: 0.9774, Prec: 0.8999, Rec: 0.8733, F1: 0.8859                                                                  
[Epoch 19] Val Loss: 0.0835, Acc: 0.9720, Prec: 0.8900, Rec: 0.8375, F1: 0.8520
        EarlyStopping counter: 6 / 20
[Epoch 20] Train Loss: 0.0641, Loss_s: 0.0622, Loss_u: 0.0044, Loss_sk: 0.0047, Mask: 0.9171, Acc: 0.9775, Prec: 0.9016, Rec: 0.8688, F1: 0.8844                                                                  
[Epoch 20] Val Loss: 0.0713, Acc: 0.9759, Prec: 0.9030, Rec: 0.8589, F1: 0.8765
        Validation F1 improved → Saving model: ./checkpoints/best_model.pt
[Epoch 21] Train Loss: 0.0630, Loss_s: 0.0612, Loss_u: 0.0043, Loss_sk: 0.0048, Mask: 0.9188, Acc: 0.9779, Prec: 0.9068, Rec: 0.8775, F1: 0.8915                                                                  
[Epoch 21] Val Loss: 0.0899, Acc: 0.9713, Prec: 0.9145, Rec: 0.8184, F1: 0.8565
        EarlyStopping counter: 1 / 20
[Epoch 22] Train Loss: 0.0629, Loss_s: 0.0613, Loss_u: 0.0036, Loss_sk: 0.0043, Mask: 0.9183, Acc: 0.9775, Prec: 0.8977, Rec: 0.8683, F1: 0.8824                                                                  
[Epoch 22] Val Loss: 0.0607, Acc: 0.9781, Prec: 0.9128, Rec: 0.8623, F1: 0.8825
        Validation F1 improved → Saving model: ./checkpoints/best_model.pt
[Epoch 23] Train Loss: 0.0623, Loss_s: 0.0605, Loss_u: 0.0045, Loss_sk: 0.0048, Mask: 0.9193, Acc: 0.9782, Prec: 0.9065, Rec: 0.8745, F1: 0.8899                                                                  
[Epoch 23] Val Loss: 0.0694, Acc: 0.9774, Prec: 0.8934, Rec: 0.8698, F1: 0.8762
        EarlyStopping counter: 1 / 20
[Epoch 24] Train Loss: 0.0625, Loss_s: 0.0608, Loss_u: 0.0039, Loss_sk: 0.0043, Mask: 0.9168, Acc: 0.9780, Prec: 0.9016, Rec: 0.8760, F1: 0.8880                                                                  
[Epoch 24] Val Loss: 0.0673, Acc: 0.9769, Prec: 0.9063, Rec: 0.8556, F1: 0.8724
        EarlyStopping counter: 2 / 20
[Epoch 25] Train Loss: 0.0607, Loss_s: 0.0589, Loss_u: 0.0044, Loss_sk: 0.0046, Mask: 0.9188, Acc: 0.9788, Prec: 0.9042, Rec: 0.8769, F1: 0.8899                                                                  
[Epoch 25] Val Loss: 0.0781, Acc: 0.9741, Prec: 0.9277, Rec: 0.8285, F1: 0.8687
        EarlyStopping counter: 3 / 20
[Epoch 26] Train Loss: 0.0612, Loss_s: 0.0595, Loss_u: 0.0038, Loss_sk: 0.0045, Mask: 0.9174, Acc: 0.9784, Prec: 0.9091, Rec: 0.8781, F1: 0.8929                                                                  
[Epoch 26] Val Loss: 0.0788, Acc: 0.9728, Prec: 0.9107, Rec: 0.8347, F1: 0.8655
        EarlyStopping counter: 4 / 20
[Epoch 27] Train Loss: 0.0602, Loss_s: 0.0585, Loss_u: 0.0041, Loss_sk: 0.0044, Mask: 0.9167, Acc: 0.9787, Prec: 0.9086, Rec: 0.8790, F1: 0.8931                                                                  
[Epoch 27] Val Loss: 0.0701, Acc: 0.9751, Prec: 0.8905, Rec: 0.8453, F1: 0.8620
        EarlyStopping counter: 5 / 20
[Epoch 28] Train Loss: 0.0600, Loss_s: 0.0584, Loss_u: 0.0039, Loss_sk: 0.0045, Mask: 0.9174, Acc: 0.9790, Prec: 0.9097, Rec: 0.8829, F1: 0.8956                                                                  
[Epoch 28] Val Loss: 0.0994, Acc: 0.9700, Prec: 0.9211, Rec: 0.8020, F1: 0.8487
        EarlyStopping counter: 6 / 20
[Epoch 29] Train Loss: 0.0590, Loss_s: 0.0572, Loss_u: 0.0044, Loss_sk: 0.0046, Mask: 0.9178, Acc: 0.9789, Prec: 0.9068, Rec: 0.8759, F1: 0.8907                                                                  
[Epoch 29] Val Loss: 0.0876, Acc: 0.9713, Prec: 0.9111, Rec: 0.8287, F1: 0.8564
        EarlyStopping counter: 7 / 20
[Epoch 30] Train Loss: 0.0589, Loss_s: 0.0572, Loss_u: 0.0038, Loss_sk: 0.0044, Mask: 0.9182, Acc: 0.9791, Prec: 0.9132, Rec: 0.8889, F1: 0.9003                                                                  
[Epoch 30] Val Loss: 0.0825, Acc: 0.9720, Prec: 0.8886, Rec: 0.8241, F1: 0.8432
        EarlyStopping counter: 8 / 20
[Epoch 31] Train Loss: 0.0587, Loss_s: 0.0571, Loss_u: 0.0039, Loss_sk: 0.0044, Mask: 0.9186, Acc: 0.9794, Prec: 0.9162, Rec: 0.8861, F1: 0.9005                                                                  
[Epoch 31] Val Loss: 0.0829, Acc: 0.9716, Prec: 0.8962, Rec: 0.8359, F1: 0.8563
        EarlyStopping counter: 9 / 20
[Epoch 32] Train Loss: 0.0584, Loss_s: 0.0567, Loss_u: 0.0040, Loss_sk: 0.0044, Mask: 0.9198, Acc: 0.9794, Prec: 0.9111, Rec: 0.8827, F1: 0.8962                                                                  
[Epoch 32] Val Loss: 0.0815, Acc: 0.9737, Prec: 0.9183, Rec: 0.8314, F1: 0.8673
        EarlyStopping counter: 10 / 20
[Epoch 33] Train Loss: 0.0582, Loss_s: 0.0564, Loss_u: 0.0041, Loss_sk: 0.0045, Mask: 0.9194, Acc: 0.9794, Prec: 0.9131, Rec: 0.8858, F1: 0.8989                                                                  
[Epoch 33] Val Loss: 0.0755, Acc: 0.9746, Prec: 0.9120, Rec: 0.8450, F1: 0.8699
        EarlyStopping counter: 11 / 20
[Epoch 34] Train Loss: 0.0576, Loss_s: 0.0558, Loss_u: 0.0041, Loss_sk: 0.0046, Mask: 0.9191, Acc: 0.9794, Prec: 0.9087, Rec: 0.8829, F1: 0.8953                                                                  
[Epoch 34] Val Loss: 0.0784, Acc: 0.9734, Prec: 0.9140, Rec: 0.8199, F1: 0.8610
        EarlyStopping counter: 12 / 20
[Epoch 35] Train Loss: 0.0572, Loss_s: 0.0556, Loss_u: 0.0038, Loss_sk: 0.0043, Mask: 0.9204, Acc: 0.9800, Prec: 0.9148, Rec: 0.8874, F1: 0.9005                                                                  
[Epoch 35] Val Loss: 0.0730, Acc: 0.9759, Prec: 0.9232, Rec: 0.8415, F1: 0.8763
        EarlyStopping counter: 13 / 20
[Epoch 36] Train Loss: 0.0569, Loss_s: 0.0551, Loss_u: 0.0042, Loss_sk: 0.0046, Mask: 0.9210, Acc: 0.9800, Prec: 0.9170, Rec: 0.8878, F1: 0.9017                                                                  
[Epoch 36] Val Loss: 0.0782, Acc: 0.9754, Prec: 0.9228, Rec: 0.8254, F1: 0.8662
        EarlyStopping counter: 14 / 20
[Epoch 37] Train Loss: 0.0569, Loss_s: 0.0552, Loss_u: 0.0040, Loss_sk: 0.0045, Mask: 0.9217, Acc: 0.9798, Prec: 0.9111, Rec: 0.8916, F1: 0.9009                                                                  
[Epoch 37] Val Loss: 0.0933, Acc: 0.9731, Prec: 0.9181, Rec: 0.8134, F1: 0.8553
        EarlyStopping counter: 15 / 20
[Epoch 38] Train Loss: 0.0561, Loss_s: 0.0545, Loss_u: 0.0036, Loss_sk: 0.0044, Mask: 0.9223, Acc: 0.9801, Prec: 0.9122, Rec: 0.8874, F1: 0.8992                                                                  
[Epoch 38] Val Loss: 0.0728, Acc: 0.9757, Prec: 0.9062, Rec: 0.8573, F1: 0.8768
        EarlyStopping counter: 16 / 20
[Epoch 39] Train Loss: 0.0560, Loss_s: 0.0542, Loss_u: 0.0041, Loss_sk: 0.0046, Mask: 0.9209, Acc: 0.9804, Prec: 0.9142, Rec: 0.8894, F1: 0.9012                                                                  
[Epoch 39] Val Loss: 0.0710, Acc: 0.9773, Prec: 0.9028, Rec: 0.8709, F1: 0.8821
        EarlyStopping counter: 17 / 20
[Epoch 40] Train Loss: 0.0555, Loss_s: 0.0537, Loss_u: 0.0043, Loss_sk: 0.0046, Mask: 0.9204, Acc: 0.9804, Prec: 0.9180, Rec: 0.8903, F1: 0.9037                                                                  
[Epoch 40] Val Loss: 0.0624, Acc: 0.9788, Prec: 0.9091, Rec: 0.8732, F1: 0.8876
        Validation F1 improved → Saving model: ./checkpoints/best_model.pt
[Epoch 41] Train Loss: 0.0552, Loss_s: 0.0536, Loss_u: 0.0038, Loss_sk: 0.0044, Mask: 0.9218, Acc: 0.9803, Prec: 0.9166, Rec: 0.8918, F1: 0.9037                                                                  
[Epoch 41] Val Loss: 0.0695, Acc: 0.9769, Prec: 0.9146, Rec: 0.8632, F1: 0.8838
        EarlyStopping counter: 1 / 20
[Epoch 42] Train Loss: 0.0550, Loss_s: 0.0532, Loss_u: 0.0042, Loss_sk: 0.0045, Mask: 0.9204, Acc: 0.9803, Prec: 0.9133, Rec: 0.8909, F1: 0.9016                                                                  
[Epoch 42] Val Loss: 0.0843, Acc: 0.9729, Prec: 0.9217, Rec: 0.8289, F1: 0.8662
        EarlyStopping counter: 2 / 20
[Epoch 43] Train Loss: 0.0550, Loss_s: 0.0533, Loss_u: 0.0039, Loss_sk: 0.0045, Mask: 0.9204, Acc: 0.9802, Prec: 0.9130, Rec: 0.8913, F1: 0.9017                                                                  
[Epoch 43] Val Loss: 0.0840, Acc: 0.9736, Prec: 0.9092, Rec: 0.8202, F1: 0.8521
        EarlyStopping counter: 3 / 20
[Epoch 44] Train Loss: 0.0545, Loss_s: 0.0528, Loss_u: 0.0041, Loss_sk: 0.0045, Mask: 0.9213, Acc: 0.9808, Prec: 0.9206, Rec: 0.8927, F1: 0.9062                                                                  
[Epoch 44] Val Loss: 0.0739, Acc: 0.9760, Prec: 0.8894, Rec: 0.8515, F1: 0.8612
        EarlyStopping counter: 4 / 20
[Epoch 45] Train Loss: 0.0544, Loss_s: 0.0526, Loss_u: 0.0041, Loss_sk: 0.0046, Mask: 0.9217, Acc: 0.9807, Prec: 0.9191, Rec: 0.8967, F1: 0.9074                                                                  
[Epoch 45] Val Loss: 0.0742, Acc: 0.9747, Prec: 0.9146, Rec: 0.8447, F1: 0.8734
        EarlyStopping counter: 5 / 20
[Epoch 46] Train Loss: 0.0536, Loss_s: 0.0520, Loss_u: 0.0036, Loss_sk: 0.0043, Mask: 0.9231, Acc: 0.9808, Prec: 0.9185, Rec: 0.8941, F1: 0.9058                                                                  
[Epoch 46] Val Loss: 0.0764, Acc: 0.9747, Prec: 0.9123, Rec: 0.8403, F1: 0.8699
        EarlyStopping counter: 6 / 20
[Epoch 47] Train Loss: 0.0543, Loss_s: 0.0527, Loss_u: 0.0038, Loss_sk: 0.0045, Mask: 0.9215, Acc: 0.9805, Prec: 0.9192, Rec: 0.8894, F1: 0.9038                                                                  
[Epoch 47] Val Loss: 0.0825, Acc: 0.9746, Prec: 0.9084, Rec: 0.8415, F1: 0.8680
        EarlyStopping counter: 7 / 20
[Epoch 48] Train Loss: 0.0539, Loss_s: 0.0521, Loss_u: 0.0041, Loss_sk: 0.0046, Mask: 0.9227, Acc: 0.9804, Prec: 0.9186, Rec: 0.8927, F1: 0.9051                                                                  
[Epoch 48] Val Loss: 0.0676, Acc: 0.9768, Prec: 0.9114, Rec: 0.8572, F1: 0.8796
        EarlyStopping counter: 8 / 20
[Epoch 49] Train Loss: 0.0532, Loss_s: 0.0515, Loss_u: 0.0040, Loss_sk: 0.0045, Mask: 0.9220, Acc: 0.9809, Prec: 0.9180, Rec: 0.8983, F1: 0.9076                                                                  
[Epoch 49] Val Loss: 0.0718, Acc: 0.9765, Prec: 0.9213, Rec: 0.8497, F1: 0.8795
        EarlyStopping counter: 9 / 20
[Epoch 50] Train Loss: 0.0527, Loss_s: 0.0509, Loss_u: 0.0042, Loss_sk: 0.0046, Mask: 0.9218, Acc: 0.9812, Prec: 0.9237, Rec: 0.8964, F1: 0.9095                                                                  
[Epoch 50] Val Loss: 0.0680, Acc: 0.9776, Prec: 0.9144, Rec: 0.8718, F1: 0.8878
        Validation F1 improved → Saving model: ./checkpoints/best_model.pt
[Epoch 51] Train Loss: 0.0532, Loss_s: 0.0516, Loss_u: 0.0036, Loss_sk: 0.0044, Mask: 0.9224, Acc: 0.9810, Prec: 0.9251, Rec: 0.8986, F1: 0.9113                                                                  
[Epoch 51] Val Loss: 0.0794, Acc: 0.9738, Prec: 0.9118, Rec: 0.8336, F1: 0.8635
        EarlyStopping counter: 1 / 20
[Epoch 52] Train Loss: 0.0523, Loss_s: 0.0507, Loss_u: 0.0037, Loss_sk: 0.0045, Mask: 0.9229, Acc: 0.9812, Prec: 0.9228, Rec: 0.8982, F1: 0.9101                                                                  
[Epoch 52] Val Loss: 0.0896, Acc: 0.9712, Prec: 0.8945, Rec: 0.8077, F1: 0.8372
        EarlyStopping counter: 2 / 20
[Epoch 53] Train Loss: 0.0527, Loss_s: 0.0510, Loss_u: 0.0040, Loss_sk: 0.0045, Mask: 0.9221, Acc: 0.9812, Prec: 0.9220, Rec: 0.8953, F1: 0.9082                                                                  
[Epoch 53] Val Loss: 0.0614, Acc: 0.9780, Prec: 0.9110, Rec: 0.8694, F1: 0.8841
        EarlyStopping counter: 3 / 20
[Epoch 54] Train Loss: 0.0524, Loss_s: 0.0507, Loss_u: 0.0038, Loss_sk: 0.0044, Mask: 0.9203, Acc: 0.9817, Prec: 0.9253, Rec: 0.9006, F1: 0.9124                                                                  
[Epoch 54] Val Loss: 0.0756, Acc: 0.9760, Prec: 0.9191, Rec: 0.8514, F1: 0.8785
        EarlyStopping counter: 4 / 20
[Epoch 55] Train Loss: 0.0525, Loss_s: 0.0508, Loss_u: 0.0039, Loss_sk: 0.0045, Mask: 0.9216, Acc: 0.9809, Prec: 0.9225, Rec: 0.8947, F1: 0.9081                                                                  
[Epoch 55] Val Loss: 0.0763, Acc: 0.9740, Prec: 0.9020, Rec: 0.8511, F1: 0.8695
        EarlyStopping counter: 5 / 20
[Epoch 56] Train Loss: 0.0516, Loss_s: 0.0498, Loss_u: 0.0041, Loss_sk: 0.0047, Mask: 0.9235, Acc: 0.9814, Prec: 0.9229, Rec: 0.8987, F1: 0.9104                                                                  
[Epoch 56] Val Loss: 0.0867, Acc: 0.9720, Prec: 0.9213, Rec: 0.8179, F1: 0.8588
        EarlyStopping counter: 6 / 20
[Epoch 57] Train Loss: 0.0508, Loss_s: 0.0492, Loss_u: 0.0038, Loss_sk: 0.0045, Mask: 0.9242, Acc: 0.9816, Prec: 0.9252, Rec: 0.8991, F1: 0.9117                                                                  
[Epoch 57] Val Loss: 0.0689, Acc: 0.9773, Prec: 0.9032, Rec: 0.8797, F1: 0.8857
        EarlyStopping counter: 7 / 20
[Epoch 58] Train Loss: 0.0514, Loss_s: 0.0496, Loss_u: 0.0042, Loss_sk: 0.0047, Mask: 0.9237, Acc: 0.9819, Prec: 0.9261, Rec: 0.9050, F1: 0.9151                                                                  
[Epoch 58] Val Loss: 0.0799, Acc: 0.9744, Prec: 0.9117, Rec: 0.8428, F1: 0.8718
        EarlyStopping counter: 8 / 20
[Epoch 59] Train Loss: 0.0509, Loss_s: 0.0493, Loss_u: 0.0039, Loss_sk: 0.0044, Mask: 0.9240, Acc: 0.9818, Prec: 0.9243, Rec: 0.9023, F1: 0.9128                                                                  
[Epoch 59] Val Loss: 0.0766, Acc: 0.9749, Prec: 0.9255, Rec: 0.8373, F1: 0.8734
        EarlyStopping counter: 9 / 20
[Epoch 60] Train Loss: 0.0505, Loss_s: 0.0488, Loss_u: 0.0038, Loss_sk: 0.0045, Mask: 0.9260, Acc: 0.9819, Prec: 0.9250, Rec: 0.9039, F1: 0.9141                                                                  
[Epoch 60] Val Loss: 0.0760, Acc: 0.9749, Prec: 0.9219, Rec: 0.8382, F1: 0.8698
        EarlyStopping counter: 10 / 20
[Epoch 61] Train Loss: 0.0500, Loss_s: 0.0483, Loss_u: 0.0041, Loss_sk: 0.0045, Mask: 0.9255, Acc: 0.9818, Prec: 0.9248, Rec: 0.9045, F1: 0.9142                                                                  
[Epoch 61] Val Loss: 0.0683, Acc: 0.9772, Prec: 0.9125, Rec: 0.8647, F1: 0.8832
        EarlyStopping counter: 11 / 20
[Epoch 62] Train Loss: 0.0495, Loss_s: 0.0478, Loss_u: 0.0040, Loss_sk: 0.0044, Mask: 0.9252, Acc: 0.9820, Prec: 0.9270, Rec: 0.9058, F1: 0.9160                                                                  
[Epoch 62] Val Loss: 0.0789, Acc: 0.9740, Prec: 0.9153, Rec: 0.8241, F1: 0.8594
        EarlyStopping counter: 12 / 20
[Epoch 63] Train Loss: 0.0495, Loss_s: 0.0478, Loss_u: 0.0040, Loss_sk: 0.0046, Mask: 0.9263, Acc: 0.9822, Prec: 0.9294, Rec: 0.9036, F1: 0.9161                                                                  
[Epoch 63] Val Loss: 0.0818, Acc: 0.9742, Prec: 0.9294, Rec: 0.8293, F1: 0.8719
        EarlyStopping counter: 13 / 20
[Epoch 64] Train Loss: 0.0492, Loss_s: 0.0475, Loss_u: 0.0040, Loss_sk: 0.0046, Mask: 0.9265, Acc: 0.9823, Prec: 0.9290, Rec: 0.9062, F1: 0.9173                                                                  
[Epoch 64] Val Loss: 0.0700, Acc: 0.9773, Prec: 0.9264, Rec: 0.8475, F1: 0.8823
        EarlyStopping counter: 14 / 20
[Epoch 65] Train Loss: 0.0495, Loss_s: 0.0478, Loss_u: 0.0041, Loss_sk: 0.0046, Mask: 0.9255, Acc: 0.9819, Prec: 0.9272, Rec: 0.9042, F1: 0.9154                                                                  
[Epoch 65] Val Loss: 0.0708, Acc: 0.9761, Prec: 0.9249, Rec: 0.8464, F1: 0.8798
        EarlyStopping counter: 15 / 20
[Epoch 66] Train Loss: 0.0490, Loss_s: 0.0473, Loss_u: 0.0038, Loss_sk: 0.0045, Mask: 0.9264, Acc: 0.9821, Prec: 0.9273, Rec: 0.9052, F1: 0.9158                                                                  
[Epoch 66] Val Loss: 0.0759, Acc: 0.9755, Prec: 0.9140, Rec: 0.8474, F1: 0.8747
        EarlyStopping counter: 16 / 20
[Epoch 67] Train Loss: 0.0489, Loss_s: 0.0472, Loss_u: 0.0040, Loss_sk: 0.0045, Mask: 0.9246, Acc: 0.9823, Prec: 0.9291, Rec: 0.9076, F1: 0.9180                                                                  
[Epoch 67] Val Loss: 0.0807, Acc: 0.9737, Prec: 0.9283, Rec: 0.8258, F1: 0.8665
        EarlyStopping counter: 17 / 20
[Epoch 68] Train Loss: 0.0489, Loss_s: 0.0474, Loss_u: 0.0036, Loss_sk: 0.0043, Mask: 0.9267, Acc: 0.9823, Prec: 0.9283, Rec: 0.9084, F1: 0.9179                                                                  
[Epoch 68] Val Loss: 0.0778, Acc: 0.9767, Prec: 0.9261, Rec: 0.8475, F1: 0.8817
        EarlyStopping counter: 18 / 20
[Epoch 69] Train Loss: 0.0491, Loss_s: 0.0473, Loss_u: 0.0042, Loss_sk: 0.0046, Mask: 0.9251, Acc: 0.9821, Prec: 0.9329, Rec: 0.9088, F1: 0.9204                                                                  
[Epoch 69] Val Loss: 0.0839, Acc: 0.9734, Prec: 0.9141, Rec: 0.8311, F1: 0.8647
        EarlyStopping counter: 19 / 20
[Epoch 70] Train Loss: 0.0485, Loss_s: 0.0468, Loss_u: 0.0040, Loss_sk: 0.0045, Mask: 0.9265, Acc: 0.9825, Prec: 0.9325, Rec: 0.9063, F1: 0.9190                                                                  
[Epoch 70] Val Loss: 0.0771, Acc: 0.9763, Prec: 0.9133, Rec: 0.8574, F1: 0.8795
        EarlyStopping counter: 20 / 20
Early stopping triggered...
Total training time: 112 min 19.20 sec
Loaded best model.
[Best Model Train] Loss: 0.0657, Acc: 0.9768, Prec: 0.9276, Rec: 0.8726, F1: 0.8957                                                                                                                               
[Best Model Train] Classification Report:
              precision    recall  f1-score   support

           0     0.9786    0.8792    0.9262      3220
           1     0.8804    0.9736    0.9247       416
           2     0.9521    0.7155    0.8170      3891
           3     0.9575    0.9924    0.9746      7260
           4     0.8391    0.7413    0.7872      2694
           5     0.9890    0.8320    0.9038       649
           6     0.8594    0.7315    0.7903       894
           7     0.9091    0.9910    0.9483       111
           8     0.9829    0.9964    0.9896    110573

    accuracy                         0.9768    129708
   macro avg     0.9276    0.8726    0.8957    129708
weighted avg     0.9762    0.9768    0.9758    129708

[Best Model Train] Confusion Matrix:
[[  2831      9      2      1     26      0      1      0    350]
 [     1    405      2      2      6      0      0      0      0]
 [     4      3   2784    185    175      2      2      1    735]
 [     0      0      6   7205      1      0      0      0     48]
 [    26     25     34      2   1997      0     51      0    559]
 [    10      7     24     12     20    540      1     10     25]
 [     0      3      5      1     29      0    654      0    202]
 [     1      0      0      0      0      0      0    110      0]
 [    20      8     67    117    126      4     52      0 110179]]

[Best Model Validation] Loss: 0.0680, Acc: 0.9776, Prec: 0.9144, Rec: 0.8718, F1: 0.8878                                                                                                                          
[Best Model Validation] Classification Report:
              precision    recall  f1-score   support

           0     0.9823    0.8634    0.9190       644
           1     0.7822    0.9518    0.8587        83
           2     0.9673    0.7224    0.8271       778
           3     0.9538    0.9945    0.9737      1452
           4     0.8379    0.7398    0.7858       538
           5     1.0000    0.7907    0.8831       129
           6     0.8046    0.7865    0.7955       178
           7     0.9167    1.0000    0.9565        22
           8     0.9846    0.9973    0.9909     22114

    accuracy                         0.9776     25938
   macro avg     0.9144    0.8718    0.8878     25938
weighted avg     0.9774    0.9776    0.9767     25938

[Best Model Validation] Confusion Matrix:
[[  556     6     0     0     4     0     1     0    77]
 [    0    79     0     0     4     0     0     0     0]
 [    1     0   562    47    43     0     2     0   123]
 [    0     0     4  1444     0     0     0     0     4]
 [    4     8     5     0   398     0    19     0   104]
 [    2     5     4     1     7   102     0     2     6]
 [    0     0     2     0     4     0   140     0    32]
 [    0     0     0     0     0     0     0    22     0]
 [    3     3     4    22    15     0    12     0 22055]]

[Test] Loss: 0.0638, Acc: 0.9772, Prec: 0.9255, Rec: 0.8580, F1: 0.8872                                                                                                                                           
[Test] Classification Report:
              precision    recall  f1-score   support

           0     0.9663    0.8674    0.9142       430
           1     0.7937    0.8929    0.8403        56
           2     0.9466    0.7154    0.8149       520
           3     0.9650    0.9959    0.9802       968
           4     0.8746    0.7729    0.8206       361
           5     0.9867    0.8409    0.9080        88
           6     0.8763    0.7025    0.7798       121
           7     0.9375    0.9375    0.9375        16
           8     0.9827    0.9968    0.9897     14744

    accuracy                         0.9772     17304
   macro avg     0.9255    0.8580    0.8872     17304
weighted avg     0.9766    0.9772    0.9761     17304

[Test] Confusion Matrix:
[[  373     1     0     0     4     0     0     0    52]
 [    0    50     0     0     6     0     0     0     0]
 [    0     1   372    25    18     0     2     1   101]
 [    0     0     1   964     0     0     0     0     3]
 [    5     6     5     0   279     0     2     0    64]
 [    1     2     4     0     2    74     0     0     5]
 [    0     1     0     0     1     0    85     0    34]
 [    0     0     0     0     0     1     0    15     0]
 [    7     2    11    10     9     0     8     0 14697]]