## backbone freeze
## layer3, layer4 unfreeze
## fc.classifier unfreeze


05/15/2026 11:11:56 - INFO - root -   train_labeled_dataset: 129708
05/15/2026 11:11:56 - INFO - root -   val_dataset: 25938
05/15/2026 11:11:56 - INFO - root -   test_dataset: 17304
05/15/2026 11:11:56 - INFO - root -   train_unlabeled_dataset: 638507
[Epoch 1] Train Loss: 0.1614, Loss_s: 0.1545, Loss_u: 0.0192, Loss_sk: 0.0155, Mask: 0.8313, Acc: 0.9531, Prec: 0.7071, Rec: 0.6882, F1: 0.6729                                                                              
[Epoch 1] Val Loss: 0.1213, Acc: 0.9615, Prec: 0.8571, Rec: 0.7637, F1: 0.7954
        Validation F1 improved → Saving model: ./checkpoints/best_model.pt
[Epoch 2] Train Loss: 0.1101, Loss_s: 0.1041, Loss_u: 0.0156, Loss_sk: 0.0146, Mask: 0.8544, Acc: 0.9655, Prec: 0.8360, Rec: 0.7723, F1: 0.8009                                                                              
[Epoch 2] Val Loss: 0.1101, Acc: 0.9664, Prec: 0.9058, Rec: 0.7803, F1: 0.8294
        Validation F1 improved → Saving model: ./checkpoints/best_model.pt
[Epoch 3] Train Loss: 0.0978, Loss_s: 0.0930, Loss_u: 0.0115, Loss_sk: 0.0121, Mask: 0.8647, Acc: 0.9688, Prec: 0.8572, Rec: 0.8083, F1: 0.8305                                                                              
[Epoch 3] Val Loss: 0.1101, Acc: 0.9679, Prec: 0.9030, Rec: 0.7963, F1: 0.8343
        Validation F1 improved → Saving model: ./checkpoints/best_model.pt
[Epoch 4] Train Loss: 0.0947, Loss_s: 0.0905, Loss_u: 0.0102, Loss_sk: 0.0107, Mask: 0.8732, Acc: 0.9694, Prec: 0.8598, Rec: 0.8115, F1: 0.8331                                                                              
[Epoch 4] Val Loss: 0.0948, Acc: 0.9685, Prec: 0.8245, Rec: 0.7895, F1: 0.7802
        EarlyStopping counter: 1 / 20
[Epoch 5] Train Loss: 0.0902, Loss_s: 0.0858, Loss_u: 0.0107, Loss_sk: 0.0113, Mask: 0.8726, Acc: 0.9707, Prec: 0.8700, Rec: 0.8236, F1: 0.8448                                                                              
[Epoch 5] Val Loss: 0.1027, Acc: 0.9679, Prec: 0.9093, Rec: 0.7865, F1: 0.8296
        EarlyStopping counter: 2 / 20
[Epoch 6] Train Loss: 0.0894, Loss_s: 0.0855, Loss_u: 0.0092, Loss_sk: 0.0102, Mask: 0.8762, Acc: 0.9710, Prec: 0.8744, Rec: 0.8300, F1: 0.8502                                                                              
[Epoch 6] Val Loss: 0.1009, Acc: 0.9689, Prec: 0.8945, Rec: 0.7850, F1: 0.8221
        EarlyStopping counter: 3 / 20
[Epoch 7] Train Loss: 0.0875, Loss_s: 0.0837, Loss_u: 0.0089, Loss_sk: 0.0099, Mask: 0.8806, Acc: 0.9716, Prec: 0.8805, Rec: 0.8340, F1: 0.8553                                                                              
[Epoch 7] Val Loss: 0.1009, Acc: 0.9687, Prec: 0.8535, Rec: 0.8353, F1: 0.8346
        Validation F1 improved → Saving model: ./checkpoints/best_model.pt
[Epoch 8] Train Loss: 0.0849, Loss_s: 0.0809, Loss_u: 0.0095, Loss_sk: 0.0104, Mask: 0.8767, Acc: 0.9724, Prec: 0.8771, Rec: 0.8332, F1: 0.8532                                                                              
[Epoch 8] Val Loss: 0.0892, Acc: 0.9719, Prec: 0.9172, Rec: 0.8171, F1: 0.8573
        Validation F1 improved → Saving model: ./checkpoints/best_model.pt
[Epoch 9] Train Loss: 0.0835, Loss_s: 0.0798, Loss_u: 0.0085, Loss_sk: 0.0096, Mask: 0.8826, Acc: 0.9727, Prec: 0.8833, Rec: 0.8364, F1: 0.8581                                                                              
[Epoch 9] Val Loss: 0.0997, Acc: 0.9685, Prec: 0.8902, Rec: 0.8202, F1: 0.8473
        EarlyStopping counter: 1 / 20
[Epoch 10] Train Loss: 0.0831, Loss_s: 0.0797, Loss_u: 0.0080, Loss_sk: 0.0094, Mask: 0.8843, Acc: 0.9726, Prec: 0.8806, Rec: 0.8385, F1: 0.8579                                                                             
[Epoch 10] Val Loss: 0.0956, Acc: 0.9704, Prec: 0.8988, Rec: 0.8115, F1: 0.8399
        EarlyStopping counter: 2 / 20
[Epoch 11] Train Loss: 0.0808, Loss_s: 0.0773, Loss_u: 0.0082, Loss_sk: 0.0093, Mask: 0.8865, Acc: 0.9736, Prec: 0.8882, Rec: 0.8425, F1: 0.8635                                                                             
[Epoch 11] Val Loss: 0.0985, Acc: 0.9690, Prec: 0.8944, Rec: 0.8271, F1: 0.8543
        EarlyStopping counter: 3 / 20
[Epoch 12] Train Loss: 0.0796, Loss_s: 0.0766, Loss_u: 0.0070, Loss_sk: 0.0082, Mask: 0.8926, Acc: 0.9734, Prec: 0.8832, Rec: 0.8428, F1: 0.8615                                                                             
[Epoch 12] Val Loss: 0.0906, Acc: 0.9700, Prec: 0.8951, Rec: 0.8028, F1: 0.8356
        EarlyStopping counter: 4 / 20
[Epoch 13] Train Loss: 0.0783, Loss_s: 0.0752, Loss_u: 0.0073, Loss_sk: 0.0082, Mask: 0.8892, Acc: 0.9737, Prec: 0.8886, Rec: 0.8464, F1: 0.8660                                                                             
[Epoch 13] Val Loss: 0.1045, Acc: 0.9680, Prec: 0.9066, Rec: 0.7938, F1: 0.8370
        EarlyStopping counter: 5 / 20
[Epoch 14] Train Loss: 0.0789, Loss_s: 0.0758, Loss_u: 0.0073, Loss_sk: 0.0084, Mask: 0.8917, Acc: 0.9734, Prec: 0.8888, Rec: 0.8455, F1: 0.8656                                                                             
[Epoch 14] Val Loss: 0.0971, Acc: 0.9690, Prec: 0.8947, Rec: 0.8075, F1: 0.8383
        EarlyStopping counter: 6 / 20
[Epoch 15] Train Loss: 0.0765, Loss_s: 0.0736, Loss_u: 0.0068, Loss_sk: 0.0078, Mask: 0.8981, Acc: 0.9745, Prec: 0.8876, Rec: 0.8493, F1: 0.8672                                                                             
[Epoch 15] Val Loss: 0.1057, Acc: 0.9680, Prec: 0.9150, Rec: 0.7834, F1: 0.8309
        EarlyStopping counter: 7 / 20
[Epoch 16] Train Loss: 0.0763, Loss_s: 0.0733, Loss_u: 0.0070, Loss_sk: 0.0077, Mask: 0.8999, Acc: 0.9746, Prec: 0.8934, Rec: 0.8529, F1: 0.8717                                                                             
[Epoch 16] Val Loss: 0.0956, Acc: 0.9692, Prec: 0.9018, Rec: 0.7960, F1: 0.8371
        EarlyStopping counter: 8 / 20
[Epoch 17] Train Loss: 0.0749, Loss_s: 0.0721, Loss_u: 0.0067, Loss_sk: 0.0075, Mask: 0.8989, Acc: 0.9751, Prec: 0.8955, Rec: 0.8542, F1: 0.8735                                                                             
[Epoch 17] Val Loss: 0.0986, Acc: 0.9669, Prec: 0.8963, Rec: 0.7995, F1: 0.8387
        EarlyStopping counter: 9 / 20
[Epoch 18] Train Loss: 0.0741, Loss_s: 0.0711, Loss_u: 0.0071, Loss_sk: 0.0081, Mask: 0.8958, Acc: 0.9753, Prec: 0.8977, Rec: 0.8577, F1: 0.8763                                                                             
[Epoch 18] Val Loss: 0.0933, Acc: 0.9695, Prec: 0.8912, Rec: 0.8249, F1: 0.8475
        EarlyStopping counter: 10 / 20
[Epoch 19] Train Loss: 0.0731, Loss_s: 0.0703, Loss_u: 0.0066, Loss_sk: 0.0073, Mask: 0.9000, Acc: 0.9754, Prec: 0.8981, Rec: 0.8613, F1: 0.8785                                                                             
[Epoch 19] Val Loss: 0.1140, Acc: 0.9645, Prec: 0.8862, Rec: 0.7753, F1: 0.8036
        EarlyStopping counter: 11 / 20
[Epoch 20] Train Loss: 0.0719, Loss_s: 0.0693, Loss_u: 0.0059, Loss_sk: 0.0071, Mask: 0.9024, Acc: 0.9757, Prec: 0.8979, Rec: 0.8602, F1: 0.8779                                                                             
[Epoch 20] Val Loss: 0.0816, Acc: 0.9734, Prec: 0.9107, Rec: 0.8406, F1: 0.8692
        Validation F1 improved → Saving model: ./checkpoints/best_model.pt
[Epoch 21] Train Loss: 0.0715, Loss_s: 0.0689, Loss_u: 0.0062, Loss_sk: 0.0070, Mask: 0.9042, Acc: 0.9754, Prec: 0.8917, Rec: 0.8591, F1: 0.8742                                                                             
[Epoch 21] Val Loss: 0.0975, Acc: 0.9670, Prec: 0.9063, Rec: 0.7816, F1: 0.8296
        EarlyStopping counter: 1 / 20
[Epoch 22] Train Loss: 0.0706, Loss_s: 0.0680, Loss_u: 0.0062, Loss_sk: 0.0071, Mask: 0.9065, Acc: 0.9759, Prec: 0.9006, Rec: 0.8612, F1: 0.8798                                                                             
[Epoch 22] Val Loss: 0.0791, Acc: 0.9746, Prec: 0.9244, Rec: 0.8299, F1: 0.8696
        Validation F1 improved → Saving model: ./checkpoints/best_model.pt
[Epoch 23] Train Loss: 0.0709, Loss_s: 0.0681, Loss_u: 0.0067, Loss_sk: 0.0075, Mask: 0.9010, Acc: 0.9762, Prec: 0.9046, Rec: 0.8658, F1: 0.8840                                                                             
[Epoch 23] Val Loss: 0.0869, Acc: 0.9724, Prec: 0.9058, Rec: 0.8335, F1: 0.8609
        EarlyStopping counter: 1 / 20
[Epoch 24] Train Loss: 0.0708, Loss_s: 0.0679, Loss_u: 0.0069, Loss_sk: 0.0078, Mask: 0.8968, Acc: 0.9762, Prec: 0.9012, Rec: 0.8641, F1: 0.8812                                                                             
[Epoch 24] Val Loss: 0.0887, Acc: 0.9707, Prec: 0.9101, Rec: 0.8123, F1: 0.8476
        EarlyStopping counter: 2 / 20
[Epoch 25] Train Loss: 0.0689, Loss_s: 0.0659, Loss_u: 0.0069, Loss_sk: 0.0077, Mask: 0.9029, Acc: 0.9768, Prec: 0.9049, Rec: 0.8714, F1: 0.8871                                                                             
[Epoch 25] Val Loss: 0.0961, Acc: 0.9696, Prec: 0.9058, Rec: 0.8068, F1: 0.8469
        EarlyStopping counter: 3 / 20
[Epoch 26] Train Loss: 0.0690, Loss_s: 0.0664, Loss_u: 0.0057, Loss_sk: 0.0071, Mask: 0.9006, Acc: 0.9764, Prec: 0.9087, Rec: 0.8695, F1: 0.8879                                                                             
[Epoch 26] Val Loss: 0.1010, Acc: 0.9687, Prec: 0.9091, Rec: 0.8174, F1: 0.8531
        EarlyStopping counter: 4 / 20
[Epoch 27] Train Loss: 0.0683, Loss_s: 0.0657, Loss_u: 0.0058, Loss_sk: 0.0071, Mask: 0.9033, Acc: 0.9765, Prec: 0.9011, Rec: 0.8659, F1: 0.8824                                                                             
[Epoch 27] Val Loss: 0.0808, Acc: 0.9726, Prec: 0.9030, Rec: 0.8299, F1: 0.8601
        EarlyStopping counter: 5 / 20
[Epoch 28] Train Loss: 0.0680, Loss_s: 0.0655, Loss_u: 0.0056, Loss_sk: 0.0068, Mask: 0.9053, Acc: 0.9769, Prec: 0.9032, Rec: 0.8680, F1: 0.8846                                                                             
[Epoch 28] Val Loss: 0.1094, Acc: 0.9667, Prec: 0.9012, Rec: 0.7931, F1: 0.8328
        EarlyStopping counter: 6 / 20
[Epoch 29] Train Loss: 0.0680, Loss_s: 0.0653, Loss_u: 0.0062, Loss_sk: 0.0073, Mask: 0.9035, Acc: 0.9767, Prec: 0.9080, Rec: 0.8681, F1: 0.8869                                                                             
[Epoch 29] Val Loss: 0.0958, Acc: 0.9689, Prec: 0.9077, Rec: 0.8054, F1: 0.8419
        EarlyStopping counter: 7 / 20
[Epoch 30] Train Loss: 0.0675, Loss_s: 0.0649, Loss_u: 0.0061, Loss_sk: 0.0071, Mask: 0.9038, Acc: 0.9769, Prec: 0.9062, Rec: 0.8716, F1: 0.8879                                                                             
[Epoch 30] Val Loss: 0.1010, Acc: 0.9680, Prec: 0.8947, Rec: 0.7972, F1: 0.8332
        EarlyStopping counter: 8 / 20
[Epoch 31] Train Loss: 0.0678, Loss_s: 0.0652, Loss_u: 0.0060, Loss_sk: 0.0071, Mask: 0.9052, Acc: 0.9765, Prec: 0.9038, Rec: 0.8683, F1: 0.8850                                                                             
[Epoch 31] Val Loss: 0.0899, Acc: 0.9709, Prec: 0.9160, Rec: 0.8199, F1: 0.8597
        EarlyStopping counter: 9 / 20
[Epoch 32] Train Loss: 0.0673, Loss_s: 0.0647, Loss_u: 0.0061, Loss_sk: 0.0070, Mask: 0.9066, Acc: 0.9772, Prec: 0.9130, Rec: 0.8745, F1: 0.8925                                                                             
[Epoch 32] Val Loss: 0.0931, Acc: 0.9705, Prec: 0.9177, Rec: 0.8145, F1: 0.8556
        EarlyStopping counter: 10 / 20
[Epoch 33] Train Loss: 0.0668, Loss_s: 0.0641, Loss_u: 0.0064, Loss_sk: 0.0073, Mask: 0.9092, Acc: 0.9769, Prec: 0.9109, Rec: 0.8735, F1: 0.8910                                                                             
[Epoch 33] Val Loss: 0.0932, Acc: 0.9702, Prec: 0.9053, Rec: 0.8255, F1: 0.8548
        EarlyStopping counter: 11 / 20
[Epoch 34] Train Loss: 0.0669, Loss_s: 0.0642, Loss_u: 0.0062, Loss_sk: 0.0074, Mask: 0.9074, Acc: 0.9770, Prec: 0.9055, Rec: 0.8693, F1: 0.8863                                                                             
[Epoch 34] Val Loss: 0.0841, Acc: 0.9724, Prec: 0.9289, Rec: 0.8274, F1: 0.8721
        Validation F1 improved → Saving model: ./checkpoints/best_model.pt
[Epoch 35] Train Loss: 0.0656, Loss_s: 0.0630, Loss_u: 0.0059, Loss_sk: 0.0071, Mask: 0.9090, Acc: 0.9777, Prec: 0.9080, Rec: 0.8795, F1: 0.8928                                                                             
[Epoch 35] Val Loss: 0.0908, Acc: 0.9719, Prec: 0.9191, Rec: 0.8200, F1: 0.8601
        EarlyStopping counter: 1 / 20
[Epoch 36] Train Loss: 0.0648, Loss_s: 0.0619, Loss_u: 0.0069, Loss_sk: 0.0075, Mask: 0.9088, Acc: 0.9776, Prec: 0.9059, Rec: 0.8794, F1: 0.8917                                                                             
[Epoch 36] Val Loss: 0.0935, Acc: 0.9714, Prec: 0.9115, Rec: 0.8079, F1: 0.8507
        EarlyStopping counter: 2 / 20
[Epoch 37] Train Loss: 0.0651, Loss_s: 0.0624, Loss_u: 0.0062, Loss_sk: 0.0072, Mask: 0.9101, Acc: 0.9779, Prec: 0.9176, Rec: 0.8792, F1: 0.8974                                                                             
[Epoch 37] Val Loss: 0.0924, Acc: 0.9715, Prec: 0.9085, Rec: 0.8176, F1: 0.8545
        EarlyStopping counter: 3 / 20
[Epoch 38] Train Loss: 0.0643, Loss_s: 0.0618, Loss_u: 0.0054, Loss_sk: 0.0069, Mask: 0.9058, Acc: 0.9776, Prec: 0.9087, Rec: 0.8778, F1: 0.8923                                                                             
[Epoch 38] Val Loss: 0.0914, Acc: 0.9704, Prec: 0.9202, Rec: 0.8200, F1: 0.8617
        EarlyStopping counter: 4 / 20
[Epoch 39] Train Loss: 0.0648, Loss_s: 0.0619, Loss_u: 0.0070, Loss_sk: 0.0075, Mask: 0.9040, Acc: 0.9777, Prec: 0.9088, Rec: 0.8788, F1: 0.8929                                                                             
[Epoch 39] Val Loss: 0.0872, Acc: 0.9727, Prec: 0.9127, Rec: 0.8338, F1: 0.8642
        EarlyStopping counter: 5 / 20
[Epoch 40] Train Loss: 0.0635, Loss_s: 0.0609, Loss_u: 0.0061, Loss_sk: 0.0070, Mask: 0.9073, Acc: 0.9782, Prec: 0.9144, Rec: 0.8765, F1: 0.8945                                                                             
[Epoch 40] Val Loss: 0.0811, Acc: 0.9735, Prec: 0.9043, Rec: 0.8465, F1: 0.8689
        EarlyStopping counter: 6 / 20
[Epoch 41] Train Loss: 0.0641, Loss_s: 0.0616, Loss_u: 0.0057, Loss_sk: 0.0069, Mask: 0.9110, Acc: 0.9779, Prec: 0.9149, Rec: 0.8797, F1: 0.8962                                                                             
[Epoch 41] Val Loss: 0.0806, Acc: 0.9741, Prec: 0.9136, Rec: 0.8438, F1: 0.8729
        Validation F1 improved → Saving model: ./checkpoints/best_model.pt
[Epoch 42] Train Loss: 0.0634, Loss_s: 0.0608, Loss_u: 0.0059, Loss_sk: 0.0069, Mask: 0.9096, Acc: 0.9780, Prec: 0.9131, Rec: 0.8788, F1: 0.8949                                                                             
[Epoch 42] Val Loss: 0.0951, Acc: 0.9702, Prec: 0.9119, Rec: 0.8222, F1: 0.8573
        EarlyStopping counter: 1 / 20
[Epoch 43] Train Loss: 0.0633, Loss_s: 0.0606, Loss_u: 0.0063, Loss_sk: 0.0070, Mask: 0.9113, Acc: 0.9788, Prec: 0.9096, Rec: 0.8801, F1: 0.8940                                                                             
[Epoch 43] Val Loss: 0.0909, Acc: 0.9705, Prec: 0.9002, Rec: 0.8182, F1: 0.8494
        EarlyStopping counter: 2 / 20
[Epoch 44] Train Loss: 0.0627, Loss_s: 0.0601, Loss_u: 0.0060, Loss_sk: 0.0070, Mask: 0.9139, Acc: 0.9785, Prec: 0.9175, Rec: 0.8823, F1: 0.8990                                                                             
[Epoch 44] Val Loss: 0.0814, Acc: 0.9737, Prec: 0.8991, Rec: 0.8466, F1: 0.8644
        EarlyStopping counter: 3 / 20
[Epoch 45] Train Loss: 0.0634, Loss_s: 0.0606, Loss_u: 0.0066, Loss_sk: 0.0074, Mask: 0.9088, Acc: 0.9780, Prec: 0.9163, Rec: 0.8823, F1: 0.8983                                                                             
[Epoch 45] Val Loss: 0.0832, Acc: 0.9730, Prec: 0.9183, Rec: 0.8352, F1: 0.8702
        EarlyStopping counter: 4 / 20
[Epoch 46] Train Loss: 0.0627, Loss_s: 0.0601, Loss_u: 0.0061, Loss_sk: 0.0071, Mask: 0.9106, Acc: 0.9784, Prec: 0.9188, Rec: 0.8780, F1: 0.8974                                                                             
[Epoch 46] Val Loss: 0.0953, Acc: 0.9711, Prec: 0.9209, Rec: 0.8295, F1: 0.8652
        EarlyStopping counter: 5 / 20
[Epoch 47] Train Loss: 0.0626, Loss_s: 0.0599, Loss_u: 0.0061, Loss_sk: 0.0071, Mask: 0.9116, Acc: 0.9787, Prec: 0.9153, Rec: 0.8839, F1: 0.8986                                                                             
[Epoch 47] Val Loss: 0.0878, Acc: 0.9727, Prec: 0.9102, Rec: 0.8390, F1: 0.8671
        EarlyStopping counter: 6 / 20
[Epoch 48] Train Loss: 0.0619, Loss_s: 0.0592, Loss_u: 0.0064, Loss_sk: 0.0073, Mask: 0.9124, Acc: 0.9789, Prec: 0.9221, Rec: 0.8845, F1: 0.9022                                                                             
[Epoch 48] Val Loss: 0.0814, Acc: 0.9736, Prec: 0.9091, Rec: 0.8464, F1: 0.8725
        EarlyStopping counter: 7 / 20
[Epoch 49] Train Loss: 0.0615, Loss_s: 0.0589, Loss_u: 0.0060, Loss_sk: 0.0070, Mask: 0.9113, Acc: 0.9787, Prec: 0.9176, Rec: 0.8859, F1: 0.9008                                                                             
[Epoch 49] Val Loss: 0.0870, Acc: 0.9725, Prec: 0.9068, Rec: 0.8332, F1: 0.8639
        EarlyStopping counter: 8 / 20
[Epoch 50] Train Loss: 0.0610, Loss_s: 0.0585, Loss_u: 0.0059, Loss_sk: 0.0069, Mask: 0.9127, Acc: 0.9785, Prec: 0.9208, Rec: 0.8829, F1: 0.9009                                                                             
[Epoch 50] Val Loss: 0.0864, Acc: 0.9723, Prec: 0.9098, Rec: 0.8287, F1: 0.8628
        EarlyStopping counter: 9 / 20
[Epoch 51] Train Loss: 0.0610, Loss_s: 0.0583, Loss_u: 0.0063, Loss_sk: 0.0072, Mask: 0.9123, Acc: 0.9792, Prec: 0.9192, Rec: 0.8853, F1: 0.9014                                                                             
[Epoch 51] Val Loss: 0.0844, Acc: 0.9728, Prec: 0.9063, Rec: 0.8411, F1: 0.8642
        EarlyStopping counter: 10 / 20
[Epoch 52] Train Loss: 0.0606, Loss_s: 0.0577, Loss_u: 0.0068, Loss_sk: 0.0077, Mask: 0.9104, Acc: 0.9789, Prec: 0.9163, Rec: 0.8827, F1: 0.8985                                                                             
[Epoch 52] Val Loss: 0.0871, Acc: 0.9717, Prec: 0.9067, Rec: 0.8234, F1: 0.8546
        EarlyStopping counter: 11 / 20
[Epoch 53] Train Loss: 0.0607, Loss_s: 0.0581, Loss_u: 0.0060, Loss_sk: 0.0072, Mask: 0.9112, Acc: 0.9787, Prec: 0.9198, Rec: 0.8870, F1: 0.9025                                                                             
[Epoch 53] Val Loss: 0.0761, Acc: 0.9754, Prec: 0.9150, Rec: 0.8483, F1: 0.8743
        Validation F1 improved → Saving model: ./checkpoints/best_model.pt
[Epoch 54] Train Loss: 0.0603, Loss_s: 0.0576, Loss_u: 0.0063, Loss_sk: 0.0073, Mask: 0.9098, Acc: 0.9793, Prec: 0.9170, Rec: 0.8869, F1: 0.9010                                                                             
[Epoch 54] Val Loss: 0.0847, Acc: 0.9725, Prec: 0.9079, Rec: 0.8328, F1: 0.8638
        EarlyStopping counter: 1 / 20
[Epoch 55] Train Loss: 0.0606, Loss_s: 0.0579, Loss_u: 0.0061, Loss_sk: 0.0072, Mask: 0.9128, Acc: 0.9790, Prec: 0.9192, Rec: 0.8869, F1: 0.9023                                                                             
[Epoch 55] Val Loss: 0.0838, Acc: 0.9732, Prec: 0.9116, Rec: 0.8429, F1: 0.8706
        EarlyStopping counter: 2 / 20
[Epoch 56] Train Loss: 0.0604, Loss_s: 0.0574, Loss_u: 0.0069, Loss_sk: 0.0078, Mask: 0.9114, Acc: 0.9796, Prec: 0.9228, Rec: 0.8861, F1: 0.9037                                                                             
[Epoch 56] Val Loss: 0.0904, Acc: 0.9724, Prec: 0.9263, Rec: 0.8267, F1: 0.8671
        EarlyStopping counter: 3 / 20
[Epoch 57] Train Loss: 0.0598, Loss_s: 0.0571, Loss_u: 0.0061, Loss_sk: 0.0075, Mask: 0.9107, Acc: 0.9791, Prec: 0.9234, Rec: 0.8881, F1: 0.9049                                                                             
[Epoch 57] Val Loss: 0.0882, Acc: 0.9721, Prec: 0.9155, Rec: 0.8404, F1: 0.8707
        EarlyStopping counter: 4 / 20
[Epoch 58] Train Loss: 0.0599, Loss_s: 0.0572, Loss_u: 0.0063, Loss_sk: 0.0074, Mask: 0.9118, Acc: 0.9796, Prec: 0.9198, Rec: 0.8830, F1: 0.9005                                                                             
[Epoch 58] Val Loss: 0.0814, Acc: 0.9755, Prec: 0.9147, Rec: 0.8589, F1: 0.8827
        Validation F1 improved → Saving model: ./checkpoints/best_model.pt
[Epoch 59] Train Loss: 0.0598, Loss_s: 0.0571, Loss_u: 0.0060, Loss_sk: 0.0072, Mask: 0.9123, Acc: 0.9792, Prec: 0.9173, Rec: 0.8876, F1: 0.9017                                                                             
[Epoch 59] Val Loss: 0.0873, Acc: 0.9724, Prec: 0.9158, Rec: 0.8251, F1: 0.8626
        EarlyStopping counter: 1 / 20
[Epoch 60] Train Loss: 0.0592, Loss_s: 0.0565, Loss_u: 0.0064, Loss_sk: 0.0072, Mask: 0.9135, Acc: 0.9794, Prec: 0.9267, Rec: 0.8892, F1: 0.9070                                                                             
[Epoch 60] Val Loss: 0.0912, Acc: 0.9714, Prec: 0.9134, Rec: 0.8154, F1: 0.8540
        EarlyStopping counter: 2 / 20
[Epoch 61] Train Loss: 0.0581, Loss_s: 0.0555, Loss_u: 0.0060, Loss_sk: 0.0072, Mask: 0.9107, Acc: 0.9797, Prec: 0.9166, Rec: 0.8880, F1: 0.9016                                                                             
[Epoch 61] Val Loss: 0.0819, Acc: 0.9742, Prec: 0.9191, Rec: 0.8528, F1: 0.8806
        EarlyStopping counter: 3 / 20
[Epoch 62] Train Loss: 0.0580, Loss_s: 0.0550, Loss_u: 0.0070, Loss_sk: 0.0075, Mask: 0.9101, Acc: 0.9800, Prec: 0.9249, Rec: 0.8979, F1: 0.9108                                                                             
[Epoch 62] Val Loss: 0.0871, Acc: 0.9731, Prec: 0.9229, Rec: 0.8283, F1: 0.8664
        EarlyStopping counter: 4 / 20
[Epoch 63] Train Loss: 0.0586, Loss_s: 0.0558, Loss_u: 0.0067, Loss_sk: 0.0077, Mask: 0.9100, Acc: 0.9800, Prec: 0.9236, Rec: 0.8936, F1: 0.9078                                                                             
[Epoch 63] Val Loss: 0.0880, Acc: 0.9737, Prec: 0.9259, Rec: 0.8299, F1: 0.8711
        EarlyStopping counter: 5 / 20
[Epoch 64] Train Loss: 0.0580, Loss_s: 0.0551, Loss_u: 0.0065, Loss_sk: 0.0078, Mask: 0.9134, Acc: 0.9799, Prec: 0.9239, Rec: 0.8918, F1: 0.9071                                                                             
[Epoch 64] Val Loss: 0.0931, Acc: 0.9719, Prec: 0.9143, Rec: 0.8209, F1: 0.8606
        EarlyStopping counter: 6 / 20
[Epoch 65] Train Loss: 0.0570, Loss_s: 0.0543, Loss_u: 0.0062, Loss_sk: 0.0077, Mask: 0.9146, Acc: 0.9803, Prec: 0.9276, Rec: 0.8961, F1: 0.9111                                                                             
[Epoch 65] Val Loss: 0.0911, Acc: 0.9717, Prec: 0.9195, Rec: 0.8341, F1: 0.8688
        EarlyStopping counter: 7 / 20
[Epoch 66] Train Loss: 0.0581, Loss_s: 0.0553, Loss_u: 0.0065, Loss_sk: 0.0076, Mask: 0.9108, Acc: 0.9801, Prec: 0.9228, Rec: 0.8953, F1: 0.9085                                                                             
[Epoch 66] Val Loss: 0.0839, Acc: 0.9739, Prec: 0.9150, Rec: 0.8480, F1: 0.8748
        EarlyStopping counter: 8 / 20
[Epoch 67] Train Loss: 0.0573, Loss_s: 0.0545, Loss_u: 0.0063, Loss_sk: 0.0075, Mask: 0.9116, Acc: 0.9800, Prec: 0.9274, Rec: 0.8957, F1: 0.9108                                                                             
[Epoch 67] Val Loss: 0.0828, Acc: 0.9743, Prec: 0.9166, Rec: 0.8547, F1: 0.8798
        EarlyStopping counter: 9 / 20
[Epoch 68] Train Loss: 0.0575, Loss_s: 0.0547, Loss_u: 0.0065, Loss_sk: 0.0075, Mask: 0.9124, Acc: 0.9800, Prec: 0.9233, Rec: 0.8976, F1: 0.9098                                                                             
[Epoch 68] Val Loss: 0.0857, Acc: 0.9737, Prec: 0.9115, Rec: 0.8492, F1: 0.8749
        EarlyStopping counter: 10 / 20
[Epoch 69] Train Loss: 0.0573, Loss_s: 0.0544, Loss_u: 0.0066, Loss_sk: 0.0076, Mask: 0.9117, Acc: 0.9802, Prec: 0.9241, Rec: 0.8954, F1: 0.9091                                                                             
[Epoch 69] Val Loss: 0.0950, Acc: 0.9703, Prec: 0.9054, Rec: 0.8261, F1: 0.8567
        EarlyStopping counter: 11 / 20
[Epoch 70] Train Loss: 0.0562, Loss_s: 0.0533, Loss_u: 0.0067, Loss_sk: 0.0077, Mask: 0.9128, Acc: 0.9802, Prec: 0.9233, Rec: 0.8949, F1: 0.9084                                                                             
[Epoch 70] Val Loss: 0.0933, Acc: 0.9723, Prec: 0.9124, Rec: 0.8381, F1: 0.8676
        EarlyStopping counter: 12 / 20
[Epoch 71] Train Loss: 0.0558, Loss_s: 0.0531, Loss_u: 0.0060, Loss_sk: 0.0073, Mask: 0.9115, Acc: 0.9806, Prec: 0.9284, Rec: 0.9000, F1: 0.9136                                                                             
[Epoch 71] Val Loss: 0.0875, Acc: 0.9725, Prec: 0.9128, Rec: 0.8331, F1: 0.8648
        EarlyStopping counter: 13 / 20
[Epoch 72] Train Loss: 0.0553, Loss_s: 0.0528, Loss_u: 0.0055, Loss_sk: 0.0072, Mask: 0.9121, Acc: 0.9804, Prec: 0.9216, Rec: 0.8979, F1: 0.9090                                                                             
[Epoch 72] Val Loss: 0.0858, Acc: 0.9742, Prec: 0.9109, Rec: 0.8456, F1: 0.8719
        EarlyStopping counter: 14 / 20
[Epoch 73] Train Loss: 0.0563, Loss_s: 0.0537, Loss_u: 0.0058, Loss_sk: 0.0074, Mask: 0.9119, Acc: 0.9800, Prec: 0.9242, Rec: 0.8973, F1: 0.9100                                                                             
[Epoch 73] Val Loss: 0.0933, Acc: 0.9724, Prec: 0.9094, Rec: 0.8369, F1: 0.8667
        EarlyStopping counter: 15 / 20
[Epoch 74] Train Loss: 0.0563, Loss_s: 0.0536, Loss_u: 0.0061, Loss_sk: 0.0073, Mask: 0.9118, Acc: 0.9804, Prec: 0.9272, Rec: 0.8985, F1: 0.9122                                                                             
[Epoch 74] Val Loss: 0.0873, Acc: 0.9737, Prec: 0.9064, Rec: 0.8434, F1: 0.8673
        EarlyStopping counter: 16 / 20
[Epoch 75] Train Loss: 0.0549, Loss_s: 0.0521, Loss_u: 0.0065, Loss_sk: 0.0075, Mask: 0.9147, Acc: 0.9808, Prec: 0.9283, Rec: 0.8988, F1: 0.9129                                                                             
[Epoch 75] Val Loss: 0.0869, Acc: 0.9737, Prec: 0.9058, Rec: 0.8416, F1: 0.8688
        EarlyStopping counter: 17 / 20
[Epoch 76] Train Loss: 0.0548, Loss_s: 0.0520, Loss_u: 0.0063, Loss_sk: 0.0074, Mask: 0.9139, Acc: 0.9807, Prec: 0.9279, Rec: 0.9008, F1: 0.9136                                                                             
[Epoch 76] Val Loss: 0.0909, Acc: 0.9730, Prec: 0.9104, Rec: 0.8352, F1: 0.8654
        EarlyStopping counter: 18 / 20
[Epoch 77] Train Loss: 0.0540, Loss_s: 0.0512, Loss_u: 0.0066, Loss_sk: 0.0075, Mask: 0.9160, Acc: 0.9809, Prec: 0.9299, Rec: 0.9031, F1: 0.9159                                                                             
[Epoch 77] Val Loss: 0.0912, Acc: 0.9720, Prec: 0.9114, Rec: 0.8298, F1: 0.8626
        EarlyStopping counter: 19 / 20
[Epoch 78] Train Loss: 0.0544, Loss_s: 0.0515, Loss_u: 0.0067, Loss_sk: 0.0077, Mask: 0.9136, Acc: 0.9809, Prec: 0.9255, Rec: 0.8968, F1: 0.9105                                                                             
[Epoch 78] Val Loss: 0.0923, Acc: 0.9722, Prec: 0.9172, Rec: 0.8244, F1: 0.8640
        EarlyStopping counter: 20 / 20
Early stopping triggered...
Total training time: 127 min 11.06 sec
Loaded best model.
[Best Model Train] Loss: 0.0742, Acc: 0.9760, Prec: 0.9335, Rec: 0.8608, F1: 0.8925                                                                                                                                          
[Best Model Train] Classification Report:
              precision    recall  f1-score   support

           0     0.9685    0.8699    0.9166      3220
           1     0.8924    0.9567    0.9234       416
           2     0.9365    0.7196    0.8138      3891
           3     0.9760    0.9818    0.9789      7260
           4     0.8752    0.7264    0.7939      2694
           5     0.9403    0.9214    0.9307       649
           6     0.8692    0.6465    0.7415       894
           7     0.9626    0.9279    0.9450       111
           8     0.9805    0.9970    0.9886    110573

    accuracy                         0.9760    129708
   macro avg     0.9335    0.8608    0.8925    129708
weighted avg     0.9751    0.9760    0.9748    129708

[Best Model Train] Confusion Matrix:
[[  2801     14      1      0      6      2      0      1    395]
 [     2    398      0      0     13      1      0      0      2]
 [    11      3   2800    113    114     13      3      1    833]
 [     1      0     20   7128      0      2      1      0    108]
 [    46     24     59      0   1957      6     30      0    572]
 [     7      3      6      0     11    598      1      2     21]
 [     0      0      7      0     43      0    578      0    266]
 [     0      0      0      0      0      8      0    103      0]
 [    24      4     97     62     92      6     52      0 110236]]

[Best Model Validation] Loss: 0.0814, Acc: 0.9755, Prec: 0.9147, Rec: 0.8589, F1: 0.8827                                                                                                                                     
[Best Model Validation] Classification Report:
              precision    recall  f1-score   support

           0     0.9696    0.8432    0.9020       644
           1     0.8387    0.9398    0.8864        83
           2     0.9331    0.7352    0.8224       778
           3     0.9787    0.9814    0.9801      1452
           4     0.8629    0.7138    0.7813       538
           5     0.9573    0.8682    0.9106       129
           6     0.7945    0.6517    0.7160       178
           7     0.9167    1.0000    0.9565        22
           8     0.9807    0.9971    0.9888     22114

    accuracy                         0.9755     25938
   macro avg     0.9147    0.8589    0.8827     25938
weighted avg     0.9745    0.9755    0.9743     25938

[Best Model Validation] Confusion Matrix:
[[  543     5     0     0     5     0     0     1    90]
 [    1    78     0     0     4     0     0     0     0]
 [    2     1   572    20    24     2     3     0   154]
 [    0     0     4  1425     0     0     0     0    23]
 [    6     6    13     0   384     2    13     0   114]
 [    4     1     3     0     4   112     1     1     3]
 [    0     0     2     0    10     0   116     0    50]
 [    0     0     0     0     0     0     0    22     0]
 [    4     2    19    11    14     1    13     0 22050]]

[Test] Loss: 0.0835, Acc: 0.9751, Prec: 0.9201, Rec: 0.8473, F1: 0.8794                                                                                                                                                      
[Test] Classification Report:
              precision    recall  f1-score   support

           0     0.9634    0.8581    0.9077       430
           1     0.8197    0.8929    0.8547        56
           2     0.9293    0.7327    0.8194       520
           3     0.9784    0.9804    0.9794       968
           4     0.8684    0.7313    0.7940       361
           5     0.9524    0.9091    0.9302        88
           6     0.7889    0.5868    0.6730       121
           7     1.0000    0.9375    0.9677        16
           8     0.9804    0.9966    0.9885     14744

    accuracy                         0.9751     17304
   macro avg     0.9201    0.8473    0.8794     17304
weighted avg     0.9741    0.9751    0.9739     17304

[Test] Confusion Matrix:
[[  369     1     0     0     1     0     0     0    59]
 [    0    50     0     0     4     0     1     0     1]
 [    1     2   381    15    22     1     1     0    97]
 [    1     0     1   949     0     0     0     0    17]
 [    5     6    10     0   264     1     6     0    69]
 [    1     0     2     0     1    80     0     0     4]
 [    0     0     0     0     4     0    71     0    46]
 [    0     0     0     0     0     1     0    15     0]
 [    6     2    16     6     8     1    11     0 14694]]